Model: Diversity_model_3
 - number of variables: 1078
   - binary=156, integer=1, continuous=921
 - number of constraints: 1315
   - linear=1315
 - parameters: defaults
CPXPARAM_Read_DataCheck                          1
CPXPARAM_RandomSeed                              201804051
CPXPARAM_MIP_Strategy_LBHeur                     1
CPXPARAM_TimeLimit                               86400
CPXPARAM_MIP_Tolerances_MIPGap                   0.02
Tried aggregator 2 times.
MIP Presolve eliminated 164 rows and 164 columns.
MIP Presolve modified 156 coefficients.
Aggregator did 156 substitutions.
Reduced MIP has 995 rows, 758 columns, and 2973 nonzeros.
Reduced MIP has 156 binaries, 0 generals, 156 SOSs, and 0 indicators.
Presolve time = 0.01 sec. (3.68 ticks)
Probing changed sense of 26 constraints.
Probing time = 0.00 sec. (1.13 ticks)
Tried aggregator 2 times.
MIP Presolve eliminated 26 rows and 0 columns.
Aggregator did 52 substitutions.
Reduced MIP has 917 rows, 706 columns, and 2791 nonzeros.
Reduced MIP has 130 binaries, 0 generals, 156 SOSs, and 0 indicators.
Presolve time = 0.01 sec. (3.05 ticks)
Probing time = 0.00 sec. (0.84 ticks)
Clique table members: 52.
MIP emphasis: balance optimality and feasibility.
MIP search method: dynamic search.
Parallel mode: deterministic, using up to 32 threads.
Root relaxation solution time = 0.03 sec. (5.03 ticks)

        Nodes                                         Cuts/
   Node  Left     Objective  IInf  Best Integer    Best Bound    ItCnt     Gap

      0     0        1.0000    92                      1.0000      269         
*     0+    0                            1.5391        1.0000            35.03%
      0     0        1.0000   114        1.5391      Cuts: 86      472   35.03%
      0     0        1.0000   108        1.5391     Cuts: 106      672   35.03%
      0     0        1.0000   111        1.5391     Cuts: 173      777   35.03%
*     0+    0                            1.1386        1.0000            12.18%
      0     2        1.0000    75        1.1386        1.0000      777   12.18%
Elapsed time = 114.60 sec. (140.23 ticks, tree = 0.02 MB, solutions = 2)
*  2150+  837                            1.1301        1.0103            10.60%
*  3398  1366      integral     0        1.1245        1.0164    19734    9.61%
*  5463+ 1577                            1.1206        1.0320             7.90%
*  6643  2372      integral     0        1.1203        1.0338    29838    7.72%
*  8890+ 1768                            1.1199        1.0347             7.60%
*  8890+ 2004                            1.1197        1.0347             7.59%
*  8890+ 3163                            1.1049        1.0347             6.35%
*  8907+ 3880                            1.1049        1.0347             6.35%
   8911  2236        1.1147    14        1.1049        1.0347    28623    6.35%
*  8918+ 1652                            1.0895        1.0448             4.11%
   8950    46        1.0752    37        1.0895        1.0546    55245    3.20%

Flow cuts applied:  16
Mixed integer rounding cuts applied:  13
Gomory fractional cuts applied:  8

Root node processing (before b&c):
  Real time             =  101.93 sec. (139.97 ticks)
Parallel b&c, 32 threads:
  Real time             =  857.45 sec. (503.28 ticks)
  Sync time (average)   =  567.31 sec.
  Wait time (average)   =    0.01 sec.
                          ------------
Total (root+branch&cut) =  959.38 sec. (643.25 ticks)
Solution found
