Model: Diversity_model_3
 - number of variables: 1023
   - binary=192, integer=1, continuous=830
 - number of constraints: 1835
   - linear=1835
 - parameters: defaults
CPXPARAM_Read_DataCheck                          1
CPXPARAM_RandomSeed                              201804051
CPXPARAM_MIP_Strategy_LBHeur                     1
CPXPARAM_TimeLimit                               86400
CPXPARAM_MIP_Tolerances_MIPGap                   0.02
Tried aggregator 3 times.
MIP Presolve eliminated 152 rows and 103 columns.
MIP Presolve modified 768 coefficients.
Aggregator did 145 substitutions.
Reduced MIP has 1538 rows, 775 columns, and 3845 nonzeros.
Reduced MIP has 144 binaries, 0 generals, 96 SOSs, and 0 indicators.
Presolve time = 0.01 sec. (7.46 ticks)
Probing fixed 0 vars, tightened 146 bounds.
Probing time = 0.02 sec. (6.43 ticks)
Tried aggregator 2 times.
MIP Presolve modified 288 coefficients.
Aggregator did 48 substitutions.
Reduced MIP has 1490 rows, 727 columns, and 3749 nonzeros.
Reduced MIP has 144 binaries, 0 generals, 96 SOSs, and 0 indicators.
Presolve time = 0.01 sec. (4.33 ticks)
Probing time = 0.01 sec. (3.14 ticks)
Clique table members: 144.
MIP emphasis: balance optimality and feasibility.
MIP search method: dynamic search.
Parallel mode: deterministic, using up to 32 threads.
Root relaxation solution time = 0.02 sec. (12.44 ticks)

        Nodes                                         Cuts/
   Node  Left     Objective  IInf  Best Integer    Best Bound    ItCnt     Gap

      0     0        0.5266   139                      0.5266      489         
*     0+    0                            1.4866        0.5266            64.58%
      0     0        0.8902   100        1.4866     Cuts: 395      874   40.12%
      0     0        0.9502    98        1.4866     Cuts: 472      930   36.08%
*     0+    0                            1.2926        0.9502            26.49%
*     0+    0                            1.2592        0.9502            24.54%
      0     0        0.9616    99        1.2592       Cuts: 8      936   23.64%
      0     0        0.9728   100        1.2592       Cuts: 6      951   22.75%
      0     0        0.9730   100        1.2592       Cuts: 2      956   22.73%
      0     0        0.9734   101        1.2592       Cuts: 7      964   22.70%
      0     0        0.9737   102        1.2592       Cuts: 4      969   22.67%
*     0+    0                            1.1793        0.9737            17.43%

Implied bound cuts applied:  101
Flow cuts applied:  125
Mixed integer rounding cuts applied:  101
Gomory fractional cuts applied:  6

Root node processing (before b&c):
  Real time             =   34.27 sec. (228.51 ticks)
Parallel b&c, 32 threads:
  Real time             =    0.00 sec. (0.00 ticks)
  Sync time (average)   =    0.00 sec.
  Wait time (average)   =    0.00 sec.
                          ------------
Total (root+branch&cut) =   34.27 sec. (228.51 ticks)
Solution found
