Model: Diversity_model_3
 - number of variables: 6698
   - binary=6283, integer=2, continuous=413
 - number of constraints: 12854
   - linear=12854
 - parameters: defaults
CPXPARAM_Read_DataCheck                          1
CPXPARAM_RandomSeed                              201804051
CPXPARAM_MIP_Strategy_LBHeur                     1
CPXPARAM_TimeLimit                               86400
CPXPARAM_MIP_Tolerances_MIPGap                   0.02
Tried aggregator 3 times.
MIP Presolve eliminated 7856 rows and 1700 columns.
MIP Presolve modified 575 coefficients.
Aggregator did 4998 substitutions.
All rows and columns eliminated.
Presolve time = 0.16 sec. (51.57 ticks)

Root node processing (before b&c):
  Real time             =    0.17 sec. (52.55 ticks)
Parallel b&c, 32 threads:
  Real time             =    0.00 sec. (0.00 ticks)
  Sync time (average)   =    0.00 sec.
  Wait time (average)   =    0.00 sec.
                          ------------
Total (root+branch&cut) =    0.17 sec. (52.55 ticks)
Solution found
