Filter at 1std, 1count, 1%frequency
STD	Number of positions discarded due to coverage deviation: 713
COUNT	Number of nucleotides discarded due to low count: 833
COUNT	Number of columns discarded due to low leading to empty column: 0
FREQ	Number of nucleotides discarded due to low frequency: 138
FREQ	Number of columns discarded due to low frequency leading to empty column: 0
OUT	Number of variable positions: 44
OUT	Number of invariant positions: 4055
OUT	5 kept strains equivalence classes
Filter at 1std, 1 count, 0.5%frequency
STD	Number of positions discarded due to coverage deviation: 713
COUNT	Number of nucleotides discarded due to low count: 833
COUNT	Number of columns discarded due to low leading to empty column: 0
FREQ	Number of nucleotides discarded due to low frequency: 57
FREQ	Number of columns discarded due to low frequency leading to empty column: 0
OUT	Number of variable positions: 123
OUT	Number of invariant positions: 3976
OUT	5 kept strains equivalence classes
Filter at 2std, 1count, 1%frequency
STD	Number of positions discarded due to coverage deviation: 177
COUNT	Number of nucleotides discarded due to low count: 928
COUNT	Number of columns discarded due to low leading to empty column: 0
FREQ	Number of nucleotides discarded due to low frequency: 145
FREQ	Number of columns discarded due to low frequency leading to empty column: 0
OUT	Number of variable positions: 48
OUT	Number of invariant positions: 4587
OUT	5 kept strains equivalence classes
Filter at 2std, 1 count, 0.5%frequency
STD	Number of positions discarded due to coverage deviation: 177
COUNT	Number of nucleotides discarded due to low count: 928
COUNT	Number of columns discarded due to low leading to empty column: 0
FREQ	Number of nucleotides discarded due to low frequency: 57
FREQ	Number of columns discarded due to low frequency leading to empty column: 0
OUT	Number of variable positions: 134
OUT	Number of invariant positions: 4501
OUT	5 kept strains equivalence classes
