Model: Diversity_model_3
 - number of variables: 6706
   - binary=4426, integer=2, continuous=2278
 - number of constraints: 15977
   - linear=15977
 - parameters: defaults
CPXPARAM_Read_DataCheck                          1
CPXPARAM_RandomSeed                              201804051
CPXPARAM_MIP_Strategy_LBHeur                     1
CPXPARAM_TimeLimit                               86400
CPXPARAM_MIP_Tolerances_MIPGap                   0.02
Tried aggregator 2 times.
MIP Presolve eliminated 455 rows and 452 columns.
MIP Presolve modified 296 coefficients.
Aggregator did 2510 substitutions.
Reduced MIP has 13012 rows, 3744 columns, and 34855 nonzeros.
Reduced MIP has 2361 binaries, 0 generals, 444 SOSs, and 0 indicators.
Presolve time = 0.08 sec. (62.50 ticks)
Probing changed sense of 37 constraints.
Probing time = 0.05 sec. (22.06 ticks)
Tried aggregator 2 times.
MIP Presolve eliminated 1524 rows and 161 columns.
Aggregator did 74 substitutions.
Reduced MIP has 11414 rows, 3509 columns, and 30457 nonzeros.
Reduced MIP has 2163 binaries, 0 generals, 444 SOSs, and 0 indicators.
Presolve time = 0.09 sec. (68.39 ticks)
Probing time = 0.07 sec. (19.04 ticks)
Clique table members: 18788.
MIP emphasis: balance optimality and feasibility.
MIP search method: dynamic search.
Parallel mode: deterministic, using up to 32 threads.
Root relaxation solution time = 11.75 sec. (250.70 ticks)

        Nodes                                         Cuts/
   Node  Left     Objective  IInf  Best Integer    Best Bound    ItCnt     Gap

      0     0        0.4661  1120                      0.4661     3387         
      0     0        0.4697   654                  Cuts: 2047     4619         
*     0+    0                            3.1090        0.4697            84.89%
      0     0        0.4713  1006        3.1090    Cuts: 1611     5948   84.84%
*     0+    0                            2.7316        0.4713            82.75%
*     0+    0                            2.1508        0.4713            78.09%
      0     0        0.4745  1018        2.1508    Cuts: 1080     7324   77.94%
*     0+    0                            1.7169        0.4745            72.36%
      0     0        0.4770  1143        1.7169    Cuts: 1015     8218   72.21%
*     0+    0                            1.5252        0.4770            68.72%
      0     0        0.4790  1121        1.5252     Cuts: 980     8953   68.60%

Repeating presolve.
Tried aggregator 2 times.
MIP Presolve eliminated 6725 rows and 1528 columns.
MIP Presolve modified 444 coefficients.
Aggregator did 37 substitutions.
Reduced MIP has 4652 rows, 1944 columns, and 13426 nonzeros.
Reduced MIP has 635 binaries, 0 generals, 444 SOSs, and 0 indicators.
Presolve time = 0.03 sec. (25.76 ticks)
Probing time = 0.04 sec. (4.27 ticks)
Tried aggregator 1 time.
MIP Presolve eliminated 306 rows and 58 columns.
MIP Presolve modified 221 coefficients.
Reduced MIP has 4346 rows, 1886 columns, and 12624 nonzeros.
Reduced MIP has 577 binaries, 0 generals, 444 SOSs, and 0 indicators.
Presolve time = 0.04 sec. (12.51 ticks)
Probing time = 0.03 sec. (3.33 ticks)
Tried aggregator 1 time.
MIP Presolve eliminated 15 rows and 3 columns.
Reduced MIP has 4331 rows, 1883 columns, and 12585 nonzeros.
Reduced MIP has 574 binaries, 0 generals, 444 SOSs, and 0 indicators.
Presolve time = 0.06 sec. (14.28 ticks)
Represolve time = 0.31 sec. (131.44 ticks)
Probing time = 0.09 sec. (3.00 ticks)
Clique table members: 5905.
MIP emphasis: balance optimality and feasibility.
MIP search method: dynamic search.
Parallel mode: deterministic, using up to 32 threads.
Root relaxation solution time = 0.99 sec. (118.42 ticks)

        Nodes                                         Cuts/
   Node  Left     Objective  IInf  Best Integer    Best Bound    ItCnt     Gap

*     0+    0                            1.5252        0.4790            68.60%
      0     0        0.4809   436        1.5252        0.4809    11518   68.47%
*     0+    0                            1.5140        0.4809            68.24%
      0     0        0.4945   420        1.5140    Cuts: 1029    12518   67.34%
      0     0        0.4966   437        1.5140     Cuts: 261    13056   67.20%
      0     0        0.4968   422        1.5140     Cuts: 126    13695   67.18%
      0     0        0.4971   434        1.5140     Cuts: 241    14333   67.17%
      0     0        0.4973   435        1.5140      Cuts: 97    14705   67.15%
      0     0        0.4973   433        1.5140     Cuts: 114    14827   67.15%
      0     0        0.4973   275        1.5140      Cuts: 19    14974   67.15%
      0     0        0.4973   355        1.5140     Cuts: 236    15418   67.15%
      0     2        0.4973   318        1.5140        0.4973    15418   67.15%
Elapsed time = 69.25 sec. (5360.01 ticks, tree = 0.02 MB, solutions = 6)
*     1+    1                            1.4989        0.4973            66.82%
      8    10        0.4974   309        1.4989        0.4973    17217   66.82%
*   259+   20                            1.4964        0.4973            66.77%
*   353+    5                            1.4890        0.4973            66.60%
    375   116        1.2979   243        1.4890        0.4973    42963   66.60%
*  1389   923      integral     0        1.4626        0.4973   117763   66.00%
   1947  1188        1.2646   270        1.4626        0.4973   139369   66.00%
*  1948  1129      integral     0        1.4492        0.4973   135929   65.68%
*  3410+ 2138                            1.4375        0.4973            65.40%
*  3898  2580      integral     0        1.4225        0.4973   227489   65.04%
*  4269  2428      integral     0        1.3785        0.4973   219847   63.92%
*  5156+ 2399                            1.3716        0.4973            63.74%
*  5713+ 3338                            1.3673        0.4977            63.60%
   5751  3340        1.2435   304        1.3673        0.4977   291741   63.60%
*  5764+ 2380                            1.3127        0.4977            62.09%
*  5764+ 2264                            1.3096        0.4977            62.00%
*  5764+ 2260                            1.1948        0.4977            58.35%
   5764  2259        1.1948     0        1.1948        0.4977   205210   58.35%
   5766  2749        1.2502     0        1.1948        0.4977   243670   58.35%
   5767  2379        1.2819     0        1.1948        0.4977   213183   58.35%
   5768  1778        1.2154     0        1.1948        0.4977   179668   58.35%
*  5769+ 1153                            1.1857        0.4977            58.03%
*  5769+  768                            1.1811        0.7112            39.78%
   5769   769        0.4986   272        1.1811        0.7112   326560   39.78%
Elapsed time = 128.05 sec. (14234.67 ticks, tree = 1.47 MB, solutions = 57)
   5782   599        0.7603   347        1.1811        0.7112   329328   39.78%
*  5867+    1                            1.1781        0.7112            39.63%
   6757   111        1.1556   453        1.1781        0.7112   445526   39.63%
   7923   548        1.0422   332        1.1781        0.7145   518753   39.35%
  12842  3207        1.0902   274        1.1781        0.8716   677727   26.02%
* 16168+ 6281                            1.1776        0.8716            25.98%
  20904  9211        1.0840   146        1.1776        0.9566   980372   18.77%
* 22086+ 9960                            1.1423        0.9792            14.28%
* 22510 10677      integral     0        1.1191        0.9796  1039045   12.47%
* 26895+ 5587                            1.1183        0.9857            11.86%
  32636  8382        1.0782   206        1.1183        0.9984  1370604   10.72%
* 32781+ 8572                            1.1145        0.9984            10.42%
* 35141+ 9759                            1.1127        1.0062             9.57%
* 35788+ 9790                            1.1124        1.0064             9.53%
* 36175+ 9901                            1.1108        1.0064             9.40%
* 38842+11030                            1.1107        1.0096             9.11%
  44570 14202        1.0383   289        1.1107        1.0265  1777667    7.58%
* 53526 17431      integral     0        1.1106        1.0425  2035969    6.13%
  56136 18914        1.1053   173        1.1106        1.0453  2132990    5.88%
* 57126 19862      integral     0        1.1021        1.0464  2190504    5.06%
* 62125+16336                            1.1008        1.0501             4.61%
* 66759+18798                            1.1006        1.0501             4.59%
  69711 19686        1.0599   239        1.1006        1.0501  2524644    4.59%
Elapsed time = 185.54 sec. (22904.84 ticks, tree = 33.09 MB, solutions = 72)
  81266 24990        1.0952   110        1.1006        1.0529  2825261    4.33%
  95170 28349        cutoff              1.1006        1.0677  3067460    2.99%
* 96744+28683                            1.0978        1.0688             2.65%

Clique cuts applied:  416
Implied bound cuts applied:  6
Flow cuts applied:  21
Mixed integer rounding cuts applied:  48
Zero-half cuts applied:  35
Lift and project cuts applied:  39
Gomory fractional cuts applied:  37

Root node processing (before b&c):
  Real time             =   56.31 sec. (5358.57 ticks)
Parallel b&c, 32 threads:
  Real time             =  143.28 sec. (20186.07 ticks)
  Sync time (average)   =   77.08 sec.
  Wait time (average)   =    0.32 sec.
                          ------------
Total (root+branch&cut) =  199.58 sec. (25544.64 ticks)
Solution found
