Model: Diversity_model_3
 - number of variables: 67930
   - binary=55298, integer=2, continuous=12630
 - number of constraints: 170505
   - linear=170505
 - parameters: defaults
CPXPARAM_Read_DataCheck                          1
CPXPARAM_RandomSeed                              201804051
CPXPARAM_MIP_Strategy_LBHeur                     1
CPXPARAM_TimeLimit                               86400
CPXPARAM_MIP_Tolerances_MIPGap                   0.02
Tried aggregator 2 times.
MIP Presolve eliminated 2778 rows and 2768 columns.
MIP Presolve modified 1104 coefficients.
Aggregator did 29858 substitutions.
Reduced MIP has 137869 rows, 35304 columns, and 362997 nonzeros.
Reduced MIP has 28201 binaries, 0 generals, 2760 SOSs, and 0 indicators.
Presolve time = 4.67 sec. (1024.97 ticks)
Probing changed sense of 91 constraints.
Probing time = 8.71 sec. (104.77 ticks)
Tried aggregator 2 times.
MIP Presolve eliminated 12111 rows and 1997 columns.
MIP Presolve modified 6 coefficients.
Aggregator did 180 substitutions.
Reduced MIP has 125578 rows, 33127 columns, and 330296 nonzeros.
Reduced MIP has 26115 binaries, 0 generals, 2760 SOSs, and 0 indicators.
Presolve time = 7.99 sec. (1569.78 ticks)
Probing time = 20.75 sec. (89.16 ticks)
Clique table members: 198319.
MIP emphasis: balance optimality and feasibility.
MIP search method: dynamic search.
Parallel mode: deterministic, using up to 32 threads.
Root relaxation solution time = 186.61 sec. (2586.24 ticks)

        Nodes                                         Cuts/
   Node  Left     Objective  IInf  Best Integer    Best Bound    ItCnt     Gap

      0     0        0.1186 12782                      0.1186       30         
      0     0        0.1186  9014                  Cuts: 4354     2515         
      0     0        0.1186  9445                  Cuts: 9932     7628         
      0     0        0.1186  8137                  Cuts: 6237    12327         
*     0+    0                            3.4549        0.1186            96.57%
      0     0        0.1186  8608        3.4549    Cuts: 9997    18361   96.57%
*     0+    0                            3.1930        0.1186            96.29%
*     0+    0                            3.1887        0.1186            96.28%
*     0+    0                            3.1336        0.1186            96.22%
*     0+    0                            3.0949        0.1186            96.17%
Heuristic still looking.
Heuristic still looking.
*     0+    0                            3.0524        0.1186            96.11%
*     0+    0                            3.0341        0.1186            96.09%
*     0+    0                            3.0242        0.1186            96.08%

Repeating presolve.
Tried aggregator 2 times.
MIP Presolve eliminated 94622 rows and 22145 columns.
Aggregator did 93 substitutions.
Reduced MIP has 30863 rows, 10889 columns, and 91144 nonzeros.
Reduced MIP has 3970 binaries, 0 generals, 2760 SOSs, and 0 indicators.
Presolve time = 1.26 sec. (258.06 ticks)
Probing time = 0.62 sec. (60.08 ticks)
Tried aggregator 1 time.
MIP Presolve eliminated 2331 rows and 335 columns.
Reduced MIP has 28532 rows, 10554 columns, and 84821 nonzeros.
Reduced MIP has 3635 binaries, 0 generals, 2760 SOSs, and 0 indicators.
Presolve time = 0.46 sec. (116.22 ticks)
Probing time = 0.23 sec. (32.64 ticks)
Tried aggregator 1 time.
MIP Presolve eliminated 676 rows and 88 columns.
Reduced MIP has 27856 rows, 10466 columns, and 82969 nonzeros.
Reduced MIP has 3547 binaries, 0 generals, 2760 SOSs, and 0 indicators.
Presolve time = 0.54 sec. (158.25 ticks)
Represolve time = 6.05 sec. (4189.59 ticks)
Probing time = 0.32 sec. (26.81 ticks)
Clique table members: 51995.
MIP emphasis: balance optimality and feasibility.
MIP search method: dynamic search.
Parallel mode: deterministic, using up to 32 threads.
Root relaxation solution time = 102.39 sec. (1535.16 ticks)

        Nodes                                         Cuts/
   Node  Left     Objective  IInf  Best Integer    Best Bound    ItCnt     Gap

*     0+    0                            3.0242        0.1186            96.08%
      0     0        0.1186  1882        3.0242        0.1186    18387   96.08%
*     0+    0                            3.0212        0.1186            96.07%
      0     0        0.1233  1779        3.0212    Cuts: 1585    25369   95.92%
      0     0        0.1245  1870        3.0212    Cuts: 1927    33242   95.88%
*     0+    0                            2.9788        0.1245            95.82%
      0     0        0.1248  1912        2.9788    Cuts: 1175    42821   95.81%
*     0+    0                            2.9679        0.1248            95.79%
*     0+    0                            2.9528        0.1248            95.77%
      0     0        0.1249  1949        2.9528    Cuts: 1056    48559   95.77%
*     0+    0                            2.5169        0.1249            95.04%
      0     0        0.1250  1955        2.5169    Cuts: 1053    54989   95.03%
*     0+    0                            1.8944        0.1250            93.40%
      0     0        0.1251  2036        1.8944    Cuts: 1172    65332   93.40%
*     0+    0                            1.8666        0.1251            93.30%
*     0+    0                            1.8579        0.1251            93.27%
*     0+    0                            1.8534        0.1251            93.25%
*     0+    0                            1.6682        0.1251            92.50%
      0     0        0.1251  2029        1.6682    Cuts: 1499    74672   92.50%
      0     0        0.1252  2087        1.6682    Cuts: 1360    80445   92.50%
      0     0        0.1252  2103        1.6682    Cuts: 1139    85295   92.50%
*     0+    0                            1.6608        0.1252            92.46%
*     0+    0                            1.6587        0.1252            92.45%
*     0+    0                            1.6374        0.1252            92.35%
Heuristic still looking.
*     0+    0                            1.4352        0.1252            91.28%
*     0+    0                            1.4327        0.1252            91.26%
*     0+    0                            1.4037        0.1252            91.08%
*     0+    0                            1.4004        0.1252            91.06%
      0     2        0.1252  2103        1.4004        0.1252    85295   91.06%
Elapsed time = 1419.75 sec. (199095.92 ticks, tree = 0.02 MB, solutions = 25)
      1     3        0.3137  2020        1.4004        0.1252    86409   91.06%
      3     5        0.5198  1962        1.4004        0.1252    87040   91.06%
      6     3        0.1253  2098        1.4004        0.1252    86107   91.06%
      8     8        0.5198  1863        1.4004        0.1252    89197   91.06%
     17    16        0.6614  1842        1.4004        0.1253    91642   91.05%
     22    23        0.3530  1886        1.4004        0.1253    93423   91.05%
     33    17        0.6724  1864        1.4004        0.1253    92902   91.05%
     45    41        0.3738  1904        1.4004        0.1253    99704   91.05%
     53    19        0.5199  1840        1.4004        0.1253    93096   91.05%
    117    68        0.3690  2012        1.4004        0.1253   117713   91.05%
Elapsed time = 1454.55 sec. (203076.06 ticks, tree = 3.76 MB, solutions = 25)
    205   136        0.3717  1859        1.4004        0.1253   171730   91.05%
    330   212        0.5239  1644        1.4004        0.1253   229569   91.05%
    402   360        0.7483  1705        1.4004        0.1253   283094   91.05%
    487   392        0.8322  1739        1.4004        0.1253   314967   91.05%
    656   486        0.5287  1725        1.4004        0.1253   361882   91.05%
    799   617        0.6747  1715        1.4004        0.1253   415282   91.05%
    962   742        0.8272  1674        1.4004        0.1253   469685   91.05%
   1164   887        0.6873  1545        1.4004        0.1253   514210   91.05%
   1533  1107        0.5088  1428        1.4004        0.1253   573094   91.05%
   1959  1648        0.7685  1361        1.4004        0.1253   670265   91.05%
Elapsed time = 1564.21 sec. (212675.26 ticks, tree = 257.10 MB, solutions = 25)
*  2080+ 1437                            1.3970        0.1253            91.03%
   2489  2039        0.6896  1640        1.3970        0.1253   736687   91.03%
   3081  2005        1.2925   957        1.3970        0.1253   728970   91.03%
   3661  2899        0.7506  1127        1.3970        0.1253   850549   91.03%
   4272  2895        1.0376   965        1.3970        0.1253   845042   91.03%
   4885  3994        0.9109  1286        1.3970        0.1253   966415   91.03%
   5563  4540        1.1263   932        1.3970        0.1253  1016994   91.03%
   5977  4662        0.7853   921        1.3970        0.1253  1027111   91.03%
*  6003+ 3790                            0.4448        0.1286            71.09%
*  6003+ 2526                            0.4187        0.1286            69.29%
*  6003+ 1684                            0.3921        0.1286            67.21%
*  6003+ 1122                            0.3921        0.1286            67.19%
*  6003+  748                            0.3912        0.1286            67.12%
*  6003+  498                            0.3895        0.1286            66.98%
*  6003+  332                            0.3885        0.1286            66.89%
*  6003+  221                            0.3881        0.1287            66.85%
*  6003+  146                            0.3872        0.1287            66.75%
*  6003+   97                            0.3855        0.1288            66.60%
*  6003+   64                            0.3853        0.1288            66.58%
*  6003+   42                            0.3842        0.1288            66.48%
*  6003+   28                            0.3822        0.1288            66.30%
*  6003+   18                            0.3816        0.1288            66.24%
*  6003+   12                            0.3797        0.1288            66.07%
*  6003+    8                            0.3791        0.1288            66.01%
*  6003+    5                            0.3770        0.1289            65.81%
*  6003+    2                            0.3763        0.1289            65.75%
*  6003+    1                            0.3758        0.1289            65.70%
   6003     2        0.1289  2078        0.3758        0.1289  1517345   65.70%
   6004     3        0.1289  1989        0.3758        0.1289  1523997   65.70%
   6005     4        0.1289  1868        0.3758        0.1289  1537677   65.70%
Elapsed time = 4061.80 sec. (637347.49 ticks, tree = 0.02 MB, solutions = 45)
   6006     5        0.1289  1863        0.3758        0.1289  1554268   65.70%
   6007     6        0.1289  1798        0.3758        0.1289  1561732   65.70%
   6008     7        0.1289  1767        0.3758        0.1289  1582165   65.70%
   6010     4        0.1289  1726        0.3758        0.1289  1568658   65.70%
   6011     5        0.1289  1798        0.3758        0.1289  1552419   65.70%
   6012     8        0.1289  1584        0.3758        0.1289  1646882   65.70%
   6014     8        0.1289  1726        0.3758        0.1289  1591815   65.70%
   6015     8        cutoff              0.3758        0.1289  1675875   65.70%
   6016     7        0.1289  1585        0.3758        0.1289  1584574   65.70%
   6020    10        0.1289  1434        0.3758        0.1289  1677227   65.70%
Elapsed time = 4294.07 sec. (683571.06 ticks, tree = 0.02 MB, solutions = 45)
   6021     8        0.1289  1727        0.3758        0.1289  1647377   65.70%
   6024    10        0.1289  1426        0.3758        0.1289  1732156   65.70%
   6029    15        0.1290  1722        0.3758        0.1289  1785281   65.70%
   6032    15        0.1812  1721        0.3758        0.1289  1788531   65.70%
   6035    10        0.1289  1441        0.3758        0.1289  1747476   65.70%
   6043    20        cutoff              0.3758        0.1289  1827569   65.70%
   6047    10        0.1290  1653        0.3758        0.1289  1684153   65.70%
   6052    23        0.1290  1739        0.3758        0.1289  1859459   65.70%
   6057    17        0.2700  1867        0.3758        0.1289  1798576   65.70%
   6064    29        0.1661  1701        0.3758        0.1289  1933719   65.70%
Elapsed time = 4460.69 sec. (700636.82 ticks, tree = 0.21 MB, solutions = 45)
   6071    23        0.1806  1810        0.3758        0.1289  1867304   65.70%
   6082    12        0.1290  1685        0.3758        0.1289  1787588   65.70%
   6092    41        0.3715  1839        0.3758        0.1289  2043345   65.70%
   6105    44        0.3756  1624        0.3758        0.1289  2045511   65.70%
   6125    45        0.2700  1691        0.3758        0.1289  2063887   65.70%
   6139    51        0.1596  1954        0.3758        0.1289  2154236   65.70%
*  6154+   23                            0.3758        0.1289            65.70%
   6163    53        0.2701  1828        0.3758        0.1289  2148460   65.70%
   6181    60        0.2701  1767        0.3758        0.1289  2189269   65.70%
   6210    54        0.2721  1732        0.3758        0.1289  2095756   65.70%
*  6213+   29                            0.3755        0.1289            65.68%
   6234    78        0.3715  1892        0.3755        0.1289  2250202   65.68%
Elapsed time = 4598.68 sec. (710878.67 ticks, tree = 4.76 MB, solutions = 47)
   6298    89        0.3240  1099        0.3755        0.1289  2235188   65.68%
   6452    76        0.3111  1275        0.3755        0.1289  2216758   65.68%
   6619   137        0.3728   993        0.3755        0.1289  2278527   65.67%
   6820   217        0.3262  1098        0.3755        0.1289  2391815   65.67%
   6986   258        0.3329   944        0.3755        0.1289  2393521   65.67%
   7151   236        0.2860  1334        0.3755        0.1289  2486969   65.67%
   7393   742        0.3548   784        0.3755        0.1289  2666696   65.67%
   7632   803        0.3729   661        0.3755        0.1289  2667522   65.67%
   7810   832        0.2969  1340        0.3755        0.1289  2683447   65.67%
   8026   851        0.2701  1790        0.3755        0.1289  2715617   65.67%
Elapsed time = 4717.24 sec. (720468.04 ticks, tree = 110.64 MB, solutions = 47)
   8125   898        0.3273   949        0.3755        0.1289  2686472   65.67%
   8254   873        0.3273  1228        0.3755        0.1289  2726106   65.67%
   8505  1440        0.2776  1296        0.3755        0.1289  2885869   65.67%
   8751  1472        0.3150  1140        0.3755        0.1289  2888499   65.67%
   8914  1853        0.3553   716        0.3755        0.1289  2968935   65.67%
   9092  1579        0.3658   782        0.3755        0.1289  2919196   65.67%
   9268  2459        0.3706   664        0.3755        0.1289  3081111   65.67%
   9425  2535        0.2796  1076        0.3755        0.1289  3103736   65.67%
   9549  2224        0.3657   840        0.3755        0.1289  3025812   65.67%
   9658  2565        0.2996  1267        0.3755        0.1289  3126888   65.67%
Elapsed time = 4835.27 sec. (730059.41 ticks, tree = 388.61 MB, solutions = 47)
   9812  2606        0.3484   648        0.3755        0.1289  3088070   65.67%
  10013  2665        0.3627   898        0.3755        0.1289  3150937   65.67%
  10277  2787        0.3076  1030        0.3755        0.1289  3168826   65.67%
  10598  3150        0.3544   783        0.3755        0.1289  3295981   65.67%
  10889  3282        0.3600   605        0.3755        0.1289  3314575   65.67%
  11179  3095        0.2830  1340        0.3755        0.1289  3310422   65.67%
  11477  3434        0.3724   645        0.3755        0.1289  3325218   65.67%
  11716  3167        0.3690   957        0.3755        0.1289  3314942   65.67%
  11886  4062        0.3622   684        0.3755        0.1289  3443431   65.67%
  12028  4272        0.3378   779        0.3755        0.1289  3517557   65.67%
Elapsed time = 4949.90 sec. (739632.69 ticks, tree = 706.78 MB, solutions = 47)
  12148  4339        0.3419   654        0.3755        0.1289  3519219   65.67%
  12288  4350        0.2708  1487        0.3755        0.1289  3547288   65.67%
  12403  4379        0.2846  1249        0.3755        0.1289  3589100   65.67%
  12581  4417        0.3118  1146        0.3755        0.1289  3591801   65.67%
  12847  4922        0.3287  1117        0.3755        0.1289  3675112   65.67%
  13088  4955        0.3656   899        0.3755        0.1289  3676331   65.67%
  13302  5240        0.3257  1218        0.3755        0.1289  3774632   65.67%
  13443  5555        0.3105  1183        0.3755        0.1289  3827727   65.67%
  13624  5793        0.2700  1891        0.3755        0.1289  3934805   65.67%
  14439  6440        0.2816  1333        0.3755        0.1289  4073574   65.67%
Elapsed time = 5106.47 sec. (752093.59 ticks, tree = 1131.98 MB, solutions = 47)
  16107  7618        0.3338   796        0.3755        0.1289  4310127   65.67%
  17469  8193        0.3639   875        0.3755        0.1289  4464017   65.67%
  18332  8567        0.3673   456        0.3755        0.1289  4491928   65.67%
  19327 10160        0.3750   396        0.3755        0.1289  4677659   65.67%
  20433 11952        0.3605   961        0.3755        0.1289  5010508   65.67%
  21555 12370        0.2880  1148        0.3755        0.1289  5123022   65.67%
  23137 14397        0.3699   542        0.3755        0.1289  5416307   65.67%
  24142 15083        0.3721   764        0.3755        0.1289  5484369   65.67%
  24919 16607        0.3486  1001        0.3755        0.1289  5788295   65.67%
  26084 17308        0.3367   810        0.3755        0.1289  5899324   65.67%
Elapsed time = 5627.98 sec. (790266.34 ticks, tree = 3292.59 MB, solutions = 47)
Nodefile size = 1227.44 MB (1134.75 MB after compression)
  26937 17443        0.2879  1363        0.3755        0.1289  6004431   65.67%
  28608 19398        0.3171  1784        0.3755        0.1289  6322005   65.67%
  29836 19892        0.3344   896        0.3755        0.1289  6412406   65.67%
  31369 21416        0.3706  1114        0.3755        0.1289  6615304   65.67%
  33404 22816        0.3523   833        0.3755        0.1289  6810939   65.67%
  34747 23919        0.3681   915        0.3755        0.1289  6917389   65.67%
  36197 25106        0.3753   975        0.3755        0.1289  7068780   65.67%
  38115 26912        0.3735   735        0.3755        0.1289  7307112   65.67%
  39146 28911        0.3754  1021        0.3755        0.1289  7537809   65.67%
  40249 29845        0.3733  1250        0.3755        0.1289  7675939   65.67%
Elapsed time = 6139.22 sec. (828442.62 ticks, tree = 5807.76 MB, solutions = 47)
Nodefile size = 3745.94 MB (3474.87 MB after compression)
  42315 30746        0.3484  1277        0.3755        0.1289  7790181   65.67%
  44099 33294        0.3369  1391        0.3755        0.1297  8190329   65.46%
  46424 33410        0.3601   855        0.3755        0.1297  8208505   65.46%
  47693 36062        0.3704   525        0.3755        0.1298  8453267   65.42%
  49548 38278        0.2701  1272        0.3755        0.1298  8769169   65.42%
  50362 39038        cutoff              0.3755        0.1298  8832255   65.42%
  51713 40943        0.2701  1314        0.3755        0.1298  9103422   65.42%
  54424 41437        0.3703   468        0.3755        0.1345  9148730   64.17%
  56805 42234        0.3671   888        0.3755        0.1345  9240178   64.17%
* 58046+46067                            0.3754        0.1345            64.17%
  58257 45843        0.3702   583        0.3754        0.1345  9562261   64.17%
Elapsed time = 6611.61 sec. (866612.14 ticks, tree = 9048.90 MB, solutions = 47)
Nodefile size = 6945.17 MB (6471.81 MB after compression)
* 58826+46071                            0.3706        0.1345            63.70%
  59143 47350        0.3425  1209        0.3706        0.1345  9800781   63.70%
* 59493+46071                            0.3618        0.1345            62.81%
  60131 48629        0.3650  1628        0.3618        0.1345  9944563   62.81%
  61071 49206        0.3258   837        0.3618        0.1348  9999780   62.74%
  62169 49532        0.3739  1388        0.3618        0.1348 10084672   62.74%
  62591 51118        0.3441  1070        0.3618        0.1348 10283448   62.74%
* 62961+46071                            0.3593        0.1348            62.49%
* 63287+46469                            0.3590        0.1348            62.45%
* 63372+46469                            0.3587        0.1348            62.42%
  63887 51591        0.3372   796        0.3587        0.1348 10349789   62.42%
* 64090+46071                            0.3566        0.1348            62.20%
* 64474+46071                            0.3560        0.1348            62.13%
  65123 51994        0.3226  1417        0.3560        0.1348 10443936   62.13%
* 65687+46590                            0.3538        0.1348            61.90%
  66431 46012        0.2701  1808        0.3538        0.1348 10537975   61.90%
  67219 46838        0.3617  1056        0.3538        0.1348 10621998   61.90%
  67868 33363        cutoff              0.3538        0.1348 10869474   61.90%
Elapsed time = 6956.53 sec. (904789.53 ticks, tree = 6557.04 MB, solutions = 108)
Nodefile size = 4495.25 MB (4208.95 MB after compression)
* 68564+33139                            0.3528        0.1348            61.79%
* 68651+33046                            0.3526        0.1348            61.77%
* 68999+33190                            0.3524        0.1348            61.75%
  69102 33430        0.3471   795        0.3524        0.1348 10899156   61.75%
  70329 31729        0.3467  1094        0.3524        0.1348 11018293   61.75%
  72051 32869        0.3505   943        0.3524        0.1348 11257315   61.75%
* 72742+33885                            0.3498        0.1348            61.46%
  73757 33358        0.3208   915        0.3498        0.1348 11355170   61.46%
* 74451+32471                            0.3465        0.1348            61.09%
  75893 32241        0.2700  1864        0.3465        0.2700 11620768   22.06%
  77194 31732        0.2780  1367        0.3465        0.2700 12009243   22.06%
  79051 32870        0.3046  1365        0.3465        0.2700 12189662   22.06%
  80110 33750        0.3364  1157        0.3465        0.2700 12348128   22.06%
* 80187+32238                            0.3459        0.2700            21.93%
  81484 34850        0.2705  1430        0.3459        0.2700 12527897   21.93%
* 82712+35568                            0.3456        0.2700            21.86%
  83198 36210        0.3251   899        0.3456        0.2700 12976019   21.86%
Elapsed time = 7402.75 sec. (942975.94 ticks, tree = 7000.24 MB, solutions = 203)
Nodefile size = 4925.30 MB (4640.73 MB after compression)
  84816 36253        0.3376  1145        0.3456        0.2700 13001013   21.86%
* 85219+36286                            0.3453        0.2700            21.81%
  86716 36859        0.3289  1332        0.3453        0.2700 13114961   21.81%
  88200 39267        0.3325  1260        0.3453        0.2700 13552143   21.81%
  89256 40656        cutoff              0.3453        0.2700 13767477   21.81%
  90878 42163        0.3404  1244        0.3453        0.2700 14011271   21.81%
  92845 42324        0.3439   785        0.3453        0.2700 14005718   21.81%
  94596 44789        0.3337  1025        0.3453        0.2700 14501774   21.81%
  96513 44231        0.3093  1808        0.3453        0.2700 14437344   21.81%
  97674 47224        0.2700  1825        0.3453        0.2700 14896879   21.81%
* 97884+48966                            0.3450        0.2700            21.72%
  98757 47582        0.3192   924        0.3450        0.2700 14939049   21.72%
Elapsed time = 7868.17 sec. (981157.39 ticks, tree = 9317.21 MB, solutions = 205)
Nodefile size = 7236.89 MB (6823.69 MB after compression)
 100637 48740        0.3383  1041        0.3450        0.2700 15152706   21.72%
 102716 50071        0.2956  1211        0.3450        0.2700 15438436   21.72%
 104467 51501        0.3449   952        0.3450        0.2700 15680650   21.72%
 106428 54509        0.3385   775        0.3450        0.2700 16049686   21.72%
*107225+54643                            0.3448        0.2700            21.69%
 107871 55461        0.3434   574        0.3448        0.2700 16264089   21.69%
 108629 56606        0.3165  1357        0.3448        0.2700 16461064   21.69%
 109603 56743        cutoff              0.3448        0.2700 16512504   21.69%
 110230 58399        0.3437  1156        0.3448        0.2700 16815167   21.69%
 110848 58815        0.2705  1498        0.3448        0.2700 16906743   21.69%
 111561 59744        0.3292  1217        0.3448        0.2700 17075455   21.69%
Elapsed time = 8272.72 sec. (1019351.43 ticks, tree = 11797.93 MB, solutions = 206)
Nodefile size = 9728.84 MB (9177.72 MB after compression)
 112923 60784        0.3423  1174        0.3448        0.2700 17351763   21.69%
 114091 60490        0.3007  1234        0.3448        0.2700 17300033   21.69%
 115437 61331        0.3424   970        0.3448        0.2700 17465851   21.69%
 116541 62951        0.3225  1187        0.3448        0.2700 17789512   21.69%
 117508 63100        0.3362  1072        0.3448        0.2700 17850188   21.69%
 118724 64614        0.3310  1113        0.3448        0.2700 18128124   21.69%
 120148 66291        0.2894  1267        0.3448        0.2700 18479559   21.69%
 121134 67630        0.3342   909        0.3448        0.2700 18717753   21.69%
 123330 67461        0.3398   933        0.3448        0.2700 18672048   21.69%
 124576 69071        0.3363  1316        0.3448        0.2700 19045549   21.69%
Elapsed time = 8708.20 sec. (1057517.33 ticks, tree = 13713.31 MB, solutions = 206)
Nodefile size = 11640.77 MB (10984.23 MB after compression)
 125638 68810        cutoff              0.3448        0.2700 19033624   21.69%
 127063 70125        0.3032  1627        0.3448        0.2700 19238435   21.69%
 128078 72805        0.3404   873        0.3448        0.2700 19686298   21.69%
 129503 73833        0.3419  1143        0.3448        0.2700 19995021   21.69%
 131010 74241        0.3441  1227        0.3448        0.2700 20095234   21.69%
 132294 75098        0.3418  1398        0.3448        0.2700 20299118   21.69%
 133581 75801        0.3343  1178        0.3448        0.2700 20410572   21.69%
 134386 76891        0.3367  1215        0.3448        0.2700 20673808   21.69%
 135328 79176        cutoff              0.3448        0.2700 21123886   21.69%
 136337 78998        0.3074   978        0.3448        0.2700 21024492   21.69%
Elapsed time = 9130.17 sec. (1095703.97 ticks, tree = 15755.36 MB, solutions = 206)
Nodefile size = 13648.69 MB (12886.46 MB after compression)
 137611 81065        0.3395  1067        0.3448        0.2700 21536714   21.69%
 139047 82111        0.3436  1050        0.3448        0.2700 21757078   21.69%
 140048 83142        0.3301  1687        0.3448        0.2700 21932948   21.69%
 141545 81694        0.2737  1732        0.3448        0.2700 21696995   21.69%
 142827 83764        0.3225  1033        0.3448        0.2700 22047263   21.69%
 144254 85716        0.2986  1466        0.3448        0.2700 22508041   21.69%
 145524 85154        0.3405   931        0.3448        0.2700 22336453   21.69%
 146873 87181        0.3428  1337        0.3448        0.2700 22804260   21.69%
 148334 87156        0.3444   843        0.3448        0.2700 22788097   21.69%
 149893 89291        0.3364  1090        0.3448        0.2700 23199265   21.69%
Elapsed time = 9593.44 sec. (1133877.12 ticks, tree = 17869.77 MB, solutions = 206)
Nodefile size = 15772.55 MB (14907.95 MB after compression)
 150990 90279        0.3403  1280        0.3448        0.2700 23414856   21.69%
 153028 91082        0.3344   995        0.3448        0.2700 23551922   21.69%
 154202 92228        0.3032  1131        0.3448        0.2700 23842614   21.69%
 156225 94021        0.2975  1559        0.3448        0.2700 24141691   21.69%
 158016 95401        0.2701  1596        0.3448        0.2700 24364524   21.69%
 159608 95492        0.3093  1278        0.3448        0.2700 24394208   21.69%
 161413 99278        0.3135  1081        0.3448        0.2700 25037747   21.69%
 163198 98190        0.3271  1342        0.3448        0.2700 24863610   21.69%
 165102 99647        0.3332  1117        0.3448        0.2700 25132698   21.69%
*166593+102494                            0.3444        0.2700            21.60%
 166977 102455        0.3420   999        0.3444        0.2700 25542597   21.60%
Elapsed time = 10021.65 sec. (1172044.23 ticks, tree = 20582.52 MB, solutions = 207)
Nodefile size = 18472.15 MB (17472.32 MB after compression)
 168450 102605        0.3362   919        0.3444        0.2700 25893118   21.60%
 169909 104744        0.3315   931        0.3444        0.2700 26235988   21.60%
 171569 105469        0.3340  1595        0.3444        0.2700 26330764   21.60%
 173675 107053        0.3255  1196        0.3444        0.2700 26668564   21.60%
 175579 108123        0.3064  1102        0.3444        0.2700 26878786   21.60%
 177299 109774        0.3296  1337        0.3444        0.2700 27108213   21.60%
 178614 109774        0.3347  1049        0.3444        0.2700 27072669   21.60%
 179563 111232        0.3233  1171        0.3444        0.2700 27342108   21.60%
 180767 113105        0.3292   732        0.3444        0.2700 27598050   21.60%
 181759 116771        0.3435  1049        0.3444        0.2700 28270252   21.60%
Elapsed time = 10407.10 sec. (1210221.25 ticks, tree = 23579.79 MB, solutions = 207)
Nodefile size = 21505.82 MB (20338.83 MB after compression)
 182964 117624        cutoff              0.3444        0.2700 28408543   21.60%
 184555 118199        0.3404   988        0.3444        0.2700 28579907   21.60%
 186526 117262        0.3056  1232        0.3444        0.2700 28368315   21.60%
 188151 118541        0.3266  1138        0.3444        0.2700 28658017   21.60%
 189691 121626        0.3376  1158        0.3444        0.2700 29124632   21.60%
 192009 119833        0.3439   936        0.3444        0.2700 28848762   21.60%
 193408 125522        0.3316   841        0.3444        0.2700 29680153   21.60%
 195363 123920        0.3215  1078        0.3444        0.2700 29456982   21.60%
 197204 125298        0.3267  1223        0.3444        0.2700 29654775   21.60%
 198788 127395        0.3411  1108        0.3444        0.2700 30033511   21.60%
Elapsed time = 10808.82 sec. (1248407.19 ticks, tree = 25824.12 MB, solutions = 207)
Nodefile size = 23720.38 MB (22432.56 MB after compression)
 200692 129855        0.3421  1062        0.3444        0.2700 30443132   21.60%
 202665 129879        0.2987  1420        0.3444        0.2700 30452326   21.60%
 204321 130623        0.2704  1577        0.3444        0.2700 30585783   21.60%
 206079 132893        cutoff              0.3444        0.2700 30954999   21.60%
 208245 135137        0.3437  1126        0.3444        0.2700 31385665   21.60%
 209762 138452        0.3108  1268        0.3444        0.2700 31873150   21.60%
 211595 139337        0.3087  1193        0.3444        0.2700 32050037   21.60%
*213141+139499                            0.3437        0.2700            21.44%
 213645 141378        0.3355  1024        0.3437        0.2700 32391759   21.44%
 215773 138268        0.3112  1034        0.3437        0.2700 32713987   21.44%
*216528+136234                            0.3431        0.2700            21.29%
 217584 136986        0.3419  1280        0.3431        0.2700 32507742   21.29%
Elapsed time = 11194.15 sec. (1286585.67 ticks, tree = 27857.90 MB, solutions = 209)
Nodefile size = 25765.88 MB (24376.15 MB after compression)
 219428 134641        0.3413   663        0.3431        0.2700 32808974   21.29%
 221409 138013        0.3316  1286        0.3431        0.2700 33420943   21.29%
 223365 139307        0.3405  1134        0.3431        0.2700 33601508   21.29%
 225438 140092        cutoff              0.3431        0.2700 33741190   21.29%
 227712 142645        0.3410   796        0.3431        0.2700 34155928   21.29%
 229683 141859        cutoff              0.3431        0.2700 34060844   21.29%
 231367 142910        0.3426   721        0.3431        0.2700 34193301   21.29%
 233496 145488        0.3352  1338        0.3431        0.2700 34553295   21.29%
 235362 148619        0.2700  1833        0.3431        0.2700 35022104   21.29%
 237734 150649        0.3248  1023        0.3431        0.2700 35339210   21.29%
Elapsed time = 11665.07 sec. (1324759.85 ticks, tree = 30754.36 MB, solutions = 209)
Nodefile size = 28660.34 MB (27118.95 MB after compression)
 240188 149372        cutoff              0.3431        0.2700 35125016   21.29%
 241980 151361        0.3173  1210        0.3431        0.2700 35439472   21.29%
 243454 154909        0.3413   958        0.3431        0.2700 35950588   21.29%
 244569 158794        0.3307  1226        0.3431        0.2700 36452459   21.29%
 245884 160122        0.3408   993        0.3431        0.2700 36688256   21.29%
 247382 158860        0.2803  1269        0.3431        0.2700 36470870   21.29%
 248893 161203        0.3091  1193        0.3431        0.2700 36931165   21.29%
 250508 161446        0.3366   830        0.3431        0.2700 36975561   21.29%
 252540 162257        cutoff              0.3431        0.2700 37109387   21.29%
 254413 165557        cutoff              0.3431        0.2700 37694022   21.29%
Elapsed time = 12100.13 sec. (1362941.50 ticks, tree = 33914.05 MB, solutions = 209)
Nodefile size = 31837.27 MB (30131.22 MB after compression)
 256364 163893        0.2854  1233        0.3431        0.2700 37464528   21.29%
 258493 168029        0.3312   508        0.3431        0.2700 38090559   21.29%
 260543 167259        0.3370  1020        0.3431        0.2700 37972036   21.29%
 262738 170805        0.3175  1007        0.3431        0.2700 38506991   21.29%
 264832 171122        0.3072  1501        0.3431        0.2700 38556787   21.29%
 267439 173242        0.3374   615        0.3431        0.2700 38841968   21.29%
 269527 175851        0.3424   254        0.3431        0.2700 39206264   21.29%
 271346 178674        0.3156  1112        0.3431        0.2701 39590922   21.29%
 273698 179170        0.3416   817        0.3431        0.2701 39663182   21.29%
 275639 181081        0.2798  1068        0.3431        0.2701 39931223   21.29%
Elapsed time = 12556.32 sec. (1401104.02 ticks, tree = 37209.37 MB, solutions = 209)
Nodefile size = 35083.68 MB (33188.07 MB after compression)
 277548 185037        cutoff              0.3431        0.2701 40535616   21.29%
 279254 186089        0.3355   797        0.3431        0.2701 40694971   21.29%
 281072 187251        0.3419  1079        0.3431        0.2701 40903809   21.29%
 282996 186756        cutoff              0.3431        0.2701 40832648   21.29%
 284976 189690        0.3425   888        0.3431        0.2701 41273439   21.29%
 287258 190928        0.3413   996        0.3431        0.2701 41439793   21.29%
 289383 190392        0.2706  1580        0.3431        0.2701 41369066   21.29%
 291568 197369        0.3326   989        0.3431        0.2701 42455649   21.29%
 294109 199286        0.3152  1602        0.3431        0.2701 42698102   21.29%
 296312 200275        0.3205  1252        0.3431        0.2701 42815662   21.29%
Elapsed time = 13051.33 sec. (1439265.28 ticks, tree = 41286.47 MB, solutions = 209)
Nodefile size = 39209.27 MB (37082.27 MB after compression)
 298890 201876        0.3401   825        0.3431        0.2701 43073668   21.29%
 301669 203263        0.3410  1219        0.3431        0.2701 43272578   21.29%
 304426 203375        0.3382   999        0.3431        0.2701 43282349   21.29%
 306430 210061        0.2713  1800        0.3431        0.2701 44072544   21.29%
 308665 208588        0.3086  1188        0.3431        0.2701 43919932   21.29%
 310843 212193        0.3309  1159        0.3431        0.2701 44368021   21.29%
 313149 214824        0.3297  1457        0.3431        0.2701 44763989   21.29%
 315209 213993        0.3066  1334        0.3431        0.2701 44666224   21.29%
 316885 216614        0.3287  1241        0.3431        0.2701 44989411   21.29%
 318180 219329        0.3417  1132        0.3431        0.2701 45386642   21.29%
Elapsed time = 13532.12 sec. (1477425.54 ticks, tree = 45330.52 MB, solutions = 209)
Nodefile size = 43246.99 MB (40903.25 MB after compression)
 319391 218638        0.2947  1254        0.3431        0.2701 45298887   21.29%
 320882 222480        0.3169  1189        0.3431        0.2701 45871294   21.29%
 322976 222966        0.3404  1185        0.3431        0.2701 45967545   21.29%
 324842 225395        0.3388  1059        0.3431        0.2701 46354435   21.29%
 326682 227263        0.3367  1163        0.3431        0.2701 46623357   21.29%
 329078 229099        0.3413  1160        0.3431        0.2701 46881853   21.29%
 330821 229333        0.3257  1183        0.3431        0.2701 46916645   21.29%
 332211 230142        0.3402  1156        0.3431        0.2701 47037468   21.29%
 333714 232835        0.3360  1289        0.3431        0.2701 47476660   21.29%
 335323 235049        0.3116  1346        0.3431        0.2701 47896389   21.29%
Elapsed time = 14011.18 sec. (1515591.82 ticks, tree = 48667.04 MB, solutions = 209)
Nodefile size = 46590.30 MB (44077.03 MB after compression)
 337303 233755        0.3416  1118        0.3431        0.2701 47665949   21.29%
 339242 235398        0.2914  1332        0.3431        0.2701 48048841   21.29%
 341034 236006        0.3330  1088        0.3431        0.2701 48120879   21.29%
 342671 239045        0.3164   996        0.3431        0.2701 48634548   21.29%
 345039 241674        0.3364  1321        0.3431        0.2701 49147173   21.29%
 348033 242104        0.3350  1042        0.3431        0.2701 49235055   21.29%
 350098 242231        0.3415  1136        0.3431        0.2701 49259969   21.29%
 351952 247552        0.3291  1039        0.3431        0.2701 49972342   21.29%
 353941 247365        0.3006  1800        0.3431        0.2701 49959924   21.29%
 355703 250055        0.2701  1834        0.3431        0.2701 50258928   21.29%
Elapsed time = 14504.87 sec. (1553753.34 ticks, tree = 51858.27 MB, solutions = 209)
Nodefile size = 49776.93 MB (47093.43 MB after compression)
 357647 252908        0.3099  1278        0.3431        0.2701 50746919   21.29%
 359702 254306        0.3008  1268        0.3431        0.2701 50932710   21.29%
 361379 255228        0.3089  1647        0.3431        0.2701 51128753   21.29%
 363241 255756        0.3395   834        0.3431        0.2701 51211363   21.29%
 365474 260007        0.3399   957        0.3431        0.2701 51911571   21.29%
*365651+257702                            0.3429        0.2701            21.23%
*366285+257576                            0.3429        0.2701            21.23%
 367494 258531        0.3417   767        0.3429        0.2701 52105096   21.23%
 370113 259754        0.3351  1185        0.3429        0.2701 52305961   21.23%
 371953 258864        0.3224  1234        0.3429        0.2701 52225923   21.23%
 374374 262060        0.3254   995        0.3429        0.2701 52593212   21.23%
 376483 262908        0.2838  1382        0.3429        0.2701 52742282   21.23%
Elapsed time = 14996.91 sec. (1591910.05 ticks, tree = 54598.64 MB, solutions = 211)
Nodefile size = 52500.09 MB (49665.60 MB after compression)
 378687 267486        0.3224  1133        0.3429        0.2701 53416590   21.23%
 380562 265224        0.3276  1286        0.3429        0.2701 53094165   21.23%
 382660 267871        0.3402   664        0.3429        0.2701 53453954   21.23%
 384652 270338        0.3279   810        0.3429        0.2701 53787793   21.23%
 386212 271232        0.3426  1232        0.3429        0.2701 53941267   21.23%
 387154 276074        0.3302  1194        0.3429        0.2701 54643736   21.23%
 388300 276791        0.3222  1099        0.3429        0.2701 54746282   21.23%
 390284 277741        0.3428   829        0.3429        0.2701 54939240   21.23%
 392499 278079        0.3413  1252        0.3429        0.2701 55039586   21.23%
 394320 278955        0.3109  1322        0.3429        0.2701 55136324   21.23%
Elapsed time = 15420.36 sec. (1630093.51 ticks, tree = 58023.01 MB, solutions = 211)
Nodefile size = 55915.68 MB (52889.82 MB after compression)
 395830 281028        0.3086  1285        0.3429        0.2701 55437886   21.23%
 397250 279988        0.3425  1003        0.3429        0.2701 55310505   21.23%
 398578 283543        0.3422  1001        0.3429        0.2701 55808443   21.23%
 399958 284828        0.3345  1140        0.3429        0.2701 56035269   21.23%
 401234 286996        0.3412  1204        0.3429        0.2701 56469666   21.23%
 402154 287640        0.2708  1292        0.3429        0.2701 56642022   21.23%
 403637 287380        0.2981  1400        0.3429        0.2701 56553867   21.23%
 404772 288387        0.3427   493        0.3429        0.2701 56755042   21.23%
 406106 290754        0.3197  1200        0.3429        0.2701 57304064   21.23%
 407082 291815        0.3136  1247        0.3429        0.2701 57519560   21.23%
Elapsed time = 15912.69 sec. (1668284.73 ticks, tree = 60767.03 MB, solutions = 211)
Nodefile size = 58686.95 MB (55499.53 MB after compression)
 408381 291729        0.3289   996        0.3429        0.2701 57462122   21.23%
 409718 294288        0.3157  1567        0.3429        0.2701 58043890   21.23%
 411098 295030        0.3362  1459        0.3429        0.2701 58348241   21.23%
 412435 296345        0.3405  1182        0.3429        0.2701 58579885   21.23%
 413588 295406        0.3390  1181        0.3429        0.2701 58438120   21.23%
 414954 298732        0.3076  1185        0.3429        0.2701 59045027   21.23%
 417281 298457        0.3418  1159        0.3429        0.2701 58997590   21.23%
 418888 299264        0.3409  1054        0.3429        0.2701 59120377   21.23%
 420752 299704        0.3238  1054        0.3429        0.2701 59246372   21.23%
 422566 302616        0.3373  1330        0.3429        0.2701 59802736   21.23%
Elapsed time = 16407.25 sec. (1706448.74 ticks, tree = 63078.34 MB, solutions = 211)
Nodefile size = 61000.02 MB (57688.33 MB after compression)
 424475 302309        0.3312   895        0.3429        0.2701 59738118   21.23%
 426946 306736        0.3428  1323        0.3429        0.2701 60406414   21.23%
 428978 307765        0.2701  1919        0.3429        0.2701 60574780   21.23%
 430440 308457        0.3359  1169        0.3429        0.2701 60667244   21.23%
 431833 310562        0.3327  1188        0.3429        0.2701 60936261   21.23%
 433167 313348        0.3002  1364        0.3429        0.2701 61351345   21.23%
 434197 313789        0.2991  1293        0.3429        0.2701 61421157   21.23%
 435814 315393        0.2903  1418        0.3429        0.2701 61663513   21.23%
 437831 316656        0.3158   823        0.3429        0.2701 61881819   21.23%
 439924 317461        0.3383   792        0.3429        0.2701 62017783   21.23%
Elapsed time = 16842.40 sec. (1744627.24 ticks, tree = 66259.78 MB, solutions = 211)
Nodefile size = 64141.21 MB (60653.58 MB after compression)
 441547 317394        0.3155  1152        0.3429        0.2701 62043448   21.23%
 443544 318823        0.3234   960        0.3429        0.2701 62245124   21.23%
*443724+319460                            0.3428        0.2701            21.22%
 445841 320606        cutoff              0.3428        0.2701 62477817   21.22%
 447325 322237        cutoff              0.3428        0.2701 62755279   21.22%
 448992 327042        0.3327   972        0.3428        0.2701 63462306   21.22%
 450937 327239        0.3392  1294        0.3428        0.2701 63510469   21.22%
 453125 328022        0.3410   457        0.3428        0.2701 63595069   21.22%
 455154 331884        0.3422  1045        0.3428        0.2701 64230606   21.22%
 457591 331234        0.3288   734        0.3428        0.2701 64129992   21.22%
 459558 332544        0.2707  1238        0.3428        0.2701 64302392   21.22%
Elapsed time = 17386.94 sec. (1782795.16 ticks, tree = 69497.79 MB, solutions = 212)
Nodefile size = 67410.88 MB (63741.23 MB after compression)
 461569 335757        0.3220  1061        0.3428        0.2701 64753446   21.22%
 463316 337050        0.3319  1023        0.3428        0.2701 64954609   21.22%
 465181 339934        0.3313  1298        0.3428        0.2701 65417429   21.22%
 467214 339302        0.3013  1417        0.3428        0.2701 65322721   21.22%
 469238 342176        0.3312  1179        0.3428        0.2701 65781952   21.22%
 471907 344541        0.3421   998        0.3428        0.2701 66152434   21.22%
 473772 343450        0.3191  1148        0.3428        0.2701 66008088   21.22%
 476578 346023        0.2713  1579        0.3428        0.2701 66430158   21.22%
 478960 349212        cutoff              0.3428        0.2701 66800249   21.22%
 481308 350935        0.3086  1254        0.3428        0.2701 67026295   21.22%
Elapsed time = 17888.04 sec. (1820955.81 ticks, tree = 73442.34 MB, solutions = 212)
Nodefile size = 71356.40 MB (67475.04 MB after compression)
 483560 354607        0.3365   946        0.3428        0.2701 67478086   21.22%
 486339 355949        0.3077  1531        0.3428        0.2701 67749059   21.22%
 488695 357775        0.2879  1397        0.3428        0.2701 67957421   21.22%
 490704 361109        0.3421   957        0.3428        0.2701 68334890   21.22%
 493165 363574        0.3068  1650        0.3428        0.2701 68694471   21.22%
 495277 364998        0.3099  1494        0.3428        0.2701 68871286   21.22%
*496849+366325                            0.3428        0.2701            21.22%
 497358 363312        0.2911  1325        0.3428        0.2701 68648664   21.22%
 498719 364849        0.3343  1177        0.3428        0.2701 68843921   21.22%
 500371 368059        0.3322  1168        0.3428        0.2701 69385497   21.22%
 502175 372354        0.3351  1203        0.3428        0.2701 69972826   21.22%
Elapsed time = 18298.49 sec. (1859118.37 ticks, tree = 78044.12 MB, solutions = 213)
Nodefile size = 75955.92 MB (71805.32 MB after compression)
 504329 371995        0.3166  1558        0.3428        0.2701 69915905   21.22%
 506136 372918        0.3413   973        0.3428        0.2701 70024216   21.22%
 508749 373282        0.3394  1231        0.3428        0.2701 70108221   21.22%
 511451 378288        cutoff              0.3428        0.2701 70734355   21.22%
 513785 378506        0.3400   998        0.3428        0.2701 70766224   21.22%
 516463 377953        cutoff              0.3428        0.2701 70708097   21.22%
 519283 380772        0.3297  1061        0.3428        0.2701 71076960   21.22%
 522253 387600        0.3412  1142        0.3428        0.2701 71908769   21.22%
 525125 385592        0.3295  1192        0.3428        0.2701 71666533   21.22%
 528357 389174        0.3241   820        0.3428        0.2701 72120923   21.22%
Elapsed time = 18722.28 sec. (1897278.57 ticks, tree = 81659.40 MB, solutions = 213)
Nodefile size = 79545.38 MB (75190.60 MB after compression)
 531107 394440        0.3375  1227        0.3428        0.2701 72643972   21.22%
 533887 391102        0.2858  1244        0.3428        0.2701 72312289   21.22%
 536337 396481        0.3412  1154        0.3428        0.2701 72840807   21.22%
 539607 401044        0.3263  1183        0.3428        0.2701 73363180   21.22%
 542079 401660        0.3416   843        0.3428        0.2701 73420805   21.22%
 544903 404418        0.3245  1236        0.3428        0.2701 73744343   21.22%
 547752 406654        0.3239  1054        0.3428        0.2701 74021488   21.22%
 550293 411907        0.3382   878        0.3428        0.2701 74598767   21.22%
 553353 411730        0.3351  1030        0.3428        0.2701 74587529   21.22%
 556704 412654        0.3423   914        0.3428        0.2701 74704697   21.22%
Elapsed time = 19177.36 sec. (1935431.81 ticks, tree = 86706.59 MB, solutions = 213)
Nodefile size = 84586.21 MB (79955.78 MB after compression)
 559581 415385        0.3073  1267        0.3428        0.2701 74989301   21.22%
 562446 417742        cutoff              0.3428        0.2701 75258105   21.22%
 565112 422139        0.3129  1109        0.3428        0.2701 75719124   21.22%
 567352 424121        0.3069  1299        0.3428        0.2701 75924570   21.22%
 569852 423233        0.3083  1128        0.3428        0.2701 75805142   21.22%
 572175 430151        0.3391  1104        0.3428        0.2701 76676562   21.22%
 574278 432090        0.3313   891        0.3428        0.2701 76888797   21.22%
 577280 432348        0.2722  1676        0.3428        0.2701 76936780   21.22%
 579455 435167        0.3235   675        0.3428        0.2701 77276863   21.22%
 581794 438480        cutoff              0.3428        0.2701 77734689   21.22%
Elapsed time = 19648.37 sec. (1973602.77 ticks, tree = 92261.26 MB, solutions = 213)
Nodefile size = 90181.81 MB (85232.86 MB after compression)
 583570 438445        0.3402  1066        0.3428        0.2701 77723226   21.22%
 585977 443206        0.3421  1042        0.3428        0.2701 78296237   21.22%
 588370 442068        cutoff              0.3428        0.2701 78148912   21.22%
 590375 442555        0.3130  1225        0.3428        0.2701 78242558   21.21%
 593065 444587        0.3389   988        0.3428        0.2701 78495092   21.21%
 595289 448751        0.3156  1191        0.3428        0.2701 79059327   21.21%
 597838 451595        0.3394   963        0.3428        0.2701 79397945   21.21%
 600432 450028        0.3403   907        0.3428        0.2701 79196778   21.21%
 602873 453682        0.3137  1219        0.3428        0.2701 79633092   21.21%
 604478 455754        0.2744  1318        0.3428        0.2701 79886526   21.21%
Elapsed time = 20080.24 sec. (2011761.31 ticks, tree = 95983.57 MB, solutions = 213)
Nodefile size = 93876.86 MB (88719.87 MB after compression)
 605742 456727        0.3298  1070        0.3428        0.2701 80020171   21.21%
 607929 462892        0.3345   954        0.3428        0.2701 80708098   21.21%
 610931 460836        0.3095  1203        0.3428        0.2701 80488122   21.21%
 613485 465167        0.3364   732        0.3428        0.2701 81010415   21.21%
 615876 467393        0.3427   755        0.3428        0.2701 81189739   21.21%
 618947 465981        0.3400  1063        0.3428        0.2701 81095766   21.21%
 621849 468431        0.2979  1329        0.3428        0.2701 81337744   21.21%
 624923 474021        0.3169  1291        0.3428        0.2701 81945083   21.21%
 627905 475228        0.3386   750        0.3428        0.2701 82110101   21.21%
 631030 479638        0.2972  1325        0.3428        0.2701 82570392   21.21%
Elapsed time = 20480.63 sec. (2049924.90 ticks, tree = 101132.22 MB, solutions = 213)
Nodefile size = 99051.98 MB (93603.33 MB after compression)
 633275 478944        0.3037  1278        0.3428        0.2701 82492901   21.21%
 636307 482290        0.3194  1266        0.3428        0.2701 82838974   21.21%
 639519 487329        0.3388  1071        0.3428        0.2701 83370574   21.21%
 642804 487964        0.2965  1343        0.3428        0.2701 83447851   21.21%
 645815 492456        0.3257  1239        0.3428        0.2701 83934784   21.21%
 648515 490792        0.3412   998        0.3428        0.2701 83724709   21.21%
 650853 496612        0.3386   889        0.3428        0.2701 84362701   21.21%
 653729 500985        0.3350  1165        0.3428        0.2701 84868704   21.21%
 656232 501644        0.3088  1577        0.3428        0.2701 84919579   21.21%
 659186 503081        0.3200  1137        0.3428        0.2701 85112357   21.21%
Elapsed time = 20903.63 sec. (2088087.01 ticks, tree = 106191.15 MB, solutions = 213)
Nodefile size = 104089.96 MB (98367.91 MB after compression)
 662730 505030        0.3306   933        0.3428        0.2701 85358241   21.21%
 665894 505072        0.3362   884        0.3428        0.2701 85341132   21.21%
 669001 514082        0.3054  1264        0.3428        0.2701 86246187   21.21%
 671688 512784        0.3393  1100        0.3428        0.2701 86097237   21.21%
 675095 515703        0.3160  1033        0.3428        0.2701 86443520   21.21%
 678246 519422        0.3332   936        0.3428        0.2701 86889755   21.21%
 681349 519536        0.3419  1278        0.3428        0.2701 86920948   21.21%
 683993 526158        0.3071  1246        0.3428        0.2701 87569937   21.21%
 687252 529047        0.3262   934        0.3428        0.2701 87833083   21.21%
 690410 528041        0.3290  1068        0.3428        0.2701 87739437   21.21%
Elapsed time = 21332.30 sec. (2126250.44 ticks, tree = 111588.54 MB, solutions = 213)
Nodefile size = 109449.76 MB (103429.84 MB after compression)
 693095 533259        0.3392   736        0.3428        0.2701 88291467   21.21%
 695418 532061        0.3086  1198        0.3428        0.2701 88195539   21.21%
 698513 535151        0.3381  1278        0.3428        0.2701 88491015   21.21%
 701684 538511        0.3172  1074        0.3428        0.2701 88900544   21.21%
 704662 540314        0.3395  1058        0.3428        0.2701 89077095   21.21%
 707950 547475        0.3391   854        0.3428        0.2701 89840689   21.21%
 710817 549171        0.3387  1104        0.3428        0.2701 90003732   21.21%
 712893 547119        0.3206  1310        0.3428        0.2701 89814578   21.21%
 716146 553504        0.3204  1287        0.3428        0.2701 90483302   21.21%
 718565 553546        0.3053  1160        0.3428        0.2701 90491799   21.21%
Elapsed time = 21764.21 sec. (2164415.09 ticks, tree = 117027.36 MB, solutions = 213)
Nodefile size = 114912.54 MB (108564.30 MB after compression)
 721025 557037        0.3390   902        0.3428        0.2701 90918876   21.21%
 723710 557513        0.3427   583        0.3428        0.2701 90948353   21.21%
 726119 560171        0.3424  1036        0.3428        0.2701 91347072   21.21%
 728152 560990        0.3254   938        0.3428        0.2701 91436613   21.21%
 731134 565307        0.3245  1364        0.3428        0.2701 91880040   21.21%
 733995 566270        0.3425   798        0.3428        0.2701 91963889   21.21%
 736984 568329        0.3348   651        0.3428        0.2701 92163859   21.21%
 740208 574102        0.3406   698        0.3428        0.2701 92729967   21.21%
 743566 577871        0.3166  1054        0.3428        0.2701 93173496   21.21%
 746876 576756        0.3223  1130        0.3428        0.2701 92991982   21.21%
Elapsed time = 22145.81 sec. (2202571.32 ticks, tree = 121779.82 MB, solutions = 213)
Nodefile size = 119652.02 MB (112982.25 MB after compression)
 750343 583233        0.3358   934        0.3428        0.2701 93644877   21.21%
 753290 586312        0.3422  1173        0.3428        0.2701 93933677   21.21%
 756034 586132        0.3320  1069        0.3428        0.2701 93901346   21.21%
 759261 592651        0.3298   819        0.3428        0.2701 94580574   21.21%
 762064 590609        0.3402   853        0.3428        0.2701 94350134   21.21%
 765026 593473        0.2893  1198        0.3428        0.2701 94664563   21.21%
 768367 599603        0.3287  1189        0.3428        0.2701 95342783   21.21%
 771519 599618        0.3339   966        0.3428        0.2701 95332796   21.21%
 774510 600442        0.3273   732        0.3428        0.2701 95398258   21.21%
 777757 604350        0.3309   894        0.3428        0.2701 95784323   21.21%
Elapsed time = 22566.72 sec. (2240726.56 ticks, tree = 127755.27 MB, solutions = 213)
Nodefile size = 125644.67 MB (118627.29 MB after compression)
 779923 606114        0.3358   901        0.3428        0.2701 95953427   21.20%
 782140 612984        0.3224  1197        0.3428        0.2701 96669260   21.20%
 784990 612552        0.3377  1258        0.3428        0.2701 96630591   21.20%
*786262+610876                            0.3426        0.2701            21.16%
 788046 615647        0.3377   806        0.3426        0.2701 96977532   21.16%
 790249 614838        0.3284  1236        0.3426        0.2701 96887049   21.16%
 792449 615469        0.3423   926        0.3426        0.2701 97660186   21.16%
 794569 612522        0.3239  1114        0.3426        0.2701 97387227   21.16%
 797893 615701        0.2842  1455        0.3426        0.2701 97696521   21.16%
 800645 619419        0.3402   915        0.3426        0.2701 98225416   21.16%
 802297 621899        0.3221  1488        0.3426        0.2701 98496242   21.16%
Elapsed time = 23003.20 sec. (2278895.66 ticks, tree = 131577.46 MB, solutions = 214)
Nodefile size = 129485.59 MB (122245.95 MB after compression)
 804651 618496        0.2707  1624        0.3426        0.2701 98099186   21.16%
 806552 626453        0.3422  1130        0.3426        0.2701 99015452   21.16%
*806698+627144                            0.3426        0.2701            21.16%
 808494 628773        0.3222   759        0.3426        0.2701 99268442   21.16%
 810846 628260        0.3187  1103        0.3426        0.2701 99214296   21.16%
 813782 630824        cutoff              0.3426        0.2701 99612155   21.16%
 816876 634326        0.3399   917        0.3426        0.2701 1.00e+08   21.15%
 820243 637015        0.3312  1125        0.3426        0.2701 1.00e+08   21.15%
 823919 638797        0.3267  1142        0.3426        0.2701 1.00e+08   21.15%
 826666 642387        0.3346   976        0.3426        0.2701 1.01e+08   21.15%
 829469 644335        0.3361  1093        0.3426        0.2701 1.01e+08   21.15%
Elapsed time = 23420.93 sec. (2317055.79 ticks, tree = 136444.87 MB, solutions = 215)
Nodefile size = 134338.22 MB (126805.12 MB after compression)
 832552 647110        0.3068  1422        0.3426        0.2701 1.01e+08   21.15%
 836794 650677        0.2974  1259        0.3426        0.2701 1.02e+08   21.15%
 840200 650798        0.3352   843        0.3426        0.2701 1.02e+08   21.15%
 843416 658693        0.3264  1289        0.3426        0.2701 1.02e+08   21.15%
 846252 660661        0.3226   896        0.3426        0.2701 1.02e+08   21.15%
 849157 659949        0.3330   912        0.3426        0.2701 1.02e+08   21.15%
 852563 663298        0.3307  1179        0.3426        0.2701 1.03e+08   21.15%
 855676 666411        0.3406   957        0.3426        0.2701 1.03e+08   21.15%
 858731 667093        0.3350  1282        0.3426        0.2701 1.03e+08   21.15%
 861843 673927        0.3416   870        0.3426        0.2701 1.04e+08   21.15%
Elapsed time = 23822.15 sec. (2355210.09 ticks, tree = 142860.01 MB, solutions = 215)
Nodefile size = 140763.32 MB (132835.82 MB after compression)
 864459 674299        0.3186  1034        0.3426        0.2701 1.04e+08   21.15%
 867881 674434        0.3425   832        0.3426        0.2702 1.04e+08   21.15%
 871292 677215        0.3425   762        0.3426        0.2702 1.04e+08   21.15%
 873749 680012        0.3085  1245        0.3426        0.2702 1.04e+08   21.15%
 876503 687257        0.3199  1109        0.3426        0.2702 1.05e+08   21.15%
 878619 691707        0.3283   937        0.3426        0.2702 1.06e+08   21.15%
 880931 689743        0.3097  1231        0.3426        0.2702 1.05e+08   21.15%
 883841 690884        0.3165  1077        0.3426        0.2702 1.05e+08   21.15%
 886693 696156        0.3383   616        0.3426        0.2702 1.06e+08   21.15%
 889731 696397        0.3242   975        0.3426        0.2702 1.06e+08   21.15%
Elapsed time = 24187.45 sec. (2393370.75 ticks, tree = 147728.89 MB, solutions = 215)
Nodefile size = 145635.66 MB (137420.97 MB after compression)
 893021 697560        0.3315   836        0.3426        0.2702 1.06e+08   21.15%
 896498 700437        0.3425   828        0.3426        0.2702 1.06e+08   21.15%
 899823 707934        0.3386   874        0.3426        0.2702 1.07e+08   21.15%
 903302 705164        0.3302  1322        0.3426        0.2702 1.07e+08   21.15%
 906282 711978        0.3240  1423        0.3426        0.2702 1.07e+08   21.15%
 909845 711706        0.3341   754        0.3426        0.2702 1.07e+08   21.15%
 912348 714029        0.3420  1179        0.3426        0.2702 1.08e+08   21.15%
 915351 721049        0.3235   782        0.3426        0.2702 1.08e+08   21.15%
 918374 722817        0.3136   969        0.3426        0.2702 1.09e+08   21.15%
 921759 723789        0.3383   722        0.3426        0.2702 1.09e+08   21.15%
Elapsed time = 24728.55 sec. (2431534.00 ticks, tree = 153676.05 MB, solutions = 215)
Nodefile size = 151540.22 MB (142971.28 MB after compression)
 925308 725726        0.3228   997        0.3426        0.2702 1.09e+08   21.15%
 928320 728970        0.3319   786        0.3426        0.2702 1.09e+08   21.15%
 931251 730631        0.3373   656        0.3426        0.2702 1.09e+08   21.15%
 934551 733848        0.2871  1775        0.3426        0.2702 1.10e+08   21.15%
 937424 738280        0.3089  1130        0.3426        0.2702 1.10e+08   21.15%
 940487 740460        0.2915  1249        0.3426        0.2702 1.10e+08   21.15%
 943229 742978        0.3093  1359        0.3426        0.2702 1.11e+08   21.15%
 946634 747588        0.3398   930        0.3426        0.2702 1.11e+08   21.15%
*947098+747099                            0.3426        0.2702            21.13%
 949530 748403        0.2753  1333        0.3426        0.2702 1.11e+08   21.13%
 952999 747606        cutoff              0.3426        0.2702 1.11e+08   21.13%
Elapsed time = 25403.60 sec. (2469693.45 ticks, tree = 158853.48 MB, solutions = 216)
Nodefile size = 156726.53 MB (147857.52 MB after compression)
 957230 754921        0.3363  1321        0.3426        0.2702 1.12e+08   21.13%
*957304+752324                            0.3422        0.2702            21.05%
 960377 753018        0.3190   929        0.3422        0.2702 1.12e+08   21.05%
 963594 755851        0.3017  1277        0.3422        0.2702 1.12e+08   21.05%
 966279 744832        0.2718  1314        0.3422        0.2702 1.13e+08   21.05%
 970011 748917        0.3412   796        0.3422        0.2702 1.13e+08   21.05%
 973890 749511        0.3362   814        0.3422        0.2702 1.13e+08   21.05%
 976907 752348        0.3330   946        0.3422        0.2702 1.13e+08   21.05%
 980056 754355        0.3195  1577        0.3422        0.2702 1.14e+08   21.05%
 983700 756574        0.3225   697        0.3422        0.2702 1.14e+08   21.05%
 986567 761623        0.3191   971        0.3422        0.2702 1.14e+08   21.05%
Elapsed time = 25900.55 sec. (2507850.43 ticks, tree = 161957.06 MB, solutions = 217)
Nodefile size = 159829.66 MB (150791.53 MB after compression)
 989596 760526        0.3138  1237        0.3422        0.2702 1.14e+08   21.05%
 992536 768711        0.3217   975        0.3422        0.2702 1.15e+08   21.05%
 995820 770502        0.3395   914        0.3422        0.2702 1.15e+08   21.05%
 998797 774769        0.2947  1176        0.3422        0.2702 1.15e+08   21.05%
 1001768 775331        0.3338  1127        0.3422        0.2702 1.16e+08   21.05%
 1005340 780025        0.3236  1003        0.3422        0.2702 1.16e+08   21.05%
 1008619 782403        0.3358   951        0.3422        0.2702 1.16e+08   21.05%
 1011921 782205        0.3195  1149        0.3422        0.2702 1.16e+08   21.04%
 1015203 786832        0.3346  1224        0.3422        0.2702 1.17e+08   21.04%
 1017774 793399        0.3269  1312        0.3422        0.2702 1.17e+08   21.04%
Elapsed time = 26478.96 sec. (2546015.40 ticks, tree = 168863.14 MB, solutions = 217)
Nodefile size = 166779.09 MB (157334.16 MB after compression)
 1019930 790836        0.3349  1110        0.3422        0.2702 1.17e+08   21.04%
 1021618 791203        0.3113  1397        0.3422        0.2702 1.17e+08   21.04%
 1022938 796250        0.2702  1593        0.3422        0.2702 1.18e+08   21.04%
 1024912 797544        0.3409  1231        0.3422        0.2702 1.18e+08   21.04%
 1027368 798912        0.3268   990        0.3422        0.2702 1.18e+08   21.04%
 1030166 800687        0.3159  1150        0.3422        0.2702 1.18e+08   21.04%
 1033033 800899        0.3313  1016        0.3422        0.2702 1.18e+08   21.04%
 1035200 806769        0.3310  1039        0.3422        0.2702 1.19e+08   21.04%
 1038420 807305        0.3318  1068        0.3422        0.2702 1.19e+08   21.04%
*1040408+806758                            0.3422        0.2702            21.03%
 1040829 809805        0.3129  1218        0.3422        0.2702 1.19e+08   21.03%
Elapsed time = 27085.24 sec. (2584190.39 ticks, tree = 172430.04 MB, solutions = 218)
Nodefile size = 170321.49 MB (160676.89 MB after compression)
 1043639 811069        0.3357   680        0.3422        0.2702 1.20e+08   21.03%
 1046494 812874        0.3414  1029        0.3422        0.2702 1.20e+08   21.03%
 1049323 816349        0.3257  1427        0.3422        0.2702 1.20e+08   21.03%
 1052253 816169        0.3322  1086        0.3422        0.2702 1.20e+08   21.03%
 1054970 818560        0.2795  1168        0.3422        0.2702 1.20e+08   21.03%
 1057876 822307        cutoff              0.3422        0.2702 1.21e+08   21.03%
 1060870 824314        0.3356  1113        0.3422        0.2702 1.21e+08   21.03%
 1063505 827937        cutoff              0.3422        0.2702 1.21e+08   21.03%
 1066669 828889        0.3164  1379        0.3422        0.2702 1.22e+08   21.03%
 1069401 833234        0.3414   817        0.3422        0.2702 1.22e+08   21.03%
Elapsed time = 27768.56 sec. (2622351.75 ticks, tree = 177532.54 MB, solutions = 218)
Nodefile size = 175417.69 MB (165494.23 MB after compression)
 1072849 836049        0.2934  1293        0.3422        0.2702 1.22e+08   21.03%
 1075869 834843        cutoff              0.3422        0.2702 1.22e+08   21.03%
 1078842 837095        0.3175  1559        0.3422        0.2702 1.22e+08   21.03%
 1082033 845191        0.3202  1161        0.3422        0.2702 1.23e+08   21.03%
 1084355 842746        0.3101  1228        0.3422        0.2702 1.23e+08   21.03%
 1087341 845406        0.3408  1350        0.3422        0.2702 1.23e+08   21.03%
 1091052 850574        0.3345   977        0.3422        0.2702 1.24e+08   21.03%
 1094541 853749        0.3311  1432        0.3422        0.2702 1.24e+08   21.03%
 1097790 855491        0.3367   969        0.3422        0.2702 1.24e+08   21.02%
 1101163 861343        0.3414   844        0.3422        0.2702 1.25e+08   21.02%
Elapsed time = 28485.10 sec. (2660514.26 ticks, tree = 183645.02 MB, solutions = 218)
Nodefile size = 181534.21 MB (171258.71 MB after compression)
 1104693 858961        0.3401  1002        0.3422        0.2702 1.25e+08   21.02%
 1108111 863781        0.3381   880        0.3422        0.2702 1.25e+08   21.02%
 1111039 870622        0.3278  1137        0.3422        0.2702 1.26e+08   21.02%
 1114474 874136        0.2773  1379        0.3422        0.2702 1.26e+08   21.02%
 1117741 870324        0.3180  1046        0.3422        0.2702 1.26e+08   21.02%
 1121635 878093        0.2702  1267        0.3422        0.2702 1.26e+08   21.02%
 1125498 882956        0.3418   656        0.3422        0.2702 1.27e+08   21.02%
 1129018 879922        0.3396  1026        0.3422        0.2702 1.27e+08   21.02%
 1132566 884855        cutoff              0.3422        0.2702 1.27e+08   21.02%
 1135523 893072        0.2902  1620        0.3422        0.2702 1.28e+08   21.02%
Elapsed time = 29188.77 sec. (2698676.30 ticks, tree = 190548.42 MB, solutions = 218)
Nodefile size = 188460.93 MB (177801.93 MB after compression)
 1139095 891018        0.3129  1105        0.3422        0.2702 1.28e+08   21.02%
 1142821 895299        0.3394  1216        0.3422        0.2702 1.28e+08   21.02%
 1146000 898714        0.3330   830        0.3422        0.2702 1.28e+08   21.02%
 1149150 904606        0.3283   878        0.3422        0.2702 1.29e+08   21.02%
 1151060 905565        0.3183  1179        0.3422        0.2702 1.29e+08   21.02%
 1154014 904815        0.3420   904        0.3422        0.2703 1.29e+08   21.02%
 1157081 911367        0.3417  1038        0.3422        0.2703 1.29e+08   21.02%
 1160571 913374        0.3408  1465        0.3422        0.2703 1.29e+08   21.02%
 1163687 914734        0.3382  1195        0.3422        0.2703 1.30e+08   21.02%
 1166980 916151        0.3365  1010        0.3422        0.2703 1.30e+08   21.02%
Elapsed time = 29841.42 sec. (2736837.66 ticks, tree = 195576.97 MB, solutions = 218)
Nodefile size = 193472.11 MB (182531.75 MB after compression)
 1170232 920909        0.3399   757        0.3422        0.2703 1.30e+08   21.02%
 1173644 925753        0.3362  1002        0.3422        0.2703 1.31e+08   21.02%
 1177367 928887        0.3363  1137        0.3422        0.2703 1.31e+08   21.02%
 1180864 924078        0.3215  1031        0.3422        0.2703 1.30e+08   21.02%
 1183462 928003        0.3400  1140        0.3422        0.2703 1.31e+08   21.02%
 1186514 937039        0.2850  1137        0.3422        0.2703 1.32e+08   21.01%
 1190248 933971        0.3416   762        0.3422        0.2703 1.31e+08   21.01%
 1193467 940686        0.2709  1216        0.3422        0.2703 1.32e+08   21.01%
 1197190 941026        0.2846  1335        0.3422        0.2703 1.32e+08   21.01%
 1200211 947719        0.3418  1062        0.3422        0.2703 1.33e+08   21.01%
Elapsed time = 30512.28 sec. (2774998.16 ticks, tree = 202452.03 MB, solutions = 218)
Nodefile size = 200356.94 MB (189024.30 MB after compression)
 1203685 950493        0.3247  1163        0.3422        0.2703 1.33e+08   21.01%
 1207095 952672        0.3296   806        0.3422        0.2703 1.33e+08   21.01%
 1210441 956299        0.3095  1204        0.3422        0.2703 1.33e+08   21.01%
 1214122 956705        0.3409  1234        0.3422        0.2703 1.33e+08   21.01%
 1217485 961636        0.3411   913        0.3422        0.2703 1.34e+08   21.01%
 1220451 962075        0.3408  1110        0.3422        0.2703 1.34e+08   21.01%
 1223937 967920        0.3303  1152        0.3422        0.2703 1.34e+08   21.01%
 1227141 968199        0.3409  1188        0.3422        0.2703 1.34e+08   21.01%
 1230016 971801        0.3368  1175        0.3422        0.2703 1.35e+08   21.01%
 1233408 975316        0.3392  1221        0.3422        0.2703 1.35e+08   21.01%
Elapsed time = 31062.02 sec. (2813157.58 ticks, tree = 208463.66 MB, solutions = 218)
Nodefile size = 206349.80 MB (194679.12 MB after compression)
 1236760 982298        0.3344   642        0.3422        0.2703 1.36e+08   21.01%
 1240059 980909        0.3369  1113        0.3422        0.2703 1.36e+08   21.01%
 1243645 985090        0.3383   853        0.3422        0.2703 1.36e+08   21.01%
 1246495 985322        0.3421  1096        0.3422        0.2703 1.36e+08   21.01%
 1250021 992787        0.3199   933        0.3422        0.2703 1.37e+08   21.01%
 1253256 991894        0.3194  1214        0.3422        0.2703 1.37e+08   21.01%
 1256354 994896        cutoff              0.3422        0.2703 1.37e+08   21.01%
 1259688 995946        0.3349   996        0.3422        0.2703 1.37e+08   21.01%
 1263180 1003174        0.2975  1645        0.3422        0.2703 1.38e+08   21.01%
 1266353 1005820        0.3398  1009        0.3422        0.2703 1.38e+08   21.01%
Elapsed time = 31525.56 sec. (2851317.04 ticks, tree = 215107.80 MB, solutions = 218)
Nodefile size = 213009.01 MB (200971.35 MB after compression)
 1269301 1004488        0.3352   901        0.3422        0.2703 1.38e+08   21.01%
 1272655 1007949        0.3414   839        0.3422        0.2703 1.38e+08   21.01%
 1275823 1012463        0.3182  1756        0.3422        0.2703 1.39e+08   21.01%
 1279291 1015275        0.3375  1109        0.3422        0.2703 1.39e+08   21.01%
 1282796 1019046        0.3369   954        0.3422        0.2703 1.39e+08   21.01%
 1285977 1023187        0.3098  1221        0.3422        0.2703 1.40e+08   21.01%
 1289449 1024823        0.3397   637        0.3422        0.2703 1.40e+08   21.01%
 1292749 1024896        0.2768  1670        0.3422        0.2703 1.40e+08   21.00%
 1296460 1026916        0.3416   733        0.3422        0.2703 1.40e+08   21.00%
 1300362 1036078        0.3410  1109        0.3422        0.2703 1.41e+08   21.00%
Elapsed time = 32003.39 sec. (2889473.75 ticks, tree = 221700.79 MB, solutions = 218)
Nodefile size = 219597.71 MB (207182.84 MB after compression)
 1304058 1035122        0.3402  1115        0.3422        0.2703 1.41e+08   21.00%
 1307665 1043274        0.3096  1272        0.3422        0.2703 1.41e+08   21.00%
 1311085 1043444        0.3078  1254        0.3422        0.2703 1.41e+08   21.00%
 1315016 1043843        0.3194  1096        0.3422        0.2703 1.41e+08   21.00%
 1317975 1050217        0.2856  1394        0.3422        0.2703 1.42e+08   21.00%
 1321517 1049756        0.3330  1244        0.3422        0.2703 1.42e+08   21.00%
 1324508 1054530        0.3034  1240        0.3422        0.2703 1.42e+08   21.00%
 1326784 1055634        0.3143  1225        0.3422        0.2703 1.43e+08   21.00%
 1328883 1061578        0.3367   950        0.3422        0.2703 1.43e+08   21.00%
 1331590 1061135        0.3107  1176        0.3422        0.2703 1.43e+08   21.00%
Elapsed time = 32423.58 sec. (2927632.68 ticks, tree = 227160.47 MB, solutions = 218)
Nodefile size = 225047.89 MB (212325.95 MB after compression)
 1335385 1066414        0.3279   991        0.3422        0.2703 1.44e+08   21.00%
 1338723 1070928        0.2941  1249        0.3422        0.2703 1.44e+08   21.00%
 1342046 1068048        0.3134  1209        0.3422        0.2703 1.44e+08   21.00%
 1345321 1075792        0.3068  1134        0.3422        0.2703 1.44e+08   21.00%
 1348911 1074340        0.3247  1178        0.3422        0.2703 1.44e+08   21.00%
 1352322 1081496        cutoff              0.3422        0.2703 1.45e+08   21.00%
 1355872 1085316        0.3387  1074        0.3422        0.2703 1.45e+08   21.00%
 1359804 1088179        0.3319  1256        0.3422        0.2703 1.46e+08   21.00%
 1363879 1092392        0.3368  1243        0.3422        0.2703 1.46e+08   21.00%
 1368059 1088874        0.3418   736        0.3422        0.2703 1.46e+08   21.00%
Elapsed time = 32920.24 sec. (2965788.89 ticks, tree = 233207.22 MB, solutions = 218)
Nodefile size = 231044.31 MB (217961.78 MB after compression)
 1371577 1096890        0.3418  1139        0.3422        0.2703 1.46e+08   21.00%
 1375894 1095718        0.3315  1058        0.3422        0.2703 1.46e+08   21.00%
 1379325 1098876        0.3214  1181        0.3422        0.2703 1.46e+08   21.00%
*1379385+1100385                            0.3421        0.2703            20.99%
 1382828 1102499        0.3401   878        0.3421        0.2703 1.47e+08   20.99%
 1386367 1106386        0.3278  1185        0.3421        0.2703 1.47e+08   20.99%
 1390082 1114276        0.3412  1149        0.3421        0.2703 1.48e+08   20.99%
 1394052 1112884        cutoff              0.3421        0.2703 1.48e+08   20.99%
 1397390 1114413    infeasible              0.3421        0.2703 1.48e+08   20.99%
 1400823 1122308        cutoff              0.3421        0.2703 1.48e+08   20.99%
 1404657 1124751        0.3353  1197        0.3421        0.2703 1.49e+08   20.99%
Elapsed time = 33400.48 sec. (3003946.82 ticks, tree = 241036.23 MB, solutions = 219)
Nodefile size = 238911.71 MB (225361.59 MB after compression)
*1404710+1120002                            0.3421        0.2703            20.98%
 1408515 1127260        0.3400   804        0.3421        0.2703 1.49e+08   20.98%
 1411903 1127014        0.3415  1196        0.3421        0.2703 1.49e+08   20.98%
*1412891+1127987                            0.3419        0.2703            20.94%
 1415502 1128852        0.3368   902        0.3419        0.2703 1.49e+08   20.94%
 1419148 1126953        cutoff              0.3419        0.2703 1.50e+08   20.94%
 1422282 1124571        0.3327  1336        0.3419        0.2703 1.50e+08   20.94%
 1425027 1133979        0.3414  1072        0.3419        0.2703 1.51e+08   20.94%
 1428666 1133045        0.3270   856        0.3419        0.2703 1.50e+08   20.94%
 1432491 1136993        0.3349  1038        0.3419        0.2703 1.51e+08   20.94%
 1435395 1140405        0.3410   805        0.3419        0.2703 1.51e+08   20.94%
 1438680 1140445        0.3090  1288        0.3419        0.2703 1.51e+08   20.94%
Elapsed time = 33861.37 sec. (3042102.08 ticks, tree = 244491.36 MB, solutions = 221)
Nodefile size = 242368.80 MB (228620.00 MB after compression)
 1442103 1144615        0.2866  1157        0.3419        0.2703 1.52e+08   20.94%
 1446141 1148197        0.3386   853        0.3419        0.2703 1.52e+08   20.94%
 1449233 1148774        0.3202  1163        0.3419        0.2703 1.52e+08   20.94%
*1449933+1149074                            0.3418        0.2703            20.92%
 1452664 1151558        0.3403   969        0.3418        0.2703 1.53e+08   20.92%
 1456944 1152246        0.3403  1076        0.3418        0.2703 1.53e+08   20.92%
 1460508 1157072        0.3403  1251        0.3418        0.2703 1.53e+08   20.92%
 1464161 1156988        0.3407  1030        0.3418        0.2703 1.53e+08   20.92%
 1467629 1163553        cutoff              0.3418        0.2703 1.54e+08   20.92%
 1471206 1165090        0.3300  1293        0.3418        0.2703 1.54e+08   20.92%
 1474512 1163594        0.3137  1129        0.3418        0.2703 1.54e+08   20.92%
Elapsed time = 34327.29 sec. (3080260.48 ticks, tree = 249552.28 MB, solutions = 222)
Nodefile size = 247411.88 MB (233365.55 MB after compression)
 1477699 1166470        0.3087  1302        0.3418        0.2703 1.54e+08   20.92%
 1481549 1170450        0.3417  1171        0.3418        0.2703 1.54e+08   20.92%
 1485170 1179358        0.3231  1099        0.3418        0.2703 1.55e+08   20.92%
 1488916 1177675        0.3355  1172        0.3418        0.2703 1.55e+08   20.92%
 1492744 1182074        0.3283   804        0.3418        0.2703 1.55e+08   20.92%
 1496683 1189198        0.3399   765        0.3418        0.2703 1.56e+08   20.92%
 1500692 1186667        0.3358   587        0.3418        0.2703 1.56e+08   20.92%
 1504028 1192407        cutoff              0.3418        0.2703 1.56e+08   20.92%
 1507760 1192509        0.3241   921        0.3418        0.2703 1.56e+08   20.92%
 1511807 1197452        0.3392   962        0.3418        0.2703 1.57e+08   20.92%
Elapsed time = 34809.62 sec. (3118417.72 ticks, tree = 256938.30 MB, solutions = 222)
Nodefile size = 254796.17 MB (240316.05 MB after compression)
 1515721 1206146        0.2880  1220        0.3418        0.2703 1.57e+08   20.92%
 1519188 1204457        0.3238  1055        0.3418        0.2703 1.57e+08   20.92%
 1521579 1209438        0.3089  1245        0.3418        0.2703 1.58e+08   20.92%
 1523836 1210506        0.3416  1005        0.3418        0.2704 1.58e+08   20.91%
 1526943 1213639        0.3325   914        0.3418        0.2704 1.58e+08   20.91%
 1530093 1218013        0.3402  1091        0.3418        0.2704 1.58e+08   20.91%
 1533710 1219591        0.3314   895        0.3418        0.2704 1.59e+08   20.91%
 1537630 1220616        0.3336  1163        0.3418        0.2704 1.59e+08   20.91%
 1541730 1224396        0.3418   840        0.3418        0.2704 1.59e+08   20.91%
 1545306 1230609        0.3412   975        0.3418        0.2704 1.60e+08   20.91%
Elapsed time = 35238.68 sec. (3156576.90 ticks, tree = 264171.76 MB, solutions = 222)
Nodefile size = 262058.76 MB (247166.90 MB after compression)
 1548863 1231064        0.3365   840        0.3418        0.2704 1.60e+08   20.91%
 1552561 1232746        0.3394  1005        0.3418        0.2704 1.60e+08   20.91%
 1556017 1239532        0.3395  1087        0.3418        0.2704 1.60e+08   20.91%
 1559387 1244082        0.3326   899        0.3418        0.2704 1.61e+08   20.91%
 1563179 1241892        0.3183   885        0.3418        0.2704 1.61e+08   20.91%
 1567146 1251330        0.3410   959        0.3418        0.2704 1.61e+08   20.91%
 1570616 1249167        0.2805  1246        0.3418        0.2704 1.61e+08   20.91%
 1574257 1255566        0.3243  1069        0.3418        0.2704 1.62e+08   20.91%
 1578035 1255900        0.3353  1111        0.3418        0.2704 1.62e+08   20.91%
 1581886 1261265        0.3306  1064        0.3418        0.2704 1.62e+08   20.91%
Elapsed time = 35661.56 sec. (3194730.16 ticks, tree = 270860.37 MB, solutions = 222)
Nodefile size = 268750.88 MB (253458.28 MB after compression)
 1585403 1268151        0.3412  1025        0.3418        0.2704 1.63e+08   20.91%
 1588478 1265696        0.3129  1470        0.3418        0.2704 1.63e+08   20.91%
 1591278 1273164        0.2708  1341        0.3418        0.2704 1.63e+08   20.91%
 1594250 1276730        0.2906  1306        0.3418        0.2704 1.64e+08   20.91%
 1597819 1277286        0.3287   792        0.3418        0.2704 1.64e+08   20.91%
 1601697 1278162        0.3111   973        0.3418        0.2704 1.64e+08   20.91%
 1604671 1281893        0.3008  1128        0.3418        0.2704 1.64e+08   20.91%
 1607657 1288185        0.3081  1378        0.3418        0.2704 1.65e+08   20.91%
 1611153 1284313        0.3412   922        0.3418        0.2704 1.64e+08   20.91%
 1614942 1291796        0.3334   993        0.3418        0.2704 1.65e+08   20.91%
Elapsed time = 36142.06 sec. (3232894.55 ticks, tree = 277535.64 MB, solutions = 222)
Nodefile size = 275403.71 MB (259709.43 MB after compression)
 1617908 1296564        0.3221  1056        0.3418        0.2704 1.65e+08   20.91%
 1621335 1296901        0.3396  1056        0.3418        0.2704 1.65e+08   20.91%
 1624454 1298502        0.3277  1131        0.3418        0.2704 1.66e+08   20.91%
 1627630 1303815        0.3404   852        0.3418        0.2704 1.66e+08   20.91%
 1631209 1307247        0.3124  1142        0.3418        0.2704 1.66e+08   20.91%
 1635092 1310180        0.3145  1124        0.3418        0.2704 1.67e+08   20.91%
 1638546 1307904        0.2895  1452        0.3418        0.2704 1.66e+08   20.91%
 1641757 1311724        0.3070  1368        0.3418        0.2704 1.67e+08   20.91%
 1644476 1319148        0.3362  1248        0.3418        0.2704 1.67e+08   20.91%
 1647790 1318549        0.3139  1111        0.3418        0.2704 1.67e+08   20.91%
Elapsed time = 36605.57 sec. (3271047.00 ticks, tree = 283403.27 MB, solutions = 222)
Nodefile size = 281256.52 MB (265218.27 MB after compression)
 1651852 1323120        0.3294  1020        0.3418        0.2704 1.68e+08   20.91%
 1655646 1321850        0.3416  1158        0.3418        0.2704 1.68e+08   20.91%
 1658824 1331434        0.3418   823        0.3418        0.2704 1.69e+08   20.91%
 1662560 1328719        0.3340  1007        0.3418        0.2704 1.68e+08   20.91%
 1666003 1333612        0.3406  1103        0.3418        0.2704 1.69e+08   20.91%
 1669228 1336101        0.3325  1027        0.3418        0.2704 1.69e+08   20.90%
 1672914 1344921        0.3372  1087        0.3418        0.2704 1.70e+08   20.90%
 1676101 1343323        0.3371  1132        0.3418        0.2704 1.70e+08   20.90%
 1679251 1344482        0.3104  1297        0.3418        0.2704 1.70e+08   20.90%
 1682464 1347871        0.3382   982        0.3418        0.2704 1.70e+08   20.90%
Elapsed time = 37037.40 sec. (3309200.68 ticks, tree = 289818.09 MB, solutions = 222)
Nodefile size = 287666.43 MB (271245.57 MB after compression)
 1685185 1354483        0.3385  1093        0.3418        0.2704 1.71e+08   20.90%
 1687498 1355557        0.2710  1226        0.3418        0.2704 1.71e+08   20.90%
 1690541 1360822        0.3390  1130        0.3418        0.2704 1.71e+08   20.90%
 1693777 1361298        0.3008  1230        0.3418        0.2704 1.71e+08   20.90%
 1697140 1362970        0.2929  1037        0.3418        0.2704 1.71e+08   20.90%
 1700763 1369725        0.3401   719        0.3418        0.2704 1.72e+08   20.90%
 1703636 1368495        0.3220   906        0.3418        0.2704 1.72e+08   20.90%
 1707274 1374256        0.3153  1019        0.3418        0.2704 1.72e+08   20.90%
 1711040 1373629        0.2709  1444        0.3418        0.2704 1.72e+08   20.90%
 1714930 1377873        0.3395   879        0.3418        0.2704 1.73e+08   20.90%
Elapsed time = 37467.23 sec. (3347354.18 ticks, tree = 296381.98 MB, solutions = 222)
Nodefile size = 294236.41 MB (277428.99 MB after compression)
 1718283 1383720        0.3415  1045        0.3418        0.2704 1.73e+08   20.90%
 1721840 1386405        0.3135  1032        0.3418        0.2704 1.73e+08   20.90%
*1723190+1386480                            0.3418        0.2704            20.89%
 1725462 1387773        0.2924  1132        0.3418        0.2704 1.73e+08   20.89%
 1728841 1389930        0.3022  1264        0.3418        0.2704 1.74e+08   20.89%
 1732211 1394575        0.3366   939        0.3418        0.2704 1.74e+08   20.89%
 1735840 1399835        0.3397  1118        0.3418        0.2704 1.75e+08   20.89%
 1739629 1394695        0.3275  1222        0.3418        0.2704 1.74e+08   20.89%
 1743012 1399921        0.3176   914        0.3418        0.2704 1.75e+08   20.89%
 1746083 1401819        0.3262   832        0.3418        0.2704 1.75e+08   20.89%
*1748720+1407927                            0.3417        0.2704            20.86%
 1749777 1409576        0.3285   753        0.3417        0.2704 1.76e+08   20.86%
Elapsed time = 38076.37 sec. (3385510.76 ticks, tree = 303318.20 MB, solutions = 224)
Nodefile size = 301184.59 MB (283972.23 MB after compression)
 1753984 1401722        0.3223   887        0.3417        0.2704 1.76e+08   20.86%
 1757024 1402825        0.3293  1388        0.3417        0.2704 1.76e+08   20.86%
 1761258 1402144        0.3412  1121        0.3417        0.2704 1.76e+08   20.86%
 1764918 1409022        0.2974  1202        0.3417        0.2704 1.77e+08   20.86%
 1768652 1412356        0.3369  1018        0.3417        0.2704 1.77e+08   20.86%
 1772342 1414602        0.3409  1080        0.3417        0.2704 1.77e+08   20.85%
 1775005 1415652        0.3318  1216        0.3417        0.2704 1.77e+08   20.85%
 1778500 1417391        0.3329   995        0.3417        0.2704 1.77e+08   20.85%
 1781717 1421376        0.2902  1307        0.3417        0.2704 1.78e+08   20.85%
 1785185 1423592        0.3291  1593        0.3417        0.2704 1.78e+08   20.85%
Elapsed time = 38720.50 sec. (3423670.30 ticks, tree = 306414.49 MB, solutions = 224)
Nodefile size = 304263.23 MB (286885.52 MB after compression)
 1788514 1431084        0.2786  1379        0.3417        0.2704 1.79e+08   20.85%
 1792367 1436541        0.2940  1396        0.3417        0.2704 1.79e+08   20.85%
 1795832 1434938        0.3390   695        0.3417        0.2704 1.79e+08   20.85%
 1798954 1440773        0.3209  1317        0.3417        0.2704 1.79e+08   20.85%
 1802626 1443328        0.3371  1135        0.3417        0.2704 1.80e+08   20.85%
 1806696 1447817        0.3128  1137        0.3417        0.2704 1.80e+08   20.85%
