Model: Diversity_model_3
 - number of variables: 4193
   - binary=336, integer=1, continuous=3856
 - number of constraints: 4463
   - linear=4463
 - parameters: defaults
CPXPARAM_Read_DataCheck                          1
CPXPARAM_RandomSeed                              201804051
CPXPARAM_MIP_Strategy_LBHeur                     1
CPXPARAM_TimeLimit                               86400
CPXPARAM_MIP_Tolerances_MIPGap                   0.02
Tried aggregator 2 times.
MIP Presolve eliminated 847 rows and 847 columns.
MIP Presolve modified 336 coefficients.
Aggregator did 840 substitutions.
Reduced MIP has 2776 rows, 2506 columns, and 9703 nonzeros.
Reduced MIP has 336 binaries, 0 generals, 840 SOSs, and 0 indicators.
Presolve time = 0.23 sec. (12.38 ticks)
Probing changed sense of 10 constraints.
Probing time = 0.03 sec. (2.80 ticks)
Tried aggregator 2 times.
MIP Presolve eliminated 10 rows and 0 columns.
Aggregator did 38 substitutions.
Reduced MIP has 2728 rows, 2468 columns, and 9597 nonzeros.
Reduced MIP has 326 binaries, 0 generals, 840 SOSs, and 0 indicators.
Presolve time = 0.08 sec. (9.33 ticks)
Probing changed sense of 2 constraints.
Probing time = 0.02 sec. (2.90 ticks)
Clique table members: 158.
MIP emphasis: balance optimality and feasibility.
MIP search method: dynamic search.
Parallel mode: deterministic, using up to 32 threads.
Root relaxation solution time = 0.46 sec. (82.95 ticks)

        Nodes                                         Cuts/
   Node  Left     Objective  IInf  Best Integer    Best Bound    ItCnt     Gap

      0     0        0.2652   326                      0.2652     1128         
*     0+    0                            0.6142        0.2652            56.82%
      0     0        0.2652   154        0.6142      Cuts: 44     1702   56.82%
      0     0        0.2652   182        0.6142     Cuts: 136     1933   56.82%
*     0+    0                            0.4622        0.2652            42.62%
      0     0        0.2652   122        0.4622      Cuts: 53     2026   42.62%
      0     0        0.2652   184        0.4622      Cuts: 91     2352   42.62%
*     0+    0                            0.4060        0.2652            34.67%
*     0+    0                            0.4037        0.2652            34.31%
      0     2        0.2652   105        0.4037        0.2652     2352   34.31%
Elapsed time = 113.33 sec. (810.06 ticks, tree = 0.02 MB, solutions = 4)
*    48+    5                            0.4015        0.2652            33.95%
*   238+   15                            0.3986        0.2652            33.46%
*   611+   33                            0.3825        0.2652            30.65%
   1119   761        0.2689   116        0.3825        0.2652    28212   30.65%
   3581  2312        0.3085    30        0.3825        0.2652    63200   30.65%
*  3756+ 1151                            0.3791        0.2652            30.04%
*  3790+ 2495                            0.3298        0.2652            19.57%
*  3843+ 1584                            0.3279        0.2652            19.13%
*  3916  1554      integral     0        0.3270        0.2652    70464   18.90%
*  4524  1622      integral     0        0.3156        0.2652    75410   15.96%
   6319  2910        0.3114   147        0.3156        0.2652   107658   15.96%
*  8273+ 2252                            0.3106        0.2652            14.62%
   8437  4286        0.2741   110        0.3106        0.2652   143974   14.62%
*  8627+ 2252                            0.3077        0.2652            13.80%
* 10540+ 2252                            0.3073        0.2652            13.69%
  10693  6160        0.2666   127        0.3073        0.2652   188760   13.69%
* 10740+ 2463                            0.3059        0.2652            13.29%
* 10835+ 2463                            0.3030        0.2652            12.48%
  10930  5819        0.2903    82        0.3030        0.2652   203321   12.48%
* 10934+ 6126                            0.3028        0.2652            12.40%
* 10970+ 5737                            0.2975        0.2652            10.84%
* 11029+ 5737                            0.2957        0.2652            10.32%
  11056  4677        0.2856    88        0.2957        0.2652   206009   10.32%
  13017  4475        0.2864   102        0.2957        0.2652   221683   10.32%
* 13418+ 5737                            0.2924        0.2652             9.30%
* 17042  5763      integral     0        0.2857        0.2652   300174    7.18%
* 17360+ 3188                            0.2842        0.2652             6.69%
  17360  3189        0.2652    40        0.2842        0.2652   342787    6.69%
Elapsed time = 296.76 sec. (5197.02 ticks, tree = 33.47 MB, solutions = 114)
* 17369+ 1560                            0.2840        0.2652             6.62%
* 17369+ 1040                            0.2830        0.2652             6.29%
  17381   450        0.2707   167        0.2830        0.2652   345025    6.29%
* 17595+    3                            0.2822        0.2652             6.00%
* 17913+   13                            0.2817        0.2652             5.86%
* 18050+   12                            0.2810        0.2652             5.63%
* 19081+  437                            0.2778        0.2652             4.53%
  20317  1191        0.2776   106        0.2778        0.2652   429390    4.53%
* 31118+ 5691                            0.2777        0.2652             4.48%
* 31171+ 5849                            0.2777        0.2652             4.48%
* 31855+ 6374                            0.2775        0.2652             4.41%
* 32425+ 6504                            0.2775        0.2652             4.41%
  34753  8091        cutoff              0.2775        0.2652   792905    4.41%
  60619 21093        0.2770    74        0.2775        0.2653  1270594    4.39%
* 74274+27147                            0.2754        0.2656             3.54%
  82162 33295        0.2773   108        0.2754        0.2658  1687238    3.47%
* 85690+27507                            0.2743        0.2658             3.09%
 104579 44742        0.2755    72        0.2743        0.2658  1981065    3.09%
 126429 56269        0.2675   112        0.2743        0.2658  2293935    3.09%
 149004 68277        0.2695    91        0.2743        0.2658  2623442    3.09%
*166580+54847                            0.2742        0.2658             3.06%
 167043 55386        0.2751   100        0.2742        0.2658  2971830    3.06%
*173222+44916                            0.2742        0.2658             3.05%
 178805 48277        cutoff              0.2742        0.2658  3111015    3.05%
Elapsed time = 385.93 sec. (14736.41 ticks, tree = 98.52 MB, solutions = 162)
*180373+46769                            0.2741        0.2658             3.02%
*182861+48843                            0.2729        0.2658             2.60%
*183463+48154                            0.2716        0.2658             2.11%
 184574 49109        0.2718    90        0.2716        0.2658  3136633    2.11%
 184582 26923    infeasible              0.2716        0.2658  1484807    2.11%

Implied bound cuts applied:  4
Flow cuts applied:  5
Mixed integer rounding cuts applied:  5
Gomory fractional cuts applied:  3

Root node processing (before b&c):
  Real time             =  102.61 sec. (814.23 ticks)
Parallel b&c, 32 threads:
  Real time             =  294.12 sec. (19799.86 ticks)
  Sync time (average)   =  162.51 sec.
  Wait time (average)   =    0.55 sec.
                          ------------
Total (root+branch&cut) =  396.74 sec. (20614.10 ticks)
Solution found
