Model: Diversity_model_3
 - number of variables: 1949
   - binary=224, integer=1, continuous=1724
 - number of constraints: 2373
   - linear=2373
 - parameters: defaults
CPXPARAM_Read_DataCheck                          1
CPXPARAM_RandomSeed                              201804051
CPXPARAM_MIP_Strategy_LBHeur                     1
CPXPARAM_TimeLimit                               86400
CPXPARAM_MIP_Tolerances_MIPGap                   0.02
Tried aggregator 2 times.
MIP Presolve eliminated 343 rows and 343 columns.
MIP Presolve modified 224 coefficients.
Aggregator did 336 substitutions.
Reduced MIP has 1694 rows, 1270 columns, and 5257 nonzeros.
Reduced MIP has 224 binaries, 0 generals, 336 SOSs, and 0 indicators.
Presolve time = 0.01 sec. (6.39 ticks)
Probing changed sense of 23 constraints.
Probing time = 0.01 sec. (2.58 ticks)
Tried aggregator 2 times.
MIP Presolve eliminated 23 rows and 0 columns.
Aggregator did 51 substitutions.
Reduced MIP has 1620 rows, 1219 columns, and 5086 nonzeros.
Reduced MIP has 201 binaries, 0 generals, 336 SOSs, and 0 indicators.
Presolve time = 0.02 sec. (5.41 ticks)
Probing changed sense of 5 constraints.
Probing time = 0.00 sec. (2.46 ticks)
Clique table members: 89.
MIP emphasis: balance optimality and feasibility.
MIP search method: dynamic search.
Parallel mode: deterministic, using up to 32 threads.
Root relaxation solution time = 0.04 sec. (13.61 ticks)

        Nodes                                         Cuts/
   Node  Left     Objective  IInf  Best Integer    Best Bound    ItCnt     Gap

      0     0        0.2652   147                      0.2652      450         
*     0+    0                            1.7199        0.2652            84.58%
      0     0        0.2652   187        1.7199     Cuts: 167     1079   84.58%
      0     0        0.2652   138        1.7199      Cuts: 39     1202   84.58%
*     0+    0                            0.6142        0.2652            56.82%
      0     0        0.2652   135        0.6142     Cuts: 158     1281   56.82%
*     0+    0                            0.4283        0.2652            38.07%
      0     0        0.2652   133        0.4283     Cuts: 161     1327   38.07%
*     0+    0                            0.4093        0.2652            35.20%
      0     2        0.2652    97        0.4093        0.2652     1327   35.20%
Elapsed time = 74.54 sec. (304.20 ticks, tree = 0.02 MB, solutions = 4)
*   177+    8                            0.4050        0.2652            34.52%
*  2676  1717      integral     0        0.4004        0.2652    42724   33.77%
*  2921+ 1908                            0.3827        0.2652            30.69%
*  3966+ 1952                            0.3513        0.2652            24.50%
*  4292  1566      integral     0        0.3471        0.2652    67586   23.60%
*  4837  1735      integral     0        0.3303        0.2652    74461   19.72%
*  5432+ 1412                            0.3267        0.2652            18.83%
*  5462  1382      integral     0        0.3265        0.2652    87131   18.77%
*  7995+ 2468                            0.3125        0.2652            15.14%
*  8250  1596      integral     0        0.3122        0.2652   125481   15.04%
* 10592+ 2575                            0.3111        0.2652            14.76%
  13307  3605        0.3063    78        0.3111        0.2652   187657   14.76%
* 14587  4624      integral     0        0.3104        0.2652   205524   14.55%
* 16635+ 1651                            0.3091        0.2652            14.18%
* 19177+ 1678                            0.3088        0.2652            14.10%
* 19984+ 1651                            0.3062        0.2652            13.38%
  20393  7436        cutoff              0.3062        0.2652   262980   13.38%
* 27788+ 1651                            0.3062        0.2652            13.38%
  28402 10840        0.2984    29        0.3062        0.2652   323892   13.38%
* 29179+ 6823                            0.3062        0.2652            13.38%
* 29183+ 6879                            0.3062        0.2652            13.38%
  29196  7287        0.2901    52        0.3062        0.2652   348563   13.38%
* 29203+ 5062                            0.3024        0.2652            12.28%
* 29203+ 3374                            0.3020        0.2652            12.18%
  29203  3375        0.2652    64        0.3020        0.2760   357305    8.61%
  29205  1688        0.2652    62        0.3020        0.2760   357320    8.61%
* 29801+   30                            0.3011        0.2760             8.33%
* 29839+   11                            0.2983        0.2760             7.48%
* 29998+   30                            0.2982        0.2760             7.45%
* 30079+   30                            0.2978        0.2760             7.33%
* 31212+   23                            0.2978        0.2760             7.30%
  51210 10009        0.2960    50        0.2978        0.2760   530740    7.30%
Elapsed time = 332.92 sec. (4088.13 ticks, tree = 9.55 MB, solutions = 86)
* 61446+14726                            0.2976        0.2884             3.11%
* 61464+14808                            0.2975        0.2888             2.93%
* 61750+15151                            0.2970        0.2888             2.76%
* 61785+15412                            0.2962        0.2888             2.50%

Implied bound cuts applied:  1
Flow cuts applied:  14
Mixed integer rounding cuts applied:  13
Gomory fractional cuts applied:  8

Root node processing (before b&c):
  Real time             =   67.33 sec. (304.72 ticks)
Parallel b&c, 32 threads:
  Real time             =  303.75 sec. (4293.10 ticks)
  Sync time (average)   =  195.99 sec.
  Wait time (average)   =    0.19 sec.
                          ------------
Total (root+branch&cut) =  371.08 sec. (4597.82 ticks)
Solution found
