Model: Diversity_model_3
 - number of variables: 3221
   - binary=305, integer=1, continuous=2915
 - number of constraints: 3622
   - linear=3622
 - parameters: defaults
CPXPARAM_Read_DataCheck                          1
CPXPARAM_RandomSeed                              201804051
CPXPARAM_MIP_Strategy_LBHeur                     1
CPXPARAM_TimeLimit                               86400
CPXPARAM_MIP_Tolerances_MIPGap                   0.02
Tried aggregator 2 times.
MIP Presolve eliminated 617 rows and 617 columns.
MIP Presolve modified 305 coefficients.
Aggregator did 610 substitutions.
Reduced MIP has 2395 rows, 1994 columns, and 7957 nonzeros.
Reduced MIP has 305 binaries, 0 generals, 610 SOSs, and 0 indicators.
Presolve time = 0.02 sec. (10.11 ticks)
Probing changed sense of 13 constraints.
Probing time = 0.01 sec. (2.69 ticks)
Tried aggregator 2 times.
MIP Presolve eliminated 13 rows and 0 columns.
Aggregator did 43 substitutions.
Reduced MIP has 2339 rows, 1951 columns, and 7832 nonzeros.
Reduced MIP has 292 binaries, 0 generals, 610 SOSs, and 0 indicators.
Presolve time = 0.06 sec. (8.34 ticks)
Probing changed sense of 3 constraints.
Probing time = 0.05 sec. (2.86 ticks)
Clique table members: 137.
MIP emphasis: balance optimality and feasibility.
MIP search method: dynamic search.
Parallel mode: deterministic, using up to 32 threads.
Root relaxation solution time = 0.23 sec. (34.29 ticks)

        Nodes                                         Cuts/
   Node  Left     Objective  IInf  Best Integer    Best Bound    ItCnt     Gap

      0     0        0.8754   240                      0.8754      749         
*     0+    0                            1.3267        0.8754            34.02%
      0     0        0.8754   223        1.3267      Cuts: 74     1303   34.02%
      0     0        0.8754   238        1.3267     Cuts: 125     1519   34.02%
*     0+    0                            1.1099        0.8754            21.12%
      0     0        0.8754   218        1.1099      Cuts: 28     1701   21.12%
      0     0        0.8754   222        1.1099      Cuts: 87     1950   21.12%
*     0+    0                            1.0696        0.8754            18.15%
      0     2        0.8754   196        1.0696        0.8754     1950   18.15%
Elapsed time = 82.61 sec. (528.66 ticks, tree = 0.02 MB, solutions = 3)
   3533  1993        1.0207    70        1.0696        0.8754    66635   18.15%
*  3700+ 2090                            1.0508        0.8754            16.69%
*  3770+ 1763                            1.0041        0.8754            12.81%
   3982   954    infeasible              1.0041        0.8754    46756   12.81%
*  3983+ 1374                            0.9751        0.8754            10.22%
*  4002+ 1406                            0.9661        0.8754             9.38%
*  4599+ 1371                            0.9647        0.8754             9.25%
*  4811+ 1405                            0.9645        0.8754             9.23%
*  5827+ 1405                            0.9644        0.8754             9.22%
*  7440  2912      integral     0        0.9535        0.8754   114074    8.19%
*  8284+ 1631                            0.9511        0.8754             7.96%
   9012  1703        0.9465    92        0.9511        0.8754   163083    7.96%
  15003  5436        0.9233    92        0.9511        0.8754   266319    7.96%
* 15330  5182      integral     0        0.9370        0.8754   261975    6.57%
* 21858  5917      integral     0        0.9345        0.8754   322062    6.32%
  22564  6885        0.9127    91        0.9345        0.8754   336807    6.32%
* 24996  6972      integral     0        0.9308        0.8754   350829    5.95%
* 26659  8073      integral     0        0.9288        0.8754   370178    5.74%
* 27253  7939      integral     0        0.9265        0.8754   367409    5.51%
  34751  9595        0.9095    50        0.9265        0.8754   451053    5.51%
* 40395 12766      integral     0        0.9249        0.8754   497354    5.34%
  43077 13779        0.9044    81        0.9249        0.8754   537606    5.34%
* 48662 17421      integral     0        0.9233        0.8754   593858    5.18%
Elapsed time = 173.67 sec. (2674.35 ticks, tree = 27.58 MB, solutions = 43)
* 50692+12292                            0.9181        0.8933             2.71%
* 50692+ 8194                            0.9159        0.8933             2.47%
  50692  8195        0.8754    97        0.9159        0.8965   638375    2.11%
* 53559+  696                            0.9152        0.8965             2.04%
* 53566+  710                            0.9152        0.8965             2.04%
  57952  3796        0.8826   113        0.9152        0.8965   727046    2.04%

Implied bound cuts applied:  3
Flow cuts applied:  6
Mixed integer rounding cuts applied:  6
Gomory fractional cuts applied:  2

Root node processing (before b&c):
  Real time             =   72.89 sec. (528.61 ticks)
Parallel b&c, 32 threads:
  Real time             =  373.73 sec. (5302.44 ticks)
  Sync time (average)   =  154.10 sec.
  Wait time (average)   =    0.03 sec.
                          ------------
Total (root+branch&cut) =  446.62 sec. (5831.06 ticks)
Solution found
