Model: Diversity_model_3
 - number of variables: 3272
   - binary=2626, integer=2, continuous=644
 - number of constraints: 8107
   - linear=8107
 - parameters: defaults
CPXPARAM_Read_DataCheck                          1
CPXPARAM_RandomSeed                              201804051
CPXPARAM_MIP_Strategy_LBHeur                     1
CPXPARAM_TimeLimit                               86400
CPXPARAM_MIP_Tolerances_MIPGap                   0.02
Tried aggregator 3 times.
MIP Presolve eliminated 171 rows and 82 columns.
MIP Presolve modified 592 coefficients.
Aggregator did 1352 substitutions.
Reduced MIP has 6584 rows, 1838 columns, and 16732 nonzeros.
Reduced MIP has 1350 binaries, 0 generals, 74 SOSs, and 0 indicators.
Presolve time = 0.08 sec. (42.93 ticks)
Probing fixed 0 vars, tightened 110 bounds.
Probing time = 0.12 sec. (21.60 ticks)
Tried aggregator 2 times.
MIP Presolve eliminated 720 rows and 78 columns.
MIP Presolve modified 144 coefficients.
Aggregator did 37 substitutions.
Reduced MIP has 5827 rows, 1723 columns, and 14654 nonzeros.
Reduced MIP has 1272 binaries, 0 generals, 74 SOSs, and 0 indicators.
Presolve time = 0.06 sec. (34.31 ticks)
Probing time = 0.14 sec. (18.88 ticks)
Clique table members: 9100.
MIP emphasis: balance optimality and feasibility.
MIP search method: dynamic search.
Parallel mode: deterministic, using up to 32 threads.
Root relaxation solution time = 0.70 sec. (107.64 ticks)

        Nodes                                         Cuts/
   Node  Left     Objective  IInf  Best Integer    Best Bound    ItCnt     Gap

      0     0        0.5451   902                      0.5451     2526         
*     0+    0                            2.0670        0.5451            73.63%
*     0+    0                            1.3856        0.5451            60.66%

Clique cuts applied:  1374
Implied bound cuts applied:  27
Zero-half cuts applied:  155

Root node processing (before b&c):
  Real time             =    2.72 sec. (1211.84 ticks)
Parallel b&c, 32 threads:
  Real time             =    0.00 sec. (0.00 ticks)
  Sync time (average)   =    0.00 sec.
  Wait time (average)   =    0.00 sec.
                          ------------
Total (root+branch&cut) =    2.72 sec. (1211.84 ticks)
Solution found
