Model: Diversity_model_3
 - number of variables: 5029
   - binary=2638, integer=2, continuous=2389
 - number of constraints: 8514
   - linear=8514
 - parameters: defaults
CPXPARAM_Read_DataCheck                          1
CPXPARAM_RandomSeed                              201804051
CPXPARAM_MIP_Strategy_LBHeur                     1
CPXPARAM_TimeLimit                               86400
CPXPARAM_MIP_Tolerances_MIPGap                   0.02
Tried aggregator 2 times.
MIP Presolve eliminated 515 rows and 509 columns.
MIP Presolve modified 250 coefficients.
Aggregator did 1695 substitutions.
Reduced MIP has 6304 rows, 2825 columns, and 17392 nonzeros.
Reduced MIP has 1444 binaries, 0 generals, 500 SOSs, and 0 indicators.
Presolve time = 0.09 sec. (23.33 ticks)
Probing changed sense of 25 constraints.
Probing time = 0.04 sec. (6.26 ticks)
Tried aggregator 2 times.
MIP Presolve eliminated 1826 rows and 578 columns.
Aggregator did 50 substitutions.
Reduced MIP has 4428 rows, 2197 columns, and 12970 nonzeros.
Reduced MIP has 841 binaries, 0 generals, 500 SOSs, and 0 indicators.
Presolve time = 0.03 sec. (19.01 ticks)
Probing time = 0.02 sec. (3.72 ticks)
Tried aggregator 2 times.
MIP Presolve eliminated 646 rows and 186 columns.
Aggregator did 25 substitutions.
Reduced MIP has 3757 rows, 1986 columns, and 11454 nonzeros.
Reduced MIP has 655 binaries, 0 generals, 500 SOSs, and 0 indicators.
Presolve time = 0.02 sec. (19.12 ticks)
Probing time = 0.02 sec. (2.48 ticks)
Clique table members: 5979.
MIP emphasis: balance optimality and feasibility.
MIP search method: dynamic search.
Parallel mode: deterministic, using up to 32 threads.
Root relaxation solution time = 0.10 sec. (60.91 ticks)

        Nodes                                         Cuts/
   Node  Left     Objective  IInf  Best Integer    Best Bound    ItCnt     Gap

      0     0        1.0000   445                      1.0000      880         
      0     0        1.0126   336                   Cuts: 441     1898         
*     0+    0                            2.2706        1.0126            55.41%
      0     0        1.0201   333        2.2706     Cuts: 468     2679   55.07%
      0     0        1.0201   329        2.2706     Cuts: 214     2915   55.07%
      0     0        1.0201   327        2.2706     Cuts: 129     3077   55.07%
*     0+    0                            2.1763        1.0201            53.13%
      0     0        1.0201   200        2.1763      Cuts: 11     3155   53.13%
      0     0        1.0201   252        2.1763     Cuts: 198     3494   53.13%
*     0+    0                            1.5201        1.0201            32.89%
*     0+    0                            1.4955        1.0201            31.79%
      0     2        1.0201   176        1.4955        1.0201     3494   31.79%
Elapsed time = 31.45 sec. (1319.77 ticks, tree = 0.02 MB, solutions = 4)
*   302+   18                            1.4270        1.0201            28.51%
    519    99        1.2934   166        1.4270        1.0201    29069   28.51%
   2584  1521        1.3529   176        1.4270        1.0201   104211   28.51%
   3093  1885        1.4132   111        1.4270        1.0201   135747   28.51%
   4327  2834        1.3868    60        1.4270        1.0201   189230   28.51%
*  4813  3108      integral     0        1.3709        1.0201   204080   25.59%
*  5648  3156      integral     0        1.2049        1.0201   231106   15.34%
   7742  2575        1.1821   167        1.2049        1.0201   287476   15.34%
   9087  3797        1.1820   114        1.2049        1.0201   349685   15.34%
* 10358  4662      integral     0        1.1759        1.0201   399342   13.25%
  10530  4619        1.1899    60        1.1759        1.0201   397553   13.25%
  11937  4618        1.1714    18        1.1759        1.0201   476981   13.25%
* 12619+ 3049                            1.1704        1.0201            12.84%
* 14006+ 3049                            1.1704        1.0201            12.84%
  19491  9206    infeasible              1.1704        1.0201   778088   12.84%
Elapsed time = 93.43 sec. (4325.85 ticks, tree = 50.20 MB, solutions = 32)
* 20250+ 8726                            1.1702        1.0201            12.83%
* 23301+ 8473                            1.1702        1.0211            12.75%
* 23301+ 5648                            1.1701        1.0211            12.74%
  23301  5649        1.0201   151        1.1701        1.0211   961352   12.74%
  25312  1044        1.1281    71        1.1701        1.0211  1035822   12.74%
* 26040+   32                            1.1675        1.0211            12.55%
* 26242+ 1354                            1.1600        1.0211            11.98%
* 26261+ 1199                            1.1590        1.0211            11.90%
* 28053+ 1738                            1.1580        1.0211            11.83%
* 29381+ 2241                            1.1579        1.0217            11.77%
* 29494+ 2100                            1.1520        1.0217            11.32%
  29585  3707        1.0587   140        1.1520        1.0217  1156442   11.32%
* 33077+ 3513                            1.1476        1.0251            10.68%
  40033  9366        1.1397   116        1.1476        1.0255  1375255   10.64%
* 51573+16955                            1.1469        1.0321            10.01%
  51573 16956        1.1073   200        1.1469        1.0321  1591997   10.01%
* 51575+17036                            1.1459        1.0321             9.94%
* 51713+17732                            1.1447        1.0321             9.84%
  66583 25564        cutoff              1.1447        1.0367  1862550    9.43%
  79772 34963        1.1303   115        1.1447        1.0404  2139709    9.11%
* 82656+32480                            1.1404        1.0404             8.76%
* 82984+32540                            1.1315        1.0404             8.05%
* 85385+32988                            1.1298        1.0404             7.91%
  89674 41717        1.0514   123        1.1298        1.0404  2338555    7.91%
* 92463+32286                            1.1283        1.0404             7.79%
* 92767+32988                            1.1246        1.0404             7.48%
* 94468+32988                            1.1244        1.0404             7.46%
* 94852+42944                            1.1214        1.0404             7.22%
* 94941+42944                            1.1164        1.0404             6.81%
  95126 43700        1.1258   179        1.1164        1.0404  2454878    6.81%
* 97158+22519                            1.1137        1.0404             6.57%
*100158+22049                            1.1131        1.0404             6.53%
 100399 23222        1.0906    84        1.1131        1.0404  2572963    6.53%
Elapsed time = 428.36 sec. (16171.80 ticks, tree = 532.72 MB, solutions = 99)
 107620 25896        1.1050    93        1.1131        1.0404  2708656    6.53%
 115289 30174        1.0691    99        1.1131        1.0404  2888724    6.53%
 124301 33827        1.0986    70        1.1131        1.0404  3050378    6.53%
*131252 38050      integral     0        1.1122        1.0404  3237259    6.45%
*133492+37550                            1.1117        1.0404             6.41%
*133785+37809                            1.1117        1.0404             6.41%
 139659 40276        1.0786    90        1.1117        1.0404  3390918    6.41%
 147394 44721        1.0784   128        1.1117        1.0404  3573003    6.41%
 158455 49125    infeasible              1.1117        1.0404  3730458    6.41%
 166763 52904        1.0795   106        1.1117        1.0404  3880703    6.41%
*173076+56269                            1.1117        1.0404             6.41%
*173279+56525                            1.1117        1.0404             6.41%
 173307 58404        1.0982    85        1.1117        1.0404  4090106    6.41%
*173412+57558                            1.1087        1.0404             6.16%
*175407+52311                            1.1033        1.0404             5.70%
 180578 42348        1.0955   107        1.1033        1.0404  4153013    5.70%
Elapsed time = 510.58 sec. (25652.17 ticks, tree = 984.71 MB, solutions = 123)
 190131 45903        1.0736    89        1.1033        1.0405  4352840    5.70%
 206494 52956        cutoff              1.1033        1.0663  4694174    3.36%
 223308 58995        1.0713   112        1.1033        1.0688  5005887    3.13%
 243478 66129        cutoff              1.1033        1.0708  5347233    2.94%
 258243 72861        1.0793    75        1.1033        1.0726  5691577    2.79%
*260726+72510                            1.1025        1.0728             2.69%
 263912 72431        cutoff              1.1025        1.0728  5806146    2.69%
*265256+71528                            1.1020        1.0730             2.63%
 278673 75987        cutoff              1.1020        1.0741  6082520    2.53%
 292762 79988        1.0961   107        1.1020        1.0749  6296923    2.45%
 313605 86794        1.0975    73        1.1020        1.0758  6647343    2.37%
 322524 91610        1.0975    65        1.1020        1.0766  6922778    2.30%
Elapsed time = 588.12 sec. (35189.50 ticks, tree = 2191.07 MB, solutions = 160)
Nodefile size = 140.58 MB (123.47 MB after compression)
*324509 91553      integral     0        1.1003        1.0767  6913291    2.15%
*329628+83912                            1.0988        1.0769             2.00%

GUB cover cuts applied:  2
Clique cuts applied:  155
Cover cuts applied:  2
Implied bound cuts applied:  105
Flow cuts applied:  12
Mixed integer rounding cuts applied:  28
Zero-half cuts applied:  2
Lift and project cuts applied:  16
Gomory fractional cuts applied:  13

Root node processing (before b&c):
  Real time             =   18.22 sec. (1316.41 ticks)
Parallel b&c, 32 threads:
  Real time             =  580.02 sec. (34673.72 ticks)
  Sync time (average)   =  277.72 sec.
  Wait time (average)   =    1.39 sec.
                          ------------
Total (root+branch&cut) =  598.24 sec. (35990.13 ticks)
Solution found
