Filter at 1std, 1count, 1%frequency
STD	Number of positions discarded due to coverage deviation: 572
COUNT	Number of nucleotides discarded due to low count: 2635
COUNT	Number of columns discarded due to low leading to empty column: 0
FREQ	Number of nucleotides discarded due to low frequency: 931
FREQ	Number of columns discarded due to low frequency leading to empty column: 0
OUT	Number of variable positions: 26
OUT	Number of invariant positions: 4214
OUT	1 kept strains equivalence classes
Filter at 1std, 1 count, 0.5%frequency
STD	Number of positions discarded due to coverage deviation: 572
COUNT	Number of nucleotides discarded due to low count: 2635
COUNT	Number of columns discarded due to low leading to empty column: 0
FREQ	Number of nucleotides discarded due to low frequency: 899
FREQ	Number of columns discarded due to low frequency leading to empty column: 0
OUT	Number of variable positions: 57
OUT	Number of invariant positions: 4183
OUT	1 kept strains equivalence classes
Filter at 2std, 1count, 1%frequency
STD	Number of positions discarded due to coverage deviation: 168
COUNT	Number of nucleotides discarded due to low count: 2846
COUNT	Number of columns discarded due to low leading to empty column: 0
FREQ	Number of nucleotides discarded due to low frequency: 979
FREQ	Number of columns discarded due to low frequency leading to empty column: 0
OUT	Number of variable positions: 30
OUT	Number of invariant positions: 4614
OUT	1 kept strains equivalence classes
Filter at 2std, 1 count, 0.5%frequency
STD	Number of positions discarded due to coverage deviation: 168
COUNT	Number of nucleotides discarded due to low count: 2846
COUNT	Number of columns discarded due to low leading to empty column: 0
FREQ	Number of nucleotides discarded due to low frequency: 947
FREQ	Number of columns discarded due to low frequency leading to empty column: 0
OUT	Number of variable positions: 61
OUT	Number of invariant positions: 4583
OUT	1 kept strains equivalence classes
