Model: Diversity_model_3
 - number of variables: 51157
   - binary=40174, integer=2, continuous=10981
 - number of constraints: 124849
   - linear=124849
 - parameters: defaults
CPXPARAM_Read_DataCheck                          1
CPXPARAM_RandomSeed                              201804051
CPXPARAM_MIP_Strategy_LBHeur                     1
CPXPARAM_TimeLimit                               86400
CPXPARAM_MIP_Tolerances_MIPGap                   0.02
Tried aggregator 2 times.
MIP Presolve eliminated 2418 rows and 2408 columns.
MIP Presolve modified 960 coefficients.
Aggregator did 22008 substitutions.
Reduced MIP has 100423 rows, 26741 columns, and 266092 nonzeros.
Reduced MIP has 20567 binaries, 0 generals, 2400 SOSs, and 0 indicators.
Presolve time = 6.23 sec. (703.27 ticks)
Probing changed sense of 80 constraints.
Probing time = 10.76 sec. (63.47 ticks)
Tried aggregator 2 times.
MIP Presolve eliminated 12701 rows and 2483 columns.
Aggregator did 160 substitutions.
Reduced MIP has 87562 rows, 24098 columns, and 232635 nonzeros.
Reduced MIP has 18004 binaries, 0 generals, 2400 SOSs, and 0 indicators.
Presolve time = 5.23 sec. (915.93 ticks)
Probing time = 11.61 sec. (50.23 ticks)
Clique table members: 140466.
MIP emphasis: balance optimality and feasibility.
MIP search method: dynamic search.
Parallel mode: deterministic, using up to 32 threads.
Root relaxation solution time = 45.62 sec. (1656.24 ticks)

        Nodes                                         Cuts/
   Node  Left     Objective  IInf  Best Integer    Best Bound    ItCnt     Gap

      0     0        0.8211 10433                      0.8211       26         
      0     0        0.8211  6752                  Cuts: 6750     2361         
      0     0        0.8211  6951                  Cuts: 9970     6497         

Repeating presolve.
Tried aggregator 2 times.
MIP Presolve eliminated 59732 rows and 14093 columns.
Aggregator did 80 substitutions.
Reduced MIP has 27750 rows, 9925 columns, and 81934 nonzeros.
Reduced MIP has 3911 binaries, 0 generals, 2400 SOSs, and 0 indicators.
Presolve time = 0.88 sec. (201.29 ticks)
Probing time = 0.58 sec. (42.45 ticks)
Tried aggregator 1 time.
MIP Presolve eliminated 2806 rows and 466 columns.
Reduced MIP has 24944 rows, 9459 columns, and 74448 nonzeros.
Reduced MIP has 3445 binaries, 0 generals, 2400 SOSs, and 0 indicators.
Presolve time = 0.45 sec. (100.18 ticks)
Probing time = 0.68 sec. (47.09 ticks)
Tried aggregator 1 time.
MIP Presolve eliminated 1292 rows and 215 columns.
Reduced MIP has 23652 rows, 9244 columns, and 71002 nonzeros.
Reduced MIP has 3230 binaries, 0 generals, 2400 SOSs, and 0 indicators.
Presolve time = 0.69 sec. (93.87 ticks)
Probing time = 0.61 sec. (42.78 ticks)
Tried aggregator 1 time.
MIP Presolve eliminated 737 rows and 147 columns.
Reduced MIP has 22915 rows, 9097 columns, and 69085 nonzeros.
Reduced MIP has 3083 binaries, 0 generals, 2400 SOSs, and 0 indicators.
Presolve time = 0.55 sec. (139.00 ticks)
Represolve time = 5.82 sec. (2255.64 ticks)
Probing time = 0.69 sec. (40.68 ticks)
Clique table members: 43690.
MIP emphasis: balance optimality and feasibility.
MIP search method: dynamic search.
Parallel mode: deterministic, using up to 32 threads.
Root relaxation solution time = 96.52 sec. (1048.79 ticks)

        Nodes                                         Cuts/
   Node  Left     Objective  IInf  Best Integer    Best Bound    ItCnt     Gap

      0     0        0.8211  1564                      0.8211     6524         
      0     0        0.8273  1144                  Cuts: 1102    12527         
      0     0        0.8302  1316                  Cuts: 1822    17890         
*     0+    0                            2.4591        0.8302            66.24%
      0     0        0.8304  1408        2.4591     Cuts: 812    21633   66.23%
*     0+    0                            2.4470        0.8304            66.06%
*     0+    0                            2.2170        0.8304            62.54%
      0     0        0.8307  1406        2.2170     Cuts: 342    25172   62.53%
*     0+    0                            1.4979        0.8307            44.54%
      0     0        0.8308  1435        1.4979     Cuts: 461    31909   44.54%
      0     0        0.8308  1484        1.4979     Cuts: 603    35089   44.53%
*     0+    0                            1.4206        0.8308            41.51%
      0     0        0.8309   959        1.4206     Cuts: 187    38755   41.51%
*     0+    0                            1.2999        0.8309            36.08%
      0     0        0.8310  1072        1.2999     Cuts: 361    46162   36.07%
*     0+    0                            1.2991        0.8310            36.03%
      0     0        0.8310  1028        1.2991     Cuts: 227    49626   36.03%
*     0+    0                            1.2924        0.8310            35.70%
*     0+    0                            1.2915        0.8310            35.65%
      0     0        0.8311  1079        1.2915     Cuts: 310    55704   35.65%
*     0+    0                            1.2907        0.8311            35.61%
*     0+    0                            1.2874        0.8311            35.44%
*     0+    0                            1.2868        0.8311            35.42%
      0     2        0.8311   984        1.2868        0.8311    55704   35.42%
Elapsed time = 627.06 sec. (67135.60 ticks, tree = 0.02 MB, solutions = 12)
      1     3        0.8311  1067        1.2868        0.8311    58158   35.42%
      2     4        0.8311  1145        1.2868        0.8311    59223   35.42%
      3     5        1.0048  1145        1.2868        0.8311    59986   35.42%
      9    11        1.0143  1040        1.2868        0.8311    60709   35.42%
*    10+    1                            1.2862        0.8311            35.39%
     12    14        1.0143  1031        1.2862        0.8311    61640   35.39%
     19    18        1.0173  1040        1.2862        0.8311    63318   35.39%
*    26+    9                            1.2697        0.8311            34.55%
     32    25        1.0162  1023        1.2697        0.8311    65321   34.55%
     67    37        1.0191  1027        1.2697        0.8311    68308   34.55%
    123    53        1.0199  1028        1.2697        0.8311    72357   34.55%
*   204+   30                            1.2694        0.8311            34.53%
    716   458        1.1802   876        1.2694        0.8311   147397   34.53%
Elapsed time = 643.19 sec. (71997.39 ticks, tree = 41.11 MB, solutions = 24)
   1991  1219        1.1999   748        1.2694        0.8311   218253   34.53%
   3114  2119        cutoff              1.2694        0.8311   277574   34.53%
   3553  2332        1.2674   505        1.2694        0.8311   310292   34.53%
   4118  2629        1.0145   997        1.2694        0.8311   362075   34.53%
   4921  3285        cutoff              1.2694        0.8311   445023   34.53%
   5915  3861        1.0616   534        1.2694        0.8311   509749   34.53%
   6968  4688        1.2309   534        1.2694        0.8311   577214   34.53%
   7658  4896        1.2580  1132        1.2694        0.8311   593506   34.53%
   7975  5698        1.1208   344        1.2694        0.8311   679967   34.53%
   8157  5870        1.2661  1012        1.2694        0.8311   720603   34.53%
Elapsed time = 708.71 sec. (81550.28 ticks, tree = 1042.49 MB, solutions = 24)
   8427  6095        1.2526   692        1.2694        0.8311   749272   34.53%
*  8645+ 5475                            1.2627        0.8311            34.18%
   8730  6397        1.2099   835        1.2627        0.8311   793906   34.18%
*  9107+ 5475                            1.2614        0.8311            34.11%
   9138  6727        1.2311   751        1.2614        0.8311   825582   34.11%
*  9383+ 5475                            1.2610        0.8311            34.09%
   9455  6832        1.1509   824        1.2610        0.8311   842352   34.09%
*  9541+ 6440                            1.2339        0.8311            32.65%
*  9589+ 6433                            1.2334        0.8311            32.62%
   9590  5538        1.1644   686        1.2334        0.8311   876192   32.62%
*  9633+ 6469                            1.2329        0.8311            32.59%
   9764  5560        cutoff              1.2329        0.8311   900403   32.59%
  10005  5663        1.2272   562        1.2329        0.8311   924376   32.59%
  10442  5917        1.2098   497        1.2329        0.8311   971099   32.59%
  10702  6227        1.1979  1144        1.2329        0.8311  1011325   32.59%
* 10908+ 6080                            1.2317        0.8311            32.52%
  10955  6478        1.2165   769        1.2317        0.8311  1051530   32.52%
Elapsed time = 777.91 sec. (91122.77 ticks, tree = 1125.44 MB, solutions = 53)
  11322  6808        1.2296   545        1.2317        0.8311  1108145   32.52%
  11736  7046        1.2234   797        1.2317        0.8311  1155402   32.52%
  12253  7551        1.1845  1108        1.2317        0.8311  1208169   32.52%
  12612  7957        1.1243   820        1.2317        0.8311  1254404   32.52%
  12920  8134        1.2232   489        1.2317        0.8311  1272711   32.52%
  13116  8437        1.1647  1133        1.2317        0.8311  1326469   32.52%
  13470  8664        0.9679  1020        1.2317        0.8311  1390742   32.52%
  13919  8817        cutoff              1.2317        0.8311  1416767   32.52%
* 14159+ 8584                            1.2306        0.8311            32.47%
* 14159+ 8574                            1.2302        0.8311            32.44%
  14159  7493        0.8311  1225        1.2302        0.8311  1210485   32.44%
* 14162+ 8567                            1.2015        0.8311            30.83%
* 14162+ 8567                            1.1894        0.8311            30.12%
  14165  9072        0.9893  1073        1.1894        0.8311  1445170   30.12%
Elapsed time = 833.94 sec. (101037.21 ticks, tree = 1537.65 MB, solutions = 72)
* 14166+ 9148                            1.1890        0.8311            30.10%
  14166  9150        0.8311  1157        1.1890        0.8311  1446160   30.10%
  14168  8162        0.9243  1476        1.1890        0.8311  1286364   30.10%
  14169  7540        0.8313  1418        1.1890        0.8311  1215211   30.10%
* 14171+ 3790                            1.1887        0.8311            30.08%
* 14171+ 2526                            1.1887        0.8312            30.08%
* 14171+ 1684                            1.1881        0.8312            30.04%
  14171  1685        0.8312   866        1.1881        0.8312  1610058   30.04%
  14173  1686        0.8312   864        1.1881        0.8312  1612689   30.04%
  14178  1266        0.8312   729        1.1881        0.8312  1621043   30.04%
  14190   178        0.8312   728        1.1881        0.8312  1626088   30.04%
  14240     5        0.8312   857        1.1881        0.8312  1615416   30.04%
  14332    44        1.1330   767        1.1881        0.8312  1669605   30.04%
  14508   186        0.9916   915        1.1881        0.8312  1921211   30.04%
Elapsed time = 967.01 sec. (171334.76 ticks, tree = 3.30 MB, solutions = 77)
  14756   316        0.8312   842        1.1881        0.8312  2039604   30.04%
  15061   566        cutoff              1.1881        0.8312  2181418   30.04%
  15453   827        1.1227   894        1.1881        0.8312  2308050   30.04%
  15851  1048        0.9485   899        1.1881        0.8312  2382634   30.04%
* 15916+  862                            1.1878        0.8312            30.02%
  16320  1378        1.1741   590        1.1878        0.8312  2515640   30.02%
* 16383+ 1006                            1.1878        0.8312            30.02%
  16770  1584        1.1655   631        1.1878        0.8312  2589634   30.02%
* 16961+  778                            1.1867        0.8312            29.96%
  17012  1802        1.1039   714        1.1867        0.8312  2668722   29.96%
  17276  1859        1.1876   664        1.1867        0.8312  2689718   29.96%
* 17356+ 1216                            1.1834        0.8312            29.76%
  17509  2004        0.9127   817        1.1834        0.8312  2733536   29.76%
  17784  2085        0.8410   800        1.1834        0.8312  2755546   29.76%
Elapsed time = 1011.81 sec. (180921.76 ticks, tree = 52.55 MB, solutions = 82)
  18103  2243        1.1197   573        1.1834        0.8312  2829769   29.76%
* 18477+ 2306                            1.1813        0.8312            29.64%
  18488  2494        1.1718   572        1.1813        0.8312  2901747   29.64%
* 18692+ 1930                            1.1810        0.8312            29.61%
* 18746+ 1930                            1.1809        0.8312            29.61%
  18973  2709        1.1517   389        1.1809        0.8312  2958345   29.61%
  19487  3083        1.0070   601        1.1809        0.8312  3041936   29.61%
* 19674+ 3245                            1.1809        0.8312            29.61%
* 19696+ 2945                            1.1809        0.8312            29.61%
  19860  3255        1.1758   357        1.1809        0.8312  3072751   29.61%
  20206  3705        1.1505   289        1.1809        0.8312  3167580   29.61%
  20753  3986        1.0842   615        1.1809        0.8312  3221551   29.61%
  21359  4595        1.1192   821        1.1809        0.8312  3336362   29.61%
  22161  4847        cutoff              1.1809        0.8312  3412923   29.61%
  22987  5362        1.0394   764        1.1809        0.8312  3495741   29.61%
Elapsed time = 1050.90 sec. (190478.25 ticks, tree = 196.62 MB, solutions = 93)
  23941  5819        1.1553   204        1.1809        0.8312  3588278   29.61%
  24973  7196        1.1358   714        1.1809        0.8312  3806503   29.61%
* 25039+ 6573                            1.1682        0.8312            28.84%
  25723  6849        1.1127   568        1.1682        0.8312  3871945   28.84%
  26372  7606        1.0335   800        1.1682        0.8312  3955747   28.84%
  27020  7668        1.0482   783        1.1682        0.8312  3961162   28.84%
  27711  8560        1.0244   901        1.1682        0.8312  4057711   28.84%
  28366  8603        0.8872   892        1.1682        0.8312  4067654   28.84%
* 28844+ 8107                            1.1559        0.8312            28.09%
  28967  9377        0.9350   887        1.1559        0.8312  4213489   28.09%
* 29291+ 8060                            1.1439        0.8312            27.34%
* 29349+ 8060                            1.1437        0.8312            27.32%
* 29615+ 8054                            1.1310        0.8312            26.50%
  29959  6782        1.1098   683        1.1310        0.8312  4396339   26.50%
  30750  7278        1.0605   809        1.1310        0.8312  4503179   26.50%
Elapsed time = 1095.90 sec. (200027.78 ticks, tree = 267.89 MB, solutions = 98)
  31298  7557        0.9602   531        1.1310        0.8312  4557801   26.50%
  32013  7910        0.9682   846        1.1310        0.8312  4599528   26.50%
  32883  8773        1.1196   376        1.1310        0.8312  4710669   26.50%
* 33133+ 8450                            1.1284        0.8312            26.34%
  33676  9357        0.9453   819        1.1284        0.8312  4773344   26.34%
  34311  9463        0.9393   771        1.1284        0.8312  4819085   26.34%
  34980 10607        1.1160   589        1.1284        0.8312  4965442   26.34%
  35584 10973        1.0844   535        1.1284        0.8312  5003157   26.34%
  36064 11846        1.0705   685        1.1284        0.8312  5074076   26.34%
  36632 12253        1.0759   619        1.1284        0.8312  5138707   26.34%
  37303 12671        0.9209   806        1.1284        0.8312  5224448   26.34%
Elapsed time = 1142.00 sec. (209571.79 ticks, tree = 623.81 MB, solutions = 109)
  37941 13240        1.0989   773        1.1284        0.8312  5301699   26.34%
* 38014+13099                            1.1054        0.8312            24.80%
* 38200+11105                            1.1043        0.8312            24.73%
* 38252+11105                            1.1040        0.8312            24.71%
* 38378+11189                            1.1036        0.8312            24.68%
* 38425+11342                            1.1036        0.8312            24.68%
  38519 11350        1.0962   718        1.1036        0.8312  5440774   24.68%
* 38796+11269                            1.1023        0.8312            24.59%
  38870 11345        1.0959  1029        1.1023        0.8312  5448341   24.59%
  39341 11834        0.9065   600        1.1023        0.8312  5631472   24.59%
  39792 11855        0.9079   610        1.1023        0.8312  5632552   24.59%
  40212 12227        1.0698   750        1.1023        0.8312  5677225   24.59%
  40881 13288        1.0423   712        1.1023        0.8312  5885477   24.59%
* 41345+13131                            1.1022        0.8312            24.58%
* 41565+13432                            1.1018        0.8312            24.56%
  41720 13416        0.8955   874        1.1018        0.8312  5912351   24.56%
* 42275+13648                            1.1016        0.8312            24.54%
  42415 13819        0.9435   748        1.1016        0.8312  5974946   24.54%
* 42470+13749                            1.0981        0.8312            24.30%
* 42782+14188                            1.0096        0.8312            17.67%
* 43383+ 7448                            1.0043        0.8312            17.23%
* 43437+ 7559                            0.9987        0.8312            16.77%
  43938  7612        0.9573   218        0.9987        0.8312  6266238   16.77%
Elapsed time = 1201.28 sec. (221986.82 ticks, tree = 330.26 MB, solutions = 138)
* 44152+ 7617                            0.9692        0.8312            14.23%
* 44634+ 5673                            0.9691        0.8312            14.23%
* 44660+ 5689                            0.9690        0.8312            14.22%
  45280  6018        0.9288   754        0.9690        0.8312  6679042   14.22%
* 45367+ 5734                            0.9494        0.8312            12.44%
* 46073+ 5734                            0.9440        0.8312            11.95%
* 46300+ 4990                            0.9432        0.8312            11.88%
* 46426+ 4958                            0.9430        0.8312            11.85%
* 46499+ 4973                            0.9425        0.8312            11.80%
  46534  5171        0.9302   740        0.9425        0.8312  7023536   11.80%
* 47073+ 5134                            0.9422        0.8312            11.78%
* 47145+ 5127                            0.9367        0.8312            11.26%
* 47154+ 5127                            0.9364        0.8312            11.23%
  47640  4945        0.9066   437        0.9364        0.8312  7159595   11.23%
* 48049+ 4927                            0.9363        0.8312            11.22%
* 48150+ 6171                            0.9307        0.8312            10.69%
* 48364+ 4661                            0.9131        0.8312             8.96%
* 48433+ 4714                            0.9127        0.8312             8.93%
* 48982+ 3507                            0.9126        0.8312             8.92%
  49069  3571        0.9086   445        0.9126        0.8312  7599043    8.92%
* 49835+ 3636                            0.9124        0.8312             8.90%
* 49915+ 4696                            0.9110        0.8312             8.75%
* 49960+ 3453                            0.9092        0.8312             8.58%
  49972  4170        0.8956   654        0.9092        0.8312  7846674    8.58%
* 50178+ 4191                            0.9012        0.8312             7.76%
  50631  4070        0.8944   463        0.9012        0.8312  8023792    7.76%
* 50670+ 4201                            0.8992        0.8312             7.56%
* 50747+ 3919                            0.8988        0.8312             7.51%
* 51623+ 4411                            0.8932        0.8312             6.94%
  52002  4350        0.8661   652        0.8932        0.8312  8166090    6.94%
* 52957+ 4693                            0.8931        0.8312             6.93%
* 53301+ 4369                            0.8931        0.8312             6.93%
  53889  5639        0.8918   826        0.8931        0.8312  8605299    6.93%
* 54360+ 5858                            0.8927        0.8312             6.88%
  55613  6575        0.8714   623        0.8927        0.8312  8857820    6.88%
  58231  7963        0.8556   889        0.8927        0.8312  9212789    6.88%
Elapsed time = 1357.59 sec. (260152.26 ticks, tree = 255.68 MB, solutions = 230)
  59690  9961        0.8791   904        0.8927        0.8312  9742988    6.88%
* 61003+ 9913                            0.8924        0.8312             6.86%
* 61305+11085                            0.8919        0.8312             6.80%
* 61325+11253                            0.8918        0.8312             6.79%
  61501 10663        0.8862   642        0.8918        0.8312  9867606    6.79%
* 62446+11271                            0.8916        0.8312             6.77%
  62446 11725        0.8805   645        0.8916        0.8312 10230830    6.77%
  63577 12259        0.8870   653        0.8916        0.8312 10373403    6.77%
* 63766+12512                            0.8906        0.8312             6.66%
  64600 12363        0.8689   660        0.8906        0.8312 10533314    6.66%
* 64691+13019                            0.8903        0.8312             6.63%
* 64764+13144                            0.8898        0.8312             6.58%
* 64881+13144                            0.8895        0.8312             6.55%
  65236 13586        0.8705   598        0.8895        0.8312 10727197    6.55%
* 66094+13383                            0.8891        0.8312             6.51%
  66113 13842        cutoff              0.8891        0.8312 10783646    6.51%
* 66689+13849                            0.8842        0.8312             5.99%
* 66795+13849                            0.8838        0.8312             5.95%
* 66862+13849                            0.8837        0.8312             5.94%
* 67146+13877                            0.8835        0.8312             5.92%
* 67164+13911                            0.8833        0.8312             5.90%
* 67334+11000                            0.8823        0.8312             5.79%
  67366 10866        cutoff              0.8823        0.8312 11069191    5.79%
  68775 11577        0.8317   701        0.8823        0.8312 11276600    5.79%
  69822 11704        0.8314   939        0.8823        0.8312 11302910    5.79%
Elapsed time = 1510.19 sec. (298349.08 ticks, tree = 486.26 MB, solutions = 255)
  71498 13175        0.8318   794        0.8823        0.8312 11651452    5.79%
  73103 14316        0.8820   531        0.8823        0.8312 11876403    5.79%
  74640 16267        0.8723   585        0.8823        0.8312 12213887    5.79%
  77356 16827        0.8791   437        0.8823        0.8312 12287729    5.79%
  80642 20490        0.8817   592        0.8823        0.8312 12983468    5.79%
  83303 22295        0.8723   589        0.8823        0.8312 13259097    5.79%
* 84845+24539                            0.8814        0.8312             5.69%
  86000 24425        cutoff              0.8814        0.8312 13465811    5.69%
  89498 24589        0.8560   844        0.8814        0.8313 13582293    5.69%
* 89807+24955                            0.8805        0.8313             5.60%
* 90191+26369                            0.8779        0.8313             5.32%
  90893 23426        0.8777   438        0.8779        0.8313 14010582    5.32%
  92968 24325        0.8719   494        0.8779        0.8313 14215758    5.32%
Elapsed time = 1671.57 sec. (336510.19 ticks, tree = 1061.66 MB, solutions = 335)
* 93610+23903                            0.8779        0.8313             5.31%
* 94013+25145                            0.8778        0.8313             5.31%
* 94192+25683                            0.8777        0.8313             5.29%
  95433 24891        0.8666   549        0.8777        0.8313 14373822    5.29%
* 96351+25085                            0.8777        0.8313             5.29%
* 96731+25511                            0.8777        0.8313             5.29%
* 96854+26965                            0.8775        0.8313             5.27%
  97991 27669        0.8501   670        0.8775        0.8313 14830846    5.27%
 101296 30543        0.8514   663        0.8775        0.8313 15157591    5.27%
 105172 33381        0.8764   514        0.8775        0.8314 15595658    5.26%
 108917 36572        0.8735   540        0.8775        0.8314 16102571    5.26%
 110522 39045        0.8529   645        0.8775        0.8314 16370063    5.26%
*111598+39129                            0.8772        0.8314             5.22%
*112149+39547                            0.8770        0.8314             5.20%
 112165 39662        0.8747   587        0.8770        0.8314 16493393    5.20%
 115482 39952        0.8760   568        0.8770        0.8314 16601472    5.20%
 119629 42516        0.8317   845        0.8770        0.8314 16960696    5.20%
 123093 46962        cutoff              0.8770        0.8314 17559228    5.20%
Elapsed time = 1866.09 sec. (374666.77 ticks, tree = 2175.69 MB, solutions = 346)
Nodefile size = 123.21 MB (49.82 MB after compression)
 126648 50724        0.8765   562        0.8770        0.8314 18155508    5.20%
 129836 52331        0.8700   620        0.8770        0.8314 18351929    5.20%
*131251+54059                            0.8768        0.8314             5.17%
*131733+54541                            0.8766        0.8314             5.15%
 132823 54580        0.8561   699        0.8766        0.8314 18634129    5.15%
*134139+54275                            0.8765        0.8314             5.14%
*134702+54830                            0.8758        0.8314             5.06%
 134748 56536        0.8614   433        0.8758        0.8314 18822669    5.06%
*137571+54566                            0.8754        0.8314             5.02%
*138000+54406                            0.8753        0.8314             5.01%
 138764 54893        0.8565   631        0.8753        0.8314 18891629    5.01%
*141592+54251                            0.8746        0.8314             4.93%
 144035 54203        0.8542   593        0.8746        0.8314 19104723    4.93%
 148918 57643        0.8678   514        0.8746        0.8314 19367008    4.93%
 153963 61878        cutoff              0.8746        0.8314 19703813    4.93%
 159473 67124        0.8681   837        0.8746        0.8314 20266451    4.93%
 164990 67082        0.8498   902        0.8746        0.8315 20263856    4.93%
Elapsed time = 2105.79 sec. (412826.63 ticks, tree = 3952.42 MB, solutions = 358)
Nodefile size = 1884.69 MB (964.79 MB after compression)
 170404 72390        0.8650   606        0.8746        0.8315 20684532    4.93%
 174370 80023        0.8529   694        0.8746        0.8315 21294671    4.93%
 179355 81428        0.8724   619        0.8746        0.8315 21405086    4.93%
*183477+85142                            0.8741        0.8315             4.87%
 183564 87476        0.8594   658        0.8741        0.8315 21939967    4.87%
*184631+85891                            0.8741        0.8315             4.87%
*184718+85958                            0.8741        0.8315             4.87%
 186130 86358        cutoff              0.8741        0.8315 21832817    4.87%
*187634+87477                            0.8740        0.8315             4.87%
*188529+88505                            0.8740        0.8315             4.87%
 189063 88295        0.8688   814        0.8740        0.8315 22299338    4.87%
 195541 88677        0.8739   615        0.8740        0.8315 22331529    4.87%
 201988 93546        0.8546   605        0.8740        0.8315 22689314    4.86%
 208933 101817        0.8673   606        0.8740        0.8316 23280683    4.86%
 214561 103358        0.8717   299        0.8740        0.8316 23370019    4.85%
Elapsed time = 2358.70 sec. (450984.30 ticks, tree = 8611.47 MB, solutions = 364)
Nodefile size = 6552.28 MB (4312.01 MB after compression)
 218909 108757        0.8650   532        0.8740        0.8316 23763427    4.85%
 225386 116009        0.8702   512        0.8740        0.8317 24482493    4.85%
 232733 118468        0.8713   645        0.8740        0.8318 24639448    4.84%
 240852 123321        0.8679   496        0.8740        0.8318 24968525    4.83%
 247113 128035        0.8458   795        0.8740        0.8318 25251977    4.83%
*247786+131899                            0.8740        0.8318             4.82%
*248024+129076                            0.8735        0.8318             4.78%
 250139 134717        0.8462   886        0.8735        0.8318 25649502    4.78%
*252218+132197                            0.8734        0.8318             4.77%
*253716+133045                            0.8734        0.8318             4.76%
 253722 133234        0.8685   788        0.8734        0.8318 25850619    4.76%
 261092 133567        0.8559   668        0.8734        0.8318 25948799    4.76%
 268657 137742        0.8725   622        0.8734        0.8319 26190138    4.76%
 276884 147641        0.8582   660        0.8734        0.8319 26753798    4.76%
Elapsed time = 2652.02 sec. (489136.01 ticks, tree = 14408.88 MB, solutions = 379)
Nodefile size = 12350.68 MB (8686.56 MB after compression)
 284732 151954        0.8328   686        0.8734        0.8319 26983053    4.75%
 293558 157263        0.8712   621        0.8734        0.8319 27296968    4.75%
 303217 162654        0.8712   588        0.8734        0.8320 27644245    4.74%
 311484 172091        0.8632   574        0.8734        0.8320 28077703    4.74%
 319328 176157        0.8712   643        0.8734        0.8320 28264511    4.74%
 327089 183962        0.8608   526        0.8734        0.8320 28587489    4.74%
*330039+186840                            0.8733        0.8320             4.73%
*330862+193422                            0.8731        0.8320             4.71%
 330894 192624        0.8705   683        0.8731        0.8320 28996566    4.71%
 334753 191964        0.8690   563        0.8731        0.8322 29083478    4.69%
 343879 196469        0.8723   430        0.8731        0.8322 29294711    4.69%
 352163 199105        0.8715   455        0.8731        0.8322 29421938    4.69%
Elapsed time = 2972.96 sec. (527293.83 ticks, tree = 20678.17 MB, solutions = 382)
Nodefile size = 18580.25 MB (13369.50 MB after compression)
 359579 206818        0.8611   776        0.8731        0.8322 29738764    4.69%
 367300 215103        0.8357   656        0.8731        0.8322 30129676    4.68%
 377120 224871        0.8619   588        0.8731        0.8324 30709910    4.67%
 384865 228621        0.8632   557        0.8731        0.8324 30858388    4.67%
 393696 234298        0.8549   626        0.8731        0.8324 31150089    4.66%
 402803 241004        0.8652   515        0.8731        0.8324 31422871    4.66%
 412301 247367        0.8703   660        0.8731        0.8324 31721620    4.66%
 420596 253886        0.8727   711        0.8731        0.8324 31961015    4.66%
 428538 264182        0.8597   641        0.8731        0.8324 32390976    4.66%
 436887 266937        0.8639   585        0.8731        0.8324 32495224    4.66%
Elapsed time = 3313.85 sec. (565444.79 ticks, tree = 29362.91 MB, solutions = 382)
Nodefile size = 27267.58 MB (19927.57 MB after compression)
 439900 273780        0.8713   505        0.8731        0.8325 32779798    4.66%
*440495+273227                            0.8730        0.8325             4.65%
 445552 277799        0.8603   692        0.8730        0.8325 33013677    4.64%
 456210 284594        0.8494   640        0.8730        0.8325 33317571    4.64%
 465685 290964        0.8701   661        0.8730        0.8325 33551510    4.64%
 474139 297651        0.8656   549        0.8730        0.8325 33774842    4.64%
 482967 308434        0.8634   613        0.8730        0.8329 34198303    4.60%
 494203 312934        0.8726   439        0.8730        0.8329 34405675    4.60%
 502922 323219        0.8392   647        0.8730        0.8329 34787251    4.60%
 512015 330665        cutoff              0.8730        0.8329 35087230    4.60%
 521680 336802        0.8719   563        0.8730        0.8329 35343232    4.60%
Elapsed time = 3665.46 sec. (603596.11 ticks, tree = 38538.49 MB, solutions = 383)
Nodefile size = 36474.10 MB (26833.84 MB after compression)
 531222 341568        0.8549   633        0.8730        0.8330 35506307    4.58%
 542451 350427        0.8669   508        0.8730        0.8331 35888050    4.58%
 552810 359401        0.8583   646        0.8730        0.8331 36218535    4.58%
*555313+361334                            0.8730        0.8331             4.57%
 556729 368919        0.8722   391        0.8730        0.8331 36544846    4.57%
*556995+367534                            0.8729        0.8333             4.54%
*557609+367894                            0.8728        0.8333             4.53%
 564261 364195        0.8688   608        0.8728        0.8333 36596724    4.53%
 575013 371634        0.8407   672        0.8728        0.8333 36832062    4.52%
 584626 379922        0.8600   630        0.8728        0.8333 37097529    4.52%
 594208 386636        0.8679   527        0.8728        0.8333 37328655    4.52%
 603615 394648        0.8716   445        0.8728        0.8333 37584778    4.52%
 613458 402104        0.8715   449        0.8728        0.8333 37843859    4.52%
Elapsed time = 4039.12 sec. (641746.87 ticks, tree = 47157.39 MB, solutions = 386)
Nodefile size = 45071.76 MB (33203.49 MB after compression)
 622917 410470        0.8684   457        0.8728        0.8333 38115489    4.52%
 632269 418728        0.8662   570        0.8728        0.8333 38388323    4.52%
 642142 422091        0.8597   589        0.8728        0.8333 38503462    4.52%
 651844 432094        0.8709   476        0.8728        0.8333 38817453    4.52%
 661555 437468        0.8684   491        0.8728        0.8333 39002992    4.52%
 671234 447645        0.8577   599        0.8728        0.8333 39331586    4.52%
*675862+451914                            0.8726        0.8333             4.50%
 677067 449872        0.8719   468        0.8726        0.8333 39653823    4.50%
*677879+450101                            0.8724        0.8334             4.48%
*678246+445796                            0.8724        0.8334             4.47%
 680333 442700        0.8632   624        0.8724        0.8334 39761453    4.47%
*681867+451818                            0.8723        0.8334             4.46%
*685799+440136                            0.8721        0.8334             4.44%
 690581 437010        0.8365   709        0.8721        0.8334 39930029    4.44%
*691467+438027                            0.8721        0.8334             4.44%
 699835 436628        0.8636   589        0.8721        0.8334 40033379    4.44%
Elapsed time = 4407.89 sec. (679896.38 ticks, tree = 52925.64 MB, solutions = 394)
Nodefile size = 50858.34 MB (37568.51 MB after compression)
 710030 450513        0.8662   605        0.8721        0.8337 40583567    4.39%
 721007 456139    infeasible              0.8721        0.8338 40794344    4.39%
 730104 462583        0.8691   537        0.8721        0.8338 41019374    4.39%
 739937 471478        0.8592   670        0.8721        0.8338 41361131    4.39%
 748529 479932        0.8713   456        0.8721        0.8338 41654054    4.39%
 757799 485377        0.8689   512        0.8721        0.8338 41839378    4.39%
 769458 493070        0.8441   625        0.8721        0.8339 42131534    4.38%
 780264 499755        0.8634   574        0.8721        0.8340 42382070    4.36%
 789070 508485        cutoff              0.8721        0.8340 42689058    4.36%
 796746 519822        0.8701   558        0.8721        0.8340 43073067    4.36%
Elapsed time = 4778.57 sec. (718047.96 ticks, tree = 63049.74 MB, solutions = 394)
Nodefile size = 60981.51 MB (45169.46 MB after compression)
 800362 521954        cutoff              0.8721        0.8341 43149507    4.35%
 809255 525673        0.8608   645        0.8721        0.8341 43284704    4.35%
 817871 536211        0.8628   681        0.8721        0.8341 43641214    4.35%
 826882 543418        0.8667   857        0.8721        0.8341 43923262    4.35%
 837390 550002        0.8715   486        0.8721        0.8342 44237374    4.34%
 846909 555950        0.8669   582        0.8721        0.8342 44456051    4.34%
 856356 564904        0.8658   561        0.8721        0.8342 44783787    4.34%
 865231 570101        0.8634   669        0.8721        0.8342 44961400    4.34%
 874349 579169        0.8710   599        0.8721        0.8342 45268881    4.34%
 883313 585087        0.8704   533        0.8721        0.8342 45460649    4.34%
Elapsed time = 5167.44 sec. (756198.74 ticks, tree = 71723.31 MB, solutions = 394)
Nodefile size = 69629.98 MB (51715.68 MB after compression)
 892528 592907        0.8692   438        0.8721        0.8342 45705514    4.34%
 901615 599189        0.8679   498        0.8721        0.8342 45904096    4.34%
 910958 609440        0.8714   688        0.8721        0.8342 46215871    4.34%
 919430 616407        0.8657   637        0.8721        0.8342 46414833    4.34%
 923457 623480        0.8677   510        0.8721        0.8343 46634759    4.33%
 932367 625714        0.8685   451        0.8721        0.8343 46709689    4.32%
 944772 634538        0.8702   434        0.8721        0.8344 46998810    4.32%
 954565 642346        0.8685   534        0.8721        0.8344 47274223    4.32%
 963205 650452        0.8639   561        0.8721        0.8344 47518370    4.32%
 972735 656671        0.8603   617        0.8721        0.8344 47725265    4.32%
Elapsed time = 5558.79 sec. (794349.06 ticks, tree = 81545.11 MB, solutions = 394)
Nodefile size = 79441.28 MB (59133.60 MB after compression)
 981787 664217        0.8688   506        0.8721        0.8344 47976672    4.32%
 990893 675609        0.8699   590        0.8721        0.8344 48351493    4.32%
 999689 682504        0.8585   699        0.8721        0.8346 48615240    4.30%
 1010874 688030        0.8669   539        0.8721        0.8346 48859365    4.30%
 1020292 695261        0.8642   623        0.8721        0.8346 49101488    4.30%
 1028426 702960        cutoff              0.8721        0.8346 49338183    4.30%
 1031948 711906        0.8614   631        0.8721        0.8348 49621573    4.28%
 1041953 717369        0.8638   636        0.8721        0.8348 49810855    4.28%
 1050996 724648        0.8519   629        0.8721        0.8348 50029093    4.28%
 1060382 728952        0.8654   561        0.8721        0.8348 50170237    4.28%
Elapsed time = 5960.61 sec. (832501.84 ticks, tree = 91652.04 MB, solutions = 394)
Nodefile size = 89558.72 MB (66795.82 MB after compression)
 1069656 739475        0.8677   534        0.8721        0.8348 50502288    4.28%
 1078554 744334        0.8679   622        0.8721        0.8348 50647322    4.28%
 1088129 752167        0.8716   401        0.8721        0.8348 50887649    4.28%
 1097473 762561        0.8697   528        0.8721        0.8348 51197644    4.28%
 1106653 765655        0.8716   597        0.8721        0.8348 51288058    4.28%
 1115879 778111        0.8628   599        0.8721        0.8348 51666005    4.28%
 1125379 785828        0.8702   566        0.8721        0.8348 51912984    4.28%
 1133817 794377        0.8691   523        0.8721        0.8348 52211302    4.27%
 1142730 795534        0.8665   606        0.8721        0.8348 52255656    4.27%
 1153520 803349        0.8658   428        0.8721        0.8348 52508519    4.27%
Elapsed time = 6368.01 sec. (870655.91 ticks, tree = 102115.55 MB, solutions = 394)
Nodefile size = 100016.77 MB (74711.35 MB after compression)
 1162751 813668        0.8716   516        0.8721        0.8348 52821367    4.27%
 1172390 817945        0.8620   603        0.8721        0.8348 52949222    4.27%
 1181282 827548        0.8673   450        0.8721        0.8348 53223621    4.27%
 1190938 835889        0.8365   670        0.8721        0.8348 53479207    4.27%
 1200181 842303        0.8652   591        0.8721        0.8348 53669429    4.27%
 1207790 852965        0.8660   620        0.8721        0.8348 53984003    4.27%
*1208247+851776                            0.8720        0.8348             4.26%
*1208667+852642                            0.8720        0.8348             4.26%
*1208792+853080                            0.8720        0.8348             4.26%
*1210831+852565                            0.8719        0.8351             4.22%
 1212436 854716        0.8656   579        0.8719        0.8351 54142228    4.22%
 1221765 850272        0.8610   605        0.8719        0.8351 54296100    4.22%
 1231326 858636        0.8697   429        0.8719        0.8351 54544461    4.22%
 1240810 863514        0.8672   561        0.8719        0.8351 54686837    4.22%
Elapsed time = 6767.34 sec. (908810.04 ticks, tree = 111246.44 MB, solutions = 397)
Nodefile size = 109157.40 MB (81648.20 MB after compression)
 1249462 873324        0.8391   677        0.8719        0.8351 54977939    4.22%
 1260111 882777        0.8717   437        0.8719        0.8352 55298630    4.21%
 1271830 887828        0.8679   554        0.8719        0.8353 55466961    4.20%
 1280764 894557        0.8660   628        0.8719        0.8353 55667379    4.20%
 1290209 901129        0.8683   523        0.8719        0.8353 55871647    4.20%
 1298875 910426        0.8712   409        0.8719        0.8353 56148526    4.20%
 1308198 919329        0.8657   561        0.8719        0.8353 56447981    4.20%
 1313281 928373        0.8714   427        0.8719        0.8354 56754483    4.18%
*1317642+927352                            0.8718        0.8354             4.18%
*1318867+928678                            0.8718        0.8354             4.18%
*1319701+929110                            0.8718        0.8354             4.18%
 1319906 930313        0.8530   619        0.8718        0.8354 56823841    4.18%
 1330341 934221        0.8670   430        0.8718        0.8355 57058162    4.17%
Elapsed time = 7174.59 sec. (946960.10 ticks, tree = 120264.13 MB, solutions = 399)
Nodefile size = 118162.96 MB (88444.75 MB after compression)
 1339915 939879        0.8535   630        0.8718        0.8355 57252606    4.17%
 1349483 952779        0.8518   638        0.8718        0.8356 57705965    4.16%
 1362525 955679        0.8597   617        0.8718        0.8356 57821359    4.16%
 1371854 968780        0.8715   457        0.8718        0.8356 58232791    4.16%
 1380435 973633        0.8686   550        0.8718        0.8356 58399527    4.16%
 1389443 984194        0.8635   605        0.8718        0.8356 58725267    4.16%
 1398137 987626        0.8717   682        0.8718        0.8356 58848078    4.16%
 1410357 995201        0.8599   581        0.8718        0.8357 59101432    4.15%
 1421147 1006621        0.8448   627        0.8718        0.8357 59532510    4.15%
 1427628 1015099        0.8702   501        0.8718        0.8357 59807422    4.15%
Elapsed time = 7598.35 sec. (985111.52 ticks, tree = 130099.46 MB, solutions = 399)
Nodefile size = 128012.90 MB (95855.89 MB after compression)
 1433982 1020729        0.8673   496        0.8718        0.8358 60004200    4.13%
 1444470 1024311        0.8703   623        0.8718        0.8358 60122944    4.13%
 1456068 1035129        0.8712   433        0.8718        0.8358 60498564    4.13%
 1466414 1043670        cutoff              0.8718        0.8358 60782917    4.13%
 1475570 1052510    infeasible              0.8718        0.8358 61068848    4.13%
 1484850 1058205        0.8690   609        0.8718        0.8359 61245629    4.12%
 1496758 1066828        0.8497   668        0.8718        0.8359 61576973    4.12%
 1506863 1077769        0.8686   553        0.8718        0.8359 61929463    4.12%
 1515903 1085166        0.8707   517        0.8718        0.8359 62181162    4.12%
 1525932 1091152        0.8699   456        0.8718        0.8359 62391836    4.12%
Elapsed time = 8017.97 sec. (1023260.56 ticks, tree = 140486.75 MB, solutions = 399)
Nodefile size = 138396.83 MB (103718.05 MB after compression)
 1535153 1098821        0.8651   821        0.8718        0.8359 62633246    4.12%
 1544229 1103390        0.8639   596        0.8718        0.8360 62796567    4.11%
 1549322 1113641        0.8711   648        0.8718        0.8360 63226248    4.11%
 1559982 1118377        0.8563   657        0.8718        0.8360 63397564    4.11%
 1570045 1123066        0.8365   656        0.8718        0.8360 63551297    4.11%
 1580805 1134223        0.8523   672        0.8718        0.8360 63932001    4.11%
 1590441 1138823        0.8669   525        0.8718        0.8360 64079489    4.11%
 1599374 1147859        0.8703   478        0.8718        0.8360 64350397    4.11%
 1608947 1157019        0.8611   608        0.8718        0.8360 64644326    4.11%
 1618796 1162168        0.8410   671        0.8718        0.8360 64817216    4.11%
Elapsed time = 8424.34 sec. (1061410.47 ticks, tree = 150023.00 MB, solutions = 399)
Nodefile size = 147912.13 MB (110913.89 MB after compression)
 1628823 1171466        0.8711   649        0.8718        0.8360 65121652    4.11%
 1637517 1181039        0.8702   612        0.8718        0.8362 65451884    4.09%
 1649469 1191004        0.8595   637        0.8718        0.8362 65875718    4.08%
 1660202 1199474        0.8640   612        0.8718        0.8363 66173004    4.08%
 1667840 1206527        cutoff              0.8718        0.8363 66401548    4.08%
 1674333 1210834        0.8704   554        0.8718        0.8364 66540907    4.06%
 1684989 1216114        0.8629   495        0.8718        0.8364 66715068    4.06%
 1694108 1222472        0.8650   575        0.8718        0.8364 66922040    4.06%
 1704439 1231445        0.8531   639        0.8718        0.8364 67233376    4.06%
 1714529 1237896        0.8700   569        0.8718        0.8364 67448656    4.06%
Elapsed time = 8845.54 sec. (1099564.83 ticks, tree = 160026.63 MB, solutions = 399)
Nodefile size = 157924.74 MB (118490.40 MB after compression)
 1725005 1247732        0.8581   622        0.8718        0.8364 67753414    4.06%
 1733689 1252113        0.8526   698        0.8718        0.8364 67882740    4.06%
 1743735 1263872        0.8681   567        0.8718        0.8364 68294549    4.06%
 1753562 1271191        0.8368   700        0.8718        0.8364 68538769    4.06%
 1763742 1282110        0.8693   666        0.8718        0.8365 68962752    4.05%
 1775626 1283983        0.8717   495        0.8718        0.8365 69044492    4.05%
 1785660 1293571        0.8699   632        0.8718        0.8366 69406294    4.05%
*1786925+1297264                            0.8718        0.8366             4.04%
*1789021+1297975                            0.8718        0.8366             4.04%
 1790475 1298521        0.8688   417        0.8718        0.8367 69637622    4.03%
*1795400+1301616                            0.8717        0.8367             4.01%
 1797192 1303989        0.8697   690        0.8717        0.8367 69837209    4.01%
 1808898 1291862        0.8706   544        0.8717        0.8367 69964552    4.01%
Elapsed time = 9287.70 sec. (1137715.52 ticks, tree = 167407.35 MB, solutions = 402)
Nodefile size = 165283.77 MB (124097.64 MB after compression)
 1819641 1299601        0.8628   664        0.8717        0.8367 70237879    4.01%
 1829806 1310896        0.8678   616        0.8717        0.8367 70627246    4.01%
 1839752 1320119        0.8479   684        0.8717        0.8367 70913022    4.01%
 1850312 1328208        0.8627   536        0.8717        0.8367 71174339    4.01%
 1860686 1335990        0.8652   597        0.8717        0.8367 71419844    4.01%
 1870126 1339470        0.8711   640        0.8717        0.8367 71535382    4.01%
 1879986 1352975        0.8686   536        0.8717        0.8367 71958688    4.01%
 1890564 1360264        cutoff              0.8717        0.8367 72188088    4.01%
 1901553 1365004        0.8705   519        0.8717        0.8367 72345532    4.01%
 1910582 1375349        0.8716   559        0.8717        0.8367 72654220    4.01%
Elapsed time = 9772.77 sec. (1175866.62 ticks, tree = 179761.75 MB, solutions = 402)
Nodefile size = 177683.06 MB (133501.66 MB after compression)
 1922561 1384015        0.8706   555        0.8717        0.8368 72956374    4.00%
 1933328 1395625        0.8606   625        0.8717        0.8368 73350886    4.00%
 1939328 1403936        0.8664   492        0.8717        0.8368 73606229    4.00%
 1948893 1407530        0.8573   580        0.8717        0.8369 73721369    3.99%
 1960401 1411591        0.8659   687        0.8717        0.8370 73846395    3.98%
 1971069 1418909        0.8639   592        0.8717        0.8370 74106279    3.98%
 1981904 1427410        0.8667   574        0.8717        0.8370 74386485    3.98%
 1993029 1436021        0.8616   598        0.8717        0.8370 74669130    3.98%
 2003424 1444661        0.8661   429        0.8717        0.8370 74944460    3.98%
 2013050 1453279        0.8670   648        0.8717        0.8370 75225410    3.98%
Elapsed time = 10268.27 sec. (1214017.39 ticks, tree = 190534.56 MB, solutions = 402)
Nodefile size = 188425.03 MB (141633.53 MB after compression)
 2023984 1467561        0.8708   421        0.8717        0.8371 75746750    3.97%
 2036492 1476890        0.8642   632        0.8717        0.8371 76055448    3.97%
 2048721 1479467        0.8706   497        0.8717        0.8371 76147792    3.96%
 2058875 1488181        0.8698   631        0.8717        0.8371 76412395    3.96%
 2064428 1502128        0.8686   600        0.8717        0.8371 76848554    3.96%
 2072767 1503754        0.8658   685        0.8717        0.8372 76898827    3.96%
 2085329 1508629        0.8571   661        0.8717        0.8372 77047861    3.95%
 2096360 1517586        0.8675   597        0.8717        0.8372 77317997    3.95%
 2106877 1527880        0.8659   616        0.8717        0.8372 77653051    3.95%
 2117174 1537815        0.8641   599        0.8717        0.8372 77969397    3.95%
Elapsed time = 10747.06 sec. (1252168.16 ticks, tree = 201754.37 MB, solutions = 402)
Nodefile size = 199661.10 MB (150144.28 MB after compression)
 2127946 1548991        0.8694   605        0.8717        0.8372 78322657    3.95%
 2139619 1552829        0.8623   566        0.8717        0.8372 78440443    3.95%
 2150054 1562161        0.8676   639        0.8717        0.8372 78725496    3.95%
 2159924 1572912        0.8387   648        0.8717        0.8372 79047802    3.95%
 2170367 1581422        0.8704   425        0.8717        0.8372 79310271    3.95%
 2181601 1585166        0.8652   569        0.8717        0.8372 79418824    3.95%
 2192569 1598992        0.8662   533        0.8717        0.8372 79859842    3.95%
 2198886 1606525        0.8628   621        0.8717        0.8372 80089746    3.95%
 2207049 1610407        0.8524   694        0.8717        0.8373 80203148    3.95%
 2218462 1617163        0.8703   526        0.8717        0.8373 80401675    3.95%
Elapsed time = 11262.69 sec. (1290318.84 ticks, tree = 213511.13 MB, solutions = 402)
Nodefile size = 211402.09 MB (159021.31 MB after compression)
 2230308 1628392        0.8700   507        0.8717        0.8373 80745233    3.95%
 2240596 1636730        0.8639   611        0.8717        0.8373 81007121    3.95%
 2250681 1640520        0.8708   436        0.8717        0.8373 81119733    3.95%
 2260738 1654436        0.8712   629        0.8717        0.8373 81554691    3.95%
 2274277 1660359        cutoff              0.8717        0.8374 81748244    3.93%
 2285667 1667657        0.8403   667        0.8717        0.8374 82013608    3.93%
 2296304 1678971        0.8713   354        0.8717        0.8374 82368033    3.93%
 2306903 1685788        0.8556   679        0.8717        0.8374 82582575    3.93%
 2318061 1694933        0.8630   569        0.8717        0.8374 82851724    3.93%
 2328049 1702498        0.8678   683        0.8717        0.8374 83074562    3.93%
Elapsed time = 11765.81 sec. (1328469.81 ticks, tree = 225063.55 MB, solutions = 402)
Nodefile size = 222932.61 MB (167742.45 MB after compression)
 2334039 1711213        cutoff              0.8717        0.8375 83347310    3.92%
 2344864 1718304        0.8683   511        0.8717        0.8375 83566672    3.92%
 2356579 1725340        0.8538   664        0.8717        0.8376 83797558    3.91%
 2368176 1737110        0.8672   460        0.8717        0.8376 84165994    3.91%
 2378699 1746562        0.8671   639        0.8717        0.8376 84434482    3.91%
 2388567 1754780        0.8613   596        0.8717        0.8376 84682458    3.91%
 2398629 1763028        0.8700   378        0.8717        0.8376 84926224    3.91%
 2409349 1770186        0.8543   605        0.8717        0.8376 85150126    3.91%
 2421115 1776434        0.8646   452        0.8717        0.8376 85331510    3.91%
 2430954 1783958        0.8697   597        0.8717        0.8376 85556540    3.91%
Elapsed time = 12255.97 sec. (1366619.53 ticks, tree = 237141.67 MB, solutions = 402)
Nodefile size = 235026.56 MB (176900.73 MB after compression)
 2439292 1792133        0.8692   529        0.8717        0.8376 85796498    3.91%
 2444121 1803236        0.8560   589        0.8717        0.8376 86137323    3.91%
 2455424 1804812        cutoff              0.8717        0.8377 86195905    3.90%
 2468055 1814306        0.8605   664        0.8717        0.8377 86499205    3.90%
 2477397 1825923        0.8657   582        0.8717        0.8377 86856252    3.90%
 2487958 1827796        0.8653   580        0.8717        0.8378 86916047    3.89%
 2499951 1844273        0.8484   843        0.8717        0.8378 87484241    3.89%
 2511263 1847887        0.8510   648        0.8717        0.8378 87611088    3.89%
 2522541 1857338        0.8711   587        0.8717        0.8378 87886014    3.89%
 2532484 1865307        0.8379   754        0.8717        0.8378 88117067    3.89%
Elapsed time = 12726.37 sec. (1404773.67 ticks, tree = 248234.24 MB, solutions = 402)
Nodefile size = 246111.57 MB (185283.97 MB after compression)
 2542465 1877139        0.8572   592        0.8717        0.8378 88487859    3.89%
 2553122 1880852        0.8669   576        0.8717        0.8378 88601216    3.89%
 2564830 1894923        0.8703   426        0.8717        0.8378 89030761    3.89%
 2575475 1896219        0.8702   650        0.8717        0.8378 89074177    3.89%
 2584878 1909974        0.8707   595        0.8717        0.8378 89497325    3.89%
 2590745 1918689        0.8614   559        0.8717        0.8378 89764287    3.88%
 2599627 1920882        0.8674   557        0.8717        0.8378 89835367    3.88%
 2611841 1929105        0.8707   476        0.8717        0.8379 90091849    3.88%
 2623908 1938634        0.8500   626        0.8717        0.8379 90380328    3.87%
 2637144 1951835        0.8536   659        0.8717        0.8379 90826516    3.87%
Elapsed time = 13202.03 sec. (1442923.05 ticks, tree = 259862.86 MB, solutions = 402)
Nodefile size = 257775.85 MB (194104.96 MB after compression)
 2647843 1958570        0.8711   505        0.8717        0.8379 91026156    3.87%
 2657830 1968266        0.8699   421        0.8717        0.8379 91302890    3.87%
 2669321 1970831        0.8696   622        0.8717        0.8379 91380165    3.87%
 2680575 1983310        0.8714   434        0.8717        0.8379 91772535    3.87%
 2690900 1992276        0.8713   516        0.8717        0.8379 92062551    3.87%
 2701571 1999513        0.8711   495        0.8717        0.8379 92280257    3.87%
 2712740 2007402        0.8553   672        0.8717        0.8379 92522544    3.87%
 2724295 2013602        0.8717   558        0.8717        0.8379 92711134    3.87%
 2730768 2025967        0.8688   551        0.8717        0.8379 93078304    3.87%
 2737796 2033456        0.8566   609        0.8717        0.8380 93312576    3.86%
Elapsed time = 13692.45 sec. (1481073.74 ticks, tree = 271957.69 MB, solutions = 402)
Nodefile size = 269872.30 MB (203263.08 MB after compression)
 2749941 2036248        0.8531   580        0.8717        0.8381 93393495    3.86%
 2761355 2044233        0.8631   595        0.8717        0.8381 93648779    3.86%
 2773271 2051360        0.8617   638        0.8717        0.8381 93867798    3.86%
 2783600 2062076        0.8684   428        0.8717        0.8381 94170772    3.86%
 2793708 2070561        0.8546   557        0.8717        0.8381 94437461    3.86%
 2804467 2078620        0.8699   625        0.8717        0.8381 94678543    3.86%
 2815280 2089618        0.8713   459        0.8717        0.8381 95001438    3.86%
 2826838 2102040        0.8667   528        0.8717        0.8381 95370648    3.85%
 2839473 2107882        0.8716   473        0.8717        0.8382 95558156    3.84%
 2850764 2121278        0.8706   569        0.8717        0.8382 95994603    3.84%
Elapsed time = 14185.19 sec. (1519224.17 ticks, tree = 283700.02 MB, solutions = 402)
Nodefile size = 281613.50 MB (212167.21 MB after compression)
