Model: Diversity_model_3
 - number of variables: 3889
   - binary=312, integer=1, continuous=3576
 - number of constraints: 3835
   - linear=3835
 - parameters: defaults
CPXPARAM_Read_DataCheck                          1
CPXPARAM_RandomSeed                              201804051
CPXPARAM_MIP_Strategy_LBHeur                     1
CPXPARAM_TimeLimit                               86400
CPXPARAM_MIP_Tolerances_MIPGap                   0.02
Tried aggregator 2 times.
MIP Presolve eliminated 788 rows and 788 columns.
MIP Presolve modified 312 coefficients.
Aggregator did 780 substitutions.
Reduced MIP has 2267 rows, 2321 columns, and 8382 nonzeros.
Reduced MIP has 312 binaries, 0 generals, 780 SOSs, and 0 indicators.
Presolve time = 0.03 sec. (10.92 ticks)
Probing changed sense of 14 constraints.
Probing time = 0.03 sec. (2.66 ticks)
Tried aggregator 2 times.
MIP Presolve eliminated 14 rows and 0 columns.
Aggregator did 40 substitutions.
Reduced MIP has 2213 rows, 2281 columns, and 8260 nonzeros.
Reduced MIP has 298 binaries, 0 generals, 780 SOSs, and 0 indicators.
Presolve time = 0.03 sec. (9.09 ticks)
Probing changed sense of 3 constraints.
Probing time = 0.01 sec. (2.78 ticks)
Clique table members: 142.
MIP emphasis: balance optimality and feasibility.
MIP search method: dynamic search.
Parallel mode: deterministic, using up to 32 threads.
Root relaxation solution time = 0.15 sec. (42.58 ticks)

        Nodes                                         Cuts/
   Node  Left     Objective  IInf  Best Integer    Best Bound    ItCnt     Gap

      0     0        1.0000   223                      1.0000      665         
*     0+    0                            1.3975        1.0000            28.44%
      0     0        1.0000   251        1.3975      Cuts: 77     1338   28.44%
*     0+    0                            1.3921        1.0000            28.16%
      0     0        1.0000   213        1.3921      Cuts: 89     1576   28.16%
      0     0        1.0000   222        1.3921     Cuts: 235     1750   28.16%
*     0+    0                            1.3652        1.0000            26.75%
*     0+    0                            1.2122        1.0000            17.51%
      0     2        1.0000    87        1.2122        1.0000     1750   17.51%
Elapsed time = 39.76 sec. (616.42 ticks, tree = 0.02 MB, solutions = 4)
*   119+    5                            1.2108        1.0000            17.41%
*   437+   43                            1.2098        1.0000            17.34%
   3432  2017        1.1777    92        1.2098        1.0000    53201   17.34%
*  3889  2483      integral     0        1.1679        1.0000    62372   14.37%
*  4133+ 1647                            1.0698        1.0000             6.53%
*  4222  1177      integral     0        1.0645        1.0000    70018    6.06%
*  4411+ 1263                            1.0399        1.0000             3.84%
   4466  1072        1.0000   128        1.0399        1.0000    76102    3.84%
*  7293  2310      integral     0        1.0378        1.0000   156404    3.65%
*  7395  2190      integral     0        1.0347        1.0000   157288    3.35%
*  8225  2172      integral     0        1.0300        1.0000   168968    2.91%
* 10327+ 2879                            1.0298        1.0000             2.90%
* 10702+ 3448                            1.0270        1.0000             2.63%
  11214  3185        cutoff              1.0270        1.0000   240830    2.63%
* 11990+ 3307                            1.0266        1.0000             2.59%
  15117  5021        1.0199    92        1.0266        1.0000   312153    2.59%
* 18016+ 1991                            1.0262        1.0000             2.55%
  19239  7750        1.0152   102        1.0262        1.0000   395033    2.55%
* 19481+ 2054                            1.0259        1.0000             2.52%
* 20900+ 2321                            1.0243        1.0000             2.37%
  23579  9098        1.0213    96        1.0243        1.0000   488842    2.37%
  26929 10369        1.0210   106        1.0243        1.0000   536952    2.37%
* 28628+ 9455                            1.0196        1.0000             1.93%
  28628 10101        1.0000   123        1.0196        1.0000   523767    1.93%

Implied bound cuts applied:  721
Flow cuts applied:  25
Mixed integer rounding cuts applied:  9
Gomory fractional cuts applied:  2

Root node processing (before b&c):
  Real time             =   36.74 sec. (616.42 ticks)
Parallel b&c, 32 threads:
  Real time             =   39.02 sec. (2616.75 ticks)
  Sync time (average)   =   29.20 sec.
  Wait time (average)   =    0.00 sec.
                          ------------
Total (root+branch&cut) =   75.75 sec. (3233.17 ticks)
Solution found
