Model: Diversity_model_3
 - number of variables: 2749
   - binary=260, integer=1, continuous=2488
 - number of constraints: 3097
   - linear=3097
 - parameters: defaults
CPXPARAM_Read_DataCheck                          1
CPXPARAM_RandomSeed                              201804051
CPXPARAM_MIP_Strategy_LBHeur                     1
CPXPARAM_TimeLimit                               86400
CPXPARAM_MIP_Tolerances_MIPGap                   0.02
Tried aggregator 2 times.
MIP Presolve eliminated 527 rows and 527 columns.
MIP Presolve modified 260 coefficients.
Aggregator did 520 substitutions.
Reduced MIP has 2050 rows, 1702 columns, and 6791 nonzeros.
Reduced MIP has 260 binaries, 0 generals, 520 SOSs, and 0 indicators.
Presolve time = 0.03 sec. (8.37 ticks)
Probing changed sense of 16 constraints.
Probing time = 0.01 sec. (2.64 ticks)
Tried aggregator 2 times.
MIP Presolve eliminated 16 rows and 0 columns.
Aggregator did 42 substitutions.
Reduced MIP has 1992 rows, 1660 columns, and 6659 nonzeros.
Reduced MIP has 244 binaries, 0 generals, 520 SOSs, and 0 indicators.
Presolve time = 0.01 sec. (7.05 ticks)
Probing changed sense of 4 constraints.
Probing time = 0.01 sec. (2.79 ticks)
Clique table members: 114.
MIP emphasis: balance optimality and feasibility.
MIP search method: dynamic search.
Parallel mode: deterministic, using up to 32 threads.
Root relaxation solution time = 0.08 sec. (30.24 ticks)

        Nodes                                         Cuts/
   Node  Left     Objective  IInf  Best Integer    Best Bound    ItCnt     Gap

      0     0        0.2644   199                      0.2644      698         
*     0+    0                            0.6079        0.2644            56.51%
      0     0        0.2644   180        0.6079      Cuts: 67     1111   56.51%
      0     0        0.2644   191        0.6079     Cuts: 109     1349   56.51%
*     0+    0                            0.3960        0.2644            33.24%
      0     0        0.2644    84        0.3960      Cuts: 27     1415   33.24%
      0     0        0.2644   127        0.3960      Cuts: 68     1601   33.24%
*     0+    0                            0.3616        0.2644            26.89%
      0     2        0.2644    95        0.3616        0.2644     1601   26.89%
Elapsed time = 118.87 sec. (491.87 ticks, tree = 0.02 MB, solutions = 3)
*    57+    4                            0.3504        0.2644            24.55%
*   143+   21                            0.3382        0.2644            21.83%
   3434  2331        0.2915    21        0.3382        0.2644    55397   21.83%
*  3449  2390      integral     0        0.3313        0.2644    55601   20.20%
*  3556+ 2232                            0.3007        0.2644            12.07%
   3771  1179        0.3156    70        0.3007        0.2644    35141   12.07%
*  3959+ 1532                            0.3001        0.2644            11.91%
*  5177+ 1599                            0.2996        0.2644            11.76%
*  7121  3403      integral     0        0.2995        0.2644    97514   11.71%
*  8068  3217      integral     0        0.2986        0.2644    94758   11.45%
   9811  5391        0.2964    26        0.2986        0.2644   134306   11.45%
* 11387  6110      integral     0        0.2964        0.2644   145621   10.80%
* 16205+ 4379                            0.2958        0.2644            10.61%
* 16309  8456      integral     0        0.2909        0.2644   200945    9.10%
  17436  6623        0.2644    74        0.2909        0.2644   215450    9.10%
  23409  9400        cutoff              0.2909        0.2644   282528    9.10%
* 24532+ 4625                            0.2902        0.2644             8.88%
* 24739+ 4625                            0.2901        0.2644             8.86%
  29703 13898        0.2834    86        0.2901        0.2644   368014    8.86%
* 35968+ 4625                            0.2901        0.2644             8.86%
  37578 17585        cutoff              0.2901        0.2644   431539    8.86%
* 39342+13693                            0.2900        0.2645             8.79%
  39342 13694        0.2644    48        0.2900        0.2675   512404    7.74%
Elapsed time = 457.08 sec. (3776.51 ticks, tree = 17.94 MB, solutions = 44)
* 39383+ 1584                            0.2892        0.2675             7.50%
* 40144+    5                            0.2891        0.2675             7.48%
* 40221+    7                            0.2891        0.2675             7.47%
* 40514+    9                            0.2888        0.2675             7.36%
* 40577+    9                            0.2885        0.2675             7.28%
* 40867+   19                            0.2885        0.2675             7.28%
  41240   778        0.2877    76        0.2885        0.2675   548370    7.28%
* 46909+  752                            0.2883        0.2675             7.21%
* 48458+  807                            0.2878        0.2675             7.04%
* 64999 13180      integral     0        0.2876        0.2681   793710    6.78%
* 65056 13729      integral     0        0.2855        0.2681   807797    6.08%
  78561 16806        0.2814    68        0.2855        0.2716   934567    4.86%
* 80085+16914                            0.2831        0.2716             4.05%
* 80085+17221                            0.2810        0.2716             3.32%
* 80107+17458                            0.2804        0.2737             2.38%
* 80123+17376                            0.2804        0.2737             2.38%

Implied bound cuts applied:  1
Flow cuts applied:  9
Mixed integer rounding cuts applied:  4
Gomory fractional cuts applied:  4

Root node processing (before b&c):
  Real time             =  104.09 sec. (492.84 ticks)
Parallel b&c, 32 threads:
  Real time             =  582.64 sec. (5584.95 ticks)
  Sync time (average)   =  363.16 sec.
  Wait time (average)   =    0.24 sec.
                          ------------
Total (root+branch&cut) =  686.73 sec. (6077.79 ticks)
Solution found
