Model: Diversity_model_3
 - number of variables: 17798
   - binary=14668, integer=2, continuous=3128
 - number of constraints: 41155
   - linear=41155
 - parameters: defaults
CPXPARAM_Read_DataCheck                          1
CPXPARAM_RandomSeed                              201804051
CPXPARAM_MIP_Strategy_LBHeur                     1
CPXPARAM_TimeLimit                               86400
CPXPARAM_MIP_Tolerances_MIPGap                   0.02
Tried aggregator 2 times.
MIP Presolve eliminated 623 rows and 620 columns.
MIP Presolve modified 408 coefficients.
Aggregator did 7743 substitutions.
Reduced MIP has 32789 rows, 9435 columns, and 84446 nonzeros.
Reduced MIP has 7538 binaries, 0 generals, 612 SOSs, and 0 indicators.
Presolve time = 0.88 sec. (196.33 ticks)
Probing changed sense of 51 constraints.
Probing time = 1.37 sec. (96.71 ticks)
Tried aggregator 2 times.
MIP Presolve eliminated 2437 rows and 221 columns.
Aggregator did 102 substitutions.
Reduced MIP has 30250 rows, 9112 columns, and 77373 nonzeros.
Reduced MIP has 7266 binaries, 0 generals, 612 SOSs, and 0 indicators.
Presolve time = 0.87 sec. (269.42 ticks)
Probing time = 1.22 sec. (100.97 ticks)
Clique table members: 47849.
MIP emphasis: balance optimality and feasibility.
MIP search method: dynamic search.
Parallel mode: deterministic, using up to 32 threads.
Root relaxation solution time = 1.51 sec. (327.50 ticks)

        Nodes                                         Cuts/
   Node  Left     Objective  IInf  Best Integer    Best Bound    ItCnt     Gap

      0     0        0.8281  3164                      0.8281     5287         
      0     0        0.8288  2270                  Cuts: 3963     7143         
*     0+    0                            1.4175        0.8288            41.53%
      0     0        0.8339  2576        1.4175    Cuts: 4853     9425   41.17%
*     0+    0                            1.4049        0.8339            40.64%
      0     0        0.8348  2454        1.4049    Cuts: 1952    10456   40.58%
*     0+    0                            1.4035        0.8348            40.52%
      0     0        0.8354  2512        1.4035    Cuts: 1093    11362   40.48%
      0     0        0.8358  2823        1.4035    Cuts: 1788    12451   40.45%

Repeating presolve.
Tried aggregator 2 times.
MIP Presolve eliminated 24534 rows and 6411 columns.
Aggregator did 51 substitutions.
Reduced MIP has 5665 rows, 2650 columns, and 16680 nonzeros.
Reduced MIP has 855 binaries, 0 generals, 612 SOSs, and 0 indicators.
Presolve time = 0.22 sec. (49.50 ticks)
Probing time = 0.26 sec. (6.96 ticks)
Tried aggregator 1 time.
MIP Presolve eliminated 323 rows and 63 columns.
Reduced MIP has 5342 rows, 2587 columns, and 15837 nonzeros.
Reduced MIP has 792 binaries, 0 generals, 612 SOSs, and 0 indicators.
Presolve time = 0.06 sec. (17.00 ticks)
Probing time = 0.23 sec. (3.09 ticks)
Tried aggregator 1 time.
Reduced MIP has 5342 rows, 2587 columns, and 15837 nonzeros.
Reduced MIP has 792 binaries, 0 generals, 612 SOSs, and 0 indicators.
Presolve time = 0.04 sec. (13.62 ticks)
Represolve time = 1.23 sec. (449.98 ticks)
Probing time = 0.22 sec. (3.09 ticks)
Clique table members: 9319.
MIP emphasis: balance optimality and feasibility.
MIP search method: dynamic search.
Parallel mode: deterministic, using up to 32 threads.
Root relaxation solution time = 3.37 sec. (232.93 ticks)

        Nodes                                         Cuts/
   Node  Left     Objective  IInf  Best Integer    Best Bound    ItCnt     Gap

*     0+    0                            1.4035        0.8358            40.45%
      0     0        0.8369   573        1.4035        0.8369    15781   40.37%
      0     0        0.8394   570        1.4035     Cuts: 943    16730   40.19%
      0     0        0.8407   563        1.4035     Cuts: 207    17494   40.10%
      0     0        0.8414   562        1.4035     Cuts: 636    18234   40.05%
      0     0        0.8418   548        1.4035     Cuts: 124    18506   40.02%
      0     0        0.8420   549        1.4035     Cuts: 390    19025   40.01%
      0     0        0.8421   548        1.4035     Cuts: 171    19139   40.00%
      0     0        0.8421   571        1.4035      Cuts: 70    19295   40.00%
*     0+    0                            1.4028        0.8421            39.97%
      0     0        0.8421   449        1.4028      Cuts: 33    19446   39.97%
      0     0        0.8421   498        1.4028     Cuts: 109    19675   39.97%
      0     2        0.8421   429        1.4028        0.8421    19675   39.97%
Elapsed time = 116.06 sec. (11881.74 ticks, tree = 0.02 MB, solutions = 4)
    468   257    infeasible              1.4028        0.8421    38986   39.97%
   3041  1389        1.3987   177        1.4028        0.8421    88780   39.97%
*  3213+ 1204                            1.2485        0.8421            32.55%
*  3215+ 1189                            1.2483        0.8421            32.54%
*  3226+ 1213                            1.2444        0.8421            32.33%
   3238   674        1.0086   379        1.2444        0.8421   108353   32.33%
*  3266+ 1337                            1.2443        0.8421            32.32%
*  3322+ 1423                            1.2443        0.8421            32.32%
   4963  1035        1.0203   307        1.2443        0.8421   160861   32.32%
*  5062+ 1005                            1.2407        0.8421            32.13%
   7299  2880        1.1914   129        1.2407        0.8421   218432   32.13%
*  7882  2701      integral     0        1.2376        0.8421   214199   31.96%
*  8226+ 3073                            1.2334        0.8421            31.73%
*  8382  3546      integral     0        1.2322        0.8421   235338   31.66%
   8397  2914        1.2347     1        1.2322        0.8421   218759   31.66%
*  8402+ 2818                            1.2277        0.8421            31.41%
*  8402+ 1878                            1.2262        0.8421            31.33%
*  8402+ 1252                            1.2251        0.8422            31.26%
*  8402+  834                            1.2127        0.8422            30.55%
*  8402+  556                            1.2121        0.8422            30.51%
*  8402+  370                            1.2085        0.8422            30.31%
*  8402+  246                            1.1845        0.8422            28.90%
*  8402+  164                            1.1829        0.8422            28.80%
   8402   165        0.8422   491        1.1829        0.8422   270356   28.80%
   8403   166        0.8423   442        1.1829        0.8422   270729   28.80%
*  8404+  109                            1.1825        0.8422            28.78%
*  8428+   14                            1.1805        0.8422            28.66%
   8448    22        0.8427   423        1.1805        0.8422   274900   28.66%
Elapsed time = 437.46 sec. (24844.42 ticks, tree = 0.12 MB, solutions = 34)
*  8486+   26                            1.1801        0.8422            28.63%
*  8621+   28                            1.1801        0.8422            28.63%
*  8726+   30                            1.1796        0.8422            28.60%
*  9296+   16                            1.1792        0.8422            28.58%
  11669  2016        1.1345   228        1.1792        0.8422   385833   28.58%
* 11937  2140      integral     0        1.1751        0.8422   389327   28.32%
* 13321+ 3013                            1.1738        0.8423            28.25%
* 13365  2799      integral     0        1.1737        0.8423   413692   28.24%
* 13426  2867      integral     0        1.1737        0.8423   414669   28.24%
* 13462  3224      integral     0        1.1736        0.8423   428207   28.24%
* 13533+ 3072                            1.1700        0.8423            28.01%
* 13667  3208      integral     0        1.1572        0.8423   431785   27.21%
* 15482+ 4245                            0.9831        0.8423            14.32%
* 15809+ 1339                            0.9761        0.8423            13.71%
* 15891+ 1321                            0.9740        0.8423            13.52%
  16002  4228        0.9709    92        0.9740        0.8423   493259   13.52%
* 16510+ 1266                            0.9712        0.8425            13.25%
* 17549  1556      integral     0        0.9710        0.8425   542482   13.23%
* 18508  2197      integral     0        0.9598        0.8425   565731   12.22%
* 19750+ 3064                            0.9562        0.8425            11.89%
* 19847  3263      integral     0        0.9557        0.8425   601486   11.84%
* 19916  3464      integral     0        0.9261        0.8425   600237    9.02%
* 20743  1824      integral     0        0.9256        0.8426   616098    8.96%
* 26591  5169      integral     0        0.9252        0.8491   693795    8.23%
  26949  5300        0.9178   127        0.9252        0.8491   696924    8.23%
* 27079  5985      integral     0        0.9219        0.8491   708365    7.90%
* 28026  5729      integral     0        0.9146        0.8506   718944    7.00%
* 32233  7042      integral     0        0.9094        0.8529   765086    6.21%
* 37516  9315      integral     0        0.9091        0.8536   828106    6.11%
* 38807  9727      integral     0        0.9082        0.8550   836755    5.86%
* 38840 10354      integral     0        0.9048        0.8550   844840    5.50%
* 39234 10501      integral     0        0.9032        0.8554   846369    5.29%
* 39630 10164      integral     0        0.9020        0.8554   842588    5.17%
* 40558+ 7616                            0.9018        0.8554             5.15%
* 41713+ 7944                            0.9018        0.8555             5.13%
* 42046  7914      integral     0        0.9015        0.8555   865582    5.09%
Elapsed time = 495.15 sec. (29173.24 ticks, tree = 345.13 MB, solutions = 80)
* 43537  8517      integral     0        0.9007        0.8585   878415    4.69%
* 45263  9536      integral     0        0.8999        0.8590   896175    4.55%
* 46991  9946      integral     0        0.8999        0.8596   920656    4.47%
* 47977+10305                            0.8998        0.8601             4.41%
* 52477 13638      integral     0        0.8995        0.8623   979686    4.14%
* 53126 14703      integral     0        0.8992        0.8624   996092    4.09%
* 54468+15344                            0.8986        0.8631             3.96%
* 54482+15142                            0.8985        0.8631             3.94%
  54655 15745        0.8937   171        0.8985        0.8631  1033445    3.94%
* 54661+15959                            0.8984        0.8631             3.93%
* 55466 15731      integral     0        0.8978        0.8631  1034611    3.87%
* 56111+15764                            0.8970        0.8631             3.78%
* 60650+14601                            0.8968        0.8634             3.72%
  62316 18329        0.8770   174        0.8968        0.8642  1095926    3.64%
* 69171+21839                            0.8968        0.8642             3.64%
  70517 25533        0.8716   194        0.8968        0.8642  1185817    3.64%
* 70680+17458                            0.8966        0.8642             3.62%
  77762 30012        0.8953   114        0.8966        0.8642  1243701    3.62%
* 86331+36520                            0.8966        0.8642             3.62%
  88053 38784        0.8905   166        0.8966        0.8642  1368277    3.62%
  95414 44166        0.8798   155        0.8966        0.8642  1438830    3.62%
* 95437+17585                            0.8965        0.8642             3.61%
 104650 50305        0.8709   178        0.8965        0.8642  1525031    3.61%
 115360 57521        0.8867   185        0.8965        0.8642  1621336    3.61%
Elapsed time = 568.74 sec. (37143.44 ticks, tree = 445.48 MB, solutions = 118)
 125294 66047        0.8943   102        0.8965        0.8642  1732023    3.61%
 135480 76242        0.8878    85        0.8965        0.8642  1874269    3.61%
 146996 83223        0.8946   201        0.8965        0.8642  1964951    3.61%
 157103 91999        0.8870    41        0.8965        0.8642  2078049    3.61%
*158033 92023      integral     0        0.8964        0.8642  2078434    3.59%
*161637+94741                            0.8961        0.8642             3.56%
*164695+93535                            0.8945        0.8642             3.39%
*165795+93435                            0.8943        0.8642             3.37%
*166235+94191                            0.8943        0.8642             3.37%
*166278+93808                            0.8942        0.8642             3.35%
 166495 95415        0.8880   121        0.8942        0.8642  2172503    3.35%
*168676+84685                            0.8940        0.8642             3.34%
*174270+83411                            0.8936        0.8642             3.29%
 175692 86367        0.8935   126        0.8936        0.8642  2266411    3.29%
 183163 90783        0.8840   199        0.8936        0.8642  2366954    3.29%
*184353+90074                            0.8934        0.8642             3.27%
*185648+90582                            0.8934        0.8642             3.27%
*185689+89654                            0.8930        0.8642             3.23%
*187636+88954                            0.8929        0.8642             3.22%
*187664+89559                            0.8929        0.8642             3.22%
*189848+88455                            0.8929        0.8642             3.21%
 191375 89634        0.8892   175        0.8929        0.8642  2430206    3.21%
*192681+88751                            0.8927        0.8642             3.20%
*195540+91883                            0.8927        0.8642             3.20%
 198225 94358        cutoff              0.8927        0.8642  2520856    3.20%
Elapsed time = 646.02 sec. (45810.96 ticks, tree = 464.89 MB, solutions = 143)
 206585 100678        0.8804   162        0.8927        0.8642  2605305    3.20%
 215796 104213        0.8850   118        0.8927        0.8642  2653619    3.20%
 226840 112571        0.8893   103        0.8927        0.8642  2760400    3.20%
 237988 125193        0.8814   175        0.8927        0.8642  2923552    3.20%
 250833 131027        0.8860   108        0.8927        0.8642  3000923    3.19%
 265319 145644        0.8846   229        0.8927        0.8645  3193573    3.16%
*276509+152709                            0.8927        0.8645             3.16%
 278836 154859        0.8803   167        0.8927        0.8645  3310387    3.16%
 283138 162933        0.8423   409        0.8927        0.8713  3423737    2.40%
 283141 162933        0.8599   482        0.8927        0.8713  3425553    2.40%
 283150 45825        cutoff              0.8927        0.8713  3430315    2.40%
Elapsed time = 779.67 sec. (63522.32 ticks, tree = 192.43 MB, solutions = 165)
 283162  5502        0.8424   616        0.8927        0.8713  3440416    2.40%
*283167+ 2039                            0.8925        0.8713             2.38%
 283189   142        0.8427   560        0.8925        0.8713  3452857    2.38%
 283510    85        0.8697   282        0.8925        0.8713  3490154    2.38%
 285664  1150        cutoff              0.8925        0.8713  3524999    2.38%
 291421  4384    infeasible              0.8925        0.8713  3613526    2.38%
*293165+ 5734                            0.8925        0.8713             2.37%
*293167+ 5728                            0.8925        0.8713             2.37%
 294110  5895        0.8912   184        0.8925        0.8713  3724469    2.37%
 302667 11989        0.8720   203        0.8925        0.8713  3852626    2.37%
 312006 18777        0.8905    94        0.8925        0.8713  3934634    2.37%
 321768 27020        0.8872    74        0.8925        0.8713  4035167    2.37%
 331994 33622        0.8807   154        0.8925        0.8713  4108745    2.37%
Elapsed time = 883.41 sec. (73099.55 ticks, tree = 532.63 MB, solutions = 167)
 342213 42750        0.8790   130        0.8925        0.8713  4214695    2.37%
 350063 48594        0.8797   173        0.8925        0.8713  4284998    2.37%
 361034 57459        0.8777   167        0.8925        0.8713  4381644    2.37%
 373194 66703        0.8799   165        0.8925        0.8713  4484737    2.37%
 380198 72834        0.8801   196        0.8925        0.8713  4554456    2.37%
 392992 83018        0.8886   140        0.8925        0.8713  4662951    2.37%
 400917 89093        0.8847   140        0.8925        0.8713  4729182    2.37%
 413388 97758        0.8771   216        0.8925        0.8713  4829424    2.37%
 420674 105937        0.8834   142        0.8925        0.8713  4921865    2.37%
 433088 111751        0.8888   224        0.8925        0.8713  4983606    2.37%
Elapsed time = 958.41 sec. (82638.10 ticks, tree = 744.13 MB, solutions = 167)
 439962 120211        0.8908    85        0.8925        0.8713  5072167    2.37%
 451052 126227        0.8717   235        0.8925        0.8713  5140081    2.37%
 457274 133928        0.8873   115        0.8925        0.8713  5247483    2.37%
 467945 140338        0.8873   117        0.8925        0.8713  5337638    2.37%
 477331 148371        0.8923   140        0.8925        0.8713  5448029    2.37%
 483652 156073        0.8801   233        0.8925        0.8713  5553984    2.37%
 496310 163396        0.8779   204        0.8925        0.8714  5653590    2.37%
 503491 171900        0.8842   148        0.8925        0.8714  5770260    2.36%
 510671 177774        0.8915   186        0.8925        0.8715  5852924    2.35%
 523347 187528        0.8812   157        0.8925        0.8716  5990841    2.34%
Elapsed time = 1059.89 sec. (92175.83 ticks, tree = 957.68 MB, solutions = 167)
 529949 192612        0.8924    80        0.8925        0.8717  6058217    2.32%
 539940 199593        0.8748   185        0.8925        0.8718  6152969    2.32%
 549690 206666        0.8782   218        0.8925        0.8719  6249192    2.31%
*554867+212432                            0.8922        0.8719             2.27%
 556388 211214        0.8901    83        0.8922        0.8719  6376317    2.27%
 566857 215395        0.8857   124        0.8922        0.8720  6430767    2.26%
 574048 224712        0.8754   186        0.8922        0.8721  6554223    2.26%
 582461 228362        0.8829   157        0.8922        0.8721  6603240    2.25%
 594377 241295        0.8878   198        0.8922        0.8722  6779382    2.24%
 600918 244181        0.8795   187        0.8922        0.8722  6817490    2.24%
 612736 250107        0.8908   154        0.8922        0.8723  6894518    2.23%
Elapsed time = 1178.98 sec. (101713.78 ticks, tree = 1124.92 MB, solutions = 168)
 621416 261375        0.8820   153        0.8922        0.8723  7044053    2.23%
 628548 265190        0.8819   123        0.8922        0.8724  7093988    2.22%
 642515 278051        0.8919   107        0.8922        0.8725  7254845    2.21%
 649358 283383        0.8744   209        0.8922        0.8725  7322041    2.21%
 658314 289302        0.8876   112        0.8922        0.8726  7399235    2.20%
 670118 298339        0.8806   172        0.8922        0.8726  7511200    2.19%
 677036 304006        0.8787   169        0.8922        0.8727  7585457    2.19%
*686786 308680      integral     0        0.8890        0.8727  7643239    1.83%
 688751 310573        0.8917    75        0.8890        0.8727  7665018    1.83%

Clique cuts applied:  227
Implied bound cuts applied:  13
Flow cuts applied:  28
Mixed integer rounding cuts applied:  71
Zero-half cuts applied:  28
Lift and project cuts applied:  35
Gomory fractional cuts applied:  35

Root node processing (before b&c):
  Real time             =   91.66 sec. (11895.35 ticks)
Parallel b&c, 32 threads:
  Real time             = 1185.27 sec. (97874.02 ticks)
  Sync time (average)   =  480.85 sec.
  Wait time (average)   =    5.19 sec.
                          ------------
Total (root+branch&cut) = 1276.93 sec. (109769.37 ticks)
Solution found
