Model: Diversity_model_3
 - number of variables: 743
   - binary=358, integer=2, continuous=383
 - number of constraints: 1209
   - linear=1209
 - parameters: defaults
CPXPARAM_Read_DataCheck                          1
CPXPARAM_RandomSeed                              201804051
CPXPARAM_MIP_Strategy_LBHeur                     1
CPXPARAM_TimeLimit                               86400
CPXPARAM_MIP_Tolerances_MIPGap                   0.02
Tried aggregator 2 times.
MIP Presolve eliminated 83 rows and 80 columns.
MIP Presolve modified 48 coefficients.
Aggregator did 228 substitutions.
Reduced MIP has 898 rows, 435 columns, and 2408 nonzeros.
Reduced MIP has 203 binaries, 0 generals, 72 SOSs, and 0 indicators.
Presolve time = 0.01 sec. (3.16 ticks)
Probing changed sense of 6 constraints.
Probing time = 0.01 sec. (2.93 ticks)
Tried aggregator 2 times.
MIP Presolve eliminated 315 rows and 103 columns.
Aggregator did 12 substitutions.
Reduced MIP has 571 rows, 320 columns, and 1645 nonzeros.
Reduced MIP has 94 binaries, 0 generals, 72 SOSs, and 0 indicators.
Presolve time = 0.01 sec. (2.50 ticks)
Probing time = 0.00 sec. (1.20 ticks)
Tried aggregator 2 times.
MIP Presolve eliminated 152 rows and 34 columns.
Aggregator did 6 substitutions.
Reduced MIP has 413 rows, 280 columns, and 1263 nonzeros.
Reduced MIP has 60 binaries, 0 generals, 72 SOSs, and 0 indicators.
Presolve time = 0.00 sec. (1.77 ticks)
Probing time = 0.00 sec. (0.25 ticks)
Clique table members: 108.
MIP emphasis: balance optimality and feasibility.
MIP search method: dynamic search.
Parallel mode: deterministic, using up to 32 threads.
Root relaxation solution time = 0.00 sec. (1.57 ticks)

        Nodes                                         Cuts/
   Node  Left     Objective  IInf  Best Integer    Best Bound    ItCnt     Gap

      0     0        0.8696    50                      0.8696      136         
      0     0        0.8696    39                    Cuts: 32      203         
*     0+    0                            1.6737        0.8696            48.04%
      0     0        0.8696    40        1.6737      Cuts: 54      233   48.04%
      0     0        0.8696    20        1.6737      Cuts: 10      270   48.04%
      0     0        0.8696    23        1.6737      Cuts: 23      298   48.04%
*     0+    0                            1.4161        0.8696            38.59%
*     0+    0                            1.1127        0.8696            21.85%
      0     2        0.8696     9        1.1127        0.8696      298   21.85%
Elapsed time = 0.57 sec. (58.25 ticks, tree = 0.02 MB, solutions = 3)
*    85+    8                            1.1127        0.8696            21.85%
*   225+   35                            1.0805        0.8696            19.52%
*   403+   54                            1.0494        0.8696            17.14%
*   556+   70                            1.0414        0.8696            16.50%
*   874    75      integral     0        0.9833        0.8696     7248   11.57%
*  1063    41      integral     0        0.9276        0.8696    11696    6.26%
*  1070    45      integral     0        0.9267        0.8696    11842    6.17%

Clique cuts applied:  5
Implied bound cuts applied:  32
Flow cuts applied:  8
Mixed integer rounding cuts applied:  7
Lift and project cuts applied:  2
Gomory fractional cuts applied:  2

Root node processing (before b&c):
  Real time             =    0.46 sec. (58.17 ticks)
Parallel b&c, 32 threads:
  Real time             =    2.69 sec. (21.27 ticks)
  Sync time (average)   =    2.43 sec.
  Wait time (average)   =    0.00 sec.
                          ------------
Total (root+branch&cut) =    3.16 sec. (79.44 ticks)
Solution found
