Model: Diversity_model_3
 - number of variables: 1811
   - binary=208, integer=1, continuous=1602
 - number of constraints: 2205
   - linear=2205
 - parameters: defaults
CPXPARAM_Read_DataCheck                          1
CPXPARAM_RandomSeed                              201804051
CPXPARAM_MIP_Strategy_LBHeur                     1
CPXPARAM_TimeLimit                               86400
CPXPARAM_MIP_Tolerances_MIPGap                   0.02
Tried aggregator 2 times.
MIP Presolve eliminated 319 rows and 319 columns.
MIP Presolve modified 208 coefficients.
Aggregator did 312 substitutions.
Reduced MIP has 1574 rows, 1180 columns, and 4883 nonzeros.
Reduced MIP has 208 binaries, 0 generals, 312 SOSs, and 0 indicators.
Presolve time = 0.01 sec. (5.85 ticks)
Probing changed sense of 25 constraints.
Probing time = 0.01 sec. (2.55 ticks)
Tried aggregator 2 times.
MIP Presolve eliminated 25 rows and 0 columns.
Aggregator did 51 substitutions.
Reduced MIP has 1498 rows, 1129 columns, and 4706 nonzeros.
Reduced MIP has 183 binaries, 0 generals, 312 SOSs, and 0 indicators.
Presolve time = 0.02 sec. (5.00 ticks)
Probing changed sense of 1 constraints.
Probing time = 0.02 sec. (2.06 ticks)
Clique table members: 79.
MIP emphasis: balance optimality and feasibility.
MIP search method: dynamic search.
Parallel mode: deterministic, using up to 32 threads.
Root relaxation solution time = 0.05 sec. (17.59 ticks)

        Nodes                                         Cuts/
   Node  Left     Objective  IInf  Best Integer    Best Bound    ItCnt     Gap

      0     0        0.2644   138                      0.2644      490         
      0     0        0.2644   171                   Cuts: 112      948         
*     0+    0                            0.3990        0.2644            33.74%
      0     0        0.2644   165        0.3990      Cuts: 77     1247   33.74%
      0     0        0.2644   165        0.3990      Cuts: 82     1323   33.74%
*     0+    0                            0.3746        0.2644            29.43%
      0     2        0.2644    87        0.3746        0.2644     1323   29.43%
Elapsed time = 75.49 sec. (217.67 ticks, tree = 0.02 MB, solutions = 2)
*  3479  2129      integral     0        0.3736        0.2644    35575   29.24%
*  5342  3396      integral     0        0.3601        0.2644    53271   26.58%
*  5578  3487      integral     0        0.3259        0.2644    54805   18.88%
*  7704+ 1642                            0.3258        0.2644            18.84%
*  7704+ 1335                            0.3253        0.2644            18.72%
*  7704+ 1803                            0.3250        0.2644            18.66%
*  7704+ 1224                            0.3244        0.2644            18.51%
*  7704+ 1289                            0.3238        0.2644            18.34%
*  7704+ 1289                            0.3228        0.2644            18.09%
*  7704+ 1958                            0.3225        0.2644            18.02%
*  7704+ 1958                            0.3223        0.2644            17.98%
*  7704+ 1801                            0.3222        0.2644            17.94%
   7704  1929        0.3209    72        0.3222        0.2644    75971   17.94%
*  7992+ 2035                            0.3220        0.2644            17.90%
*  8719+ 1331                            0.3220        0.2644            17.90%
*  9187  2630      integral     0        0.3185        0.2644    93178   16.98%
* 10193+ 2221                            0.3115        0.2644            15.11%
* 11416+ 2236                            0.3067        0.2644            13.79%
  12653  3949        0.2970    68        0.3067        0.2644   128908   13.79%
* 13549+ 2365                            0.3055        0.2644            13.45%
* 15100+ 2365                            0.3045        0.2644            13.16%
* 16812+ 2365                            0.3040        0.2644            13.04%
  21285  3617        0.3039    67        0.3040        0.2644   195017   13.04%
* 23885  4592      integral     0        0.3040        0.2644   208294   13.02%
* 25690+ 5342                            0.3040        0.2644            13.02%
* 27109  5913      integral     0        0.3033        0.2644   225116   12.84%
* 29785  6530      integral     0        0.3030        0.2644   237625   12.75%
* 34147  9019      integral     0        0.3023        0.2646   269215   12.46%
* 41274 10948      integral     0        0.3018        0.2646   308234   12.31%
  43118 11565        cutoff              0.3018        0.2646   315005   12.31%
* 53823 15117      integral     0        0.3016        0.2646   375622   12.27%
  58928 16765        cutoff              0.3016        0.2646   405958   12.27%
  59865  3742        0.2644    69        0.3016        0.2872   433599    4.77%
Elapsed time = 289.93 sec. (2908.47 ticks, tree = 4.71 MB, solutions = 181)

Implied bound cuts applied:  3
Flow cuts applied:  11
Mixed integer rounding cuts applied:  2
Gomory fractional cuts applied:  4

Root node processing (before b&c):
  Real time             =   67.34 sec. (219.18 ticks)
Parallel b&c, 32 threads:
  Real time             =  317.48 sec. (3423.33 ticks)
  Sync time (average)   =  217.20 sec.
  Wait time (average)   =    0.10 sec.
                          ------------
Total (root+branch&cut) =  384.82 sec. (3642.51 ticks)
Solution found
