Model: Diversity_model_3
 - number of variables: 8419
   - binary=800, integer=1, continuous=7618
 - number of constraints: 9469
   - linear=9469
 - parameters: defaults
CPXPARAM_Read_DataCheck                          1
CPXPARAM_RandomSeed                              201804051
CPXPARAM_MIP_Strategy_LBHeur                     1
CPXPARAM_TimeLimit                               86400
CPXPARAM_MIP_Tolerances_MIPGap                   0.02
Tried aggregator 2 times.
MIP Presolve eliminated 1607 rows and 1607 columns.
MIP Presolve modified 800 coefficients.
Aggregator did 1600 substitutions.
Reduced MIP has 6262 rows, 5212 columns, and 20831 nonzeros.
Reduced MIP has 800 binaries, 0 generals, 1600 SOSs, and 0 indicators.
Presolve time = 0.16 sec. (33.43 ticks)
Probing changed sense of 31 constraints.
Probing time = 0.33 sec. (4.73 ticks)
Tried aggregator 2 times.
MIP Presolve eliminated 31 rows and 0 columns.
Aggregator did 111 substitutions.
Reduced MIP has 6120 rows, 5101 columns, and 20516 nonzeros.
Reduced MIP has 769 binaries, 0 generals, 1600 SOSs, and 0 indicators.
Presolve time = 0.18 sec. (28.33 ticks)
Probing changed sense of 15 constraints.
Probing time = 0.40 sec. (4.84 ticks)
Clique table members: 369.
MIP emphasis: balance optimality and feasibility.
MIP search method: dynamic search.
Parallel mode: deterministic, using up to 32 threads.
Root relaxation solution time = 0.97 sec. (192.74 ticks)

        Nodes                                         Cuts/
   Node  Left     Objective  IInf  Best Integer    Best Bound    ItCnt     Gap

      0     0        0.8211   735                      0.8211       13         
*     0+    0                            1.2458        0.8211            34.10%
      0     0        0.8211   561        1.2458     Cuts: 167     1208   34.10%
      0     0        0.8211   638        1.2458     Cuts: 146     2262   34.10%
      0     0        0.8211   415        1.2458      Cuts: 47     2568   34.10%
      0     0        0.8211   451        1.2458     Cuts: 139     2850   34.10%
*     0+    0                            1.1406        0.8211            28.02%
      0     2        0.8211   348        1.1406        0.8211     2850   28.02%
Elapsed time = 166.38 sec. (2009.64 ticks, tree = 0.02 MB, solutions = 2)
*    18+    2                            1.1200        0.8211            26.69%
*    47+    3                            1.1200        0.8211            26.69%
*   202+   25                            1.1175        0.8211            26.53%
    362   163        1.0557   351        1.1175        0.8211    19250   26.53%
*   573+   12                            1.0676        0.8211            23.09%
*  1052+   12                            1.0673        0.8211            23.07%
*  1097+   12                            1.0670        0.8211            23.05%
*  1134+   12                            1.0668        0.8211            23.03%
   2408  1019        1.0388   411        1.0668        0.8211   120765   23.03%
*  3167+  687                            0.9886        0.8211            16.94%
   3955  1230        0.8729   311        0.9886        0.8211   199067   16.94%
   6597  2572        0.9884   258        0.9886        0.8211   279331   16.94%
   8630  5251        0.9244   180        0.9886        0.8211   322784   16.94%
*  9052+ 5618                            0.9783        0.8211            16.07%
*  9108  5183      integral     0        0.9763        0.8211   330100   15.90%
*  9345+ 5232                            0.9690        0.8211            15.27%
   9883  5395        0.8884   129        0.9690        0.8211   337308   15.27%
* 10249+ 4777                            0.9650        0.8211            14.92%
* 10491+ 4777                            0.9641        0.8211            14.84%
  11578  6799        0.9559   176        0.9641        0.8211   355809   14.84%
* 12269  7493      integral     0        0.9182        0.8211   367696   10.58%
* 12766+ 4796                            0.9132        0.8211            10.09%
* 12835+ 4971                            0.9012        0.8211             8.89%
* 13380  4299      integral     0        0.8981        0.8211   389792    8.58%
  13384  4399        0.8736   313        0.8981        0.8211   395350    8.58%
* 14290+ 4787                            0.8973        0.8211             8.49%
* 14330+ 4857                            0.8964        0.8211             8.40%
* 14367+ 4346                            0.8906        0.8211             7.81%
* 15039+ 4738                            0.8902        0.8211             7.76%
* 15125+ 4752                            0.8902        0.8211             7.76%
  15731  5499        0.8666   381        0.8902        0.8211   433958    7.76%
Elapsed time = 224.43 sec. (4962.26 ticks, tree = 13.73 MB, solutions = 56)
* 21309+ 9555                            0.8800        0.8211             6.70%
  21642  9784        0.8496   247        0.8800        0.8211   534215    6.70%
* 27794+11720                            0.8788        0.8211             6.57%
* 30593 12683      integral     0        0.8780        0.8211   641074    6.49%
  32942 14792        0.8630   372        0.8780        0.8211   689831    6.49%
* 38744+17874                            0.8745        0.8211             6.12%
* 40161+18746                            0.8745        0.8211             6.12%
* 41636+18867                            0.8745        0.8211             6.12%
  46046 22049        0.8464   194        0.8745        0.8211   797040    6.12%
* 47912+20369                            0.8744        0.8211             6.10%
* 51583+25552                            0.8735        0.8211             6.01%
* 55630+29084                            0.8735        0.8211             6.01%
* 56294+30386                            0.8720        0.8211             5.85%
  56546 30404        0.8592   150        0.8720        0.8211   887107    5.85%
* 56553+20494                            0.8712        0.8215             5.71%
  56553 20495        0.8211   253        0.8712        0.8215   913580    5.71%
  56597   201        0.8211   315        0.8712        0.8215   917345    5.71%
  66170  5521        0.8522   252        0.8712        0.8215  1072082    5.71%
* 75530+13140                            0.8703        0.8218             5.58%
  75737 13142        0.8698     8        0.8703        0.8218  1195492    5.58%
* 75837+13268                            0.8700        0.8239             5.30%
* 75854+12914                            0.8663        0.8239             4.90%
  76011  9808        0.8496   259        0.8663        0.8239  1200789    4.90%
* 76542+ 9832                            0.8657        0.8239             4.83%
* 77446+10116                            0.8655        0.8239             4.81%
  77993 10262        0.8632   211        0.8655        0.8239  1216851    4.81%
Elapsed time = 401.00 sec. (19225.44 ticks, tree = 27.61 MB, solutions = 190)
* 79922+12870                            0.8640        0.8245             4.56%
* 80641+12870                            0.8639        0.8245             4.56%
  86008 14545        0.8617   202        0.8639        0.8245  1292907    4.56%
* 86477+12668                            0.8617        0.8256             4.19%
* 86640+13070                            0.8616        0.8256             4.19%
* 86848+13179                            0.8616        0.8256             4.18%
* 92710+14093                            0.8611        0.8256             4.12%
  99197 18730        0.8600   251        0.8611        0.8260  1409526    4.07%
*110689+27160                            0.8607        0.8275             3.85%
 112786 30032    infeasible              0.8607        0.8276  1581611    3.84%
*113338+27295                            0.8602        0.8276             3.79%
*115246+27067                            0.8601        0.8276             3.78%
*119381+27160                            0.8598        0.8276             3.74%
 119396 34843        0.8574   209        0.8598        0.8276  1656841    3.74%
*119642+27067                            0.8598        0.8276             3.74%
 128010 41542        0.8581   143        0.8598        0.8276  1750050    3.74%
*128184+27134                            0.8594        0.8276             3.69%
*135603+27383                            0.8555        0.8276             3.26%
 139434 49552        0.8498   218        0.8555        0.8276  1856421    3.26%
 148955 56782        0.8565   147        0.8555        0.8276  1951205    3.26%
 158907 64689        cutoff              0.8555        0.8276  2056480    3.26%
*162189+27383                            0.8543        0.8276             3.12%
 167850 71538        0.8603   240        0.8543        0.8276  2154153    3.12%
 177910 78361        0.8583   176        0.8543        0.8276  2247148    3.12%
Elapsed time = 467.27 sec. (29129.72 ticks, tree = 280.80 MB, solutions = 228)
 188829 86627        0.8506   194        0.8543        0.8276  2361113    3.12%
*195651+27383                            0.8541        0.8276             3.10%
 199362 94500        0.8575   221        0.8541        0.8276  2466896    3.10%
 210246 102752        0.8471   213        0.8541        0.8276  2579950    3.10%
 220609 109321        0.8471   244        0.8541        0.8276  2666694    3.10%
*225794+27383                            0.8537        0.8276             3.05%
 231659 117482        0.8605   203        0.8537        0.8276  2781387    3.05%
 242579 124435        0.8582   195        0.8537        0.8276  2873667    3.05%
 253817 134862        0.8539   222        0.8537        0.8276  3010848    3.05%
 263096 112263        0.8536   256        0.8537        0.8281  3126000    3.00%
 265862 67838        0.8211   166        0.8537        0.8332  3213172    2.40%
 265899   471        0.8335   297        0.8537        0.8332  3221070    2.40%
Elapsed time = 592.01 sec. (44342.87 ticks, tree = 1.77 MB, solutions = 294)
 266414   190        0.8303   308        0.8537        0.8332  3292831    2.40%
 272306  2081        0.8436   218        0.8537        0.8332  3357466    2.40%
 282176 10297        0.8445   188        0.8537        0.8332  3473702    2.40%
*289307+15477                            0.8533        0.8332             2.35%
 289327 15330        0.8517   125        0.8533        0.8332  3551955    2.35%
 289407 15360        0.8530   151        0.8533        0.8332  3537320    2.35%
 291241 16822        0.8433   240        0.8533        0.8332  3577044    2.35%

Flow cuts applied:  14
Mixed integer rounding cuts applied:  11
Gomory fractional cuts applied:  13

Root node processing (before b&c):
  Real time             =  160.50 sec. (2021.16 ticks)
Parallel b&c, 32 threads:
  Real time             =  480.32 sec. (49215.92 ticks)
  Sync time (average)   =  186.50 sec.
  Wait time (average)   =    0.91 sec.
                          ------------
Total (root+branch&cut) =  640.82 sec. (51237.08 ticks)
Solution found
