Model: Diversity_model_3
 - number of variables: 9285
   - binary=5464, integer=2, continuous=3819
 - number of constraints: 21155
   - linear=21155
 - parameters: defaults
CPXPARAM_Read_DataCheck                          1
CPXPARAM_RandomSeed                              201804051
CPXPARAM_MIP_Strategy_LBHeur                     1
CPXPARAM_TimeLimit                               86400
CPXPARAM_MIP_Tolerances_MIPGap                   0.02
Tried aggregator 2 times.
MIP Presolve eliminated 814 rows and 808 columns.
MIP Presolve modified 400 coefficients.
Aggregator did 3333 substitutions.
Reduced MIP has 17008 rows, 5144 columns, and 46971 nonzeros.
Reduced MIP has 2932 binaries, 0 generals, 800 SOSs, and 0 indicators.
Presolve time = 0.24 sec. (84.55 ticks)
Probing changed sense of 40 constraints.
Probing time = 0.31 sec. (28.08 ticks)
Tried aggregator 2 times.
MIP Presolve eliminated 3096 rows and 354 columns.
Aggregator did 80 substitutions.
Reduced MIP has 13832 rows, 4710 columns, and 38231 nonzeros.
Reduced MIP has 2538 binaries, 0 generals, 800 SOSs, and 0 indicators.
Presolve time = 0.27 sec. (87.57 ticks)
Probing time = 0.32 sec. (23.38 ticks)
Clique table members: 23876.
MIP emphasis: balance optimality and feasibility.
MIP search method: dynamic search.
Parallel mode: deterministic, using up to 32 threads.
Root relaxation solution time = 0.63 sec. (194.05 ticks)

        Nodes                                         Cuts/
   Node  Left     Objective  IInf  Best Integer    Best Bound    ItCnt     Gap

      0     0        0.9048  1240                      0.9048     3038         
      0     0        0.9048   741                  Cuts: 1764     4415         
      0     0        0.9057  1071                  Cuts: 1837     6282         
*     0+    0                            2.1262        0.9057            57.40%
      0     0        0.9085  1199        2.1262    Cuts: 1312     7780   57.27%
*     0+    0                            2.1015        0.9085            56.77%
*     0+    0                            2.0968        0.9085            56.67%
*     0+    0                            1.8747        0.9085            51.54%
      0     0        0.9103  1065        1.8747    Cuts: 1200     8937   51.44%
*     0+    0                            1.7376        0.9103            47.61%
      0     0        0.9121  1142        1.7376     Cuts: 714     9832   47.51%
*     0+    0                            1.6916        0.9121            46.08%
*     0+    0                            1.6893        0.9121            46.01%

Repeating presolve.
Tried aggregator 2 times.
MIP Presolve eliminated 8126 rows and 1732 columns.
Aggregator did 40 substitutions.
Reduced MIP has 5666 rows, 2938 columns, and 17423 nonzeros.
Reduced MIP has 806 binaries, 0 generals, 800 SOSs, and 0 indicators.
Presolve time = 0.63 sec. (32.81 ticks)
Probing time = 0.12 sec. (6.26 ticks)
Tried aggregator 1 time.
MIP Presolve eliminated 568 rows and 93 columns.
Reduced MIP has 5098 rows, 2845 columns, and 15905 nonzeros.
Reduced MIP has 713 binaries, 0 generals, 800 SOSs, and 0 indicators.
Presolve time = 0.06 sec. (16.19 ticks)
Probing time = 0.56 sec. (4.65 ticks)
Tried aggregator 1 time.
MIP Presolve eliminated 30 rows and 5 columns.
Reduced MIP has 5068 rows, 2840 columns, and 15825 nonzeros.
Reduced MIP has 708 binaries, 0 generals, 800 SOSs, and 0 indicators.
Presolve time = 0.07 sec. (18.49 ticks)
Represolve time = 2.03 sec. (177.99 ticks)
Probing time = 0.59 sec. (3.38 ticks)
Clique table members: 5781.
MIP emphasis: balance optimality and feasibility.
MIP search method: dynamic search.
Parallel mode: deterministic, using up to 32 threads.
Root relaxation solution time = 14.01 sec. (257.01 ticks)

        Nodes                                         Cuts/
   Node  Left     Objective  IInf  Best Integer    Best Bound    ItCnt     Gap

*     0+    0                            1.6893        0.9121            46.01%
      0     0        0.9132   551        1.6893        0.9132    11957   45.94%
*     0+    0                            1.6329        0.9132            44.08%
      0     0        0.9202   507        1.6329     Cuts: 720    12978   43.65%
      0     0        0.9213   517        1.6329     Cuts: 289    13528   43.58%
      0     0        0.9213   537        1.6329     Cuts: 173    13859   43.58%
      0     0        0.9213   424        1.6329      Cuts: 79    14075   43.58%
      0     0        0.9213   480        1.6329     Cuts: 252    14480   43.58%
*     0+    0                            1.6306        0.9213            43.49%
      0     2        0.9213   301        1.6306        0.9213    14480   43.49%
Elapsed time = 96.27 sec. (6350.07 ticks, tree = 0.02 MB, solutions = 9)
     25     9        0.9332   306        1.6306        0.9213    16164   43.49%
*   192+   55                            1.3910        0.9213            33.77%
*   433+  171                            1.3893        0.9213            33.68%
*   723+  362                            1.3869        0.9213            33.57%
*   799+  431                            1.3839        0.9213            33.43%
*   929+  246                            1.3839        0.9213            33.43%
   1087   506        1.2797   184        1.3839        0.9213    68396   33.43%
*  1314+  735                            1.3740        0.9213            32.94%
*  2126+ 1099                            1.3722        0.9213            32.85%
*  2308+ 1286                            1.3665        0.9213            32.58%
*  2572+ 1491                            1.3665        0.9213            32.58%
*  2937  1655      integral     0        1.3605        0.9213   124522   32.28%
*  3009+ 1700                            1.3456        0.9213            31.53%
*  3246+ 1831                            1.3368        0.9213            31.08%
*  4013+ 2385                            1.3141        0.9213            29.89%
*  4513  2338      integral     0        1.2713        0.9213   184194   27.52%
   4789  2077        1.1190   234        1.2713        0.9213   206209   27.52%
*  5259  2410      integral     0        1.1970        0.9213   226721   23.03%
   5845  2101        1.0679   219        1.1970        0.9213   269268   23.03%
   6776  2924        1.1884   351        1.1970        0.9213   347500   23.03%
   7675  3583        0.9952   377        1.1970        0.9213   415479   23.03%
   8141  4235        1.0378   354        1.1970        0.9213   481153   23.03%
   8309  4359        1.0729   173        1.1970        0.9213   491012   23.03%
*  8466+ 2997                            1.1934        0.9213            22.80%
*  8473+ 2997                            1.1921        0.9213            22.71%
*  8503+ 3084                            1.1639        0.9213            20.84%
*  8508+ 3084                            1.1585        0.9213            20.47%
*  8517+ 2993                            1.1584        0.9213            20.46%
*  8709+ 3822                            1.1553        0.9213            20.25%
*  8781+ 4031                            1.1367        0.9213            18.95%
*  9009+ 4031                            1.1327        0.9213            18.66%
*  9045+ 4031                            1.1316        0.9213            18.58%
   9286  3944        1.1398   397        1.1316        0.9213   554579   18.58%
Elapsed time = 150.82 sec. (9396.14 ticks, tree = 7.68 MB, solutions = 51)
*  9915+ 3566                            1.1272        0.9213            18.26%
* 10096+ 3666                            1.1272        0.9213            18.26%
  10405  3992        1.1148   260        1.1272        0.9213   651348   18.26%
* 12642  5457      integral     0        1.1068        0.9213   810467   16.75%
* 13084+ 5795                            1.0806        0.9213            14.74%
* 13394  4129      integral     0        1.0788        0.9213   867856   14.60%
  13667  4217        1.0038   367        1.0788        0.9213   878198   14.60%
  18672  7916        1.0713   256        1.0788        0.9213  1150486   14.60%
* 19342+ 7690                            1.0743        0.9213            14.24%
* 19404+ 5280                            1.0643        0.9213            13.43%
* 19590+ 5276                            1.0523        0.9213            12.45%
* 19706+ 5275                            1.0487        0.9213            12.14%
* 19910+ 6270                            1.0484        0.9213            12.12%
* 19992+ 5275                            1.0471        0.9213            12.01%
* 20033+ 5274                            1.0468        0.9213            11.98%
* 20058+ 6270                            1.0465        0.9213            11.96%
* 20302+ 6959                            1.0459        0.9213            11.91%
* 20330+ 6959                            1.0452        0.9213            11.85%
* 20336+ 5997                            1.0425        0.9213            11.62%
  20619  9436        0.9370   539        1.0425        0.9213  1305526   11.62%
  20633  9305        0.9931   282        1.0425        0.9213  1286119   11.62%
* 20635+ 4408                            1.0418        0.9218            11.52%
* 20635+ 2938                            1.0385        0.9218            11.24%
* 20635+ 1958                            1.0349        0.9218            10.93%
* 20635+ 1305                            1.0348        0.9218            10.92%
* 20635+  869                            1.0345        0.9218            10.89%
* 20635+  578                            1.0344        0.9218            10.88%
* 20635+  385                            1.0342        0.9218            10.87%
  20635   386        0.9213   341        1.0342        0.9218  1350405   10.87%
  20646   260        cutoff              1.0342        0.9218  1356703   10.87%
  22640   869        0.9293   319        1.0342        0.9228  1463120   10.77%
  27037  3834        1.0077   262        1.0342        0.9237  1582409   10.69%
  35736  9529        0.9988   200        1.0342        0.9269  1756009   10.38%
Elapsed time = 231.33 sec. (26381.90 ticks, tree = 374.01 MB, solutions = 177)
* 37465+11035                            1.0240        0.9269             9.48%
  37517 11037        1.0226    60        1.0240        0.9269  1796461    9.48%
* 37531+11348                            1.0225        0.9269             9.35%
* 37535+11348                            1.0222        0.9269             9.33%
* 37540+11348                            1.0192        0.9269             9.06%
* 37550+11348                            1.0092        0.9269             8.16%
* 37560+11348                            1.0090        0.9269             8.13%
* 39772+ 8921                            1.0052        0.9317             7.31%
* 39933+ 8921                            1.0051        0.9317             7.30%
  40197  6603        0.9998   198        1.0051        0.9317  1841353    7.30%
  49976 12814        0.9984    90        1.0051        0.9344  2031343    7.03%
  60887 20185        0.9933   142        1.0051        0.9445  2205897    6.03%
  73600 29106        1.0002   157        1.0051        0.9540  2405031    5.08%
* 75560+29692                            1.0035        0.9544             4.89%
* 77973+29476                            1.0033        0.9544             4.88%
* 80976+29655                            1.0019        0.9544             4.74%
  81358 33845        1.0000    97        1.0019        0.9544  2514512    4.74%
* 86174+29526                            1.0017        0.9544             4.72%
  90385 41036        cutoff              1.0017        0.9544  2695432    4.72%
* 90463+29526                            0.9990        0.9544             4.46%
  97911 39448        0.9997   131        0.9990        0.9544  2831322    4.46%
 102881 39727        0.9998   176        0.9990        0.9544  2914462    4.46%
*102975+29476                            0.9939        0.9544             3.97%
 106729 42547        0.9938   101        0.9939        0.9544  3012239    3.97%
Elapsed time = 287.96 sec. (35935.32 ticks, tree = 1480.69 MB, solutions = 227)
*108024+31373                            0.9933        0.9544             3.92%
 108283 30245        0.9785   176        0.9933        0.9544  3032583    3.92%
*109486+30362                            0.9911        0.9544             3.70%
 111393 27728        cutoff              0.9911        0.9544  3089746    3.70%
 115620 30029        0.9832   182        0.9911        0.9544  3172411    3.70%
 121926 32667        0.9815   183        0.9911        0.9544  3271755    3.70%
 129988 36781        0.9903   151        0.9911        0.9544  3401955    3.70%
 138045 41229        cutoff              0.9911        0.9544  3548981    3.70%
 146275 45895        0.9908   161        0.9911        0.9544  3701899    3.70%
 152163 50652        0.9851   126        0.9911        0.9544  3854113    3.70%
 159072 53285        0.9753   159        0.9911        0.9544  3953378    3.70%
 165554 57525        0.9873   132        0.9911        0.9544  4131586    3.70%
Elapsed time = 326.71 sec. (45474.16 ticks, tree = 1131.02 MB, solutions = 247)
*168077+59050                            0.9909        0.9544             3.68%
 168279 59792        cutoff              0.9909        0.9544  4245239    3.68%
 170137 60463        0.9887   153        0.9909        0.9544  4273551    3.68%
 175253 62966        cutoff              0.9909        0.9544  4375093    3.68%
 183562 66273        0.9746   140        0.9909        0.9548  4503896    3.64%
 185319 70912        0.9237   262        0.9909        0.9690  4686176    2.21%
 185321 70914        0.9237   544        0.9909        0.9690  4688584    2.21%
 185335  8044        0.9237   372        0.9909        0.9690  4688812    2.21%
 185446    44        0.9663   250        0.9909        0.9690  4733640    2.21%
 185782   132        0.9538   342        0.9909        0.9690  4819214    2.21%
 187127   430        0.9536   281        0.9909        0.9690  4866055    2.21%
Elapsed time = 373.65 sec. (62838.40 ticks, tree = 7.10 MB, solutions = 277)
 190271  1772        0.9754   208        0.9909        0.9690  4982469    2.21%
 194276  4454        0.9902   250        0.9909        0.9690  5091548    2.21%
 201049  8556        0.9748   217        0.9909        0.9690  5215322    2.21%
 206541 11047        0.9796   200        0.9909        0.9690  5288492    2.21%
 212012 14740        0.9882   214        0.9909        0.9690  5400357    2.21%
 217926 17435        0.9778   222        0.9909        0.9690  5476672    2.21%
 224538 20970        0.9894   215        0.9909        0.9690  5573079    2.21%
 231001 25472        cutoff              0.9909        0.9690  5693058    2.21%
 239529 29065        0.9859   196        0.9909        0.9690  5786311    2.21%
 244518 32863        cutoff              0.9909        0.9690  5901878    2.21%
Elapsed time = 412.77 sec. (72376.78 ticks, tree = 1071.66 MB, solutions = 277)
 252890 37319        0.9846   188        0.9909        0.9690  6030203    2.21%
 259788 39879        0.9752   215        0.9909        0.9690  6098176    2.21%
 267133 45646        0.9858   197        0.9909        0.9690  6257424    2.21%
 273532 48038        0.9836   166        0.9909        0.9690  6325181    2.21%
 282027 54378        0.9869   156        0.9909        0.9690  6505243    2.21%
 286988 56703        0.9889   193        0.9909        0.9690  6572741    2.21%
 297870 60893        0.9897   245        0.9909        0.9690  6692174    2.21%
 302484 65181    infeasible              0.9909        0.9690  6804722    2.21%
 310673 68163        0.9716   233        0.9909        0.9690  6885853    2.21%
 319657 73756        cutoff              0.9909        0.9693  7028322    2.17%
Elapsed time = 457.38 sec. (81914.92 ticks, tree = 1152.13 MB, solutions = 277)
 324351 77983        cutoff              0.9909        0.9695  7150105    2.15%
 333389 80431        0.9706   197        0.9909        0.9698  7217057    2.13%
 341450 87568        0.9871   184        0.9909        0.9701  7417357    2.09%
 345701 88728        0.9833   206        0.9909        0.9704  7457258    2.06%
 347047 90887        0.9774   237        0.9909        0.9704  7523579    2.06%
*350197+90487                            0.9905        0.9705             2.02%
 350563 92109        0.9794   221        0.9905        0.9705  7559337    2.01%

Clique cuts applied:  293
Implied bound cuts applied:  8
Flow cuts applied:  15
Mixed integer rounding cuts applied:  28
Zero-half cuts applied:  14
Lift and project cuts applied:  17
Gomory fractional cuts applied:  26

Root node processing (before b&c):
  Real time             =   90.97 sec. (6361.98 ticks)
Parallel b&c, 32 threads:
  Real time             =  405.71 sec. (81626.08 ticks)
  Sync time (average)   =  167.50 sec.
  Wait time (average)   =    1.06 sec.
                          ------------
Total (root+branch&cut) =  496.69 sec. (87988.05 ticks)
Solution found
