Model: Diversity_model_3
 - number of variables: 1356
   - binary=108, integer=1, continuous=1247
 - number of constraints: 1353
   - linear=1353
 - parameters: defaults
CPXPARAM_Read_DataCheck                          1
CPXPARAM_RandomSeed                              201804051
CPXPARAM_MIP_Strategy_LBHeur                     1
CPXPARAM_TimeLimit                               86400
CPXPARAM_MIP_Tolerances_MIPGap                   0.02
Tried aggregator 2 times.
MIP Presolve eliminated 278 rows and 278 columns.
MIP Presolve modified 108 coefficients.
Aggregator did 270 substitutions.
Reduced MIP has 805 rows, 808 columns, and 2925 nonzeros.
Reduced MIP has 108 binaries, 0 generals, 270 SOSs, and 0 indicators.
Presolve time = 0.01 sec. (3.32 ticks)
Probing changed sense of 9 constraints.
Probing time = 0.00 sec. (0.64 ticks)
Tried aggregator 2 times.
MIP Presolve eliminated 9 rows and 0 columns.
Aggregator did 18 substitutions.
Reduced MIP has 778 rows, 790 columns, and 2862 nonzeros.
Reduced MIP has 99 binaries, 0 generals, 270 SOSs, and 0 indicators.
Presolve time = 0.01 sec. (2.87 ticks)
Probing time = 0.02 sec. (0.54 ticks)
Clique table members: 45.
MIP emphasis: balance optimality and feasibility.
MIP search method: dynamic search.
Parallel mode: deterministic, using up to 32 threads.
Root relaxation solution time = 0.03 sec. (5.85 ticks)

        Nodes                                         Cuts/
   Node  Left     Objective  IInf  Best Integer    Best Bound    ItCnt     Gap

      0     0        1.0000    84                      1.0000      218         
      0     0        1.0000    94                    Cuts: 40      457         
*     0+    0                            1.1150        1.0000            10.32%
      0     0        1.0000    51        1.1150      Cuts: 33      529   10.32%
      0     0        1.0000    62        1.1150      Cuts: 66      597   10.32%
*     0+    0                            1.0281        1.0000             2.73%
*     0+    0                            1.0281        1.0000             2.73%
      0     2        1.0000    11        1.0281        1.0000      597    2.73%
Elapsed time = 89.51 sec. (150.15 ticks, tree = 0.02 MB, solutions = 2)
*  1065   432      integral     0        1.0256        1.0000    28141    2.50%
*  1510   500      integral     0        1.0197        1.0000    31820    1.94%

Implied bound cuts applied:  241
Flow cuts applied:  10
Mixed integer rounding cuts applied:  4

Root node processing (before b&c):
  Real time             =   79.01 sec. (149.82 ticks)
Parallel b&c, 32 threads:
  Real time             =  126.96 sec. (76.39 ticks)
  Sync time (average)   =  117.33 sec.
  Wait time (average)   =    0.00 sec.
                          ------------
Total (root+branch&cut) =  205.97 sec. (226.20 ticks)
Solution found
