Model: Diversity_model_3
 - number of variables: 3674
   - binary=424, integer=1, continuous=3249
 - number of constraints: 4473
   - linear=4473
 - parameters: defaults
CPXPARAM_Read_DataCheck                          1
CPXPARAM_RandomSeed                              201804051
CPXPARAM_MIP_Strategy_LBHeur                     1
CPXPARAM_TimeLimit                               86400
CPXPARAM_MIP_Tolerances_MIPGap                   0.02
Tried aggregator 2 times.
MIP Presolve eliminated 643 rows and 643 columns.
MIP Presolve modified 424 coefficients.
Aggregator did 636 substitutions.
Reduced MIP has 3194 rows, 2395 columns, and 9932 nonzeros.
Reduced MIP has 424 binaries, 0 generals, 636 SOSs, and 0 indicators.
Presolve time = 0.07 sec. (13.50 ticks)
Probing changed sense of 10 constraints.
Probing time = 0.02 sec. (2.82 ticks)
Tried aggregator 2 times.
MIP Presolve eliminated 10 rows and 0 columns.
Aggregator did 63 substitutions.
Reduced MIP has 3121 rows, 2332 columns, and 9776 nonzeros.
Reduced MIP has 414 binaries, 0 generals, 636 SOSs, and 0 indicators.
Presolve time = 0.03 sec. (10.63 ticks)
Probing changed sense of 6 constraints.
Probing time = 0.03 sec. (2.88 ticks)
Clique table members: 202.
MIP emphasis: balance optimality and feasibility.
MIP search method: dynamic search.
Parallel mode: deterministic, using up to 32 threads.
Root relaxation solution time = 0.30 sec. (58.54 ticks)

        Nodes                                         Cuts/
   Node  Left     Objective  IInf  Best Integer    Best Bound    ItCnt     Gap

      0     0        0.9247   386                      0.9247     1058         
      0     0        0.9247   380                   Cuts: 156     1954         
*     0+    0                            1.2710        0.9247            27.24%
      0     0        0.9247   407        1.2710     Cuts: 510     2349   27.24%
      0     0        0.9247   262        1.2710      Cuts: 53     2550   27.24%
      0     0        0.9247   295        1.2710     Cuts: 122     2796   27.24%
      0     2        0.9247   247        1.2710        0.9247     2796   27.24%
Elapsed time = 101.20 sec. (751.03 ticks, tree = 0.02 MB, solutions = 1)
   3684  1706        1.2611   207        1.2710        0.9247    83260   27.24%
*  4504  1978      integral     0        1.2389        0.9247    91838   25.36%
*  6820+ 3219                            1.2383        0.9247            25.32%
*  7882+ 4367                            1.2352        0.9247            25.13%
*  8155+ 4712                            1.2324        0.9247            24.96%
*  8193  4747      integral     0        1.2048        0.9247   164347   23.25%
*  8225+ 4811                            1.1487        0.9247            19.50%
*  8296+ 4783                            1.1294        0.9247            18.12%
   8483  2597        0.9297   208        1.1294        0.9247   168727   18.12%
*  8869+ 3916                            1.1182        0.9247            17.31%
*  8912+ 2958                            1.1095        0.9247            16.65%
   9756  3193        cutoff              1.1095        0.9247   188972   16.65%
* 10358+ 3592                            1.1084        0.9247            16.57%
* 10388+ 4654                            1.0854        0.9247            14.80%
  10418  3660        0.9697   162        1.0854        0.9247   195590   14.80%
* 10428+ 4654                            1.0833        0.9247            14.64%
* 10448+ 4673                            1.0558        0.9247            12.41%
* 10458+ 4673                            1.0553        0.9247            12.37%
* 10458+ 4693                            1.0550        0.9247            12.34%
* 10458+ 4632                            1.0347        0.9247            10.63%
  10458  3282        1.1046     0        1.0347        0.9247   190245   10.63%
* 10875+ 4632                            1.0308        0.9247            10.29%
  12109  1644        1.0117   232        1.0308        0.9247   214682   10.29%
* 12980+ 4586                            1.0200        0.9247             9.34%
  15161  3861        0.9977   150        1.0200        0.9247   257682    9.34%
* 16387+ 4586                            1.0176        0.9247             9.13%
  19405  5957        cutoff              1.0176        0.9247   305106    9.13%
* 31376+12598                            1.0176        0.9247             9.13%
* 43132 19872      integral     0        1.0173        0.9247   594057    9.10%
Elapsed time = 224.03 sec. (3716.43 ticks, tree = 31.08 MB, solutions = 135)
* 46005+22098                            1.0168        0.9247             9.06%
* 48692 23717      integral     0        1.0156        0.9247   652449    8.95%
* 48701+16520                            1.0077        0.9633             4.41%
* 48701+11013                            1.0074        0.9633             4.38%
* 48701+ 7341                            1.0049        0.9633             4.14%
* 48701+ 4893                            1.0025        0.9633             3.92%
  48701  4894        0.9247   136        1.0025        0.9633   680336    3.92%
* 51957+  968                            1.0019        0.9633             3.86%
  59253  5044        0.9729   100        1.0019        0.9636   787254    3.82%
* 75662 15853      integral     0        1.0012        0.9778   917780    2.33%

Implied bound cuts applied:  1
Flow cuts applied:  9
Mixed integer rounding cuts applied:  7
Gomory fractional cuts applied:  13

Root node processing (before b&c):
  Real time             =   90.62 sec. (752.48 ticks)
Parallel b&c, 32 threads:
  Real time             =  505.32 sec. (7131.42 ticks)
  Sync time (average)   =  283.12 sec.
  Wait time (average)   =    0.11 sec.
                          ------------
Total (root+branch&cut) =  595.94 sec. (7883.90 ticks)
Solution found
