Filter at 1std, 1count, 1%frequency
STD	Number of positions discarded due to coverage deviation: 491
COUNT	Number of nucleotides discarded due to low count: 1214
COUNT	Number of columns discarded due to low leading to empty column: 0
FREQ	Number of nucleotides discarded due to low frequency: 179
FREQ	Number of columns discarded due to low frequency leading to empty column: 0
OUT	Number of variable positions: 24
OUT	Number of invariant positions: 4297
OUT	1 kept strains equivalence classes
Filter at 1std, 1 count, 0.5%frequency
STD	Number of positions discarded due to coverage deviation: 491
COUNT	Number of nucleotides discarded due to low count: 1214
COUNT	Number of columns discarded due to low leading to empty column: 0
FREQ	Number of nucleotides discarded due to low frequency: 125
FREQ	Number of columns discarded due to low frequency leading to empty column: 0
OUT	Number of variable positions: 77
OUT	Number of invariant positions: 4244
OUT	1 kept strains equivalence classes
Filter at 2std, 1count, 1%frequency
STD	Number of positions discarded due to coverage deviation: 220
COUNT	Number of nucleotides discarded due to low count: 1293
COUNT	Number of columns discarded due to low leading to empty column: 0
FREQ	Number of nucleotides discarded due to low frequency: 193
FREQ	Number of columns discarded due to low frequency leading to empty column: 0
OUT	Number of variable positions: 26
OUT	Number of invariant positions: 4566
OUT	1 kept strains equivalence classes
Filter at 2std, 1 count, 0.5%frequency
STD	Number of positions discarded due to coverage deviation: 220
COUNT	Number of nucleotides discarded due to low count: 1293
COUNT	Number of columns discarded due to low leading to empty column: 0
FREQ	Number of nucleotides discarded due to low frequency: 127
FREQ	Number of columns discarded due to low frequency leading to empty column: 0
OUT	Number of variable positions: 89
OUT	Number of invariant positions: 4503
OUT	1 kept strains equivalence classes
