Model: Diversity_model_3
 - number of variables: 2639
   - binary=250, integer=1, continuous=2388
 - number of constraints: 2729
   - linear=2729
 - parameters: defaults
CPXPARAM_Read_DataCheck                          1
CPXPARAM_RandomSeed                              201804051
CPXPARAM_MIP_Strategy_LBHeur                     1
CPXPARAM_TimeLimit                               86400
CPXPARAM_MIP_Tolerances_MIPGap                   0.02
Tried aggregator 2 times.
MIP Presolve eliminated 508 rows and 508 columns.
MIP Presolve modified 250 coefficients.
Aggregator did 500 substitutions.
Reduced MIP has 1721 rows, 1631 columns, and 6025 nonzeros.
Reduced MIP has 250 binaries, 0 generals, 500 SOSs, and 0 indicators.
Presolve time = 0.03 sec. (7.66 ticks)
Probing changed sense of 21 constraints.
Probing time = 0.02 sec. (2.50 ticks)
Tried aggregator 2 times.
MIP Presolve eliminated 21 rows and 0 columns.
Aggregator did 46 substitutions.
Reduced MIP has 1654 rows, 1585 columns, and 5870 nonzeros.
Reduced MIP has 229 binaries, 0 generals, 500 SOSs, and 0 indicators.
Presolve time = 0.02 sec. (6.51 ticks)
Probing changed sense of 4 constraints.
Probing time = 0.01 sec. (2.45 ticks)
Clique table members: 104.
MIP emphasis: balance optimality and feasibility.
MIP search method: dynamic search.
Parallel mode: deterministic, using up to 32 threads.
Root relaxation solution time = 0.08 sec. (22.72 ticks)

        Nodes                                         Cuts/
   Node  Left     Objective  IInf  Best Integer    Best Bound    ItCnt     Gap

      0     0        1.0000   187                      1.0000      501         
      0     0        1.0000   141                    Cuts: 81      645         
*     0+    0                            2.0897        1.0000            52.15%
      0     0        1.0000   177        2.0897     Cuts: 237      960   52.15%
      0     0        1.0000   113        2.0897      Cuts: 98     1057   52.15%
*     0+    0                            1.5792        1.0000            36.68%
      0     0        1.0000   123        1.5792     Cuts: 172     1185   36.68%
*     0+    0                            1.5644        1.0000            36.08%
*     0+    0                            1.5528        1.0000            35.60%
*     0+    0                            1.5264        1.0000            34.49%
*     0+    0                            1.3142        1.0000            23.91%
      0     2        1.0000   105        1.3142        1.0000     1185   23.91%
Elapsed time = 34.38 sec. (355.64 ticks, tree = 0.02 MB, solutions = 6)
*  2543  1680      integral     0        1.3073        1.0000    43814   23.51%
*  3095  2052      integral     0        1.2611        1.0000    54411   20.70%
*  3891  2429      integral     0        1.2194        1.0000    65530   17.99%
*  4412  2551      integral     0        1.2133        1.0000    67348   17.58%
*  4931  2614      integral     0        1.1663        1.0000    74455   14.26%
*  4958+ 2613                            1.1295        1.0000            11.47%
*  5077  2843      integral     0        1.1205        1.0000    83477   10.75%
*  5538+ 1990                            1.1116        1.0000            10.04%
*  6774+ 2008                            1.1082        1.0000             9.76%
*  6774+ 2008                            1.1063        1.0000             9.61%
*  6774+ 1964                            1.1010        1.0000             9.17%
*  6774+ 1957                            1.0924        1.0000             8.46%
*  6774+ 1957                            1.0880        1.0000             8.09%
   6774  2353        1.1077     0        1.0880        1.0000   105310    8.09%
*  6807+ 1964                            1.0757        1.0000             7.04%
*  8217+ 2007                            1.0748        1.0000             6.96%
   9223  3406        1.0788    31        1.0748        1.0000   155630    6.96%
* 15122  5495      integral     0        1.0743        1.0000   243399    6.92%
  15587  5728        1.0742    47        1.0743        1.0000   254260    6.92%
* 15609+ 4326                            1.0742        1.0000             6.90%
* 15609+ 2884                            1.0727        1.0000             6.78%
* 15609+ 1922                            1.0717        1.0000             6.69%
* 15609+ 1281                            1.0644        1.0000             6.05%
  15609  1282        1.0000    33        1.0644        1.0000   280628    6.05%
  15611  1282        1.0000    36        1.0644        1.0000   280669    6.05%
* 15660+  264                            1.0635        1.0000             5.97%
* 15660+  186                            1.0545        1.0000             5.17%
  15660   187        1.0589    29        1.0545        1.0000   281875    5.17%
* 15670+  117                            1.0534        1.0000             5.07%
  18129   801        1.0257    35        1.0534        1.0000   307043    5.07%
* 18799+  136                            1.0533        1.0000             5.06%
* 18853+  736                            1.0517        1.0000             4.91%
* 44333 16359      integral     0        1.0467        1.0114   645633    3.37%
* 50044 16087      integral     0        1.0341        1.0137   748807    1.97%

Implied bound cuts applied:  1
Flow cuts applied:  2
Mixed integer rounding cuts applied:  2
Gomory fractional cuts applied:  6

Root node processing (before b&c):
  Real time             =   32.98 sec. (356.93 ticks)
Parallel b&c, 32 threads:
  Real time             =   95.91 sec. (4400.03 ticks)
  Sync time (average)   =   62.51 sec.
  Wait time (average)   =    0.14 sec.
                          ------------
Total (root+branch&cut) =  128.89 sec. (4756.97 ticks)
Solution found
