Model: Diversity_model_3
 - number of variables: 4277
   - binary=4068, integer=2, continuous=207
 - number of constraints: 11663
   - linear=11663
 - parameters: defaults
CPXPARAM_Read_DataCheck                          1
CPXPARAM_RandomSeed                              201804051
CPXPARAM_MIP_Strategy_LBHeur                     1
CPXPARAM_TimeLimit                               86400
CPXPARAM_MIP_Tolerances_MIPGap                   0.02
Tried aggregator 3 times.
MIP Presolve eliminated 8490 rows and 1104 columns.
MIP Presolve modified 280 coefficients.
Aggregator did 3173 substitutions.
All rows and columns eliminated.
Presolve time = 0.18 sec. (90.93 ticks)

Root node processing (before b&c):
  Real time             =    0.19 sec. (91.72 ticks)
Parallel b&c, 32 threads:
  Real time             =    0.00 sec. (0.00 ticks)
  Sync time (average)   =    0.00 sec.
  Wait time (average)   =    0.00 sec.
                          ------------
Total (root+branch&cut) =    0.19 sec. (91.72 ticks)
Solution found
