Model: Diversity_model_3
 - number of variables: 1811
   - binary=208, integer=1, continuous=1602
 - number of constraints: 2205
   - linear=2205
 - parameters: defaults
CPXPARAM_Read_DataCheck                          1
CPXPARAM_RandomSeed                              201804051
CPXPARAM_MIP_Strategy_LBHeur                     1
CPXPARAM_TimeLimit                               86400
CPXPARAM_MIP_Tolerances_MIPGap                   0.02
Tried aggregator 2 times.
MIP Presolve eliminated 319 rows and 319 columns.
MIP Presolve modified 208 coefficients.
Aggregator did 312 substitutions.
Reduced MIP has 1574 rows, 1180 columns, and 4883 nonzeros.
Reduced MIP has 208 binaries, 0 generals, 312 SOSs, and 0 indicators.
Presolve time = 0.01 sec. (5.85 ticks)
Probing changed sense of 25 constraints.
Probing time = 0.04 sec. (2.55 ticks)
Tried aggregator 2 times.
MIP Presolve eliminated 25 rows and 0 columns.
Aggregator did 51 substitutions.
Reduced MIP has 1498 rows, 1129 columns, and 4706 nonzeros.
Reduced MIP has 183 binaries, 0 generals, 312 SOSs, and 0 indicators.
Presolve time = 0.02 sec. (5.00 ticks)
Probing changed sense of 1 constraints.
Probing time = 0.03 sec. (2.06 ticks)
Clique table members: 79.
MIP emphasis: balance optimality and feasibility.
MIP search method: dynamic search.
Parallel mode: deterministic, using up to 32 threads.
Root relaxation solution time = 0.16 sec. (18.02 ticks)

        Nodes                                         Cuts/
   Node  Left     Objective  IInf  Best Integer    Best Bound    ItCnt     Gap

      0     0        0.2322   150                      0.2322      540         
      0     0        0.2322   164                    Cuts: 83      945         
*     0+    0                            0.5367        0.2322            56.73%
*     0+    0                            0.3151        0.2322            26.30%
      0     0        0.2322   132        0.3151      Cuts: 32     1098   26.30%
      0     0        0.2322   131        0.3151      Cuts: 72     1237   26.30%
*     0+    0                            0.3139        0.2322            26.01%
      0     2        0.2322    79        0.3139        0.2322     1237   26.01%
Elapsed time = 98.37 sec. (228.48 ticks, tree = 0.02 MB, solutions = 3)
*  3199  2168      integral     0        0.3012        0.2322    49211   22.90%
*  3323  1840      integral     0        0.2970        0.2322    50689   21.81%
*  6478+ 1834                            0.2932        0.2322            20.80%
   6981  3631        cutoff              0.2932        0.2322    84267   20.80%
* 12433  7283      integral     0        0.2865        0.2322   153910   18.95%
* 14312+ 4871                            0.2861        0.2322            18.83%
* 14906  6831      integral     0        0.2859        0.2322   181530   18.76%
* 15232  6467      integral     0        0.2858        0.2322   175310   18.75%
* 17732+ 4871                            0.2850        0.2322            18.50%
* 23184+ 4528                            0.2806        0.2322            17.24%
  23297 11789        0.2750    57        0.2806        0.2322   263132   17.24%
* 28741+ 4782                            0.2805        0.2322            17.20%
  31719 13429        0.2746    49        0.2805        0.2322   332593   17.20%
* 32640 13941      integral     0        0.2780        0.2322   340619   16.45%
* 36339+15040                            0.2750        0.2322            15.55%
* 36383+15153                            0.2750        0.2322            15.55%
* 36512+13736                            0.2704        0.2322            14.12%
* 36736+13895                            0.2704        0.2322            14.12%
  36781 14113    infeasible              0.2704        0.2322   379302   14.12%
* 36792+ 7328                            0.2698        0.2322            13.93%
* 36792+ 4885                            0.2690        0.2322            13.66%
  36792  4886        0.2322    55        0.2690        0.2396   419190   10.91%
Elapsed time = 268.21 sec. (2612.98 ticks, tree = 4.96 MB, solutions = 75)
* 37131+    1                            0.2686        0.2396            10.79%
* 37150+  165                            0.2649        0.2396             9.55%
* 37163+  169                            0.2647        0.2396             9.47%
* 37313+  129                            0.2646        0.2396             9.43%
* 37314+  135                            0.2644        0.2396             9.36%
* 37350+  151                            0.2635        0.2396             9.07%
* 42264+  382                            0.2635        0.2396             9.06%
* 42897+  630                            0.2635        0.2396             9.06%
* 43748+ 1218                            0.2635        0.2396             9.06%
* 43835+ 1478                            0.2635        0.2396             9.06%
  53899  6883        0.2635    59        0.2635        0.2411   587822    8.51%
* 79140  9865      integral     0        0.2634        0.2542   829293    3.50%

Flow cuts applied:  4
Mixed integer rounding cuts applied:  5
Gomory fractional cuts applied:  3

Root node processing (before b&c):
  Real time             =   86.71 sec. (229.37 ticks)
Parallel b&c, 32 threads:
  Real time             =  259.54 sec. (3868.04 ticks)
  Sync time (average)   =  152.14 sec.
  Wait time (average)   =    0.17 sec.
                          ------------
Total (root+branch&cut) =  346.25 sec. (4097.41 ticks)
Solution found
