Model: Diversity_model_3
 - number of variables: 8588
   - binary=690, integer=1, continuous=7897
 - number of constraints: 9117
   - linear=9117
 - parameters: defaults
CPXPARAM_Read_DataCheck                          1
CPXPARAM_RandomSeed                              201804051
CPXPARAM_MIP_Strategy_LBHeur                     1
CPXPARAM_TimeLimit                               86400
CPXPARAM_MIP_Tolerances_MIPGap                   0.02
Tried aggregator 2 times.
MIP Presolve eliminated 1732 rows and 1732 columns.
MIP Presolve modified 690 coefficients.
Aggregator did 1725 substitutions.
Reduced MIP has 5660 rows, 5131 columns, and 19876 nonzeros.
Reduced MIP has 690 binaries, 0 generals, 1725 SOSs, and 0 indicators.
Presolve time = 0.16 sec. (29.81 ticks)
Probing changed sense of 30 constraints.
Probing time = 0.20 sec. (4.84 ticks)
Tried aggregator 2 times.
MIP Presolve eliminated 30 rows and 0 columns.
Aggregator did 87 substitutions.
Reduced MIP has 5543 rows, 5044 columns, and 19612 nonzeros.
Reduced MIP has 660 binaries, 0 generals, 1725 SOSs, and 0 indicators.
Presolve time = 0.13 sec. (25.76 ticks)
Probing changed sense of 9 constraints.
Probing time = 0.35 sec. (4.91 ticks)
Clique table members: 312.
MIP emphasis: balance optimality and feasibility.
MIP search method: dynamic search.
Parallel mode: deterministic, using up to 32 threads.
Root relaxation solution time = 0.80 sec. (174.66 ticks)

        Nodes                                         Cuts/
   Node  Left     Objective  IInf  Best Integer    Best Bound    ItCnt     Gap

      0     0        0.8481   551                      0.8481     1697         
      0     0        0.8481   613                   Cuts: 162     3636         
*     0+    0                            1.3986        0.8481            39.36%
      0     0        0.8481   512        1.3986     Cuts: 160     4435   39.36%
      0     0        0.8481   550        1.3986     Cuts: 188     4987   39.36%
*     0+    0                            1.2795        0.8481            33.72%
      0     2        0.8481   393        1.2795        0.8481     4987   33.72%
Elapsed time = 261.24 sec. (2176.08 ticks, tree = 0.02 MB, solutions = 2)
      4     4        0.8606   599        1.2795        0.8481     6954   33.72%
    937   753        0.8769   541        1.2795        0.8481    54713   33.72%
   2811  2165        1.1545   413        1.2795        0.8481   125191   33.72%
   5495  3929        0.9960   492        1.2795        0.8481   172845   33.72%
   6631  5615        1.2213   191        1.2795        0.8481   208471   33.72%
   7994  6678        1.0057   354        1.2795        0.8481   223061   33.72%
*  8601+ 7127                            1.2648        0.8481            32.94%
   9420  7765        1.0117   200        1.2648        0.8481   242069   32.94%
*  9770+ 8288                            1.2043        0.8481            29.58%
* 10127+ 6583                            1.1752        0.8481            27.84%
* 10253+ 6283                            1.1340        0.8481            25.21%
  10472  6416        1.0621     5        1.1340        0.8481   256763   25.21%
* 10684+ 6791                            1.0454        0.8481            18.87%
  11346  6652        1.0829   559        1.0454        0.8481   271656   18.87%
* 11968+ 6786                            1.0347        0.8481            18.04%
* 12152+ 6417                            1.0197        0.8481            16.83%
* 12563+ 6051                            0.9957        0.8481            14.82%
  12749  7918        1.0031     3        0.9957        0.8481   296917   14.82%
Elapsed time = 356.61 sec. (5396.49 ticks, tree = 18.61 MB, solutions = 7)
* 12793+ 6051                            0.9956        0.8481            14.82%
* 13079+ 7759                            0.9951        0.8481            14.78%
* 13088+ 6051                            0.9944        0.8481            14.71%
  13698  4824        0.8509   558        0.9944        0.8481   311235   14.71%
  16781  5071        0.8580   527        0.9944        0.8481   364760   14.71%
* 19720+ 6791                            0.9869        0.8481            14.07%
* 19928+ 7053                            0.9800        0.8481            13.46%
* 20703+ 7000                            0.9799        0.8481            13.45%
* 21317  7417      integral     0        0.9602        0.8481   456765   11.68%
  22046  7117        0.9599    52        0.9602        0.8481   481307   11.68%
* 23085  7652      integral     0        0.9147        0.8481   495310    7.28%
* 24876+ 5611                            0.9146        0.8481             7.27%
* 28559+ 8346                            0.9140        0.8481             7.21%
* 30570+ 9977                            0.8942        0.8481             5.15%
  31740  8161        0.8714   418        0.8942        0.8481   673493    5.15%
  32814  9719        0.8481   260        0.8942        0.8481   716835    5.15%
  32841   186        0.8723   345        0.8942        0.8481   719583    5.15%
  35110  1138        0.8481   289        0.8942        0.8481   802925    5.15%
  46122  9288        0.8790   261        0.8942        0.8481   942442    5.15%
* 48995+11646                            0.8939        0.8481             5.12%
* 48995+10235                            0.8846        0.8481             4.12%
  48995 10234        0.8846     0        0.8846        0.8481   959728    4.12%
Elapsed time = 717.32 sec. (18063.87 ticks, tree = 289.65 MB, solutions = 104)
* 49077+10581                            0.8753        0.8481             3.10%
* 49087+10581                            0.8748        0.8481             3.05%
  49189  3525        0.8633   296        0.8748        0.8481  1009690    3.05%
  50989  4531        0.8619   269        0.8748        0.8481  1066897    3.05%
* 51425+ 3773                            0.8744        0.8481             3.00%
* 51491+ 3916                            0.8743        0.8481             3.00%
* 52163+ 3906                            0.8743        0.8481             3.00%
* 52215+ 4576                            0.8738        0.8481             2.94%
  54918  5859        cutoff              0.8738        0.8481  1158431    2.94%
  63835 10454        0.8713   270        0.8738        0.8481  1287287    2.94%
* 71263+16055                            0.8734        0.8481             2.89%
* 71387+16348                            0.8734        0.8481             2.89%
* 71611+17078                            0.8732        0.8481             2.88%
* 72133+17715                            0.8732        0.8481             2.88%
  72323 16437        0.8600   317        0.8732        0.8481  1457272    2.88%
  81915 22625        0.8725   194        0.8732        0.8481  1608746    2.88%
* 87421+25839                            0.8732        0.8481             2.87%
* 89558+25839                            0.8731        0.8481             2.86%
  90040 28877        0.8706   250        0.8731        0.8481  1782904    2.86%
* 92807+25426                            0.8708        0.8481             2.60%
  99505 34909        0.8731   232        0.8708        0.8481  1901076    2.60%
 107318 36030        0.8564   298        0.8708        0.8481  2000790    2.60%
 118247 41655        cutoff              0.8708        0.8481  2117490    2.60%
Elapsed time = 841.76 sec. (27604.37 ticks, tree = 1182.45 MB, solutions = 216)
 129694 50930        0.8704   263        0.8708        0.8481  2312040    2.60%
 140871 57479        0.8514   322        0.8708        0.8481  2450771    2.60%
 151125 69124        0.8722   302        0.8708        0.8481  2692771    2.60%
*151943+67936                            0.8704        0.8481             2.56%
 151943 67938        0.8704   265        0.8704        0.8481  2668255    2.56%
*152292+43300                            0.8702        0.8481             2.54%
*152724+43419                            0.8700        0.8481             2.51%
 153186 41582        0.8701   266        0.8700        0.8481  2726372    2.51%
*153214+70308                            0.8699        0.8481             2.51%
*153253+68522                            0.8691        0.8481             2.42%
*158625+33097                            0.8685        0.8481             2.35%
 158769 35580        0.8646   288        0.8685        0.8481  2801631    2.35%
*163232+31919                            0.8681        0.8481             2.31%
 164450 33913        0.8682   245        0.8681        0.8481  2887989    2.31%
*167236+32064                            0.8680        0.8481             2.30%
 170881 33863    infeasible              0.8680        0.8481  2984356    2.30%
*172786+35914                            0.8679        0.8481             2.28%
*174852+35668                            0.8679        0.8481             2.28%
 179411 36623        0.8481   307        0.8679        0.8481  3097063    2.28%
 188648 42691        0.8678   206        0.8679        0.8481  3260756    2.28%
Elapsed time = 915.10 sec. (37516.97 ticks, tree = 555.55 MB, solutions = 251)
 200624 49859        0.8636   284        0.8679        0.8481  3439505    2.28%
 212321 61007        0.8639   272        0.8679        0.8481  3734001    2.28%
 223535 65731        0.8656   270        0.8679        0.8481  3866669    2.28%
 235697 74343    infeasible              0.8679        0.8481  4089441    2.28%
 245893 83369        0.8658   284        0.8679        0.8481  4337044    2.28%
 259166 93910        0.8670   141        0.8679        0.8481  4636445    2.28%
 273960 97729        cutoff              0.8679        0.8481  4748531    2.28%
 288317 113590        0.8665   271        0.8679        0.8481  5221336    2.28%
 302611 117773        0.8677   277        0.8679        0.8481  5345919    2.28%
 316656 134077        0.8650   399        0.8679        0.8481  5855965    2.28%
Elapsed time = 973.80 sec. (47054.42 ticks, tree = 850.49 MB, solutions = 291)
 331634 141065        0.8630   198        0.8679        0.8481  6104475    2.28%
 336253 142418        0.8596   297        0.8679        0.8481  6145076    2.28%
 338161 150372        0.8662   240        0.8679        0.8481  6380177    2.28%
 348535 152847        0.8670   264        0.8679        0.8481  6465297    2.28%
 363708 162376        0.8667   251        0.8679        0.8481  6789753    2.28%
 379522 174123        0.8672   301        0.8679        0.8481  7137246    2.28%
 395012 185290        cutoff              0.8679        0.8485  7466196    2.24%
 410797 192920        cutoff              0.8679        0.8490  7689154    2.18%
 425410 206483        0.8555   310        0.8679        0.8490  8067458    2.18%
 441496 218014        0.8671   288        0.8679        0.8490  8405202    2.18%
Elapsed time = 1043.59 sec. (57168.77 ticks, tree = 1128.35 MB, solutions = 296)
*448437+152888                            0.8677        0.8490             2.15%
 448437 152889        0.8481    81        0.8677        0.8490  8734394    2.15%
 448441 152891        0.8481   418        0.8677        0.8490  8736823    2.15%
 448453 38230        0.8481   387        0.8677        0.8490  8738392    2.15%
 448591    39        0.8481   401        0.8677        0.8490  8758843    2.15%
 449559   262        cutoff              0.8677        0.8490  8838570    2.15%
 462173  8174        0.8672   253        0.8677        0.8490  9112235    2.15%
*471295+13699                            0.8676        0.8490             2.14%
*473494 14748      integral     0        0.8674        0.8490  9266554    2.12%
 476892 16432        0.8616   308        0.8674        0.8490  9348249    2.12%
*477547+14754                            0.8672        0.8490             2.10%
*477551 17270      integral     0        0.8653        0.8490  9362183    1.88%

Flow cuts applied:  4
Mixed integer rounding cuts applied:  5
Gomory fractional cuts applied:  5

Root node processing (before b&c):
  Real time             =  250.58 sec. (2189.73 ticks)
Parallel b&c, 32 threads:
  Real time             =  851.97 sec. (66449.43 ticks)
  Sync time (average)   =  346.97 sec.
  Wait time (average)   =    2.53 sec.
                          ------------
Total (root+branch&cut) = 1102.54 sec. (68639.16 ticks)
Solution found
