Model: Diversity_model_3
 - number of variables: 528
   - binary=115, integer=1, continuous=412
 - number of constraints: 1042
   - linear=1042
 - parameters: defaults
CPXPARAM_Read_DataCheck                          1
CPXPARAM_RandomSeed                              201804051
CPXPARAM_MIP_Strategy_LBHeur                     1
CPXPARAM_TimeLimit                               86400
CPXPARAM_MIP_Tolerances_MIPGap                   0.02
Tried aggregator 3 times.
MIP Presolve eliminated 754 rows and 240 columns.
MIP Presolve modified 575 coefficients.
Aggregator did 288 substitutions.
All rows and columns eliminated.
Presolve time = 0.01 sec. (2.16 ticks)

Root node processing (before b&c):
  Real time             =    0.01 sec. (2.25 ticks)
Parallel b&c, 32 threads:
  Real time             =    0.00 sec. (0.00 ticks)
  Sync time (average)   =    0.00 sec.
  Wait time (average)   =    0.00 sec.
                          ------------
Total (root+branch&cut) =    0.01 sec. (2.25 ticks)
Solution found
