Model: Diversity_model_3
 - number of variables: 17772
   - binary=15186, integer=2, continuous=2584
 - number of constraints: 58498
   - linear=58498
 - parameters: defaults
CPXPARAM_Read_DataCheck                          1
CPXPARAM_RandomSeed                              201804051
CPXPARAM_MIP_Strategy_LBHeur                     1
CPXPARAM_TimeLimit                               86400
CPXPARAM_MIP_Tolerances_MIPGap                   0.02
Tried aggregator 2 times.
MIP Presolve eliminated 554 rows and 548 columns.
MIP Presolve modified 270 coefficients.
Aggregator did 7999 substitutions.
Reduced MIP has 49945 rows, 9225 columns, and 135592 nonzeros.
Reduced MIP has 7728 binaries, 0 generals, 540 SOSs, and 0 indicators.
Presolve time = 3.13 sec. (479.78 ticks)
Probing changed sense of 27 constraints.
Probing time = 8.97 sec. (40.40 ticks)
Tried aggregator 2 times.
MIP Presolve eliminated 13371 rows and 1455 columns.
Aggregator did 54 substitutions.
Reduced MIP has 36520 rows, 7716 columns, and 98281 nonzeros.
Reduced MIP has 6246 binaries, 0 generals, 540 SOSs, and 0 indicators.
Presolve time = 3.20 sec. (320.61 ticks)
Probing time = 2.37 sec. (108.46 ticks)
Tried aggregator 2 times.
MIP Presolve eliminated 5144 rows and 447 columns.
Aggregator did 27 substitutions.
Reduced MIP has 31349 rows, 7242 columns, and 83797 nonzeros.
Reduced MIP has 5799 binaries, 0 generals, 540 SOSs, and 0 indicators.
Presolve time = 2.48 sec. (317.92 ticks)
Probing time = 1.39 sec. (83.37 ticks)
Clique table members: 49191.
MIP emphasis: balance optimality and feasibility.
MIP search method: dynamic search.
Parallel mode: deterministic, using up to 32 threads.
Root relaxation solution time = 4.11 sec. (425.42 ticks)

        Nodes                                         Cuts/
   Node  Left     Objective  IInf  Best Integer    Best Bound    ItCnt     Gap

      0     0        0.2619  1622                      0.2619     4727         
*     0+    0                            3.9799        0.2619            93.42%
      0     0        0.2619  1238        3.9799    Cuts: 4472     6036   93.42%
*     0+    0                            1.8345        0.2619            85.72%
      0     0        0.2619  1901        1.8345    Cuts: 4202     9454   85.72%
*     0+    0                            0.5230        0.2619            49.93%
      0     0        0.2619  1792        0.5230    Cuts: 1143    11945   49.93%
      0     0        0.2621  1871        0.5230    Cuts: 2766    13976   49.89%
      0     0        0.2623  2143        0.5230    Cuts: 1492    15962   49.85%

Repeating presolve.
Tried aggregator 1 time.
MIP Presolve eliminated 21813 rows and 4579 columns.
MIP Presolve modified 764 coefficients.
Reduced MIP has 9536 rows, 2663 columns, and 27539 nonzeros.
Reduced MIP has 1220 binaries, 0 generals, 540 SOSs, and 0 indicators.
Presolve time = 0.42 sec. (66.94 ticks)
Probing changed sense of 27 constraints.
Probing time = 0.37 sec. (22.37 ticks)
Tried aggregator 2 times.
MIP Presolve eliminated 292 rows and 33 columns.
MIP Presolve modified 209 coefficients.
Aggregator did 27 substitutions.
Reduced MIP has 9217 rows, 2603 columns, and 26648 nonzeros.
Reduced MIP has 1160 binaries, 0 generals, 540 SOSs, and 0 indicators.
Presolve time = 0.12 sec. (54.77 ticks)
Probing time = 0.39 sec. (18.44 ticks)
Tried aggregator 1 time.
MIP Presolve eliminated 199 rows and 23 columns.
MIP Presolve modified 147 coefficients.
Reduced MIP has 9018 rows, 2580 columns, and 26097 nonzeros.
Reduced MIP has 1137 binaries, 0 generals, 540 SOSs, and 0 indicators.
Presolve time = 0.24 sec. (39.35 ticks)
Represolve time = 2.06 sec. (430.39 ticks)
Probing time = 0.38 sec. (10.50 ticks)
Clique table members: 15679.
MIP emphasis: balance optimality and feasibility.
MIP search method: dynamic search.
Parallel mode: deterministic, using up to 32 threads.
Root relaxation solution time = 85.88 sec. (593.72 ticks)

        Nodes                                         Cuts/
   Node  Left     Objective  IInf  Best Integer    Best Bound    ItCnt     Gap

*     0+    0                            0.5230        0.2623            49.85%
      0     0        0.2623   659        0.5230        0.2623    15995   49.85%
      0     0        0.2646   635        0.5230    Cuts: 1047    18115   49.41%
      0     0        0.2658   659        0.5230     Cuts: 981    19609   49.19%
*     0+    0                            0.5097        0.2658            47.86%
      0     0        0.2666   661        0.5097     Cuts: 770    20996   47.70%
*     0+    0                            0.5061        0.2666            47.33%
*     0+    0                            0.4722        0.2666            43.55%
      0     0        0.2672   708        0.4722     Cuts: 995    22550   43.41%
*     0+    0                            0.3999        0.2672            33.17%
      0     0        0.2680   707        0.3999     Cuts: 820    23756   32.97%
      0     0        0.2685   682        0.3999     Cuts: 809    24888   32.86%
*     0+    0                            0.3993        0.2685            32.76%
*     0+    0                            0.3929        0.2685            31.67%
      0     0        0.2689   732        0.3929     Cuts: 675    26449   31.56%
      0     0        0.2693   718        0.3929     Cuts: 844    27495   31.46%
      0     0        0.2696   715        0.3929     Cuts: 583    28510   31.39%
      0     0        0.2698   736        0.3929     Cuts: 849    29239   31.34%
      0     0        0.2700   686        0.3929     Cuts: 470    29967   31.28%
      0     0        0.2702   728        0.3929     Cuts: 531    30711   31.23%
      0     0        0.2704   717        0.3929     Cuts: 477    31433   31.18%
      0     0        0.2705   687        0.3929     Cuts: 500    32260   31.15%
      0     0        0.2707   735        0.3929     Cuts: 500    33446   31.10%
      0     0        0.2710   734        0.3929     Cuts: 788    34441   31.02%
      0     0        0.2714   720        0.3929     Cuts: 547    35470   30.92%
      0     0        0.2721   727        0.3929     Cuts: 589    36517   30.74%
      0     0        0.2726   759        0.3929     Cuts: 523    37480   30.61%
      0     0        0.2731   758        0.3929     Cuts: 467    38396   30.49%
      0     0        0.2737   752        0.3929     Cuts: 481    39334   30.35%
      0     0        0.2740   750        0.3929     Cuts: 436    40300   30.26%
      0     0        0.2743   753        0.3929     Cuts: 501    41346   30.19%
      0     0        0.2747   741        0.3929     Cuts: 624    42646   30.09%
      0     0        0.2751   738        0.3929     Cuts: 557    43577   29.99%
      0     0        0.2754   729        0.3929     Cuts: 577    44571   29.89%
      0     0        0.2757   719        0.3929     Cuts: 693    45697   29.84%
      0     0        0.2760   744        0.3929     Cuts: 555    46767   29.76%
      0     0        0.2762   692        0.3929     Cuts: 360    47657   29.71%
      0     0        0.2765   729        0.3929     Cuts: 488    48504   29.64%
      0     0        0.2767   733        0.3929     Cuts: 570    49646   29.58%
*     0+    0                            0.3771        0.2767            26.63%
      0     2        0.2767   697        0.3771        0.2767    49646   26.63%
Elapsed time = 485.48 sec. (37959.97 ticks, tree = 0.02 MB, solutions = 10)
      3     5        0.2784   493        0.3771        0.2767    50634   26.63%
     11    12        0.2877   380        0.3771        0.2767    52167   26.62%
*    22+    6                            0.3769        0.2767            26.58%
     93    51        0.3231   353        0.3769        0.2767    60119   26.58%
*   113+   29                            0.3768        0.2767            26.57%
*   150+   23                            0.3724        0.2767            25.69%
    536   375        0.3495   158        0.3724        0.2767   101231   25.69%
   1437   940        0.3697    76        0.3724        0.2767   135878   25.69%
   2399  1529        0.3453   240        0.3724        0.2768   176542   25.67%
*  3318+ 1292                            0.3666        0.2770            24.43%
   3403  2361        0.3492   138        0.3666        0.2770   210533   24.43%
   4000  2774        cutoff              0.3666        0.2770   228823   24.43%
   4521  3034        0.3521    66        0.3666        0.2770   245206   24.43%
*  5641+ 3174                            0.3665        0.2770            24.42%
   7205  5081        0.3596   171        0.3665        0.2770   412401   24.42%
Elapsed time = 526.19 sec. (41114.81 ticks, tree = 295.91 MB, solutions = 15)
   8384  6447        0.2817   607        0.3665        0.2853   517303   22.16%
   8386  3225        0.2817   603        0.3665        0.2853   517350   22.16%
   8388  1076        0.2817   597        0.3665        0.2853   517369   22.16%
   8390  1077        0.2834   598        0.3665        0.2853   518861   22.16%
   8402   326        cutoff              0.3665        0.2853   526849   22.16%
   9792   766        0.3535   164        0.3665        0.2853   613592   22.16%
  13355  3298        0.3315   281        0.3665        0.2860   797246   21.97%
  18440  7189        0.3353   256        0.3665        0.2869  1003619   21.72%
  21927 10041        0.3570   220        0.3665        0.2869  1231486   21.72%
  26698 13193        0.3523   152        0.3665        0.2882  1462059   21.36%
Elapsed time = 768.02 sec. (83866.73 ticks, tree = 34.56 MB, solutions = 15)
  30904 16681        0.3619   199        0.3665        0.2882  1697108   21.36%
  34476 19035        0.3638   190        0.3665        0.2982  1921061   18.64%
  40867 24267        0.3196   246        0.3665        0.3068  2215382   16.28%
  48854 30102        0.3452   130        0.3665        0.3088  2483546   15.75%
  55743 35349        0.3494   209        0.3665        0.3101  2713976   15.40%
  62006 41041        cutoff              0.3665        0.3112  2961842   15.10%
  66373 44410        0.3442   212        0.3665        0.3114  3105994   15.05%
* 67473+39960                            0.3658        0.3114            14.89%
* 69505+39960                            0.3655        0.3114            14.82%
  70552 47646        0.3631   175        0.3655        0.3114  3236199   14.82%
* 73443+40000                            0.3625        0.3114            14.09%
  74903 50449        0.3483   165        0.3625        0.3114  3357623   14.09%
* 76536+40000                            0.3619        0.3114            13.96%
  79076 53358        0.3268   275        0.3619        0.3114  3487564   13.96%
Elapsed time = 821.77 sec. (93404.50 ticks, tree = 154.28 MB, solutions = 15)
  83576 57588        0.3536   136        0.3619        0.3114  3671657   13.96%
* 84889+39596                            0.3617        0.3114            13.91%
  88685 60900        0.3655   141        0.3617        0.3114  3816169   13.91%
* 89495+40000                            0.3617        0.3114            13.91%
  92876 64955        0.3628    78        0.3617        0.3114  3981350   13.91%
  97946 68216        0.3448   198        0.3617        0.3114  4114860   13.91%
 102609 72428        0.3361   282        0.3617        0.3114  4292814   13.91%
 107583 76060        0.3242   186        0.3617        0.3114  4443372   13.91%
 112477 79675        0.3657   176        0.3617        0.3114  4605621   13.91%
 116778 82527        0.3470   251        0.3617        0.3114  4719095   13.91%
 120991 86124        0.3624   255        0.3617        0.3114  4884547   13.91%
 125686 88677        0.3627   179        0.3617        0.3114  5009909   13.91%
Elapsed time = 866.15 sec. (102943.54 ticks, tree = 262.13 MB, solutions = 15)
 129734 92586        0.3637   197        0.3617        0.3114  5206276   13.91%
 134322 96111        0.3656   163        0.3617        0.3114  5364920   13.91%
 138589 98533        0.3433   259        0.3617        0.3114  5487185   13.91%
 142362 101690        0.3226   231        0.3617        0.3114  5650905   13.91%
 146502 104460        0.3436   262        0.3617        0.3114  5799606   13.91%
 149556 107577        0.3352   152        0.3617        0.3114  5968324   13.91%
 152071 89732        0.3614   219        0.3617        0.3114  6067266   13.91%
 157539 92517        0.3570   219        0.3617        0.3114  6200876   13.91%
*158920 93045      integral     0        0.3558        0.3114  6226181   12.47%
*164460+75010                            0.3552        0.3114            12.35%
 164649 75681        0.3450   162        0.3552        0.3114  6477536   12.35%
Elapsed time = 904.46 sec. (111719.61 ticks, tree = 214.81 MB, solutions = 42)
*166133+75489                            0.3546        0.3114            12.18%
*167641+75680                            0.3546        0.3114            12.18%
 167704 76142        0.3334   219        0.3546        0.3114  6621944   12.18%
 167705 76080        0.3050   472        0.3546        0.3193  6817937    9.96%
 167708 76081        0.3061   379        0.3546        0.3193  6820686    9.96%
 167736  7990        0.3446   249        0.3546        0.3193  6826414    9.96%
 168106   156        0.3346   223        0.3546        0.3193  6895760    9.96%
 169603   797        0.3406   190        0.3546        0.3193  7003009    9.96%
 172826  2108        0.3447   186        0.3546        0.3193  7155721    9.96%
 177245  5104        0.3319   184        0.3546        0.3193  7366556    9.96%
 182315  7544        0.3348   160        0.3546        0.3193  7516736    9.96%
 188456 11546    infeasible              0.3546        0.3193  7719282    9.96%
Elapsed time = 1047.62 sec. (146048.75 ticks, tree = 27.55 MB, solutions = 47)
 195530 14683        cutoff              0.3546        0.3353  7862851    5.42%
 202929 18266        0.3399   178        0.3546        0.3366  8020201    5.07%
 210137 21756        0.3411   166        0.3546        0.3377  8183921    4.75%
 217706 25239        cutoff              0.3546        0.3387  8354439    4.48%
 225251 28944        0.3444   157        0.3546        0.3393  8542062    4.29%
 233017 32028        cutoff              0.3546        0.3400  8693502    4.12%
 240970 35960        0.3467   171        0.3546        0.3405  8884152    3.96%
 248529 38885        0.3475    91        0.3546        0.3410  9023102    3.82%
 256424 42569        0.3537   109        0.3546        0.3415  9215756    3.70%
 264152 45159        0.3536    56        0.3546        0.3418  9336968    3.59%
Elapsed time = 1132.01 sec. (155586.80 ticks, tree = 114.52 MB, solutions = 47)
 272102 48754        0.3453   123        0.3546        0.3422  9518230    3.49%
 280234 50840    infeasible              0.3546        0.3425  9629004    3.41%
 288029 54714        cutoff              0.3546        0.3428  9824503    3.32%
 295902 57348        cutoff              0.3546        0.3431  9966491    3.23%
 303990 59907        0.3534   113        0.3546        0.3434 10095194    3.16%
 311694 62850        0.3529   156        0.3546        0.3436 10249929    3.08%
 320007 67552        cutoff              0.3546        0.3439 10490734    3.00%
 328245 70450        cutoff              0.3546        0.3441 10645536    2.94%
 336224 73274        0.3521   107        0.3546        0.3443 10796456    2.89%
 344453 76300        0.3481   164        0.3546        0.3446 10958134    2.82%
Elapsed time = 1209.95 sec. (165124.59 ticks, tree = 196.92 MB, solutions = 47)
 352749 78904        0.3502   129        0.3546        0.3448 11107380    2.76%
 360927 80478        0.3539    53        0.3546        0.3450 11187918    2.69%
 369379 84041        cutoff              0.3546        0.3452 11372141    2.64%
 377691 87269        0.3507   119        0.3546        0.3454 11542882    2.58%
 385884 89321        0.3516   126        0.3546        0.3456 11649339    2.53%
 394605 93115        0.3467   249        0.3546        0.3458 11849413    2.49%
 403321 94907        cutoff              0.3546        0.3459 11949582    2.44%
 411625 98881        0.3536   148        0.3546        0.3460 12164129    2.40%
 420284 101394        0.3535   135        0.3546        0.3462 12301918    2.35%
 428722 103429        0.3535   174        0.3546        0.3464 12406802    2.31%
Elapsed time = 1283.10 sec. (174662.89 ticks, tree = 270.64 MB, solutions = 47)
 437326 106927        0.3483   244        0.3546        0.3465 12595615    2.27%
 446473 110319        0.3545   127        0.3546        0.3467 12767762    2.23%
 455082 111753        0.3540   144        0.3546        0.3468 12843809    2.19%
 463770 114399        0.3544   115        0.3546        0.3469 12996045    2.15%
 472834 117205        0.3502   123        0.3546        0.3471 13152450    2.12%
 481394 121502        cutoff              0.3546        0.3472 13382843    2.07%

Clique cuts applied:  320
Implied bound cuts applied:  5
Flow cuts applied:  19
Mixed integer rounding cuts applied:  29
Zero-half cuts applied:  98
Lift and project cuts applied:  36
Gomory fractional cuts applied:  7

Root node processing (before b&c):
  Real time             =  481.10 sec. (37933.92 ticks)
Parallel b&c, 32 threads:
  Real time             =  855.18 sec. (142614.52 ticks)
  Sync time (average)   =  280.52 sec.
  Wait time (average)   =    2.75 sec.
                          ------------
Total (root+branch&cut) = 1336.29 sec. (180548.44 ticks)
Solution found
