Model: Diversity_model_3
 - number of variables: 200
   - binary=36, integer=1, continuous=163
 - number of constraints: 281
   - linear=281
 - parameters: defaults
CPXPARAM_Read_DataCheck                          1
CPXPARAM_RandomSeed                              201804051
CPXPARAM_MIP_Strategy_LBHeur                     1
CPXPARAM_TimeLimit                               86400
CPXPARAM_MIP_Tolerances_MIPGap                   0.02
Tried aggregator 3 times.
MIP Presolve eliminated 36 rows and 26 columns.
MIP Presolve modified 108 coefficients.
Aggregator did 28 substitutions.
Reduced MIP has 217 rows, 146 columns, and 576 nonzeros.
Reduced MIP has 27 binaries, 0 generals, 18 SOSs, and 0 indicators.
Presolve time = 0.00 sec. (1.13 ticks)
Probing fixed 0 vars, tightened 21 bounds.
Probing time = 0.00 sec. (0.18 ticks)
Tried aggregator 2 times.
MIP Presolve modified 18 coefficients.
Aggregator did 9 substitutions.
Reduced MIP has 208 rows, 137 columns, and 558 nonzeros.
Reduced MIP has 27 binaries, 0 generals, 18 SOSs, and 0 indicators.
Presolve time = 0.00 sec. (0.55 ticks)
Probing time = 0.00 sec. (0.17 ticks)
Clique table members: 23.
MIP emphasis: balance optimality and feasibility.
MIP search method: dynamic search.
Parallel mode: deterministic, using up to 32 threads.
Root relaxation solution time = 0.00 sec. (0.64 ticks)

        Nodes                                         Cuts/
   Node  Left     Objective  IInf  Best Integer    Best Bound    ItCnt     Gap

      0     0        1.0000    24                      1.0000       79         
*     0+    0                            2.1152        1.0000            52.72%
      0     0        1.0550    21        2.1152      Cuts: 55      158   50.12%
*     0+    0                            1.5851        1.0550            33.44%
      0     0        1.1354    21        1.5851      Cuts: 49      202   28.37%
*     0+    0                            1.5789        1.1354            28.09%
      0     0        1.1463    21        1.5789      Cuts: 11      216   27.40%
      0     0        1.1496    21        1.5789      Cuts: 10      223   27.19%
      0     0        1.1507    21        1.5789   Flowcuts: 2      227   27.12%
*     0+    0                            1.3652        1.1507            15.71%

Implied bound cuts applied:  3
Flow cuts applied:  22
Mixed integer rounding cuts applied:  15
Lift and project cuts applied:  3
Gomory fractional cuts applied:  6

Root node processing (before b&c):
  Real time             =  129.74 sec. (17.08 ticks)
Parallel b&c, 32 threads:
  Real time             =    0.00 sec. (0.00 ticks)
  Sync time (average)   =    0.00 sec.
  Wait time (average)   =    0.00 sec.
                          ------------
Total (root+branch&cut) =  129.74 sec. (17.08 ticks)
Solution found
