Model: Diversity_model_3
 - number of variables: 7179
   - binary=576, integer=1, continuous=6602
 - number of constraints: 8199
   - linear=8199
 - parameters: defaults
CPXPARAM_Read_DataCheck                          1
CPXPARAM_RandomSeed                              201804051
CPXPARAM_MIP_Strategy_LBHeur                     1
CPXPARAM_TimeLimit                               86400
CPXPARAM_MIP_Tolerances_MIPGap                   0.02
Tried aggregator 2 times.
MIP Presolve eliminated 1447 rows and 1447 columns.
MIP Presolve modified 576 coefficients.
Aggregator did 1440 substitutions.
Reduced MIP has 5312 rows, 4292 columns, and 17761 nonzeros.
Reduced MIP has 576 binaries, 0 generals, 1440 SOSs, and 0 indicators.
Presolve time = 0.14 sec. (24.55 ticks)
Probing changed sense of 30 constraints.
Probing time = 0.40 sec. (4.76 ticks)
Tried aggregator 2 times.
MIP Presolve eliminated 30 rows and 0 columns.
Aggregator did 78 substitutions.
Reduced MIP has 5204 rows, 4214 columns, and 17515 nonzeros.
Reduced MIP has 546 binaries, 0 generals, 1440 SOSs, and 0 indicators.
Presolve time = 0.16 sec. (21.08 ticks)
Probing changed sense of 8 constraints.
Probing time = 0.38 sec. (4.79 ticks)
Clique table members: 258.
MIP emphasis: balance optimality and feasibility.
MIP search method: dynamic search.
Parallel mode: deterministic, using up to 32 threads.
Root relaxation solution time = 1.87 sec. (207.66 ticks)

        Nodes                                         Cuts/
   Node  Left     Objective  IInf  Best Integer    Best Bound    ItCnt     Gap

      0     0        0.4643   503                      0.4643     1669         
*     0+    0                            1.5472        0.4643            69.99%
      0     0        0.4643   514        1.5472     Cuts: 144     3198   69.99%
      0     0        0.4643   433        1.5472     Cuts: 136     3546   69.99%
*     0+    0                            1.4866        0.4643            68.77%
      0     0        0.4643   463        1.4866     Cuts: 336     3928   68.77%
      0     2        0.4643   323        1.4866        0.4643     3928   68.77%
Elapsed time = 29.33 sec. (2225.90 ticks, tree = 0.02 MB, solutions = 2)
      2     4        0.4643   406        1.4866        0.4643     4722   68.77%
   1843  1406        1.4191   390        1.4866        0.4643    70032   68.77%
   4849  3710        1.1566   479        1.4866        0.4643   149835   68.77%
   6752  5655        1.0974   315        1.4866        0.4643   187769   68.77%
*  7499+ 4512                            1.2540        0.4643            62.98%
   8831  7557        1.1387   108        1.2540        0.4643   212801   62.98%
* 10265+ 4501                            1.2403        0.4643            62.57%
  10640  6145        0.9420   479        1.2403        0.4643   243557   62.57%
* 10647+ 6069                            1.2085        0.4643            61.58%
* 10812  6196      integral     0        1.1882        0.4643   244310   60.93%
  11882  5326        1.1727   425        1.1882        0.4643   282213   60.93%
* 12660+ 5147                            1.1675        0.4643            60.23%
* 12864+ 5145                            1.1590        0.4643            59.94%
  13070  4898        1.0316   180        1.1590        0.4643   306595   59.94%
* 13125+ 5667                            1.1590        0.4643            59.94%
* 14286+ 6125                            1.1515        0.4643            59.68%
  14338  5766        1.1573   251        1.1515        0.4643   331360   59.68%
* 14421+ 6125                            1.1476        0.4643            59.55%
* 14609+ 6125                            1.1302        0.4643            58.92%
* 14712+ 6125                            1.1287        0.4643            58.87%
* 16007+ 4414                            1.1285        0.4693            58.41%
* 18262+ 5774                            1.1274        0.4693            58.37%
  18300  5843        1.1054   378        1.1274        0.4693   471415   58.37%
Elapsed time = 103.09 sec. (5359.68 ticks, tree = 11.42 MB, solutions = 40)
* 19325+ 6057                            1.1274        0.4693            58.37%
* 19610+ 6770                            1.1250        0.4693            58.28%
* 20634+ 6666                            1.1246        0.4693            58.27%
* 22674+ 8365                            1.1246        0.4693            58.27%
  23079  8785        1.1212   296        1.1246        0.4693   706513   58.27%
* 28370+ 4436                            1.1175        0.4693            58.00%
  29088 10832        1.0915   191        1.1175        0.4693  1004086   58.00%
* 29479+ 4436                            1.0984        0.4693            57.28%
* 37970+11529                            1.0984        0.4693            57.28%
* 40174+ 4512                            1.0899        0.4693            56.94%
  40865 13035        1.0844   358        1.0899        0.4693  1252326   56.94%
* 41345+11800                            1.0890        0.4693            56.90%
* 42308+11860                            1.0527        0.4693            55.42%
* 43925+11860                            1.0437        0.4693            55.03%
* 44201+11800                            1.0219        0.4693            54.08%
  45315 11799        1.0219     0        1.0219        0.4693  1208186   54.08%
* 45318+ 4168                            1.0205        0.8847            13.31%
* 45318+ 2778                            1.0202        0.8847            13.28%
  45318  2779        0.4643   247        1.0202        0.8847  1350118   13.28%
  47453  1280        0.9634   367        1.0202        0.8847  1431384   13.28%
  54945  7031        0.9545   401        1.0202        0.8847  1660704   13.28%
  67074 14474        0.9834   340        1.0202        0.9275  1921036    9.08%
  81627 24802        1.0150   358        1.0202        0.9420  2238319    7.66%
  97473 36788        0.9780   438        1.0202        0.9420  2562984    7.66%
Elapsed time = 265.05 sec. (17895.47 ticks, tree = 93.63 MB, solutions = 187)
*104154+41775                            1.0197        0.9420             7.62%
 106516 43040        1.0195   167        1.0197        0.9420  2787156    7.62%
*114333 47790      integral     0        1.0068        0.9420  2913246    6.44%
 117789 28736        0.9742   241        1.0068        0.9420  2987161    6.44%
*118873 29788      integral     0        0.9999        0.9420  3023427    5.79%
*126802+27323                            0.9926        0.9420             5.10%
*126929 19371      integral     0        0.9919        0.9420  3215542    5.03%
 127892 28080        cutoff              0.9919        0.9420  3205313    5.03%
*131140+20060                            0.9834        0.9420             4.21%
*140244+21158                            0.9829        0.9420             4.16%
 141662 20606        0.9698   197        0.9829        0.9420  3457953    4.16%
*142335+21488                            0.9826        0.9420             4.12%
*142486+21581                            0.9826        0.9420             4.12%
*142615+21214                            0.9824        0.9420             4.11%
*147855+23492                            0.9823        0.9420             4.10%
 151668 28513        0.9818   314        0.9823        0.9420  3749187    4.10%
*154683+28575                            0.9821        0.9420             4.08%
*162277+33920                            0.9817        0.9420             4.04%
 165661 35519        cutoff              0.9817        0.9420  3987728    4.04%
 177083 43144        0.9629   317        0.9817        0.9420  4178341    4.04%
*179449 43444      integral     0        0.9817        0.9420  4183442    4.04%
*181948+45731                            0.9816        0.9420             4.03%
*183558+47443                            0.9816        0.9420             4.03%
 194072 52109        0.9567   447        0.9816        0.9420  4408585    4.03%
*195728+56584                            0.9812        0.9420             3.99%
*196259+51351                            0.9805        0.9420             3.92%
*199917+52511                            0.9801        0.9420             3.89%
 204673 55569        0.9799   153        0.9801        0.9420  4711017    3.89%
Elapsed time = 343.20 sec. (26645.81 ticks, tree = 149.70 MB, solutions = 213)
*215672+61550                            0.9801        0.9420             3.88%
*218636+63279                            0.9792        0.9420             3.80%
*219981+62216                            0.9786        0.9420             3.74%
 221147 63178        0.9536   324        0.9786        0.9420  4887934    3.74%
*222553+58319                            0.9779        0.9420             3.67%
*225502+56892                            0.9772        0.9420             3.60%
*230282+56252                            0.9768        0.9420             3.56%
 235629 58561        0.9715   233        0.9768        0.9420  5229259    3.55%
*248739 63901      integral     0        0.9766        0.9421  5333182    3.53%
*252745+67882                            0.9761        0.9421             3.48%
*257135 70226      integral     0        0.9748        0.9421  5515515    3.35%
*259661+62593                            0.9746        0.9421             3.33%
*259972+62833                            0.9746        0.9421             3.33%
*260949+63736                            0.9746        0.9421             3.33%
*273225+65580                            0.9742        0.9422             3.29%
 273594 70182        cutoff              0.9742        0.9422  5698704    3.29%
*277496+70482                            0.9742        0.9422             3.29%
*282484+75547                            0.9740        0.9422             3.27%
*287897+74767                            0.9740        0.9422             3.26%
 288149 76724        0.9635   229        0.9740        0.9422  5909366    3.26%
*288352+75111                            0.9740        0.9422             3.26%
 304095 86866        0.9732   157        0.9740        0.9423  6120267    3.25%
 322454 99544        0.9730   174        0.9740        0.9423  6371166    3.25%
*326517+101291                            0.9738        0.9424             3.23%
*332438+103281                            0.9738        0.9424             3.22%
*332869+105097                            0.9729        0.9424             3.14%
 336395 97716        0.9633   331        0.9729        0.9424  6670872    3.14%
*338071+97771                            0.9729        0.9424             3.14%
*338296+95988                            0.9729        0.9424             3.13%
*346578+99588                            0.9729        0.9427             3.10%
 351101 104855        0.9682   213        0.9729        0.9428  6858169    3.09%
Elapsed time = 415.27 sec. (35821.21 ticks, tree = 297.75 MB, solutions = 235)
 366831 114211        0.9513   234        0.9729        0.9428  7061528    3.09%
*375699+120487                            0.9727        0.9430             3.06%
 380430 125568        0.9430   357        0.9727        0.9430  7345275    3.06%
 396751 133054        0.9723   158        0.9727        0.9430  7495192    3.06%
*409998+141678                            0.9725        0.9430             3.03%
 412109 145535    infeasible              0.9725        0.9430  7759734    3.03%
*415392+139785                            0.9724        0.9430             3.02%
*416642+139165                            0.9724        0.9430             3.02%
*419212+142536                            0.9720        0.9430             2.99%
 427396 138922        0.9693   204        0.9720        0.9435  7969923    2.94%
 442388 149961        0.9708   192        0.9720        0.9442  8235586    2.87%
*458404+159271                            0.9720        0.9443             2.85%
 459948 163446        0.9698   193        0.9720        0.9443  8540754    2.85%
*461810+164462                            0.9720        0.9443             2.84%
 475044 170355        0.9623   227        0.9720        0.9445  8746913    2.83%
 491443 182323        0.9691   162        0.9720        0.9446  9026586    2.81%
*502506 190508      integral     0        0.9720        0.9450  9211953    2.78%
*506020+190655                            0.9713        0.9450             2.71%
 509286 177482        0.9628   230        0.9713        0.9450  9350506    2.71%
Elapsed time = 481.82 sec. (45358.37 ticks, tree = 538.01 MB, solutions = 244)
*510982+176891                            0.9711        0.9451             2.68%
*517875+175202                            0.9709        0.9451             2.65%
 522801 179395        0.9589   236        0.9709        0.9451  9506581    2.65%
 538482 186514        0.9631   217        0.9709        0.9452  9772758    2.64%
 556192 199223        0.9663   217        0.9709        0.9452 10005019    2.64%
 574788 211667        0.9699   301        0.9709        0.9452 10229025    2.64%
*586364+219161                            0.9708        0.9453             2.63%
*591672+220769                            0.9700        0.9453             2.56%
 593029 220499        cutoff              0.9700        0.9453 10420246    2.56%
*596708+203175                            0.9650        0.9453             2.05%
*597368+202219                            0.9648        0.9453             2.03%
*602017+122995                            0.9648        0.9453             2.02%
*605174+123942                            0.9648        0.9453             2.02%
*605409+124671                            0.9647        0.9453             2.02%
 606179 125553        0.9453   226        0.9647        0.9453 10649133    2.02%
 618435 130776        0.9455   315        0.9647        0.9453 10808992    2.02%
 634117 140540        0.9594   315        0.9647        0.9453 11080767    2.02%
*635811+138631                            0.9645        0.9453             1.99%

Implied bound cuts applied:  8
Flow cuts applied:  24
Mixed integer rounding cuts applied:  19
Gomory fractional cuts applied:  1

Root node processing (before b&c):
  Real time             =   19.72 sec. (2233.93 ticks)
Parallel b&c, 32 threads:
  Real time             =  533.70 sec. (51259.54 ticks)
  Sync time (average)   =  259.08 sec.
  Wait time (average)   =    2.87 sec.
                          ------------
Total (root+branch&cut) =  553.43 sec. (53493.47 ticks)
Solution found
