Model: Diversity_model_3
 - number of variables: 14997
   - binary=12316, integer=2, continuous=2679
 - number of constraints: 51051
   - linear=51051
 - parameters: defaults
CPXPARAM_Read_DataCheck                          1
CPXPARAM_RandomSeed                              201804051
CPXPARAM_MIP_Strategy_LBHeur                     1
CPXPARAM_TimeLimit                               86400
CPXPARAM_MIP_Tolerances_MIPGap                   0.02
Tried aggregator 2 times.
MIP Presolve eliminated 574 rows and 568 columns.
MIP Presolve modified 280 coefficients.
Aggregator did 6579 substitutions.
Reduced MIP has 43898 rows, 7850 columns, and 120357 nonzeros.
Reduced MIP has 6298 binaries, 0 generals, 560 SOSs, and 0 indicators.
Presolve time = 0.74 sec. (419.87 ticks)
Probing changed sense of 28 constraints.
Probing time = 0.97 sec. (33.31 ticks)
Tried aggregator 2 times.
MIP Presolve eliminated 10117 rows and 1113 columns.
Aggregator did 56 substitutions.
Reduced MIP has 33725 rows, 6681 columns, and 92120 nonzeros.
Reduced MIP has 5157 binaries, 0 generals, 560 SOSs, and 0 indicators.
Presolve time = 0.53 sec. (303.67 ticks)
Probing time = 0.26 sec. (89.86 ticks)
Tried aggregator 2 times.
MIP Presolve eliminated 4977 rows and 445 columns.
Aggregator did 28 substitutions.
Reduced MIP has 28720 rows, 6208 columns, and 78135 nonzeros.
Reduced MIP has 4712 binaries, 0 generals, 560 SOSs, and 0 indicators.
Presolve time = 0.42 sec. (276.85 ticks)
Probing time = 0.22 sec. (67.50 ticks)
Clique table members: 45326.
MIP emphasis: balance optimality and feasibility.
MIP search method: dynamic search.
Parallel mode: deterministic, using up to 32 threads.
Root relaxation solution time = 0.68 sec. (318.77 ticks)

        Nodes                                         Cuts/
   Node  Left     Objective  IInf  Best Integer    Best Bound    ItCnt     Gap

      0     0        0.2652  1531                      0.2652     2977         
      0     0        0.2652  1694                   Cuts: 743     4265         
*     0+    0                            2.4734        0.2652            89.28%
      0     0        0.2652  2035        2.4734    Cuts: 5838     7288   89.28%
*     0+    0                            0.6860        0.2652            61.34%
*     0+    0                            0.6850        0.2652            61.28%

Repeating presolve.
Tried aggregator 1 time.
MIP Presolve eliminated 18501 rows and 3404 columns.
MIP Presolve modified 403 coefficients.
Reduced MIP has 10219 rows, 2804 columns, and 29463 nonzeros.
Reduced MIP has 1308 binaries, 0 generals, 560 SOSs, and 0 indicators.
Presolve time = 0.63 sec. (68.93 ticks)
Probing time = 0.67 sec. (30.95 ticks)
Tried aggregator 1 time.
MIP Presolve eliminated 646 rows and 74 columns.
MIP Presolve modified 175 coefficients.
Reduced MIP has 9573 rows, 2730 columns, and 27673 nonzeros.
Reduced MIP has 1234 binaries, 0 generals, 560 SOSs, and 0 indicators.
Presolve time = 0.13 sec. (36.46 ticks)
Probing time = 0.43 sec. (20.35 ticks)
Tried aggregator 1 time.
MIP Presolve eliminated 119 rows and 12 columns.
MIP Presolve modified 157 coefficients.
Reduced MIP has 9454 rows, 2718 columns, and 27340 nonzeros.
Reduced MIP has 1222 binaries, 0 generals, 560 SOSs, and 0 indicators.
Presolve time = 0.23 sec. (41.39 ticks)
Represolve time = 2.40 sec. (327.04 ticks)
Probing time = 0.48 sec. (17.73 ticks)
Clique table members: 16438.
MIP emphasis: balance optimality and feasibility.
MIP search method: dynamic search.
Parallel mode: deterministic, using up to 32 threads.
Root relaxation solution time = 116.22 sec. (550.75 ticks)

        Nodes                                         Cuts/
   Node  Left     Objective  IInf  Best Integer    Best Bound    ItCnt     Gap

*     0+    0                            0.6850        0.2652            61.28%
      0     0        0.2652   755        0.6850        0.2652    11510   61.28%
      0     0        0.2687   723        0.6850    Cuts: 1469    14318   60.78%
      0     0        0.2701   718        0.6850    Cuts: 1020    15766   60.57%
      0     0        0.2711   754        0.6850     Cuts: 752    17012   60.43%
*     0+    0                            0.6126        0.2711            55.75%
      0     0        0.2716   740        0.6126    Cuts: 1152    18239   55.66%
      0     0        0.2724   738        0.6126     Cuts: 718    19465   55.53%
      0     0        0.2732   731        0.6126     Cuts: 777    20583   55.41%
*     0+    0                            0.6103        0.2732            55.25%
*     0+    0                            0.5903        0.2732            53.73%
*     0+    0                            0.5863        0.2732            53.41%
*     0+    0                            0.5745        0.2732            52.46%
      0     0        0.2740   759        0.5745     Cuts: 810    21893   52.31%
*     0+    0                            0.5711        0.2740            52.03%
      0     0        0.2745   742        0.5711     Cuts: 901    23108   51.93%
*     0+    0                            0.5238        0.2745            47.59%
      0     0        0.2756   754        0.5238     Cuts: 747    24662   47.39%
*     0+    0                            0.5218        0.2756            47.19%
      0     0        0.2760   768        0.5218     Cuts: 947    25766   47.11%
      0     0        0.2763   749        0.5218     Cuts: 639    27036   47.05%
      0     0        0.2765   766        0.5218     Cuts: 725    28290   47.00%
      0     0        0.2769   789        0.5218    Cuts: 1011    29411   46.93%
      0     0        0.2774   776        0.5218     Cuts: 947    31037   46.84%
      0     0        0.2777   800        0.5218     Cuts: 876    32371   46.78%
      0     0        0.2780   746        0.5218     Cuts: 678    33414   46.72%
      0     0        0.2783   735        0.5218     Cuts: 706    34582   46.66%
      0     0        0.2785   759        0.5218     Cuts: 714    35652   46.63%
      0     0        0.2788   777        0.5218     Cuts: 753    36831   46.56%
      0     0        0.2792   750        0.5218     Cuts: 690    37871   46.49%
      0     0        0.2794   762        0.5218     Cuts: 697    38887   46.46%
      0     0        0.2795   766        0.5218     Cuts: 769    40158   46.43%
*     0+    0                            0.4715        0.2795            40.72%
*     0+    0                            0.4679        0.2795            40.27%
      0     2        0.2795   764        0.4679        0.2795    40158   40.27%
Elapsed time = 487.88 sec. (30528.68 ticks, tree = 0.02 MB, solutions = 13)
      2     4        0.2810   639        0.4679        0.2795    41290   40.27%
     13     6        0.2853   624        0.4679        0.2796    41926   40.24%
*    67+   11                            0.4635        0.2807            39.45%
*   107+   14                            0.4635        0.2807            39.45%
    149    53        0.4302   334        0.4635        0.2816    57119   39.25%
    471   300        0.2918   301        0.4635        0.2816    93390   39.25%
    929   632        0.2944   324        0.4635        0.2816   130311   39.25%
*  1400+  936                            0.4434        0.2816            36.49%
*  1520+  991                            0.4413        0.2816            36.20%
   1658  1015        0.3263   355        0.4413        0.2816   159174   36.20%
*  1728+ 1094                            0.4413        0.2816            36.19%
   2559  1436        0.3102   447        0.4413        0.2816   199754   36.19%
*  2822  1613      integral     0        0.4170        0.2816   205053   32.48%
   3819  2047        0.3933   536        0.4170        0.2816   244326   32.48%
*  4128  2134      integral     0        0.4048        0.2816   248588   30.44%
Elapsed time = 530.30 sec. (32598.09 ticks, tree = 116.87 MB, solutions = 22)
*  5620+ 2522                            0.3948        0.2816            28.67%
*  5620+ 1681                            0.3944        0.2816            28.60%
*  5620+ 1120                            0.3938        0.2816            28.50%
*  5620+  746                            0.3880        0.2906            25.11%
*  5620+  497                            0.3868        0.2906            24.87%
   5620   498        0.2906   730        0.3868        0.2906   440684   24.87%
   5622   500        0.2916   574        0.3868        0.2906   442145   24.87%
   5630   377        cutoff              0.3868        0.2906   446839   24.86%
*  5653+   29                            0.3864        0.2907            24.76%
*  5657+   18                            0.3842        0.2907            24.33%
*  5663+   14                            0.3835        0.2907            24.19%
   5734    60        0.3388   360        0.3835        0.2907   460885   24.19%
*  5790+   31                            0.3832        0.2907            24.12%
   7753  1259        cutoff              0.3832        0.2930   565954   23.54%
*  8158+ 1126                            0.3825        0.2930            23.42%
   9211  2417        0.3090   388        0.3825        0.2930   671909   23.42%
*  9357+ 1793                            0.3825        0.2930            23.42%
  10777  3650        0.3037   400        0.3825        0.2930   764931   23.42%
  12113  4357        0.3405   352        0.3825        0.2956   825094   22.72%
  13954  5718        0.3398   264        0.3825        0.2958   946326   22.67%
  16108  7762        0.3156   345        0.3825        0.2987  1099623   21.90%
Elapsed time = 898.83 sec. (95011.75 ticks, tree = 525.79 MB, solutions = 33)
  19002 10154        0.3529   338        0.3825        0.2997  1251930   21.65%
  21904 11921        0.3638   247        0.3825        0.3004  1373299   21.48%
  25698 15019        0.3155   368        0.3825        0.3009  1552495   21.34%
  29078 17680        0.3671   326        0.3825        0.3015  1703584   21.17%
  32883 19583        0.3473   306        0.3825        0.3022  1809803   21.00%
* 35185+22251                            0.3819        0.3024            20.82%
  36482 23142        0.3555   330        0.3819        0.3025  2007574   20.78%
* 37102+23021                            0.3817        0.3026            20.73%
  40564 26048        0.3700   177        0.3817        0.3028  2174416   20.66%
  43075 28762        0.3724   163        0.3817        0.3032  2319410   20.56%
  45898 30448        0.3430   295        0.3817        0.3034  2428881   20.52%
  48719 33058        0.3309   357        0.3817        0.3036  2582944   20.45%
Elapsed time = 1001.45 sec. (104551.15 ticks, tree = 2443.47 MB, solutions = 35)
Nodefile size = 391.37 MB (377.92 MB after compression)
  51755 34563        0.3167   347        0.3817        0.3039  2684650   20.39%
  54059 37098        0.3715   299        0.3817        0.3039  2844688   20.38%
  57169 39028        0.3742   311        0.3817        0.3043  2966188   20.28%
  58227 40501        cutoff              0.3817        0.3043  3059620   20.28%
  60225 42055        0.3689   230        0.3817        0.3045  3158156   20.21%
  62149 43373        0.3716   282        0.3817        0.3045  3239993   20.21%
* 63223+40055                            0.3813        0.3045            20.13%
  64080 45229        0.3112   385        0.3813        0.3045  3354621   20.13%
  66105 46140        0.3675   250        0.3813        0.3045  3408099   20.13%
  68243 48342        0.3600   358        0.3813        0.3045  3540787   20.13%
  70087 49397        0.3209   333        0.3813        0.3045  3608727   20.13%
Elapsed time = 1105.98 sec. (114091.57 ticks, tree = 3750.63 MB, solutions = 35)
Nodefile size = 1695.13 MB (1638.80 MB after compression)
* 71402+40055                            0.3776        0.3045            19.34%
  72412 51103        0.3723   281        0.3776        0.3045  3712990   19.34%
  74763 52996        0.3227   326        0.3776        0.3045  3823650   19.34%
  76947 54753        0.3566   246        0.3776        0.3045  3924881   19.34%
  78530 56251        0.3769   232        0.3776        0.3045  4016727   19.34%
  80919 57571        0.3544   327        0.3776        0.3045  4096865   19.34%
  83307 59093        0.3625   344        0.3776        0.3045  4179018   19.34%
  85759 60634        0.3745   282        0.3776        0.3045  4266142   19.34%
  87719 62671        0.3322   353        0.3776        0.3045  4383293   19.34%
  89983 64542        0.3614   342        0.3776        0.3045  4493320   19.34%
  92283 65556        0.3686   283        0.3776        0.3045  4552974   19.34%
Elapsed time = 1173.17 sec. (123632.28 ticks, tree = 4999.15 MB, solutions = 35)
Nodefile size = 2940.33 MB (2843.62 MB after compression)
  93843 67570        0.3660   312        0.3776        0.3045  4664740   19.34%
  95990 68401        0.3355   411        0.3776        0.3045  4723604   19.34%
  98277 70234        0.3798   218        0.3776        0.3045  4828702   19.34%
 100371 72119        0.3782   247        0.3776        0.3045  4937685   19.34%
 102882 73482        0.3816   254        0.3776        0.3045  5008562   19.34%
 106060 75969        0.3630   286        0.3776        0.3045  5154657   19.34%
 109416 77809        0.3609   305        0.3776        0.3045  5262154   19.34%
 111570 75099        0.3195   388        0.3776        0.3045  5372109   19.34%
 113749 77517        0.3703   233        0.3776        0.3045  5523983   19.34%
 116264 79325        0.3430   299        0.3776        0.3045  5648709   19.34%
Elapsed time = 1283.58 sec. (133172.50 ticks, tree = 5980.15 MB, solutions = 37)
Nodefile size = 3924.07 MB (3796.05 MB after compression)
 119712 80072        0.3624   329        0.3776        0.3045  5694842   19.34%
 120694 84020        0.3198   530        0.3776        0.3198  6012837   15.30%
 120696 84022        0.3198   372        0.3776        0.3198  6014817   15.30%
 120702 52514        0.3198   324        0.3776        0.3198  6015530   15.29%
 120808    29        0.3199   282        0.3776        0.3198  6032662   15.29%
 121274   261        0.3707   256        0.3776        0.3198  6079163   15.28%
 122228   727        0.3311   244        0.3776        0.3198  6133780   15.28%
 124053  1858        0.3236   302        0.3776        0.3199  6222603   15.27%
 126435  3164        0.3554   186        0.3776        0.3207  6311328   15.06%
 129177  5342        0.3541   155        0.3776        0.3208  6460755   15.04%
Elapsed time = 1696.24 sec. (185767.63 ticks, tree = 321.05 MB, solutions = 37)
 131948  7480        0.3655   154        0.3776        0.3236  6597488   14.30%
 134675  9003        0.3601   177        0.3776        0.3245  6696726   14.05%
 137275 10497        0.3591   232        0.3776        0.3260  6795086   13.65%
 140356 12536        cutoff              0.3776        0.3266  6927165   13.48%
 143481 14601        0.3476   273        0.3776        0.3271  7048513   13.36%
 146592 16719        cutoff              0.3776        0.3280  7181066   13.11%
 149882 18713        0.3725   143        0.3776        0.3288  7311363   12.91%
 153170 20247        0.3757   205        0.3776        0.3294  7406625   12.75%
 156398 21985        0.3606   106        0.3776        0.3301  7516371   12.56%
 159731 23995        0.3674   202        0.3776        0.3309  7659613   12.36%
Elapsed time = 1802.59 sec. (195306.92 ticks, tree = 1596.00 MB, solutions = 37)
 162999 25878        0.3726   110        0.3776        0.3315  7777791   12.20%
 166625 27846        0.3762   172        0.3776        0.3321  7896887   12.03%
 170087 30093        0.3544   189        0.3776        0.3328  8035807   11.86%
 173639 32319        0.3727   171        0.3776        0.3334  8169007   11.70%
 177373 33966        0.3414   186        0.3776        0.3341  8265484   11.50%
 181013 36565        0.3479   234        0.3776        0.3350  8413647   11.28%
 184662 38637        0.3551   143        0.3776        0.3357  8535081   11.10%
 188624 40052        cutoff              0.3776        0.3364  8617280   10.90%
 192492 42941        0.3631   175        0.3776        0.3370  8769290   10.74%
 196533 45029        0.3442   215        0.3776        0.3375  8882120   10.61%
Elapsed time = 1932.06 sec. (204845.50 ticks, tree = 3050.37 MB, solutions = 37)
Nodefile size = 995.90 MB (841.43 MB after compression)
 200802 47132        0.3465   172        0.3776        0.3381  8993200   10.46%
 205194 50381        0.3721   201        0.3776        0.3387  9157525   10.29%
 209185 51880        cutoff              0.3776        0.3389  9234335   10.24%
 213346 54734        0.3769    45        0.3776        0.3396  9372281   10.05%
 218112 56771        0.3771    79        0.3776        0.3401  9481107    9.93%
 222437 59294        0.3766   134        0.3776        0.3405  9595300    9.80%
 227064 62527        0.3748   135        0.3776        0.3409  9753181    9.71%
 231798 64826        0.3639   161        0.3776        0.3412  9851524    9.62%
 236375 67787        0.3611   148        0.3776        0.3417  9990098    9.50%
 254341 79506        0.3482   171        0.3776        0.3424 10517696    9.31%
Elapsed time = 2145.76 sec. (217245.81 ticks, tree = 5292.51 MB, solutions = 37)
Nodefile size = 3236.26 MB (2721.84 MB after compression)
 272024 89085        0.3760   162        0.3776        0.3436 10973694    8.99%
 286965 98453        0.3610   191        0.3776        0.3436 11393181    8.99%
 303891 106784        cutoff              0.3776        0.3444 11796586    8.77%
 318781 116427        0.3476   211        0.3776        0.3444 12215735    8.77%
 336127 126181        0.3587   180        0.3776        0.3461 12693609    8.34%
 350099 135096        0.3733   165        0.3776        0.3461 13063048    8.34%
 364450 143338        cutoff              0.3776        0.3467 13409975    8.17%
 380549 152240        0.3769   144        0.3776        0.3469 13809517    8.11%
 398957 163088        0.3749   157        0.3776        0.3480 14356685    7.82%
 420884 176517        0.3661   119        0.3776        0.3486 15099878    7.67%
Elapsed time = 2768.20 sec. (255395.27 ticks, tree = 9956.71 MB, solutions = 37)
Nodefile size = 7939.95 MB (6604.39 MB after compression)
 442056 191530        0.3755   182        0.3776        0.3490 15971245    7.55%
 461236 204632        0.3663   202        0.3776        0.3495 16804953    7.43%
 479346 215742        0.3731   175        0.3776        0.3499 17639967    7.33%
 497842 226692        0.3655   182        0.3776        0.3502 18500201    7.25%
 514713 238164        0.3764   137        0.3776        0.3505 19415464    7.16%
 531518 249104        0.3762   164        0.3776        0.3508 20357724    7.08%
 548450 259252        0.3762   114        0.3776        0.3511 21236884    7.02%
 565302 270361        cutoff              0.3776        0.3513 22204871    6.95%
 581830 280990        0.3590   164        0.3776        0.3516 23100752    6.88%
 598968 292810        cutoff              0.3776        0.3518 24123935    6.82%
Elapsed time = 3110.92 sec. (293544.49 ticks, tree = 9767.75 MB, solutions = 37)
Nodefile size = 7939.95 MB (6604.39 MB after compression)
 616342 301838        0.3651   184        0.3776        0.3520 24893681    6.76%
 633883 313614        0.3675   254        0.3776        0.3522 25853034    6.70%
 651683 326857        0.3768   188        0.3776        0.3524 26895227    6.65%
*661902+333353                            0.3772        0.3526             6.54%
 667412 332272        cutoff              0.3772        0.3526 27699535    6.52%
 684417 342799        0.3764   134        0.3772        0.3528 28559081    6.48%
 702248 355166        0.3669   161        0.3772        0.3530 29584462    6.43%
 720370 367599        0.3766   154        0.3772        0.3532 30516997    6.38%
*734148 375634      integral     0        0.3771        0.3533 31163564    6.30%
 737476 378033        0.3564   222        0.3771        0.3534 31362777    6.29%
 754808 387021        0.3604   132        0.3771        0.3535 32347437    6.24%
 772908 399876        0.3594   164        0.3771        0.3537 33319522    6.20%
Elapsed time = 3412.66 sec. (331693.36 ticks, tree = 9686.17 MB, solutions = 39)
Nodefile size = 7888.20 MB (6560.94 MB after compression)
*789863+408346                            0.3769        0.3538             6.12%
 790848 409871        cutoff              0.3769        0.3539 34102568    6.11%
*795005+406946                            0.3767        0.3539             6.04%
 808252 409583        cutoff              0.3767        0.3540 35072061    6.01%
 825870 419419        0.3568   217        0.3767        0.3542 35855798    5.97%
 842698 431854        0.3636   170        0.3767        0.3543 36885094    5.93%
 860184 442939        0.3716   145        0.3767        0.3545 37870521    5.89%
 877722 453421        0.3637   105        0.3767        0.3546 38783051    5.85%
 895924 464971        0.3765    94        0.3767        0.3548 39746235    5.81%
 913723 476956        0.3714   159        0.3767        0.3549 40777327    5.77%
 931569 487518        0.3718   179        0.3767        0.3551 41717211    5.74%
 949376 499026        cutoff              0.3767        0.3552 42715604    5.70%
Elapsed time = 3686.81 sec. (369842.26 ticks, tree = 9577.66 MB, solutions = 41)
Nodefile size = 7787.07 MB (6477.25 MB after compression)
 967157 508511        0.3751   157        0.3767        0.3553 43499932    5.66%
 985512 521765        0.3714   125        0.3767        0.3555 44617550    5.63%
 1003545 530617        0.3643   111        0.3767        0.3556 45328010    5.59%
*1004092 533822      integral     0        0.3756        0.3556 45629201    5.32%
*1014217+479942                            0.3748        0.3557             5.11%
 1019657 446952        0.3580   207        0.3748        0.3557 46404329    5.09%
*1021983+448338                            0.3737        0.3557             4.80%
*1025266+393711                            0.3728        0.3558             4.58%
*1027241+360269                            0.3723        0.3558             4.43%
 1037484 342260        0.3628   264        0.3723        0.3558 47198551    4.41%
*1053396+352154                            0.3721        0.3560             4.33%
 1055060 352534        0.3573   184        0.3721        0.3560 48214575    4.33%
 1072632 354833        cutoff              0.3721        0.3561 49167450    4.28%
 1090804 362701        0.3661   102        0.3721        0.3563 49927801    4.24%
 1109157 374098        0.3627   175        0.3721        0.3564 51068159    4.20%
 1127559 383610        0.3721   118        0.3721        0.3566 52017564    4.16%
Elapsed time = 3981.10 sec. (407991.36 ticks, tree = 6309.14 MB, solutions = 47)
Nodefile size = 5026.46 MB (4188.97 MB after compression)
 1146393 391585        0.3638   149        0.3721        0.3567 52800522    4.13%
 1165211 402311        cutoff              0.3721        0.3569 53856362    4.09%
 1184591 412535        0.3594   208        0.3721        0.3570 54839596    4.05%
 1203140 422054        cutoff              0.3721        0.3571 55799695    4.02%
 1220732 429801        0.3645   158        0.3721        0.3572 56619576    3.99%
 1238433 439026        0.3675    86        0.3721        0.3574 57636285    3.95%
 1255832 446764        0.3702   169        0.3721        0.3575 58495583    3.92%
 1273979 457872        0.3609   144        0.3721        0.3576 59681218    3.88%
 1289987 464267        0.3703   196        0.3721        0.3577 60390845    3.85%
 1307655 474014        cutoff              0.3721        0.3578 61436775    3.82%
Elapsed time = 4293.45 sec. (446139.64 ticks, tree = 6424.19 MB, solutions = 47)
Nodefile size = 5026.46 MB (4188.97 MB after compression)
 1325387 484038        0.3712   161        0.3721        0.3580 62514705    3.79%
 1342234 492671        cutoff              0.3721        0.3581 63432060    3.76%
 1360673 500865        0.3598   211        0.3721        0.3582 64251301    3.74%
 1378815 510067        0.3651   199        0.3721        0.3583 65259059    3.71%
 1394401 516505        0.3720   108        0.3721        0.3584 65970982    3.68%
 1412846 524795        0.3603   226        0.3721        0.3585 66856785    3.66%
 1431171 535902        0.3710   189        0.3721        0.3586 68078070    3.63%
 1449955 544285        0.3685   182        0.3721        0.3587 68943820    3.61%
 1469153 553144        0.3672   160        0.3721        0.3587 69905362    3.58%
 1488755 561889        cutoff              0.3721        0.3588 70827528    3.56%
Elapsed time = 4615.27 sec. (484289.15 ticks, tree = 6519.59 MB, solutions = 47)
Nodefile size = 4722.03 MB (3935.94 MB after compression)
 1508187 572870        cutoff              0.3721        0.3590 72015664    3.53%
 1527757 583099        0.3665   145        0.3721        0.3590 73113828    3.50%
 1541838 588142        0.3713   178        0.3721        0.3591 73564573    3.49%
 1545861 590124        cutoff              0.3721        0.3591 73760382    3.49%
 1555190 594406        cutoff              0.3721        0.3591 74236309    3.49%
 1564886 600544        cutoff              0.3721        0.3592 74902991    3.45%
 1584923 607723        0.3666   118        0.3721        0.3593 75647739    3.43%
 1604719 616910        0.3647    71        0.3721        0.3594 76632013    3.40%
 1624780 629483        0.3717   150        0.3721        0.3595 77989374    3.37%
 1644398 637879        0.3692   181        0.3721        0.3596 78804942    3.35%
Elapsed time = 5003.79 sec. (527982.13 ticks, tree = 6732.54 MB, solutions = 47)
Nodefile size = 4684.49 MB (3873.50 MB after compression)
 1665549 647471        cutoff              0.3721        0.3597 79772772    3.33%
 1687314 657106        0.3719   131        0.3721        0.3598 80670380    3.30%
 1708361 670740        cutoff              0.3721        0.3599 81976139    3.28%
 1729383 678606        0.3691   101        0.3721        0.3600 82804045    3.26%
 1749976 688590        0.3706   151        0.3721        0.3600 83853454    3.23%
 1770419 696857        0.3700    85        0.3721        0.3601 84748344    3.21%
 1791733 706816        0.3715   132        0.3721        0.3602 85816465    3.19%
*1809722+713794                            0.3718        0.3603             3.10%
*1811617+698317                            0.3717        0.3603             3.05%
 1812364 700771        0.3689    61        0.3717        0.3603 86991486    3.05%
*1819407+689769                            0.3715        0.3603             3.00%
 1832826 679471        0.3687   164        0.3715        0.3604 87696868    2.98%
 1853343 687791        0.3672   148        0.3715        0.3605 88588156    2.96%
Elapsed time = 5506.89 sec. (566130.51 ticks, tree = 6297.42 MB, solutions = 50)
Nodefile size = 4249.15 MB (3486.00 MB after compression)
 1874762 699884        0.3680   127        0.3715        0.3606 89847198    2.93%
 1897294 707564        0.3700   160        0.3715        0.3606 90597404    2.91%
 1920059 718008        0.3681   156        0.3715        0.3607 91562491    2.89%
 1942672 727793        0.3656   117        0.3715        0.3608 92400640    2.87%
 1964792 736808        0.3675   255        0.3715        0.3609 93297709    2.85%
 1986636 749201        0.3711   114        0.3715        0.3610 94482663    2.83%
 2008489 758177        cutoff              0.3715        0.3611 95405687    2.80%
 2030481 767134        0.3673   157        0.3715        0.3611 96296189    2.78%
 2052711 777880        0.3657   150        0.3715        0.3612 97429076    2.76%
 2075955 790650        0.3632   131        0.3715        0.3613 98605833    2.74%
Elapsed time = 5989.07 sec. (604279.45 ticks, tree = 6363.78 MB, solutions = 50)
Nodefile size = 4315.76 MB (3482.28 MB after compression)
 2098975 800629        0.3620   117        0.3715        0.3614 99525117    2.72%
 2122229 810072        0.3708   127        0.3715        0.3614 1.00e+08    2.70%
 2146551 820625        0.3706    70        0.3715        0.3615 1.01e+08    2.68%
 2170293 832802        cutoff              0.3715        0.3616 1.02e+08    2.66%
 2193934 841914        0.3708    92        0.3715        0.3617 1.03e+08    2.64%
 2217228 852412        0.3669   121        0.3715        0.3617 1.04e+08    2.63%
 2241326 862974        0.3688    47        0.3715        0.3618 1.05e+08    2.61%
 2265205 873294        0.3704   103        0.3715        0.3619 1.06e+08    2.59%
 2289165 887857        0.3681   105        0.3715        0.3619 1.07e+08    2.57%
 2312490 895530        cutoff              0.3715        0.3620 1.08e+08    2.56%
Elapsed time = 6452.03 sec. (642429.08 ticks, tree = 6486.68 MB, solutions = 50)
Nodefile size = 4438.47 MB (3516.37 MB after compression)
 2335879 903585        cutoff              0.3715        0.3620 1.09e+08    2.54%
 2360120 914375        0.3626   151        0.3715        0.3621 1.10e+08    2.52%
 2384499 925201        0.3711    92        0.3715        0.3622 1.11e+08    2.50%
 2408325 937682        0.3689   141        0.3715        0.3622 1.12e+08    2.48%
 2432702 948607        0.3657   159        0.3715        0.3623 1.13e+08    2.47%
 2458130 961438        0.3698    62        0.3715        0.3624 1.14e+08    2.45%
 2482874 971650        0.3644   123        0.3715        0.3624 1.14e+08    2.44%
 2507429 979667        0.3687   112        0.3715        0.3625 1.15e+08    2.42%
 2532644 994766        0.3709    96        0.3715        0.3625 1.16e+08    2.41%
 2557447 1002322        0.3639   109        0.3715        0.3626 1.17e+08    2.39%
Elapsed time = 6896.79 sec. (680577.67 ticks, tree = 6635.05 MB, solutions = 50)
Nodefile size = 4586.03 MB (3567.73 MB after compression)
 2581994 1014685        0.3698    76        0.3715        0.3626 1.18e+08    2.38%
 2607548 1028727        0.3699    89        0.3715        0.3627 1.19e+08    2.36%
 2632970 1036811        0.3693   107        0.3715        0.3628 1.20e+08    2.34%
 2658521 1051273        0.3671   136        0.3715        0.3628 1.21e+08    2.33%
*2670479+1055335                            0.3713        0.3628             2.28%
*2676840+1042321                            0.3713        0.3629             2.27%
*2680452+1042532                            0.3713        0.3629             2.27%
 2683488 1043207        0.3643   112        0.3713        0.3629 1.22e+08    2.26%
*2694654+1044049                            0.3711        0.3629             2.20%
 2707917 1031178        0.3667   109        0.3711        0.3629 1.22e+08    2.20%
 2732716 1039200        0.3650    96        0.3711        0.3630 1.23e+08    2.18%
 2757902 1053070        cutoff              0.3711        0.3630 1.24e+08    2.17%
 2782883 1062717        cutoff              0.3711        0.3631 1.25e+08    2.16%
 2808964 1074758        0.3685    45        0.3711        0.3631 1.26e+08    2.14%
Elapsed time = 7427.03 sec. (718726.35 ticks, tree = 6465.06 MB, solutions = 53)
Nodefile size = 4416.38 MB (3373.37 MB after compression)
 2834998 1082154        0.3702    98        0.3711        0.3632 1.27e+08    2.13%
 2860852 1096185        0.3668   136        0.3711        0.3632 1.28e+08    2.11%
 2886665 1105590        cutoff              0.3711        0.3633 1.29e+08    2.10%
 2912802 1114064        0.3709   100        0.3711        0.3633 1.29e+08    2.09%
*2933894+1122862                            0.3710        0.3634             2.07%
*2938234+1123417                            0.3710        0.3634             2.06%
 2938254 1125052        0.3682    89        0.3710        0.3634 1.30e+08    2.06%
*2938924+1124339                            0.3710        0.3634             2.06%
 2964953 1131080        0.3686   194        0.3710        0.3634 1.31e+08    2.05%
 2990590 1139912        0.3668    94        0.3710        0.3635 1.32e+08    2.04%
 3015192 1155984        0.3683   138        0.3710        0.3635 1.33e+08    2.02%

Clique cuts applied:  692
Cover cuts applied:  2
Implied bound cuts applied:  11
Flow cuts applied:  51
Mixed integer rounding cuts applied:  1028
Zero-half cuts applied:  184
Lift and project cuts applied:  34
Gomory fractional cuts applied:  7

Root node processing (before b&c):
  Real time             =  474.26 sec. (30496.83 ticks)
Parallel b&c, 32 threads:
  Real time             = 7435.88 sec. (718995.18 ticks)
  Sync time (average)   = 3568.07 sec.
  Wait time (average)   =   13.69 sec.
                          ------------
Total (root+branch&cut) = 7910.14 sec. (749492.01 ticks)
Solution found
