Model: Diversity_model_3
 - number of variables: 1995
   - binary=288, integer=1, continuous=1706
 - number of constraints: 3855
   - linear=3855
 - parameters: defaults
CPXPARAM_Read_DataCheck                          1
CPXPARAM_RandomSeed                              201804051
CPXPARAM_MIP_Strategy_LBHeur                     1
CPXPARAM_TimeLimit                               86400
CPXPARAM_MIP_Tolerances_MIPGap                   0.02
Tried aggregator 2 times.
MIP Presolve eliminated 295 rows and 295 columns.
MIP Presolve modified 288 coefficients.
Aggregator did 288 substitutions.
Reduced MIP has 3272 rows, 1412 columns, and 8377 nonzeros.
Reduced MIP has 288 binaries, 0 generals, 288 SOSs, and 0 indicators.
Presolve time = 0.02 sec. (9.23 ticks)
Probing time = 0.00 sec. (3.26 ticks)
Tried aggregator 2 times.
Aggregator did 48 substitutions.
Reduced MIP has 3224 rows, 1364 columns, and 8281 nonzeros.
Reduced MIP has 288 binaries, 0 generals, 288 SOSs, and 0 indicators.
Presolve time = 0.01 sec. (6.86 ticks)
Probing time = 0.00 sec. (3.26 ticks)
Clique table members: 144.
MIP emphasis: balance optimality and feasibility.
MIP search method: dynamic search.
Parallel mode: deterministic, using up to 32 threads.
Root relaxation solution time = 0.21 sec. (59.31 ticks)

        Nodes                                         Cuts/
   Node  Left     Objective  IInf  Best Integer    Best Bound    ItCnt     Gap

      0     0        0.0000   279                      0.0000      942         
*     0+    0                            2.2986        0.0000           100.00%
      0     0        0.0000   261        2.2986     Cuts: 315     1476  100.00%
*     0+    0                            1.2847        0.0000           100.00%
      0     0        0.0000   284        1.2847     Cuts: 314     1871  100.00%
      0     0        0.0000   235        1.2847     Cuts: 125     2001  100.00%
*     0+    0                            1.2416        0.0000           100.00%
      0     0        0.0000   237        1.2416     Cuts: 295     2201  100.00%
*     0+    0                            0.5995        0.0000           100.00%
      0     2        0.0000   227        0.5995        0.0000     2201  100.00%
Elapsed time = 67.29 sec. (658.28 ticks, tree = 0.02 MB, solutions = 4)
   1653   564        cutoff              0.5995        0.0000    78945  100.00%
   3166   850        0.5150   230        0.5995        0.0000   150636  100.00%
*  4880  1253      integral     0        0.5607        0.0116   182660   97.93%
*  6930  1232      integral     0        0.4813        0.0554   192911   88.50%
*  8247+ 2096                            0.4674        0.0554            88.16%
*  8541  2067      integral     0        0.4672        0.0554   227748   88.15%
*  8980+ 1977                            0.4541        0.2514            44.63%
*  8980+ 1317                            0.4505        0.2514            44.19%
*  8980+  877                            0.4343        0.2514            42.11%
   8980   878        0.0000   136        0.4343        0.2514   241463   42.11%
   8988   470        0.0000   161        0.4343        0.2514   242235   42.11%
   9733    28        cutoff              0.4343        0.2514   271647   42.11%
  11371   972        0.2845   126        0.4343        0.2514   311712   42.11%
* 12170+  232                            0.4208        0.2514            40.25%
* 12170+  231                            0.4095        0.2514            38.60%
* 12686+ 1113                            0.4095        0.2514            38.60%
  26051  9940    infeasible              0.4095        0.2779   511603   32.13%
Elapsed time = 360.39 sec. (4478.08 ticks, tree = 12.97 MB, solutions = 15)
  51088 24412        0.3907    62        0.4095        0.3038   787635   25.82%
* 67484+30645                            0.4095        0.3084            24.69%
  71192 35686    infeasible              0.4095        0.3085  1015904   24.66%
  80079 40063        0.0000   165        0.4095        0.3198  1126663   21.89%
  80158    15        cutoff              0.4095        0.3198  1130886   21.89%
  89996  5263        0.3852    74        0.4095        0.3636  1229385   11.21%
 106493 14890        0.3973    46        0.4095        0.3774  1344443    7.83%
 123998 24791        0.4042    54        0.4095        0.3823  1465081    6.64%
 141969 34710        0.4093    55        0.4095        0.3849  1591019    6.01%
 160180 43827        0.3986    49        0.4095        0.3868  1708149    5.54%
 178695 53545        0.3901    47        0.4095        0.3881  1827073    5.23%
Elapsed time = 544.16 sec. (14861.01 ticks, tree = 79.28 MB, solutions = 16)
 197369 62876        cutoff              0.4095        0.3892  1945075    4.95%
 214745 71535        0.3954    66        0.4095        0.3901  2059442    4.72%
 234199 81088        0.4075    57        0.4095        0.3908  2189943    4.55%
 253318 89438        0.4035    58        0.4095        0.3916  2310250    4.36%
 273575 98959        0.4048    49        0.4095        0.3924  2457926    4.17%
 317081 118982        cutoff              0.4095        0.3931  2680046    4.00%
 356784 137518        0.4067    41        0.4095        0.3940  2882045    3.79%
 377422 145722        cutoff              0.4095        0.3950  3011176    3.54%
 398229 154817        0.3993    69        0.4095        0.3955  3174037    3.41%
 426754 164767        0.4060    62        0.4095        0.3959  3312546    3.31%
Elapsed time = 613.65 sec. (24398.18 ticks, tree = 254.45 MB, solutions = 16)
 447363 172554        cutoff              0.4095        0.3964  3474469    3.19%
 467345 177938        0.4009    68        0.4095        0.3968  3587221    3.09%
 492809 184451        0.4071    56        0.4095        0.3972  3725512    3.00%
 515556 193001        cutoff              0.4095        0.3976  3866721    2.91%
 536115 198049        cutoff              0.4095        0.3980  3985481    2.81%
 556780 204115        0.4038    68        0.4095        0.3983  4140421    2.72%
 584349 211678        cutoff              0.4095        0.3987  4290935    2.64%
 605366 216047        0.4053    55        0.4095        0.3990  4407319    2.55%
 626212 220333        0.4084    50        0.4095        0.3994  4548509    2.46%
 647012 224014        cutoff              0.4095        0.3997  4688450    2.38%
Elapsed time = 662.40 sec. (33935.39 ticks, tree = 347.03 MB, solutions = 16)
 667489 227288        cutoff              0.4095        0.4000  4836204    2.30%
 688346 229606        0.4067    53        0.4095        0.4004  4960559    2.22%
 709097 231458        0.4050    55        0.4095        0.4007  5078187    2.15%

Cover cuts applied:  1
Flow cuts applied:  36
Mixed integer rounding cuts applied:  63
Lift and project cuts applied:  1
Gomory fractional cuts applied:  30

Root node processing (before b&c):
  Real time             =   59.86 sec. (656.94 ticks)
Parallel b&c, 32 threads:
  Real time             =  619.89 sec. (36736.25 ticks)
  Sync time (average)   =  355.72 sec.
  Wait time (average)   =    2.19 sec.
                          ------------
Total (root+branch&cut) =  679.75 sec. (37393.19 ticks)
Solution found
