Model: Diversity_model_3
 - number of variables: 1081
   - binary=156, integer=1, continuous=924
 - number of constraints: 1471
   - linear=1471
 - parameters: defaults
CPXPARAM_Read_DataCheck                          1
CPXPARAM_RandomSeed                              201804051
CPXPARAM_MIP_Strategy_LBHeur                     1
CPXPARAM_TimeLimit                               86400
CPXPARAM_MIP_Tolerances_MIPGap                   0.02
Tried aggregator 2 times.
MIP Presolve eliminated 163 rows and 163 columns.
MIP Presolve modified 156 coefficients.
Aggregator did 156 substitutions.
Reduced MIP has 1152 rows, 762 columns, and 3289 nonzeros.
Reduced MIP has 156 binaries, 0 generals, 156 SOSs, and 0 indicators.
Presolve time = 0.01 sec. (3.91 ticks)
Probing changed sense of 26 constraints.
Probing time = 0.00 sec. (1.47 ticks)
Tried aggregator 2 times.
MIP Presolve eliminated 26 rows and 0 columns.
Aggregator did 52 substitutions.
Reduced MIP has 1074 rows, 710 columns, and 3107 nonzeros.
Reduced MIP has 130 binaries, 0 generals, 156 SOSs, and 0 indicators.
Presolve time = 0.00 sec. (3.26 ticks)
Probing time = 0.00 sec. (1.13 ticks)
Clique table members: 52.
MIP emphasis: balance optimality and feasibility.
MIP search method: dynamic search.
Parallel mode: deterministic, using up to 32 threads.
Root relaxation solution time = 0.01 sec. (7.67 ticks)

        Nodes                                         Cuts/
   Node  Left     Objective  IInf  Best Integer    Best Bound    ItCnt     Gap

      0     0        0.2644    99                      0.2644      336         
      0     0        0.2644   105                    Cuts: 78      653         
*     0+    0                            0.6079        0.2644            56.51%
      0     0        0.2644   102        0.6079      Cuts: 39      711   56.51%
*     0+    0                            0.4004        0.2644            33.96%
      0     0        0.2644   114        0.4004      Cuts: 83      789   33.96%
*     0+    0                            0.3769        0.2644            29.85%
      0     2        0.2644    97        0.3769        0.2644      789   29.85%
Elapsed time = 88.36 sec. (133.77 ticks, tree = 0.02 MB, solutions = 3)
*  2671+ 1071                            0.3742        0.2644            29.34%
*  3349+ 1194                            0.3514        0.2644            24.75%
*  4457  1074      integral     0        0.3499        0.2840    29529   18.82%
*  6192  1513      integral     0        0.3498        0.3013    38084   13.88%
*  8607  2392      integral     0        0.3404        0.3074    48236    9.70%
   9367   878        0.3507    55        0.3404        0.3074    27558    9.70%

Flow cuts applied:  14
Mixed integer rounding cuts applied:  7
Gomory fractional cuts applied:  8

Root node processing (before b&c):
  Real time             =   77.82 sec. (133.37 ticks)
Parallel b&c, 32 threads:
  Real time             =  398.65 sec. (409.01 ticks)
  Sync time (average)   =  170.24 sec.
  Wait time (average)   =    0.00 sec.
                          ------------
Total (root+branch&cut) =  476.47 sec. (542.38 ticks)
Solution found
