Model: Diversity_model_3
 - number of variables: 2749
   - binary=260, integer=1, continuous=2488
 - number of constraints: 3097
   - linear=3097
 - parameters: defaults
CPXPARAM_Read_DataCheck                          1
CPXPARAM_RandomSeed                              201804051
CPXPARAM_MIP_Strategy_LBHeur                     1
CPXPARAM_TimeLimit                               86400
CPXPARAM_MIP_Tolerances_MIPGap                   0.02
Tried aggregator 2 times.
MIP Presolve eliminated 527 rows and 527 columns.
MIP Presolve modified 260 coefficients.
Aggregator did 520 substitutions.
Reduced MIP has 2050 rows, 1702 columns, and 6791 nonzeros.
Reduced MIP has 260 binaries, 0 generals, 520 SOSs, and 0 indicators.
Presolve time = 0.05 sec. (8.38 ticks)
Probing changed sense of 16 constraints.
Probing time = 0.03 sec. (2.64 ticks)
Tried aggregator 2 times.
MIP Presolve eliminated 16 rows and 0 columns.
Aggregator did 42 substitutions.
Reduced MIP has 1992 rows, 1660 columns, and 6659 nonzeros.
Reduced MIP has 244 binaries, 0 generals, 520 SOSs, and 0 indicators.
Presolve time = 0.04 sec. (7.05 ticks)
Probing changed sense of 4 constraints.
Probing time = 0.02 sec. (2.79 ticks)
Clique table members: 114.
MIP emphasis: balance optimality and feasibility.
MIP search method: dynamic search.
Parallel mode: deterministic, using up to 32 threads.
Root relaxation solution time = 0.18 sec. (32.00 ticks)

        Nodes                                         Cuts/
   Node  Left     Objective  IInf  Best Integer    Best Bound    ItCnt     Gap

      0     0        0.2322   193                      0.2322      681         
*     0+    0                            0.5367        0.2322            56.73%
      0     0        0.2322   211        0.5367      Cuts: 69     1378   56.73%
*     0+    0                            0.3440        0.2322            32.48%
      0     0        0.2322   197        0.3440      Cuts: 39     1779   32.48%
      0     0        0.2322   198        0.3440      Cuts: 95     1891   32.48%
*     0+    0                            0.3283        0.2322            29.26%
      0     2        0.2322   152        0.3283        0.2322     1891   29.26%
Elapsed time = 137.28 sec. (404.88 ticks, tree = 0.02 MB, solutions = 3)
*   123+    9                            0.3282        0.2322            29.25%
*   124+    7                            0.3282        0.2322            29.25%
*  3341  2190      integral     0        0.3265        0.2322    50653   28.88%
*  3382  2083      integral     0        0.3086        0.2322    49289   24.74%
*  3553  2359      integral     0        0.3022        0.2322    54630   23.16%
*  4113  2111      integral     0        0.2917        0.2322    60397   20.40%
*  5694+ 2889                            0.2857        0.2322            18.71%
   5694  2547        0.2817    52        0.2857        0.2322    86455   18.71%
*  5751+ 2981                            0.2838        0.2322            18.17%
*  5751+ 2928                            0.2809        0.2322            17.32%
*  5792+ 3006                            0.2763        0.2322            15.95%
*  6032+ 2909                            0.2722        0.2322            14.67%
*  6281+ 2981                            0.2710        0.2322            14.29%
*  7185+ 2981                            0.2659        0.2322            12.65%
*  8206+ 2981                            0.2645        0.2322            12.20%
*  8782+ 2981                            0.2591        0.2322            10.38%
*  9236+ 2981                            0.2590        0.2322            10.34%
   9484  3937        0.2322   132        0.2590        0.2322   148327   10.34%
* 13987  5463      integral     0        0.2579        0.2322   210264    9.95%
  14831  5527        0.2475   114        0.2579        0.2322   211870    9.95%
* 16541+ 2928                            0.2573        0.2322             9.75%
  21087  7854        0.2481   131        0.2573        0.2322   299789    9.75%
  28427 11661        0.2569   104        0.2573        0.2322   388996    9.75%
* 31662+ 9605                            0.2567        0.2340             8.86%
* 31662+ 6402                            0.2559        0.2340             8.57%
* 31662+ 4268                            0.2540        0.2340             7.88%
  31662  4269        0.2322    42        0.2540        0.2340   443174    7.88%
  31671  2138        0.2322    72        0.2540        0.2340   444245    7.88%
* 31676+  983                            0.2539        0.2340             7.86%
* 31694+  296                            0.2539        0.2340             7.86%
* 33039+    5                            0.2532        0.2340             7.62%
* 33176+    5                            0.2519        0.2340             7.14%
* 33239+    5                            0.2470        0.2340             5.28%
  36145   850        0.2450    99        0.2470        0.2340   504309    5.28%
Elapsed time = 695.98 sec. (4269.29 ticks, tree = 0.72 MB, solutions = 105)
* 38349+  267                            0.2454        0.2340             4.66%
* 44613+ 2046                            0.2447        0.2382             2.65%

Implied bound cuts applied:  2
Flow cuts applied:  5
Mixed integer rounding cuts applied:  3
Gomory fractional cuts applied:  4

Root node processing (before b&c):
  Real time             =  121.27 sec. (405.90 ticks)
Parallel b&c, 32 threads:
  Real time             =  720.48 sec. (4267.12 ticks)
  Sync time (average)   =  487.86 sec.
  Wait time (average)   =    0.07 sec.
                          ------------
Total (root+branch&cut) =  841.75 sec. (4673.02 ticks)
Solution found
