Model: Diversity_model_3
 - number of variables: 6197
   - binary=6016, integer=2, continuous=179
 - number of constraints: 18491
   - linear=18491
 - parameters: defaults
CPXPARAM_Read_DataCheck                          1
CPXPARAM_RandomSeed                              201804051
CPXPARAM_MIP_Strategy_LBHeur                     1
CPXPARAM_TimeLimit                               86400
CPXPARAM_MIP_Tolerances_MIPGap                   0.02
Tried aggregator 3 times.
MIP Presolve eliminated 13874 rows and 1580 columns.
MIP Presolve modified 240 coefficients.
Aggregator did 4617 substitutions.
All rows and columns eliminated.
Presolve time = 0.37 sec. (142.71 ticks)

Root node processing (before b&c):
  Real time             =    0.38 sec. (143.94 ticks)
Parallel b&c, 32 threads:
  Real time             =    0.00 sec. (0.00 ticks)
  Sync time (average)   =    0.00 sec.
  Wait time (average)   =    0.00 sec.
                          ------------
Total (root+branch&cut) =    0.38 sec. (143.94 ticks)
Solution found
