Model: Diversity_model_3
 - number of variables: 3122
   - binary=360, integer=1, continuous=2761
 - number of constraints: 3801
   - linear=3801
 - parameters: defaults
CPXPARAM_Read_DataCheck                          1
CPXPARAM_RandomSeed                              201804051
CPXPARAM_MIP_Strategy_LBHeur                     1
CPXPARAM_TimeLimit                               86400
CPXPARAM_MIP_Tolerances_MIPGap                   0.02
Tried aggregator 2 times.
MIP Presolve eliminated 547 rows and 547 columns.
MIP Presolve modified 360 coefficients.
Aggregator did 540 substitutions.
Reduced MIP has 2714 rows, 2035 columns, and 8436 nonzeros.
Reduced MIP has 360 binaries, 0 generals, 540 SOSs, and 0 indicators.
Presolve time = 0.07 sec. (11.09 ticks)
Probing changed sense of 12 constraints.
Probing time = 0.03 sec. (2.73 ticks)
Tried aggregator 2 times.
MIP Presolve eliminated 12 rows and 0 columns.
Aggregator did 57 substitutions.
Reduced MIP has 2645 rows, 1978 columns, and 8286 nonzeros.
Reduced MIP has 348 binaries, 0 generals, 540 SOSs, and 0 indicators.
Presolve time = 0.10 sec. (8.77 ticks)
Probing changed sense of 7 constraints.
Probing time = 0.03 sec. (2.80 ticks)
Clique table members: 168.
MIP emphasis: balance optimality and feasibility.
MIP search method: dynamic search.
Parallel mode: deterministic, using up to 32 threads.
Root relaxation solution time = 0.38 sec. (37.14 ticks)

        Nodes                                         Cuts/
   Node  Left     Objective  IInf  Best Integer    Best Bound    ItCnt     Gap

      0     0        0.9767   321                      0.9767      949         
*     0+    0                            1.5210        0.9767            35.78%
      0     0        0.9767   298        1.5210      Cuts: 90     1651   35.78%
*     0+    0                            1.2682        0.9767            22.98%
      0     0        0.9767   297        1.2682     Cuts: 224     1849   22.98%
      0     0        0.9767   211        1.2682      Cuts: 34     2008   22.98%
      0     0        0.9767   217        1.2682      Cuts: 90     2149   22.98%
*     0+    0                            1.2490        0.9767            21.80%
      0     2        0.9767   173        1.2490        0.9767     2149   21.80%
Elapsed time = 131.80 sec. (563.33 ticks, tree = 0.02 MB, solutions = 3)
   3455  2221        1.2439    18        1.2490        0.9767    66878   21.80%
*  3551  2262      integral     0        1.1518        0.9767    67029   15.20%
*  3788  1591      integral     0        1.1409        0.9767    68844   14.39%
*  5950+ 1935                            1.1396        0.9767            14.29%
   6489  3414        1.0999    86        1.1396        0.9767    96247   14.29%
*  7052+ 3776                            1.1331        0.9767            13.80%
*  7261+ 3776                            1.1324        0.9767            13.75%
*  7510+ 3862                            1.1320        0.9767            13.71%
*  8284+ 1819                            1.1257        0.9767            13.23%
*  9498+ 1732                            1.1244        0.9767            13.13%
* 10124  5499      integral     0        1.0991        0.9767   125191   11.13%
* 10283  5567      integral     0        1.0974        0.9767   125417   10.99%
  14800  4715        cutoff              1.0974        0.9780   172919   10.88%
* 15505+ 4836                            1.0778        0.9780             9.26%
  20250  5298        1.0480   145        1.0778        0.9823   226564    8.86%
* 24361+ 4867                            1.0764        0.9823             8.74%
* 24401  7762      integral     0        1.0749        0.9823   266743    8.61%
  26045  8030        1.0702   201        1.0749        0.9823   280838    8.61%
* 27249  9033      integral     0        1.0650        0.9823   299568    7.77%
* 32389  9311      integral     0        1.0610        0.9823   345676    7.42%
  33291  9238        cutoff              1.0610        0.9823   345443    7.42%
* 42637+12947                            1.0608        0.9823             7.40%
* 42935+13548                            1.0589        0.9823             7.23%
* 42953+12129                            1.0588        0.9823             7.22%
* 43610+12947                            1.0576        0.9829             7.07%
* 43881+14088                            1.0576        0.9832             7.03%
  45913 15558        1.0422   153        1.0576        0.9832   442239    7.03%
Elapsed time = 290.99 sec. (3251.49 ticks, tree = 19.43 MB, solutions = 82)
* 45918+10188                            1.0575        1.0067             4.80%
* 45918+ 6792                            1.0537        1.0067             4.46%
  45918  6793        0.9767   147        1.0537        1.0067   482370    4.46%
* 46096+   25                            1.0434        1.0067             3.51%
  50543  1790        1.0233   147        1.0434        1.0067   528501    3.51%

Implied bound cuts applied:  6
Flow cuts applied:  12
Mixed integer rounding cuts applied:  16
Lift and project cuts applied:  1
Gomory fractional cuts applied:  5

Root node processing (before b&c):
  Real time             =  117.30 sec. (563.96 ticks)
Parallel b&c, 32 threads:
  Real time             =  697.46 sec. (5316.07 ticks)
  Sync time (average)   =  464.04 sec.
  Wait time (average)   =    0.08 sec.
                          ------------
Total (root+branch&cut) =  814.77 sec. (5880.03 ticks)
Solution found
