Model: Diversity_model_3
 - number of variables: 792
   - binary=148, integer=1, continuous=643
 - number of constraints: 1417
   - linear=1417
 - parameters: defaults
CPXPARAM_Read_DataCheck                          1
CPXPARAM_RandomSeed                              201804051
CPXPARAM_MIP_Strategy_LBHeur                     1
CPXPARAM_TimeLimit                               86400
CPXPARAM_MIP_Tolerances_MIPGap                   0.02
Tried aggregator 3 times.
MIP Presolve eliminated 119 rows and 81 columns.
MIP Presolve modified 592 coefficients.
Aggregator did 112 substitutions.
Reduced MIP has 1186 rows, 599 columns, and 2965 nonzeros.
Reduced MIP has 111 binaries, 0 generals, 74 SOSs, and 0 indicators.
Presolve time = 0.02 sec. (5.59 ticks)
Probing fixed 0 vars, tightened 111 bounds.
Probing time = 0.02 sec. (3.83 ticks)
Tried aggregator 2 times.
MIP Presolve modified 220 coefficients.
Aggregator did 37 substitutions.
Reduced MIP has 1149 rows, 562 columns, and 2891 nonzeros.
Reduced MIP has 111 binaries, 0 generals, 74 SOSs, and 0 indicators.
Presolve time = 0.01 sec. (3.24 ticks)
Probing time = 0.02 sec. (3.12 ticks)
Clique table members: 109.
MIP emphasis: balance optimality and feasibility.
MIP search method: dynamic search.
Parallel mode: deterministic, using up to 32 threads.
Root relaxation solution time = 0.05 sec. (11.42 ticks)

        Nodes                                         Cuts/
   Node  Left     Objective  IInf  Best Integer    Best Bound    ItCnt     Gap

      0     0        0.5241   102                      0.5241      463         
*     0+    0                            1.9484        0.5241            73.10%
      0     0        0.8755    78        1.9484     Cuts: 240      754   55.06%
      0     0        0.9377    77        1.9484     Cuts: 387      827   51.87%
*     0+    0                            1.9045        0.9377            50.76%
      0     0        0.9546    82        1.9045      Cuts: 86      900   49.88%
      0     0        0.9675    81        1.9045      Cuts: 12      925   49.20%
*     0+    0                            1.2767        0.9675            24.22%

Implied bound cuts applied:  55
Flow cuts applied:  92
Mixed integer rounding cuts applied:  91
Gomory fractional cuts applied:  8

Root node processing (before b&c):
  Real time             =  159.10 sec. (98.76 ticks)
Parallel b&c, 32 threads:
  Real time             =    0.00 sec. (0.00 ticks)
  Sync time (average)   =    0.00 sec.
  Wait time (average)   =    0.00 sec.
                          ------------
Total (root+branch&cut) =  159.10 sec. (98.76 ticks)
Solution found
