Model: Diversity_model_3
 - number of variables: 2061
   - binary=1768, integer=2, continuous=291
 - number of constraints: 4687
   - linear=4687
 - parameters: defaults
CPXPARAM_Read_DataCheck                          1
CPXPARAM_RandomSeed                              201804051
CPXPARAM_MIP_Strategy_LBHeur                     1
CPXPARAM_TimeLimit                               86400
CPXPARAM_MIP_Tolerances_MIPGap                   0.02
Tried aggregator 3 times.
MIP Presolve eliminated 3193 rows and 567 columns.
MIP Presolve modified 400 coefficients.
Aggregator did 1494 substitutions.
All rows and columns eliminated.
Presolve time = 0.04 sec. (19.99 ticks)

Root node processing (before b&c):
  Real time             =    0.04 sec. (20.33 ticks)
Parallel b&c, 32 threads:
  Real time             =    0.00 sec. (0.00 ticks)
  Sync time (average)   =    0.00 sec.
  Wait time (average)   =    0.00 sec.
                          ------------
Total (root+branch&cut) =    0.04 sec. (20.33 ticks)
Solution found
