Model: Diversity_model_3
 - number of variables: 85207
   - binary=81006, integer=2, continuous=4199
 - number of constraints: 371525
   - linear=371525
 - parameters: defaults
CPXPARAM_Read_DataCheck                          1
CPXPARAM_RandomSeed                              201804051
CPXPARAM_MIP_Strategy_LBHeur                     1
CPXPARAM_TimeLimit                               86400
CPXPARAM_MIP_Tolerances_MIPGap                   0.02
Tried aggregator 2 times.
MIP Presolve eliminated 933 rows and 923 columns.
MIP Presolve modified 366 coefficients.
Aggregator did 41236 substitutions.
Reduced MIP has 329356 rows, 43048 columns, and 908957 nonzeros.
Reduced MIP has 40686 binaries, 0 generals, 915 SOSs, and 0 indicators.
Presolve time = 47.81 sec. (2970.94 ticks)
Probing changed sense of 29 constraints.
Probing time = 40.95 sec. (865.87 ticks)
Tried aggregator 2 times.
MIP Presolve eliminated 45282 rows and 3218 columns.
Aggregator did 59 substitutions.
Reduced MIP has 284015 rows, 39771 columns, and 779429 nonzeros.
Reduced MIP has 37439 binaries, 0 generals, 915 SOSs, and 0 indicators.
Presolve time = 30.46 sec. (4614.50 ticks)
Probing time = 33.76 sec. (752.12 ticks)
Clique table members: 429533.
MIP emphasis: balance optimality and feasibility.
MIP search method: dynamic search.
Parallel mode: deterministic, using up to 32 threads.
Root relaxation solution time = 23.44 sec. (2876.66 ticks)

        Nodes                                         Cuts/
   Node  Left     Objective  IInf  Best Integer    Best Bound    ItCnt     Gap

      0     0        0.8754 18853                      0.8754       28         
      0     0        0.8754 11125                   Cuts: 885      697         
*     0+    0                            3.7906        0.8754            76.91%
      0     0        0.8754 11239        3.7906    Cuts: 7219     2652   76.91%
      0     0        0.8754 11245        3.7906    Cuts: 1760     4118   76.91%
*     0+    0                            3.6410        0.8754            75.96%
Heuristic still looking.
*     0+    0                            3.5471        0.8754            75.32%

Repeating presolve.
Tried aggregator 2 times.
MIP Presolve eliminated 254840 rows and 34259 columns.
Aggregator did 31 substitutions.
Reduced MIP has 29144 rows, 5481 columns, and 83541 nonzeros.
Reduced MIP has 3180 binaries, 0 generals, 915 SOSs, and 0 indicators.
Presolve time = 2.10 sec. (488.42 ticks)
Probing time = 0.57 sec. (67.38 ticks)
Tried aggregator 1 time.
MIP Presolve eliminated 1134 rows and 81 columns.
Reduced MIP has 28010 rows, 5400 columns, and 80301 nonzeros.
Reduced MIP has 3099 binaries, 0 generals, 915 SOSs, and 0 indicators.
Presolve time = 0.49 sec. (170.26 ticks)
Probing time = 0.59 sec. (41.59 ticks)
Tried aggregator 1 time.
MIP Presolve eliminated 210 rows and 15 columns.
Reduced MIP has 27800 rows, 5385 columns, and 79701 nonzeros.
Reduced MIP has 3084 binaries, 0 generals, 915 SOSs, and 0 indicators.
Presolve time = 0.78 sec. (192.24 ticks)
Represolve time = 6.42 sec. (2857.20 ticks)
Probing time = 0.60 sec. (35.33 ticks)
Clique table members: 45283.
MIP emphasis: balance optimality and feasibility.
MIP search method: dynamic search.
Parallel mode: deterministic, using up to 32 threads.
Root relaxation solution time = 5.66 sec. (465.01 ticks)

        Nodes                                         Cuts/
   Node  Left     Objective  IInf  Best Integer    Best Bound    ItCnt     Gap

*     0+    0                            3.5471        0.8754            75.32%
      0     0        0.8754  1457        3.5471        0.8754     8745   75.32%
*     0+    0                            3.4843        0.8754            74.87%
      0     0        0.8754  1481        3.4843    Cuts: 3429     9842   74.87%
*     0+    0                            3.3694        0.8754            74.02%
      0     0        0.8754  1551        3.3694    Cuts: 2165    11853   74.02%
*     0+    0                            2.1323        0.8754            58.94%
*     0+    0                            2.1099        0.8754            58.51%
*     0+    0                            2.0844        0.8754            58.00%
*     0+    0                            2.0609        0.8754            57.52%
      0     2        0.8754  1551        2.0609        0.8754    11853   57.52%
Elapsed time = 884.29 sec. (109335.21 ticks, tree = 0.02 MB, solutions = 9)
      1     3        0.8862  1475        2.0609        0.8754    12498   57.52%
      2     4        0.8967  1483        2.0609        0.8754    12958   57.52%
*     4+    2                            2.0531        0.8754            57.36%
      4     4        0.8862  1471        2.0531        0.8754    12745   57.36%
*     5+    1                            1.8028        0.8754            51.44%
*     7+    1                            1.8020        0.8754            51.42%
      8     8        0.8862  1385        1.8020        0.8754    13941   51.42%
     13    15        0.8967  1112        1.8020        0.8754    16746   51.42%
     20    19        0.9020  1137        1.8020        0.8754    18289   51.42%
*    21+   13                            1.8018        0.8754            51.41%
     34    22        0.9840  1169        1.8018        0.8754    20550   51.41%
*    40+   14                            1.7978        0.8754            51.31%
*    40+   14                            1.7976        0.8754            51.30%
*    43+   16                            1.7975        0.8754            51.30%
     43    25        0.9135  1312        1.7975        0.8754    21809   51.30%
*    48+   16                            1.7973        0.8754            51.29%
     74    45        0.9018  1107        1.7973        0.8754    32772   51.29%
    267   250        1.4479   688        1.7973        0.8754    98336   51.29%
Elapsed time = 905.16 sec. (112864.31 ticks, tree = 27.87 MB, solutions = 34)
    541   383        0.9404   868        1.7973        0.8754   131778   51.29%
    884   678        1.7771    23        1.7973        0.8754   197020   51.29%
*  1044+  735                            1.7938        0.8754            51.20%
   1227   932        1.0616   596        1.7938        0.8754   289348   51.20%
   1794  1409        0.8950  1122        1.7938        0.8754   377700   51.20%
*  2249+ 1256                            1.7910        0.8754            51.12%
*  2357+ 1109                            1.7777        0.8754            50.75%
   2609  1843        0.8996   979        1.7777        0.8754   425573   50.75%
*  2649+ 1549                            1.7739        0.8754            50.65%
*  3186+ 2297                            1.7624        0.8754            50.33%
   3426  2662        1.1277   241        1.7624        0.8754   493007   50.33%
*  3597+ 2556                            1.7499        0.8754            49.97%
   4164  3168        1.0886   265        1.7499        0.8754   542499   49.97%
   4810  4074        0.9874   673        1.7499        0.8754   662900   49.97%
   5412  4356        0.9929   770        1.7499        0.8754   705413   49.97%
*  5496+ 4509                            1.7429        0.8754            49.77%
*  5550+ 4509                            1.7419        0.8754            49.74%
*  5566+ 4607                            1.7390        0.8754            49.66%
*  5607+ 4537                            1.5161        0.8754            42.26%
*  5633+ 4607                            1.5065        0.8754            41.89%
*  5637+ 4537                            1.4893        0.8754            41.22%
*  5640+ 4607                            1.4888        0.8754            41.20%
*  5740+ 4704                            1.4880        0.8754            41.17%
*  5824+ 4704                            1.4355        0.8754            39.01%
   5879  4966        0.9281   683        1.4355        0.8754   786709   39.01%
Elapsed time = 965.00 sec. (122419.38 ticks, tree = 1076.53 MB, solutions = 51)
*  6239+ 4679                            1.4344        0.8754            38.97%
*  6328+ 4704                            1.3922        0.8754            37.12%
*  6375+ 4704                            1.3692        0.8754            36.06%
*  6404+ 4572                            1.3543        0.8754            35.36%
*  6462+ 4704                            1.3462        0.8754            34.97%
*  6478+ 4704                            1.3458        0.8754            34.95%
   6490  5013        0.8843  1138        1.3458        0.8754   825418   34.95%
*  6589+ 4704                            1.3350        0.8754            34.42%
*  6691+ 4704                            1.3285        0.8754            34.10%
*  6949+ 4704                            1.3285        0.8754            34.10%
   7105  5362        1.1076   294        1.3285        0.8754   854404   34.10%
   7706  5409        1.1716   229        1.3285        0.8754   887222   34.10%
*  8016+ 4572                            1.2254        0.8754            28.56%
*  8041+ 4572                            1.2183        0.8754            28.14%
   8214  5693        0.8754  1156        1.2183        0.8754   922608   28.14%
*  8251+ 4572                            1.2175        0.8754            28.09%
*  8282+ 4572                            1.2163        0.8754            28.03%
   8886  6449        1.1933   302        1.2163        0.8754  1024631   28.03%
*  9039+ 5875                            1.1807        0.8754            25.86%
*  9278+ 6111                            1.1807        0.8754            25.86%
   9363  5967        1.0422   914        1.1807        0.8754  1095858   25.86%
*  9768+ 5928                            1.1802        0.8754            25.82%
   9884  6362        0.8755  1298        1.1802        0.8754  1152887   25.82%
  10383  6765        1.1701   308        1.1802        0.8754  1206720   25.82%
  10690  7005        0.9192  1131        1.1802        0.8754  1252679   25.82%
  11162  7280        1.1491   912        1.1802        0.8754  1294226   25.82%
Elapsed time = 1021.95 sec. (131972.30 ticks, tree = 1546.51 MB, solutions = 146)
  11708  7415        0.9420   916        1.1802        0.8754  1318115   25.82%
  12239  8120        1.1100   710        1.1802        0.8754  1407775   25.82%
  12900  8829        0.9721   596        1.1802        0.8754  1500082   25.82%
  13574  9092        1.0784   665        1.1802        0.8754  1536733   25.82%
  14207  9835        1.1437   987        1.1802        0.8754  1620654   25.82%
  14947  9972        1.1037   986        1.1802        0.8754  1634313   25.82%
  15553 10444        0.9613   457        1.1802        0.8754  1682639   25.82%
  15873 11359        1.0218  1276        1.1802        0.8754  1762107   25.82%
  16214 11598        1.1049  1098        1.1802        0.8754  1797639   25.82%
  16590 11891        1.0781   865        1.1802        0.8754  1851012   25.82%
Elapsed time = 1087.88 sec. (141529.09 ticks, tree = 2563.10 MB, solutions = 170)
Nodefile size = 508.31 MB (392.16 MB after compression)
  17073 12476        1.1242   192        1.1802        0.8754  1938858   25.82%
  17407 12619        1.0765    68        1.1802        0.8754  1953347   25.82%
  17730 12926        1.0028   416        1.1802        0.8754  2006408   25.82%
  17887 13081        1.0720   512        1.1802        0.8754  2028820   25.82%
  18065 13300        1.0089  1324        1.1802        0.8754  2091174   25.82%
  18216 13566        1.0605  1003        1.1802        0.8754  2139836   25.82%
  18413 13698        1.0053   654        1.1802        0.8754  2200181   25.82%
  18847 14030        1.1464   227        1.1802        0.8754  2295203   25.82%
* 19332+14294                            1.1423        0.8754            23.36%
* 19401 12502      integral     0        1.1370        0.8754  2337470   23.00%
* 19662+12564                            1.1222        0.8754            21.99%
* 19680+12588                            1.1173        0.8754            21.65%
* 19705+12588                            1.1159        0.8754            21.55%
  19835 12419        0.9795  1112        1.1159        0.8754  2367812   21.55%
Elapsed time = 1147.80 sec. (150926.54 ticks, tree = 2470.78 MB, solutions = 183)
Nodefile size = 414.26 MB (316.01 MB after compression)
* 19880+12356                            1.0969        0.8754            20.19%
* 19936+12356                            1.0963        0.8754            20.15%
* 19959+12564                            1.0725        0.8754            18.37%
  20043  9648        1.0395   799        1.0725        0.8754  2437303   18.37%
* 20059+12545                            1.0699        0.8754            18.17%
* 20311+ 9544                            1.0677        0.8754            18.01%
  20452  9716        1.0644   588        1.0677        0.8754  2439945   18.01%
  20870  9538        0.9777  1124        1.0677        0.8754  2474539   18.01%
  21338 10075        0.9698  1050        1.0677        0.8754  2547610   18.01%
  21831 10176        0.9895  1132        1.0677        0.8754  2578156   18.01%
  22204 10707        1.0545  1340        1.0677        0.8754  2656559   18.01%
  22462 11002        1.0174   667        1.0677        0.8754  2688866   18.01%
* 22549+ 7710                            1.0643        0.8754            17.74%
* 22549+ 5140                            1.0612        0.8754            17.51%
* 22549+ 3426                            1.0582        0.8754            17.27%
  22549  3427        0.8754  1497        1.0582        0.8754  2823650   17.27%
  22550  3427        0.8754  1396        1.0582        0.8754  2835851   17.27%
  22552  2571        cutoff              1.0582        0.8754  2837758   17.27%
Elapsed time = 1591.21 sec. (260669.46 ticks, tree = 454.51 MB, solutions = 266)
  22553  2571        0.9459  1154        1.0582        0.8754  2839357   17.27%
  22556  1929        0.9466  1136        1.0582        0.8754  2843230   17.27%
  22557  1157        0.8754  1468        1.0582        0.8754  2824378   17.27%
  22560   828        0.9654  1483        1.0582        0.8754  2854725   17.27%
  22562   831        0.8754  1398        1.0582        0.8754  2853658   17.27%
  22567   464        0.8754  1154        1.0582        0.8754  2870444   17.27%
  22570   211        0.9466  1301        1.0582        0.8754  2850625   17.27%
  22572   216        0.9723  1147        1.0582        0.8754  2874470   17.27%
  22576   108        0.9654  1440        1.0582        0.8754  2866898   17.27%
  22577   113        0.9750  1129        1.0582        0.8754  2892940   17.27%
Elapsed time = 1635.08 sec. (281272.55 ticks, tree = 17.37 MB, solutions = 266)
  22582    55        0.9466  1300        1.0582        0.8754  2879511   17.27%
  22585    58        cutoff              1.0582        0.8754  2916821   17.27%
  22590    52        0.8754  1270        1.0582        0.8754  2928595   17.27%
  22600    10        0.8754  1207        1.0582        0.8754  2866817   17.27%
  22609    22        0.8758  1368        1.0582        0.8754  2924896   17.27%
  22614    10        0.8754  1146        1.0582        0.8754  2872259   17.27%
  22620    41        1.0121  1100        1.0582        0.8754  2977934   17.27%
  22624    40        0.9826  1135        1.0582        0.8754  2991164   17.27%
  22628    43        0.9482  1168        1.0582        0.8754  3014137   17.27%
  22635    52        cutoff              1.0582        0.8754  3033670   17.27%
Elapsed time = 1730.60 sec. (293246.78 ticks, tree = 0.26 MB, solutions = 266)
  22650    72        1.0476  1010        1.0582        0.8754  3118696   17.27%
  22678    76        1.0489   948        1.0582        0.8754  3122715   17.27%
  22696    52        1.0539  1122        1.0582        0.8754  3050654   17.27%
  22702    64        1.0218  1413        1.0582        0.8754  3114417   17.27%
  22717    84        0.9659  1068        1.0582        0.8754  3264966   17.27%
  22722    86        1.0219  1476        1.0582        0.8754  3294631   17.27%
  22730    73        0.8764  1591        1.0582        0.8754  3141837   17.27%
  22750    87        1.0221  1375        1.0582        0.8754  3298321   17.27%
  22766    97        0.9752  1514        1.0582        0.8754  3349210   17.27%
  22775   127        1.0004  1209        1.0582        0.8754  3547988   17.27%
Elapsed time = 1801.20 sec. (304076.12 ticks, tree = 4.10 MB, solutions = 266)
  22803   109        1.0040  1447        1.0582        0.8754  3436370   17.27%
  22832   132        1.0013  1129        1.0582        0.8754  3552549   17.27%
  22856   135        cutoff              1.0582        0.8754  3602446   17.27%
  22882   175        1.0239  1080        1.0582        0.8754  3737624   17.27%
  22908   192        1.0273  1442        1.0582        0.8754  3846480   17.27%
  22934   179        1.0045  1341        1.0582        0.8754  3762897   17.27%
  22967   212        1.0353  1066        1.0582        0.8754  3940215   17.27%
  23001   216        1.0145  1339        1.0582        0.8754  3961695   17.27%
  23048   224        1.0396   992        1.0582        0.8754  3944255   17.27%
  23196   258        cutoff              1.0582        0.8754  4091625   17.27%
Elapsed time = 1885.33 sec. (316913.73 ticks, tree = 4.69 MB, solutions = 266)
  23350   347        1.0529   868        1.0582        0.8754  4285974   17.27%
  23533   428        0.9971   827        1.0582        0.8754  4432705   17.27%
  23791   443        1.0313  1044        1.0582        0.8754  4492636   17.27%
* 23845+  438                            1.0566        0.8754            17.14%
  24128   686        0.9490   801        1.0566        0.8754  4808942   17.14%
* 24374+  697                            1.0538        0.8754            16.93%
  24386   753        0.9975  1114        1.0538        0.8754  4943864   16.93%
* 24609+  875                            1.0535        0.8754            16.90%
  24734  1010        1.0272   720        1.0535        0.8754  5150992   16.90%
  25073  1130        0.9317   587        1.0535        0.8754  5227897   16.90%
* 25370+ 1177                            1.0506        0.8754            16.68%
  25522  1261        0.9774  1073        1.0506        0.8754  5445351   16.68%
  25962  1287        0.9909   932        1.0506        0.8754  5450559   16.68%
  26391  1828        1.0223   779        1.0506        0.8754  5807001   16.68%
Elapsed time = 2271.82 sec. (355249.91 ticks, tree = 215.77 MB, solutions = 271)
* 26502+ 1494                            1.0501        0.8754            16.64%
* 26853+ 1743                            1.0501        0.8754            16.63%
  26927  1834        0.9187   882        1.0501        0.8754  5802663   16.63%
  27529  2472        0.8799  1366        1.0501        0.8754  6106101   16.63%
* 27970+ 2249                            1.0465        0.8754            16.34%
  28233  2873        0.9902   959        1.0465        0.8754  6221852   16.34%
  28638  3242        1.0086   910        1.0465        0.8754  6420588   16.34%
* 28841+ 3248                            1.0459        0.8754            16.30%
  29042  3739    infeasible              1.0459        0.8754  6667420   16.30%
* 29067+ 3432                            1.0453        0.8754            16.25%
  29470  3877        0.9730  1010        1.0453        0.8754  6752581   16.25%
* 29848+ 3942                            1.0447        0.8754            16.20%
  30158  3811        0.8778  1437        1.0447        0.8754  6723050   16.20%
  30546  4597        0.9938   991        1.0447        0.8754  7078366   16.20%
  31171  4734        0.8834  1224        1.0447        0.8754  7174454   16.20%
  32051  4972        0.9397   634        1.0447        0.8754  7279151   16.20%
Elapsed time = 2624.69 sec. (393426.49 ticks, tree = 870.19 MB, solutions = 280)
* 32137+ 4995                            1.0447        0.8754            16.20%
* 32309+ 6201                            1.0441        0.8754            16.15%
  32594  5508        0.8897  1398        1.0441        0.8754  7487159   16.15%
  33148  6898        0.9412   641        1.0441        0.8754  7964512   16.15%
  33862  6952        0.8903  1084        1.0441        0.8754  7988563   16.15%
  34622  7444        0.9998   848        1.0441        0.8754  8150511   16.15%
  35303  8345        0.8903  1201        1.0441        0.8754  8536261   16.15%
  36318  8220        0.8952  1151        1.0441        0.8754  8493195   16.15%
  37285  9176        0.9371   904        1.0441        0.8754  8831902   16.15%
  38443 10424        1.0343    61        1.0441        0.8754  9213042   16.15%
  39228 10742        0.9987   895        1.0441        0.8754  9296672   16.15%
  40281 12195        0.9506  1242        1.0441        0.8754  9790355   16.15%
Elapsed time = 2994.70 sec. (431608.38 ticks, tree = 2457.86 MB, solutions = 282)
Nodefile size = 403.57 MB (345.63 MB after compression)
  41546 12224        0.9477   933        1.0441        0.8754  9800462   16.15%
  43020 12824        0.8859  1174        1.0441        0.8755  9999039   16.15%
  44622 14806        0.9600  1093        1.0441        0.8755 10452307   16.15%
  46156 16012        0.9810   586        1.0441        0.8755 10746467   16.15%
  47985 17607        0.8807  1133        1.0441        0.8755 11128441   16.15%
  49524 17841        1.0058   774        1.0441        0.8755 11182291   16.15%
  50611 19615        0.9590   951        1.0441        0.8755 11623976   16.15%
  52122 20725        0.9977   235        1.0441        0.8791 11885294   15.80%
  54503 22032        1.0146    26        1.0441        0.8794 12200936   15.77%
  56481 22805        0.9723  1123        1.0441        0.8799 12340511   15.73%
Elapsed time = 3364.87 sec. (469768.56 ticks, tree = 4835.48 MB, solutions = 282)
Nodefile size = 2775.55 MB (2393.28 MB after compression)
  58641 24303        0.9269   691        1.0441        0.8804 12588716   15.68%
* 59381+24631                            1.0390        0.8804            15.27%
  60836 26407        1.0089   219        1.0390        0.8810 13018039   15.21%
* 61407+26638                            1.0355        0.8810            14.92%
* 61430+26638                            1.0342        0.8810            14.82%
* 61455+26638                            1.0336        0.8810            14.76%
* 61466+26638                            1.0266        0.8810            14.18%
* 61481+26638                            1.0243        0.8810            13.99%
  62721 23145        0.9007  1322        1.0243        0.8811 13410798   13.98%
* 64686+23509                            1.0218        0.8816            13.72%
  64692 24072        cutoff              1.0218        0.8816 13661134   13.72%
  66373 25203        0.9618   854        1.0218        0.8821 13957230   13.67%
  68201 26919        cutoff              1.0218        0.8827 14591306   13.61%
  70106 27737        cutoff              1.0218        0.8833 14782796   13.56%
  71690 29897        1.0101   608        1.0218        0.8835 15356802   13.54%
  73237 29856        0.9708   907        1.0218        0.8837 15335091   13.51%
* 73575+31580                            1.0217        0.8837            13.50%
* 73687+31680                            1.0216        0.8839            13.48%
* 73800+31680                            1.0062        0.8840            12.14%
* 73930+31680                            1.0060        0.8840            12.13%
* 73993+31680                            1.0059        0.8840            12.12%
  74022 32131        1.0184   475        1.0059        0.8840 15936253   12.12%
Elapsed time = 3721.43 sec. (507931.38 ticks, tree = 7096.57 MB, solutions = 290)
Nodefile size = 5035.38 MB (4380.01 MB after compression)
* 74049+31680                            1.0052        0.8840            12.06%
* 74656+31680                            1.0047        0.8840            12.01%
  74742 32573        0.9933   957        1.0047        0.8840 16080659   12.01%
  75739 33400        1.0202   241        1.0047        0.8840 16308916   12.01%
  76849 30966        cutoff              1.0047        0.8840 16430957   12.01%
  78341 28258        0.9464  1132        1.0047        0.8840 16636559   12.01%
  79873 29403        0.9928   819        1.0047        0.8850 16981757   11.91%
* 80359+29751                            1.0043        0.8852            11.86%
* 81072+29647                            1.0040        0.8853            11.82%
* 81348+29443                            1.0024        0.8854            11.67%
  81549 29169        0.9538   985        1.0024        0.8854 16922693   11.67%
  82498 29840        cutoff              1.0024        0.8857 17363788   11.64%
* 82979+30849                            1.0022        0.8858            11.61%
* 83192+31242                            0.9994        0.8858            11.37%
  83194 31242        cutoff              0.9994        0.8858 17788168   11.37%
* 83417+30378                            0.9988        0.8858            11.32%
  83774 30340        cutoff              0.9988        0.8858 17888371   11.32%
  84522 30819        0.9845   608        0.9988        0.8858 18084895   11.31%
Elapsed time = 3991.89 sec. (546098.51 ticks, tree = 6629.00 MB, solutions = 354)
Nodefile size = 4567.32 MB (4002.90 MB after compression)
* 85093+30825                            0.9987        0.8864            11.24%
  85446 31103        0.9913   684        0.9987        0.8864 18200976   11.24%
* 85542+30774                            0.9985        0.8864            11.23%
  86125 31135        0.9535   728        0.9985        0.8864 18208778   11.23%
* 86620+32113                            0.9984        0.8865            11.21%
  86943 32156        0.9810   489        0.9984        0.8865 18515310   11.21%
  88004 31906        0.9975  1501        0.9984        0.8867 18453772   11.19%
  89285 33943        0.9598   855        0.9984        0.8868 19092957   11.17%
  91105 33356        0.9298   909        0.9984        0.8868 18898642   11.17%
  92824 34777        cutoff              0.9984        0.8871 19339506   11.14%
  94275 34847        0.9868   836        0.9984        0.8897 19371456   10.88%
  95465 36861        0.9975   603        0.9984        0.8902 19911064   10.83%
  96608 38595        0.9873   923        0.9984        0.8902 20454506   10.83%
Elapsed time = 4304.56 sec. (584280.82 ticks, tree = 8384.55 MB, solutions = 360)
Nodefile size = 6321.15 MB (5550.80 MB after compression)
* 97494+38539                            0.9979        0.8902            10.79%
  97905 39301        0.9757   928        0.9979        0.8908 20696236   10.73%
* 98366+39456                            0.9978        0.8908            10.72%
  99786 39420        0.9157   837        0.9978        0.8917 20746742   10.63%
*100455+40494                            0.9975        0.8917            10.61%
*101025+40416                            0.9969        0.8918            10.54%
 101432 40213        0.9447   485        0.9969        0.8919 21035221   10.53%
*101804+39808                            0.9962        0.8919            10.47%
*102100+40166                            0.9960        0.8919            10.45%
*102981+40824                            0.9955        0.8919            10.41%
 103000 40935        0.9557   713        0.9955        0.8919 21439215   10.41%
 104476 42115        0.9885   533        0.9955        0.8919 21857297   10.41%
*105240+42534                            0.9944        0.8919            10.30%
*105742+41762                            0.9938        0.8919            10.25%
 105774 42567        0.9723   994        0.9938        0.8919 22197873   10.25%
*105865+42270                            0.9937        0.8919            10.24%
*105920+42227                            0.9930        0.8919            10.18%
*106466+42182                            0.9897        0.8919             9.88%
*106671+40028                            0.9893        0.8919             9.84%
*106748+40159                            0.9893        0.8919             9.84%
 107008 42789        0.9548   836        0.9893        0.8919 22044417    9.84%
*108264+40240                            0.9866        0.8920             9.60%
 108393 40648        0.9825   353        0.9866        0.8920 22630828    9.60%
 109493 40306        0.9787   458        0.9866        0.8933 22499423    9.46%
*110673+39083                            0.9865        0.8933             9.45%
 110700 40001        0.9566   931        0.9865        0.8933 22994647    9.45%
Elapsed time = 4610.05 sec. (622461.00 ticks, tree = 8673.94 MB, solutions = 406)
Nodefile size = 6604.39 MB (5812.31 MB after compression)
*110955+40271                            0.9864        0.8933             9.43%
 111463 40085        0.9743   554        0.9864        0.8938 23041205    9.38%
*111883+39054                            0.9860        0.8938             9.35%
*111921+39054                            0.9859        0.8938             9.34%
*111946+39052                            0.9853        0.8938             9.28%
*112068+40714                            0.9852        0.8938             9.28%
 112439 40735        0.9519   922        0.9852        0.8938 23339131    9.28%
*112794+41091                            0.9849        0.8938             9.25%
 113529 40751        0.9746   939        0.9849        0.8946 23682618    9.17%
*113750+40966                            0.9845        0.8946             9.13%
*114160+41041                            0.9842        0.8946             9.11%
*114642+41351                            0.9835        0.8950             8.99%
 114665 41260        cutoff              0.9835        0.8950 23856300    8.99%
*115576+41211                            0.9828        0.8950             8.93%
 115967 40792        0.9698   491        0.9828        0.8953 24180407    8.90%
 117386 41575        0.9781   543        0.9828        0.8953 24421086    8.90%
*117510+40916                            0.9822        0.8953             8.85%
*117719+41401                            0.9820        0.8955             8.81%
 118753 41622        0.9827   481        0.9820        0.8955 24435002    8.80%
 119960 41393        cutoff              0.9820        0.8957 24541169    8.79%
*120491+41454                            0.9819        0.8957             8.78%
*120686+41583                            0.9817        0.8961             8.72%
 121204 43200        0.9798  1026        0.9817        0.8962 25051521    8.71%
 122743 43497        0.9453   551        0.9817        0.8962 25188111    8.71%
Elapsed time = 4865.25 sec. (660653.51 ticks, tree = 9446.16 MB, solutions = 442)
Nodefile size = 7371.34 MB (6496.08 MB after compression)
 123927 44951        0.9704   619        0.9817        0.8962 25574176    8.71%
 125446 45041        0.9547   815        0.9817        0.8971 25602883    8.62%
 126919 46291        0.9814   617        0.9817        0.8972 25969749    8.61%
 128561 47036        0.9725   731        0.9817        0.8975 26176467    8.58%
 130072 47999        0.9575   623        0.9817        0.8983 26430547    8.49%
*131160+48358                            0.9816        0.8985             8.47%
 131850 48774        cutoff              0.9816        0.8986 26677293    8.45%
*132541+50226                            0.9812        0.8986             8.41%
 133465 49675        cutoff              0.9812        0.8988 26948157    8.39%
 134896 51377        0.9719   206        0.9812        0.8993 27533069    8.34%
 136458 51867        0.9811   589        0.9812        0.8995 27673771    8.33%
 137928 51971        0.9794   630        0.9812        0.9000 27702010    8.27%
Elapsed time = 5131.19 sec. (698826.31 ticks, tree = 11365.43 MB, solutions = 447)
Nodefile size = 9282.32 MB (8183.14 MB after compression)
 139342 52358        0.9242   849        0.9812        0.9011 27806464    8.16%
 140882 54454        0.9591   483        0.9812        0.9015 28445716    8.11%
 142677 54784        0.9776   661        0.9812        0.9020 28557466    8.07%
 144781 55259        0.9585   910        0.9812        0.9024 28656760    8.03%
 147219 55589        0.9643   451        0.9812        0.9027 28803862    8.00%
 149322 58972        0.9635  1000        0.9812        0.9032 29765113    7.95%
 151482 59021        0.9258   734        0.9812        0.9033 29777300    7.94%
 154175 61282        0.9428   666        0.9812        0.9036 30402796    7.90%
 156500 63600        0.9578   393        0.9812        0.9039 31033076    7.88%
 158871 63407        0.9563   861        0.9812        0.9041 30981207    7.85%
Elapsed time = 5462.78 sec. (736992.28 ticks, tree = 13955.32 MB, solutions = 447)
Nodefile size = 11863.80 MB (10452.92 MB after compression)
 160912 63787        0.9580   541        0.9812        0.9045 31060757    7.81%
 162430 68315        0.9580   416        0.9812        0.9047 32257519    7.80%
 164173 67724        cutoff              0.9812        0.9047 32118135    7.79%
 165621 68965        0.9685   372        0.9812        0.9049 32430192    7.77%
 167664 71331        cutoff              0.9812        0.9051 32965538    7.75%
 170009 71613        0.9409   810        0.9812        0.9056 33067780    7.70%
 172681 73789        0.9204   711        0.9812        0.9056 33656201    7.70%
 175158 73870        0.9559   608        0.9812        0.9056 33669997    7.70%
 177798 73531        0.9640   505        0.9812        0.9067 33575967    7.59%
 180497 76988        0.9367   550        0.9812        0.9070 34487552    7.56%
Elapsed time = 5791.39 sec. (775171.89 ticks, tree = 17036.61 MB, solutions = 447)
Nodefile size = 14953.92 MB (13171.79 MB after compression)
 182793 76725        0.9810   524        0.9812        0.9072 34380689    7.54%
 184772 80410        0.9757   274        0.9812        0.9072 35298432    7.54%
 186357 82305        0.9467   824        0.9812        0.9077 35741293    7.49%
 187949 81321        0.9489   433        0.9812        0.9079 35495966    7.47%
 189925 84485        0.9686   417        0.9812        0.9083 36353995    7.43%
 192544 85910        0.9494   705        0.9812        0.9085 36713900    7.41%
 195219 86531        0.9485   696        0.9812        0.9086 36902426    7.39%
 197803 90127        0.9397   768        0.9812        0.9090 37796808    7.36%
 199988 91951        0.9691   444        0.9812        0.9092 38232547    7.33%
 201850 89714        0.9445   868        0.9812        0.9094 37699756    7.31%
Elapsed time = 6091.22 sec. (813342.24 ticks, tree = 19952.90 MB, solutions = 447)
Nodefile size = 17858.98 MB (15719.79 MB after compression)
 203863 92808        0.9357   665        0.9812        0.9097 38459606    7.29%
 206186 93502        0.9462   866        0.9812        0.9098 38639312    7.27%
 208818 95060        0.9592   788        0.9812        0.9101 38974904    7.25%
 211381 95191        0.9144   866        0.9812        0.9105 39016658    7.20%
 214130 96664        0.9757   744        0.9812        0.9107 39372581    7.18%
 216899 97604        0.9744   412        0.9812        0.9109 39604463    7.16%
 219914 100671        0.9377   604        0.9812        0.9113 40362067    7.13%
 222654 103760        0.9372   663        0.9812        0.9114 41106895    7.11%
 225543 104393        0.9800   185        0.9812        0.9117 41253033    7.08%
 228102 108805        0.9626   843        0.9812        0.9119 42320489    7.06%
Elapsed time = 6425.70 sec. (851504.93 ticks, tree = 24405.31 MB, solutions = 447)
Nodefile size = 22326.23 MB (19638.95 MB after compression)
 230795 106706        0.9439   717        0.9812        0.9120 41821186    7.05%
 233572 110734        cutoff              0.9812        0.9123 42779783    7.02%
 235717 111032        0.9701   556        0.9812        0.9125 42865042    6.99%
 237815 113480        0.9232   838        0.9812        0.9128 43492903    6.97%
 239764 114681        cutoff              0.9812        0.9130 43813183    6.94%
 241866 117328        0.9314   720        0.9812        0.9131 44430217    6.94%
 243965 117940        cutoff              0.9812        0.9134 44575734    6.91%
 245654 120936        0.9502   497        0.9812        0.9136 45296937    6.89%
 247464 120422        cutoff              0.9812        0.9139 45171247    6.85%
 249957 122151        0.9183   847        0.9812        0.9142 45598051    6.83%
Elapsed time = 6685.23 sec. (889660.31 ticks, tree = 27524.49 MB, solutions = 447)
Nodefile size = 25436.99 MB (22368.87 MB after compression)
 253068 121666        cutoff              0.9812        0.9143 45488549    6.82%
 255973 123984        cutoff              0.9812        0.9144 46033944    6.80%
 259260 124423        0.9678   447        0.9812        0.9146 46128112    6.79%
 262713 126018        0.9564   517        0.9812        0.9147 46523428    6.77%
 266029 131291        0.9607   591        0.9812        0.9149 47712177    6.75%
 269484 129381        0.9527   620        0.9812        0.9151 47272252    6.73%
 272897 135364        0.9212   614        0.9812        0.9152 48552513    6.72%
 275912 138160        0.9657   730        0.9812        0.9154 49138635    6.70%
 278517 136733        0.9621   581        0.9812        0.9155 48852215    6.69%
 280630 140477        0.9483   620        0.9812        0.9158 49702930    6.66%
Elapsed time = 6986.52 sec. (927826.48 ticks, tree = 31803.24 MB, solutions = 447)
Nodefile size = 29719.01 MB (26124.62 MB after compression)
 282738 140113        0.9556   389        0.9812        0.9159 49603419    6.65%
 284882 143539        0.9802   388        0.9812        0.9161 50421208    6.63%
 287387 144727        0.9255   716        0.9812        0.9164 50718567    6.60%
 290161 145592        0.9591   510        0.9812        0.9166 50920784    6.58%
 293116 148524        0.9305   568        0.9812        0.9169 51652882    6.55%
 296422 149975        cutoff              0.9812        0.9171 52004446    6.53%
 299759 149759        0.9506   794        0.9812        0.9172 51949362    6.52%
 303189 150508        0.9680   293        0.9812        0.9173 52094721    6.51%
 306065 153593        0.9287   458        0.9812        0.9175 52771170    6.49%
 308709 155006        0.9571   786        0.9812        0.9176 53117154    6.48%
Elapsed time = 7299.88 sec. (965989.29 ticks, tree = 35194.07 MB, solutions = 447)
Nodefile size = 33107.49 MB (29092.01 MB after compression)
 310789 156296        cutoff              0.9812        0.9178 53375857    6.46%
 313112 160935        0.9681   663        0.9812        0.9179 54426434    6.44%
 316168 162197        0.9272   749        0.9812        0.9181 54739156    6.43%
 318766 163656        0.9581   548        0.9812        0.9182 55058381    6.41%
 321641 164892        0.9676   659        0.9812        0.9185 55313472    6.39%
 323859 167629        0.9711   755        0.9812        0.9186 55872356    6.38%
 326458 168699        0.9543   568        0.9812        0.9187 56119950    6.37%
 329056 169323        0.9649   732        0.9812        0.9188 56258685    6.35%
 332136 168993        0.9765   782        0.9812        0.9190 56194223    6.34%
 335788 173762        0.9809   456        0.9812        0.9191 57241988    6.32%
Elapsed time = 7583.82 sec. (1004151.66 ticks, tree = 39531.00 MB, solutions = 447)
Nodefile size = 37450.84 MB (32891.10 MB after compression)
 339502 173137        0.9670   502        0.9812        0.9193 57106410    6.31%
 343245 177269        cutoff              0.9812        0.9194 57997283    6.30%
 347383 179709        cutoff              0.9812        0.9195 58460274    6.29%
 351355 181709        cutoff              0.9812        0.9196 58853338    6.27%
 355036 182118        0.9446   506        0.9812        0.9197 58931382    6.26%
 358660 185059        0.9286   729        0.9812        0.9199 59460621    6.25%
 362110 188667        0.9618   604        0.9812        0.9200 60163952    6.23%
 364796 187905        0.9396   539        0.9812        0.9202 59993800    6.22%
 366756 193178        0.9301   523        0.9812        0.9203 61028896    6.21%
 368644 195125        0.9580   264        0.9812        0.9204 61389073    6.19%
Elapsed time = 7869.59 sec. (1042309.04 ticks, tree = 44378.50 MB, solutions = 447)
Nodefile size = 42302.85 MB (37132.45 MB after compression)
 370506 196096        0.9353   653        0.9812        0.9206 61612871    6.17%
 373085 195220        0.9534   592        0.9812        0.9207 61405911    6.16%
 376901 196735        0.9512   469        0.9812        0.9209 61717802    6.14%
 380493 200801        0.9770   556        0.9812        0.9210 62499888    6.13%
 383977 200573    infeasible              0.9812        0.9212 62451480    6.11%
 387705 201644        0.9325   680        0.9812        0.9213 62698153    6.10%
 391616 204131        0.9598   647        0.9812        0.9214 63164034    6.09%
 395333 206111        0.9625   575        0.9812        0.9215 63563739    6.08%
 399506 212570        0.9714   467        0.9812        0.9216 64689115    6.07%
 403197 211264        0.9388   606        0.9812        0.9216 64460703    6.07%
Elapsed time = 8169.95 sec. (1080465.60 ticks, tree = 48034.24 MB, solutions = 447)
Nodefile size = 45935.00 MB (40305.04 MB after compression)
 406217 217173        0.9472   545        0.9812        0.9218 65562471    6.05%
 408531 216554        0.9525   576        0.9812        0.9219 65417274    6.04%
 410836 218685        cutoff              0.9812        0.9220 65828561    6.03%
 412821 219941        0.9467   686        0.9812        0.9222 66109575    6.01%
 415470 220987        0.9477   625        0.9812        0.9222 66259904    6.01%
 418672 222342        cutoff              0.9812        0.9224 66538056    5.99%
 422595 227046        0.9660   507        0.9812        0.9224 67378093    5.99%
 426154 225488    infeasible              0.9812        0.9226 67104458    5.97%
 428783 227460        0.9434   496        0.9812        0.9226 67431477    5.97%
 429726 229137        0.9811   304        0.9812        0.9226 67729334    5.97%
Elapsed time = 8408.96 sec. (1118626.05 ticks, tree = 52086.03 MB, solutions = 447)
Nodefile size = 49974.71 MB (43823.37 MB after compression)
 429756 233973        0.9305  1093        0.9812        0.9305 68836651    5.17%
 429757 233973        0.9305  1131        0.9812        0.9305 68846216    5.17%
 429760 233973        0.9305  1123        0.9812        0.9305 68849267    5.17%
 429765 133702        0.9308   936        0.9812        0.9305 68866079    5.17%
 429772 85092        0.9467   875        0.9812        0.9305 68888396    5.17%
 429788  3848        0.9312   891        0.9812        0.9305 68882508    5.17%
 429822    92        0.9412   632        0.9812        0.9305 68987135    5.17%
 429848    20        0.9336   787        0.9812        0.9305 68910809    5.17%
 429906    76        cutoff              0.9812        0.9305 69188661    5.17%
 429978   102        0.9684   470        0.9812        0.9305 69388656    5.17%
Elapsed time = 9210.18 sec. (1438043.19 ticks, tree = 2.49 MB, solutions = 447)
 430124   102        0.9397   746        0.9812        0.9305 69417612    5.17%
 430349   175        0.9654   555        0.9812        0.9305 69738702    5.17%
 430632   341        0.9683   388        0.9812        0.9305 70018487    5.17%
 431001   408        cutoff              0.9812        0.9305 70095816    5.17%
 431397   607        0.9736   402        0.9812        0.9305 70363384    5.17%
 431752   605        0.9645   683        0.9812        0.9305 70374943    5.17%
 432013   824        0.9530   406        0.9812        0.9305 70547578    5.17%
 432332  1045        0.9557   372        0.9812        0.9305 70749254    5.16%
 432775  1090        0.9770   470        0.9812        0.9305 70880090    5.16%
 433446  1283        0.9400   634        0.9812        0.9308 71083003    5.14%
Elapsed time = 9523.30 sec. (1476287.63 ticks, tree = 56.24 MB, solutions = 447)
 433895  1754        0.9332   892        0.9812        0.9308 71334157    5.14%
 434491  2028        0.9586   443        0.9812        0.9308 71517120    5.13%
 435074  2337        cutoff              0.9812        0.9308 71703597    5.13%
 435662  2559        0.9611   343        0.9812        0.9309 71830837    5.13%
 436219  2937        0.9801   331        0.9812        0.9309 72053927    5.12%
 436856  3484        0.9633   390        0.9812        0.9309 72326810    5.12%
 437455  3756        0.9349   726        0.9812        0.9309 72446044    5.12%
 438204  3774        0.9690   368        0.9812        0.9327 72457908    4.94%
 439209  4645        0.9795   279        0.9812        0.9327 72779745    4.94%
 440244  5095        0.9761   305        0.9812        0.9329 72918278    4.92%
Elapsed time = 9780.75 sec. (1514468.51 ticks, tree = 778.49 MB, solutions = 447)
 441348  5932        0.9726   184        0.9812        0.9337 73171928    4.84%
 442544  6572        0.9421   618        0.9812        0.9345 73345382    4.76%
 443673  7459        0.9770   304        0.9812        0.9353 73596599    4.67%
 444722  8428        0.9731   325        0.9812        0.9353 73899938    4.67%
 445979  9232        cutoff              0.9812        0.9355 74124296    4.65%
 447153 10141        0.9759   329        0.9812        0.9367 74416013    4.53%
 448578 10419        0.9669   278        0.9812        0.9377 74491549    4.43%
 449747 11388        0.9668   337        0.9812        0.9384 74763089    4.36%
 451003 12290        0.9442   461        0.9812        0.9390 75021903    4.30%
 452087 13024        0.9537   455        0.9812        0.9401 75250141    4.19%
Elapsed time = 10034.04 sec. (1552652.01 ticks, tree = 2463.56 MB, solutions = 447)
Nodefile size = 406.41 MB (325.00 MB after compression)
 453331 13610        cutoff              0.9812        0.9401 75467697    4.18%
 454740 14286        0.9774   379        0.9812        0.9411 75691746    4.08%
 456104 14985        0.9626   297        0.9812        0.9418 75851237    4.01%
 457427 15620        0.9624   381        0.9812        0.9418 76060366    4.01%
 458906 16696        0.9466   382        0.9812        0.9422 76379883    3.98%
 460314 17224        0.9654   398        0.9812        0.9426 76502623    3.93%
 461880 18915        0.9459   365        0.9812        0.9429 76983782    3.90%
 463193 18516        0.9653   362        0.9812        0.9431 76861789    3.88%
 464555 20545        0.9525   362        0.9812        0.9431 77379361    3.87%
 465930 20951        cutoff              0.9812        0.9433 77493298    3.86%
Elapsed time = 10279.18 sec. (1590819.01 ticks, tree = 4169.31 MB, solutions = 447)
Nodefile size = 2100.95 MB (1683.19 MB after compression)
 467307 22155        0.9713   337        0.9812        0.9439 77794501    3.80%
 468565 22579        cutoff              0.9812        0.9441 77930484    3.78%
 469907 23359        cutoff              0.9812        0.9443 78152074    3.76%
 471474 23874        0.9797   307        0.9812        0.9443 78300765    3.76%
 473027 25122        0.9471   387        0.9812        0.9443 78657642    3.75%
 474459 26123        0.9495   291        0.9812        0.9445 78897114    3.73%
 476109 27293        cutoff              0.9812        0.9446 79236904    3.72%
 477769 27228        0.9595   400        0.9812        0.9449 79235173    3.69%
 479233 29169        0.9525   409        0.9812        0.9449 79714683    3.69%
 480776 30222        0.9716   344        0.9812        0.9452 80000033    3.66%
Elapsed time = 10536.16 sec. (1629006.09 ticks, tree = 6172.15 MB, solutions = 447)
Nodefile size = 4110.64 MB (3297.80 MB after compression)
 482162 30026        0.9484   361        0.9812        0.9453 79944674    3.66%
 483494 31738        0.9707   329        0.9812        0.9453 80388874    3.65%
 484526 31914        0.9807   206        0.9812        0.9455 80432181    3.63%
 486190 32343        0.9750   263        0.9812        0.9458 80605979    3.61%
 487719 34216        0.9811   385        0.9812        0.9459 81087009    3.60%
 489558 35126        0.9651   298        0.9812        0.9460 81314333    3.58%
 491230 35539        0.9599   388        0.9812        0.9461 81416008    3.57%
 492930 37249        0.9798   241        0.9812        0.9462 81837809    3.57%
 494994 36933        0.9811   203        0.9812        0.9464 81740148    3.55%
 496729 38649        cutoff              0.9812        0.9465 82164959    3.54%
Elapsed time = 10798.59 sec. (1667183.52 ticks, tree = 8000.32 MB, solutions = 447)
Nodefile size = 5932.64 MB (4760.30 MB after compression)
 498377 40367        0.9764   256        0.9812        0.9466 82558727    3.52%
 500042 40884        0.9811   161        0.9812        0.9467 82695149    3.51%
 501903 41666        0.9796   203        0.9812        0.9468 82910840    3.50%
 503421 42826        0.9600   291        0.9812        0.9469 83237297    3.49%
 504670 43471        0.9511   418        0.9812        0.9471 83373446    3.48%
 506415 43831        0.9714   333        0.9812        0.9471 83474132    3.47%
 508207 44840        cutoff              0.9812        0.9473 83694767    3.46%
 510049 46750        0.9751   277        0.9812        0.9473 84145900    3.45%
 511945 46561        cutoff              0.9812        0.9474 84099438    3.44%
 514001 49094        0.9769   243        0.9812        0.9475 84685847    3.43%
Elapsed time = 11044.03 sec. (1705364.69 ticks, tree = 10264.19 MB, solutions = 447)
Nodefile size = 8195.54 MB (6576.19 MB after compression)
 516058 49138        0.9610   218        0.9812        0.9477 84695952    3.42%
 518095 50897        0.9792   248        0.9812        0.9478 85076681    3.41%
 520195 51115        0.9578   263        0.9812        0.9479 85130851    3.39%
 522134 52145        0.9767   254        0.9812        0.9480 85357577    3.38%
 524193 53109        0.9636   434        0.9812        0.9481 85564030    3.37%
 526288 54808        0.9703   241        0.9812        0.9482 85950900    3.36%
 528293 56920        0.9561   393        0.9812        0.9483 86402685    3.35%
 529800 57955        cutoff              0.9812        0.9484 86634001    3.34%
 531692 57753        cutoff              0.9812        0.9485 86588267    3.32%
 533795 59415        0.9627   408        0.9812        0.9487 86971823    3.31%
Elapsed time = 11289.56 sec. (1743527.23 ticks, tree = 12505.01 MB, solutions = 447)
Nodefile size = 10433.94 MB (8371.36 MB after compression)
 535966 60190        0.9728   199        0.9812        0.9488 87127015    3.30%
 538265 62061        0.9756   244        0.9812        0.9489 87511484    3.29%
 540353 61534        0.9784   204        0.9812        0.9490 87394503    3.28%
 542398 64886        0.9761   306        0.9812        0.9492 88057683    3.26%
 544762 64001        0.9763   273        0.9812        0.9493 87904754    3.25%
 547278 66283        0.9514   419        0.9812        0.9494 88343227    3.23%
 549679 68543        0.9773   331        0.9812        0.9495 88755949    3.22%
 552252 70202        0.9698   258        0.9812        0.9497 89035871    3.21%
 554723 69840        0.9610   320        0.9812        0.9498 88983892    3.20%
 557124 72739        0.9790   290        0.9812        0.9500 89478857    3.18%
Elapsed time = 11526.70 sec. (1781700.63 ticks, tree = 15403.33 MB, solutions = 447)
Nodefile size = 13326.37 MB (10691.97 MB after compression)
 559523 74377        0.9753   339        0.9812        0.9501 89751086    3.17%
 561965 75433        0.9595   257        0.9812        0.9502 89927605    3.15%
 564136 75453        0.9746   264        0.9812        0.9504 89934134    3.14%
 566465 77794        0.9773   280        0.9812        0.9505 90360164    3.13%
 568247 77969        0.9673   282        0.9812        0.9506 90391575    3.11%
 569898 79408        0.9789   350        0.9812        0.9507 90650388    3.10%
 571847 80862        0.9668   326        0.9812        0.9507 90887595    3.10%
 574053 81578        0.9537   315        0.9812        0.9507 91031929    3.10%
 576178 84408        0.9810   277        0.9812        0.9510 91545892    3.07%
 578183 84355        0.9715   216        0.9812        0.9511 91538115    3.06%
Elapsed time = 11768.79 sec. (1819870.32 ticks, tree = 17928.93 MB, solutions = 447)
Nodefile size = 15842.18 MB (12713.39 MB after compression)
 580111 86689        0.9637   406        0.9812        0.9512 91985493    3.05%
 582111 85692        0.9585   266        0.9812        0.9513 91796331    3.05%
 583995 88708        0.9555   306        0.9812        0.9513 92424561    3.05%
 585900 88777        0.9657   289        0.9812        0.9515 92431453    3.02%
 587977 91074        cutoff              0.9812        0.9516 92888658    3.02%
 589958 91778        0.9691   253        0.9812        0.9516 93040298    3.01%
 591930 91802        0.9727   186        0.9812        0.9516 93033488    3.01%
 594285 92672        0.9569   277        0.9812        0.9517 93212753    3.00%
 596961 95376        0.9777   371        0.9812        0.9518 93772562    2.99%
 599431 94796        0.9779   287        0.9812        0.9519 93642455    2.99%
Elapsed time = 12015.89 sec. (1858036.75 ticks, tree = 20196.04 MB, solutions = 447)
Nodefile size = 18092.49 MB (14521.59 MB after compression)
 601564 97169        0.9669   361        0.9812        0.9520 94066492    2.97%
 603634 99049        0.9788   196        0.9812        0.9521 94349349    2.97%
 605609 100799        0.9785   326        0.9812        0.9521 94621875    2.96%
 607957 100181        0.9537   485        0.9812        0.9522 94512363    2.95%
 610373 101612        0.9782   266        0.9812        0.9523 94761630    2.94%
 612763 105263        0.9794   161        0.9812        0.9524 95331570    2.93%
 615115 106022        0.9630   238        0.9812        0.9525 95438255    2.92%
 617461 105692        0.9633   283        0.9812        0.9526 95395095    2.91%
 619544 108743        0.9792   269        0.9812        0.9527 95916009    2.90%
 621651 109899        0.9644   317        0.9812        0.9528 96104918    2.89%
Elapsed time = 12247.17 sec. (1896197.44 ticks, tree = 23579.96 MB, solutions = 447)
Nodefile size = 21496.17 MB (17255.13 MB after compression)
 624155 110083        0.9628   241        0.9812        0.9529 96128712    2.88%
 626901 110773        0.9574   284        0.9812        0.9529 96307009    2.88%
 629624 112061        0.9726   351        0.9812        0.9530 96548173    2.87%
 632252 113813        cutoff              0.9812        0.9531 96808006    2.86%
 634779 114995    infeasible              0.9812        0.9532 96980346    2.85%
 637485 115927        0.9737   119        0.9812        0.9533 97116279    2.84%
 640192 118409        0.9745   274        0.9812        0.9534 97459153    2.83%
 642972 119819        0.9576   324        0.9812        0.9535 97667746    2.82%
 645484 121332        0.9760   184        0.9812        0.9536 97893274    2.81%
 648055 124014        0.9585   304        0.9812        0.9537 98266994    2.80%
Elapsed time = 12491.91 sec. (1934355.72 ticks, tree = 26741.19 MB, solutions = 447)
Nodefile size = 24658.64 MB (19795.77 MB after compression)
 651018 125364        0.9546   304        0.9812        0.9538 98442315    2.79%
 653752 127932        0.9666   235        0.9812        0.9538 98838703    2.79%
 656190 127149        0.9740   251        0.9812        0.9539 98738631    2.78%
*656197+128545                            0.9810        0.9539             2.76%
 658774 129413        0.9658   239        0.9810        0.9540 99037871    2.75%
 661093 133090        0.9739   320        0.9810        0.9541 99545487    2.74%
 663423 133509        0.9654   244        0.9810        0.9542 99592935    2.73%
 666285 135095    infeasible              0.9810        0.9542 99805927    2.73%
 668959 135570        cutoff              0.9810        0.9543 99884666    2.72%
 671745 137205        0.9727   301        0.9810        0.9544 1.00e+08    2.71%
 674614 138728        0.9710   272        0.9810        0.9545 1.00e+08    2.70%
Elapsed time = 12727.95 sec. (1972522.11 ticks, tree = 30047.21 MB, solutions = 448)
Nodefile size = 27960.36 MB (22447.08 MB after compression)
 677330 140135        0.9758   261        0.9810        0.9545 1.01e+08    2.70%
 680061 142778        0.9554   317        0.9810        0.9546 1.01e+08    2.69%
 682986 144303        0.9808   206        0.9810        0.9547 1.01e+08    2.68%
 686033 145144        0.9793   243        0.9810        0.9547 1.01e+08    2.67%
 689081 145075        0.9651   273        0.9810        0.9548 1.01e+08    2.67%
 692102 147682        cutoff              0.9810        0.9549 1.02e+08    2.66%
 695277 149596        0.9656   334        0.9810        0.9550 1.02e+08    2.65%
 698295 150045        0.9627   365        0.9810        0.9551 1.02e+08    2.64%
 701298 154473        cutoff              0.9810        0.9552 1.02e+08    2.63%
 704179 155167        0.9621   360        0.9810        0.9553 1.03e+08    2.62%
Elapsed time = 12978.10 sec. (2010680.20 ticks, tree = 33736.53 MB, solutions = 448)
Nodefile size = 31644.08 MB (25407.45 MB after compression)
 706954 157933        0.9630   250        0.9810        0.9553 1.03e+08    2.62%
 710043 160271        0.9747   315        0.9810        0.9554 1.03e+08    2.60%
 712942 161028        0.9729   251        0.9810        0.9555 1.03e+08    2.60%
 715739 162514        0.9766   214        0.9810        0.9556 1.04e+08    2.59%
 718360 162692        0.9664   364        0.9810        0.9556 1.04e+08    2.58%
 720816 165357        0.9598   299        0.9810        0.9557 1.04e+08    2.58%
 723324 167179    infeasible              0.9810        0.9558 1.04e+08    2.57%
 725996 167829        0.9805   205        0.9810        0.9559 1.04e+08    2.56%
 728313 169685        cutoff              0.9810        0.9559 1.04e+08    2.55%
 730831 171589        0.9651   479        0.9810        0.9560 1.05e+08    2.54%
Elapsed time = 13208.16 sec. (2048844.03 ticks, tree = 37421.48 MB, solutions = 448)
Nodefile size = 35344.51 MB (28380.10 MB after compression)
 733073 171388        0.9775   300        0.9810        0.9561 1.05e+08    2.54%
 735731 174708        0.9727   232        0.9810        0.9562 1.05e+08    2.53%
 737842 175885        0.9651   280        0.9810        0.9562 1.05e+08    2.53%
 740165 175860        0.9736   313        0.9810        0.9563 1.05e+08    2.52%
 742735 177563        0.9595   371        0.9810        0.9563 1.05e+08    2.52%
 745021 177789        0.9805   206        0.9810        0.9564 1.05e+08    2.51%
 747370 179959        0.9748   309        0.9810        0.9564 1.06e+08    2.51%
 749999 181791        0.9779   285        0.9810        0.9564 1.06e+08    2.50%
 752041 183035        0.9597   271        0.9810        0.9565 1.06e+08    2.50%
 754872 182770        0.9712   205        0.9810        0.9565 1.06e+08    2.49%
Elapsed time = 13424.34 sec. (2087006.77 ticks, tree = 39934.95 MB, solutions = 448)
Nodefile size = 37831.32 MB (30375.21 MB after compression)
 757393 184656        0.9640   269        0.9810        0.9566 1.06e+08    2.49%
 759882 187882        0.9684   255        0.9810        0.9566 1.07e+08    2.48%
 762333 189541        0.9767   249        0.9810        0.9567 1.07e+08    2.48%
 765010 189726        0.9672   303        0.9810        0.9567 1.07e+08    2.47%
 767361 190178        0.9793   189        0.9810        0.9567 1.07e+08    2.47%
 769756 192041        0.9769   165        0.9810        0.9568 1.07e+08    2.46%
 772187 194110        0.9708   461        0.9810        0.9569 1.07e+08    2.46%
 774638 195450        cutoff              0.9810        0.9569 1.07e+08    2.46%
 777327 195953        0.9576   312        0.9810        0.9569 1.08e+08    2.45%
 779755 199015        0.9765   215        0.9810        0.9570 1.08e+08    2.45%
Elapsed time = 13634.92 sec. (2125168.33 ticks, tree = 43587.26 MB, solutions = 448)
Nodefile size = 41505.05 MB (33323.49 MB after compression)
 782806 199468        0.9687   205        0.9810        0.9570 1.08e+08    2.44%
 785904 202190        0.9603   271        0.9810        0.9571 1.08e+08    2.44%
 788910 202463        0.9739   337        0.9810        0.9571 1.08e+08    2.44%
 791758 203447        0.9778   193        0.9810        0.9571 1.08e+08    2.43%
 794917 206408        0.9741   240        0.9810        0.9572 1.09e+08    2.43%
 798172 209154        0.9716   207        0.9810        0.9572 1.09e+08    2.42%
 801541 209864        0.9770   248        0.9810        0.9573 1.09e+08    2.42%
 804917 210056        0.9581   348        0.9810        0.9573 1.09e+08    2.41%
 808091 211187        0.9810   162        0.9810        0.9574 1.09e+08    2.41%
 810783 216544        0.9702   211        0.9810        0.9574 1.10e+08    2.40%
Elapsed time = 13881.54 sec. (2163328.70 ticks, tree = 47420.48 MB, solutions = 448)
Nodefile size = 45340.16 MB (36400.68 MB after compression)
 813218 216831        0.9700   220        0.9810        0.9575 1.10e+08    2.40%
 815817 217790        0.9804   178        0.9810        0.9575 1.10e+08    2.39%
 818802 220864        0.9620   542        0.9810        0.9576 1.10e+08    2.39%
 821902 220632        0.9673   228        0.9810        0.9576 1.10e+08    2.38%
 825147 223657        cutoff              0.9810        0.9576 1.11e+08    2.38%
 828209 223719        0.9616   299        0.9810        0.9577 1.11e+08    2.38%
 831540 228021    infeasible              0.9810        0.9577 1.11e+08    2.37%
 834453 230043        cutoff              0.9810        0.9578 1.12e+08    2.37%
 837628 231236        0.9715   182        0.9810        0.9578 1.12e+08    2.36%
 840864 230485        cutoff              0.9810        0.9578 1.12e+08    2.36%
Elapsed time = 14121.97 sec. (2201487.53 ticks, tree = 50461.31 MB, solutions = 448)
Nodefile size = 48365.69 MB (38827.35 MB after compression)
*841605+233271                            0.9799        0.9578             2.25%
*843027+225768                            0.9795        0.9578             2.21%
 843686 232843        0.9614   226        0.9795        0.9579 1.12e+08    2.21%
 846166 233855        0.9707   215        0.9795        0.9579 1.12e+08    2.21%
 848525 224641        0.9583   375        0.9795        0.9579 1.13e+08    2.21%
 851162 224354        0.9668   268        0.9795        0.9580 1.12e+08    2.20%
 853892 226288        0.9734   241        0.9795        0.9580 1.13e+08    2.20%
 856919 227771        0.9785   290        0.9795        0.9581 1.13e+08    2.19%
 860033 229592    infeasible              0.9795        0.9581 1.13e+08    2.19%
 863044 231347        0.9630   216        0.9795        0.9582 1.13e+08    2.18%
 866232 231474        0.9672   276        0.9795        0.9582 1.13e+08    2.18%
 869105 233068        0.9759   184        0.9795        0.9582 1.14e+08    2.18%
Elapsed time = 14359.54 sec. (2239643.38 ticks, tree = 50916.71 MB, solutions = 450)
Nodefile size = 48828.03 MB (39204.37 MB after compression)
 872419 234537        0.9789   179        0.9795        0.9582 1.14e+08    2.17%
 875480 237092        0.9768   221        0.9795        0.9583 1.14e+08    2.17%
 878777 238589        0.9651   248        0.9795        0.9583 1.14e+08    2.17%
 882142 242111        0.9747   264        0.9795        0.9584 1.15e+08    2.16%
 885247 240342        0.9661   215        0.9795        0.9584 1.15e+08    2.16%
 888115 245675        0.9759   261        0.9795        0.9584 1.15e+08    2.15%
 890518 244432        0.9610   268        0.9795        0.9585 1.15e+08    2.15%
 893060 247581        0.9784   256        0.9795        0.9585 1.15e+08    2.15%
 895878 249138        0.9778   230        0.9795        0.9585 1.16e+08    2.14%
 898912 250588        cutoff              0.9795        0.9586 1.16e+08    2.14%
Elapsed time = 14594.26 sec. (2277803.77 ticks, tree = 54694.36 MB, solutions = 450)
Nodefile size = 52626.36 MB (42249.38 MB after compression)
 902117 250667        0.9758   198        0.9795        0.9586 1.16e+08    2.14%
 905255 254084        0.9773   280        0.9795        0.9587 1.16e+08    2.13%
 908365 254743        cutoff              0.9795        0.9587 1.16e+08    2.13%
 911426 257327        0.9788   249        0.9795        0.9588 1.17e+08    2.12%
 914568 256910        0.9739   250        0.9795        0.9588 1.17e+08    2.12%
 917587 258784        0.9649   330        0.9795        0.9588 1.17e+08    2.12%
 920231 259478        0.9660   326        0.9795        0.9588 1.17e+08    2.11%
 922994 263806        0.9707   222        0.9795        0.9589 1.17e+08    2.11%
 925431 263233        cutoff              0.9795        0.9589 1.17e+08    2.11%
 928054 266407        0.9769   152        0.9795        0.9590 1.18e+08    2.10%
Elapsed time = 14860.48 sec. (2315958.51 ticks, tree = 57087.11 MB, solutions = 450)
Nodefile size = 55014.25 MB (44088.92 MB after compression)
*929448+265018                            0.9794        0.9590             2.08%
 930606 266811        0.9602   260        0.9794        0.9590 1.18e+08    2.08%
 933101 266759        0.9769   324        0.9794        0.9590 1.18e+08    2.07%
 936286 265713        0.9750   321        0.9794        0.9591 1.18e+08    2.07%
 939298 269777        0.9596   266        0.9794        0.9591 1.19e+08    2.07%
 942216 270553        0.9766   234        0.9794        0.9591 1.19e+08    2.07%
 944782 271266        0.9753   255        0.9794        0.9591 1.19e+08    2.06%
 947275 271676        0.9602   348        0.9794        0.9592 1.19e+08    2.06%
 950010 274347        0.9645   305        0.9794        0.9592 1.19e+08    2.06%
 952871 275335        0.9701   385        0.9794        0.9592 1.19e+08    2.06%
 955831 278346        0.9777   280        0.9794        0.9592 1.20e+08    2.05%
Elapsed time = 15113.33 sec. (2354123.52 ticks, tree = 59286.90 MB, solutions = 451)
Nodefile size = 57229.14 MB (45735.82 MB after compression)
 959067 277312        0.9670   381        0.9794        0.9593 1.20e+08    2.05%
 962059 281753        0.9690   311        0.9794        0.9593 1.20e+08    2.05%
 964668 281314        0.9773   252        0.9794        0.9593 1.20e+08    2.05%
 966996 284002        0.9781   212        0.9794        0.9593 1.21e+08    2.04%
 969383 285615        0.9730   204        0.9794        0.9594 1.21e+08    2.04%
 971838 285294        0.9773   304        0.9794        0.9594 1.21e+08    2.04%
 974759 287366        0.9652   251        0.9794        0.9594 1.21e+08    2.03%
 977892 289321        0.9711   393        0.9794        0.9595 1.21e+08    2.03%
 981076 290671        0.9662   301        0.9794        0.9595 1.22e+08    2.03%
 984101 292179        0.9718   304        0.9794        0.9595 1.22e+08    2.03%
Elapsed time = 15363.65 sec. (2392285.87 ticks, tree = 61684.78 MB, solutions = 451)
Nodefile size = 59628.91 MB (47519.59 MB after compression)
 987182 294629        0.9656   218        0.9794        0.9595 1.22e+08    2.02%
 990203 293693        0.9689   347        0.9794        0.9596 1.22e+08    2.02%
 992981 297158        0.9783   174        0.9794        0.9596 1.22e+08    2.02%
 995215 299840        0.9685   192        0.9794        0.9596 1.23e+08    2.02%
 996339 298735        0.9779   314        0.9794        0.9596 1.23e+08    2.01%

Clique cuts applied:  2460
Cover cuts applied:  1
Implied bound cuts applied:  11
Flow cuts applied:  51
Mixed integer rounding cuts applied:  40
Zero-half cuts applied:  828
Gomory fractional cuts applied:  12

Root node processing (before b&c):
  Real time             =  884.23 sec. (109471.17 ticks)
Parallel b&c, 32 threads:
  Real time             = 14590.79 sec. (2302707.63 ticks)
  Sync time (average)   = 5097.21 sec.
  Wait time (average)   =    0.86 sec.
                          ------------
Total (root+branch&cut) = 15475.02 sec. (2412178.81 ticks)
Solution found
