Model: Diversity_model_3
 - number of variables: 649
   - binary=60, integer=1, continuous=588
 - number of constraints: 737
   - linear=737
 - parameters: defaults
CPXPARAM_Read_DataCheck                          1
CPXPARAM_RandomSeed                              201804051
CPXPARAM_MIP_Strategy_LBHeur                     1
CPXPARAM_TimeLimit                               86400
CPXPARAM_MIP_Tolerances_MIPGap                   0.02
Tried aggregator 2 times.
MIP Presolve eliminated 127 rows and 127 columns.
MIP Presolve modified 60 coefficients.
Aggregator did 120 substitutions.
Reduced MIP has 490 rows, 402 columns, and 1591 nonzeros.
Reduced MIP has 60 binaries, 0 generals, 120 SOSs, and 0 indicators.
Presolve time = 0.00 sec. (1.65 ticks)
Probing changed sense of 6 constraints.
Probing time = 0.00 sec. (0.28 ticks)
Tried aggregator 2 times.
MIP Presolve eliminated 6 rows and 0 columns.
Aggregator did 12 substitutions.
Reduced MIP has 472 rows, 390 columns, and 1549 nonzeros.
Reduced MIP has 54 binaries, 0 generals, 120 SOSs, and 0 indicators.
Presolve time = 0.00 sec. (1.42 ticks)
Probing time = 0.00 sec. (0.23 ticks)
Clique table members: 24.
MIP emphasis: balance optimality and feasibility.
MIP search method: dynamic search.
Parallel mode: deterministic, using up to 32 threads.
Root relaxation solution time = 0.01 sec. (3.07 ticks)

        Nodes                                         Cuts/
   Node  Left     Objective  IInf  Best Integer    Best Bound    ItCnt     Gap

      0     0        0.8696    46                      0.8696      184         
      0     0        0.8696    48                    Cuts: 25      318         
      0     0        0.8696    26                    Cuts: 10      390         
*     0+    0                            1.7412        0.8696            50.06%
      0     0        0.8696    31        1.7412      Cuts: 45      447   50.06%
*     0+    0                            1.4591        0.8696            40.40%
*     0+    0                            0.8911        0.8696             2.42%
      0     2        0.8696    31        0.8911        0.8696      447    2.42%
Elapsed time = 87.23 sec. (62.29 ticks, tree = 0.02 MB, solutions = 3)

Implied bound cuts applied:  127
Flow cuts applied:  8
Mixed integer rounding cuts applied:  5

Root node processing (before b&c):
  Real time             =   83.58 sec. (62.09 ticks)
Parallel b&c, 32 threads:
  Real time             =   50.71 sec. (30.12 ticks)
  Sync time (average)   =   47.42 sec.
  Wait time (average)   =    0.00 sec.
                          ------------
Total (root+branch&cut) =  134.29 sec. (92.21 ticks)
Solution found
