Model: Diversity_model_3
 - number of variables: 385
   - binary=282, integer=2, continuous=101
 - number of constraints: 696
   - linear=696
 - parameters: defaults
CPXPARAM_Read_DataCheck                          1
CPXPARAM_RandomSeed                              201804051
CPXPARAM_MIP_Strategy_LBHeur                     1
CPXPARAM_TimeLimit                               86400
CPXPARAM_MIP_Tolerances_MIPGap                   0.02
Tried aggregator 3 times.
MIP Presolve eliminated 431 rows and 120 columns.
MIP Presolve modified 130 coefficients.
Aggregator did 265 substitutions.
All rows and columns eliminated.
Presolve time = 0.01 sec. (2.13 ticks)

Root node processing (before b&c):
  Real time             =    0.01 sec. (2.19 ticks)
Parallel b&c, 32 threads:
  Real time             =    0.00 sec. (0.00 ticks)
  Sync time (average)   =    0.00 sec.
  Wait time (average)   =    0.00 sec.
                          ------------
Total (root+branch&cut) =    0.01 sec. (2.19 ticks)
Solution found
