Model: Diversity_model_3
 - number of variables: 7822
   - binary=4576, integer=2, continuous=3244
 - number of constraints: 15034
   - linear=15034
 - parameters: defaults
CPXPARAM_Read_DataCheck                          1
CPXPARAM_RandomSeed                              201804051
CPXPARAM_MIP_Strategy_LBHeur                     1
CPXPARAM_TimeLimit                               86400
CPXPARAM_MIP_Tolerances_MIPGap                   0.02
Tried aggregator 2 times.
MIP Presolve eliminated 695 rows and 689 columns.
MIP Presolve modified 340 coefficients.
Aggregator did 2799 substitutions.
Reduced MIP has 11540 rows, 4334 columns, and 31576 nonzeros.
Reduced MIP has 2458 binaries, 0 generals, 680 SOSs, and 0 indicators.
Presolve time = 0.07 sec. (49.00 ticks)
Probing changed sense of 34 constraints.
Probing time = 0.09 sec. (15.51 ticks)
Tried aggregator 2 times.
MIP Presolve eliminated 2814 rows and 584 columns.
Aggregator did 68 substitutions.
Reduced MIP has 8658 rows, 3682 columns, and 24166 nonzeros.
Reduced MIP has 1840 binaries, 0 generals, 680 SOSs, and 0 indicators.
Presolve time = 0.06 sec. (39.30 ticks)
Probing time = 0.05 sec. (11.75 ticks)
Tried aggregator 2 times.
MIP Presolve eliminated 2321 rows and 667 columns.
Aggregator did 34 substitutions.
Reduced MIP has 6303 rows, 2981 columns, and 18605 nonzeros.
Reduced MIP has 1173 binaries, 0 generals, 680 SOSs, and 0 indicators.
Presolve time = 0.05 sec. (34.19 ticks)
Probing time = 0.04 sec. (5.44 ticks)
Clique table members: 12334.
MIP emphasis: balance optimality and feasibility.
MIP search method: dynamic search.
Parallel mode: deterministic, using up to 32 threads.
Root relaxation solution time = 4.02 sec. (153.48 ticks)

        Nodes                                         Cuts/
   Node  Left     Objective  IInf  Best Integer    Best Bound    ItCnt     Gap

      0     0        1.0000   741                      1.0000     1695         
*     0+    0                            2.5404        1.0000            60.64%
      0     0        1.0019   524        2.5404     Cuts: 729     2665   60.56%
*     0+    0                            2.4974        1.0019            59.88%
      0     0        1.0156   629        2.4974     Cuts: 909     3710   59.33%
*     0+    0                            2.3778        1.0156            57.29%
      0     0        1.0172   585        2.3778     Cuts: 424     4235   57.22%
      0     0        1.0189   584        2.3778     Cuts: 254     4544   57.15%
      0     0        1.0189   601        2.3778     Cuts: 180     4787   57.15%
*     0+    0                            1.9879        1.0189            48.75%
      0     0        1.0212   434        1.9879      Cuts: 43     4950   48.63%
*     0+    0                            1.9823        1.0212            48.48%
*     0+    0                            1.9738        1.0212            48.26%
*     0+    0                            1.9681        1.0212            48.11%
      0     0        1.0215   503        1.9681     Cuts: 602     5473   48.10%
*     0+    0                            1.9653        1.0215            48.02%
      0     0        1.0220   539        1.9653     Cuts: 308     5879   48.00%
      0     0        1.0220   524        1.9653     Cuts: 301     6149   48.00%
*     0+    0                            1.9596        1.0220            47.85%
*     0+    0                            1.6030        1.0220            36.25%
      0     0        1.0220   524        1.6030     Cuts: 158     6428   36.24%
*     0+    0                            1.5944        1.0220            35.90%
      0     2        1.0220   524        1.5944        1.0220     6428   35.90%
Elapsed time = 47.33 sec. (2488.78 ticks, tree = 0.02 MB, solutions = 11)
      1     3        1.0220   515        1.5944        1.0220     6521   35.90%
     44    39        1.2527   453        1.5944        1.0220    13654   35.90%
*   396+   14                            1.5933        1.0220            35.86%
   1015   691        1.3002   408        1.5933        1.0220    62368   35.86%
*  1441+  995                            1.5896        1.0220            35.70%
*  2212+    5                            1.5887        1.0220            35.67%
   2684  1738        1.3460   549        1.5887        1.0220   115975   35.67%
*  3067+ 2290                            1.5546        1.0220            34.26%
   3223  2173        1.0281   465        1.5546        1.0220   148968   34.26%
*  3538+ 2416                            1.5412        1.0220            33.69%
   3720  2524        1.0870   416        1.5412        1.0220   175402   33.69%
*  4130+ 2490                            1.5365        1.0220            33.48%
*  4539+ 2827                            1.3961        1.0220            26.79%
*  5030+ 1821                            1.2889        1.0220            20.71%
   5361  2237        1.1808   166        1.2889        1.0220   229438   20.71%
   6020  2231        1.1498   314        1.2889        1.0220   276399   20.71%
*  6110+ 1804                            1.2833        1.0220            20.36%
*  6247+ 2037                            1.2784        1.0220            20.05%
*  6384+ 2037                            1.2767        1.0220            19.94%
*  6588+ 1770                            1.2703        1.0220            19.54%
   6613  2792        1.0529   450        1.2703        1.0220   309884   19.54%
*  6635+ 1938                            1.2679        1.0220            19.39%
*  7493+ 1770                            1.2572        1.0220            18.70%
*  7604+ 1770                            1.2542        1.0220            18.51%
*  7755+ 1770                            1.2502        1.0220            18.25%
*  8066  3520      integral     0        1.1858        1.0220   369305   13.81%
   8916  2272        1.0765   398        1.1858        1.0220   410106   13.81%
Elapsed time = 95.54 sec. (5624.38 ticks, tree = 4.52 MB, solutions = 63)
  13006  5247        1.1497   339        1.1858        1.0220   603803   13.81%
* 13188+ 4043                            1.1798        1.0220            13.37%
* 16121+ 7111                            1.1633        1.0220            12.14%
  17797  6452        1.0257   373        1.1633        1.0220   762509   12.14%
* 17821+ 6481                            1.1612        1.0220            11.99%
* 17822+ 6474                            1.1382        1.0220            10.21%
* 17825+ 3013                            1.1368        1.0227            10.04%
* 17825+ 2008                            1.1344        1.0227             9.85%
* 17825+ 1338                            1.1343        1.0227             9.84%
  17825  1339        1.0227   272        1.1343        1.0227   817196    9.84%
  17953    23        1.1043   305        1.1343        1.0236   831571    9.76%
* 20617+ 1178                            1.1293        1.0238             9.34%
* 20618+ 1124                            1.1287        1.0238             9.29%
* 20642+ 1314                            1.1286        1.0238             9.28%
  21302  1973    infeasible              1.1286        1.0238   935961    9.28%
  28979  7169        1.0759   259        1.1286        1.0268  1119217    9.02%
* 30735+ 6622                            1.1207        1.0268             8.39%
* 30796+ 6622                            1.1187        1.0268             8.22%
  32575  7028        cutoff              1.1187        1.0269  1188539    8.21%
* 32972+ 6576                            1.1177        1.0269             8.13%
* 34603+ 6797                            1.1167        1.0271             8.03%
  38975 11263        1.0910   231        1.1167        1.0293  1351212    7.83%
* 39125+10069                            1.1145        1.0293             7.64%
* 39222+10249                            1.1142        1.0293             7.62%
* 39358+10518                            1.1135        1.0293             7.56%
  47063 14054        1.1127   133        1.1135        1.0337  1513651    7.16%
  57510 19800        1.1021   165        1.1135        1.0412  1715928    6.49%
Elapsed time = 522.17 sec. (19756.39 ticks, tree = 539.37 MB, solutions = 169)
  69784 27515        1.1100   164        1.1135        1.0462  1979304    6.05%
* 76198+28701                            1.1133        1.0493             5.75%
  77663 34220        1.1003   244        1.1133        1.0493  2196100    5.75%
* 78827+28858                            1.1105        1.0493             5.51%
* 82279+28858                            1.1098        1.0493             5.45%
  87226 39973        1.0984   127        1.1098        1.0493  2385030    5.45%
* 93266+28943                            1.1095        1.0493             5.43%
  97252 45802        1.0901   169        1.1095        1.0493  2569105    5.43%
 105116 51699    infeasible              1.1095        1.0493  2751868    5.43%
*110954+28701                            1.1092        1.0493             5.41%
 111128 55031        1.1134   126        1.1092        1.0493  2868486    5.41%
*111144+53175                            1.0985        1.0493             4.48%
*111627+22870                            1.0984        1.0493             4.48%
*111647+22868                            1.0974        1.0493             4.39%
 112380 21770        1.0612   175        1.0974        1.0493  2911993    4.39%
*114026+22994                            1.0971        1.0493             4.36%
 114722 22574        1.0709   144        1.0971        1.0493  2975496    4.36%
*114877+22292                            1.0968        1.0493             4.33%
*114878+22018                            1.0959        1.0493             4.26%
*118488+21336                            1.0955        1.0493             4.22%
 119852 22720        1.0847   166        1.0955        1.0493  3069722    4.22%
*121294+22418                            1.0955        1.0493             4.22%
 125891 25119        1.0843   133        1.0955        1.0493  3175256    4.22%
Elapsed time = 704.82 sec. (29294.99 ticks, tree = 670.53 MB, solutions = 199)
 134339 30547        1.0834   140        1.0955        1.0493  3411405    4.22%
 141518 34390        cutoff              1.0955        1.0493  3570099    4.22%
 150143 38155        cutoff              1.0955        1.0493  3725125    4.22%
 159984 43013        1.0647   175        1.0955        1.0493  3924568    4.22%
*167689+45128                            1.0945        1.0493             4.14%
 167729 45116        1.0658   211        1.0945        1.0493  4088323    4.14%
*167900+45691                            1.0940        1.0493             4.09%
 169950 44117        1.0783   180        1.0940        1.0493  4112043    4.09%
*170884+43798                            1.0929        1.0493             4.00%
 177509 44456        1.0686   249        1.0929        1.0493  4227515    4.00%
 181158 47142        1.0841   152        1.0929        1.0493  4338249    4.00%
 189539 49563        1.0766   114        1.0929        1.0493  4443671    4.00%
 199243 53393        1.0821   199        1.0929        1.0493  4598840    3.99%
Elapsed time = 775.36 sec. (38842.59 ticks, tree = 1510.16 MB, solutions = 219)
 213294 61262        1.0885    76        1.0929        1.0494  4907957    3.98%
*218078+44277                            1.0914        1.0686             2.09%
 218078 44278        1.0227   222        1.0914        1.0686  5134290    2.09%
 218083 33210        1.0230   306        1.0914        1.0686  5136628    2.09%
 218460   119        cutoff              1.0914        1.0686  5182481    2.09%
*221165+  691                            1.0911        1.0686             2.06%
 221188  1549        1.0698   185        1.0911        1.0686  5352613    2.06%
 226920  3917        1.0704   124        1.0911        1.0686  5535182    2.06%
 237086 10757        1.0903   101        1.0911        1.0686  5853025    2.06%
 247944 15998        cutoff              1.0911        1.0686  6089451    2.06%
 261443 24546        1.0885   134        1.0911        1.0686  6354189    2.06%
*273331 31310      integral     0        1.0896        1.0686  6542989    1.92%
Elapsed time = 996.30 sec. (52354.01 ticks, tree = 67.76 MB, solutions = 230)

Clique cuts applied:  147
Cover cuts applied:  3
Implied bound cuts applied:  56
Flow cuts applied:  7
Mixed integer rounding cuts applied:  13
Zero-half cuts applied:  18
Lift and project cuts applied:  16
Gomory fractional cuts applied:  13

Root node processing (before b&c):
  Real time             =   40.62 sec. (2487.37 ticks)
Parallel b&c, 32 threads:
  Real time             =  956.70 sec. (50074.87 ticks)
  Sync time (average)   =  295.73 sec.
  Wait time (average)   =    1.23 sec.
                          ------------
Total (root+branch&cut) =  997.31 sec. (52562.24 ticks)
Solution found
