Model: Diversity_model_3
 - number of variables: 3789
   - binary=552, integer=1, continuous=3236
 - number of constraints: 5711
   - linear=5711
 - parameters: defaults
CPXPARAM_Read_DataCheck                          1
CPXPARAM_RandomSeed                              201804051
CPXPARAM_MIP_Strategy_LBHeur                     1
CPXPARAM_TimeLimit                               86400
CPXPARAM_MIP_Tolerances_MIPGap                   0.02
Tried aggregator 2 times.
MIP Presolve eliminated 559 rows and 559 columns.
MIP Presolve modified 552 coefficients.
Aggregator did 552 substitutions.
Reduced MIP has 4600 rows, 2678 columns, and 12706 nonzeros.
Reduced MIP has 552 binaries, 0 generals, 552 SOSs, and 0 indicators.
Presolve time = 0.09 sec. (17.88 ticks)
Probing changed sense of 53 constraints.
Probing time = 0.28 sec. (4.05 ticks)
Tried aggregator 2 times.
MIP Presolve eliminated 53 rows and 0 columns.
Aggregator did 144 substitutions.
Reduced MIP has 4403 rows, 2534 columns, and 12259 nonzeros.
Reduced MIP has 499 binaries, 0 generals, 552 SOSs, and 0 indicators.
Presolve time = 0.09 sec. (15.93 ticks)
Probing changed sense of 25 constraints.
Probing time = 0.06 sec. (4.29 ticks)
Clique table members: 220.
MIP emphasis: balance optimality and feasibility.
MIP search method: dynamic search.
Parallel mode: deterministic, using up to 32 threads.
Root relaxation solution time = 0.92 sec. (177.55 ticks)

        Nodes                                         Cuts/
   Node  Left     Objective  IInf  Best Integer    Best Bound    ItCnt     Gap

      0     0        0.1186   461                      0.1186     1370         
*     0+    0                            0.5985        0.1186            80.19%
      0     0        0.1186   415        0.5985     Cuts: 277     1941   80.19%
      0     0        0.1186   430        0.5985     Cuts: 485     2212   80.19%
      0     0        0.1186   401        0.5985     Cuts: 221     2404   80.19%
      0     0        0.1186   397        0.5985     Cuts: 469     2614   80.19%
      0     0        0.1186   400        0.5985     Cuts: 362     2778   80.19%
      0     2        0.1186   400        0.5985        0.1186     2778   80.19%
Elapsed time = 28.36 sec. (1388.45 ticks, tree = 0.02 MB, solutions = 1)
     53     7        0.3588   478        0.5985        0.1186     6812   80.19%
    143     8        cutoff              0.5985        0.1196    11416   80.03%
    311    39        0.5229   334        0.5985        0.2596    21675   56.63%
   1455   628        0.3776   300        0.5985        0.2596   118627   56.63%
*  3843+ 2164                            0.5941        0.2596            56.30%
*  4137  2542      integral     0        0.5939        0.2596   223945   56.29%
*  4548  2343      integral     0        0.5933        0.2596   217876   56.25%
*  5136  2728      integral     0        0.5313        0.2596   226943   51.14%
*  5538  2927      integral     0        0.5299        0.2596   235817   51.01%
   5564  2667        0.4935    50        0.5299        0.2596   248858   51.01%
*  5658+ 2755                            0.5266        0.2596            50.70%
*  5820+ 2688                            0.5121        0.2596            49.31%
*  5848+ 2621                            0.5029        0.2596            48.39%
*  5890+ 1860                            0.4595        0.2596            43.50%
*  5890+ 1240                            0.4546        0.2596            42.90%
*  5890+  826                            0.4462        0.2596            41.82%
*  5890+  550                            0.4400        0.2596            41.00%
   5890   551        0.1187   355        0.4400        0.2596   267708   41.00%
   5893   276        0.1187   357        0.4400        0.2596   267729   41.00%
   5901   158        0.2597   311        0.4400        0.2596   269546   41.00%
   6088    63        0.3974   233        0.4400        0.2597   275121   40.98%
*  9865  3171      integral     0        0.4344        0.2597   308280   40.23%
*  9943  3061      integral     0        0.4339        0.2597   307166   40.15%
* 11960+ 1911                            0.4062        0.2597            36.07%
* 12376+ 2334                            0.4042        0.2597            35.75%
* 12461+ 2300                            0.3889        0.2597            33.23%
* 12532  5334      integral     0        0.3841        0.2597   336021   32.38%
  12677  5516        0.4276    55        0.3841        0.2597   337840   32.38%
Elapsed time = 956.31 sec. (7423.04 ticks, tree = 27.18 MB, solutions = 36)
* 13344+ 4496                            0.3734        0.2597            30.45%
* 13344+ 4284                            0.3722        0.2597            30.23%
* 13344+ 5275                            0.3719        0.2597            30.17%
  13419  2577        0.3533   254        0.3719        0.2597   346659   30.17%
* 13494+ 2686                            0.3700        0.2597            29.81%
* 14891+ 2686                            0.3693        0.2597            29.69%
* 16632+ 2650                            0.3684        0.2597            29.51%
* 16834+ 2650                            0.3674        0.2597            29.31%
* 16980+ 2650                            0.3672        0.2597            29.28%
* 17991+ 2915                            0.3671        0.2597            29.26%
* 18277+ 2915                            0.3671        0.2597            29.26%
* 20204+ 2915                            0.3667        0.2597            29.18%
* 21958+ 2915                            0.3663        0.2597            29.10%
  22014  8119        0.3495   271        0.3663        0.2597   420215   29.10%
  36652 19814        0.3316   244        0.3663        0.2617   538044   28.56%
  58649 37013        0.3185   227        0.3663        0.2645   708246   27.79%
* 68334+38042                            0.3616        0.2672            26.11%
* 71613+38571                            0.3588        0.2672            25.53%
  77397 52818        cutoff              0.3588        0.2672   850661   25.53%
* 80110+38230                            0.3567        0.2672            25.10%
* 80854+38230                            0.3542        0.2672            24.56%
* 81307+38230                            0.3535        0.2672            24.43%
* 83949+38042                            0.3440        0.2672            22.34%
  97442 20704        0.3224   235        0.3440        0.2679  1005529   22.14%
*112632+23626                            0.3440        0.2855            17.00%
 112632 23627        0.2596   234        0.3440        0.2855  1213126   17.00%
 114089   211        0.3369   219        0.3440        0.2855  1231266   17.00%
*115924+ 1211                            0.3436        0.2855            16.91%
 123787  6473        0.3211   191        0.3436        0.2855  1290797   16.91%
*141950+20107                            0.3393        0.2947            13.17%
*150892 18246      integral     0        0.3393        0.2967  1453545   12.56%
Elapsed time = 1077.20 sec. (18313.89 ticks, tree = 27.65 MB, solutions = 182)
*162904 29707      integral     0        0.3389        0.2993  1538862   11.69%
*165973 30658      integral     0        0.3315        0.2994  1549647    9.68%
 200627 41912    infeasible              0.3315        0.3025  1748576    8.74%
*217521+54632                            0.3314        0.3032             8.50%
 220409 57813        0.3310   186        0.3314        0.3034  1881361    8.44%
 256059 79629        0.3305   131        0.3314        0.3047  2068693    8.06%
 289150 103627        0.3298   107        0.3314        0.3059  2271413    7.68%
 320152 124012        0.3309   168        0.3314        0.3067  2446947    7.44%
 354662 149712        0.3259   162        0.3314        0.3074  2666195    7.24%
 388728 176398        0.3230   165        0.3314        0.3079  2911674    7.07%
 422640 194239        0.3113   193        0.3314        0.3084  3076090    6.94%
Elapsed time = 1147.34 sec. (26398.28 ticks, tree = 318.05 MB, solutions = 187)
 457213 220335        0.3295   187        0.3314        0.3088  3318071    6.82%
 490822 244088        cutoff              0.3314        0.3091  3543138    6.72%
 524629 261892        0.3213   162        0.3314        0.3094  3714865    6.63%
 558102 283763        0.3218   161        0.3314        0.3097  3923175    6.55%
 591090 307381        0.3123   183        0.3314        0.3099  4154285    6.48%
 624634 331564        0.3126   200        0.3314        0.3101  4393087    6.42%
 658706 349171        0.3285   139        0.3314        0.3103  4569651    6.37%
 692775 373300        0.3256   161        0.3314        0.3105  4813544    6.31%
 725653 390604        0.3108   219        0.3314        0.3106  4990777    6.26%
 758716 408042        0.3278   209        0.3314        0.3108  5169238    6.22%
Elapsed time = 1219.75 sec. (35935.28 ticks, tree = 672.38 MB, solutions = 187)
 791710 429395        0.3175   177        0.3314        0.3109  5384156    6.17%
 825004 450832        0.3307   188        0.3314        0.3111  5600768    6.13%
*853243+470290                            0.3300        0.3112             5.70%
 859335 407625        0.3267   138        0.3300        0.3112  5805992    5.69%
*871296+407439                            0.3284        0.3112             5.24%
 885012 354840        0.3136   205        0.3284        0.3113  5966606    5.22%
*886747+351628                            0.3272        0.3113             4.86%
 898986 317473        0.3223   178        0.3272        0.3114  6081271    4.84%
 931058 329667        0.3257   196        0.3272        0.3115  6234179    4.81%
 963468 347397        0.3214   154        0.3272        0.3116  6466139    4.75%
 994608 359413        cutoff              0.3272        0.3118  6630325    4.71%
 1026477 373911        0.3250   193        0.3272        0.3119  6840906    4.66%
 1059753 386833        cutoff              0.3272        0.3121  7037886    4.61%
Elapsed time = 1300.06 sec. (45472.43 ticks, tree = 633.63 MB, solutions = 190)
 1093222 398895        0.3126   214        0.3272        0.3122  7222336    4.57%
 1127000 413778        0.3173   169        0.3272        0.3124  7430653    4.52%
 1160315 427760        0.3134   175        0.3272        0.3125  7643197    4.48%
 1193240 439760        0.3271   197        0.3272        0.3127  7826188    4.44%
 1226539 450747        0.3203   205        0.3272        0.3128  8003581    4.40%
 1259884 462834        0.3131   195        0.3272        0.3129  8186432    4.36%
 1292218 475828        cutoff              0.3272        0.3131  8380712    4.32%
 1325250 487367        0.3186   177        0.3272        0.3132  8562242    4.28%
 1357703 501891        0.3135   184        0.3272        0.3133  8788316    4.25%
 1390574 514056        0.3270   187        0.3272        0.3134  8978769    4.21%
Elapsed time = 1378.17 sec. (55009.42 ticks, tree = 842.47 MB, solutions = 190)
 1423592 525730        0.3207   148        0.3272        0.3135  9154162    4.18%
 1455771 537708        cutoff              0.3272        0.3136  9339042    4.14%
 1488337 548469        0.3230   186        0.3272        0.3137  9520604    4.11%
 1521168 560686        0.3225   147        0.3272        0.3138  9716511    4.08%
 1553716 573444        0.3233   187        0.3272        0.3140  9914125    4.04%
 1586605 588062        0.3162   162        0.3272        0.3140 10136998    4.01%
 1619693 601762        0.3161   176        0.3272        0.3141 10332493    3.98%
 1652684 615569        0.3235   163        0.3272        0.3142 10535963    3.96%
 1685299 627277        0.3245   182        0.3272        0.3143 10700940    3.92%
 1718257 641740        0.3169   169        0.3272        0.3144 10919801    3.90%
Elapsed time = 1465.52 sec. (64546.36 ticks, tree = 1052.32 MB, solutions = 190)
 1751493 657597        0.3175   166        0.3272        0.3145 11132040    3.87%
 1784645 668890        cutoff              0.3272        0.3146 11290231    3.84%
 1818139 685731        0.3171   199        0.3272        0.3147 11519547    3.81%
 1851103 697356        0.3220   159        0.3272        0.3148 11676656    3.79%
 1881602 711099        0.3235   161        0.3272        0.3149 11861080    3.77%
 1914568 728845        0.3162   187        0.3272        0.3149 12098295    3.74%
 1945314 740753        0.3232   161        0.3272        0.3150 12253201    3.72%
 1977790 753411        0.3249   165        0.3272        0.3151 12422618    3.70%
 2009636 768485        0.3164   174        0.3272        0.3152 12637195    3.68%
 2040308 778903        0.3191   201        0.3272        0.3152 12797321    3.66%
Elapsed time = 1537.58 sec. (74083.44 ticks, tree = 1277.79 MB, solutions = 190)
 2073065 790770        cutoff              0.3272        0.3153 12966299    3.63%
 2103135 800315        0.3155   192        0.3272        0.3154 13107317    3.61%
 2135163 813574        0.3234   135        0.3272        0.3154 13299963    3.59%
 2165715 824389        cutoff              0.3272        0.3155 13455416    3.57%
 2197700 837002        cutoff              0.3272        0.3156 13632112    3.55%
 2230049 853511        0.3157   218        0.3272        0.3156 13860972    3.53%
 2260533 861524        0.3163   178        0.3272        0.3157 13970214    3.52%
 2293191 874190        0.3208   198        0.3272        0.3157 14136585    3.50%
 2323471 892188        0.3202   171        0.3272        0.3158 14370884    3.48%
 2355988 903440        0.3163   146        0.3272        0.3158 14526766    3.46%
Elapsed time = 1617.23 sec. (83620.46 ticks, tree = 1484.39 MB, solutions = 190)
 2388469 916164        cutoff              0.3272        0.3159 14697567    3.45%
 2418820 927897        0.3227   176        0.3272        0.3160 14849130    3.43%
 2451580 943014        0.3180   174        0.3272        0.3160 15048583    3.42%
 2482502 951506        0.3262    88        0.3272        0.3161 15154627    3.40%
 2513961 968458        cutoff              0.3272        0.3161 15376228    3.39%
 2546228 976015        0.3173   128        0.3272        0.3161 15478180    3.37%
 2576309 990787        cutoff              0.3272        0.3162 15669432    3.36%
 2609045 1006388        0.3223   167        0.3272        0.3162 15871130    3.34%
 2641838 1017179        0.3238   154        0.3272        0.3163 16015012    3.33%
 2767761 1071287        0.3224   175        0.3272        0.3165 16689425    3.28%
Elapsed time = 1667.56 sec. (96018.56 ticks, tree = 1763.55 MB, solutions = 190)
 2896762 1124815        0.3245   164        0.3272        0.3166 17332781    3.23%
 3024889 1178622        cutoff              0.3272        0.3167 17984853    3.19%
 3152996 1236480        cutoff              0.3272        0.3169 18656193    3.15%
 3274796 1285460        0.3229   162        0.3272        0.3170 19227986    3.12%
 3395763 1341937        0.3201   185        0.3272        0.3171 19876067    3.08%
 3519023 1400625        cutoff              0.3272        0.3172 20512603    3.05%
 3639685 1457425        0.3186   178        0.3272        0.3173 21124172    3.02%
 3763722 1509135        0.3220   159        0.3272        0.3174 21679432    3.00%
 3886989 1570963        0.3225   168        0.3272        0.3175 22353778    2.97%
 4007265 1626997        0.3177   174        0.3272        0.3175 22987010    2.95%
Elapsed time = 1969.69 sec. (134165.86 ticks, tree = 2657.66 MB, solutions = 190)
Nodefile size = 609.50 MB (298.37 MB after compression)
 4128852 1686215        cutoff              0.3272        0.3176 23636527    2.92%
 4252484 1745677        0.3245   165        0.3272        0.3177 24272386    2.90%
 4377700 1796557        cutoff              0.3272        0.3178 24826697    2.88%
 4502230 1863383        0.3227   182        0.3272        0.3178 25557941    2.86%
 4627193 1915044        0.3268   126        0.3272        0.3179 26121718    2.84%
 4752598 1977839        0.3185   165        0.3272        0.3179 26824069    2.82%
 4876909 2030420        0.3189   184        0.3272        0.3180 27403829    2.80%
 5002470 2087449        cutoff              0.3272        0.3181 28035659    2.78%
 5127970 2143916        0.3264   175        0.3272        0.3181 28663032    2.77%
 5253291 2201407        cutoff              0.3272        0.3182 29301144    2.75%
Elapsed time = 2312.72 sec. (172313.06 ticks, tree = 3567.01 MB, solutions = 190)
Nodefile size = 1518.77 MB (730.36 MB after compression)
 5381769 2262329        0.3215   189        0.3272        0.3183 29961275    2.73%
 5510117 2322430        cutoff              0.3272        0.3183 30604212    2.71%
 5636138 2384668        0.3240   178        0.3272        0.3184 31257989    2.69%
 5761849 2449633        0.3194   170        0.3272        0.3184 31928091    2.68%
 5886723 2500869        0.3186   186        0.3272        0.3185 32459917    2.66%
 6015976 2561811        cutoff              0.3272        0.3185 33088720    2.65%
 6144306 2629452        cutoff              0.3272        0.3186 33790454    2.63%
 6269579 2683805        0.3187   179        0.3272        0.3186 34345066    2.62%
 6394890 2750880        0.3199   203        0.3272        0.3187 35042981    2.61%
 6524377 2811264        0.3208   164        0.3272        0.3187 35668618    2.59%
Elapsed time = 2656.13 sec. (210460.20 ticks, tree = 4540.34 MB, solutions = 190)
Nodefile size = 2491.99 MB (1183.19 MB after compression)
 6650756 2871394        0.3203   182        0.3272        0.3187 36293724    2.58%
 6775614 2928624        0.3224   171        0.3272        0.3188 36888908    2.57%
 6902347 2986526        0.3197   170        0.3272        0.3188 37492530    2.55%
 7031297 3060075        0.3200   193        0.3272        0.3189 38250483    2.54%
 7156388 3116799        0.3203   187        0.3272        0.3189 38833460    2.53%
 7281108 3168573        0.3230   180        0.3272        0.3189 39366270    2.52%
 7410805 3230566        0.3218   175        0.3272        0.3190 40006328    2.51%
 7535322 3287808        0.3212   159        0.3272        0.3190 40593098    2.49%
 7663548 3353596        0.3222   165        0.3272        0.3191 41251862    2.48%
 7789930 3419096        0.3245   167        0.3272        0.3191 41902600    2.47%
Elapsed time = 2992.74 sec. (248607.60 ticks, tree = 5513.98 MB, solutions = 190)
Nodefile size = 3465.20 MB (1627.80 MB after compression)
 7915595 3488072        0.3205   165        0.3272        0.3191 42591309    2.46%
 8043807 3539734        0.3268   154        0.3272        0.3192 43108309    2.45%
 8167581 3606487        0.3202   168        0.3272        0.3192 43778531    2.44%
 8296566 3662013        0.3221   193        0.3272        0.3192 44328830    2.43%
 8420608 3735416        0.3223   175        0.3272        0.3193 45057501    2.42%
 8549865 3781724        0.3198   174        0.3272        0.3193 45519208    2.41%
 8675332 3845391        cutoff              0.3272        0.3193 46151597    2.40%
 8803986 3917248        cutoff              0.3272        0.3193 46867367    2.40%
 8929023 3981229        0.3229   174        0.3272        0.3194 47494594    2.39%
 9054378 4024602        cutoff              0.3272        0.3194 47930496    2.38%
Elapsed time = 3315.02 sec. (286754.89 ticks, tree = 6490.43 MB, solutions = 190)
Nodefile size = 4440.39 MB (2068.27 MB after compression)
 9180220 4090400        0.3216   169        0.3272        0.3194 48588944    2.37%
 9303357 4157372        cutoff              0.3272        0.3195 49258665    2.36%
 9429790 4223300        0.3199   188        0.3272        0.3195 49907601    2.35%
 9555544 4280211        cutoff              0.3272        0.3195 50470390    2.35%
 9677167 4344809        0.3236   178        0.3272        0.3195 51111567    2.34%
 9804146 4395022        0.3261   149        0.3272        0.3196 51614204    2.33%
 9929647 4472620        0.3265   156        0.3272        0.3196 52383624    2.32%
 10051310 4514991        0.3265   150        0.3272        0.3196 52802959    2.32%
 10175777 4591705        0.3257   169        0.3272        0.3196 53563239    2.31%
 10299971 4644434        cutoff              0.3272        0.3196 54091597    2.30%
Elapsed time = 3704.40 sec. (324902.17 ticks, tree = 7490.35 MB, solutions = 190)
Nodefile size = 5440.59 MB (2519.94 MB after compression)
 10418468 4701274        cutoff              0.3272        0.3197 54667878    2.30%
 10544205 4764666        0.3248   165        0.3272        0.3197 55304748    2.29%
 10667875 4814480        0.3206   176        0.3272        0.3197 55809689    2.28%
 10787972 4891073        0.3254   166        0.3272        0.3197 56594496    2.28%
 10912802 4935004        cutoff              0.3272        0.3198 57046610    2.27%
 11030304 4995089        0.3247   178        0.3272        0.3198 57656696    2.26%
 11154232 5055856        cutoff              0.3272        0.3198 58273173    2.26%
 11277958 5119089        cutoff              0.3272        0.3198 58931668    2.25%
 11400406 5174073        0.3208   187        0.3272        0.3198 59500598    2.24%
 11526451 5234333        0.3263   167        0.3272        0.3199 60134232    2.24%
Elapsed time = 4072.09 sec. (363049.30 ticks, tree = 8441.90 MB, solutions = 190)
Nodefile size = 6391.82 MB (2951.20 MB after compression)
 11643696 5287372        0.3254   162        0.3272        0.3199 60681209    2.23%
 11769177 5343804        0.3264   164        0.3272        0.3199 61261715    2.23%
 11889167 5415109        cutoff              0.3272        0.3199 62012498    2.22%
 12013025 5467280        0.3234   182        0.3272        0.3199 62569143    2.21%
 12139237 5523473        cutoff              0.3272        0.3200 63161950    2.21%
 12257907 5594412        cutoff              0.3272        0.3200 63905813    2.20%
 12379734 5648872        0.3244   174        0.3272        0.3200 64482210    2.20%
 12498199 5713025        cutoff              0.3272        0.3200 65158714    2.19%
 12625716 5772619        cutoff              0.3272        0.3200 65790059    2.19%
 12747914 5822309        0.3226   144        0.3272        0.3200 66285395    2.18%
Elapsed time = 4432.00 sec. (401196.54 ticks, tree = 9390.23 MB, solutions = 190)
Nodefile size = 7340.06 MB (3380.47 MB after compression)
 12858942 5874999        0.3214   186        0.3272        0.3201 66802250    2.18%
 12971593 5948825        cutoff              0.3272        0.3201 67527951    2.17%
 13080206 5989230        0.3212   170        0.3272        0.3201 67916349    2.17%
 13191299 6059922        0.3215   127        0.3272        0.3201 68608332    2.16%
 13303020 6115124        0.3216   198        0.3272        0.3201 69142320    2.16%
 13412500 6177923        0.3234   172        0.3272        0.3201 69755363    2.15%
 13523395 6236729        0.3255   172        0.3272        0.3201 70324088    2.15%
 13637100 6285639        cutoff              0.3272        0.3202 70803202    2.15%
 13744175 6358544        0.3254   153        0.3272        0.3202 71512221    2.14%
 13855041 6414560        0.3213   168        0.3272        0.3202 72051347    2.14%
Elapsed time = 4811.94 sec. (439343.83 ticks, tree = 10354.71 MB, solutions = 190)
Nodefile size = 8305.26 MB (3812.25 MB after compression)
 13962639 6464058        cutoff              0.3272        0.3202 72523596    2.13%
 14073903 6528235        0.3271   168        0.3272        0.3202 73152924    2.13%
 14186767 6569496        0.3232   157        0.3272        0.3202 73552250    2.13%
 14299213 6650051        0.3237   178        0.3272        0.3202 74352041    2.12%
 14411284 6692130        0.3232   136        0.3272        0.3202 74762695    2.12%
 14519814 6744665        0.3203   166        0.3272        0.3203 75292622    2.12%
 14630746 6822789        0.3269   183        0.3272        0.3203 76056877    2.11%
 14743373 6878104        0.3259   149        0.3272        0.3203 76603020    2.11%
 14854462 6913240        0.3257   134        0.3272        0.3203 76940972    2.10%
 14966590 6980257        cutoff              0.3272        0.3203 77596647    2.10%
Elapsed time = 5173.90 sec. (477491.07 ticks, tree = 11278.58 MB, solutions = 190)
Nodefile size = 9228.50 MB (4225.65 MB after compression)
 15078991 7039506        0.3216   170        0.3272        0.3203 78190815    2.10%
 15191255 7110138        0.3251   174        0.3272        0.3203 78884371    2.09%
 15303198 7172847        cutoff              0.3272        0.3203 79500287    2.09%
 15414965 7229489        0.3241   152        0.3272        0.3204 80054485    2.09%
 15528046 7274434    infeasible              0.3272        0.3204 80504347    2.08%
 15639352 7333235        0.3210   165        0.3272        0.3204 81086155    2.08%
 15751993 7384713        cutoff              0.3272        0.3204 81600204    2.08%
 15866052 7447645        0.3243   163        0.3272        0.3204 82212706    2.07%
 15977043 7501188        0.3221   168        0.3272        0.3204 82749718    2.07%
 16089719 7581423        0.3209   180        0.3272        0.3204 83543115    2.06%
Elapsed time = 5508.35 sec. (515638.30 ticks, tree = 12262.95 MB, solutions = 190)
Nodefile size = 10213.71 MB (4667.35 MB after compression)
 16200744 7633843    infeasible              0.3272        0.3204 84071012    2.06%
 16317232 7684598        0.3262   121        0.3272        0.3205 84574112    2.06%
 16438728 7747096        0.3255   174        0.3272        0.3205 85203454    2.05%
 16559614 7801690        0.3258   156        0.3272        0.3205 85735204    2.05%
 16676930 7865300        0.3248   163        0.3272        0.3205 86369595    2.05%
 16796700 7914824        0.3236   191        0.3272        0.3205 86852866    2.04%
 16921072 7989079        0.3236   147        0.3272        0.3205 87593967    2.04%
 17043201 8048904        cutoff              0.3272        0.3205 88187165    2.04%
 17170667 8106836        0.3206   178        0.3272        0.3205 88777833    2.03%
 17295243 8178530        cutoff              0.3272        0.3205 89479329    2.03%
Elapsed time = 5852.49 sec. (553785.62 ticks, tree = 13243.84 MB, solutions = 190)
Nodefile size = 11194.93 MB (5107.76 MB after compression)
 17414084 8233592        0.3265   153        0.3272        0.3206 90042059    2.03%
 17538474 8282133        cutoff              0.3272        0.3206 90531219    2.02%
 17663991 8333510    infeasible              0.3272        0.3206 91051904    2.02%
 17787571 8389108        0.3270   173        0.3272        0.3206 91630081    2.01%
 17898324 8481637        cutoff              0.3272        0.3206 92586695    2.01%

Clique cuts applied:  10
Implied bound cuts applied:  8
Flow cuts applied:  73
Mixed integer rounding cuts applied:  131
Gomory fractional cuts applied:  22

Root node processing (before b&c):
  Real time             =   13.98 sec. (1373.55 ticks)
Parallel b&c, 32 threads:
  Real time             = 6009.71 sec. (572167.84 ticks)
  Sync time (average)   = 5024.68 sec.
  Wait time (average)   =   12.44 sec.
                          ------------
Total (root+branch&cut) = 6023.68 sec. (573541.39 ticks)
Solution found
