Model: Diversity_model_3
 - number of variables: 3309
   - binary=1708, integer=2, continuous=1599
 - number of constraints: 6039
   - linear=6039
 - parameters: defaults
CPXPARAM_Read_DataCheck                          1
CPXPARAM_RandomSeed                              201804051
CPXPARAM_MIP_Strategy_LBHeur                     1
CPXPARAM_TimeLimit                               86400
CPXPARAM_MIP_Tolerances_MIPGap                   0.02
Tried aggregator 2 times.
MIP Presolve eliminated 324 rows and 321 columns.
MIP Presolve modified 208 coefficients.
Aggregator did 1063 substitutions.
Reduced MIP has 4652 rows, 1925 columns, and 12826 nonzeros.
Reduced MIP has 958 binaries, 0 generals, 312 SOSs, and 0 indicators.
Presolve time = 0.35 sec. (18.11 ticks)
Probing changed sense of 26 constraints.
Probing time = 0.43 sec. (4.84 ticks)
Tried aggregator 2 times.
MIP Presolve eliminated 1233 rows and 319 columns.
Aggregator did 52 substitutions.
Reduced MIP has 3367 rows, 1554 columns, and 9661 nonzeros.
Reduced MIP has 613 binaries, 0 generals, 312 SOSs, and 0 indicators.
Presolve time = 0.07 sec. (14.38 ticks)
Probing time = 0.05 sec. (9.06 ticks)
Tried aggregator 2 times.
MIP Presolve eliminated 629 rows and 135 columns.
Aggregator did 26 substitutions.
Reduced MIP has 2712 rows, 1393 columns, and 8070 nonzeros.
Reduced MIP has 478 binaries, 0 generals, 312 SOSs, and 0 indicators.
Presolve time = 0.15 sec. (13.80 ticks)
Probing time = 0.09 sec. (7.55 ticks)
Clique table members: 5488.
MIP emphasis: balance optimality and feasibility.
MIP search method: dynamic search.
Parallel mode: deterministic, using up to 32 threads.
Root relaxation solution time = 0.15 sec. (29.73 ticks)

        Nodes                                         Cuts/
   Node  Left     Objective  IInf  Best Integer    Best Bound    ItCnt     Gap

      0     0        1.0000   307                      1.0000      613         
*     0+    0                            2.3594        1.0000            57.62%
      0     0        1.0200   263        2.3594     Cuts: 311     1112   56.77%
*     0+    0                            1.6191        1.0200            37.00%
      0     0        1.0267   254        1.6191     Cuts: 336     1522   36.59%
      0     0        1.0267   248        1.6191     Cuts: 204     1679   36.59%
      0     0        1.0267   241        1.6191     Cuts: 103     1764   36.59%
      0     0        1.0267   244        1.6191     Cuts: 109     1842   36.59%
*     0+    0                            1.3427        1.0267            23.54%
      0     0        1.0267   193        1.3427      Cuts: 35     1905   23.54%
      0     0        1.0267   202        1.3427     Cuts: 157     2045   23.54%
*     0+    0                            1.3212        1.0267            22.29%
*     0+    0                            1.2869        1.0267            20.22%
*     0+    0                            1.2704        1.0267            19.19%
      0     2        1.0267   148        1.2704        1.0267     2045   19.19%
Elapsed time = 78.39 sec. (618.01 ticks, tree = 0.02 MB, solutions = 6)
*    48+   12                            1.2704        1.0278            19.09%
*   206+   29                            1.2704        1.0278            19.09%
    285    90        1.1434   136        1.2704        1.0278    13997   19.09%
*  1149+  585                            1.2485        1.0285            17.62%
*  1434+  647                            1.2484        1.0285            17.61%
*  2793  1499      integral     0        1.1679        1.0285    61345   11.93%
*  3348  1299      integral     0        1.1434        1.0285    71474   10.05%
   5281  1815        1.0729   143        1.1434        1.0336   103775    9.60%
*  6973  3131      integral     0        1.1376        1.0336   142796    9.14%
*  8290+ 3047                            1.1353        1.0355             8.79%
   8290  3049        1.0885   106        1.1353        1.0355   153385    8.79%
*  8291+ 2437                            1.1353        1.0355             8.79%
*  8291+ 1624                            1.1353        1.0355             8.79%
*  8291+ 1082                            1.1322        1.0355             8.54%
*  8291+  721                            1.1290        1.0355             8.28%
   8291   722        1.0333   145        1.1290        1.0416   181311    7.74%
*  8301+  239                            1.1290        1.0416             7.74%
   8301   241        1.0333   124        1.1290        1.0416   181778    7.74%
  11421  1738        cutoff              1.1290        1.0416   239829    7.74%
  13364  2581        cutoff              1.1290        1.0416   262249    7.74%
* 13989+ 2919                            1.1263        1.0416             7.52%
* 14140  2843      integral     0        1.1243        1.0416   275023    7.35%
* 15427  3083      integral     0        1.1230        1.0595   291824    5.66%
  18604  4440        1.1217    44        1.1230        1.0716   348693    4.58%
* 22039  5831      integral     0        1.1224        1.0789   399370    3.88%
Elapsed time = 443.24 sec. (3653.33 ticks, tree = 34.29 MB, solutions = 32)
* 25323  7234      integral     0        1.1216        1.0829   450296    3.45%
* 26446  7657      integral     0        1.1187        1.0855   472107    2.96%
* 28437  6797      integral     0        1.1140        1.0871   484960    2.42%

Clique cuts applied:  110
Implied bound cuts applied:  27
Flow cuts applied:  18
Mixed integer rounding cuts applied:  13
Lift and project cuts applied:  4
Gomory fractional cuts applied:  10

Root node processing (before b&c):
  Real time             =   58.64 sec. (617.57 ticks)
Parallel b&c, 32 threads:
  Real time             =  444.81 sec. (3490.22 ticks)
  Sync time (average)   =  212.80 sec.
  Wait time (average)   =    0.15 sec.
                          ------------
Total (root+branch&cut) =  503.45 sec. (4107.79 ticks)
Solution found
