Model: Diversity_model_3
 - number of variables: 1999
   - binary=1726, integer=2, continuous=271
 - number of constraints: 4508
   - linear=4508
 - parameters: defaults
CPXPARAM_Read_DataCheck                          1
CPXPARAM_RandomSeed                              201804051
CPXPARAM_MIP_Strategy_LBHeur                     1
CPXPARAM_TimeLimit                               86400
CPXPARAM_MIP_Tolerances_MIPGap                   0.02
Tried aggregator 3 times.
MIP Presolve eliminated 3056 rows and 547 columns.
MIP Presolve modified 370 coefficients.
Aggregator did 1452 substitutions.
All rows and columns eliminated.
Presolve time = 0.04 sec. (18.94 ticks)

Root node processing (before b&c):
  Real time             =    0.04 sec. (19.26 ticks)
Parallel b&c, 32 threads:
  Real time             =    0.00 sec. (0.00 ticks)
  Sync time (average)   =    0.00 sec.
  Wait time (average)   =    0.00 sec.
                          ------------
Total (root+branch&cut) =    0.04 sec. (19.26 ticks)
Solution found
