Model: Diversity_model_3
 - number of variables: 1986
   - binary=288, integer=1, continuous=1697
 - number of constraints: 2991
   - linear=2991
 - parameters: defaults
CPXPARAM_Read_DataCheck                          1
CPXPARAM_RandomSeed                              201804051
CPXPARAM_MIP_Strategy_LBHeur                     1
CPXPARAM_TimeLimit                               86400
CPXPARAM_MIP_Tolerances_MIPGap                   0.02
Tried aggregator 2 times.
MIP Presolve eliminated 295 rows and 295 columns.
MIP Presolve modified 288 coefficients.
Aggregator did 288 substitutions.
Reduced MIP has 2408 rows, 1403 columns, and 6640 nonzeros.
Reduced MIP has 288 binaries, 0 generals, 288 SOSs, and 0 indicators.
Presolve time = 0.03 sec. (8.03 ticks)
Probing changed sense of 14 constraints.
Probing time = 0.02 sec. (2.81 ticks)
Tried aggregator 2 times.
MIP Presolve eliminated 14 rows and 0 columns.
Aggregator did 62 substitutions.
Reduced MIP has 2332 rows, 1341 columns, and 6474 nonzeros.
Reduced MIP has 274 binaries, 0 generals, 288 SOSs, and 0 indicators.
Presolve time = 0.06 sec. (6.97 ticks)
Probing changed sense of 5 constraints.
Probing time = 0.03 sec. (2.88 ticks)
Clique table members: 130.
MIP emphasis: balance optimality and feasibility.
MIP search method: dynamic search.
Parallel mode: deterministic, using up to 32 threads.
Root relaxation solution time = 0.19 sec. (28.32 ticks)

        Nodes                                         Cuts/
   Node  Left     Objective  IInf  Best Integer    Best Bound    ItCnt     Gap

      0     0        0.4643   264                      0.4643      772         
*     0+    0                            1.4866        0.4643            68.77%
*     0+    0                            1.3764        0.4643            66.27%
      0     0        0.4643   277        1.3764     Cuts: 130     1366   66.27%
*     0+    0                            1.3552        0.4643            65.74%
      0     0        0.4643   215        1.3552      Cuts: 82     1480   65.74%
      0     0        0.4643   216        1.3552     Cuts: 183     1632   65.74%
*     0+    0                            1.3547        0.4643            65.73%
      0     2        0.4643   209        1.3547        0.4643     1632   65.73%
Elapsed time = 71.61 sec. (390.83 ticks, tree = 0.02 MB, solutions = 4)
*   197+    7                            1.3230        0.4643            64.91%
*  1582+  647                            1.3174        0.4703            64.30%
*  2153+  768                            1.3103        0.6427            50.95%
*  3866  1338      integral     0        1.3099        0.6427    40178   50.93%
*  6064  2954      integral     0        1.3087        0.8996    61503   31.26%
*  6213+ 2748                            1.2472        0.8996            27.87%
*  7586  1969      integral     0        1.2463        0.8996    76349   27.82%
*  7998  1799      integral     0        1.2457        0.8996    74796   27.79%
*  8659+ 1502                            1.2412        0.8996            27.53%
*  8663+ 1997                            1.1953        0.8996            24.74%
*  8663+ 1330                            1.1670        0.8996            22.92%
*  8663+  886                            1.1523        0.9963            13.53%
*  8663+  590                            1.1362        0.9992            12.06%
*  8663+  393                            1.1156        0.9999            10.37%
   8663   394        0.4643   180        1.1156        1.0048    91962    9.93%
  10615   910        1.0555   135        1.1156        1.0048   110643    9.93%
* 11883+  915                            1.0986        1.0048             8.54%
* 11883+ 1008                            1.0980        1.0048             8.49%
  11907  1104        cutoff              1.0980        1.0048   124383    8.49%
* 19817  4804      integral     0        1.0978        1.0118   180284    7.83%
* 19873  4952      integral     0        1.0955        1.0118   182699    7.64%
  20189  4546        1.0804    93        1.0955        1.0118   176359    7.64%
* 23321  6193      integral     0        1.0943        1.0164   209922    7.12%
* 24700+ 6443                            1.0942        1.0164             7.11%
* 24902  6806      integral     0        1.0923        1.0164   226927    6.95%
* 25088  6817      integral     0        1.0916        1.0164   226807    6.89%
* 27102  7297      integral     0        1.0770        1.0266   246968    4.68%
* 30062  5458      integral     0        1.0671        1.0289   262756    3.58%
  30995  5653        1.0759    30        1.0671        1.0289   265720    3.58%
* 31258  5493      integral     0        1.0651        1.0368   263446    2.66%
* 31584  5758      integral     0        1.0612        1.0381   267799    2.18%

Flow cuts applied:  25
Mixed integer rounding cuts applied:  18
Gomory fractional cuts applied:  16

Root node processing (before b&c):
  Real time             =   65.49 sec. (390.11 ticks)
Parallel b&c, 32 threads:
  Real time             =  322.23 sec. (2613.19 ticks)
  Sync time (average)   =  222.11 sec.
  Wait time (average)   =    0.11 sec.
                          ------------
Total (root+branch&cut) =  387.72 sec. (3003.30 ticks)
Solution found
