Model: Diversity_model_3
 - number of variables: 19406
   - binary=15880, integer=2, continuous=3524
 - number of constraints: 42836
   - linear=42836
 - parameters: defaults
CPXPARAM_Read_DataCheck                          1
CPXPARAM_RandomSeed                              201804051
CPXPARAM_MIP_Strategy_LBHeur                     1
CPXPARAM_TimeLimit                               86400
CPXPARAM_MIP_Tolerances_MIPGap                   0.02
Tried aggregator 2 times.
MIP Presolve eliminated 701 rows and 698 columns.
MIP Presolve modified 460 coefficients.
Aggregator did 8401 substitutions.
Reduced MIP has 33734 rows, 10307 columns, and 86178 nonzeros.
Reduced MIP has 8170 binaries, 0 generals, 690 SOSs, and 0 indicators.
Presolve time = 0.37 sec. (179.52 ticks)
Probing changed sense of 57 constraints.
Probing time = 0.42 sec. (94.11 ticks)
Tried aggregator 2 times.
MIP Presolve eliminated 3295 rows and 421 columns.
MIP Presolve modified 3 coefficients.
Aggregator did 113 substitutions.
Reduced MIP has 30326 rows, 9773 columns, and 76908 nonzeros.
Reduced MIP has 7693 binaries, 0 generals, 690 SOSs, and 0 indicators.
Presolve time = 0.44 sec. (254.87 ticks)
Probing time = 0.72 sec. (94.66 ticks)
Clique table members: 48275.
MIP emphasis: balance optimality and feasibility.
MIP search method: dynamic search.
Parallel mode: deterministic, using up to 32 threads.
Root relaxation solution time = 10.51 sec. (380.53 ticks)

        Nodes                                         Cuts/
   Node  Left     Objective  IInf  Best Integer    Best Bound    ItCnt     Gap

      0     0        0.8481  3308                      0.8481     5869         
      0     0        0.8538  2138                  Cuts: 2278     8161         
      0     0        0.8550  2052                  Cuts: 1867     9452         
      0     0        0.8552  2572                  Cuts: 1782    10496         
*     0+    0                            1.4836        0.8552            42.36%
      0     0        0.8554  2310        1.4836    Cuts: 1487    11170   42.34%
*     0+    0                            1.4830        0.8554            42.32%
      0     0        0.8557  2113        1.4830    Cuts: 1490    11734   42.30%
*     0+    0                            1.4758        0.8557            42.02%

Repeating presolve.
Tried aggregator 2 times.
MIP Presolve eliminated 24185 rows and 6706 columns.
Aggregator did 58 substitutions.
Reduced MIP has 6083 rows, 3009 columns, and 17867 nonzeros.
Reduced MIP has 987 binaries, 0 generals, 690 SOSs, and 0 indicators.
Presolve time = 0.14 sec. (50.47 ticks)
Probing time = 0.09 sec. (6.40 ticks)
Tried aggregator 1 time.
MIP Presolve eliminated 465 rows and 93 columns.
Reduced MIP has 5618 rows, 2916 columns, and 16658 nonzeros.
Reduced MIP has 894 binaries, 0 generals, 690 SOSs, and 0 indicators.
Presolve time = 0.08 sec. (17.56 ticks)
Probing time = 0.03 sec. (3.24 ticks)
Tried aggregator 1 time.
Reduced MIP has 5618 rows, 2916 columns, and 16658 nonzeros.
Reduced MIP has 894 binaries, 0 generals, 690 SOSs, and 0 indicators.
Presolve time = 0.03 sec. (13.80 ticks)
Represolve time = 0.66 sec. (418.90 ticks)
Probing time = 0.08 sec. (3.25 ticks)
Clique table members: 5974.
MIP emphasis: balance optimality and feasibility.
MIP search method: dynamic search.
Parallel mode: deterministic, using up to 32 threads.
Root relaxation solution time = 4.34 sec. (161.32 ticks)

        Nodes                                         Cuts/
   Node  Left     Objective  IInf  Best Integer    Best Bound    ItCnt     Gap

*     0+    0                            1.4758        0.8557            42.02%
      0     0        0.8557   733        1.4758        0.8557    14353   42.02%
      0     0        0.8559   591        1.4758     Cuts: 457    14983   42.01%
      0     0        0.8559   622        1.4758     Cuts: 344    15589   42.01%
      0     0        0.8559   509        1.4758      Cuts: 61    15947   42.01%
*     0+    0                            1.4752        0.8559            41.98%
      0     0        0.8559   528        1.4752     Cuts: 226    16385   41.98%
*     0+    0                            1.4687        0.8559            41.73%
      0     2        0.8559   451        1.4687        0.8559    16385   41.73%
Elapsed time = 53.35 sec. (9176.87 ticks, tree = 0.02 MB, solutions = 5)
    270   145        1.2735   407        1.4687        0.8559    27462   41.73%
   2675  1664        1.4667   350        1.4687        0.8559    94864   41.73%
   3473  2339        1.4556   180        1.4687        0.8559   117282   41.73%
   5196  3470        1.2643   431        1.4687        0.8559   171836   41.73%
   7724  5556        1.4152   307        1.4687        0.8559   239674   41.73%
   9303  6951        1.4211   458        1.4687        0.8559   272311   41.73%
*  9616+ 6965                            1.2840        0.8559            33.34%
* 10104+ 2127                            1.2827        0.8559            33.27%
* 10146+ 2127                            1.2820        0.8559            33.24%
* 10266+ 6020                            1.2694        0.8559            32.58%
  10309  2155        1.1628   526        1.2694        0.8559   302862   32.58%
* 10784+ 6178                            1.1755        0.8559            27.19%
  11259  2547        1.2542   242        1.1755        0.8559   348093   27.19%
* 11819+ 6178                            1.1601        0.8559            26.22%
  12275  3707        1.1478   446        1.1601        0.8559   403859   26.22%
* 13710+ 6178                            1.1598        0.8559            26.20%
* 14576+ 5957                            1.1559        0.8559            25.95%
* 15263+ 5811                            1.0431        0.8559            17.95%
* 15789+ 1435                            1.0405        0.8559            17.74%
* 15893  1468      integral     0        1.0360        0.8559   532694   17.38%
* 15945  1468      integral     0        1.0321        0.8559   533979   17.07%
* 16333+ 1527                            1.0314        0.8559            17.02%
* 16366  1523      integral     0        0.9849        0.8559   553964   13.10%
Elapsed time = 94.51 sec. (12204.95 ticks, tree = 2.52 MB, solutions = 23)
* 18351  2116      integral     0        0.9690        0.8559   621454   11.67%
* 18907  2613      integral     0        0.9588        0.8559   636840   10.74%
* 19155  2475      integral     0        0.9383        0.8559   632069    8.78%
* 19212  2030      integral     0        0.9376        0.8559   644441    8.71%
  23780  4362        0.9122   353        0.9376        0.8559   737903    8.71%
* 24630  4954      integral     0        0.9284        0.8559   750549    7.81%
* 33971+10271                            0.9277        0.8559             7.74%
  34248 11944        0.8920   362        0.9277        0.8559   907287    7.74%
* 34503+10937                            0.9277        0.8559             7.74%
  47390 21443        0.8779   347        0.9277        0.8559  1072535    7.74%
* 48203+17747                            0.9273        0.8559             7.71%
* 48965+18863                            0.9273        0.8559             7.71%
* 51686+23040                            0.9268        0.8559             7.65%
* 52218+24002                            0.9268        0.8559             7.65%
  56662 26798        0.8959   187        0.9268        0.8559  1182901    7.65%
* 57354+28231                            0.9267        0.8559             7.64%
* 57741+20682                            0.9266        0.8604             7.14%
* 57741+13788                            0.9242        0.8604             6.90%
  57741 13789        0.8559   501        0.9242        0.8604  1258377    6.90%
  57745  6895        0.8571   577        0.9242        0.8604  1261358    6.90%
  58682   325    infeasible              0.9242        0.8604  1294715    6.90%
* 60329+  927                            0.9241        0.8604             6.89%
* 60335+ 1230                            0.9234        0.8604             6.82%
* 61629+ 1202                            0.9233        0.8604             6.80%
  64623  4298        0.9137   213        0.9233        0.8604  1439473    6.80%
* 66336+ 4700                            0.9232        0.8604             6.80%
* 66400+ 4740                            0.9231        0.8604             6.79%
* 66901+ 4690                            0.9229        0.8604             6.77%
  67384  5958        cutoff              0.9229        0.8604  1485133    6.77%
* 67920+ 5265                            0.9220        0.8604             6.67%
* 69369+ 5126                            0.9219        0.8604             6.66%
* 69627+ 5126                            0.9219        0.8604             6.66%
  75183 10160        0.9186   141        0.9219        0.8697  1594687    5.66%
Elapsed time = 530.88 sec. (26635.06 ticks, tree = 25.95 MB, solutions = 158)
  83159 16305        0.9200   236        0.9219        0.8747  1719686    5.11%
  99429 27417        0.8834   305        0.9219        0.8775  1918072    4.82%
 114695 40328        0.8981   280        0.9219        0.8798  2134822    4.56%
*117592+37006                            0.9216        0.8801             4.51%
*120056+37465                            0.9216        0.8801             4.50%
 126767 48309        0.9108   126        0.9216        0.8801  2272250    4.50%
 138773 56993        0.9202   195        0.9216        0.8801  2412320    4.50%
 151083 68484        0.9102   194        0.9216        0.8801  2590108    4.50%
*155088+37561                            0.9214        0.8801             4.48%
 161074 77844        0.9081   190        0.9214        0.8801  2739079    4.48%
*161667+37737                            0.9213        0.8801             4.48%
 162055 76544        0.9198   111        0.9213        0.8801  2749965    4.48%
*162973+37561                            0.9212        0.8801             4.46%
 166615 79270        0.9177    87        0.9212        0.8801  2804482    4.46%
 175421 85833        0.9159    78        0.9212        0.8801  2913810    4.46%
Elapsed time = 574.86 sec. (36173.40 ticks, tree = 254.61 MB, solutions = 172)
 186279 94282        cutoff              0.9212        0.8801  3059666    4.46%
 197079 102673        0.9107   187        0.9212        0.8801  3189463    4.46%
 209404 111037        cutoff              0.9212        0.8801  3318825    4.46%
 221423 118641        0.9203   188        0.9212        0.8801  3443486    4.46%
 234706 130289        0.9178   119        0.9212        0.8801  3620903    4.46%
 245898 139835        0.9208   183        0.9212        0.8801  3778201    4.46%
 259386 151014        0.9093   193        0.9212        0.8801  3949458    4.46%
 267009 37563        0.8802   269        0.9212        0.8801  2091040    4.46%
*267251+160136                            0.9211        0.8801             4.45%
*267322+160206                            0.9211        0.8801             4.45%
*267329+160239                            0.9211        0.8801             4.45%
*267482+156356                            0.9211        0.8801             4.44%
 268813 159476        0.9049   168        0.9211        0.8801  4116038    4.44%
 270173 160187        0.9178    69        0.9211        0.8801  4108378    4.44%
Elapsed time = 610.62 sec. (45754.58 ticks, tree = 492.82 MB, solutions = 193)
 270176 162613        0.8559   456        0.9211        0.8844  4175820    3.98%
 270179 108409        0.8559   502        0.9211        0.8844  4176388    3.98%
 270186 60978        0.8844   507        0.9211        0.8844  4177954    3.98%
 270245   694        0.8569   367        0.9211        0.8844  4190587    3.98%
 270870   220        0.8961   298        0.9211        0.8844  4218209    3.98%
 276850  4317        0.9078   201        0.9211        0.8844  4315143    3.98%
 288175 13427        0.9203   211        0.9211        0.8844  4481834    3.98%
 297861 20836        0.9207   106        0.9211        0.8844  4597885    3.98%
 309780 28247        0.9160   231        0.9211        0.8844  4705324    3.98%
 312670 31855        0.9171   108        0.9211        0.8844  4758597    3.98%
Elapsed time = 734.62 sec. (60968.52 ticks, tree = 87.56 MB, solutions = 193)
*312719+32938                            0.9210        0.8844             3.98%
 317034 36283        0.9173   244        0.9210        0.8844  4828861    3.98%
 327009 44525        cutoff              0.9210        0.8844  4956273    3.98%
*329107+44473                            0.9209        0.8844             3.97%
 335777 49821        0.8976   248        0.9209        0.8844  5040914    3.97%
 346864 57838        0.9209    28        0.9209        0.8844  5163108    3.97%
 357523 65257        0.8991   268        0.9209        0.8844  5268201    3.97%
 365608 74607        0.9061   226        0.9209        0.8844  5410011    3.97%
 379971 83651        0.8832   300        0.9209        0.8844  5537453    3.97%
 396284 93031        cutoff              0.9209        0.8844  5671848    3.97%
 412978 111959        0.9033   230        0.9209        0.8844  5955067    3.97%
 427033 119614        0.8944   191        0.9209        0.8844  6081689    3.97%
Elapsed time = 787.47 sec. (70506.31 ticks, tree = 349.42 MB, solutions = 195)
 441462 130737        0.9202   194        0.9209        0.8844  6291504    3.97%
 457425 146158        0.8983   256        0.9209        0.8844  6589080    3.97%
 473570 156726        0.9101   221        0.9209        0.8844  6789490    3.97%
*484059 167455      integral     0        0.9204        0.8845  6997734    3.90%
 487434 169279        0.9049   228        0.9204        0.8845  7036897    3.90%
*488339+164286                            0.9190        0.8846             3.74%
*488435+165522                            0.9190        0.8846             3.74%
*488516+165350                            0.9185        0.8846             3.69%
*490189+168242                            0.9184        0.8846             3.69%
*490799+168627                            0.9182        0.8846             3.67%
 494986 147625        0.9032   205        0.9182        0.8846  7166854    3.66%
 511196 158749        0.9047   147        0.9182        0.8847  7379584    3.65%
 528775 174192        0.9092   197        0.9182        0.8849  7658315    3.63%
*532259+177258                            0.9176        0.8849             3.57%
*532348 172989      integral     0        0.9171        0.8849  7760242    3.51%
*536583+167043                            0.9129        0.8850             3.05%
*539500+170302                            0.9129        0.8850             3.05%
 541338 134211        0.9088   254        0.9129        0.8851  7873202    3.05%
*543839+133548                            0.9129        0.8851             3.05%
*545534+132879                            0.9128        0.8851             3.03%
 554148 144038        0.9049   241        0.9128        0.8852  8101320    3.02%
 565019 148750        0.9117   133        0.9128        0.8853  8195223    3.01%
Elapsed time = 852.66 sec. (80043.81 ticks, tree = 428.31 MB, solutions = 227)
 580376 164032        0.9029   232        0.9128        0.8855  8498945    2.98%
 597852 177019        0.8935   211        0.9128        0.8857  8742336    2.96%
*605040+181821                            0.9125        0.8858             2.92%
*605121+180485                            0.9118        0.8858             2.85%
 606113 174518        0.9067   217        0.9118        0.8858  8893708    2.85%
*606457+182258                            0.9117        0.8858             2.84%
*606552+174270                            0.9113        0.8858             2.79%
*607086+174915                            0.9111        0.8858             2.78%
 608607 168826        0.9047   148        0.9111        0.8859  8927757    2.77%
*608757+168408                            0.9109        0.8859             2.75%
*610554+166664                            0.9107        0.8859             2.72%
 610589 164649        0.9068   219        0.9107        0.8859  8950330    2.72%
*611167+167377                            0.9104        0.8859             2.69%
*611932+162608                            0.9104        0.8859             2.69%
*611993+162683                            0.9104        0.8859             2.69%
 614165 163810        0.9096   139        0.9104        0.8860  8997591    2.68%
*615607+163176                            0.9103        0.8860             2.68%
 624511 169373        0.9024   227        0.9103        0.8860  9120862    2.67%
 638305 176744        0.9098   214        0.9103        0.8862  9263896    2.66%
 653047 186813        0.8977   229        0.9103        0.8863  9469945    2.64%
 669006 200139        0.9050   217        0.9103        0.8865  9738371    2.62%
Elapsed time = 907.11 sec. (89583.31 ticks, tree = 577.46 MB, solutions = 267)
 685188 212389        0.9080   218        0.9103        0.8867  9990451    2.60%
 700384 223866        0.9034   192        0.9103        0.8868 10228022    2.58%
 715556 236855        0.9103   185        0.9103        0.8870 10499751    2.57%
 730109 249098        0.9002   254        0.9103        0.8871 10792919    2.55%
 744477 257018        0.9064   199        0.9103        0.8872 10989650    2.54%
 759529 271109        0.8976   221        0.9103        0.8874 11344119    2.52%
 765153 273390        0.9004   244        0.9103        0.8874 11403087    2.52%
 771258 277005        0.8904   275        0.9103        0.8874 11490154    2.52%
 786511 286307        0.8989   258        0.9103        0.8876 11709643    2.50%
 801114 300645        0.9049   225        0.9103        0.8877 12042527    2.49%
Elapsed time = 967.28 sec. (99134.74 ticks, tree = 877.26 MB, solutions = 267)
 815655 310579        0.9103   165        0.9103        0.8878 12288405    2.48%
 831725 318925        0.8888   266        0.9103        0.8879 12495817    2.47%
 846566 333567        cutoff              0.9103        0.8880 12843354    2.45%
 862999 346539        0.9070   226        0.9103        0.8880 13146725    2.45%
 878576 359553        0.9060   163        0.9103        0.8882 13429838    2.43%
 895429 366773        0.9103   231        0.9103        0.8883 13591624    2.42%
 910767 381471        0.8970   223        0.9103        0.8884 13917232    2.41%
 928067 395757        0.9087   245        0.9103        0.8885 14216189    2.40%
 943847 405639        0.8927   227        0.9103        0.8886 14422935    2.39%
 989265 439235        0.8914   257        0.9103        0.8888 15130821    2.37%
Elapsed time = 1046.68 sec. (111533.09 ticks, tree = 1294.51 MB, solutions = 267)
 1056057 487000        0.8990   270        0.9103        0.8891 16117905    2.34%
 1124123 542421        0.9069   141        0.9103        0.8893 17198535    2.31%
 1192548 592716        0.9057   209        0.9103        0.8895 18142062    2.28%
 1240372 631953        0.9026   235        0.9103        0.8897 18863191    2.27%
 1307598 677890        0.9096   185        0.9103        0.8899 19722342    2.25%
 1373926 729718        0.9025   191        0.9103        0.8900 20670919    2.23%
 1440514 776668        0.9002   208        0.9103        0.8902 21511839    2.21%
 1490468 818014        0.8987   233        0.9103        0.8903 22222520    2.20%
 1559884 869906        0.9053   211        0.9103        0.8904 23103909    2.19%
 1627452 924338        0.9041   236        0.9103        0.8905 24048896    2.18%
Elapsed time = 1314.83 sec. (149681.42 ticks, tree = 2753.00 MB, solutions = 267)
Nodefile size = 704.88 MB (429.60 MB after compression)
*1682020+966576                            0.9103        0.8906             2.16%
 1682462 967887        cutoff              0.9103        0.8906 24812264    2.16%
*1684353+967921                            0.9103        0.8906             2.16%
*1684497+967981                            0.9103        0.8906             2.16%
*1685354+968146                            0.9103        0.8906             2.16%
*1686042+968379                            0.9103        0.8906             2.16%
*1686369+968494                            0.9103        0.8906             2.16%
 1741615 1007720        0.9100   168        0.9103        0.8907 25538049    2.15%
 1807576 1051255        0.9026   200        0.9103        0.8908 26282236    2.14%
 1875150 1108094        0.9034   149        0.9103        0.8909 27270730    2.13%
 1927317 1150795        0.9059   199        0.9103        0.8909 28017390    2.12%
 1994270 1191567        0.8959   234        0.9103        0.8910 28725393    2.12%
 2061888 1251284        0.9081   185        0.9103        0.8911 29760203    2.11%
 2130981 1299321        cutoff              0.9103        0.8911 30584838    2.10%
 2181604 1341554        0.9036   205        0.9103        0.8912 31322203    2.10%
 2251304 1385878        0.9029   215        0.9103        0.8912 32089244    2.09%
Elapsed time = 1773.41 sec. (187829.42 ticks, tree = 4109.05 MB, solutions = 269)
Nodefile size = 2059.83 MB (1242.75 MB after compression)
 2316383 1445782        0.8963   245        0.9103        0.8913 33103383    2.08%
 2383709 1489935        0.8933   270        0.9103        0.8914 33855074    2.08%
 2434774 1530283        0.8958   199        0.9103        0.8914 34546425    2.07%
 2504162 1581866        0.8989   242        0.9103        0.8914 35424292    2.07%
 2572742 1632292        0.8962   214        0.9103        0.8915 36282294    2.06%
 2640484 1685365        0.9081   176        0.9103        0.8915 37190383    2.06%
 2691346 1720540        0.9054   155        0.9103        0.8916 37800271    2.05%
 2758797 1769946        0.8967   268        0.9103        0.8916 38643988    2.05%
 2826370 1828180        0.9077   160        0.9103        0.8917 39653113    2.04%
 2895247 1871296        0.9056   238        0.9103        0.8917 40380518    2.04%
Elapsed time = 2265.30 sec. (225976.85 ticks, tree = 5550.01 MB, solutions = 269)
Nodefile size = 3500.53 MB (2098.68 MB after compression)
 2945366 1917136        0.9060   193        0.9103        0.8917 41159798    2.04%
 3013016 1963625        0.9060   219        0.9103        0.8918 41946184    2.03%
 3082037 2018416        0.9080   195        0.9103        0.8918 42873207    2.03%
 3148973 2070134        0.8997   228        0.9103        0.8918 43742905    2.02%
 3204362 2115782        0.8926   216        0.9103        0.8919 44522320    2.02%
 3266649 2151255        0.9066   158        0.9103        0.8919 45134512    2.02%
 3333343 2201321        cutoff              0.9103        0.8919 45998026    2.01%
 3401834 2255310        0.9051   147        0.9103        0.8920 46941877    2.01%
 3470707 2301233        0.8945   242        0.9103        0.8920 47728484    2.01%
 3518513 2341911        0.8942   249        0.9103        0.8920 48427967    2.00%
Elapsed time = 2756.65 sec. (264124.24 ticks, tree = 6946.01 MB, solutions = 269)
Nodefile size = 4898.40 MB (2924.52 MB after compression)

GUB cover cuts applied:  4
Clique cuts applied:  105
Implied bound cuts applied:  10
Flow cuts applied:  26
Mixed integer rounding cuts applied:  322
Zero-half cuts applied:  16
Lift and project cuts applied:  7
Gomory fractional cuts applied:  20

Root node processing (before b&c):
  Real time             =   50.01 sec. (9206.04 ticks)
Parallel b&c, 32 threads:
  Real time             = 2761.60 sec. (257902.05 ticks)
  Sync time (average)   = 1767.47 sec.
  Wait time (average)   =    6.52 sec.
                          ------------
Total (root+branch&cut) = 2811.61 sec. (267108.10 ticks)
Solution found
