Model: Diversity_model_3
 - number of variables: 12289
   - binary=10440, integer=2, continuous=1847
 - number of constraints: 37415
   - linear=37415
 - parameters: defaults
CPXPARAM_Read_DataCheck                          1
CPXPARAM_RandomSeed                              201804051
CPXPARAM_MIP_Strategy_LBHeur                     1
CPXPARAM_TimeLimit                               86400
CPXPARAM_MIP_Tolerances_MIPGap                   0.02
Tried aggregator 2 times.
MIP Presolve eliminated 371 rows and 368 columns.
MIP Presolve modified 240 coefficients.
Aggregator did 5461 substitutions.
Reduced MIP has 31583 rows, 6460 columns, and 84741 nonzeros.
Reduced MIP has 5340 binaries, 0 generals, 360 SOSs, and 0 indicators.
Presolve time = 3.15 sec. (285.03 ticks)
Probing changed sense of 30 constraints.
Probing time = 0.28 sec. (90.15 ticks)
Tried aggregator 2 times.
MIP Presolve eliminated 3684 rows and 261 columns.
Aggregator did 60 substitutions.
Reduced MIP has 27839 rows, 6139 columns, and 74091 nonzeros.
Reduced MIP has 5049 binaries, 0 generals, 360 SOSs, and 0 indicators.
Presolve time = 0.55 sec. (313.32 ticks)
Probing time = 0.25 sec. (82.23 ticks)
Clique table members: 43235.
MIP emphasis: balance optimality and feasibility.
MIP search method: dynamic search.
Parallel mode: deterministic, using up to 32 threads.
Root relaxation solution time = 0.57 sec. (311.05 ticks)

        Nodes                                         Cuts/
   Node  Left     Objective  IInf  Best Integer    Best Bound    ItCnt     Gap

      0     0        0.2094  1483                      0.2094     2945         
*     0+    0                            2.5103        0.2094            91.66%
      0     0        0.2094  2226        2.5103    Cuts: 1079     4753   91.66%
*     0+    0                            2.2547        0.2094            90.71%
      0     0        0.2111  1076        2.2547    Cuts: 5483     7369   90.64%
*     0+    0                            0.5590        0.2111            62.23%
      0     0        0.2124  1955        0.5590    Cuts: 2104     9697   62.01%
*     0+    0                            0.5452        0.2124            61.05%
      0     0        0.2127  2219        0.5452    Cuts: 1616    11416   61.00%
      0     0        0.2134  2495        0.5452    Cuts: 1564    12703   60.87%

Repeating presolve.
Tried aggregator 2 times.
MIP Presolve eliminated 22505 rows and 4343 columns.
MIP Presolve modified 264 coefficients.
Aggregator did 30 substitutions.
Reduced MIP has 5304 rows, 1766 columns, and 15315 nonzeros.
Reduced MIP has 706 binaries, 0 generals, 360 SOSs, and 0 indicators.
Presolve time = 0.65 sec. (45.88 ticks)
Probing time = 0.93 sec. (13.07 ticks)
Tried aggregator 1 time.
MIP Presolve eliminated 145 rows and 29 columns.
MIP Presolve modified 685 coefficients.
Reduced MIP has 5159 rows, 1737 columns, and 14938 nonzeros.
Reduced MIP has 677 binaries, 0 generals, 360 SOSs, and 0 indicators.
Presolve time = 0.65 sec. (22.38 ticks)
Probing time = 0.29 sec. (4.21 ticks)
Tried aggregator 1 time.
MIP Presolve modified 138 coefficients.
Reduced MIP has 5159 rows, 1737 columns, and 14938 nonzeros.
Reduced MIP has 677 binaries, 0 generals, 360 SOSs, and 0 indicators.
Presolve time = 0.36 sec. (13.83 ticks)
Represolve time = 4.59 sec. (318.04 ticks)
Probing time = 0.27 sec. (4.14 ticks)
Clique table members: 9256.
MIP emphasis: balance optimality and feasibility.
MIP search method: dynamic search.
Parallel mode: deterministic, using up to 32 threads.
Root relaxation solution time = 62.44 sec. (360.02 ticks)

        Nodes                                         Cuts/
   Node  Left     Objective  IInf  Best Integer    Best Bound    ItCnt     Gap

*     0+    0                            0.5452        0.2134            60.87%
      0     0        0.2134   544        0.5452        0.2134    16967   60.85%
*     0+    0                            0.5433        0.2134            60.71%
      0     0        0.2224   511        0.5433    Cuts: 1130    18694   59.06%
*     0+    0                            0.4452        0.2224            50.04%
      0     0        0.2280   481        0.4452     Cuts: 521    20077   48.79%
*     0+    0                            0.3486        0.2280            34.59%
      0     0        0.2308   501        0.3486     Cuts: 548    20658   33.78%
*     0+    0                            0.3482        0.2308            33.70%
*     0+    0                            0.3479        0.2308            33.64%
      0     0        0.2320   464        0.3479     Cuts: 497    21136   33.31%
      0     0        0.2336   476        0.3479     Cuts: 338    21706   32.86%
      0     0        0.2346   503        0.3479     Cuts: 394    22087   32.57%
      0     0        0.2358   492        0.3479     Cuts: 364    22562   32.21%
      0     0        0.2367   471        0.3479     Cuts: 530    22912   31.95%
      0     0        0.2376   468        0.3479     Cuts: 306    23499   31.69%
      0     0        0.2384   482        0.3479     Cuts: 470    24018   31.46%
*     0+    0                            0.3474        0.2384            31.38%
      0     0        0.2395   433        0.3474     Cuts: 317    24671   31.08%
*     0+    0                            0.3461        0.2395            30.81%
*     0+    0                            0.3458        0.2395            30.74%
      0     0        0.2402   462        0.3458     Cuts: 336    25140   30.53%
      0     0        0.2410   452        0.3458     Cuts: 369    25502   30.29%
      0     0        0.2418   450        0.3458     Cuts: 263    25831   30.07%
      0     0        0.2423   441        0.3458     Cuts: 274    26209   29.91%
      0     0        0.2426   445        0.3458     Cuts: 367    26578   29.83%
      0     0        0.2432   443        0.3458     Cuts: 327    26947   29.67%
      0     0        0.2436   437        0.3458     Cuts: 404    27399   29.55%
      0     0        0.2440   436        0.3458     Cuts: 392    28114   29.44%
      0     0        0.2442   429        0.3458     Cuts: 222    28402   29.37%
      0     0        0.2444   405        0.3458     Cuts: 440    28759   29.33%
*     0+    0                            0.3397        0.2444            28.06%
      0     0        0.2447   403        0.3397     Cuts: 283    29458   27.96%
*     0+    0                            0.3394        0.2447            27.90%
*     0+    0                            0.3380        0.2447            27.60%
      0     0        0.2449   455        0.3380     Cuts: 457    30453   27.54%
      0     0        0.2452   444        0.3380     Cuts: 662    31566   27.47%
*     0+    0                            0.3342        0.2452            26.64%
      0     0        0.2455   406        0.3342     Cuts: 426    32506   26.54%
*     0+    0                            0.3342        0.2455            26.54%
*     0+    0                            0.3335        0.2455            26.39%
      0     0        0.2460   444        0.3335     Cuts: 714    33455   26.23%
      0     0        0.2469   402        0.3335     Cuts: 371    33925   25.96%
      0     0        0.2472   416        0.3335     Cuts: 427    34430   25.88%
*     0+    0                            0.3335        0.2472            25.88%
      0     0        0.2477   395        0.3335     Cuts: 323    34933   25.73%
      0     0        0.2480   397        0.3335     Cuts: 374    35304   25.62%
      0     0        0.2488   406        0.3335     Cuts: 358    35820   25.40%
      0     0        0.2493   417        0.3335     Cuts: 357    36461   25.25%
      0     0        0.2495   411        0.3335     Cuts: 256    36784   25.18%
      0     0        0.2499   404        0.3335     Cuts: 108    37313   25.04%
      0     0        0.2503   422        0.3335     Cuts: 593    38018   24.95%
      0     0        0.2505   457        0.3335     Cuts: 421    38596   24.87%
*     0+    0                            0.3329        0.2505            24.74%
      0     2        0.2505   454        0.3329        0.2505    38827   24.74%
Elapsed time = 478.15 sec. (21252.19 ticks, tree = 0.02 MB, solutions = 20)
      4     4        0.2719   274        0.3329        0.2506    40889   24.73%
*   663+   11                            0.3310        0.2509            24.20%
    966   594        0.3304    77        0.3310        0.2509    76297   24.20%
   2815  1928        0.2750   185        0.3310        0.2510   130092   24.18%
*  3076  2166      integral     0        0.3206        0.2510   138521   21.71%
   3984  2055        0.3172   121        0.3206        0.2510   169437   21.71%
   5701  3152        0.2600   281        0.3206        0.2510   224016   21.71%
*  7675+ 4770                            0.3197        0.2510            21.50%
   7723  4726        0.3180   170        0.3197        0.2510   295223   21.50%
*  8414+ 3881                            0.3182        0.2515            20.98%
*  8414+ 2586                            0.3163        0.2528            20.06%
*  8414+ 1724                            0.3160        0.2551            19.26%
   8414  1725        0.2551   378        0.3160        0.2551   372243   19.26%
   8416  1727        0.2558   234        0.3160        0.2551   372427   19.26%
*  8417+ 1150                            0.3149        0.2551            18.99%
  11090  1651        0.2912   191        0.3149        0.2552   453943   18.97%
Elapsed time = 728.07 sec. (33980.27 ticks, tree = 1.95 MB, solutions = 27)
* 11222+ 1044                            0.3149        0.2552            18.97%
* 11234+ 1366                            0.3149        0.2552            18.97%
* 11281+ 1406                            0.3149        0.2552            18.97%
  14012  3562        0.3030   220        0.3149        0.2552   605525   18.97%
  18072  6005        0.3147   180        0.3149        0.2552   764467   18.97%
  20954  8274        0.2808   181        0.3149        0.2552   979648   18.95%
  23920 10370        0.2656   255        0.3149        0.2574  1192508   18.25%
  27085 12844        cutoff              0.3149        0.2587  1435769   17.85%
  31355 15842        0.2780   246        0.3149        0.2633  1691138   16.39%
  34638 18133        0.2964   229        0.3149        0.2642  1955319   16.09%
* 37062+19106                            0.3135        0.2651            15.43%
  38854 19649        0.2935   218        0.3135        0.2657  2188052   15.25%
  42803 21777        0.3037   209        0.3135        0.2667  2429064   14.93%
  46956 24433        0.3045   237        0.3135        0.2675  2728179   14.68%
Elapsed time = 792.82 sec. (43518.80 ticks, tree = 40.65 MB, solutions = 29)
  50876 27135        0.3011   205        0.3135        0.2681  3012553   14.48%
  55802 29713        0.2944   279        0.3135        0.2686  3288769   14.31%
  60572 32525        0.3129   176        0.3135        0.2691  3581339   14.16%
  63482 34543        0.3123    40        0.3135        0.2694  3817200   14.06%
* 65427+33186                            0.3132        0.2694            13.99%
* 66096+33186                            0.3132        0.2694            13.99%
* 66129+32882                            0.3125        0.2694            13.80%
  66360 36184        0.2940   268        0.3125        0.2694  4011808   13.80%
* 67437+33214                            0.3123        0.2694            13.73%
  69192 37802        0.3071   102        0.3123        0.2694  4219237   13.73%
* 69774+32905                            0.3123        0.2694            13.73%
  72189 39289        0.3044   232        0.3123        0.2694  4407667   13.73%
  74919 40514        0.3131   142        0.3123        0.2694  4551035   13.73%
  77940 41766        0.3130   137        0.3123        0.2694  4706245   13.73%
  80862 43943        0.3066   231        0.3123        0.2694  4977333   13.73%
Elapsed time = 848.67 sec. (53058.64 ticks, tree = 78.31 MB, solutions = 29)
  83743 45214        0.3064   216        0.3123        0.2694  5143370   13.73%
  86670 46677        0.3020   248        0.3123        0.2694  5341934   13.73%
* 87048+33105                            0.3122        0.2694            13.72%
* 87475+33077                            0.3122        0.2694            13.70%
  89559 48198        0.3010   235        0.3122        0.2694  5529210   13.70%
  92575 49505        0.3002   104        0.3122        0.2694  5698745   13.70%
  94614 47706        0.3010   224        0.3122        0.2694  5921099   13.70%
  97465 48480        0.2969   263        0.3122        0.2694  6076321   13.70%
 101440 49407        0.2751   253        0.3122        0.2694  6185301   13.70%
 101846 51028        0.2582   204        0.3122        0.2742  6403568   12.16%
 101921    37        0.2668   217        0.3122        0.2742  6406783   12.16%
 103681   878        0.2777   156        0.3122        0.2742  6489483   12.16%
Elapsed time = 947.21 sec. (67179.00 ticks, tree = 0.88 MB, solutions = 45)
 108099  3715        0.3114    91        0.3122        0.2742  6678103   12.16%
 114197  7423        0.2784   203        0.3122        0.2742  6865310   12.16%
 120829 11000        0.2998   171        0.3122        0.2742  7031896   12.16%
 127432 13847        0.3040   143        0.3122        0.2761  7182940   11.54%
 133020 17393        0.3056   100        0.3122        0.2791  7374395   10.59%
 140167 20590        0.3052   156        0.3122        0.2814  7550310    9.86%
 148331 24519        0.3059   118        0.3122        0.2832  7749364    9.27%
 154390 26952        0.2998   130        0.3122        0.2852  7886154    8.65%
 161464 30299        cutoff              0.3122        0.2863  8098328    8.30%
 167311 32792        0.2999   106        0.3122        0.2873  8260506    7.96%
Elapsed time = 1034.50 sec. (76717.56 ticks, tree = 47.56 MB, solutions = 45)
 173281 36007        cutoff              0.3122        0.2881  8458953    7.70%
 179524 38406        0.3089   132        0.3122        0.2888  8600649    7.47%
 188696 42046        0.3059   159        0.3122        0.2895  8819011    7.25%
 195091 45678        0.3117    45        0.3122        0.2903  9047074    7.00%
 201424 48038        0.3030    90        0.3122        0.2911  9211532    6.75%
 208045 50826        0.3046   104        0.3122        0.2916  9379157    6.58%
 214786 54238        cutoff              0.3122        0.2922  9605354    6.41%
 221980 56390        0.2996   178        0.3122        0.2926  9736202    6.26%
 229233 59446        0.3106   119        0.3122        0.2930  9924504    6.13%
 236378 63464        0.3004   203        0.3122        0.2934 10180746    6.00%
Elapsed time = 1131.58 sec. (86255.41 ticks, tree = 96.43 MB, solutions = 45)
 243852 65404        cutoff              0.3122        0.2938 10308423    5.87%
 251032 68611        0.3120    90        0.3122        0.2942 10524083    5.76%
 258572 70810        0.3116   138        0.3122        0.2945 10667492    5.65%
 266184 74603        0.3007   166        0.3122        0.2949 10897591    5.53%
 273708 77416        0.3019   194        0.3122        0.2952 11073173    5.43%
 281610 81390        cutoff              0.3122        0.2956 11329733    5.32%
 289191 83859        0.3050   173        0.3122        0.2959 11491475    5.22%
 297382 88278        0.3023   176        0.3122        0.2962 11772971    5.11%
 305705 90716        cutoff              0.3122        0.2965 11922696    5.02%
 313558 95114        0.3017    52        0.3122        0.2968 12171914    4.93%
Elapsed time = 1237.94 sec. (95792.68 ticks, tree = 152.35 MB, solutions = 45)
 321848 97121        0.3081    64        0.3122        0.2970 12297994    4.84%
 330110 100564        0.3083    68        0.3122        0.2973 12500455    4.76%
 338325 106119        0.3114    73        0.3122        0.2976 12831219    4.67%
 347316 108443        cutoff              0.3122        0.2978 12961350    4.60%
 355817 113358        0.3012   119        0.3122        0.2980 13261990    4.53%
 365125 116864        cutoff              0.3122        0.2982 13459458    4.46%
 373757 120084        cutoff              0.3122        0.2985 13656539    4.39%
 382670 124490    infeasible              0.3122        0.2987 13909665    4.32%
 392188 128010        0.3103    87        0.3122        0.2989 14112732    4.26%
 401498 132440        0.3042   150        0.3122        0.2991 14356264    4.20%
Elapsed time = 1330.53 sec. (105330.41 ticks, tree = 217.86 MB, solutions = 45)
 410229 134548        0.3116    41        0.3122        0.2992 14485206    4.14%
 419856 138455        0.3018    59        0.3122        0.2994 14717047    4.08%
 428843 144188        0.3006    75        0.3122        0.2996 15063636    4.02%
 438536 146389    infeasible              0.3122        0.2998 15197661    3.97%
*446542 150753      integral     0        0.3105        0.2999 15447213    3.42%
 448336 150448        0.3111    60        0.3105        0.3000 15434170    3.41%
*448467+124257                            0.3101        0.3000             3.29%
*448534+124316                            0.3094        0.3000             3.06%
*449039+124579                            0.3089        0.3000             2.88%
*449846+125018                            0.3089        0.3000             2.87%
*450293+107554                            0.3085        0.3000             2.75%
*455640+95231                            0.3083        0.3001             2.66%
 456501 92759        0.3068    48        0.3083        0.3001 15730217    2.65%
 464172 94447        cutoff              0.3083        0.3002 15871965    2.60%
*469196 95261      integral     0        0.3075        0.3003 15936642    2.31%
 473776 85503        0.3039    64        0.3075        0.3004 16126819    2.29%
*476685+85603                            0.3074        0.3004             2.25%
 482298 85898        cutoff              0.3074        0.3006 16304394    2.21%
 491207 88295        0.3070    67        0.3074        0.3007 16567871    2.16%
Elapsed time = 1407.53 sec. (114868.66 ticks, tree = 153.09 MB, solutions = 55)

Clique cuts applied:  166
Implied bound cuts applied:  8
Flow cuts applied:  21
Mixed integer rounding cuts applied:  30
Zero-half cuts applied:  44
Lift and project cuts applied:  45
Gomory fractional cuts applied:  1

Root node processing (before b&c):
  Real time             =  471.23 sec. (21202.93 ticks)
Parallel b&c, 32 threads:
  Real time             =  973.02 sec. (94154.10 ticks)
  Sync time (average)   =  374.10 sec.
  Wait time (average)   =    2.76 sec.
                          ------------
Total (root+branch&cut) = 1444.26 sec. (115357.03 ticks)
Solution found
