Model: Diversity_model_3
 - number of variables: 517
   - binary=96, integer=1, continuous=420
 - number of constraints: 827
   - linear=827
 - parameters: defaults
CPXPARAM_Read_DataCheck                          1
CPXPARAM_RandomSeed                              201804051
CPXPARAM_MIP_Strategy_LBHeur                     1
CPXPARAM_TimeLimit                               86400
CPXPARAM_MIP_Tolerances_MIPGap                   0.02
Tried aggregator 3 times.
MIP Presolve eliminated 80 rows and 55 columns.
MIP Presolve modified 336 coefficients.
Aggregator did 73 substitutions.
Reduced MIP has 674 rows, 389 columns, and 1731 nonzeros.
Reduced MIP has 72 binaries, 0 generals, 48 SOSs, and 0 indicators.
Presolve time = 0.00 sec. (3.40 ticks)
Probing fixed 0 vars, tightened 71 bounds.
Probing time = 0.00 sec. (1.45 ticks)
Tried aggregator 2 times.
MIP Presolve modified 95 coefficients.
Aggregator did 24 substitutions.
Reduced MIP has 650 rows, 365 columns, and 1683 nonzeros.
Reduced MIP has 72 binaries, 0 generals, 48 SOSs, and 0 indicators.
Presolve time = 0.00 sec. (1.79 ticks)
Probing time = 0.00 sec. (1.36 ticks)
Clique table members: 70.
MIP emphasis: balance optimality and feasibility.
MIP search method: dynamic search.
Parallel mode: deterministic, using up to 32 threads.
Root relaxation solution time = 0.00 sec. (2.91 ticks)

        Nodes                                         Cuts/
   Node  Left     Objective  IInf  Best Integer    Best Bound    ItCnt     Gap

      0     0        0.8454    60                      0.8454      200         
*     0+    0                            1.6121        0.8454            47.56%
      0     0        0.8708    62        1.6121     Cuts: 262      395   45.98%
*     0+    0                            1.2088        0.8708            27.96%
      0     0        0.9831    51        1.2088     Cuts: 262      527   18.67%
      0     0        0.9842    52        1.2088      Cuts: 41      544   18.58%
      0     0        0.9845    52        1.2088      Cuts: 32      551   18.55%
      0     0        0.9934    51        1.2088       Cuts: 6      570   17.82%
      0     0        1.0029    51        1.2088   Flowcuts: 2      581   17.04%
      0     0        1.0038    51        1.2088       Cuts: 4      584   16.96%

Implied bound cuts applied:  68
Flow cuts applied:  67
Mixed integer rounding cuts applied:  64
Lift and project cuts applied:  1
Gomory fractional cuts applied:  12

Root node processing (before b&c):
  Real time             =  186.98 sec. (72.66 ticks)
Parallel b&c, 32 threads:
  Real time             =    0.00 sec. (0.00 ticks)
  Sync time (average)   =    0.00 sec.
  Wait time (average)   =    0.00 sec.
                          ------------
Total (root+branch&cut) =  186.98 sec. (72.66 ticks)
Solution found
