Model: Diversity_model_3
 - number of variables: 2087
   - binary=240, integer=1, continuous=1846
 - number of constraints: 2541
   - linear=2541
 - parameters: defaults
CPXPARAM_Read_DataCheck                          1
CPXPARAM_RandomSeed                              201804051
CPXPARAM_MIP_Strategy_LBHeur                     1
CPXPARAM_TimeLimit                               86400
CPXPARAM_MIP_Tolerances_MIPGap                   0.02
Tried aggregator 2 times.
MIP Presolve eliminated 367 rows and 367 columns.
MIP Presolve modified 240 coefficients.
Aggregator did 360 substitutions.
Reduced MIP has 1814 rows, 1360 columns, and 5631 nonzeros.
Reduced MIP has 240 binaries, 0 generals, 360 SOSs, and 0 indicators.
Presolve time = 0.02 sec. (6.93 ticks)
Probing changed sense of 21 constraints.
Probing time = 0.01 sec. (2.59 ticks)
Tried aggregator 2 times.
MIP Presolve eliminated 21 rows and 0 columns.
Aggregator did 51 substitutions.
Reduced MIP has 1742 rows, 1309 columns, and 5466 nonzeros.
Reduced MIP has 219 binaries, 0 generals, 360 SOSs, and 0 indicators.
Presolve time = 0.03 sec. (5.90 ticks)
Probing changed sense of 7 constraints.
Probing time = 0.02 sec. (2.71 ticks)
Clique table members: 99.
MIP emphasis: balance optimality and feasibility.
MIP search method: dynamic search.
Parallel mode: deterministic, using up to 32 threads.
Root relaxation solution time = 0.19 sec. (26.15 ticks)

        Nodes                                         Cuts/
   Node  Left     Objective  IInf  Best Integer    Best Bound    ItCnt     Gap

      0     0        0.2094   182                      0.2094      615         
*     0+    0                            1.4041        0.2094            85.09%
      0     0        0.2094   200        1.4041      Cuts: 98     1195   85.09%
*     0+    0                            0.4913        0.2094            57.38%
      0     0        0.2094   148        0.4913      Cuts: 48     1347   57.38%
      0     0        0.2094   168        0.4913     Cuts: 160     1566   57.38%
*     0+    0                            0.2901        0.2094            27.80%
      0     2        0.2094   111        0.2901        0.2094     1566   27.80%
Elapsed time = 75.09 sec. (370.50 ticks, tree = 0.02 MB, solutions = 3)
*  3327+ 1465                            0.2834        0.2094            26.11%
*  3354+ 1619                            0.2832        0.2094            26.06%
*  3394+ 2275                            0.2506        0.2094            16.44%
   3454  1110        0.2164    77        0.2506        0.2094    44965   16.44%
   7033  2674        0.2136   134        0.2506        0.2094    94092   16.44%
* 12947+ 3594                            0.2493        0.2098            15.85%
  13454  5959        0.2228   113        0.2493        0.2098   170705   15.85%
* 13553+ 3594                            0.2485        0.2098            15.60%
* 16391+ 3533                            0.2484        0.2098            15.54%
* 17802+ 3864                            0.2396        0.2098            12.47%
* 18174+ 3864                            0.2364        0.2098            11.28%
  19950  7934        0.2210    66        0.2364        0.2098   240984   11.28%
  27083 11334        0.2470    46        0.2364        0.2098   330092   11.28%
  35568  6827        0.2347    64        0.2364        0.2109   419710   10.78%
  39669  9756        0.2094    65        0.2364        0.2130   535746    9.91%
  44792  1194        0.2286    94        0.2364        0.2156   606311    8.79%

Flow cuts applied:  7
Mixed integer rounding cuts applied:  6
Gomory fractional cuts applied:  1

Root node processing (before b&c):
  Real time             =   67.03 sec. (370.60 ticks)
Parallel b&c, 32 threads:
  Real time             =  296.17 sec. (2549.19 ticks)
  Sync time (average)   =  189.94 sec.
  Wait time (average)   =    0.05 sec.
                          ------------
Total (root+branch&cut) =  363.21 sec. (2919.79 ticks)
Solution found
