Model: Diversity_model_3
 - number of variables: 839
   - binary=184, integer=1, continuous=654
 - number of constraints: 1845
   - linear=1845
 - parameters: defaults
CPXPARAM_Read_DataCheck                          1
CPXPARAM_RandomSeed                              201804051
CPXPARAM_MIP_Strategy_LBHeur                     1
CPXPARAM_TimeLimit                               86400
CPXPARAM_MIP_Tolerances_MIPGap                   0.02
Tried aggregator 2 times.
MIP Presolve eliminated 1388 rows and 382 columns.
MIP Presolve modified 920 coefficients.
Aggregator did 457 substitutions.
All rows and columns eliminated.
Presolve time = 0.01 sec. (3.45 ticks)

Root node processing (before b&c):
  Real time             =    0.01 sec. (3.59 ticks)
Parallel b&c, 32 threads:
  Real time             =    0.00 sec. (0.00 ticks)
  Sync time (average)   =    0.00 sec.
  Wait time (average)   =    0.00 sec.
                          ------------
Total (root+branch&cut) =    0.01 sec. (3.59 ticks)
Solution found
