Model: Diversity_model_3
 - number of variables: 29340
   - binary=22056, integer=2, continuous=7282
 - number of constraints: 65199
   - linear=65199
 - parameters: defaults
CPXPARAM_Read_DataCheck                          1
CPXPARAM_RandomSeed                              201804051
CPXPARAM_MIP_Strategy_LBHeur                     1
CPXPARAM_TimeLimit                               86400
CPXPARAM_MIP_Tolerances_MIPGap                   0.02
Tried aggregator 2 times.
MIP Presolve eliminated 1608 rows and 1598 columns.
MIP Presolve modified 636 coefficients.
Aggregator did 12301 substitutions.
Reduced MIP has 51290 rows, 15441 columns, and 135110 nonzeros.
Reduced MIP has 11346 binaries, 0 generals, 1590 SOSs, and 0 indicators.
Presolve time = 1.69 sec. (295.53 ticks)
Probing changed sense of 53 constraints.
Probing time = 17.08 sec. (30.45 ticks)
Tried aggregator 2 times.
MIP Presolve eliminated 13805 rows and 3887 columns.
Aggregator did 106 substitutions.
Reduced MIP has 37379 rows, 11448 columns, and 101257 nonzeros.
Reduced MIP has 7406 binaries, 0 generals, 1590 SOSs, and 0 indicators.
Presolve time = 1.02 sec. (214.06 ticks)
Probing time = 15.47 sec. (16.20 ticks)
Tried aggregator 2 times.
MIP Presolve eliminated 10286 rows and 2460 columns.
Aggregator did 53 substitutions.
Reduced MIP has 27040 rows, 8935 columns, and 75478 nonzeros.
Reduced MIP has 4946 binaries, 0 generals, 1590 SOSs, and 0 indicators.
Presolve time = 0.82 sec. (138.13 ticks)
Probing time = 0.61 sec. (51.54 ticks)
Tried aggregator 1 time.
MIP Presolve eliminated 5214 rows and 1484 columns.
Reduced MIP has 21826 rows, 7451 columns, and 62804 nonzeros.
Reduced MIP has 3462 binaries, 0 generals, 1590 SOSs, and 0 indicators.
Presolve time = 0.96 sec. (168.99 ticks)
Probing time = 0.61 sec. (47.33 ticks)
Clique table members: 38903.
MIP emphasis: balance optimality and feasibility.
MIP search method: dynamic search.
Parallel mode: deterministic, using up to 32 threads.
Root relaxation solution time = 12.28 sec. (358.16 ticks)

        Nodes                                         Cuts/
   Node  Left     Objective  IInf  Best Integer    Best Bound    ItCnt     Gap

      0     0        0.9247  1300                      0.9247     3625         
      0     0        0.9251  1055                  Cuts: 1596     6303         
*     0+    0                            2.4747        0.9251            62.62%
      0     0        0.9334  1156        2.4747    Cuts: 2351     9780   62.28%
      0     0        0.9349  1134        2.4747     Cuts: 779    11604   62.22%
*     0+    0                            2.4588        0.9349            61.98%
      0     0        0.9352  1166        2.4588     Cuts: 545    12811   61.96%
      0     0        0.9356  1261        2.4588     Cuts: 472    14355   61.95%
*     0+    0                            2.4415        0.9356            61.68%
*     0+    0                            2.4045        0.9356            61.09%
*     0+    0                            2.3687        0.9356            60.50%

Repeating presolve.
Tried aggregator 1 time.
MIP Presolve eliminated 10765 rows and 1771 columns.
Reduced MIP has 11061 rows, 5680 columns, and 34092 nonzeros.
Reduced MIP has 1691 binaries, 0 generals, 1590 SOSs, and 0 indicators.
Presolve time = 1.28 sec. (47.24 ticks)
Probing time = 1.22 sec. (17.87 ticks)
Tried aggregator 1 time.
MIP Presolve eliminated 1412 rows and 286 columns.
Reduced MIP has 9649 rows, 5394 columns, and 30428 nonzeros.
Reduced MIP has 1405 binaries, 0 generals, 1590 SOSs, and 0 indicators.
Presolve time = 0.48 sec. (33.90 ticks)
Probing time = 0.87 sec. (10.83 ticks)
Tried aggregator 1 time.
MIP Presolve eliminated 609 rows and 87 columns.
Reduced MIP has 9040 rows, 5307 columns, and 28775 nonzeros.
Reduced MIP has 1318 binaries, 0 generals, 1590 SOSs, and 0 indicators.
Presolve time = 1.23 sec. (36.63 ticks)
Represolve time = 6.70 sec. (340.43 ticks)
Probing time = 0.69 sec. (4.04 ticks)
Clique table members: 11929.
MIP emphasis: balance optimality and feasibility.
MIP search method: dynamic search.
Parallel mode: deterministic, using up to 32 threads.
Root relaxation solution time = 50.05 sec. (564.44 ticks)

        Nodes                                         Cuts/
   Node  Left     Objective  IInf  Best Integer    Best Bound    ItCnt     Gap

*     0+    0                            2.3687        0.9356            60.50%
      0     0        0.9358   948        2.3687        0.9358    14376   60.49%
*     0+    0                            2.3529        0.9358            60.23%
      0     0        0.9364   898        2.3529     Cuts: 747    16778   60.20%
*     0+    0                            2.3353        0.9364            59.90%
      0     0        0.9367   882        2.3353     Cuts: 254    18930   59.89%
      0     0        0.9368   877        2.3353     Cuts: 247    19414   59.89%
      0     0        0.9368   893        2.3353     Cuts: 132    19755   59.89%
      0     0        0.9368   580        2.3353      Cuts: 28    19892   59.89%
      0     0        0.9368   631        2.3353     Cuts: 150    20300   59.89%
*     0+    0                            2.3190        0.9368            59.60%
      0     2        0.9368   538        2.3190        0.9368    20300   59.60%
Elapsed time = 265.96 sec. (16407.34 ticks, tree = 0.02 MB, solutions = 8)
      1     3        0.9368   601        2.3190        0.9368    23249   59.60%
      3     4        0.9486   622        2.3190        0.9368    25744   59.60%
      7     4        0.9368   644        2.3190        0.9368    25946   59.60%
     18     8        0.9594   641        2.3190        0.9368    31829   59.60%
     51    45        1.1085   574        2.3190        0.9368    55223   59.60%
    200    60        1.0521   459        2.3190        0.9368    63728   59.60%
    453   222        0.9520   666        2.3190        0.9368    97121   59.60%
*   653+  250                            1.6146        0.9368            41.98%
    780   477        1.6160   457        1.6146        0.9368   130604   41.98%
*   989+  507                            1.6127        0.9368            41.91%
   1210   844        1.2231   478        1.6127        0.9368   173175   41.91%
*  1974+ 1351                            1.6107        0.9368            41.84%
*  3324+ 1701                            1.6094        0.9368            41.79%
   3613  2434        1.2859   180        1.6094        0.9368   303127   41.79%
Elapsed time = 345.40 sec. (20063.23 ticks, tree = 86.76 MB, solutions = 12)
*  4706  3461      integral     0        1.6081        0.9368   353655   41.74%
*  5837+ 4718                            1.6081        0.9368            41.74%
*  5981+ 4549                            1.3402        0.9368            30.10%
   6174  3296        1.0845   582        1.3402        0.9368   436696   30.10%
*  6274+ 4581                            1.3388        0.9368            30.03%
*  6560+ 4581                            1.3388        0.9368            30.03%
*  6637+ 3474                            1.3311        0.9368            29.62%
*  6852+ 2684                            1.3270        0.9368            29.40%
*  6852+ 1789                            1.3269        0.9368            29.40%
   6852  1790        0.9368   552        1.3269        0.9368   520307   29.40%
   6854  1792        0.9368   834        1.3269        0.9368   523655   29.40%
   6859  1121        0.9368   810        1.3269        0.9368   523772   29.40%
*  6869+  644                            1.3269        0.9368            29.40%
   6891   219        cutoff              1.3269        0.9368   538211   29.40%
   7405   398        cutoff              1.3269        0.9368   594473   29.40%
*  7710+   30                            1.3261        0.9368            29.35%
*  7865+    6                            1.3228        0.9368            29.18%
   8381   935        1.2913   635        1.3228        0.9368   677979   29.18%
*  8713+  823                            1.3151        0.9368            28.77%
*  9000+   32                            1.2531        0.9368            25.24%
  10415  1984        1.2419   576        1.2531        0.9368   789187   25.24%
* 12000+ 1644                            1.2520        0.9368            25.17%
  12126  1916        0.9803   732        1.2520        0.9368   907376   25.17%
Elapsed time = 530.25 sec. (39563.41 ticks, tree = 78.89 MB, solutions = 60)
* 12275+ 1807                            1.2513        0.9368            25.13%
* 12311+ 1802                            1.2498        0.9368            25.04%
* 12623+ 1860                            1.2492        0.9368            25.01%
* 12726+ 1683                            1.2486        0.9368            24.97%
  15040  3662        1.1966   301        1.2486        0.9368  1015009   24.97%
* 16174+ 4145                            1.2472        0.9368            24.89%
* 16406  5010      integral     0        1.2426        0.9368  1081196   24.61%
* 17669+ 4919                            1.2196        0.9368            23.19%
* 17693+ 5043                            1.2190        0.9368            23.15%
* 17713+ 5102                            1.2190        0.9368            23.15%
* 18164+ 5042                            1.2189        0.9368            23.14%
* 18492+ 5315                            1.2169        0.9368            23.02%
  18696  5066        1.1610   444        1.2169        0.9368  1159420   23.02%
* 18893+ 4974                            1.2163        0.9368            22.98%
* 19573+ 5048                            1.2059        0.9368            22.32%
* 20671+ 5255                            1.1431        0.9368            18.05%
* 20878+ 5255                            1.1284        0.9368            16.98%
* 21119+ 5578                            1.1284        0.9368            16.98%
  21288  6195        1.0899   522        1.1284        0.9368  1255974   16.98%
* 21902+ 6122                            1.1284        0.9368            16.98%
  23561  4143        1.1100   382        1.1284        0.9368  1335027   16.98%
  27242  7118        1.0653   529        1.1284        0.9368  1459710   16.98%
  31059  9689        1.0940   256        1.1284        0.9368  1571487   16.98%
  34424 13136        1.1169   482        1.1284        0.9368  1697266   16.98%
* 36477+14404                            1.1217        0.9368            16.48%
  38100 14570        1.1146   483        1.1217        0.9368  1832905   16.48%
  42137 16796        0.9369   805        1.1217        0.9368  1923179   16.48%
Elapsed time = 604.33 sec. (48672.68 ticks, tree = 1188.30 MB, solutions = 114)
* 43363+16104                            1.1133        0.9368            15.85%
* 43390+16100                            1.0779        0.9368            13.09%
  43680  9195        1.0207   502        1.0779        0.9368  2043247   13.09%
* 43687+17430                            1.0779        0.9368            13.09%
* 44421+ 9182                            1.0766        0.9368            12.98%
  44719  9651        cutoff              1.0766        0.9368  2084045   12.98%
* 45609+ 9630                            1.0765        0.9368            12.98%
  45825 10137        cutoff              1.0765        0.9368  2138700   12.98%
* 45977+10092                            1.0624        0.9368            11.82%
  46188  8247        1.0579   689        1.0624        0.9368  2161439   11.82%
* 46630+10161                            1.0553        0.9368            11.23%
  46634  8573        1.0384   496        1.0553        0.9368  2190420   11.23%
* 46654+10161                            1.0537        0.9368            11.10%
  47089  7249        0.9370   834        1.0537        0.9368  2219079   11.10%
* 47136+ 7099                            1.0405        0.9368             9.96%
* 47310+ 8415                            1.0385        0.9368             9.79%
* 47371+ 8414                            1.0367        0.9368             9.63%
  47379  6341        1.0196   636        1.0367        0.9368  2244150    9.63%
  47960  6217        1.0230   648        1.0367        0.9368  2268327    9.63%
* 48078+ 6186                            1.0332        0.9368             9.32%
* 48140+ 6254                            1.0320        0.9368             9.22%
* 48199+ 6254                            1.0318        0.9368             9.21%
* 48248+ 6254                            1.0313        0.9368             9.16%
* 48432+ 6279                            1.0309        0.9368             9.13%
  48448  6091        cutoff              1.0309        0.9368  2296220    9.13%
* 48544+ 6422                            1.0309        0.9368             9.13%
* 48686+ 6422                            1.0309        0.9368             9.13%
  49556  6360        1.0270   795        1.0309        0.9368  2348477    9.13%
Elapsed time = 669.03 sec. (58224.34 ticks, tree = 376.55 MB, solutions = 184)
  51178  7268        1.0301   662        1.0309        0.9368  2430488    9.13%
  52568  8924        0.9985   916        1.0309        0.9368  2598451    9.13%
  54328  9732        cutoff              1.0309        0.9368  2691481    9.13%
  56533 11184        cutoff              1.0309        0.9368  2836512    9.13%
  58557 12079        1.0049   804        1.0309        0.9368  2924918    9.13%
* 58745+13077                            1.0305        0.9368             9.09%
* 58878+13246                            1.0301        0.9368             9.05%
* 59313+13077                            1.0299        0.9368             9.04%
* 59342+13007                            1.0290        0.9368             8.96%
  59700 14364        0.9909   450        1.0290        0.9368  3095514    8.96%
* 59755+13229                            1.0284        0.9368             8.91%
* 60296+13077                            1.0283        0.9368             8.90%
* 60919+13077                            1.0281        0.9368             8.88%
  61300 14790        1.0092   648        1.0281        0.9368  3130475    8.88%
* 61867+13077                            1.0146        0.9368             7.66%
  62884 16357        1.0121   625        1.0146        0.9368  3254011    7.66%
  64810 17214        1.0287   506        1.0146        0.9368  3319603    7.66%
  66895 18120        1.0296   405        1.0146        0.9368  3392937    7.66%
Elapsed time = 728.05 sec. (67765.71 ticks, tree = 1314.71 MB, solutions = 186)
* 67535+13077                            1.0098        0.9368             7.22%
  69078 20418        1.0256   547        1.0098        0.9368  3548354    7.22%
  71082 20499        1.0050   698        1.0098        0.9368  3628671    7.22%
  73479 22344        1.0190   514        1.0098        0.9368  3739825    7.22%
  75660 24358        0.9381   624        1.0098        0.9368  3867903    7.22%
  77722 25828        1.0099   775        1.0098        0.9368  3959195    7.22%
  79655 26872        1.0251   481        1.0098        0.9368  4027919    7.22%
  82041 26901        1.0113   673        1.0098        0.9368  4198927    7.22%
  84302 28012        1.0066   562        1.0098        0.9368  4281519    7.22%
  86497 26637        cutoff              1.0098        0.9368  4364115    7.22%
* 86983+16254                            1.0097        0.9368             7.21%
* 87186+16370                            1.0080        0.9368             7.06%
  87820 16391        1.0021   604        1.0080        0.9368  4448774    7.06%
Elapsed time = 787.81 sec. (77306.88 ticks, tree = 1137.55 MB, solutions = 241)
  89454 16729        0.9990   690        1.0080        0.9368  4623012    7.06%
  91774 17022        0.9956   652        1.0080        0.9369  4655404    7.06%
  94517 18444        1.0070   517        1.0080        0.9369  4810702    7.06%
  97318 19872        0.9861   645        1.0080        0.9371  4938881    7.04%
 100320 22742        0.9406   728        1.0080        0.9372  5184922    7.03%
 103319 26537        1.0062   485        1.0080        0.9372  5485739    7.03%
 106425 27697        0.9773   649        1.0080        0.9374  5579771    7.01%
 108635 28639        1.0062   634        1.0080        0.9375  5642231    7.00%
 110688 30629        1.0072   505        1.0080        0.9375  5806963    7.00%
*111222+22130                            0.9995        0.9375             6.20%
*111222+14753                            0.9974        0.9375             6.00%
*111222+ 9834                            0.9973        0.9375             6.00%
*111222+ 6556                            0.9887        0.9375             5.17%
 111222  6557        0.9368   568        0.9887        0.9375  6017339    5.17%
Elapsed time = 1017.70 sec. (110132.72 ticks, tree = 404.32 MB, solutions = 265)
 111226  6561        0.9368   788        0.9887        0.9375  6020266    5.17%
 111245  2080        0.9368   708        0.9887        0.9375  6035312    5.17%
 111411    59        0.9489   662        0.9887        0.9375  6125372    5.17%
 111716   219        0.9398   660        0.9887        0.9375  6245617    5.17%
 112210   418        0.9819   481        0.9887        0.9375  6333192    5.17%
 112823   689        0.9479   670        0.9887        0.9375  6428100    5.17%
 113264  1010        0.9873   492        0.9887        0.9375  6517461    5.17%
*113410+  914                            0.9874        0.9375             5.05%
 113783  1213        0.9490   497        0.9874        0.9375  6567252    5.05%
*113926+   31                            0.9871        0.9375             5.02%
*114096+  663                            0.9870        0.9375             5.01%
 114135  1374        cutoff              0.9870        0.9375  6606165    5.01%
*114144+ 1393                            0.9851        0.9375             4.83%
 114363  1402        0.9840   479        0.9851        0.9375  6647580    4.83%
Elapsed time = 1091.78 sec. (119749.00 ticks, tree = 56.29 MB, solutions = 270)
*114675+ 1170                            0.9833        0.9375             4.65%
 114737  1489        0.9799   603        0.9833        0.9375  6669800    4.65%
 115335  1558        0.9370   675        0.9833        0.9375  6696426    4.65%
*115622+ 1717                            0.9831        0.9375             4.63%
*115645+ 1792                            0.9823        0.9375             4.55%
 116126  1955        0.9740   475        0.9823        0.9375  6780548    4.55%
 116971  2220        0.9804   679        0.9823        0.9375  6823822    4.55%
 117907  2894        0.9701   476        0.9823        0.9375  6939064    4.55%
 118921  3366        cutoff              0.9823        0.9375  7008592    4.55%
 120006  4195        0.9474   435        0.9823        0.9375  7128698    4.55%
 121284  4727        0.9756   470        0.9823        0.9375  7195672    4.55%
 122586  5737        0.9752   552        0.9823        0.9375  7310787    4.55%
 123969  6680        0.9816   654        0.9823        0.9375  7427326    4.55%
Elapsed time = 1151.44 sec. (129297.78 ticks, tree = 418.71 MB, solutions = 280)
 125151  7481        0.9813   597        0.9823        0.9375  7509064    4.55%
 126390  7768        0.9606   570        0.9823        0.9375  7545681    4.55%
 127562  8610        0.9688   540        0.9823        0.9376  7639945    4.55%
 128575  9421        0.9820   503        0.9823        0.9377  7735140    4.54%
 129722  9941        0.9397   651        0.9823        0.9380  7806897    4.50%
 130847 10310        0.9632   543        0.9823        0.9383  7848963    4.48%
 131872 11151        0.9397   662        0.9823        0.9383  7950976    4.48%
 133064 11571        0.9786   496        0.9823        0.9385  7995610    4.45%
 134405 12001        0.9804   545        0.9823        0.9385  8047169    4.45%
 142211 14838        0.9763   506        0.9823        0.9392  8335242    4.38%
Elapsed time = 1272.38 sec. (141701.20 ticks, tree = 1015.77 MB, solutions = 280)
 148880 19965        0.9570   483        0.9823        0.9407  8747963    4.23%
 158003 26178        0.9819   465        0.9823        0.9417  9149683    4.13%
 168740 31975        0.9730   389        0.9823        0.9422  9469061    4.07%
 180417 36071        0.9465   508        0.9823        0.9429  9684790    4.01%
 186797 43178        0.9514   456        0.9823        0.9433 10005899    3.97%
 198678 49281        0.9639   603        0.9823        0.9436 10243213    3.94%
 209351 55289        0.9455   481        0.9823        0.9443 10473060    3.87%
 218598 62683        0.9770   317        0.9823        0.9443 10725764    3.87%
 231493 68948        0.9653   456        0.9823        0.9447 10934290    3.83%
 240083 76647        0.9822   388        0.9823        0.9447 11169693    3.82%
Elapsed time = 1734.74 sec. (179854.02 ticks, tree = 5612.43 MB, solutions = 280)
Nodefile size = 3555.77 MB (3085.35 MB after compression)
 249898 83995        0.9796   383        0.9823        0.9451 11405430    3.78%
 263138 89487        0.9786   398        0.9823        0.9451 11575725    3.78%
 268369 96886        0.9792   348        0.9823        0.9453 11787458    3.76%
 285469 104795        0.9783   325        0.9823        0.9454 12021831    3.75%
 291820 111090        0.9606   431        0.9823        0.9454 12202988    3.75%
 299743 120971        0.9772   213        0.9823        0.9457 12485036    3.73%
*300630+119948                            0.9819        0.9457             3.69%
*301684+120360                            0.9775        0.9457             3.25%
 304013 92226        0.9732   349        0.9775        0.9458 12566581    3.25%
*304346+91786                            0.9775        0.9458             3.25%
*304629+91585                            0.9775        0.9458             3.25%
*304642+92015                            0.9774        0.9458             3.24%
 307842 93294        cutoff              0.9774        0.9458 12637804    3.24%
 313050 96753        0.9665   377        0.9774        0.9459 12750109    3.23%
 327810 101086        0.9774   376        0.9774        0.9459 12902558    3.22%
Elapsed time = 2216.80 sec. (218005.39 ticks, tree = 7424.85 MB, solutions = 312)
Nodefile size = 5352.80 MB (4656.28 MB after compression)
 333153 111025        0.9620   417        0.9774        0.9460 13245310    3.21%
 347310 115294        cutoff              0.9774        0.9462 13403573    3.20%
 353771 124106        0.9754   347        0.9774        0.9463 13735374    3.18%
 366267 128824        0.9508   465        0.9774        0.9464 13917981    3.17%
 375187 135357        0.9768   390        0.9774        0.9464 14157797    3.17%
 383027 143419        0.9706   424        0.9774        0.9466 14445310    3.15%
 397261 149303        0.9538   479        0.9774        0.9466 14653435    3.15%
 402607 158823        0.9693   368        0.9774        0.9469 14967863    3.12%
 417554 164406        0.9770   251        0.9774        0.9470 15146545    3.11%
 423683 171652        0.9628   421        0.9774        0.9470 15384012    3.11%
Elapsed time = 2801.95 sec. (256155.81 ticks, tree = 12876.43 MB, solutions = 312)
Nodefile size = 10815.84 MB (9427.58 MB after compression)
 435930 177744        0.9769   463        0.9774        0.9472 15602491    3.09%
 445457 185419        0.9751   320        0.9774        0.9472 15869349    3.09%
*445735+186009                            0.9772        0.9472             3.07%
*446862+186660                            0.9771        0.9473             3.05%
*447712+186530                            0.9771        0.9473             3.04%
*448068+187457                            0.9770        0.9473             3.04%
 448490 187466        0.9735   429        0.9770        0.9473 16026108    3.04%
 460846 189621        0.9690   466        0.9770        0.9474 16122183    3.04%
 467967 199712        0.9482   522        0.9770        0.9474 16448928    3.03%
 479581 204280        0.9739   360        0.9770        0.9477 16603775    3.01%
 490157 210413        0.9513   518        0.9770        0.9477 16801400    3.01%
 497304 218897        0.9648   361        0.9770        0.9478 17092279    2.99%
 512463 223534        0.9605   534        0.9770        0.9479 17255623    2.99%
 517969 233175        0.9490   474        0.9770        0.9480 17579144    2.97%
Elapsed time = 3213.40 sec. (294308.76 ticks, tree = 17637.90 MB, solutions = 321)
Nodefile size = 15578.02 MB (13592.79 MB after compression)
 533309 238086        0.9647   451        0.9770        0.9480 17741574    2.97%
 539576 244993        0.9715   371        0.9770        0.9481 17968453    2.96%
*540517+245610                            0.9768        0.9482             2.94%
 543426 247613        0.9550   426        0.9768        0.9482 18124268    2.93%
 557483 254366        0.9766   419        0.9768        0.9482 18352624    2.93%
 564173 261177        0.9579   450        0.9768        0.9484 18580177    2.91%
 580155 267598        0.9569   507        0.9768        0.9484 18788633    2.91%
 586145 274859        0.9595   502        0.9768        0.9485 19025753    2.90%
 600596 282627        0.9679   467        0.9768        0.9486 19303703    2.89%
 608010 290523        0.9517   579        0.9768        0.9487 19593274    2.88%
 622638 294254        0.9631   454        0.9768        0.9488 19728691    2.87%
Elapsed time = 3634.48 sec. (332457.94 ticks, tree = 22368.85 MB, solutions = 325)
Nodefile size = 20298.02 MB (17721.69 MB after compression)
 629801 303723        cutoff              0.9768        0.9489 20065839    2.86%
 642449 307815        0.9599   456        0.9768        0.9490 20206196    2.85%
 651961 316516        0.9745   391        0.9768        0.9490 20527040    2.85%
 658884 322485        0.9711   413        0.9768        0.9491 20722557    2.84%
*659856+322611                            0.9768        0.9491             2.83%
 669852 326609        cutoff              0.9768        0.9492 20884688    2.83%
 677269 334033        0.9700   544        0.9768        0.9492 21155388    2.82%
 693135 340403        0.9669   391        0.9768        0.9493 21388582    2.82%
 699908 349654        0.9689   383        0.9768        0.9494 21694397    2.81%
 713488 352850        0.9762   302        0.9768        0.9495 21808818    2.80%
 723316 362172        0.9735   406        0.9768        0.9495 22114443    2.80%
Elapsed time = 4160.63 sec. (370610.01 ticks, tree = 27647.89 MB, solutions = 326)
Nodefile size = 25588.21 MB (22354.79 MB after compression)
 731920 367385        0.9726   404        0.9768        0.9496 22284898    2.78%
 747038 374865    infeasible              0.9768        0.9497 22530883    2.78%
 752902 383284        cutoff              0.9768        0.9498 22820746    2.77%
 769787 387941        0.9734   399        0.9768        0.9498 22982059    2.77%
 776342 398466        0.9722   491        0.9768        0.9499 23307108    2.76%
 790479 402642        cutoff              0.9768        0.9499 23446604    2.75%
 799234 412519        0.9506   505        0.9768        0.9499 23774722    2.75%
 803461 416075        0.9641   453        0.9768        0.9500 23889607    2.75%
 819517 419689        0.9689   438        0.9768        0.9501 23999452    2.74%
 827155 430624        cutoff              0.9768        0.9501 24365791    2.74%
Elapsed time = 4711.82 sec. (408760.15 ticks, tree = 32967.76 MB, solutions = 326)
Nodefile size = 30907.34 MB (27011.29 MB after compression)
 840128 435101        0.9697   415        0.9768        0.9502 24519054    2.72%
 851338 442026        0.9659   408        0.9768        0.9502 24743085    2.72%
 857587 450658        0.9682   395        0.9768        0.9503 25010318    2.71%
 874249 456928        0.9750   448        0.9768        0.9503 25200086    2.71%
 881631 464884        0.9746   407        0.9768        0.9504 25459707    2.70%
 895190 469724        0.9734   330        0.9768        0.9504 25616415    2.70%
 906646 478357        0.9765   363        0.9768        0.9504 25892425    2.70%
 913024 486622        0.9752   381        0.9768        0.9505 26145727    2.69%
 924497 493030        cutoff              0.9768        0.9506 26363000    2.69%
 932543 497862        0.9763   369        0.9768        0.9506 26512819    2.68%
Elapsed time = 5226.55 sec. (446910.87 ticks, tree = 38196.56 MB, solutions = 326)
Nodefile size = 36130.60 MB (31579.34 MB after compression)
 950195 504151        0.9613   441        0.9768        0.9506 26705879    2.68%
 957112 512331        cutoff              0.9768        0.9506 26969315    2.68%
 967787 518308        0.9723   281        0.9768        0.9508 27163392    2.67%
 982036 526359        0.9702   425        0.9768        0.9508 27416483    2.67%
 988124 532565        0.9694   370        0.9768        0.9509 27611970    2.66%
 1004414 539326        0.9733   365        0.9768        0.9509 27828993    2.65%
 1012158 548439        0.9729   304        0.9768        0.9509 28126357    2.65%
 1021994 554145        0.9757   287        0.9768        0.9510 28307840    2.64%
 1038040 560168        0.9756   371        0.9768        0.9510 28493617    2.64%
 1044007 570048        0.9544   553        0.9768        0.9511 28802025    2.63%
Elapsed time = 5757.03 sec. (485065.42 ticks, tree = 43809.54 MB, solutions = 326)
Nodefile size = 41748.78 MB (36494.42 MB after compression)
 1059737 573827        0.9698   438        0.9768        0.9511 28918579    2.63%
 1067166 582791        0.9766   330        0.9768        0.9511 29200680    2.63%
 1074675 588264        cutoff              0.9768        0.9512 29370067    2.62%
 1091841 593523        0.9748   335        0.9768        0.9512 29535887    2.62%
 1097792 601591        0.9598   423        0.9768        0.9513 29795105    2.61%
 1112138 608826        0.9726   375        0.9768        0.9513 30024882    2.61%
 1123688 617765        0.9767   374        0.9768        0.9513 30306202    2.61%
 1130152 622963        0.9764   449        0.9768        0.9514 30462639    2.60%
 1148258 628836        0.9519   421        0.9768        0.9514 30660909    2.60%
 1154528 637559        0.9721   350        0.9768        0.9514 30938487    2.60%
Elapsed time = 6269.38 sec. (523216.71 ticks, tree = 49062.69 MB, solutions = 326)
Nodefile size = 46998.66 MB (41081.23 MB after compression)
 1159386 642680        0.9562   488        0.9768        0.9515 31105672    2.59%
 1174228 645694        cutoff              0.9768        0.9515 31209376    2.59%
 1180342 653867        0.9746   307        0.9768        0.9516 31475901    2.58%
 1197761 661032        0.9743   399        0.9768        0.9516 31702624    2.58%
 1205073 668106        cutoff              0.9768        0.9516 31918025    2.58%
 1215336 674491        0.9698   342        0.9768        0.9517 32118996    2.57%
 1231534 680798        cutoff              0.9768        0.9517 32311853    2.57%
 1236797 691698        0.9519   450        0.9768        0.9517 32631993    2.57%
 1249973 695194        0.9728   194        0.9768        0.9518 32736023    2.56%
 1263566 701811        cutoff              0.9768        0.9518 32936219    2.56%
Elapsed time = 6757.79 sec. (561368.11 ticks, tree = 54061.52 MB, solutions = 326)
Nodefile size = 51981.04 MB (45430.97 MB after compression)
 1268558 710421        0.9750   299        0.9768        0.9519 33191021    2.55%
 1284345 717040        0.9768   380        0.9768        0.9519 33391969    2.55%
 1295080 724797        0.9741   380        0.9768        0.9519 33623232    2.55%
 1301110 730605        0.9559   415        0.9768        0.9520 33801783    2.54%
 1318286 736072        0.9682   425        0.9768        0.9520 33963004    2.54%
 1327211 746766        0.9531   406        0.9768        0.9520 34264173    2.54%
 1330109 751680        0.9675   363        0.9768        0.9521 34414404    2.53%
 1343666 756052        0.9657   478        0.9768        0.9521 34547790    2.53%
 1357089 760817        0.9734   443        0.9768        0.9521 34691346    2.53%
 1362368 770489        0.9682   418        0.9768        0.9521 34982286    2.53%
Elapsed time = 7269.65 sec. (599517.70 ticks, tree = 59408.42 MB, solutions = 326)
Nodefile size = 57344.51 MB (50107.93 MB after compression)
 1376131 775321        0.9753   424        0.9768        0.9522 35125556    2.52%
 1390098 782594        0.9746   369        0.9768        0.9522 35323477    2.52%
 1394625 791053        0.9708   417        0.9768        0.9522 35566233    2.52%
 1408051 796315        0.9719   158        0.9768        0.9523 35716047    2.51%
 1422034 802030        0.9648   440        0.9768        0.9523 35885101    2.51%
 1427296 809757        0.9717   433        0.9768        0.9523 36116435    2.51%
 1439309 817435        0.9768   242        0.9768        0.9524 36356644    2.50%
 1454714 823877        0.9757   457        0.9768        0.9524 36543671    2.50%
 1460101 832446        cutoff              0.9768        0.9524 36806070    2.50%
 1466144 837981        0.9768   435        0.9768        0.9525 36968988    2.49%
Elapsed time = 7822.64 sec. (637670.08 ticks, tree = 64660.57 MB, solutions = 326)
Nodefile size = 62587.55 MB (54682.63 MB after compression)
 1482902 841155        cutoff              0.9768        0.9525 37061530    2.49%
 1487768 852618        0.9733   310        0.9768        0.9525 37381031    2.49%
 1501069 855850        0.9685   401        0.9768        0.9526 37471964    2.48%
 1515561 862105        0.9650   422        0.9768        0.9526 37656050    2.48%
 1520677 872221        0.9724   434        0.9768        0.9526 37949294    2.48%
 1534049 877655        0.9759   254        0.9768        0.9527 38103013    2.47%
 1548866 884129        cutoff              0.9768        0.9527 38294426    2.47%
 1554039 895297        0.9753   298        0.9768        0.9527 38620952    2.47%
 1565724 900446        0.9618   469        0.9768        0.9528 38772467    2.46%
 1583043 906744        cutoff              0.9768        0.9528 38952052    2.46%
Elapsed time = 8268.38 sec. (675820.24 ticks, tree = 70017.35 MB, solutions = 326)
Nodefile size = 67937.83 MB (59342.58 MB after compression)
 1588055 917166        0.9633   395        0.9768        0.9528 39239132    2.46%
 1597957 923514        0.9706   388        0.9768        0.9529 39412634    2.45%
 1616715 928411        0.9764   429        0.9768        0.9529 39546143    2.45%
 1622674 939632        0.9723   354        0.9768        0.9529 39858679    2.45%
 1631510 945579        cutoff              0.9768        0.9530 40021400    2.44%
 1643612 950294        0.9713   304        0.9768        0.9530 40153284    2.44%
*1644286+947980                            0.9768        0.9530             2.43%
*1647137+954578                            0.9767        0.9530             2.43%
*1647283+954612                            0.9767        0.9530             2.43%
*1647584+954637                            0.9767        0.9530             2.42%
 1652819 955155        0.9531   461        0.9767        0.9531 40419815    2.42%
 1670627 961392        0.9741   301        0.9767        0.9531 40596369    2.41%
 1681270 970579        0.9549   446        0.9767        0.9531 40859004    2.41%
 1687456 977211        0.9745   435        0.9767        0.9531 41047993    2.41%
Elapsed time = 8718.44 sec. (713971.28 ticks, tree = 75507.18 MB, solutions = 329)
Nodefile size = 73439.91 MB (64134.25 MB after compression)
 1705708 984202        cutoff              0.9767        0.9532 41254236    2.40%
 1715804 991645        cutoff              0.9767        0.9532 41464231    2.40%
 1722123 1000853        0.9696   396        0.9767        0.9533 41727882    2.40%
 1740563 1006551    infeasible              0.9767        0.9533 41897853    2.39%
 1751431 1014942    infeasible              0.9767        0.9533 42146306    2.39%
 1757111 1024926        0.9746   303        0.9767        0.9534 42429233    2.39%
 1768243 1027321        0.9763   384        0.9767        0.9534 42498996    2.39%
 1780213 1034691        0.9719   446        0.9767        0.9534 42719007    2.38%
 1786764 1041980        0.9748   367        0.9767        0.9534 42926263    2.38%
 1805463 1048837        0.9663   400        0.9767        0.9534 43139050    2.38%
Elapsed time = 9177.87 sec. (752123.86 ticks, tree = 81087.03 MB, solutions = 329)
Nodefile size = 79015.71 MB (68991.41 MB after compression)
 1814432 1058616        0.9713   376        0.9767        0.9534 43430079    2.38%
 1821592 1063793        0.9766   404        0.9767        0.9535 43591000    2.37%
 1840628 1072760        0.9661   455        0.9767        0.9536 43848046    2.37%
 1851051 1078147        0.9714   413        0.9767        0.9536 43996203    2.37%
 1857754 1089982        cutoff              0.9767        0.9536 44312687    2.36%
 1875796 1093826        0.9733   274        0.9767        0.9536 44421057    2.36%
 1886800 1102909        0.9597   362        0.9767        0.9536 44681927    2.36%
 1893897 1112700        0.9711   388        0.9767        0.9537 44959951    2.35%
 1912964 1116966        0.9727   458        0.9767        0.9537 45077305    2.35%
 1920678 1126826        0.9541   468        0.9767        0.9537 45348574    2.35%
Elapsed time = 9666.15 sec. (790277.97 ticks, tree = 87165.82 MB, solutions = 329)
Nodefile size = 85097.80 MB (74288.37 MB after compression)
 1926805 1133902        0.9538   457        0.9767        0.9538 45547036    2.34%
 1944567 1137606        0.9657   364        0.9767        0.9538 45653654    2.34%
 1957424 1145887        0.9611   390        0.9767        0.9538 45882608    2.34%
 1963739 1156952        0.9755   306        0.9767        0.9539 46189509    2.33%
 1979298 1161969        0.9713   347        0.9767        0.9539 46329146    2.33%
 1993877 1169623        0.9681   470        0.9767        0.9539 46551047    2.33%
 1999742 1181907        0.9634   355        0.9767        0.9540 46903095    2.32%
 2013388 1185798        0.9666   420        0.9767        0.9540 47020994    2.32%
 2028861 1191507        0.9743   348        0.9767        0.9540 47183224    2.32%
 2033615 1203526        0.9750   403        0.9767        0.9540 47507313    2.32%
Elapsed time = 10108.75 sec. (828430.70 ticks, tree = 93147.60 MB, solutions = 329)
Nodefile size = 91080.37 MB (79494.10 MB after compression)
 2044788 1209612        0.9658   375        0.9767        0.9541 47671891    2.31%
 2064973 1213779        0.9743   279        0.9767        0.9541 47796058    2.31%
 2071257 1227420        0.9668   387        0.9767        0.9541 48178714    2.31%
 2079279 1233751        0.9667   414        0.9767        0.9541 48365466    2.31%
 2099358 1237214        0.9764   346        0.9767        0.9541 48461482    2.31%
 2108389 1250266        0.9696   367        0.9767        0.9541 48841705    2.31%
 2115869 1257313        0.9701   371        0.9767        0.9542 49034102    2.30%
 2134701 1263966        0.9761   245        0.9767        0.9542 49213367    2.30%
*2139603+1267963                            0.9765        0.9542             2.28%
 2140670 1259947        0.9698   363        0.9765        0.9542 49414448    2.28%
 2148377 1267159        cutoff              0.9765        0.9543 49610298    2.27%
Elapsed time = 10424.23 sec. (866581.59 ticks, tree = 98110.28 MB, solutions = 330)
Nodefile size = 96043.79 MB (83813.20 MB after compression)
 2169290 1269718        0.9761   364        0.9765        0.9543 49684612    2.27%
 2178101 1283536        0.9710   477        0.9765        0.9543 50065347    2.27%
 2185173 1290576        0.9693   442        0.9765        0.9543 50266397    2.27%
 2203792 1294691        0.9643   392        0.9765        0.9544 50383692    2.27%
 2216421 1305876        0.9754   262        0.9765        0.9544 50714170    2.27%
 2222663 1310349        0.9762   359        0.9765        0.9544 50855238    2.26%
 2235537 1318019        0.9721   299        0.9765        0.9544 51082031    2.26%
 2252787 1327175        0.9670   489        0.9765        0.9544 51339529    2.26%
*2255242+1327557                            0.9765        0.9544             2.25%
 2257169 1334564        0.9726   282        0.9765        0.9545 51603037    2.25%
 2263990 1338822        0.9684   405        0.9765        0.9545 51715805    2.25%
Elapsed time = 10705.04 sec. (904732.74 ticks, tree = 103695.84 MB, solutions = 332)
Nodefile size = 101627.75 MB (88672.85 MB after compression)
 2284156 1345250        0.9708   257        0.9765        0.9545 51891949    2.25%
 2295806 1355020        cutoff              0.9765        0.9545 52148476    2.25%
 2302066 1364419        0.9750   362        0.9765        0.9546 52405416    2.24%
 2315387 1368178        0.9734   368        0.9765        0.9546 52511789    2.24%
 2334627 1373992        0.9739   402        0.9765        0.9546 52675573    2.24%
 2341282 1386098        cutoff              0.9765        0.9546 53016926    2.24%
 2350136 1394823        cutoff              0.9765        0.9547 53265338    2.23%
 2371163 1401432        0.9736   292        0.9765        0.9547 53448742    2.23%
 2379862 1411287        0.9740   517        0.9765        0.9547 53717750    2.23%
 2385796 1417657        cutoff              0.9765        0.9547 53891278    2.23%
Elapsed time = 11035.14 sec. (942884.85 ticks, tree = 109791.05 MB, solutions = 332)
Nodefile size = 107723.72 MB (93971.60 MB after compression)
 2399587 1423833        0.9746   397        0.9765        0.9547 54076958    2.23%
 2418105 1433115        cutoff              0.9765        0.9547 54325790    2.22%
 2424512 1440063        0.9643   459        0.9765        0.9547 54507290    2.22%
 2433474 1449475        0.9706   339        0.9765        0.9548 54770820    2.22%
 2454335 1452007        0.9760   278        0.9765        0.9548 54845246    2.22%
 2464965 1463803        0.9659   474        0.9765        0.9548 55149010    2.22%
 2471843 1471650        0.9750   303        0.9765        0.9548 55350770    2.21%
 2479960 1477617        0.9670   439        0.9765        0.9548 55510541    2.21%
 2499818 1484406    infeasible              0.9765        0.9549 55677324    2.21%
 2506575 1497334        0.9715   303        0.9765        0.9549 56026428    2.21%
Elapsed time = 11523.28 sec. (981034.42 ticks, tree = 115854.04 MB, solutions = 332)
Nodefile size = 113786.04 MB (99226.29 MB after compression)
 2515399 1501250        0.9712   337        0.9765        0.9549 56136435    2.21%
 2535816 1506845        0.9668   393        0.9765        0.9549 56286394    2.21%
 2546993 1514467        0.9709   334        0.9765        0.9549 56491715    2.21%
 2553824 1528871        0.9760   286        0.9765        0.9549 56892135    2.20%
 2566206 1534881        0.9763   342        0.9765        0.9550 57052695    2.20%
 2585844 1539094        0.9737   391        0.9765        0.9550 57173608    2.20%
 2593185 1551657        0.9762   350        0.9765        0.9550 57516954    2.20%
 2600650 1557881        cutoff              0.9765        0.9550 57686465    2.20%
 2618978 1562888    infeasible              0.9765        0.9550 57838972    2.19%
 2633661 1573000        0.9756   501        0.9765        0.9550 58117504    2.19%
Elapsed time = 12016.21 sec. (1019184.59 ticks, tree = 121758.80 MB, solutions = 332)
Nodefile size = 119684.88 MB (104357.07 MB after compression)
 2639831 1584876        cutoff              0.9765        0.9550 58450895    2.19%
 2649201 1590129        0.9753   373        0.9765        0.9551 58613876    2.19%
 2670051 1598211        0.9755   369        0.9765        0.9551 58835117    2.19%
 2677031 1602273        cutoff              0.9765        0.9551 58950404    2.19%
 2684396 1612055        0.9576   421        0.9765        0.9552 59215413    2.18%
 2701473 1618184        0.9742   291        0.9765        0.9552 59381255    2.18%
 2717481 1626640        0.9763   381        0.9765        0.9552 59611718    2.18%
 2724242 1635556        0.9763   268        0.9765        0.9552 59853751    2.18%
 2732627 1643789        0.9757   319        0.9765        0.9552 60083335    2.18%
 2753561 1647976        0.9701   413        0.9765        0.9552 60208611    2.17%
Elapsed time = 12488.90 sec. (1057335.82 ticks, tree = 127610.02 MB, solutions = 332)
Nodefile size = 125512.93 MB (109426.21 MB after compression)
 2764968 1656036        0.9753   334        0.9765        0.9552 60432026    2.17%
 2770344 1670526        0.9732   372        0.9765        0.9553 60833884    2.17%
 2776570 1673874        0.9760   367        0.9765        0.9553 60928890    2.17%
 2796391 1678010        0.9745   316        0.9765        0.9553 61041443    2.17%
 2811110 1685215        0.9701   326        0.9765        0.9553 61233260    2.17%
 2817087 1700130        0.9701   444        0.9765        0.9553 61627717    2.17%
 2825999 1704600        0.9699   378        0.9765        0.9554 61756167    2.16%
 2846840 1708105        0.9619   390        0.9765        0.9554 61851707    2.16%
 2858905 1721775        0.9761   298        0.9765        0.9554 62212995    2.16%
 2865433 1729781        0.9763   255        0.9765        0.9554 62447023    2.16%
Elapsed time = 12976.18 sec. (1095485.66 ticks, tree = 133997.73 MB, solutions = 332)
Nodefile size = 131922.92 MB (114995.87 MB after compression)
 2876300 1735913        cutoff              0.9765        0.9554 62613903    2.16%
 2897447 1745793        0.9710   444        0.9765        0.9554 62882228    2.15%
 2908129 1751235        0.9635   453        0.9765        0.9554 63025507    2.15%
 2914499 1763957        0.9710   345        0.9765        0.9555 63362604    2.15%
 2925588 1767491        0.9751   411        0.9765        0.9555 63455782    2.15%
 2939797 1776094        0.9760   366        0.9765        0.9555 63692064    2.15%
 2953587 1784096        0.9695   359        0.9765        0.9555 63909128    2.15%
 2961056 1792182        0.9761   370        0.9765        0.9555 64125791    2.15%
 2975707 1800483        cutoff              0.9765        0.9555 64361435    2.14%
 2994549 1803707        cutoff              0.9765        0.9555 64451684    2.14%
Elapsed time = 13459.72 sec. (1133635.50 ticks, tree = 139772.07 MB, solutions = 332)
Nodefile size = 137671.88 MB (119991.04 MB after compression)
 3002107 1815098        0.9718   375        0.9765        0.9555 64773892    2.14%
 3009854 1825492        0.9702   370        0.9765        0.9556 65064015    2.14%
 3027939 1829652        0.9699   345        0.9765        0.9556 65180301    2.14%
 3044576 1836022        0.9750   347        0.9765        0.9556 65354844    2.14%
 3051392 1847248        0.9752   270        0.9765        0.9556 65670141    2.14%
 3059446 1857966        0.9706   420        0.9765        0.9556 65959679    2.13%
 3079948 1860505        0.9685   354        0.9765        0.9556 66025819    2.13%
 3095490 1873956        0.9765   363        0.9765        0.9556 66403430    2.13%
 3103055 1882717        0.9601   353        0.9765        0.9557 66656662    2.13%
 3110792 1891092        0.9755   302        0.9765        0.9557 66896951    2.13%
Elapsed time = 13976.49 sec. (1171786.99 ticks, tree = 146547.46 MB, solutions = 332)
Nodefile size = 144476.63 MB (125906.48 MB after compression)
*3112617+1889816                            0.9765        0.9557             2.13%
*3114090+1891512                            0.9763        0.9557             2.11%
 3124505 1869049        cutoff              0.9763        0.9557 67006758    2.11%
 3140846 1874639    infeasible              0.9763        0.9557 67165339    2.11%
 3148254 1888244        0.9746   286        0.9763        0.9557 67547117    2.10%
 3160482 1891863        0.9635   357        0.9763        0.9558 67650476    2.10%
 3184161 1902768        0.9723   377        0.9763        0.9558 67949592    2.10%
 3192989 1912960        0.9733   346        0.9763        0.9558 68223527    2.10%
 3201275 1920746        0.9630   387        0.9763        0.9558 68434720    2.10%
 3222019 1924486        cutoff              0.9763        0.9558 68539556    2.09%
 3238159 1934706        0.9724   355        0.9763        0.9558 68817003    2.09%
 3245467 1950006        0.9733   283        0.9763        0.9559 69249004    2.09%
Elapsed time = 14483.27 sec. (1209938.37 ticks, tree = 151019.68 MB, solutions = 335)
Nodefile size = 148946.38 MB (129800.12 MB after compression)
 3256711 1955412        cutoff              0.9763        0.9559 69411507    2.09%
 3279723 1965847        0.9744   352        0.9763        0.9559 69704729    2.09%
 3289824 1975160        0.9706   470        0.9763        0.9559 69967844    2.09%
 3296913 1982992        0.9742   352        0.9763        0.9559 70185940    2.08%
*3301126+1983137                            0.9759        0.9559             2.05%
*3302084+1919835                            0.9758        0.9559             2.03%
*3302574+1920125                            0.9758        0.9559             2.03%
 3305043 1880973        0.9664   507        0.9758        0.9559 70304680    2.03%
 3326777 1883559        0.9728   620        0.9758        0.9560 70384654    2.03%
 3338384 1900001        0.9716   433        0.9758        0.9560 70837224    2.03%
 3346039 1905971        0.9757   301        0.9758        0.9560 70995917    2.03%
 3358366 1912512        0.9644   420        0.9758        0.9560 71172825    2.02%
 3380610 1921152        0.9567   437        0.9758        0.9560 71400714    2.02%
Elapsed time = 15016.73 sec. (1248089.30 ticks, tree = 149080.07 MB, solutions = 337)
Nodefile size = 147011.01 MB (128151.85 MB after compression)
 3391271 1934436        cutoff              0.9758        0.9560 71763438    2.02%
 3399133 1942435        0.9587   549        0.9758        0.9560 71973846    2.02%
 3411047 1945716        0.9729   305        0.9758        0.9560 72063466    2.02%
*3431218+1955151                            0.9754        0.9561             1.99%
 3433142 1955571        0.9744   373        0.9754        0.9561 72334126    1.99%
*3437716+1957313                            0.9748        0.9561             1.93%
 3438002 1958861        0.9729   388        0.9748        0.9561 72428527    1.93%

Clique cuts applied:  490
Implied bound cuts applied:  18
Flow cuts applied:  29
Mixed integer rounding cuts applied:  121
Zero-half cuts applied:  43
Lift and project cuts applied:  40
Gomory fractional cuts applied:  40

Root node processing (before b&c):
  Real time             =  253.43 sec. (16463.36 ticks)
Parallel b&c, 32 threads:
  Real time             = 15059.37 sec. (1252450.68 ticks)
  Sync time (average)   = 10046.73 sec.
  Wait time (average)   =    9.01 sec.
                          ------------
Total (root+branch&cut) = 15312.81 sec. (1268914.03 ticks)
Solution found
