Model: Diversity_model_3
 - number of variables: 5228
   - binary=5026, integer=2, continuous=200
 - number of constraints: 13542
   - linear=13542
 - parameters: defaults
CPXPARAM_Read_DataCheck                          1
CPXPARAM_RandomSeed                              201804051
CPXPARAM_MIP_Strategy_LBHeur                     1
CPXPARAM_TimeLimit                               86400
CPXPARAM_MIP_Tolerances_MIPGap                   0.02
Tried aggregator 3 times.
MIP Presolve eliminated 9650 rows and 1336 columns.
MIP Presolve modified 270 coefficients.
Aggregator did 3892 substitutions.
All rows and columns eliminated.
Presolve time = 1.93 sec. (102.33 ticks)

Root node processing (before b&c):
  Real time             =    1.93 sec. (103.28 ticks)
Parallel b&c, 32 threads:
  Real time             =    0.00 sec. (0.00 ticks)
  Sync time (average)   =    0.00 sec.
  Wait time (average)   =    0.00 sec.
                          ------------
Total (root+branch&cut) =    1.93 sec. (103.28 ticks)
Solution found
