Model: Diversity_model_3
 - number of variables: 244
   - binary=52, integer=1, continuous=191
 - number of constraints: 425
   - linear=425
 - parameters: defaults
CPXPARAM_Read_DataCheck                          1
CPXPARAM_RandomSeed                              201804051
CPXPARAM_MIP_Strategy_LBHeur                     1
CPXPARAM_TimeLimit                               86400
CPXPARAM_MIP_Tolerances_MIPGap                   0.02
Tried aggregator 2 times.
MIP Presolve eliminated 295 rows and 114 columns.
MIP Presolve modified 260 coefficients.
Aggregator did 130 substitutions.
All rows and columns eliminated.
Presolve time = 0.00 sec. (0.70 ticks)

Root node processing (before b&c):
  Real time             =    0.00 sec. (0.73 ticks)
Parallel b&c, 32 threads:
  Real time             =    0.00 sec. (0.00 ticks)
  Sync time (average)   =    0.00 sec.
  Wait time (average)   =    0.00 sec.
                          ------------
Total (root+branch&cut) =    0.00 sec. (0.73 ticks)
Solution found
