Model: Diversity_model_3
 - number of variables: 6999
   - binary=4540, integer=2, continuous=2457
 - number of constraints: 16675
   - linear=16675
 - parameters: defaults
CPXPARAM_Read_DataCheck                          1
CPXPARAM_RandomSeed                              201804051
CPXPARAM_MIP_Strategy_LBHeur                     1
CPXPARAM_TimeLimit                               86400
CPXPARAM_MIP_Tolerances_MIPGap                   0.02
Tried aggregator 2 times.
MIP Presolve eliminated 491 rows and 488 columns.
MIP Presolve modified 320 coefficients.
Aggregator did 2591 substitutions.
Reduced MIP has 13593 rows, 3920 columns, and 36821 nonzeros.
Reduced MIP has 2430 binaries, 0 generals, 480 SOSs, and 0 indicators.
Presolve time = 0.13 sec. (66.48 ticks)
Probing changed sense of 40 constraints.
Probing time = 0.10 sec. (21.50 ticks)
Tried aggregator 2 times.
MIP Presolve eliminated 2586 rows and 304 columns.
Aggregator did 80 substitutions.
Reduced MIP has 10927 rows, 3536 columns, and 29511 nonzeros.
Reduced MIP has 2086 binaries, 0 generals, 480 SOSs, and 0 indicators.
Presolve time = 0.12 sec. (67.37 ticks)
Probing time = 0.13 sec. (17.27 ticks)
Clique table members: 18342.
MIP emphasis: balance optimality and feasibility.
MIP search method: dynamic search.
Parallel mode: deterministic, using up to 32 threads.
Root relaxation solution time = 0.89 sec. (136.35 ticks)

        Nodes                                         Cuts/
   Node  Left     Objective  IInf  Best Integer    Best Bound    ItCnt     Gap

      0     0        0.9048  1026                      0.9048     2436         
*     0+    0                            3.2773        0.9048            72.39%
      0     0        0.9079   841        3.2773    Cuts: 2070     3866   72.30%
      0     0        0.9153  1114        3.2773    Cuts: 1652     5272   72.07%
*     0+    0                            2.2244        0.9153            58.85%
      0     0        0.9179  1151        2.2244    Cuts: 1199     5948   58.74%
*     0+    0                            2.2048        0.9179            58.37%
*     0+    0                            2.2002        0.9179            58.28%
      0     0        0.9185  1059        2.2002     Cuts: 714     6552   58.26%
*     0+    0                            1.6928        0.9185            45.74%
      0     0        0.9191  1084        1.6928     Cuts: 774     7265   45.71%
*     0+    0                            1.6904        0.9191            45.63%

Repeating presolve.
Tried aggregator 2 times.
MIP Presolve eliminated 6423 rows and 1412 columns.
Aggregator did 40 substitutions.
Reduced MIP has 4464 rows, 2084 columns, and 13132 nonzeros.
Reduced MIP has 674 binaries, 0 generals, 480 SOSs, and 0 indicators.
Presolve time = 0.89 sec. (24.95 ticks)
Probing time = 0.64 sec. (4.59 ticks)
Tried aggregator 1 time.
MIP Presolve eliminated 513 rows and 100 columns.
Reduced MIP has 3951 rows, 1984 columns, and 11793 nonzeros.
Reduced MIP has 574 binaries, 0 generals, 480 SOSs, and 0 indicators.
Presolve time = 0.06 sec. (11.88 ticks)
Probing time = 0.11 sec. (2.80 ticks)
Tried aggregator 1 time.
MIP Presolve eliminated 20 rows and 4 columns.
Reduced MIP has 3931 rows, 1980 columns, and 11741 nonzeros.
Reduced MIP has 570 binaries, 0 generals, 480 SOSs, and 0 indicators.
Presolve time = 0.03 sec. (13.45 ticks)
Represolve time = 2.46 sec. (126.44 ticks)
Probing time = 0.67 sec. (2.80 ticks)
Clique table members: 4578.
MIP emphasis: balance optimality and feasibility.
MIP search method: dynamic search.
Parallel mode: deterministic, using up to 32 threads.
Root relaxation solution time = 4.79 sec. (176.01 ticks)

        Nodes                                         Cuts/
   Node  Left     Objective  IInf  Best Integer    Best Bound    ItCnt     Gap

*     0+    0                            1.6904        0.9191            45.63%
      0     0        0.9204   447        1.6904        0.9204    10109   45.55%
*     0+    0                            1.6587        0.9204            44.51%
      0     0        0.9269   443        1.6587     Cuts: 531    10769   44.12%
      0     0        0.9285   428        1.6587     Cuts: 302    11261   44.02%
      0     0        0.9285   421        1.6587     Cuts: 125    11430   44.02%
*     0+    0                            1.6400        0.9285            43.39%
      0     0        0.9285   423        1.6400     Cuts: 121    11603   43.39%
      0     0        0.9285   320        1.6400      Cuts: 45    11748   43.39%
      0     0        0.9285   355        1.6400     Cuts: 283    12099   43.39%
*     0+    0                            1.6377        0.9285            43.31%
*     0+    0                            1.4040        0.9285            33.87%
      0     2        0.9285   318        1.4040        0.9285    12099   33.87%
Elapsed time = 113.38 sec. (4627.17 ticks, tree = 0.02 MB, solutions = 10)
*     9+    2                            1.3905        0.9285            33.23%
*    11+    5                            1.3777        0.9285            32.61%
*    64+    8                            1.3776        0.9285            32.60%
*   170+   18                            1.3730        0.9285            32.38%
    922   449        1.3042   221        1.3730        0.9285    53355   32.38%
   3024  1783        1.2786   246        1.3730        0.9285   125892   32.38%
   3157  1857        0.9308   316        1.3730        0.9285   135298   32.38%
   4299  2158        1.2891   311        1.3730        0.9285   148292   32.38%
*  5843  3419      integral     0        1.3218        0.9285   196667   29.76%
   6730  3080        1.1959   174        1.3218        0.9290   238806   29.72%
*  7731+ 3533                            1.3194        0.9290            29.59%
*  8239+ 3799                            1.3126        0.9292            29.21%
*  8462+ 3173                            1.3117        0.9292            29.16%
*  8462+ 2114                            1.2647        0.9292            26.53%
*  8462+ 1409                            1.2632        0.9292            26.44%
   8462  1410        0.9285   300        1.2632        0.9292   326733   26.44%
   8464  1412        0.9285   408        1.2632        0.9292   327480   26.44%
   8469  1061        0.9717   408        1.2632        0.9292   329502   26.44%
*  8471+  705                            1.2618        0.9292            26.36%
*  8497+   40                            1.2604        0.9292            26.27%
   8559    43        1.0702   319        1.2604        0.9292   336887   26.27%
*  8620+   28                            1.2604        0.9292            26.27%
* 12153+ 2190                            1.2533        0.9292            25.86%
* 12223  2069      integral     0        1.2438        0.9292   452367   25.29%
  13198  2296        1.2121   237        1.2438        0.9292   469839   25.29%
Elapsed time = 360.69 sec. (11661.63 ticks, tree = 53.17 MB, solutions = 31)
* 14343+ 2655                            1.2380        0.9292            24.94%
* 14479+ 2594                            1.2222        0.9292            23.97%
* 16235+ 3322                            1.2029        0.9300            22.69%
* 16330  2998      integral     0        1.2023        0.9300   532769   22.65%
* 21336  6685      integral     0        1.1756        0.9302   609213   20.88%
* 22244  5543      integral     0        1.1616        0.9302   624130   19.92%
* 22971  5236      integral     0        1.1473        0.9323   636039   18.74%
* 23027  4457      integral     0        1.1468        0.9323   640593   18.70%
* 27086  6471      integral     0        1.1385        0.9496   695581   16.60%
* 29329  7753      integral     0        1.1384        0.9496   734748   16.59%
* 39319+13989                            1.1336        0.9735            14.12%
* 41192 16139      integral     0        1.1136        0.9740   892942   12.54%
* 42001+12006                            1.1134        0.9740            12.52%
* 42433+12485                            1.1119        0.9828            11.61%
* 44569+12760                            1.1108        0.9828            11.52%
  45270 13437        1.0828    56        1.1108        0.9854   954548   11.29%
* 45637 13161      integral     0        1.0977        0.9854   944029   10.23%
* 45703 11282      integral     0        1.0967        0.9854   968680   10.15%
* 55578 16941      integral     0        1.0942        0.9952  1071984    9.04%
* 55663 17354      integral     0        1.0941        0.9952  1086919    9.04%
* 59564 20597      integral     0        1.0921        0.9964  1142454    8.76%
* 60447 20008      integral     0        1.0797        0.9964  1132871    7.71%
* 62366 17940      integral     0        1.0797        0.9978  1176644    7.59%
* 62581 18493      integral     0        1.0710        0.9978  1188146    6.84%
* 62636 16024      integral     0        1.0710        0.9978  1192993    6.84%
* 68030+18757                            1.0708        0.9978             6.81%
  76451 25325        1.0297   264        1.0708        0.9978  1365794    6.81%
* 77318+17142                            1.0632        0.9978             6.15%
* 85115+17142                            1.0622        0.9978             6.05%
  85173 32192        1.0593    97        1.0622        0.9978  1506390    6.05%
Elapsed time = 397.15 sec. (16607.55 ticks, tree = 257.48 MB, solutions = 68)
* 87877+20372                            1.0597        0.9978             5.83%
* 89540+17142                            1.0587        0.9978             5.75%
* 92863+20551                            1.0564        0.9978             5.54%
  94547 37352        1.0516   205        1.0564        0.9978  1637401    5.54%
*106469+17142                            1.0532        0.9978             5.25%
 109487 44850        1.0386   216        1.0532        0.9978  1834478    5.25%
 120762 51062        1.0505   108        1.0532        0.9978  1998538    5.25%
 134930 57874        1.0606    77        1.0532        0.9978  2203511    5.25%
 148942 61818        1.0513   258        1.0532        0.9978  2354461    5.25%
 161495 58380        1.0601    55        1.0532        0.9978  2535841    5.25%
 173742 61670        1.0521   127        1.0532        0.9978  2673470    5.25%
 182756 64608        cutoff              1.0532        0.9978  2817367    5.25%
 194666 70185        1.0383   116        1.0532        0.9978  2926959    5.25%
 202868 73383        1.0518   124        1.0532        0.9978  3036959    5.25%
Elapsed time = 449.91 sec. (26145.10 ticks, tree = 272.34 MB, solutions = 101)
 217027 82032        1.0267   106        1.0532        0.9978  3222916    5.25%
 229689 86100        1.0443   162        1.0532        0.9978  3308635    5.25%
 241822 95223        1.0470   137        1.0532        0.9978  3488016    5.25%
 257073 104193        1.0348   119        1.0532        0.9978  3654702    5.25%
 274024 114407        1.0449   121        1.0532        0.9978  3845462    5.25%
 289040 127234        1.0433    69        1.0532        0.9978  4087503    5.25%
 301868 121670        1.0505    34        1.0532        0.9978  4260912    5.25%
 320922 132401        1.0486   125        1.0532        0.9978  4496208    5.25%
 336739 140649        1.0363    89        1.0532        1.0245  4691287    2.72%
 336740 146380        0.9289   373        1.0532        1.0248  4827756    2.70%
Elapsed time = 516.32 sec. (40540.10 ticks, tree = 430.88 MB, solutions = 206)
 336746 58555        0.9416   455        1.0532        1.0248  4831139    2.70%
 336964    28        0.9303   427        1.0532        1.0248  4847522    2.70%
 340731  1728        1.0373    81        1.0532        1.0248  5004059    2.70%
 350669  7436        cutoff              1.0532        1.0248  5240242    2.70%
 362259 14741        1.0486   103        1.0532        1.0248  5422271    2.70%
 374228 22999        1.0465    80        1.0532        1.0248  5595323    2.70%
 386690 30624        1.0363   113        1.0532        1.0248  5740396    2.70%
 399343 38754        cutoff              1.0532        1.0248  5887211    2.70%
 409469 46450        1.0422   127        1.0532        1.0248  6015566    2.70%
 422780 54018        1.0389    53        1.0532        1.0248  6139222    2.70%
Elapsed time = 580.47 sec. (50231.30 ticks, tree = 101.31 MB, solutions = 206)
 435977 64570        1.0285   103        1.0532        1.0248  6312874    2.70%
 449654 71815        cutoff              1.0532        1.0248  6433913    2.70%
 463098 81114        cutoff              1.0532        1.0248  6589258    2.70%
 477272 89943        1.0520   107        1.0532        1.0248  6737874    2.70%
 490818 100842        1.0385   124        1.0532        1.0248  6922365    2.70%
 505328 107588        cutoff              1.0532        1.0248  7034693    2.70%
 519584 117321        1.0467    96        1.0532        1.0248  7202401    2.70%
 534498 127041        1.0407    77        1.0532        1.0248  7360644    2.69%
 547142 134134        1.0298    91        1.0532        1.0253  7479855    2.65%
 558147 142790        1.0502    78        1.0532        1.0257  7688418    2.61%
Elapsed time = 642.47 sec. (59768.67 ticks, tree = 279.83 MB, solutions = 206)
 569374 151077        1.0485   102        1.0532        1.0259  7973109    2.59%
 580500 157804        1.0507    86        1.0532        1.0262  8201528    2.56%
 591746 163135        cutoff              1.0532        1.0265  8381278    2.53%
 603258 169669        1.0406    84        1.0532        1.0267  8609007    2.51%
 615115 179808        1.0525    64        1.0532        1.0269  8944377    2.49%
 626343 186975        cutoff              1.0532        1.0272  9184891    2.47%
 637497 192993        1.0391   119        1.0532        1.0274  9394016    2.44%
 648177 199418        1.0357   115        1.0532        1.0276  9650615    2.42%
 659032 205611        1.0419   104        1.0532        1.0279  9884198    2.40%
 670079 215065        1.0358   124        1.0532        1.0281 10236563    2.38%
Elapsed time = 698.96 sec. (69306.08 ticks, tree = 430.51 MB, solutions = 206)
 681512 220874        1.0441    88        1.0532        1.0283 10458911    2.36%
 692331 226699        1.0369   169        1.0532        1.0285 10680645    2.34%
 703984 235383        1.0525   110        1.0532        1.0287 10996701    2.33%
 715342 243353        1.0504    62        1.0532        1.0289 11297562    2.31%
 726272 249239        1.0516    69        1.0532        1.0290 11518716    2.29%
 737232 256804        cutoff              1.0532        1.0292 11810849    2.27%
 747430 261869        1.0451   112        1.0532        1.0294 12010395    2.25%
 758628 270780        1.0470   154        1.0532        1.0296 12372746    2.24%
 768885 275985        1.0440    86        1.0532        1.0298 12582139    2.22%
 780052 281895        1.0515    73        1.0532        1.0300 12814232    2.20%
Elapsed time = 762.72 sec. (78843.51 ticks, tree = 572.46 MB, solutions = 206)
 790853 289878        1.0500    92        1.0532        1.0301 13149997    2.19%
 802213 298624        cutoff              1.0532        1.0303 13491090    2.17%
 813194 305289        1.0508   106        1.0532        1.0305 13749283    2.16%
 824855 312444        1.0476    81        1.0532        1.0306 14016006    2.14%
 835905 318929        1.0522   152        1.0532        1.0308 14269440    2.13%
 846902 326238        1.0443    74        1.0532        1.0309 14555385    2.11%
 857162 331857        1.0463   112        1.0532        1.0311 14762560    2.10%
 868493 337169        1.0381   135        1.0532        1.0312 14975584    2.09%
 879064 346066        1.0467   112        1.0532        1.0313 15318475    2.07%
 889087 352252        1.0465    88        1.0532        1.0315 15561224    2.06%
Elapsed time = 825.60 sec. (88381.14 ticks, tree = 724.22 MB, solutions = 206)
 899569 359308    infeasible              1.0532        1.0316 15866416    2.05%
 910405 366497        1.0453   111        1.0532        1.0317 16179075    2.04%
 920582 371858        1.0531   113        1.0532        1.0318 16429309    2.02%

Clique cuts applied:  240
Implied bound cuts applied:  10
Flow cuts applied:  54
Mixed integer rounding cuts applied:  418
Zero-half cuts applied:  22
Lift and project cuts applied:  43
Gomory fractional cuts applied:  28

Root node processing (before b&c):
  Real time             =   97.32 sec. (4632.68 ticks)
Parallel b&c, 32 threads:
  Real time             =  764.22 sec. (87274.53 ticks)
  Sync time (average)   =  425.54 sec.
  Wait time (average)   =    3.03 sec.
                          ------------
Total (root+branch&cut) =  861.54 sec. (91907.21 ticks)
Solution found
