Model: Diversity_model_3
 - number of variables: 254
   - binary=54, integer=1, continuous=199
 - number of constraints: 495
   - linear=495
 - parameters: defaults
CPXPARAM_Read_DataCheck                          1
CPXPARAM_RandomSeed                              201804051
CPXPARAM_MIP_Strategy_LBHeur                     1
CPXPARAM_TimeLimit                               86400
CPXPARAM_MIP_Tolerances_MIPGap                   0.02
Tried aggregator 2 times.
MIP Presolve eliminated 360 rows and 119 columns.
MIP Presolve modified 270 coefficients.
Aggregator did 135 substitutions.
All rows and columns eliminated.
Presolve time = 0.00 sec. (0.85 ticks)

Root node processing (before b&c):
  Real time             =    0.00 sec. (0.89 ticks)
Parallel b&c, 32 threads:
  Real time             =    0.00 sec. (0.00 ticks)
  Sync time (average)   =    0.00 sec.
  Wait time (average)   =    0.00 sec.
                          ------------
Total (root+branch&cut) =    0.00 sec. (0.89 ticks)
Solution found
