Filter at 1std, 1count, 1%frequency
STD	Number of positions discarded due to coverage deviation: 725
COUNT	Number of nucleotides discarded due to low count: 86
COUNT	Number of columns discarded due to low leading to empty column: 0
FREQ	Number of nucleotides discarded due to low frequency: 0
FREQ	Number of columns discarded due to low frequency leading to empty column: 0
OUT	Number of variable positions: 11
OUT	Number of invariant positions: 4076
OUT	0 kept strains equivalence classes
Filter at 1std, 1 count, 0.5%frequency
STD	Number of positions discarded due to coverage deviation: 725
COUNT	Number of nucleotides discarded due to low count: 86
COUNT	Number of columns discarded due to low leading to empty column: 0
FREQ	Number of nucleotides discarded due to low frequency: 0
FREQ	Number of columns discarded due to low frequency leading to empty column: 0
OUT	Number of variable positions: 11
OUT	Number of invariant positions: 4076
OUT	0 kept strains equivalence classes
Filter at 2std, 1count, 1%frequency
STD	Number of positions discarded due to coverage deviation: 90
COUNT	Number of nucleotides discarded due to low count: 98
COUNT	Number of columns discarded due to low leading to empty column: 0
FREQ	Number of nucleotides discarded due to low frequency: 0
FREQ	Number of columns discarded due to low frequency leading to empty column: 0
OUT	Number of variable positions: 13
OUT	Number of invariant positions: 4709
OUT	0 kept strains equivalence classes
Filter at 2std, 1 count, 0.5%frequency
STD	Number of positions discarded due to coverage deviation: 90
COUNT	Number of nucleotides discarded due to low count: 98
COUNT	Number of columns discarded due to low leading to empty column: 0
FREQ	Number of nucleotides discarded due to low frequency: 0
FREQ	Number of columns discarded due to low frequency leading to empty column: 0
OUT	Number of variable positions: 13
OUT	Number of invariant positions: 4709
OUT	0 kept strains equivalence classes
