Model: Diversity_model_3
 - number of variables: 22488
   - binary=17622, integer=2, continuous=4864
 - number of constraints: 51396
   - linear=51396
 - parameters: defaults
CPXPARAM_Read_DataCheck                          1
CPXPARAM_RandomSeed                              201804051
CPXPARAM_MIP_Strategy_LBHeur                     1
CPXPARAM_TimeLimit                               86400
CPXPARAM_MIP_Tolerances_MIPGap                   0.02
Tried aggregator 2 times.
MIP Presolve eliminated 1034 rows and 1028 columns.
MIP Presolve modified 510 coefficients.
Aggregator did 9577 substitutions.
Reduced MIP has 40785 rows, 11883 columns, and 106540 nonzeros.
Reduced MIP has 9066 binaries, 0 generals, 1020 SOSs, and 0 indicators.
Presolve time = 1.21 sec. (246.34 ticks)
Probing changed sense of 51 constraints.
Probing time = 6.72 sec. (22.90 ticks)
Tried aggregator 2 times.
MIP Presolve eliminated 11269 rows and 3197 columns.
Aggregator did 102 substitutions.
Reduced MIP has 29414 rows, 8584 columns, and 78923 nonzeros.
Reduced MIP has 5818 binaries, 0 generals, 1020 SOSs, and 0 indicators.
Presolve time = 3.10 sec. (170.15 ticks)
Probing time = 2.32 sec. (67.25 ticks)
Tried aggregator 2 times.
MIP Presolve eliminated 6760 rows and 1276 columns.
Aggregator did 51 substitutions.
Reduced MIP has 22603 rows, 7257 columns, and 61297 nonzeros.
Reduced MIP has 4542 binaries, 0 generals, 1020 SOSs, and 0 indicators.
Presolve time = 1.97 sec. (181.92 ticks)
Probing time = 2.19 sec. (48.11 ticks)
Clique table members: 37956.
MIP emphasis: balance optimality and feasibility.
MIP search method: dynamic search.
Parallel mode: deterministic, using up to 32 threads.
Root relaxation solution time = 28.95 sec. (325.42 ticks)

        Nodes                                         Cuts/
   Node  Left     Objective  IInf  Best Integer    Best Bound    ItCnt     Gap

      0     0        0.8281  1111                      0.8281     3451         
      0     0        0.8283  1125                  Cuts: 2944     5226         
      0     0        0.8291  1359                  Cuts: 1609     6907         
      0     0        0.8294  1659                  Cuts: 1466     8263         
      0     0        0.8298  1682                  Cuts: 1596     9455         
*     0+    0                            1.4364        0.8298            42.23%
      0     0        0.8305  1614        1.4364     Cuts: 974    10363   42.19%
*     0+    0                            1.4357        0.8305            42.16%
*     0+    0                            1.4294        0.8305            41.90%
*     0+    0                            1.4266        0.8305            41.79%
*     0+    0                            1.4252        0.8305            41.73%

Repeating presolve.
Tried aggregator 1 time.
MIP Presolve eliminated 10830 rows and 2491 columns.
Reduced MIP has 11773 rows, 4766 columns, and 33825 nonzeros.
Reduced MIP has 2051 binaries, 0 generals, 1020 SOSs, and 0 indicators.
Presolve time = 0.18 sec. (50.06 ticks)
Probing time = 0.47 sec. (16.07 ticks)
Tried aggregator 1 time.
MIP Presolve eliminated 1686 rows and 382 columns.
Reduced MIP has 10087 rows, 4384 columns, and 29531 nonzeros.
Reduced MIP has 1669 binaries, 0 generals, 1020 SOSs, and 0 indicators.
Presolve time = 0.19 sec. (34.59 ticks)
Probing time = 0.30 sec. (15.65 ticks)
Tried aggregator 1 time.
MIP Presolve eliminated 1597 rows and 374 columns.
Reduced MIP has 8490 rows, 4010 columns, and 25492 nonzeros.
Reduced MIP has 1295 binaries, 0 generals, 1020 SOSs, and 0 indicators.
Presolve time = 0.15 sec. (29.27 ticks)
Probing time = 0.21 sec. (11.47 ticks)
Tried aggregator 1 time.
MIP Presolve eliminated 1031 rows and 202 columns.
Reduced MIP has 7459 rows, 3808 columns, and 22799 nonzeros.
Reduced MIP has 1093 binaries, 0 generals, 1020 SOSs, and 0 indicators.
Presolve time = 0.09 sec. (25.38 ticks)
Probing time = 0.22 sec. (7.24 ticks)
Tried aggregator 1 time.
MIP Presolve eliminated 426 rows and 85 columns.
Reduced MIP has 7033 rows, 3723 columns, and 21691 nonzeros.
Reduced MIP has 1008 binaries, 0 generals, 1020 SOSs, and 0 indicators.
Presolve time = 0.07 sec. (27.74 ticks)
Represolve time = 2.30 sec. (497.47 ticks)
Probing time = 0.32 sec. (7.27 ticks)
Clique table members: 11037.
MIP emphasis: balance optimality and feasibility.
MIP search method: dynamic search.
Parallel mode: deterministic, using up to 32 threads.
Root relaxation solution time = 26.41 sec. (395.54 ticks)

        Nodes                                         Cuts/
   Node  Left     Objective  IInf  Best Integer    Best Bound    ItCnt     Gap

*     0+    0                            1.4252        0.8305            41.73%
      0     0        0.8309   748        1.4252        0.8309    10398   41.70%
*     0+    0                            1.4231        0.8309            41.62%
      0     0        0.8383   552        1.4231     Cuts: 910    12543   41.09%
      0     0        0.8386   643        1.4231     Cuts: 517    13124   41.07%
      0     0        0.8386   646        1.4231     Cuts: 206    13514   41.07%
*     0+    0                            1.4217        0.8386            41.01%
*     0+    0                            1.4154        0.8386            40.75%
      0     0        0.8386   473        1.4154      Cuts: 79    13784   40.75%
      0     0        0.8386   537        1.4154      Cuts: 78    14053   40.75%
*     0+    0                            1.4014        0.8386            40.16%
      0     2        0.8386   433        1.4014        0.8386    14053   40.16%
Elapsed time = 128.24 sec. (10515.38 ticks, tree = 0.02 MB, solutions = 9)
     26    24        0.9584   389        1.4014        0.8386    18714   40.16%
    943   694        0.9389   406        1.4014        0.8386    72989   40.16%
   2547  1926        1.0483   313        1.4014        0.8386   141117   40.16%
*  3716+ 2897                            1.3948        0.8386            39.87%
   3851  2949        1.2377   148        1.3948        0.8386   182176   39.87%
*  4288+ 2982                            1.3246        0.8386            36.69%
   5020  3813        1.2857   117        1.3246        0.8386   232548   36.69%
*  5863+ 4604                            1.3186        0.8386            36.40%
   5894  4599        0.9709   392        1.3186        0.8386   274666   36.40%
*  6301+ 4352                            1.1921        0.8386            29.65%
*  6467+ 4352                            1.1825        0.8386            29.08%
   6493  5120        1.1363   136        1.1825        0.8386   300136   29.08%
*  6947+ 5264                            1.1731        0.8386            28.51%
   6973  5265        1.1674     7        1.1731        0.8386   326197   28.51%
*  7040  4241      integral     0        1.1694        0.8386   337998   28.29%
*  7417+ 4352                            1.1606        0.8386            27.74%
   7501  4371        1.0585   618        1.1606        0.8386   369108   27.74%
*  8266+ 4361                            1.1382        0.8386            26.32%
*  8511+ 4361                            1.1378        0.8386            26.29%
*  8619+ 4361                            1.1350        0.8386            26.11%
*  8763+ 4361                            1.0904        0.8386            23.09%
*  9393+ 5025                            1.0856        0.8386            22.75%
   9422  5647        0.9587   721        1.0856        0.8386   534683   22.75%
Elapsed time = 172.75 sec. (13627.68 ticks, tree = 16.14 MB, solutions = 55)
*  9424+ 5025                            1.0722        0.8386            21.78%
*  9426+ 5025                            1.0720        0.8386            21.77%
   9432  5085        0.8719   726        1.0720        0.8386   476727   21.77%
*  9433+ 2261                            1.0673        0.8386            21.42%
*  9433+ 1506                            1.0608        0.8393            20.87%
   9433  1507        0.8393   316        1.0608        0.8393   596823   20.87%
   9436  1506        0.8685   513        1.0608        0.8393   598621   20.87%
   9451   345        0.8891   484        1.0608        0.8393   603099   20.87%
  10383   470        1.0576   271        1.0608        0.8393   687807   20.87%
  12994  2326        0.9870   312        1.0608        0.8393   807341   20.87%
* 13376+ 2449                            1.0604        0.8393            20.85%
* 13376+ 2449                            1.0553        0.8393            20.46%
* 13439+ 2116                            1.0532        0.8393            20.31%
  13449  2571        0.8398   651        1.0532        0.8393   845642   20.31%
* 13467+ 2568                            1.0437        0.8393            19.58%
* 13791+ 2568                            1.0425        0.8393            19.49%
  13836  2103        1.0136   219        1.0425        0.8393   879211   19.49%
* 13848+ 2568                            1.0412        0.8393            19.39%
* 13903+ 2568                            1.0410        0.8393            19.37%
* 14054+ 2568                            1.0340        0.8393            18.83%
* 14460+ 2082                            0.9740        0.8393            13.83%
* 14638+  997                            0.9733        0.8393            13.76%
* 14647+ 2092                            0.9712        0.8393            13.58%
* 14728   900      integral     0        0.9691        0.8393   927935   13.39%
* 15105+  812                            0.9684        0.8393            13.33%
* 15106+  948                            0.9684        0.8393            13.33%
* 15238+  902                            0.9356        0.8393            10.29%
* 15266   609      integral     0        0.9340        0.8393   985339   10.13%
* 15896   715      integral     0        0.9323        0.8393   987897    9.97%
* 18389+ 1284                            0.9275        0.8393             9.50%
* 18443  2319      integral     0        0.9269        0.8393  1087664    9.45%
* 18878  2496      integral     0        0.9264        0.8393  1097847    9.40%
Elapsed time = 383.88 sec. (30990.17 ticks, tree = 5.52 MB, solutions = 131)
* 18904  2715      integral     0        0.9261        0.8393  1102859    9.36%
* 19636+ 2355                            0.9124        0.8393             8.01%
* 20016+ 2767                            0.9070        0.8393             7.46%
  22490  3625        0.9030   322        0.9070        0.8393  1209262    7.46%
* 23328+ 3533                            0.9061        0.8393             7.36%
* 23643+ 3829                            0.9061        0.8393             7.36%
* 23790+ 2912                            0.9060        0.8393             7.36%
* 24928+ 3912                            0.9058        0.8393             7.34%
* 25699  6630      integral     0        0.9043        0.8393  1375098    7.19%
  26224  6933        0.9025   313        0.9043        0.8393  1401346    7.19%
* 26854+ 6840                            0.8998        0.8393             6.72%
* 28050+ 6840                            0.8977        0.8393             6.50%
  28816  8733        0.8597   367        0.8977        0.8393  1511154    6.50%
* 28893+ 7046                            0.8912        0.8393             5.82%
* 29148+ 7972                            0.8907        0.8393             5.76%
* 29741+ 8258                            0.8890        0.8393             5.59%
  32274  5204        0.8651   293        0.8890        0.8393  1594776    5.59%
  38986 11102        0.8516   517        0.8890        0.8394  1831256    5.59%
* 40445 10145      integral     0        0.8852        0.8394  1782071    5.18%
* 40518  9740      integral     0        0.8847        0.8394  1863245    5.13%
  47657 13290        0.8768   226        0.8847        0.8404  2012409    5.01%
* 49465+12117                            0.8842        0.8404             4.95%
* 49900 15128      integral     0        0.8841        0.8407  2077811    4.90%
* 53182+16369                            0.8838        0.8407             4.87%
  58580 19166        0.8561   331        0.8838        0.8443  2190977    4.47%
* 64225+25249                            0.8837        0.8445             4.44%
* 64858+24425                            0.8834        0.8445             4.40%
* 65356+24840                            0.8833        0.8445             4.39%
* 65474+24741                            0.8821        0.8477             3.90%
  65758 27971        0.8836   197        0.8821        0.8477  2407712    3.90%
* 70065+24741                            0.8818        0.8477             3.86%
  73063 31955        0.8807   281        0.8818        0.8477  2499874    3.86%
Elapsed time = 430.97 sec. (39948.30 ticks, tree = 100.96 MB, solutions = 205)
* 73768+25249                            0.8814        0.8477             3.82%
* 77787+25028                            0.8813        0.8477             3.80%
* 78477+24612                            0.8812        0.8477             3.80%
  81004 39725        0.8759   185        0.8812        0.8477  2661370    3.80%
* 89219+24529                            0.8803        0.8477             3.69%
  90074 44395        0.8783   239        0.8803        0.8477  2762484    3.69%
  98059 54090        cutoff              0.8803        0.8477  2963169    3.69%
* 99145+24425                            0.8798        0.8477             3.65%
  99173 40831        0.8766   210        0.8798        0.8477  2980271    3.65%
*100702+25339                            0.8794        0.8477             3.60%
 100708 41095        0.8566   342        0.8794        0.8477  2997413    3.60%
*100915+40852                            0.8794        0.8477             3.60%
*101190+40997                            0.8783        0.8477             3.48%
*101220+40920                            0.8774        0.8477             3.38%
 105002 32056        cutoff              0.8774        0.8477  3020456    3.38%
*105799+32329                            0.8773        0.8477             3.37%
*107424+31932                            0.8770        0.8477             3.34%
*107846+34286                            0.8769        0.8477             3.33%
 111077 35210        0.8741   160        0.8769        0.8477  3084886    3.33%
 119035 41513        0.8755   223        0.8769        0.8477  3253253    3.33%
 127764 47374        0.8629   373        0.8769        0.8477  3371451    3.33%
 136033 50499        cutoff              0.8769        0.8477  3438827    3.33%
Elapsed time = 467.62 sec. (49487.43 ticks, tree = 164.01 MB, solutions = 242)
 144069 58563        0.8686   328        0.8769        0.8477  3610306    3.33%
 153075 63849        0.8716   219        0.8769        0.8477  3714444    3.33%
 163565 69521        0.8653   310        0.8769        0.8477  3829781    3.33%
 172601 76648        0.8715   206        0.8769        0.8477  3972263    3.33%
 175930 85046        0.8742   232        0.8769        0.8477  4134154    3.33%
 176693 86690        0.8708   266        0.8769        0.8477  4167234    3.33%
 182233 87050        0.8710   232        0.8769        0.8478  4173175    3.33%
 195141 92872        0.8693   272        0.8769        0.8478  4283997    3.33%
 206673 100942        0.8768   198        0.8769        0.8492  4428673    3.17%
 209223 113956        0.8393   385        0.8769        0.8524  4681601    2.80%
Elapsed time = 555.69 sec. (70998.64 ticks, tree = 405.84 MB, solutions = 306)
 209225 113957        0.8393   421        0.8769        0.8524  4681661    2.80%
 209227 113957        0.8393   509        0.8769        0.8524  4684564    2.80%
 209236 99713        0.8570   543        0.8769        0.8524  4685839    2.80%
 209281   966        cutoff              0.8769        0.8524  4713816    2.80%
 209342    63        0.8426   465        0.8769        0.8524  4736548    2.80%
 209549   115        0.8396   661        0.8769        0.8524  4794598    2.80%
 209797   191        0.8559   487        0.8769        0.8524  4836661    2.80%
 210157   319        0.8671   385        0.8769        0.8524  4861877    2.80%
 210849   664        0.8403   639        0.8769        0.8524  4905009    2.80%
 212029  1168        0.8637   433        0.8769        0.8524  4979126    2.80%
Elapsed time = 603.59 sec. (80744.74 ticks, tree = 52.95 MB, solutions = 306)
 213095  1804        0.8608   462        0.8769        0.8524  5064854    2.80%
 214620  2504        0.8765   556        0.8769        0.8524  5142262    2.80%
 218095  3991        0.8559   376        0.8769        0.8524  5267849    2.80%
 219578  5734        0.8739   314        0.8769        0.8524  5387285    2.80%
 222241  7002        0.8671   377        0.8769        0.8524  5463491    2.80%
 225951 10250        0.8722   324        0.8769        0.8524  5603791    2.80%
 229594 11520        cutoff              0.8769        0.8524  5652872    2.80%
 234798 16205        0.8682   375        0.8769        0.8524  5791188    2.80%
 238532 18098        0.8738   272        0.8769        0.8524  5847972    2.80%
 243658 21544        0.8669   333        0.8769        0.8524  5950611    2.80%
Elapsed time = 638.46 sec. (90287.02 ticks, tree = 1159.20 MB, solutions = 306)
*245759 23538      integral     0        0.8769        0.8524  6009488    2.79%
 252382 25821        cutoff              0.8769        0.8524  6071783    2.79%
 254960 30067        0.8523   448        0.8769        0.8524  6190258    2.79%
 263071 34996        0.8660   392        0.8769        0.8524  6319961    2.79%
 265672 37262        0.8767   267        0.8769        0.8524  6378295    2.79%
 272904 39207    infeasible              0.8769        0.8524  6438282    2.79%
 276359 44259        0.8637   396        0.8769        0.8524  6569019    2.79%
 279165 46706        0.8715   301        0.8769        0.8524  6628168    2.79%
 287061 49179        0.8656   376        0.8769        0.8524  6683156    2.79%
 290275 51248        0.8689   210        0.8769        0.8524  6722437    2.79%
Elapsed time = 754.84 sec. (99534.33 ticks, tree = 2687.18 MB, solutions = 307)
Nodefile size = 634.79 MB (529.87 MB after compression)
 291477 53031        cutoff              0.8769        0.8524  6757663    2.79%
 293563 57267        cutoff              0.8769        0.8524  6846225    2.79%
 299911 58895        0.8742   243        0.8769        0.8524  6877941    2.79%
 305165 61873        0.8666   408        0.8769        0.8524  6938151    2.79%
 307338 65218        0.8705   259        0.8769        0.8524  7008329    2.79%
 309321 67929        0.8700   216        0.8769        0.8524  7067563    2.79%
 313543 70373        0.8736   338        0.8769        0.8529  7113844    2.74%
 321749 72057        0.8712   275        0.8769        0.8529  7146556    2.74%
 325636 76188        0.8755   201        0.8769        0.8529  7217799    2.74%
 326852 77688        0.8755   169        0.8769        0.8529  7242940    2.74%
Elapsed time = 810.25 sec. (109073.85 ticks, tree = 4178.98 MB, solutions = 307)
Nodefile size = 2124.09 MB (1765.00 MB after compression)
 328793 80487        0.8702   241        0.8769        0.8530  7289931    2.73%
 332212 84296        0.8744   193        0.8769        0.8532  7357937    2.71%
 340692 85957        0.8583   344        0.8769        0.8535  7387722    2.67%
 344241 89341        0.8740   255        0.8769        0.8536  7446326    2.66%
 345569 90883        0.8740   274        0.8769        0.8536  7472621    2.66%
 347020 93871        0.8740   236        0.8769        0.8536  7527928    2.66%
 349431 95691        0.8736   289        0.8769        0.8536  7559759    2.66%
 356959 98886        0.8653   250        0.8769        0.8536  7617251    2.66%
 362443 101692    infeasible              0.8769        0.8536  7666480    2.66%
 369589 110783        0.8679   307        0.8769        0.8536  7814069    2.66%
Elapsed time = 931.28 sec. (121473.64 ticks, tree = 6030.99 MB, solutions = 307)
Nodefile size = 3977.19 MB (3294.68 MB after compression)
*372435 113643      integral     0        0.8755        0.8536  7861078    2.50%
*374347+98315                            0.8744        0.8536             2.38%
*374367+98607                            0.8742        0.8539             2.32%
*374954+87371                            0.8740        0.8539             2.29%
*375022+87350                            0.8735        0.8539             2.24%
*375313+79006                            0.8720        0.8539             2.07%
*375453+79146                            0.8720        0.8539             2.07%
*375572+79320                            0.8717        0.8539             2.04%
*377096+82951                            0.8712        0.8539             1.98%
 377526 64634        0.8704   225        0.8712        0.8539  7959666    1.98%
*377632+64304                            0.8701        0.8539             1.86%

Clique cuts applied:  359
Implied bound cuts applied:  14
Flow cuts applied:  20
Mixed integer rounding cuts applied:  78
Zero-half cuts applied:  25
Lift and project cuts applied:  30
Gomory fractional cuts applied:  24

Root node processing (before b&c):
  Real time             =  124.68 sec. (10559.05 ticks)
Parallel b&c, 32 threads:
  Real time             =  824.72 sec. (116489.94 ticks)
  Sync time (average)   =  401.33 sec.
  Wait time (average)   =    0.56 sec.
                          ------------
Total (root+branch&cut) =  949.40 sec. (127048.99 ticks)
Solution found
