Filter at 1std, 1count, 1%frequency
STD	Number of positions discarded due to coverage deviation: 697
COUNT	Number of nucleotides discarded due to low count: 475
COUNT	Number of columns discarded due to low leading to empty column: 0
FREQ	Number of nucleotides discarded due to low frequency: 43
FREQ	Number of columns discarded due to low frequency leading to empty column: 0
OUT	Number of variable positions: 81
OUT	Number of invariant positions: 4034
OUT	2 kept strains equivalence classes
Filter at 1std, 1 count, 0.5%frequency
STD	Number of positions discarded due to coverage deviation: 697
COUNT	Number of nucleotides discarded due to low count: 475
COUNT	Number of columns discarded due to low leading to empty column: 0
FREQ	Number of nucleotides discarded due to low frequency: 0
FREQ	Number of columns discarded due to low frequency leading to empty column: 0
OUT	Number of variable positions: 124
OUT	Number of invariant positions: 3991
OUT	2 kept strains equivalence classes
Filter at 2std, 1count, 1%frequency
STD	Number of positions discarded due to coverage deviation: 185
COUNT	Number of nucleotides discarded due to low count: 520
COUNT	Number of columns discarded due to low leading to empty column: 0
FREQ	Number of nucleotides discarded due to low frequency: 43
FREQ	Number of columns discarded due to low frequency leading to empty column: 0
OUT	Number of variable positions: 91
OUT	Number of invariant positions: 4536
OUT	2 kept strains equivalence classes
Filter at 2std, 1 count, 0.5%frequency
STD	Number of positions discarded due to coverage deviation: 185
COUNT	Number of nucleotides discarded due to low count: 520
COUNT	Number of columns discarded due to low leading to empty column: 0
FREQ	Number of nucleotides discarded due to low frequency: 0
FREQ	Number of columns discarded due to low frequency leading to empty column: 0
OUT	Number of variable positions: 134
OUT	Number of invariant positions: 4493
OUT	2 kept strains equivalence classes
