Model: Diversity_model_3
 - number of variables: 16325
   - binary=15668, integer=2, continuous=655
 - number of constraints: 34105
   - linear=34105
 - parameters: defaults
CPXPARAM_Read_DataCheck                          1
CPXPARAM_RandomSeed                              201804051
CPXPARAM_MIP_Strategy_LBHeur                     1
CPXPARAM_TimeLimit                               86400
CPXPARAM_MIP_Tolerances_MIPGap                   0.02
Tried aggregator 3 times.
MIP Presolve eliminated 21826 rows and 4046 columns.
MIP Presolve modified 920 coefficients.
Aggregator did 12279 substitutions.
All rows and columns eliminated.
Presolve time = 0.32 sec. (167.25 ticks)

Root node processing (before b&c):
  Real time             =    0.32 sec. (169.78 ticks)
Parallel b&c, 32 threads:
  Real time             =    0.00 sec. (0.00 ticks)
  Sync time (average)   =    0.00 sec.
  Wait time (average)   =    0.00 sec.
                          ------------
Total (root+branch&cut) =    0.32 sec. (169.78 ticks)
Solution found
