Model: Diversity_model_3
 - number of variables: 12014
   - binary=9250, integer=2, continuous=2762
 - number of constraints: 35581
   - linear=35581
 - parameters: defaults
CPXPARAM_Read_DataCheck                          1
CPXPARAM_RandomSeed                              201804051
CPXPARAM_MIP_Strategy_LBHeur                     1
CPXPARAM_TimeLimit                               86400
CPXPARAM_MIP_Tolerances_MIPGap                   0.02
Tried aggregator 2 times.
MIP Presolve eliminated 551 rows and 548 columns.
MIP Presolve modified 360 coefficients.
Aggregator did 4986 substitutions.
Reduced MIP has 30044 rows, 6480 columns, and 81539 nonzeros.
Reduced MIP has 4805 binaries, 0 generals, 540 SOSs, and 0 indicators.
Presolve time = 1.46 sec. (215.81 ticks)
Probing changed sense of 45 constraints.
Probing time = 0.99 sec. (73.37 ticks)
Tried aggregator 2 times.
MIP Presolve eliminated 3236 rows and 179 columns.
Aggregator did 90 substitutions.
Reduced MIP has 26718 rows, 6211 columns, and 72009 nonzeros.
Reduced MIP has 4581 binaries, 0 generals, 540 SOSs, and 0 indicators.
Presolve time = 1.44 sec. (241.63 ticks)
Probing time = 0.86 sec. (64.76 ticks)
Clique table members: 42266.
MIP emphasis: balance optimality and feasibility.
MIP search method: dynamic search.
Parallel mode: deterministic, using up to 32 threads.
Root relaxation solution time = 2.52 sec. (344.58 ticks)

        Nodes                                         Cuts/
   Node  Left     Objective  IInf  Best Integer    Best Bound    ItCnt     Gap

      0     0        0.9767  1525                      0.9767     3503         
*     0+    0                            2.7819        0.9767            64.89%
      0     0        0.9767  1426        2.7819    Cuts: 1994     4929   64.89%
*     0+    0                            2.3433        0.9767            58.32%
      0     0        0.9812  1213        2.3433    Cuts: 6779     8361   58.13%
*     0+    0                            1.7575        0.9812            44.17%
      0     0        0.9820  2078        1.7575    Cuts: 1032    10160   44.13%
*     0+    0                            1.7373        0.9820            43.48%
*     0+    0                            1.5633        0.9820            37.19%
      0     0        0.9833  2081        1.5633    Cuts: 1896    11783   37.10%
      0     0        0.9837  2122        1.5633    Cuts: 1651    12657   37.07%
*     0+    0                            1.5607        0.9837            36.97%

Repeating presolve.
Tried aggregator 2 times.
MIP Presolve eliminated 19644 rows and 3687 columns.
Aggregator did 45 substitutions.
Reduced MIP has 7029 rows, 2479 columns, and 20529 nonzeros.
Reduced MIP has 894 binaries, 0 generals, 540 SOSs, and 0 indicators.
Presolve time = 0.35 sec. (50.27 ticks)
Probing time = 0.09 sec. (7.84 ticks)
Tried aggregator 1 time.
MIP Presolve eliminated 160 rows and 32 columns.
Reduced MIP has 6869 rows, 2447 columns, and 20113 nonzeros.
Reduced MIP has 862 binaries, 0 generals, 540 SOSs, and 0 indicators.
Presolve time = 0.15 sec. (22.81 ticks)
Probing time = 0.31 sec. (7.16 ticks)
Tried aggregator 1 time.
MIP Presolve eliminated 30 rows and 6 columns.
Reduced MIP has 6839 rows, 2441 columns, and 20035 nonzeros.
Reduced MIP has 856 binaries, 0 generals, 540 SOSs, and 0 indicators.
Presolve time = 0.15 sec. (25.78 ticks)
Represolve time = 1.58 sec. (345.86 ticks)
Probing time = 0.29 sec. (2.92 ticks)
Clique table members: 12509.
MIP emphasis: balance optimality and feasibility.
MIP search method: dynamic search.
Parallel mode: deterministic, using up to 32 threads.
Root relaxation solution time = 72.84 sec. (551.86 ticks)

        Nodes                                         Cuts/
   Node  Left     Objective  IInf  Best Integer    Best Bound    ItCnt     Gap

*     0+    0                            1.5607        0.9837            36.97%
      0     0        0.9838   654        1.5607        0.9838    19286   36.97%
*     0+    0                            1.5479        0.9838            36.45%
      0     0        0.9977   596        1.5479    Cuts: 1299    21164   35.55%
      0     0        1.0024   637        1.5479     Cuts: 526    21974   35.24%
*     0+    0                            1.2471        1.0024            19.62%
      0     0        1.0064   612        1.2471     Cuts: 547    22726   19.30%
*     0+    0                            1.2454        1.0064            19.19%
*     0+    0                            1.2389        1.0064            18.76%
*     0+    0                            1.1909        1.0064            15.49%
      0     0        1.0079   563        1.1909     Cuts: 508    23364   15.36%
      0     0        1.0093   567        1.1909     Cuts: 409    24160   15.25%
      0     0        1.0098   547        1.1909     Cuts: 654    24869   15.21%
      0     0        1.0102   483        1.1909     Cuts: 402    25382   15.17%
      0     0        1.0106   547        1.1909     Cuts: 772    26099   15.14%
      0     0        1.0111   545        1.1909     Cuts: 315    26885   15.10%
      0     0        1.0117   581        1.1909    Cuts: 1425    27893   15.04%
      0     0        1.0120   566        1.1909     Cuts: 313    28350   15.02%
      0     0        1.0123   595        1.1909     Cuts: 532    28859   15.00%
      0     0        1.0126   612        1.1909     Cuts: 382    29537   14.97%
      0     0        1.0128   625        1.1909     Cuts: 322    29996   14.95%
      0     0        1.0131   625        1.1909     Cuts: 458    30546   14.93%
      0     0        1.0134   609        1.1909     Cuts: 399    30929   14.91%
      0     0        1.0135   585        1.1909     Cuts: 286    31265   14.89%
      0     0        1.0136   591        1.1909     Cuts: 383    32048   14.88%
      0     0        1.0137   603        1.1909     Cuts: 288    32565   14.88%
      0     2        1.0137   603        1.1909        1.0137    32565   14.88%
Elapsed time = 507.69 sec. (18954.19 ticks, tree = 0.02 MB, solutions = 11)
     14     9        1.0137   492        1.1909        1.0137    34473   14.88%
*    78+   22                            1.1909        1.0137            14.88%
    816   308        1.1597   122        1.1909        1.0137    62837   14.88%
   2190  1274        1.1598   137        1.1909        1.0137    93225   14.88%
*  2581  1367      integral     0        1.1892        1.0137    97327   14.75%
   2890  1681        1.1866   120        1.1892        1.0139   115821   14.74%
   3572  2070        1.1877    43        1.1892        1.0139   133696   14.74%
   4972  2386        1.0357   406        1.1892        1.0139   142849   14.74%
   5920  3851        1.0879    81        1.1892        1.0139   207262   14.74%
   6921  4544        cutoff              1.1892        1.0139   241148   14.74%
   8187  5631        1.1680   120        1.1892        1.0139   291578   14.74%
*  8343+ 4165                            1.1872        1.0142            14.57%
*  8343+ 2776                            1.1851        1.0149            14.37%
*  8343+ 1850                            1.1843        1.0149            14.31%
*  8343+ 1233                            1.1598        1.0165            12.36%
*  8343+  821                            1.1597        1.0168            12.32%
*  8343+  546                            1.1597        1.0174            12.27%
   8343   547        1.0181   574        1.1597        1.0181   346274   12.21%
Elapsed time = 746.00 sec. (40630.89 ticks, tree = 33.49 MB, solutions = 17)
   8346   411        1.0368   499        1.1597        1.0181   347420   12.21%
   8388    42        cutoff              1.1597        1.0182   358970   12.20%
*  8393+   16                            1.1597        1.0182            12.20%
*  8399+   17                            1.1597        1.0182            12.20%
   9167   509        cutoff              1.1597        1.0182   453205   12.20%
  11307  1550        1.0847   339        1.1597        1.0183   558737   12.19%
  13454  2949        1.1596   130        1.1597        1.0187   628148   12.16%
  16552  5808        1.1492   241        1.1597        1.0187   772342   12.16%
  21170  9251        1.0362   386        1.1597        1.0222   910678   11.85%
  26548 13579        1.1249   307        1.1597        1.0231  1051688   11.78%
* 29422+15017                            1.1433        1.0240            10.44%
* 29638  9790      integral     0        1.1432        1.0240  1132457   10.43%
  32030 10461        1.0986   372        1.1432        1.0254  1169290   10.31%
* 34491 12654      integral     0        1.1425        1.0269  1248884   10.12%
  37877 14004        1.1204   241        1.1425        1.0295  1310842    9.89%
Elapsed time = 820.38 sec. (50216.72 ticks, tree = 808.59 MB, solutions = 21)
  44169 18343        1.0614   330        1.1425        1.0347  1466729    9.43%
* 45564+19920                            1.1422        1.0370             9.21%
  48669 22075        1.0756   305        1.1422        1.0402  1652161    8.93%
* 49532 22126      integral     0        1.1411        1.0402  1651700    8.84%
  55345 25332        1.1125   271        1.1411        1.0453  1833378    8.39%
* 55728+23649                            1.1359        1.0464             7.88%
  59842 22188        1.1168   332        1.1359        1.0488  1901719    7.67%
  64578 26947        1.1344   241        1.1359        1.0516  2058201    7.42%
* 67342+24760                            1.1310        1.0516             7.01%
  68024 29656        1.1255   170        1.1310        1.0516  2126374    7.01%
* 71726+24474                            1.1266        1.0516             6.65%
  72904 32020        1.1124   209        1.1266        1.0516  2201155    6.65%
  77587 35264        1.0856   242        1.1266        1.0516  2325250    6.65%
  82223 39185        1.1335   178        1.1266        1.0516  2496465    6.65%
Elapsed time = 894.88 sec. (58951.77 ticks, tree = 2072.24 MB, solutions = 26)
Nodefile size = 20.73 MB (19.41 MB after compression)
  86084 43279        1.0762   319        1.1266        1.0516  2689927    6.65%
  90877 45429        1.1266   186        1.1266        1.0516  2797736    6.65%
  96331 43006        1.0877   274        1.1266        1.0516  3008751    6.65%
 101371 40633        1.1059   324        1.1266        1.0516  3115130    6.65%
 107298 45080        1.0944   264        1.1266        1.0516  3305965    6.65%
 111279 46397        1.1178   195        1.1266        1.0516  3385931    6.65%
*115739+24760                            1.1241        1.0516             6.44%
 116575 49736        1.1239   257        1.1241        1.0516  3523314    6.44%
 121229 53403        1.1263   233        1.1241        1.0516  3671292    6.44%
 125179 56049        1.0748   374        1.1241        1.0516  3798429    6.44%
 130834 60800        1.0956   345        1.1241        1.0516  4022915    6.44%
Elapsed time = 959.06 sec. (68491.12 ticks, tree = 1557.57 MB, solutions = 29)
 137046 63403        1.0902   230        1.1241        1.0516  4133646    6.44%
 142464 67019        1.1159   166        1.1241        1.0516  4281905    6.44%
 147492 70134        1.1236   270        1.1241        1.0516  4426830    6.44%
 152428 74331        1.1253   169        1.1241        1.0516  4644764    6.44%
 157223 77861        1.1261   343        1.1241        1.0516  4814433    6.44%
 162408 81098        1.1251   255        1.1241        1.0516  4981871    6.44%
 167650 83398        1.1081   350        1.1241        1.0516  5091496    6.44%
 170780 87076        1.1113   176        1.1241        1.0516  5361671    6.44%
 175155 80169        1.1019   265        1.1241        1.0516  5469047    6.44%
 180728 81696        1.0765   263        1.1241        1.0517  5563214    6.43%
Elapsed time = 1030.28 sec. (78029.48 ticks, tree = 1423.34 MB, solutions = 41)
 181851 86545        1.0201   437        1.1241        1.0517  5877062    6.43%
 181854 43273        cutoff              1.1241        1.0517  5878480    6.43%
 181878  6184        1.0403   415        1.1241        1.0517  5883499    6.43%
 181953    23        1.0903   472        1.1241        1.0517  5909216    6.43%
 182335   164        1.1002   252        1.1241        1.0517  5975865    6.43%
 183469   587        1.1049   218        1.1241        1.0517  6035607    6.43%
 185835  1763        1.1137   313        1.1241        1.0517  6132068    6.43%
 189181  4434        1.1074   289        1.1241        1.0517  6281047    6.43%
 193115  7174        1.1173   155        1.1241        1.0517  6407893    6.43%
 198528 11907        1.0985   332        1.1241        1.0526  6616081    6.36%
Elapsed time = 1196.11 sec. (99823.02 ticks, tree = 26.35 MB, solutions = 41)
 201199 14006        1.1058   250        1.1241        1.0576  6697010    5.91%
 206760 16808        1.1172   194        1.1241        1.0624  6791592    5.48%
 213040 22166        1.1178   227        1.1241        1.0637  6948810    5.37%
 218349 26327        1.1148   229        1.1241        1.0650  7074838    5.26%
 225669 32089        1.0985   219        1.1241        1.0667  7233907    5.10%
 231054 36154        1.1221   215        1.1241        1.0681  7359519    4.98%
 237676 41204        1.1091   253        1.1241        1.0690  7523494    4.90%
 242636 43955        1.1097   246        1.1241        1.0710  7624776    4.72%
 249893 47440        1.0951   286        1.1241        1.0723  7760649    4.60%
 254763 52461        1.1134   360        1.1241        1.0733  7951317    4.52%
Elapsed time = 1285.60 sec. (109362.53 ticks, tree = 125.04 MB, solutions = 41)
 259513 56203        1.1132   210        1.1241        1.0743  8096870    4.43%
 267124 60715        1.1196   255        1.1241        1.0754  8259478    4.33%
 271899 64754        1.1085   243        1.1241        1.0766  8407628    4.22%
 276502 67889        1.1192   285        1.1241        1.0767  8563143    4.21%
 280679 71106        cutoff              1.1241        1.0781  8709201    4.09%
 288696 75304    infeasible              1.1241        1.0786  8885303    4.04%
 294013 80818        1.1139   251        1.1241        1.0792  9104818    3.99%
 299207 84348        1.1165   279        1.1241        1.0796  9251244    3.95%
 304097 85825        1.0967   309        1.1241        1.0800  9307626    3.92%
 309467 89246        1.1005   298        1.1241        1.0805  9439725    3.87%
Elapsed time = 1369.21 sec. (118900.42 ticks, tree = 214.98 MB, solutions = 41)
*314243+92027                            1.1239        1.0806             3.86%
 317365 94216        1.1231   285        1.1239        1.0808  9617436    3.83%
*321149+97753                            1.1233        1.0810             3.76%
 321976 97171        1.0880   172        1.1233        1.0811  9782436    3.76%
*322700+97648                            1.1198        1.0811             3.46%
 326960 85058        1.0883   265        1.1198        1.0813  9829849    3.44%
 333053 90503        1.1014   221        1.1198        1.0816 10016862    3.41%
*337396+92376                            1.1195        1.0819             3.37%
 338486 92857        1.0951   164        1.1195        1.0820 10095986    3.36%
*343244+96496                            1.1195        1.0820             3.35%
 344822 97315        1.0894   232        1.1195        1.0823 10285218    3.33%
*350432+99794                            1.1195        1.0823             3.32%
 353502 101909        1.1147   222        1.1195        1.0824 10446628    3.31%
 357009 106200        1.0832   260        1.1195        1.0826 10581382    3.29%
 362237 108716        1.1029   180        1.1195        1.0827 10663009    3.28%
*364264+108992                            1.1191        1.0829             3.23%
 367342 110453        1.1046   178        1.1191        1.0830 10773672    3.23%
Elapsed time = 1444.79 sec. (128439.55 ticks, tree = 262.78 MB, solutions = 48)
 372824 114891        1.1158   167        1.1191        1.0831 10920847    3.22%
 383101 116792        1.1169   275        1.1191        1.0834 10983965    3.19%
 389126 127402        1.1021   261        1.1191        1.0836 11306966    3.17%
 394591 129963        cutoff              1.1191        1.0839 11384953    3.15%
*395530+128925                            1.1160        1.0839             2.87%
 399768 116346        1.0958   178        1.1160        1.0841 11528477    2.86%
 404104 119447        1.1126   252        1.1160        1.0843 11650429    2.84%
 412825 121153        1.1100   217        1.1160        1.0844 11704803    2.83%
 419950 129491        cutoff              1.1160        1.0845 11980914    2.82%
 423862 133137        1.1080   197        1.1160        1.0847 12113888    2.80%
 449537 144288        1.1096   241        1.1160        1.0854 12521056    2.74%
Elapsed time = 1544.58 sec. (140839.31 ticks, tree = 345.96 MB, solutions = 49)
 470702 163084        1.1131   220        1.1160        1.0860 13209387    2.69%
 496512 178933        1.1134   149        1.1160        1.0865 13825608    2.64%
 521947 196649        1.1010   109        1.1160        1.0869 14518727    2.60%
 545017 209753        1.0902   220        1.1160        1.0874 15067612    2.56%
 570085 227059        1.0955   256        1.1160        1.0878 15711758    2.52%
 597573 244747        1.1128   236        1.1160        1.0882 16378243    2.49%
 625055 261547        cutoff              1.1160        1.0885 17006666    2.46%
 651531 276485        1.1081   201        1.1160        1.0888 17582547    2.43%
 674433 292254        1.1055   288        1.1160        1.0891 18174853    2.41%
 700743 308981        1.0971   218        1.1160        1.0894 18778460    2.38%
Elapsed time = 1891.39 sec. (178988.39 ticks, tree = 760.74 MB, solutions = 49)
 728705 327127        1.0946   288        1.1160        1.0896 19419885    2.36%
 757704 346316        1.0965   326        1.1160        1.0899 20108548    2.34%
 782122 356932        cutoff              1.1160        1.0901 20500642    2.32%
 807337 376474        cutoff              1.1160        1.0903 21204922    2.30%
 836018 393952        cutoff              1.1160        1.0905 21822531    2.28%
 864364 413487        1.1049   312        1.1160        1.0907 22505745    2.27%
 893111 426695        1.1045   193        1.1160        1.0908 22950127    2.25%
 916240 443335        1.1050   147        1.1160        1.0910 23519625    2.24%
 942782 460556        1.0928   315        1.1160        1.0912 24111905    2.22%
 969609 479349        cutoff              1.1160        1.0913 24776012    2.21%
Elapsed time = 2260.35 sec. (217136.54 ticks, tree = 1210.46 MB, solutions = 49)
 998677 497176        1.1067   246        1.1160        1.0914 25414538    2.20%
 1028092 510335        1.1130   168        1.1160        1.0916 25906461    2.18%
 1049578 527909        1.1060   206        1.1160        1.0917 26551213    2.17%
 1077664 545612        1.1109   198        1.1160        1.0918 27171726    2.16%
 1106841 560873        1.1130   169        1.1160        1.0920 27743685    2.15%
 1136952 580011        1.0977   255        1.1160        1.0921 28463817    2.14%
 1159004 593071        1.1159   183        1.1160        1.0922 28945164    2.13%
 1188065 610971        cutoff              1.1160        1.0924 29581784    2.12%
 1219254 629566        1.0999   206        1.1160        1.0925 30233761    2.10%
 1246725 639339        1.0973   307        1.1160        1.0926 30593243    2.09%
Elapsed time = 2635.76 sec. (255285.51 ticks, tree = 1621.69 MB, solutions = 49)
 1269789 658514        1.0945   282        1.1160        1.0927 31270452    2.08%
 1298666 676201        1.1048   243        1.1160        1.0928 31935727    2.07%
 1327593 692973        cutoff              1.1160        1.0930 32559949    2.06%
 1348872 703222        1.1072   242        1.1160        1.0931 32989253    2.05%
 1378363 723125        1.1121   137        1.1160        1.0931 33742741    2.04%
 1408379 733785        1.1073   276        1.1160        1.0933 34182654    2.03%
 1429607 750046        1.0974   312        1.1160        1.0934 34824227    2.02%
 1459968 770239        1.1152   174        1.1160        1.0935 35602108    2.02%

Clique cuts applied:  558
Implied bound cuts applied:  8
Flow cuts applied:  47
Mixed integer rounding cuts applied:  166
Zero-half cuts applied:  101
Lift and project cuts applied:  47
Gomory fractional cuts applied:  9

Root node processing (before b&c):
  Real time             =  502.60 sec. (18948.89 ticks)
Parallel b&c, 32 threads:
  Real time             = 2455.68 sec. (270539.49 ticks)
  Sync time (average)   =  784.38 sec.
  Wait time (average)   =   10.17 sec.
                          ------------
Total (root+branch&cut) = 2958.28 sec. (289488.38 ticks)
Solution found
