Model: Diversity_model_3
 - number of variables: 10474
   - binary=9482, integer=2, continuous=990
 - number of constraints: 22501
   - linear=22501
 - parameters: defaults
CPXPARAM_Read_DataCheck                          1
CPXPARAM_RandomSeed                              201804051
CPXPARAM_MIP_Strategy_LBHeur                     1
CPXPARAM_TimeLimit                               86400
CPXPARAM_MIP_Tolerances_MIPGap                   0.02
Tried aggregator 3 times.
MIP Presolve eliminated 225 rows and 123 columns.
MIP Presolve modified 806 coefficients.
Aggregator did 4799 substitutions.
Reduced MIP has 17477 rows, 5552 columns, and 42534 nonzeros.
Reduced MIP has 4800 binaries, 0 generals, 115 SOSs, and 0 indicators.
Presolve time = 0.43 sec. (124.36 ticks)
Probing fixed 0 vars, tightened 180 bounds.
Probing time = 0.99 sec. (95.18 ticks)
Tried aggregator 2 times.
MIP Presolve eliminated 2406 rows and 430 columns.
MIP Presolve modified 188 coefficients.
Aggregator did 57 substitutions.
Reduced MIP has 15014 rows, 5065 columns, and 36062 nonzeros.
Reduced MIP has 4370 binaries, 0 generals, 115 SOSs, and 0 indicators.
Presolve time = 0.40 sec. (123.43 ticks)
Probing time = 0.70 sec. (85.42 ticks)
Clique table members: 23145.
MIP emphasis: balance optimality and feasibility.
MIP search method: dynamic search.
Parallel mode: deterministic, using up to 32 threads.
Root relaxation solution time = 0.68 sec. (256.82 ticks)

        Nodes                                         Cuts/
   Node  Left     Objective  IInf  Best Integer    Best Bound    ItCnt     Gap

      0     0        0.8584  2905                      0.8584       25         
*     0+    0                            2.4361        0.8584            64.76%
*     0+    0                            1.0638        0.8584            19.31%
      0     0        cutoff              1.0638        1.0638     1764    0.00%
Elapsed time = 11.02 sec. (2577.46 ticks, tree = 0.01 MB, solutions = 2)

Clique cuts applied:  1366
Implied bound cuts applied:  452
Flow cuts applied:  148
Mixed integer rounding cuts applied:  208
Zero-half cuts applied:  295
Gomory fractional cuts applied:  28

Root node processing (before b&c):
  Real time             =   11.02 sec. (2578.00 ticks)
Parallel b&c, 32 threads:
  Real time             =    0.00 sec. (0.00 ticks)
  Sync time (average)   =    0.00 sec.
  Wait time (average)   =    0.00 sec.
                          ------------
Total (root+branch&cut) =   11.02 sec. (2578.00 ticks)
Solution found
