Model: Diversity_model_3
 - number of variables: 15411
   - binary=12540, integer=2, continuous=2869
 - number of constraints: 46651
   - linear=46651
 - parameters: defaults
CPXPARAM_Read_DataCheck                          1
CPXPARAM_RandomSeed                              201804051
CPXPARAM_MIP_Strategy_LBHeur                     1
CPXPARAM_TimeLimit                               86400
CPXPARAM_MIP_Tolerances_MIPGap                   0.02
Tried aggregator 2 times.
MIP Presolve eliminated 614 rows and 608 columns.
MIP Presolve modified 300 coefficients.
Aggregator did 6721 substitutions.
Reduced MIP has 39316 rows, 8082 columns, and 106459 nonzeros.
Reduced MIP has 6420 binaries, 0 generals, 600 SOSs, and 0 indicators.
Presolve time = 0.58 sec. (351.79 ticks)
Probing changed sense of 30 constraints.
Probing time = 1.58 sec. (24.15 ticks)
Tried aggregator 2 times.
MIP Presolve eliminated 8136 rows and 976 columns.
Aggregator did 60 substitutions.
Reduced MIP has 31120 rows, 7046 columns, and 83883 nonzeros.
Reduced MIP has 5414 binaries, 0 generals, 600 SOSs, and 0 indicators.
Presolve time = 0.45 sec. (250.10 ticks)
Probing time = 0.44 sec. (86.04 ticks)
Tried aggregator 2 times.
MIP Presolve eliminated 4963 rows and 476 columns.
Aggregator did 30 substitutions.
Reduced MIP has 26127 rows, 6540 columns, and 70006 nonzeros.
Reduced MIP has 4938 binaries, 0 generals, 600 SOSs, and 0 indicators.
Presolve time = 0.47 sec. (230.01 ticks)
Probing time = 0.78 sec. (71.08 ticks)
Clique table members: 41593.
MIP emphasis: balance optimality and feasibility.
MIP search method: dynamic search.
Parallel mode: deterministic, using up to 32 threads.
Root relaxation solution time = 23.66 sec. (456.06 ticks)

        Nodes                                         Cuts/
   Node  Left     Objective  IInf  Best Integer    Best Bound    ItCnt     Gap

      0     0        0.2094  2520                      0.2094       22         
*     0+    0                            2.2485        0.2094            90.69%
      0     0        0.2094  1910        2.2485    Cuts: 1676     1881   90.69%
*     0+    0                            0.5315        0.2094            60.60%
      0     0        0.2111  2109        0.5315    Cuts: 3791     5776   60.28%
*     0+    0                            0.4204        0.2111            49.78%
      0     0        0.2121  2186        0.4204    Cuts: 2943     8283   49.55%
*     0+    0                            0.4180        0.2121            49.26%
*     0+    0                            0.3429        0.2121            38.15%
      0     0        0.2126  2420        0.3429    Cuts: 2360    10775   38.00%
      0     0        0.2130  2479        0.3429    Cuts: 1745    12719   37.87%

Repeating presolve.
Tried aggregator 1 time.
MIP Presolve eliminated 16406 rows and 3613 columns.
MIP Presolve modified 435 coefficients.
Reduced MIP has 9721 rows, 2927 columns, and 28037 nonzeros.
Reduced MIP has 1325 binaries, 0 generals, 600 SOSs, and 0 indicators.
Presolve time = 0.53 sec. (63.67 ticks)
Probing changed sense of 30 constraints.
Probing time = 0.61 sec. (30.42 ticks)
Tried aggregator 2 times.
MIP Presolve eliminated 396 rows and 63 columns.
MIP Presolve modified 181 coefficients.
Aggregator did 30 substitutions.
Reduced MIP has 9295 rows, 2834 columns, and 26885 nonzeros.
Reduced MIP has 1232 binaries, 0 generals, 600 SOSs, and 0 indicators.
Presolve time = 0.16 sec. (56.03 ticks)
Probing time = 0.42 sec. (13.47 ticks)
Tried aggregator 1 time.
MIP Presolve eliminated 52 rows and 6 columns.
MIP Presolve modified 187 coefficients.
Reduced MIP has 9243 rows, 2828 columns, and 26741 nonzeros.
Reduced MIP has 1226 binaries, 0 generals, 600 SOSs, and 0 indicators.
Presolve time = 0.22 sec. (42.14 ticks)
Represolve time = 2.48 sec. (451.14 ticks)
Probing time = 0.31 sec. (5.10 ticks)
Clique table members: 16249.
MIP emphasis: balance optimality and feasibility.
MIP search method: dynamic search.
Parallel mode: deterministic, using up to 32 threads.
Root relaxation solution time = 64.79 sec. (568.79 ticks)

        Nodes                                         Cuts/
   Node  Left     Objective  IInf  Best Integer    Best Bound    ItCnt     Gap

*     0+    0                            0.3429        0.2130            37.87%
      0     0        0.2132   635        0.3429        0.2132    12754   37.84%
*     0+    0                            0.3419        0.2132            37.66%
      0     0        0.2176   687        0.3419    Cuts: 1439    15087   36.35%
      0     0        0.2195   693        0.3419     Cuts: 820    16381   35.80%
      0     0        0.2202   702        0.3419     Cuts: 536    17263   35.60%
      0     0        0.2209   733        0.3419     Cuts: 525    18219   35.40%
      0     0        0.2213   702        0.3419     Cuts: 629    18867   35.27%
      0     0        0.2217   676        0.3419     Cuts: 459    19728   35.16%
      0     0        0.2220   722        0.3419     Cuts: 700    20583   35.09%
      0     0        0.2221   588        0.3419     Cuts: 529    21492   35.04%
      0     0        0.2225   638        0.3419     Cuts: 444    22298   34.94%
*     0+    0                            0.3350        0.2225            33.60%
      0     0        0.2232   642        0.3350     Cuts: 614    23799   33.38%
      0     0        0.2234   641        0.3350     Cuts: 467    24382   33.32%
      0     0        0.2239   651        0.3350     Cuts: 595    25436   33.16%
      0     0        0.2242   671        0.3350     Cuts: 675    26427   33.07%
      0     0        0.2246   724        0.3350     Cuts: 554    27590   32.95%
*     0+    0                            0.3217        0.2246            30.17%
      0     0        0.2249   718        0.3217     Cuts: 634    28917   30.08%
*     0+    0                            0.3216        0.2249            30.06%
*     0+    0                            0.3135        0.2249            28.25%
      0     0        0.2253   683        0.3135     Cuts: 493    29444   28.13%
      0     0        0.2256   660        0.3135     Cuts: 530    30174   28.04%
      0     0        0.2259   671        0.3135     Cuts: 445    31037   27.95%
*     0+    0                            0.3123        0.2259            27.67%
      0     0        0.2262   676        0.3123     Cuts: 925    31858   27.56%
*     0+    0                            0.3122        0.2262            27.54%
      0     0        0.2264   657        0.3122     Cuts: 638    32650   27.47%
      0     0        0.2268   613        0.3122     Cuts: 508    33452   27.35%
      0     0        0.2271   646        0.3122     Cuts: 470    34496   27.24%
      0     0        0.2274   652        0.3122     Cuts: 514    35130   27.16%
      0     0        0.2277   668        0.3122     Cuts: 463    36237   27.07%
      0     0        0.2281   695        0.3122     Cuts: 499    36889   26.95%
      0     0        0.2284   706        0.3122     Cuts: 663    37555   26.84%
      0     0        0.2287   692        0.3122     Cuts: 421    38321   26.76%
      0     0        0.2289   701        0.3122     Cuts: 545    38935   26.68%
      0     0        0.2292   608        0.3122     Cuts: 350    39556   26.59%
      0     0        0.2295   715        0.3122     Cuts: 528    40190   26.50%
      0     0        0.2299   675        0.3122     Cuts: 316    40807   26.35%
      0     0        0.2302   663        0.3122     Cuts: 400    41538   26.26%
      0     0        0.2305   684        0.3122     Cuts: 322    42191   26.18%
      0     0        0.2306   680        0.3122     Cuts: 484    42780   26.12%
      0     0        0.2309   621        0.3122     Cuts: 172    43998   26.03%
      0     0        0.2311   617        0.3122     Cuts: 642    44851   25.98%
*     0+    0                            0.3114        0.2311            25.79%
      0     2        0.2311   617        0.3114        0.2311    44851   25.79%
Elapsed time = 602.83 sec. (35083.98 ticks, tree = 0.02 MB, solutions = 13)
      3     5        0.2321   543        0.3114        0.2311    45731   25.79%
     16    17        0.2640   317        0.3114        0.2312    47198   25.76%
    273   130        0.2709   192        0.3114        0.2312    61140   25.76%
    979   590        0.2870   159        0.3114        0.2314    96008   25.68%
   2097  1620        0.2863   233        0.3114        0.2314   136585   25.68%
   3059  2285        0.2954    98        0.3114        0.2314   161703   25.68%
*  3198  2487      integral     0        0.3081        0.2314   172309   24.88%
   3500  2469        0.2461   233        0.3081        0.2314   179704   24.88%
   3977  2762        0.2842   141        0.3081        0.2314   196655   24.88%
   4516  3380        cutoff              0.3081        0.2314   236100   24.88%
*  4851+ 3625                            0.3071        0.2314            24.63%
*  5594+ 2916                            0.3056        0.2314            24.26%
*  5594+ 1944                            0.3051        0.2319            23.98%
*  5594+ 1296                            0.3047        0.2324            23.74%
*  5594+  864                            0.3047        0.2326            23.66%
*  5594+  576                            0.3040        0.2375            21.89%
   5594   577        0.2375   589        0.3040        0.2375   341475   21.89%
Elapsed time = 898.56 sec. (68816.59 ticks, tree = 47.42 MB, solutions = 20)
   5597   386        0.2375   557        0.3040        0.2375   342226   21.88%
   5612   207        0.2495   322        0.3040        0.2377   345157   21.82%
*  5830+   23                            0.3038        0.2377            21.75%
   6841   744        0.3013   245        0.3038        0.2380   416266   21.65%
   8073  1686        0.3029   160        0.3038        0.2381   510277   21.62%
   9140  2259        0.2531   252        0.3038        0.2385   573553   21.48%
  10806  3224        0.2704   298        0.3038        0.2385   658748   21.48%
  11829  4799        0.2474   301        0.3038        0.2404   803197   20.86%
  14245  5800        0.2516   273        0.3038        0.2420   874081   20.34%
  16322  7949        0.2863   316        0.3038        0.2441  1006064   19.64%
  18286 10006        0.2984   274        0.3038        0.2441  1136309   19.64%
Elapsed time = 1007.15 sec. (78691.49 ticks, tree = 514.22 MB, solutions = 21)
  20969 11794        0.2932   132        0.3038        0.2447  1246048   19.44%
  24157 14586        0.2951   215        0.3038        0.2454  1376347   19.23%
  27275 16664        0.2941    77        0.3038        0.2456  1489861   19.16%
  30031 18810        0.2599   200        0.3038        0.2459  1621060   19.05%
* 33181+20788                            0.3030        0.2461            18.78%
  33572 21746        0.2864   273        0.3030        0.2461  1790032   18.77%
* 34620+21869                            0.3020        0.2463            18.46%
  36155 22431        0.2920   278        0.3020        0.2465  1899395   18.40%
  38530 24803        0.3016   129        0.3020        0.2466  2052914   18.34%
  40670 26329        0.2977   166        0.3020        0.2470  2155784   18.22%
  43239 28360        0.2636   272        0.3020        0.2471  2269449   18.17%
  46059 30064        0.2549   232        0.3020        0.2473  2370786   18.11%
Elapsed time = 1120.78 sec. (88232.30 ticks, tree = 1820.73 MB, solutions = 23)
  48932 31910        0.2706   265        0.3020        0.2474  2483722   18.08%
  51737 34528        0.2989   173        0.3020        0.2477  2639100   17.98%
  54286 36310        0.2777   213        0.3020        0.2479  2748110   17.93%
  56367 37980        0.2988   104        0.3020        0.2480  2861228   17.88%
  58062 39517        0.2891   197        0.3020        0.2482  2960636   17.82%
* 58376+39114                            0.2983        0.2482            16.78%
* 59624+39114                            0.2947        0.2482            15.78%
  59767 40476        0.2983   222        0.2947        0.2482  3026081   15.78%
* 59906+39278                            0.2943        0.2482            15.66%
* 60104+39278                            0.2942        0.2482            15.63%
* 60110+39114                            0.2934        0.2482            15.40%
* 61281+39114                            0.2930        0.2482            15.30%
  61357 41873        0.2936   216        0.2930        0.2482  3104660   15.30%
  62855 42899        0.2709   331        0.2930        0.2482  3161437   15.30%
* 63193+39278                            0.2919        0.2482            14.97%
  64062 44337        0.2985   241        0.2919        0.2482  3252991   14.97%
  65508 44979        0.2744   304        0.2919        0.2482  3304246   14.97%
Elapsed time = 1310.73 sec. (97776.47 ticks, tree = 2754.86 MB, solutions = 23)
Nodefile size = 698.90 MB (582.26 MB after compression)
  67154 46586        0.2566   354        0.2919        0.2482  3397113   14.97%
  68845 47986        0.2517   269        0.2919        0.2482  3471350   14.97%
* 69850+39402                            0.2915        0.2482            14.85%
  70433 49160        cutoff              0.2915        0.2482  3535624   14.85%
  71840 49724        0.2957   260        0.2915        0.2482  3567629   14.85%
* 71881+39278                            0.2910        0.2482            14.71%
  72892 51295        0.2925   166        0.2910        0.2482  3671767   14.71%
  74510 52055        0.2973   148        0.2910        0.2482  3722063   14.71%
  76276 53299        0.2837   232        0.2910        0.2482  3789851   14.71%
* 77643+39402                            0.2907        0.2482            14.60%
  77996 54714        0.2716   313        0.2907        0.2482  3868721   14.60%
  79846 55779        0.2789   255        0.2907        0.2482  3925397   14.60%
  81501 56760        0.2944   283        0.2907        0.2482  3976572   14.60%
Elapsed time = 1425.56 sec. (107318.60 ticks, tree = 3576.40 MB, solutions = 23)
Nodefile size = 1520.54 MB (1273.53 MB after compression)
  82857 58153        0.2555   375        0.2907        0.2482  4046614   14.60%
  84152 59484        0.2994   159        0.2907        0.2482  4130395   14.60%
* 85164+39278                            0.2904        0.2482            14.54%
  85825 60849        0.2926   310        0.2904        0.2482  4213577   14.54%
  87773 49222        0.2691   276        0.2904        0.2482  4268023   14.54%
* 88740+39278                            0.2904        0.2482            14.53%
  89007 45784        0.2769   132        0.2904        0.2482  4309368   14.53%
  90195 42558        0.2837   108        0.2904        0.2482  4399721   14.53%
  91766 43709        0.2524   470        0.2904        0.2482  4487968   14.53%
  93453 43814        0.2778   385        0.2904        0.2482  4500147   14.53%
  96096 45597        0.2657   263        0.2904        0.2482  4639531   14.53%
  97131 47635        0.2498   342        0.2904        0.2501  4810865   13.86%
Elapsed time = 1700.32 sec. (138559.62 ticks, tree = 2047.40 MB, solutions = 112)
  97132 47636        0.2498   393        0.2904        0.2501  4813393   13.86%
  97134 47638        0.2500   352        0.2904        0.2501  4815924   13.86%
  97144 22693        0.2637   230        0.2904        0.2501  4818898   13.86%
  97377    66        0.2541   270        0.2904        0.2501  4834876   13.86%
  98161   526        0.2819   204        0.2904        0.2501  4864144   13.86%
  99776  1518        0.2524   252        0.2904        0.2501  4922000   13.86%
 101667  2624        0.2530   270        0.2904        0.2501  4980582   13.86%
 103753  4061        0.2685   199        0.2904        0.2501  5063431   13.86%
 105711  5785        0.2829   225        0.2904        0.2501  5153377   13.86%
 107693  7500        0.2691   241        0.2904        0.2501  5245417   13.86%
Elapsed time = 1810.79 sec. (148634.99 ticks, tree = 459.19 MB, solutions = 112)
 109538  8792        0.2816   189        0.2904        0.2501  5319806   13.86%
 111622  9831        0.2523   313        0.2904        0.2508  5387158   13.64%
 113880 11665        0.2835   163        0.2904        0.2511  5489921   13.53%
 116285 12990        0.2701   236        0.2904        0.2512  5560881   13.49%
 118412 14806        0.2609   262        0.2904        0.2516  5653356   13.37%
 120766 16537    infeasible              0.2904        0.2518  5742379   13.31%
 123054 17983        0.2720   220        0.2904        0.2519  5827694   13.24%
 125888 19916        0.2531   243        0.2904        0.2521  5918103   13.17%
 128593 21239        0.2904   168        0.2904        0.2523  5983116   13.11%
 131127 23034        0.2854   167        0.2904        0.2524  6070629   13.07%
Elapsed time = 1921.16 sec. (158174.85 ticks, tree = 1505.60 MB, solutions = 112)
 133874 25590        0.2642   276        0.2904        0.2526  6199455   13.02%
 136573 26871        0.2866   169        0.2904        0.2528  6268253   12.96%
 139261 28469        0.2763   223        0.2904        0.2530  6352951   12.87%
 142061 30096        0.2814   206        0.2904        0.2532  6433137   12.81%
 144714 32057        0.2714   183        0.2904        0.2533  6537003   12.76%
 147480 33095        cutoff              0.2904        0.2535  6594211   12.70%
 150185 34725        0.2756   234        0.2904        0.2536  6676467   12.65%
 152729 36980        0.2572   268        0.2904        0.2538  6792773   12.59%
 155564 39081        0.2779   212        0.2904        0.2540  6902412   12.55%
 158613 40663        cutoff              0.2904        0.2541  6980791   12.51%
Elapsed time = 2049.39 sec. (167714.25 ticks, tree = 2688.40 MB, solutions = 112)
Nodefile size = 635.02 MB (541.49 MB after compression)
 161289 41793        0.2603   253        0.2904        0.2543  7035831   12.44%
 164257 44439        0.2898   113        0.2904        0.2543  7170165   12.41%
 166665 45525        cutoff              0.2904        0.2546  7229563   12.34%
 169456 47490        0.2763   216        0.2904        0.2546  7336459   12.31%
 172093 48414        0.2881   257        0.2904        0.2549  7381937   12.22%
 174475 49983        0.2652   260        0.2904        0.2550  7482950   12.18%
 176990 51434        0.2721   242        0.2904        0.2552  7579411   12.11%
 179459 53346        0.2695   285        0.2904        0.2553  7711004   12.07%
 181991 55017        0.2717   286        0.2904        0.2555  7819566   12.02%
 192277 61133        0.2599   234        0.2904        0.2560  8228889   11.84%
Elapsed time = 2214.36 sec. (180116.52 ticks, tree = 4001.07 MB, solutions = 112)
Nodefile size = 1947.90 MB (1662.98 MB after compression)
 202719 66709        cutoff              0.2904        0.2565  8606817   11.66%
 213465 71293        cutoff              0.2904        0.2570  8939446   11.49%
 223889 77354        0.2780   247        0.2904        0.2575  9329543   11.34%
 234506 84020        cutoff              0.2904        0.2578  9785338   11.23%
 244594 88370        0.2880   259        0.2904        0.2581 10111308   11.11%
 255036 95166        0.2788   206        0.2904        0.2584 10610934   11.01%
 265639 100907        0.2856   177        0.2904        0.2587 11041920   10.91%
 276066 106748        cutoff              0.2904        0.2591 11486169   10.79%
 287374 110797        0.2603   230        0.2904        0.2594 11803862   10.68%
 298509 117007        cutoff              0.2904        0.2597 12243158   10.57%
Elapsed time = 2574.46 sec. (218266.20 ticks, tree = 7792.93 MB, solutions = 112)
Nodefile size = 5731.35 MB (4916.17 MB after compression)
 309592 123084        0.2718   198        0.2904        0.2600 12697465   10.46%
 320843 127924        0.2810   193        0.2904        0.2603 13052945   10.38%
 331852 134301        0.2803   263        0.2904        0.2606 13649921   10.26%
 342467 140281        0.2759   191        0.2904        0.2609 14190142   10.17%
 353703 145073        0.2767   256        0.2904        0.2612 14572925   10.07%
 365125 151557        0.2880   132        0.2904        0.2614 15062736    9.99%
 376772 156942        0.2887   154        0.2904        0.2617 15481364    9.89%
 388131 161618        0.2795   255        0.2904        0.2619 15854406    9.80%
 399863 167314        0.2859   182        0.2904        0.2622 16281304    9.70%
 411588 173153        cutoff              0.2904        0.2624 16759702    9.63%
Elapsed time = 2950.92 sec. (256416.22 ticks, tree = 11409.68 MB, solutions = 112)
Nodefile size = 9348.77 MB (7988.61 MB after compression)
 422870 178787        0.2774   213        0.2904        0.2627 17247744    9.54%
 434192 183038        0.2876   252        0.2904        0.2630 17594857    9.45%
 445848 189587        0.2740   168        0.2904        0.2632 18176738    9.36%
 456464 194171        0.2869   138        0.2904        0.2634 18589548    9.29%
 468090 198696        0.2709   180        0.2904        0.2636 18982573    9.22%
 479569 204451        cutoff              0.2904        0.2638 19507867    9.14%
 490822 210240        0.2675   191        0.2904        0.2641 20031211    9.06%
 502600 214754        0.2861   242        0.2904        0.2643 20410594    8.99%
 514024 219808        0.2830   209        0.2904        0.2645 20843704    8.93%
 525723 226021        0.2871   202        0.2904        0.2647 21376514    8.86%
Elapsed time = 3305.12 sec. (294565.90 ticks, tree = 15010.14 MB, solutions = 112)
Nodefile size = 12952.44 MB (11051.64 MB after compression)
 537607 230482        cutoff              0.2904        0.2649 21767030    8.79%
 549495 235033        0.2903   179        0.2904        0.2650 22186249    8.73%
 561205 241364        0.2729   219        0.2904        0.2652 22747019    8.67%
 572954 246064        cutoff              0.2904        0.2654 23179123    8.60%
 585150 250745        cutoff              0.2904        0.2656 23585363    8.54%
 597647 256280        cutoff              0.2904        0.2658 24053690    8.48%
 609163 262919        0.2853   239        0.2904        0.2659 24645939    8.42%
 621025 267865        0.2739   165        0.2904        0.2661 25133984    8.36%
 632885 271212        0.2846   150        0.2904        0.2663 25478672    8.30%
 645289 276884        0.2724   205        0.2904        0.2665 25987269    8.24%
Elapsed time = 3688.19 sec. (332715.26 ticks, tree = 18485.97 MB, solutions = 112)
Nodefile size = 16427.18 MB (14003.59 MB after compression)
 658014 282079        0.2849   244        0.2904        0.2666 26459076    8.18%
 669964 287666        0.2702   212        0.2904        0.2668 26970215    8.13%
 682100 291703        0.2889   213        0.2904        0.2669 27384549    8.08%
 693920 295730        0.2716   195        0.2904        0.2671 27772682    8.02%
 705707 301036        0.2881   212        0.2904        0.2673 28334333    7.96%
 717312 306048        0.2879   174        0.2904        0.2674 28860710    7.90%
 729184 308967        cutoff              0.2904        0.2676 29176229    7.85%
 741580 314047        cutoff              0.2904        0.2678 29714793    7.80%
 753668 319593        0.2844   213        0.2904        0.2679 30276972    7.73%
 765748 323880        0.2690   230        0.2904        0.2681 30723777    7.68%
Elapsed time = 4101.97 sec. (370865.92 ticks, tree = 21725.42 MB, solutions = 112)
Nodefile size = 19667.09 MB (16755.64 MB after compression)
 777886 328666        0.2886   134        0.2904        0.2682 31196471    7.63%
 790381 332841        0.2841   188        0.2904        0.2684 31610229    7.57%
*802088 336281      integral     0        0.2895        0.2685 31917254    7.24%
 803071 336721        0.2887   175        0.2895        0.2685 31977986    7.23%
 814541 338861        0.2880   117        0.2895        0.2687 32421089    7.18%
 827744 344043        cutoff              0.2895        0.2688 32887552    7.13%
 839552 349435        0.2788   208        0.2895        0.2690 33476192    7.09%
 852653 353820        0.2827   168        0.2895        0.2691 33894337    7.04%
 865511 357978        0.2830   150        0.2895        0.2692 34289597    6.99%
 878737 362637        cutoff              0.2895        0.2694 34760448    6.94%
 891857 369251        cutoff              0.2895        0.2695 35368859    6.90%
Elapsed time = 4497.70 sec. (409016.34 ticks, tree = 24661.75 MB, solutions = 113)
Nodefile size = 22604.56 MB (19253.68 MB after compression)
 905143 371991        0.2803   176        0.2895        0.2697 35675188    6.85%
 918633 378828        cutoff              0.2895        0.2698 36256444    6.80%
 932156 384657        0.2808    82        0.2895        0.2699 36721170    6.75%
 943458 388947        cutoff              0.2895        0.2701 37169011    6.71%
*950177 392057      integral     0        0.2880        0.2701 37488038    6.20%
*952912+359553                            0.2879        0.2702             6.16%
*953394+359943                            0.2871        0.2702             5.90%
*955332+360169                            0.2867        0.2702             5.76%
 956046 332646        0.2797   158        0.2867        0.2702 37716843    5.76%
*956690+321784                            0.2865        0.2702             5.71%
*959706+318004                            0.2865        0.2702             5.68%
 967909 318900        0.2849   234        0.2865        0.2703 38045755    5.65%
 978859 322576        0.2792   151        0.2865        0.2704 38471291    5.61%
*979253+322722                            0.2848        0.2704             5.05%
*981738+280317                            0.2826        0.2704             4.31%
*981810+280384                            0.2803        0.2704             3.52%
*988344+186167                            0.2796        0.2705             3.26%
 991434 173148        0.2727   212        0.2796        0.2705 38970145    3.24%
 1001889 175335        0.2744   281        0.2796        0.2706 39346100    3.21%
 1014596 178405        0.2733   116        0.2796        0.2707 39879286    3.16%
Elapsed time = 4865.88 sec. (447166.32 ticks, tree = 11100.66 MB, solutions = 127)
Nodefile size = 9044.29 MB (7714.97 MB after compression)
 1029310 180578        0.2714   185        0.2796        0.2709 40166479    3.11%
 1041256 184750        0.2722   177        0.2796        0.2710 40761987    3.07%
 1054943 187391        0.2753   235        0.2796        0.2712 41226329    3.01%
 1066771 188937        cutoff              0.2796        0.2713 41464626    2.95%
 1080424 191123        cutoff              0.2796        0.2715 42029756    2.90%
 1093976 193001        0.2778   202        0.2796        0.2716 42378700    2.84%
 1107919 197025        0.2732   299        0.2796        0.2718 42974914    2.79%
 1123035 199617        0.2723   265        0.2796        0.2719 43293156    2.74%
 1135542 202681        0.2784   109        0.2796        0.2720 43784033    2.70%
 1150484 206343        0.2788   109        0.2796        0.2722 44352654    2.65%
Elapsed time = 5218.51 sec. (485317.87 ticks, tree = 12159.83 MB, solutions = 127)
Nodefile size = 10102.16 MB (8537.30 MB after compression)
 1163988 209036        0.2746   112        0.2796        0.2723 44767442    2.60%
 1178852 211392        0.2758   296        0.2796        0.2724 45169927    2.56%
 1193873 214712        0.2775   248        0.2796        0.2725 45704627    2.52%
 1208326 216439        cutoff              0.2796        0.2727 46022882    2.48%
 1224363 221038        0.2782   162        0.2796        0.2728 46609751    2.43%
 1238676 224092        0.2731   202        0.2796        0.2729 47013743    2.39%
 1255244 228782        cutoff              0.2796        0.2730 47603360    2.35%
 1270311 231846        0.2768   134        0.2796        0.2731 47972375    2.31%
 1286798 235617        cutoff              0.2796        0.2732 48509579    2.28%
 1302292 238458        0.2743   188        0.2796        0.2733 48871840    2.24%
Elapsed time = 5581.47 sec. (523466.65 ticks, tree = 13493.16 MB, solutions = 127)
Nodefile size = 11436.89 MB (9553.63 MB after compression)
 1317627 240960        0.2763   127        0.2796        0.2734 49333678    2.21%
 1333818 243223        0.2793   126        0.2796        0.2735 49634067    2.17%
 1348848 247162        0.2776   107        0.2796        0.2736 50174077    2.13%
 1365860 251000        0.2754   103        0.2796        0.2737 50699761    2.10%
 1380643 254410        cutoff              0.2796        0.2738 51148986    2.06%

Clique cuts applied:  1144
Implied bound cuts applied:  28
Flow cuts applied:  35
Mixed integer rounding cuts applied:  31
Zero-half cuts applied:  164
Lift and project cuts applied:  49
Gomory fractional cuts applied:  7

Root node processing (before b&c):
  Real time             =  596.04 sec. (35063.01 ticks)
Parallel b&c, 32 threads:
  Real time             = 5118.73 sec. (507893.43 ticks)
  Sync time (average)   = 2420.81 sec.
  Wait time (average)   =    3.50 sec.
                          ------------
Total (root+branch&cut) = 5714.77 sec. (542956.44 ticks)
Solution found
