Filter at 1std, 1count, 1%frequency
STD	Number of positions discarded due to coverage deviation: 837
COUNT	Number of nucleotides discarded due to low count: 138
COUNT	Number of columns discarded due to low leading to empty column: 0
FREQ	Number of nucleotides discarded due to low frequency: 0
FREQ	Number of columns discarded due to low frequency leading to empty column: 0
OUT	Number of variable positions: 29
OUT	Number of invariant positions: 3946
OUT	0 kept strains equivalence classes
Filter at 1std, 1 count, 0.5%frequency
STD	Number of positions discarded due to coverage deviation: 837
COUNT	Number of nucleotides discarded due to low count: 138
COUNT	Number of columns discarded due to low leading to empty column: 0
FREQ	Number of nucleotides discarded due to low frequency: 0
FREQ	Number of columns discarded due to low frequency leading to empty column: 0
OUT	Number of variable positions: 29
OUT	Number of invariant positions: 3946
OUT	0 kept strains equivalence classes
Filter at 2std, 1count, 1%frequency
STD	Number of positions discarded due to coverage deviation: 104
COUNT	Number of nucleotides discarded due to low count: 156
COUNT	Number of columns discarded due to low leading to empty column: 0
FREQ	Number of nucleotides discarded due to low frequency: 0
FREQ	Number of columns discarded due to low frequency leading to empty column: 0
OUT	Number of variable positions: 34
OUT	Number of invariant positions: 4674
OUT	0 kept strains equivalence classes
Filter at 2std, 1 count, 0.5%frequency
STD	Number of positions discarded due to coverage deviation: 104
COUNT	Number of nucleotides discarded due to low count: 156
COUNT	Number of columns discarded due to low leading to empty column: 0
FREQ	Number of nucleotides discarded due to low frequency: 0
FREQ	Number of columns discarded due to low frequency leading to empty column: 0
OUT	Number of variable positions: 34
OUT	Number of invariant positions: 4674
OUT	0 kept strains equivalence classes
