Model: Diversity_model_3
 - number of variables: 1738
   - binary=200, integer=1, continuous=1537
 - number of constraints: 1921
   - linear=1921
 - parameters: defaults
CPXPARAM_Read_DataCheck                          1
CPXPARAM_RandomSeed                              201804051
CPXPARAM_MIP_Strategy_LBHeur                     1
CPXPARAM_TimeLimit                               86400
CPXPARAM_MIP_Tolerances_MIPGap                   0.02
Tried aggregator 2 times.
MIP Presolve eliminated 308 rows and 308 columns.
MIP Presolve modified 200 coefficients.
Aggregator did 300 substitutions.
Reduced MIP has 1313 rows, 1130 columns, and 4291 nonzeros.
Reduced MIP has 200 binaries, 0 generals, 300 SOSs, and 0 indicators.
Presolve time = 0.01 sec. (5.45 ticks)
Probing changed sense of 25 constraints.
Probing time = 0.01 sec. (1.88 ticks)
Tried aggregator 2 times.
MIP Presolve eliminated 25 rows and 0 columns.
Aggregator did 50 substitutions.
Reduced MIP has 1238 rows, 1080 columns, and 4116 nonzeros.
Reduced MIP has 175 binaries, 0 generals, 300 SOSs, and 0 indicators.
Presolve time = 0.01 sec. (4.60 ticks)
Probing time = 0.01 sec. (1.46 ticks)
Clique table members: 75.
MIP emphasis: balance optimality and feasibility.
MIP search method: dynamic search.
Parallel mode: deterministic, using up to 32 threads.
Root relaxation solution time = 0.04 sec. (13.14 ticks)

        Nodes                                         Cuts/
   Node  Left     Objective  IInf  Best Integer    Best Bound    ItCnt     Gap

      0     0        1.0000   142                      1.0000      403         
      0     0        1.0000   120                   Cuts: 115      649         
*     0+    0                            2.0897        1.0000            52.15%
*     0+    0                            1.9360        1.0000            48.35%
      0     0        1.0000   160        1.9360     Cuts: 259      941   48.35%
      0     0        1.0000    79        1.9360      Cuts: 24      975   48.35%
      0     0        1.0000    93        1.9360     Cuts: 126     1119   48.35%
*     0+    0                            1.5275        1.0000            34.53%
      0     2        1.0000    73        1.5275        1.0000     1119   34.53%
Elapsed time = 112.19 sec. (218.54 ticks, tree = 0.02 MB, solutions = 3)
*    19+    5                            1.4941        1.0000            33.07%
*    20+    7                            1.4887        1.0000            32.83%
*    21+    8                            1.4828        1.0000            32.56%
*    23+   10                            1.4737        1.0000            32.14%
*    27+   10                            1.4614        1.0000            31.57%
*  3049  2103      integral     0        1.4097        1.0000    34479   29.06%
*  3219  1931      integral     0        1.3222        1.0000    37982   24.37%
*  3503  1585      integral     0        1.2370        1.0000    41868   19.16%
*  3757  1301      integral     0        1.2335        1.0000    45856   18.93%
*  4299  1516      integral     0        1.2221        1.0000    52029   18.17%
   5426  1827        1.0721    61        1.2221        1.0000    64234   18.17%
*  6519  2762      integral     0        1.1216        1.0000    84631   10.84%
*  7680  1570      integral     0        1.1193        1.0000   103189   10.66%
*  7913  1823      integral     0        1.1183        1.0000   114044   10.58%
* 12846+ 2446                            1.1051        1.0000             9.51%
  13518  4087        1.1095    68        1.1051        1.0000   199875    9.51%
* 22068  5299      integral     0        1.1041        1.0000   297891    9.43%
* 22240  5421      integral     0        1.0944        1.0000   302367    8.63%
  23480  5607        1.0865    77        1.0944        1.0000   310942    8.63%
* 23756+ 3918                            1.0944        1.0000             8.63%
* 26169  4573      integral     0        1.0878        1.0000   365529    8.07%
* 29199  3676      integral     0        1.0824        1.0000   390020    7.61%
* 33315+ 3338                            1.0807        1.0522             2.64%
* 33315+ 2225                            1.0744        1.0522             2.07%

Cover cuts applied:  2
Implied bound cuts applied:  3
Flow cuts applied:  7
Mixed integer rounding cuts applied:  2
Gomory fractional cuts applied:  4

Root node processing (before b&c):
  Real time             =  100.21 sec. (219.33 ticks)
Parallel b&c, 32 threads:
  Real time             =  502.34 sec. (1669.00 ticks)
  Sync time (average)   =  149.46 sec.
  Wait time (average)   =    0.00 sec.
                          ------------
Total (root+branch&cut) =  602.55 sec. (1888.33 ticks)
Solution found
