Model: Diversity_model_3
 - number of variables: 6176
   - binary=5806, integer=2, continuous=368
 - number of constraints: 12280
   - linear=12280
 - parameters: defaults
CPXPARAM_Read_DataCheck                          1
CPXPARAM_RandomSeed                              201804051
CPXPARAM_MIP_Strategy_LBHeur                     1
CPXPARAM_TimeLimit                               86400
CPXPARAM_MIP_Tolerances_MIPGap                   0.02
Tried aggregator 3 times.
MIP Presolve eliminated 7709 rows and 1605 columns.
MIP Presolve modified 510 coefficients.
Aggregator did 4571 substitutions.
All rows and columns eliminated.
Presolve time = 0.19 sec. (53.25 ticks)

Root node processing (before b&c):
  Real time             =    0.19 sec. (54.18 ticks)
Parallel b&c, 32 threads:
  Real time             =    0.00 sec. (0.00 ticks)
  Sync time (average)   =    0.00 sec.
  Wait time (average)   =    0.00 sec.
                          ------------
Total (root+branch&cut) =    0.19 sec. (54.18 ticks)
Solution found
