Filter at 1std, 1count, 1%frequency
STD	Number of positions discarded due to coverage deviation: 653
COUNT	Number of nucleotides discarded due to low count: 2881
COUNT	Number of columns discarded due to low leading to empty column: 0
FREQ	Number of nucleotides discarded due to low frequency: 1208
FREQ	Number of columns discarded due to low frequency leading to empty column: 0
OUT	Number of variable positions: 24
OUT	Number of invariant positions: 4135
OUT	1 kept strains equivalence classes
Filter at 1std, 1 count, 0.5%frequency
STD	Number of positions discarded due to coverage deviation: 653
COUNT	Number of nucleotides discarded due to low count: 2881
COUNT	Number of columns discarded due to low leading to empty column: 0
FREQ	Number of nucleotides discarded due to low frequency: 1187
FREQ	Number of columns discarded due to low frequency leading to empty column: 0
OUT	Number of variable positions: 45
OUT	Number of invariant positions: 4114
OUT	1 kept strains equivalence classes
Filter at 2std, 1count, 1%frequency
STD	Number of positions discarded due to coverage deviation: 208
COUNT	Number of nucleotides discarded due to low count: 3128
COUNT	Number of columns discarded due to low leading to empty column: 0
FREQ	Number of nucleotides discarded due to low frequency: 1304
FREQ	Number of columns discarded due to low frequency leading to empty column: 0
OUT	Number of variable positions: 26
OUT	Number of invariant positions: 4578
OUT	1 kept strains equivalence classes
Filter at 2std, 1 count, 0.5%frequency
STD	Number of positions discarded due to coverage deviation: 208
COUNT	Number of nucleotides discarded due to low count: 3128
COUNT	Number of columns discarded due to low leading to empty column: 0
FREQ	Number of nucleotides discarded due to low frequency: 1279
FREQ	Number of columns discarded due to low frequency leading to empty column: 0
OUT	Number of variable positions: 51
OUT	Number of invariant positions: 4553
OUT	1 kept strains equivalence classes
