Model: Diversity_model_3
 - number of variables: 10952
   - binary=7932, integer=2, continuous=3018
 - number of constraints: 26891
   - linear=26891
 - parameters: defaults
CPXPARAM_Read_DataCheck                          1
CPXPARAM_RandomSeed                              201804051
CPXPARAM_MIP_Strategy_LBHeur                     1
CPXPARAM_TimeLimit                               86400
CPXPARAM_MIP_Tolerances_MIPGap                   0.02
Tried aggregator 2 times.
MIP Presolve eliminated 599 rows and 596 columns.
MIP Presolve modified 392 coefficients.
Aggregator did 4359 substitutions.
Reduced MIP has 21933 rows, 5997 columns, and 57420 nonzeros.
Reduced MIP has 4162 binaries, 0 generals, 588 SOSs, and 0 indicators.
Presolve time = 0.14 sec. (105.14 ticks)
Probing changed sense of 49 constraints.
Probing time = 0.16 sec. (50.66 ticks)
Tried aggregator 2 times.
MIP Presolve eliminated 3006 rows and 295 columns.
Aggregator did 98 substitutions.
Reduced MIP has 18829 rows, 5604 columns, and 48796 nonzeros.
Reduced MIP has 3818 binaries, 0 generals, 588 SOSs, and 0 indicators.
Presolve time = 0.15 sec. (122.20 ticks)
Probing time = 0.15 sec. (45.78 ticks)
Clique table members: 30052.
MIP emphasis: balance optimality and feasibility.
MIP search method: dynamic search.
Parallel mode: deterministic, using up to 32 threads.
Root relaxation solution time = 16.82 sec. (391.68 ticks)

        Nodes                                         Cuts/
   Node  Left     Objective  IInf  Best Integer    Best Bound    ItCnt     Gap

      0     0        0.1729  2055                      0.1729     4976         
*     0+    0                            3.6698        0.1729            95.29%
      0     0        0.1804  1489        3.6698    Cuts: 4028     7417   95.08%
      0     0        0.1822  1717        3.6698    Cuts: 2597     9219   95.03%
*     0+    0                            1.8454        0.1822            90.13%
      0     0        0.1829  2169        1.8454    Cuts: 1762    11434   90.09%
*     0+    0                            1.8272        0.1829            89.99%
      0     0        0.1843  2145        1.8272    Cuts: 1163    13490   89.92%
*     0+    0                            1.5023        0.1843            87.74%
      0     0        0.1851  2064        1.5023    Cuts: 1904    14702   87.68%
*     0+    0                            1.5000        0.1851            87.66%
*     0+    0                            1.4913        0.1851            87.59%
*     0+    0                            1.4874        0.1851            87.55%

Repeating presolve.
Tried aggregator 2 times.
MIP Presolve eliminated 12246 rows and 2996 columns.
Aggregator did 49 substitutions.
Reduced MIP has 6534 rows, 2559 columns, and 18244 nonzeros.
Reduced MIP has 822 binaries, 0 generals, 588 SOSs, and 0 indicators.
Presolve time = 0.24 sec. (37.83 ticks)
Probing time = 0.19 sec. (8.14 ticks)
Tried aggregator 1 time.
MIP Presolve eliminated 225 rows and 44 columns.
Reduced MIP has 6309 rows, 2515 columns, and 17657 nonzeros.
Reduced MIP has 778 binaries, 0 generals, 588 SOSs, and 0 indicators.
Presolve time = 0.04 sec. (17.10 ticks)
Probing time = 0.15 sec. (3.34 ticks)
Tried aggregator 1 time.
Reduced MIP has 6309 rows, 2515 columns, and 17657 nonzeros.
Reduced MIP has 778 binaries, 0 generals, 588 SOSs, and 0 indicators.
Presolve time = 0.05 sec. (13.69 ticks)
Represolve time = 1.04 sec. (256.14 ticks)
Probing time = 0.16 sec. (3.34 ticks)
Clique table members: 6881.
MIP emphasis: balance optimality and feasibility.
MIP search method: dynamic search.
Parallel mode: deterministic, using up to 32 threads.
Root relaxation solution time = 11.59 sec. (290.09 ticks)

        Nodes                                         Cuts/
   Node  Left     Objective  IInf  Best Integer    Best Bound    ItCnt     Gap

*     0+    0                            1.4874        0.1851            87.55%
      0     0        0.1854   579        1.4874        0.1854    19279   87.53%
*     0+    0                            1.4799        0.1854            87.47%
      0     0        0.1909   582        1.4799    Cuts: 1074    21200   87.10%
*     0+    0                            1.4799        0.1909            87.10%
      0     0        0.1913   574        1.4799     Cuts: 255    22089   87.08%
      0     0        0.1917   577        1.4799     Cuts: 395    22786   87.04%
      0     0        0.1919   605        1.4799     Cuts: 263    23061   87.03%
      0     0        0.1919   622        1.4799     Cuts: 117    23362   87.03%
      0     0        0.1919   581        1.4799     Cuts: 251    23680   87.03%
      0     0        0.1919   574        1.4799     Cuts: 220    24080   87.03%
      0     0        0.1920   590        1.4799      Cuts: 85    24405   87.03%
      0     0        0.1921   590        1.4799     Cuts: 216    24773   87.02%
      0     0        0.1922   595        1.4799     Cuts: 170    24956   87.01%
      0     0        0.1923   567        1.4799     Cuts: 218    25187   87.01%
      0     0        0.1923   594        1.4799     Cuts: 153    25347   87.01%
      0     2        0.1923   441        1.4799        0.1923    25347   87.01%
Elapsed time = 157.22 sec. (11200.49 ticks, tree = 0.02 MB, solutions = 9)
      1     3        0.1923   614        1.4799        0.1923    27502   87.01%
     16    13        0.1930   541        1.4799        0.1923    32212   87.01%
*   213+   26                            1.4745        0.1923            86.96%
*   387+    9                            1.4738        0.1923            86.95%
    516   257        1.0279   384        1.4738        0.1923    72972   86.95%
   1943  1032        1.1982   285        1.4738        0.1923   136644   86.95%
   2784  1733        0.5207   477        1.4738        0.1923   194027   86.95%
   3067  2047        0.5481   457        1.4738        0.1923   224744   86.95%
   3899  2373        1.4354   163        1.4738        0.1923   246224   86.95%
   5404  3254        1.3520   233        1.4738        0.1923   300847   86.95%
   6736  4626        1.2767   336        1.4738        0.1923   384824   86.95%
*  6954  5078      integral     0        1.4721        0.1923   415522   86.94%
Elapsed time = 187.39 sec. (13573.80 ticks, tree = 10.95 MB, solutions = 11)
*  9461+ 7408                            1.2357        0.1923            84.44%
   9877  3508        0.9743   425        1.2357        0.1923   628028   84.44%
  12193  5009        1.0254   459        1.2357        0.1923   793291   84.44%
  14941  7607        1.0995   421        1.2357        0.1923   998423   84.44%
  18434 10097        0.9909   424        1.2357        0.1923  1205215   84.44%
  22294 13565        1.0438   414        1.2357        0.1923  1506515   84.44%
* 25038+15457                            1.1047        0.1923            82.59%
* 25120+15474                            1.1000        0.1923            82.52%
  25122 16370        1.1745   502        1.1000        0.1923  1736213   82.52%
* 25124+15398                            1.0575        0.1923            81.81%
* 25370+15824                            1.0549        0.1923            81.77%
* 25545+15918                            1.0532        0.1923            81.74%
* 25785+ 7094                            1.0513        0.1923            81.71%
  25794  7157        0.3873   548        1.0513        0.1923  1789531   81.71%
  25800  7404        0.1942   604        1.0513        0.2723  1865337   74.10%
  25806  5554        0.5236   546        1.0513        0.2723  1866817   74.10%
  26559   432        cutoff              1.0513        0.2723  1946280   74.10%
Elapsed time = 386.91 sec. (38358.84 ticks, tree = 10.51 MB, solutions = 114)
  28097  1144        0.7929   512        1.0513        0.2723  2079449   74.10%
  29591  1806        cutoff              1.0513        0.2723  2200411   74.10%
  31164  2746        0.9579   396        1.0513        0.2723  2376287   74.10%
  33312  4093        1.0423   368        1.0513        0.3827  2572889   63.60%
  34934  4679        0.9703   481        1.0513        0.3827  2701603   63.60%
* 35377+ 3950                            1.0218        0.3827            62.55%
* 35386+ 3950                            1.0213        0.3827            62.53%
  35397  4973        1.0268   445        1.0213        0.3827  2763038   62.53%
* 35407+ 3950                            1.0104        0.3827            62.12%
* 35423+ 4599                            1.0095        0.3827            62.09%
* 35530+ 4596                            1.0073        0.3827            62.01%
  35547  2733        cutoff              1.0073        0.3827  2783486   62.01%
* 35549+ 4596                            1.0044        0.3827            61.90%
* 35822+ 4749                            1.0029        0.3827            61.84%
  36082  2707        0.9808   454        1.0029        0.3827  2819564   61.84%
* 36558+ 2684                            1.0027        0.5708            43.07%
* 36623+ 2738                            1.0009        0.5850            41.55%
  37446  2957        cutoff              1.0009        0.6095  2918383   39.11%
* 37647+ 2741                            1.0008        0.7245            27.61%
  39461  3349        0.9969   302        1.0008        0.7245  3043798   27.61%
Elapsed time = 466.07 sec. (47967.86 ticks, tree = 140.05 MB, solutions = 199)
* 39764+ 3155                            1.0007        0.7245            27.60%
  41014  3938        0.9111   468        1.0007        0.7245  3184952   27.60%
* 41268+ 3494                            1.0007        0.7245            27.60%
  43045  4703        0.9973   157        1.0007        0.8585  3312406   14.21%
  45332  6343        0.9706   491        1.0007        0.8902  3525443   11.04%
  48424  7286        0.9773   388        1.0007        0.8924  3639639   10.82%
  52263  9703        0.9626   242        1.0007        0.8936  3835656   10.70%
  54794 11258        cutoff              1.0007        0.8985  3961629   10.21%
  59096 12533        0.9812   412        1.0007        0.9050  4065485    9.56%
  64382 15944        0.9840   260        1.0007        0.9113  4263988    8.93%
  68843 18942        0.9753   392        1.0007        0.9150  4427921    8.56%
  74895 22159        0.9964   216        1.0007        0.9194  4585849    8.13%
Elapsed time = 542.03 sec. (57509.22 ticks, tree = 1194.10 MB, solutions = 203)
  81457 26229        0.9859   293        1.0007        0.9216  4763060    7.90%
  86980 30425        0.9812   231        1.0007        0.9239  4940510    7.67%
* 88851 31036      integral     0        0.9950        0.9244  4954575    7.10%
  93304 26672        0.9515   186        0.9950        0.9253  5004105    7.01%
* 93611+26355                            0.9896        0.9253             6.50%
  99315 26766        0.9857   165        0.9896        0.9285  5165744    6.18%
 107036 31738        0.9887   196        0.9896        0.9311  5331625    5.92%
 114604 35040        cutoff              0.9896        0.9328  5443740    5.75%
 119838 38335        0.9463   228        0.9896        0.9328  5543250    5.74%
 122616 40658        cutoff              0.9896        0.9328  5606824    5.74%
 125053 43747        0.9720   221        0.9896        0.9328  5697958    5.74%
 129656 46017        0.9885   133        0.9896        0.9328  5763049    5.74%
Elapsed time = 728.82 sec. (67047.86 ticks, tree = 2539.87 MB, solutions = 205)
Nodefile size = 487.06 MB (471.33 MB after compression)
 132807 47006        cutoff              0.9896        0.9328  5791049    5.74%
 134942 50005        0.9527   262        0.9896        0.9328  5876289    5.74%
*134968+48639                            0.9887        0.9328             5.66%
*135850+49091                            0.9876        0.9328             5.55%
 137982 48298        0.9810   160        0.9876        0.9328  5927956    5.55%
*138977+47995                            0.9867        0.9328             5.47%
*139686+48400                            0.9867        0.9328             5.47%
 141969 48500        0.9776   120        0.9867        0.9328  5984822    5.47%
 146080 50505        0.9432   270        0.9867        0.9328  6051865    5.47%
 148847 53029        0.9419   228        0.9867        0.9328  6113523    5.47%
 152880 55158        0.9860   281        0.9867        0.9328  6167222    5.47%
 156006 57071        0.9807   203        0.9867        0.9328  6214063    5.47%
 159379 58970        cutoff              0.9867        0.9328  6261351    5.47%
 162018 60687        0.9431   250        0.9867        0.9328  6299757    5.47%
Elapsed time = 837.06 sec. (76591.11 ticks, tree = 3375.47 MB, solutions = 212)
Nodefile size = 1320.69 MB (1274.79 MB after compression)
 165386 62006        0.9581   191        0.9867        0.9328  6328417    5.47%
 168424 64734        0.9773   158        0.9867        0.9328  6388627    5.47%
 171092 66812        cutoff              0.9867        0.9328  6429885    5.47%
 173714 68680        0.9454   227        0.9867        0.9328  6472302    5.47%
*174910+68002                            0.9864        0.9328             5.43%
 176164 70347        0.9841   123        0.9864        0.9328  6510862    5.43%
 178091 71962        0.9489   222        0.9864        0.9328  6561565    5.43%
*180237+72003                            0.9862        0.9328             5.41%
 180445 73901        cutoff              0.9862        0.9328  6601827    5.41%
*180755+73393                            0.9857        0.9359             5.05%
 182071 75317        0.9808   175        0.9857        0.9359  6673028    5.05%
*182675+75282                            0.9851        0.9359             4.99%
*182932+74699                            0.9849        0.9359             4.97%
*183666+74248                            0.9849        0.9359             4.97%
 184028 74376    infeasible              0.9849        0.9359  6699074    4.97%
*184029+74043                            0.9847        0.9359             4.96%
*184400+74275                            0.9847        0.9359             4.95%
*184455+74365                            0.9847        0.9359             4.95%
 186740 75089        0.9740   103        0.9847        0.9359  6728194    4.95%
Elapsed time = 950.05 sec. (86131.37 ticks, tree = 4178.00 MB, solutions = 226)
Nodefile size = 2119.21 MB (2043.29 MB after compression)
 190120 75899        0.9564   206        0.9847        0.9359  6746013    4.95%
 194448 77682        0.9607   172        0.9847        0.9359  6786425    4.95%
 197601 79778        0.9486   194        0.9847        0.9359  6833651    4.95%
 200148 82419        0.9767   130        0.9847        0.9359  6885011    4.95%
 203077 84457        0.9831   130        0.9847        0.9359  6928306    4.95%
 206157 86182        0.9691   139        0.9847        0.9359  6963087    4.95%
 208843 87634        0.9787   206        0.9847        0.9359  6989334    4.95%
 210737 89505        0.9721   103        0.9847        0.9359  7029397    4.95%
 214083 92735        0.9798   144        0.9847        0.9359  7099067    4.95%
 217512 94710        0.9845    95        0.9847        0.9359  7138614    4.95%
Elapsed time = 1053.56 sec. (95670.13 ticks, tree = 5325.51 MB, solutions = 226)
Nodefile size = 3268.48 MB (3150.54 MB after compression)
 220192 95283        0.9843    73        0.9847        0.9359  7149580    4.95%
 222929 97681        0.9813   181        0.9847        0.9359  7196814    4.95%
 225582 100570        0.9454   242        0.9847        0.9359  7258207    4.95%
 228192 101093        0.9826   105        0.9847        0.9359  7269016    4.95%
 231017 103851        0.9600   172        0.9847        0.9359  7329707    4.95%
 233673 104767        0.9755   226        0.9847        0.9359  7350665    4.95%
 236343 106828        0.9627   179        0.9847        0.9359  7397123    4.95%
 238418 109761        0.9553   164        0.9847        0.9359  7459549    4.95%
 242063 112074        0.9560   147        0.9847        0.9359  7506102    4.95%
 245148 114002        0.9511   184        0.9847        0.9359  7548567    4.95%
Elapsed time = 1155.83 sec. (105210.34 ticks, tree = 6457.85 MB, solutions = 226)
Nodefile size = 4403.21 MB (4244.18 MB after compression)
 248122 114620        0.9788   149        0.9847        0.9359  7563160    4.95%
 251078 117047        0.9689   192        0.9847        0.9359  7611688    4.95%
 254292 118770        0.9602   207        0.9847        0.9359  7651236    4.95%
 257342 121232        0.9838   105        0.9847        0.9359  7700892    4.95%
 260688 123770        0.9643   154        0.9847        0.9359  7752248    4.95%
 264203 125190        0.9721   110        0.9847        0.9359  7783512    4.95%
 267211 127748        0.9483   188        0.9847        0.9359  7836539    4.95%
 269720 130750        0.9511   188        0.9847        0.9359  7896828    4.95%
 273622 132330        0.9774   170        0.9847        0.9359  7929266    4.95%
 286054 139933        0.9785   167        0.9847        0.9359  8081881    4.95%
Elapsed time = 1278.82 sec. (117611.59 ticks, tree = 7981.23 MB, solutions = 226)
Nodefile size = 5918.60 MB (5703.71 MB after compression)
 296133 148535        0.9727   142        0.9847        0.9359  8258326    4.95%
 311385 158397        0.9812   128        0.9847        0.9359  8503967    4.95%
 323992 166719        0.9741   175        0.9847        0.9359  8703014    4.95%
 338102 176217        0.9794    82        0.9847        0.9359  8943004    4.95%
 350416 183967        0.9838   119        0.9847        0.9359  9136502    4.95%
 364628 192270        0.9717   172        0.9847        0.9359  9344800    4.95%
 375583 200747        0.9525   185        0.9847        0.9359  9549312    4.95%
 390164 209412        0.9514   197        0.9847        0.9359  9770148    4.95%
 403732 217862        0.9829   127        0.9847        0.9359  9962315    4.95%
 415779 227835        0.9789   151        0.9847        0.9359 10190500    4.95%
Elapsed time = 1833.37 sec. (155760.99 ticks, tree = 13170.05 MB, solutions = 226)
Nodefile size = 11110.80 MB (10700.77 MB after compression)
 431204 237030        0.9839   211        0.9847        0.9359 10410846    4.95%
 441291 247454        0.1956   520        0.9847        0.9390 10678842    4.64%
 441924   194        0.7505   609        0.9847        0.9390 10977326    4.64%
 444276   765        0.9742   268        0.9847        0.9390 11440224    4.64%
 450603  3738        0.9521   278        0.9847        0.9390 12088500    4.64%
 465866 11107        0.9693   216        0.9847        0.9390 12559248    4.64%
 486831 25831        cutoff              0.9847        0.9390 13098078    4.64%
 515853 42645        0.9794   151        0.9847        0.9424 13591681    4.30%
 548474 66359        0.9454   231        0.9847        0.9444 14200213    4.09%
 580040 85076        cutoff              0.9847        0.9457 14640609    3.96%
Elapsed time = 2441.11 sec. (210092.83 ticks, tree = 238.29 MB, solutions = 226)
 612814 108366        0.9786   129        0.9847        0.9467 15225515    3.86%
 645627 121988        0.9798   204        0.9847        0.9474 15559317    3.79%
*650482+129466                            0.9847        0.9477             3.76%
*653994+133589                            0.9847        0.9477             3.76%
 658976 138063        0.9633   149        0.9847        0.9479 15944152    3.74%
 686305 154736        0.9840   195        0.9847        0.9485 16340183    3.67%
 716440 175847        0.9842   119        0.9847        0.9490 16870266    3.63%
 747624 196847        0.9776   140        0.9847        0.9495 17364128    3.57%
 779737 217191        0.9804   121        0.9847        0.9500 17876746    3.52%
 810878 236001        0.9785    97        0.9847        0.9505 18378477    3.48%
 835589 248563        0.9647   198        0.9847        0.9507 18702565    3.45%
 868131 267959        0.9763    99        0.9847        0.9512 19220278    3.40%
Elapsed time = 2709.56 sec. (248240.54 ticks, tree = 801.24 MB, solutions = 228)
 895361 287762        0.9803   175        0.9847        0.9516 19747014    3.36%
 925438 305784        0.9844   139        0.9847        0.9519 20221128    3.33%
 955682 327164        0.9714   156        0.9847        0.9523 20789514    3.29%
 987244 346342        0.9837   136        0.9847        0.9526 21296126    3.26%
 1015012 363182        0.9774   158        0.9847        0.9528 21711530    3.24%
 1048297 386555        0.9658   196        0.9847        0.9531 22277678    3.21%
 1081546 405546        0.9733   131        0.9847        0.9534 22711195    3.18%
 1111310 422394        0.9831   159        0.9847        0.9536 23117217    3.16%
 1141703 445742        0.9833   205        0.9847        0.9538 23678259    3.14%
 1176192 467812        0.9664   116        0.9847        0.9540 24163301    3.12%
Elapsed time = 2966.61 sec. (286388.91 ticks, tree = 1432.59 MB, solutions = 228)
 1206666 487191        0.9759   174        0.9847        0.9542 24607535    3.10%
 1237670 500751        cutoff              0.9847        0.9544 24950223    3.08%
 1267681 524808        0.9827    65        0.9847        0.9546 25512172    3.06%
 1302317 546228        0.9765    62        0.9847        0.9547 25992596    3.04%
 1332393 565929        0.9815   121        0.9847        0.9548 26450489    3.03%
 1360515 580973        0.9815   116        0.9847        0.9550 26819774    3.01%
 1392205 601447        0.9651   194        0.9847        0.9552 27322733    3.00%
 1427730 621986    infeasible              0.9847        0.9553 27785731    2.98%
 1463252 640939        0.9783   183        0.9847        0.9555 28230329    2.97%
 1490000 662718        cutoff              0.9847        0.9556 28725107    2.95%
Elapsed time = 3267.67 sec. (324536.59 ticks, tree = 2058.61 MB, solutions = 228)
Nodefile size = 9.99 MB (6.05 MB after compression)
 1517641 682922        0.9710   194        0.9847        0.9557 29192228    2.94%
 1553786 703921        cutoff              0.9847        0.9558 29661026    2.93%
 1588528 721646        0.9783   157        0.9847        0.9560 30057878    2.92%
 1616807 743182        0.9833   184        0.9847        0.9561 30524706    2.91%
 1652122 767386        0.9693   194        0.9847        0.9562 31088054    2.90%
 1680530 787700        cutoff              0.9847        0.9563 31519972    2.89%
 1715422 805486        0.9826    90        0.9847        0.9564 31895543    2.88%
 1743709 828867        0.9765   116        0.9847        0.9565 32373982    2.86%
 1781168 853664        0.9822   120        0.9847        0.9566 32890936    2.86%
 1819009 869923        0.9825   104        0.9847        0.9567 33226609    2.85%
Elapsed time = 3887.63 sec. (362684.03 ticks, tree = 2714.57 MB, solutions = 228)
Nodefile size = 665.93 MB (396.33 MB after compression)
 1846437 898659        0.9831   122        0.9847        0.9568 33791063    2.83%
 1878128 919638        0.9659   135        0.9847        0.9569 34207319    2.83%
 1908456 934824        0.9841   107        0.9847        0.9569 34508422    2.82%
 1942852 963993        0.9720   120        0.9847        0.9570 35073891    2.81%
 1981254 989296        0.9773   205        0.9847        0.9571 35579332    2.80%
 2010439 1007389        0.9835    40        0.9847        0.9572 35929583    2.79%
 2046555 1030093        0.9797   197        0.9847        0.9573 36384185    2.79%
 2075816 1046334        0.9674   133        0.9847        0.9574 36702323    2.78%
 2110498 1068131        0.9694   117        0.9847        0.9574 37124452    2.77%
 2141938 1093205        0.9841    59        0.9847        0.9575 37613562    2.76%
Elapsed time = 4337.65 sec. (400832.64 ticks, tree = 3426.10 MB, solutions = 228)
Nodefile size = 1377.80 MB (813.25 MB after compression)
 2179222 1119238        0.9728   112        0.9847        0.9576 38121074    2.75%
 2212727 1139397        0.9614   180        0.9847        0.9577 38506811    2.75%
 2240783 1162434        0.9726   127        0.9847        0.9577 38942693    2.74%
 2277730 1184571        0.9714   124        0.9847        0.9578 39371712    2.73%
 2306716 1205306        0.9601   189        0.9847        0.9579 39774826    2.73%
 2345600 1230728        0.9829   158        0.9847        0.9579 40253945    2.72%
 2377116 1250337        0.9661   125        0.9847        0.9580 40628020    2.71%
 2408476 1274789        0.9820   162        0.9847        0.9580 41086477    2.71%
 2441144 1294485        0.9825   115        0.9847        0.9581 41452428    2.70%
 2475700 1320670        0.9837   138        0.9847        0.9582 41942098    2.70%
Elapsed time = 4816.19 sec. (438980.92 ticks, tree = 4153.28 MB, solutions = 228)
Nodefile size = 2104.63 MB (1234.95 MB after compression)
 2512990 1335397        cutoff              0.9847        0.9582 42225098    2.69%
 2543707 1364676        cutoff              0.9847        0.9583 42783430    2.68%
 2582739 1393461        0.9834    58        0.9847        0.9584 43323363    2.68%
 2605398 1405283        0.9628   193        0.9847        0.9584 43554899    2.67%
 2644699 1427457        0.9727   187        0.9847        0.9585 43977313    2.67%
 2673100 1450016        0.9767   190        0.9847        0.9585 44415328    2.66%
 2713154 1479401        0.9706   115        0.9847        0.9586 44976232    2.65%
 2743512 1493565        cutoff              0.9847        0.9586 45236312    2.65%
 2777201 1522424        cutoff              0.9847        0.9587 45781329    2.64%
 2803262 1540604        0.9831   145        0.9847        0.9587 46119324    2.64%
Elapsed time = 5337.50 sec. (477129.13 ticks, tree = 4855.76 MB, solutions = 228)
Nodefile size = 2807.50 MB (1639.44 MB after compression)
 2843601 1566922        0.9745   147        0.9847        0.9588 46617167    2.63%
 2873242 1582881        0.9676    98        0.9847        0.9589 46906665    2.63%
 2912958 1613929        0.9840   116        0.9847        0.9589 47483750    2.62%
 2944303 1632785        0.9793    96        0.9847        0.9590 47827688    2.62%
 2982095 1658091        cutoff              0.9847        0.9590 48293701    2.61%
 3005072 1674015        0.9618   184        0.9847        0.9591 48592847    2.61%
 3046823 1699124        0.9707   206        0.9847        0.9591 49050015    2.60%
 3074394 1718764        0.9803   173        0.9847        0.9591 49418719    2.60%
 3116815 1750088        0.9830    93        0.9847        0.9592 50001848    2.59%
 3145267 1766669        0.9819    75        0.9847        0.9592 50305489    2.59%
Elapsed time = 5644.36 sec. (515277.25 ticks, tree = 5578.84 MB, solutions = 228)
Nodefile size = 3530.36 MB (2052.05 MB after compression)
 3184550 1783565        0.9744   111        0.9847        0.9593 50620166    2.58%
 3206515 1809730        0.9835   101        0.9847        0.9593 51105311    2.58%
 3243965 1825858        0.9845   181        0.9847        0.9594 51410041    2.57%
 3276472 1854255        0.9754   122        0.9847        0.9594 51938899    2.57%
 3313166 1871123        0.9834   127        0.9847        0.9595 52252579    2.56%
 3347765 1899845        0.9821   147        0.9847        0.9595 52784339    2.56%
 3376419 1923082        0.9648   159        0.9847        0.9596 53223913    2.55%
 3416508 1943311        0.9806   172        0.9847        0.9596 53604871    2.55%
*3421151+1953314                            0.9844        0.9596             2.52%
*3423160+1943482                            0.9844        0.9596             2.52%
*3423779+1944053                            0.9844        0.9596             2.52%
*3428660+1943796                            0.9844        0.9596             2.52%
 3439365 1947659        0.9831   127        0.9844        0.9597 53929537    2.51%
 3480719 1976441        0.9606   196        0.9844        0.9597 54470031    2.51%
Elapsed time = 5935.02 sec. (553425.28 ticks, tree = 6250.56 MB, solutions = 231)
Nodefile size = 4202.26 MB (2432.10 MB after compression)
 3509282 1996946        0.9778    81        0.9844        0.9597 54857468    2.51%
 3547684 2013246        0.9633   133        0.9844        0.9598 55173306    2.50%
 3579172 2043090        0.9707   139        0.9844        0.9598 55732622    2.50%
 3603048 2058817        0.9823   124        0.9844        0.9599 56028589    2.49%
 3640922 2080738        0.9765   102        0.9844        0.9599 56442596    2.49%
 3668975 2103688        0.9825   101        0.9844        0.9599 56894135    2.49%
 3711346 2131827        0.9690   130        0.9844        0.9600 57413616    2.48%
 3740374 2146662        0.9687   124        0.9844        0.9600 57702122    2.48%
 3783437 2165464        0.9823    86        0.9844        0.9601 58059777    2.47%
 3812126 2190635        0.9635   212        0.9844        0.9601 58558294    2.47%
Elapsed time = 6235.08 sec. (591573.49 ticks, tree = 6936.38 MB, solutions = 231)
Nodefile size = 4887.18 MB (2820.64 MB after compression)
 3836294 2207435        0.9832    75        0.9844        0.9602 58881866    2.46%
 3877427 2239993        0.9773    94        0.9844        0.9602 59512721    2.46%
 3905823 2254503        0.9832    88        0.9844        0.9602 59795443    2.46%
 3949004 2277579        0.9716   130        0.9844        0.9603 60225947    2.45%
 3977954 2301654        0.9757    90        0.9844        0.9603 60691543    2.45%
 4015169 2320657        0.9663   190        0.9844        0.9603 61057268    2.44%
 4049193 2350595        0.9800   194        0.9844        0.9604 61614837    2.44%
 4070872 2365583        0.9707   139        0.9844        0.9604 61893453    2.44%
 4115372 2389081        0.9833   186        0.9844        0.9604 62331684    2.43%
 4143506 2411867        0.9838   126        0.9844        0.9605 62765130    2.43%
Elapsed time = 6582.66 sec. (629721.40 ticks, tree = 7647.60 MB, solutions = 231)
Nodefile size = 5599.03 MB (3222.01 MB after compression)
 4185088 2430203    infeasible              0.9844        0.9605 63113183    2.43%
 4217083 2456684        0.9728   121        0.9844        0.9606 63615036    2.42%
 4245118 2475972        0.9696   128        0.9844        0.9606 63978866    2.42%
 4290220 2507148        0.9693   140        0.9844        0.9606 64550018    2.42%
 4309639 2522070        0.9799    72        0.9844        0.9607 64828425    2.41%
 4339261 2537120        cutoff              0.9844        0.9607 65116498    2.41%
 4382306 2566627        cutoff              0.9844        0.9607 65653030    2.41%
 4410988 2587801        0.9798    76        0.9844        0.9607 66045580    2.40%
 4452829 2600827        0.9772   114        0.9844        0.9608 66294561    2.40%
 4483929 2627589        cutoff              0.9844        0.9608 66789606    2.40%
Elapsed time = 6942.08 sec. (667869.12 ticks, tree = 8341.87 MB, solutions = 231)
Nodefile size = 6291.94 MB (3613.30 MB after compression)
 4517307 2649023        0.9768   124        0.9844        0.9609 67188034    2.39%
 4553267 2681547        0.9702   194        0.9844        0.9609 67770728    2.39%
 4578536 2693961        0.9707   205        0.9844        0.9609 67989070    2.39%
 4616806 2709161        0.9690   138        0.9844        0.9609 68275382    2.38%
 4651901 2744232        0.9817    98        0.9844        0.9610 68912356    2.38%
*4668373 2752596      integral     0        0.9832        0.9610 69064745    2.26%
*4674585+2693728                            0.9811        0.9610             2.05%
 4680945 2694983        0.9614   190        0.9811        0.9610 69156422    2.04%
*4682790+2695222                            0.9811        0.9610             2.04%
*4695290+2531775                            0.9807        0.9610             2.01%
 4708681 2506367        0.9665   122        0.9807        0.9610 69424147    2.01%
 4714585 2515251    infeasible              0.9807        0.9610 69607543    2.01%

Clique cuts applied:  415
Implied bound cuts applied:  48
Flow cuts applied:  130
Mixed integer rounding cuts applied:  198
Zero-half cuts applied:  57
Lift and project cuts applied:  98
Gomory fractional cuts applied:  78

Root node processing (before b&c):
  Real time             =  151.53 sec. (11208.93 ticks)
Parallel b&c, 32 threads:
  Real time             = 7018.02 sec. (697039.81 ticks)
  Sync time (average)   = 4473.72 sec.
  Wait time (average)   =   10.15 sec.
                          ------------
Total (root+branch&cut) = 7169.55 sec. (708248.74 ticks)
Solution found
