Model: Diversity_model_3
 - number of variables: 1059
   - binary=590, integer=2, continuous=467
 - number of constraints: 1842
   - linear=1842
 - parameters: defaults
CPXPARAM_Read_DataCheck                          1
CPXPARAM_RandomSeed                              201804051
CPXPARAM_MIP_Strategy_LBHeur                     1
CPXPARAM_TimeLimit                               86400
CPXPARAM_MIP_Tolerances_MIPGap                   0.02
Tried aggregator 2 times.
MIP Presolve eliminated 88 rows and 87 columns.
MIP Presolve modified 78 coefficients.
Aggregator did 335 substitutions.
Reduced MIP has 1419 rows, 637 columns, and 3734 nonzeros.
Reduced MIP has 334 binaries, 0 generals, 78 SOSs, and 0 indicators.
Presolve time = 0.01 sec. (4.91 ticks)
Probing changed sense of 13 constraints.
Probing time = 0.01 sec. (3.46 ticks)
Tried aggregator 2 times.
MIP Presolve eliminated 171 rows and 35 columns.
Aggregator did 26 substitutions.
Reduced MIP has 1222 rows, 576 columns, and 3239 nonzeros.
Reduced MIP has 286 binaries, 0 generals, 78 SOSs, and 0 indicators.
Presolve time = 0.01 sec. (5.51 ticks)
Probing time = 0.01 sec. (2.90 ticks)
Clique table members: 2246.
MIP emphasis: balance optimality and feasibility.
MIP search method: dynamic search.
Parallel mode: deterministic, using up to 32 threads.
Root relaxation solution time = 0.02 sec. (8.20 ticks)

        Nodes                                         Cuts/
   Node  Left     Objective  IInf  Best Integer    Best Bound    ItCnt     Gap

      0     0        1.0000   162                      1.0000      315         
      0     0        1.0156   168                   Cuts: 156      486         
*     0+    0                            2.3513        1.0156            56.81%
*     0+    0                            1.2348        1.0156            17.75%
      0     0        1.0480   176        1.2348     Cuts: 277      664   15.13%
      0     0        1.0625   151        1.2348     Cuts: 189      754   13.96%
      0     0        1.0625   154        1.2348      Cuts: 87      811   13.96%
      0     0        1.0625   133        1.2348      Cuts: 48      851   13.96%
*     0+    0                            1.1942        1.0625            11.03%
*     0+    0                            1.1906        1.0625            10.76%

Repeating presolve.
Tried aggregator 2 times.
MIP Presolve eliminated 568 rows and 169 columns.
MIP Presolve modified 235 coefficients.
Aggregator did 14 substitutions.
Reduced MIP has 640 rows, 393 columns, and 1873 nonzeros.
Reduced MIP has 117 binaries, 0 generals, 78 SOSs, and 0 indicators.
Presolve time = 0.00 sec. (3.70 ticks)
Probing fixed 31 vars, tightened 16 bounds.
Probing changed sense of 13 constraints.
Probing time = 0.00 sec. (2.14 ticks)
Tried aggregator 2 times.
MIP Presolve eliminated 138 rows and 43 columns.
MIP Presolve modified 111 coefficients.
Aggregator did 25 substitutions.
Reduced MIP has 477 rows, 325 columns, and 1398 nonzeros.
Reduced MIP has 73 binaries, 0 generals, 78 SOSs, and 0 indicators.
Presolve time = 0.00 sec. (1.43 ticks)
Probing fixed 0 vars, tightened 3 bounds.
Probing time = 0.00 sec. (1.27 ticks)
Tried aggregator 1 time.
MIP Presolve modified 140 coefficients.
Reduced MIP has 477 rows, 325 columns, and 1398 nonzeros.
Reduced MIP has 73 binaries, 0 generals, 78 SOSs, and 0 indicators.
Presolve time = 0.00 sec. (1.06 ticks)
Represolve time = 0.02 sec. (12.86 ticks)
Probing time = 0.00 sec. (1.19 ticks)
Cover probing fixed 0 vars, tightened 14 bounds.
Clique table members: 229.
MIP emphasis: balance optimality and feasibility.
MIP search method: dynamic search.
Parallel mode: deterministic, using up to 32 threads.
Root relaxation solution time = 0.00 sec. (2.79 ticks)

        Nodes                                         Cuts/
   Node  Left     Objective  IInf  Best Integer    Best Bound    ItCnt     Gap

*     0+    0                            1.1906        1.0625            10.76%
      0     0        1.0625    51        1.1906        1.0625     1061   10.76%
      0     0        1.0625    41        1.1906      Cuts: 63     1117   10.76%
      0     0        1.0625    50        1.1906      Cuts: 54     1192   10.76%
      0     0        1.0625    47        1.1906      Cuts: 29     1219   10.76%
      0     0        1.0625    47        1.1906      Cuts: 79     1259   10.76%
*     0+    0                            1.1683        1.0625             9.05%

Clique cuts applied:  36
Implied bound cuts applied:  5
Flow cuts applied:  33
Mixed integer rounding cuts applied:  19
Zero-half cuts applied:  3
Gomory fractional cuts applied:  6

Root node processing (before b&c):
  Real time             =    1.85 sec. (214.10 ticks)
Parallel b&c, 32 threads:
  Real time             =    0.00 sec. (0.00 ticks)
  Sync time (average)   =    0.00 sec.
  Wait time (average)   =    0.00 sec.
                          ------------
Total (root+branch&cut) =    1.85 sec. (214.10 ticks)
Solution found
