Model: Diversity_model_3
 - number of variables: 416
   - binary=90, integer=1, continuous=325
 - number of constraints: 819
   - linear=819
 - parameters: defaults
CPXPARAM_Read_DataCheck                          1
CPXPARAM_RandomSeed                              201804051
CPXPARAM_MIP_Strategy_LBHeur                     1
CPXPARAM_TimeLimit                               86400
CPXPARAM_MIP_Tolerances_MIPGap                   0.02
Tried aggregator 3 times.
MIP Presolve eliminated 593 rows and 190 columns.
MIP Presolve modified 450 coefficients.
Aggregator did 226 substitutions.
All rows and columns eliminated.
Presolve time = 0.00 sec. (1.65 ticks)

Root node processing (before b&c):
  Real time             =    0.00 sec. (1.72 ticks)
Parallel b&c, 32 threads:
  Real time             =    0.00 sec. (0.00 ticks)
  Sync time (average)   =    0.00 sec.
  Wait time (average)   =    0.00 sec.
                          ------------
Total (root+branch&cut) =    0.00 sec. (1.72 ticks)
Solution found
