Model: Diversity_model_3
 - number of variables: 731
   - binary=160, integer=1, continuous=570
 - number of constraints: 1449
   - linear=1449
 - parameters: defaults
CPXPARAM_Read_DataCheck                          1
CPXPARAM_RandomSeed                              201804051
CPXPARAM_MIP_Strategy_LBHeur                     1
CPXPARAM_TimeLimit                               86400
CPXPARAM_MIP_Tolerances_MIPGap                   0.02
Tried aggregator 3 times.
MIP Presolve eliminated 1048 rows and 330 columns.
MIP Presolve modified 800 coefficients.
Aggregator did 401 substitutions.
All rows and columns eliminated.
Presolve time = 0.01 sec. (2.97 ticks)

Root node processing (before b&c):
  Real time             =    0.01 sec. (3.09 ticks)
Parallel b&c, 32 threads:
  Real time             =    0.00 sec. (0.00 ticks)
  Sync time (average)   =    0.00 sec.
  Wait time (average)   =    0.00 sec.
                          ------------
Total (root+branch&cut) =    0.01 sec. (3.09 ticks)
Solution found
