Model: Diversity_model_3
 - number of variables: 3974
   - binary=3646, integer=2, continuous=326
 - number of constraints: 10099
   - linear=10099
 - parameters: defaults
CPXPARAM_Read_DataCheck                          1
CPXPARAM_RandomSeed                              201804051
CPXPARAM_MIP_Strategy_LBHeur                     1
CPXPARAM_TimeLimit                               86400
CPXPARAM_MIP_Tolerances_MIPGap                   0.02
Tried aggregator 3 times.
MIP Presolve eliminated 7172 rows and 1047 columns.
MIP Presolve modified 450 coefficients.
Aggregator did 2927 substitutions.
All rows and columns eliminated.
Presolve time = 0.13 sec. (54.63 ticks)

Root node processing (before b&c):
  Real time             =    0.14 sec. (55.34 ticks)
Parallel b&c, 32 threads:
  Real time             =    0.00 sec. (0.00 ticks)
  Sync time (average)   =    0.00 sec.
  Wait time (average)   =    0.00 sec.
                          ------------
Total (root+branch&cut) =    0.14 sec. (55.34 ticks)
Solution found
