Model: Diversity_model_3
 - number of variables: 1126
   - binary=212, integer=1, continuous=913
 - number of constraints: 1813
   - linear=1813
 - parameters: defaults
CPXPARAM_Read_DataCheck                          1
CPXPARAM_RandomSeed                              201804051
CPXPARAM_MIP_Strategy_LBHeur                     1
CPXPARAM_TimeLimit                               86400
CPXPARAM_MIP_Tolerances_MIPGap                   0.02
Tried aggregator 3 times.
MIP Presolve eliminated 167 rows and 113 columns.
MIP Presolve modified 742 coefficients.
Aggregator did 160 substitutions.
Reduced MIP has 1486 rows, 853 columns, and 3819 nonzeros.
Reduced MIP has 159 binaries, 0 generals, 106 SOSs, and 0 indicators.
Presolve time = 0.01 sec. (7.85 ticks)
Probing fixed 0 vars, tightened 158 bounds.
Probing time = 0.04 sec. (6.84 ticks)
Tried aggregator 2 times.
MIP Presolve modified 212 coefficients.
Aggregator did 53 substitutions.
Reduced MIP has 1433 rows, 800 columns, and 3713 nonzeros.
Reduced MIP has 159 binaries, 0 generals, 106 SOSs, and 0 indicators.
Presolve time = 0.02 sec. (4.53 ticks)
Probing time = 0.02 sec. (3.05 ticks)
Clique table members: 157.
MIP emphasis: balance optimality and feasibility.
MIP search method: dynamic search.
Parallel mode: deterministic, using up to 32 threads.
Root relaxation solution time = 0.03 sec. (9.26 ticks)

        Nodes                                         Cuts/
   Node  Left     Objective  IInf  Best Integer    Best Bound    ItCnt     Gap

      0     0        0.9247   150                      0.9247      409         
*     0+    0                            1.5957        0.9247            42.05%
      0     0        0.9608   155        1.5957     Cuts: 458      689   39.79%
*     0+    0                            1.2334        0.9608            22.10%
      0     0        0.9836   147        1.2334     Cuts: 458      938   11.95%
*     0+    0                            1.2295        1.0860            11.67%
      0     0        0.9900   117        1.2295     Cuts: 291     1082   11.67%
      0     0        0.9908   114        1.2295      Cuts: 61     1105   11.67%
      0     0        0.9909   114        1.2295      Cuts: 68     1113   11.67%

Implied bound cuts applied:  265
Flow cuts applied:  171
Mixed integer rounding cuts applied:  112
Gomory fractional cuts applied:  55

Root node processing (before b&c):
  Real time             =  247.87 sec. (250.14 ticks)
Parallel b&c, 32 threads:
  Real time             =    0.00 sec. (0.00 ticks)
  Sync time (average)   =    0.00 sec.
  Wait time (average)   =    0.00 sec.
                          ------------
Total (root+branch&cut) =  247.87 sec. (250.14 ticks)
Solution found
