Model: Diversity_model_3
 - number of variables: 725
   - binary=136, integer=1, continuous=588
 - number of constraints: 1031
   - linear=1031
 - parameters: defaults
CPXPARAM_Read_DataCheck                          1
CPXPARAM_RandomSeed                              201804051
CPXPARAM_MIP_Strategy_LBHeur                     1
CPXPARAM_TimeLimit                               86400
CPXPARAM_MIP_Tolerances_MIPGap                   0.02
Tried aggregator 3 times.
MIP Presolve eliminated 111 rows and 76 columns.
MIP Presolve modified 408 coefficients.
Aggregator did 103 substitutions.
Reduced MIP has 817 rows, 546 columns, and 2176 nonzeros.
Reduced MIP has 102 binaries, 0 generals, 68 SOSs, and 0 indicators.
Presolve time = 0.01 sec. (4.46 ticks)
Probing fixed 0 vars, tightened 99 bounds.
Probing time = 0.02 sec. (2.46 ticks)
Tried aggregator 2 times.
MIP Presolve modified 84 coefficients.
Aggregator did 34 substitutions.
Reduced MIP has 783 rows, 512 columns, and 2108 nonzeros.
Reduced MIP has 102 binaries, 0 generals, 68 SOSs, and 0 indicators.
Presolve time = 0.02 sec. (2.61 ticks)
Probing time = 0.05 sec. (2.24 ticks)
Clique table members: 100.
MIP emphasis: balance optimality and feasibility.
MIP search method: dynamic search.
Parallel mode: deterministic, using up to 32 threads.
Root relaxation solution time = 0.04 sec. (3.44 ticks)

        Nodes                                         Cuts/
   Node  Left     Objective  IInf  Best Integer    Best Bound    ItCnt     Gap

      0     0        1.0000    79                      1.0000      229         
*     0+    0                            1.9199        1.0000            47.91%
      0     0        1.0438    69        1.9199     Cuts: 295      479   45.63%
*     0+    0                            1.5945        1.0438            34.53%
      0     0        1.1041    69        1.5945     Cuts: 145      602   30.76%
*     0+    0                            1.4570        1.1041            24.22%
      0     0        1.1114    69        1.4570      Cuts: 28      621   23.72%
      0     0        1.1116    69        1.4570    MIRcuts: 5      623   23.70%
*     0+    0                            1.3382        1.1116            16.93%

Implied bound cuts applied:  61
Flow cuts applied:  62
Mixed integer rounding cuts applied:  31
Lift and project cuts applied:  24
Gomory fractional cuts applied:  33

Root node processing (before b&c):
  Real time             =  360.10 sec. (86.83 ticks)
Parallel b&c, 32 threads:
  Real time             =    0.00 sec. (0.00 ticks)
  Sync time (average)   =    0.00 sec.
  Wait time (average)   =    0.00 sec.
                          ------------
Total (root+branch&cut) =  360.10 sec. (86.83 ticks)
Solution found
