Model: Diversity_model_3
 - number of variables: 11981
   - binary=10254, integer=2, continuous=1725
 - number of constraints: 40949
   - linear=40949
 - parameters: defaults
CPXPARAM_Read_DataCheck                          1
CPXPARAM_RandomSeed                              201804051
CPXPARAM_MIP_Strategy_LBHeur                     1
CPXPARAM_TimeLimit                               86400
CPXPARAM_MIP_Tolerances_MIPGap                   0.02
Tried aggregator 2 times.
MIP Presolve eliminated 347 rows and 344 columns.
MIP Presolve modified 224 coefficients.
Aggregator did 5352 substitutions.
Reduced MIP has 35250 rows, 6285 columns, and 95898 nonzeros.
Reduced MIP has 5239 binaries, 0 generals, 336 SOSs, and 0 indicators.
Presolve time = 0.81 sec. (337.92 ticks)
Probing changed sense of 28 constraints.
Probing time = 0.55 sec. (106.35 ticks)
Tried aggregator 2 times.
MIP Presolve eliminated 2716 rows and 192 columns.
Aggregator did 56 substitutions.
Reduced MIP has 32478 rows, 6037 columns, and 88022 nonzeros.
Reduced MIP has 5019 binaries, 0 generals, 336 SOSs, and 0 indicators.
Presolve time = 0.89 sec. (362.15 ticks)
Probing time = 0.39 sec. (98.17 ticks)
Clique table members: 50098.
MIP emphasis: balance optimality and feasibility.
MIP search method: dynamic search.
Parallel mode: deterministic, using up to 32 threads.
Root relaxation solution time = 1.15 sec. (361.48 ticks)

        Nodes                                         Cuts/
   Node  Left     Objective  IInf  Best Integer    Best Bound    ItCnt     Gap

      0     0        0.2652  1975                      0.2652     3449         
*     0+    0                            0.6890        0.2652            61.51%
      0     0        0.2662  1106        0.6890    Cuts: 5795     6001   61.36%
*     0+    0                            0.5418        0.2662            50.87%
      0     0        0.2674  1563        0.5418    Cuts: 3873     8935   50.66%
      0     0        0.2685  2459        0.5418    Cuts: 1810    11212   50.44%
*     0+    0                            0.5352        0.2685            49.82%
      0     0        0.2691  2445        0.5352    Cuts: 2117    12761   49.73%
*     0+    0                            0.4583        0.2691            41.29%
      0     0        0.2696  2507        0.4583    Cuts: 1734    16067   41.17%
*     0+    0                            0.4582        0.2696            41.16%

Repeating presolve.
Tried aggregator 2 times.
MIP Presolve eliminated 26230 rows and 4198 columns.
MIP Presolve modified 192 coefficients.
Aggregator did 28 substitutions.
Reduced MIP has 6220 rows, 1811 columns, and 17803 nonzeros.
Reduced MIP has 821 binaries, 0 generals, 336 SOSs, and 0 indicators.
Presolve time = 0.34 sec. (54.12 ticks)
Probing time = 0.34 sec. (4.57 ticks)
Tried aggregator 1 time.
MIP Presolve modified 517 coefficients.
Reduced MIP has 6220 rows, 1811 columns, and 17803 nonzeros.
Reduced MIP has 821 binaries, 0 generals, 336 SOSs, and 0 indicators.
Presolve time = 0.12 sec. (24.56 ticks)
Represolve time = 1.17 sec. (296.97 ticks)
Probing time = 0.29 sec. (4.24 ticks)
Clique table members: 10763.
MIP emphasis: balance optimality and feasibility.
MIP search method: dynamic search.
Parallel mode: deterministic, using up to 32 threads.
Root relaxation solution time = 102.94 sec. (453.56 ticks)

        Nodes                                         Cuts/
   Node  Left     Objective  IInf  Best Integer    Best Bound    ItCnt     Gap

*     0+    0                            0.4582        0.2696            41.16%
      0     0        0.2700   596        0.4582        0.2700    21488   41.09%
      0     0        0.2779   603        0.4582    Cuts: 1655    23705   39.35%
      0     0        0.2822   559        0.4582     Cuts: 633    24597   38.42%
      0     0        0.2854   618        0.4582     Cuts: 770    25614   37.71%
*     0+    0                            0.4573        0.2854            37.59%
      0     0        0.2887   571        0.4573     Cuts: 717    27067   36.88%
      0     0        0.2917   566        0.4573     Cuts: 715    27881   36.22%
      0     0        0.2933   565        0.4573     Cuts: 529    28563   35.88%
*     0+    0                            0.4570        0.2933            35.83%
      0     0        0.2943   579        0.4570     Cuts: 416    29071   35.60%
      0     0        0.2951   565        0.4570     Cuts: 438    29557   35.42%
*     0+    0                            0.4570        0.2951            35.42%
      0     0        0.2960   563        0.4570     Cuts: 493    30186   35.23%
      0     0        0.2969   581        0.4570     Cuts: 557    30697   35.04%
      0     0        0.2981   583        0.4570     Cuts: 547    31186   34.76%
      0     0        0.2993   570        0.4570     Cuts: 740    31747   34.49%
      0     0        0.2999   557        0.4570     Cuts: 350    32182   34.37%
      0     0        0.3007   573        0.4570     Cuts: 313    32684   34.21%
      0     0        0.3017   552        0.4570     Cuts: 616    33432   33.99%
      0     0        0.3024   558        0.4570     Cuts: 569    34124   33.84%
      0     0        0.3035   588        0.4570     Cuts: 450    34614   33.59%
      0     0        0.3044   539        0.4570     Cuts: 436    35140   33.38%
      0     0        0.3050   537        0.4570     Cuts: 289    35596   33.26%
      0     0        0.3054   552        0.4570     Cuts: 426    36164   33.17%
      0     0        0.3061   569        0.4570     Cuts: 323    36746   33.01%
      0     0        0.3068   559        0.4570     Cuts: 301    37436   32.87%
      0     0        0.3077   561        0.4570     Cuts: 481    37901   32.67%
      0     0        0.3082   582        0.4570     Cuts: 373    38349   32.55%
      0     0        0.3089   584        0.4570     Cuts: 339    38841   32.41%
*     0+    0                            0.4361        0.3089            29.17%
      0     0        0.3098   541        0.4361     Cuts: 268    39771   28.95%
*     0+    0                            0.4261        0.3098            27.29%
      0     0        0.3114   506        0.4261     Cuts: 601    40620   26.92%
      0     0        0.3119   535        0.4261     Cuts: 395    41111   26.81%
      0     0        0.3123   550        0.4261     Cuts: 217    41443   26.71%
*     0+    0                            0.4173        0.3123            25.15%
*     0+    0                            0.4161        0.3123            24.93%
*     0+    0                            0.4117        0.3123            24.14%
      0     0        0.3129   526        0.4117     Cuts: 345    41842   24.01%
      0     0        0.3133   529        0.4117     Cuts: 338    42348   23.89%
      0     0        0.3138   521        0.4117     Cuts: 451    42931   23.77%
      0     0        0.3141   525        0.4117     Cuts: 461    43546   23.71%
      0     0        0.3145   533        0.4117     Cuts: 540    44103   23.61%
      0     0        0.3148   545        0.4117     Cuts: 291    44569   23.53%
      0     0        0.3152   498        0.4117     Cuts: 422    44991   23.44%
*     0+    0                            0.4096        0.3152            23.04%
      0     0        0.3156   541        0.4096     Cuts: 368    45666   22.97%
*     0+    0                            0.4096        0.3156            22.96%
      0     0        0.3158   531        0.4096     Cuts: 285    46138   22.90%
      0     0        0.3162   523        0.4096     Cuts: 248    46761   22.81%
      0     0        0.3166   535        0.4096     Cuts: 416    47233   22.70%
      0     0        0.3170   541        0.4096     Cuts: 265    47576   22.60%
      0     0        0.3172   550        0.4096     Cuts: 305    47884   22.55%
      0     2        0.3172   487        0.4096        0.3172    47884   22.55%
Elapsed time = 525.42 sec. (34075.69 ticks, tree = 0.02 MB, solutions = 14)
     30    22        0.3771   273        0.4096        0.3172    50506   22.55%
    723   381        0.3911   116        0.4096        0.3176    89262   22.46%
   1487   928        cutoff              0.4096        0.3176   130747   22.46%
   2055  1050        0.3310   256        0.4096        0.3176   144375   22.46%
*  2072+  889                            0.4091        0.3176            22.38%
   2842  1566        0.4080   105        0.4091        0.3176   194200   22.38%
   3748  2251        0.3856   197        0.4091        0.3184   239567   22.17%
   4439  2808        cutoff              0.4091        0.3190   283166   22.04%
   4954  3244        0.4079    72        0.4091        0.3190   323193   22.04%
   5566  3646        0.3795   126        0.4091        0.3190   369298   22.04%
   7716  5160        0.3696   361        0.4091        0.3239   508771   20.83%
Elapsed time = 596.70 sec. (37178.93 ticks, tree = 246.92 MB, solutions = 15)
*  8184+ 3841                            0.4083        0.3260            20.17%
   8184  3842        0.3214   485        0.4083        0.3260   585730   20.17%
   8195   991        0.3863   127        0.4083        0.3260   588066   20.17%
*  8234+   22                            0.4083        0.3260            20.17%
  10538  1368        0.3874   170        0.4083        0.3260   710242   20.17%
  13396  3297        0.4080   146        0.4083        0.3260   867841   20.17%
* 15971+ 5007                            0.4043        0.3260            19.38%
  17080  5326        0.3801   160        0.4043        0.3260  1082191   19.38%
  22891  9371        0.3976    25        0.4043        0.3290  1302415   18.64%
  28510 13623        0.3497   241        0.4043        0.3343  1555262   17.32%
* 30642+15581                            0.4038        0.3352            17.00%
* 30710+15460                            0.4038        0.3359            16.83%
* 30735+15344                            0.4038        0.3359            16.83%
* 32932+16383                            0.4036        0.3359            16.78%
  33454 17311        0.3873   125        0.4036        0.3361  1750769   16.74%
* 34958 18967      integral     0        0.4033        0.3367  1848496   16.50%
  39148 21258        0.3992    80        0.4033        0.3380  1976930   16.20%
* 41734+22623                            0.4032        0.3382            16.10%
  46272 27142        0.3786   208        0.4032        0.3401  2275862   15.65%
Elapsed time = 794.66 sec. (58715.25 ticks, tree = 59.49 MB, solutions = 22)
* 46345+26248                            0.4031        0.3401            15.63%
  53070 31266        0.3703   233        0.4031        0.3419  2485517   15.18%
  60844 37000        0.4022    98        0.4031        0.3440  2746436   14.67%
* 61741+37188                            0.4013        0.3443            14.20%
* 61973+37330                            0.3991        0.3445            13.67%
* 62867+37242                            0.3990        0.3445            13.65%
  64327 39468        0.3710   273        0.3990        0.3445  2886911   13.65%
* 65731+37330                            0.3984        0.3445            13.51%
* 68077+37330                            0.3977        0.3445            13.36%
  68301 41879        0.3910   142        0.3977        0.3445  3090182   13.36%
* 69071+37330                            0.3971        0.3445            13.24%
  72232 43764        0.3926   122        0.3971        0.3445  3259511   13.24%
* 73720+37797                            0.3971        0.3445            13.23%
  76033 46540        0.3936    62        0.3971        0.3445  3423200   13.23%
  80843 49274        0.3840   243        0.3971        0.3445  3585458   13.23%
* 84125+37797                            0.3965        0.3445            13.10%
  85295 51291        0.3837   207        0.3965        0.3445  3752375   13.10%
  90330 53385        0.4010   170        0.3965        0.3445  3868555   13.10%
  94967 57105        0.3923   163        0.3965        0.3445  4060380   13.10%
Elapsed time = 867.04 sec. (68253.66 ticks, tree = 121.44 MB, solutions = 28)
  99565 60513        0.3795   104        0.3965        0.3445  4244804   13.10%
 105159 63912        0.4011   166        0.3965        0.3445  4412625   13.10%
 111026 67044        cutoff              0.3965        0.3445  4566954   13.10%
 116471 67845        0.3841   196        0.3965        0.3445  4765858   13.10%
 121444 57778        0.3879   243        0.3965        0.3446  4973044   13.08%
*124036+58520                            0.3964        0.3446            13.07%
*125999+59108                            0.3964        0.3446            13.06%
 127599 60652        0.3651   268        0.3964        0.3446  5183759   13.06%
*128602+60803                            0.3961        0.3446            13.00%
 131974 61712        0.3874   204        0.3961        0.3591  5303176    9.34%
 132047 63687        0.3333   386        0.3961        0.3598  5451586    9.17%
 132058 22751        0.3336   264        0.3961        0.3598  5453294    9.17%
 132584   289        cutoff              0.3961        0.3598  5516759    9.17%
Elapsed time = 975.67 sec. (89863.02 ticks, tree = 1.79 MB, solutions = 83)
 135162  1928        0.3507   186        0.3961        0.3598  5603944    9.17%
 138507  4470        0.3729   192        0.3961        0.3598  5723542    9.17%
 142423  6809        0.3779   195        0.3961        0.3598  5821490    9.17%
 146206  9616        0.3905   187        0.3961        0.3598  5940835    9.17%
 150416 12681        0.3961    78        0.3961        0.3598  6081318    9.17%
 154507 14944        0.3895   170        0.3961        0.3598  6171599    9.17%
 158853 17845        0.3512   168        0.3961        0.3598  6294293    9.17%
 163150 20722        0.3708   173        0.3961        0.3598  6418237    9.17%
*164301+21430                            0.3961        0.3598             9.16%
*165017+21655                            0.3961        0.3598             9.16%
*166007+21886                            0.3961        0.3598             9.16%
 167110 22726        0.3958   107        0.3961        0.3598  6509600    9.16%
 171174 25189        0.3839   148        0.3961        0.3598  6625279    9.16%
Elapsed time = 1061.66 sec. (99402.50 ticks, tree = 786.08 MB, solutions = 85)
 175973 27957        cutoff              0.3961        0.3598  6744727    9.16%
 181172 30660        0.3830   197        0.3961        0.3598  6854239    9.16%
 186617 33387        cutoff              0.3961        0.3598  6965468    9.16%
 192003 37151        0.3949   104        0.3961        0.3598  7103234    9.16%
 197270 40299        0.3779    82        0.3961        0.3598  7237082    9.16%
 202683 42740        cutoff              0.3961        0.3609  7338480    8.87%
*205523 43975      integral     0        0.3960        0.3615  7388478    8.72%
*209160+45365                            0.3896        0.3619             7.11%
 211335 46545        cutoff              0.3896        0.3624  7497385    7.00%
 216671 32297        0.3799   124        0.3896        0.3633  7662989    6.76%
 222027 34062        0.3849    83        0.3896        0.3642  7744123    6.53%
Elapsed time = 1147.69 sec. (108498.72 ticks, tree = 1015.05 MB, solutions = 87)
*226719+36043                            0.3893        0.3653             6.17%
 227751 36013        0.3670   174        0.3893        0.3654  7847860    6.14%
*227886+35594                            0.3879        0.3654             5.80%
*230764+32425                            0.3879        0.3658             5.69%
 232704 33052        0.3869   120        0.3879        0.3665  7967118    5.52%
*235590 34042      integral     0        0.3866        0.3670  8028483    5.08%
 238089 30802        0.3842    28        0.3866        0.3675  8071511    4.94%
*238243 34436      integral     0        0.3837        0.3676  8056455    4.21%
 244397 23913        cutoff              0.3837        0.3692  8253308    3.78%
 251419 24293        cutoff              0.3837        0.3707  8311388    3.41%
 260104 26046        0.3812    92        0.3837        0.3721  8514530    3.03%
 269233 28060    infeasible              0.3837        0.3734  8711410    2.69%
*272119+28389                            0.3836        0.3734             2.66%
*272333+28396                            0.3836        0.3737             2.58%
 276895 29010        0.3761   107        0.3836        0.3744  8828418    2.40%

Clique cuts applied:  371
Cover cuts applied:  2
Implied bound cuts applied:  4
Flow cuts applied:  24
Mixed integer rounding cuts applied:  36
Zero-half cuts applied:  114
Lift and project cuts applied:  50
Gomory fractional cuts applied:  8

Root node processing (before b&c):
  Real time             =  520.99 sec. (34065.80 ticks)
Parallel b&c, 32 threads:
  Real time             =  717.49 sec. (82575.46 ticks)
  Sync time (average)   =  302.56 sec.
  Wait time (average)   =    0.96 sec.
                          ------------
Total (root+branch&cut) = 1238.48 sec. (116641.26 ticks)
Solution found
