Model: Diversity_model_3
 - number of variables: 316
   - binary=68, integer=1, continuous=247
 - number of constraints: 553
   - linear=553
 - parameters: defaults
CPXPARAM_Read_DataCheck                          1
CPXPARAM_RandomSeed                              201804051
CPXPARAM_MIP_Strategy_LBHeur                     1
CPXPARAM_TimeLimit                               86400
CPXPARAM_MIP_Tolerances_MIPGap                   0.02
Tried aggregator 2 times.
MIP Presolve eliminated 383 rows and 146 columns.
MIP Presolve modified 340 coefficients.
Aggregator did 170 substitutions.
All rows and columns eliminated.
Presolve time = 0.00 sec. (0.91 ticks)

Root node processing (before b&c):
  Real time             =    0.00 sec. (0.96 ticks)
Parallel b&c, 32 threads:
  Real time             =    0.00 sec. (0.00 ticks)
  Sync time (average)   =    0.00 sec.
  Wait time (average)   =    0.00 sec.
                          ------------
Total (root+branch&cut) =    0.00 sec. (0.96 ticks)
Solution found
