Model: Diversity_model_3
 - number of variables: 11941
   - binary=960, integer=1, continuous=10980
 - number of constraints: 12679
   - linear=12679
 - parameters: defaults
CPXPARAM_Read_DataCheck                          1
CPXPARAM_RandomSeed                              201804051
CPXPARAM_MIP_Strategy_LBHeur                     1
CPXPARAM_TimeLimit                               86400
CPXPARAM_MIP_Tolerances_MIPGap                   0.02
Tried aggregator 2 times.
MIP Presolve eliminated 2407 rows and 2407 columns.
MIP Presolve modified 960 coefficients.
Aggregator did 2400 substitutions.
Reduced MIP has 7872 rows, 7134 columns, and 27643 nonzeros.
Reduced MIP has 960 binaries, 0 generals, 2400 SOSs, and 0 indicators.
Presolve time = 0.35 sec. (46.15 ticks)
Probing changed sense of 24 constraints.
Probing time = 0.42 sec. (5.15 ticks)
Tried aggregator 2 times.
MIP Presolve eliminated 24 rows and 0 columns.
Aggregator did 104 substitutions.
Reduced MIP has 7744 rows, 7030 columns, and 27363 nonzeros.
Reduced MIP has 936 binaries, 0 generals, 2400 SOSs, and 0 indicators.
Presolve time = 0.30 sec. (38.68 ticks)
Probing changed sense of 10 constraints.
Probing time = 0.44 sec. (5.28 ticks)
Clique table members: 456.
MIP emphasis: balance optimality and feasibility.
MIP search method: dynamic search.
Parallel mode: deterministic, using up to 32 threads.
Root relaxation solution time = 2.31 sec. (245.83 ticks)

        Nodes                                         Cuts/
   Node  Left     Objective  IInf  Best Integer    Best Bound    ItCnt     Gap

      0     0        0.8211   889                      0.8211       15         
      0     0        0.8211   838                   Cuts: 224     1562         
*     0+    0                            3.0000        0.8211            72.63%
      0     0        0.8211   929        3.0000     Cuts: 334     5243   72.63%
*     0+    0                            1.2920        0.8211            36.45%
      0     0        0.8211   678        1.2920     Cuts: 157     5760   36.45%
      0     0        0.8211   690        1.2920     Cuts: 154     6223   36.45%
*     0+    0                            1.0204        0.8211            19.53%
*     0+    0                            0.9880        0.8211            16.90%
      0     2        0.8211   487        0.9880        0.8211     6223   16.90%
Elapsed time = 190.95 sec. (4506.06 ticks, tree = 0.02 MB, solutions = 4)
    319   230        0.8213   519        0.9880        0.8211    32213   16.90%
   1406   923        0.9627   455        0.9880        0.8211   122887   16.90%
   2752  1738        0.9866   427        0.9880        0.8211   205659   16.90%
*  3705+ 1550                            0.9534        0.8211            13.89%
   3873  2362        0.9874   376        0.9534        0.8211   278869   13.89%
   5295  2606        0.9526   478        0.9534        0.8211   346723   13.89%
*  6328+ 2422                            0.9509        0.8211            13.65%
   6946  3951        0.8371   341        0.9509        0.8211   410069   13.65%
   8572  5315        0.8634   263        0.9509        0.8211   454190   13.65%
   9622  6083        0.9023   342        0.9509        0.8211   469396   13.65%
  10780  7321        0.9344   242        0.9509        0.8211   500461   13.65%
  15631 11446        0.8598   374        0.9509        0.8211   596902   13.65%
Elapsed time = 254.99 sec. (7606.98 ticks, tree = 39.56 MB, solutions = 6)
* 15696 11360      integral     0        0.9380        0.8211   594694   12.47%
* 15849+10801                            0.9142        0.8211            10.19%
* 16191  8764      integral     0        0.9053        0.8211   605807    9.30%
* 18513+ 8842                            0.8987        0.8211             8.64%
  18794 10219        0.8394   423        0.8987        0.8211   669147    8.64%
  19833 10048        0.8782   446        0.8987        0.8211   702533    8.64%
* 19971+ 9866                            0.8987        0.8211             8.64%
* 21025+10811                            0.8987        0.8211             8.64%
* 21618+11146                            0.8987        0.8211             8.64%
* 22184+11581                            0.8987        0.8211             8.64%
* 23621+12167                            0.8987        0.8211             8.64%
  24983 13975        0.8435   348        0.8987        0.8211   786442    8.64%
* 29332 17812      integral     0        0.8909        0.8211   841852    7.84%
* 29808 17506      integral     0        0.8848        0.8211   837425    7.20%
* 32033+15175                            0.8847        0.8211             7.20%
  34240 16997        0.8477   314        0.8847        0.8211   895248    7.20%
* 34619 17956      integral     0        0.8819        0.8211   914317    6.90%
* 39491+20166                            0.8748        0.8211             6.14%
* 39855+18061                            0.8745        0.8211             6.11%
* 40915+18418                            0.8745        0.8211             6.11%
* 41150+18575                            0.8744        0.8211             6.10%
  43993 19568        0.8646   430        0.8744        0.8211  1044093    6.10%
* 45211+20497                            0.8728        0.8211             5.93%
* 47934+21429                            0.8725        0.8211             5.90%
* 50838+24298                            0.8723        0.8211             5.88%
* 53268+25917                            0.8723        0.8211             5.88%
  53816 27641        0.8602   412        0.8723        0.8211  1212282    5.88%
* 55366+28436                            0.8721        0.8211             5.85%
* 55868+28837                            0.8673        0.8211             5.33%
* 58634+26625                            0.8663        0.8211             5.23%
* 59303+27317                            0.8661        0.8211             5.20%
* 59565 27830      integral     0        0.8626        0.8211  1289704    4.82%
  61610 28290        0.8654   324        0.8626        0.8211  1311467    4.82%
* 61973+24832                            0.8615        0.8211             4.69%
* 62390+25125                            0.8611        0.8211             4.65%
* 62950+26010                            0.8611        0.8211             4.65%
* 63164+25931                            0.8611        0.8211             4.65%
* 63325+25201                            0.8609        0.8211             4.63%
* 65218+25848                            0.8607        0.8211             4.60%
* 65699+26230                            0.8606        0.8211             4.60%
* 65860+26935                            0.8606        0.8211             4.60%
  66148 26284        0.8218   884        0.8606        0.8211  1378764    4.60%
  66150 28771        0.8211   174        0.8606        0.8211  1455968    4.60%
  66155 28774        0.8211   488        0.8606        0.8211  1458911    4.60%
Elapsed time = 382.71 sec. (24084.84 ticks, tree = 106.57 MB, solutions = 89)
  66204    69        0.8211   548        0.8606        0.8211  1467799    4.60%
  69141  1865        0.8573   450        0.8606        0.8211  1626466    4.60%
  77337  6652        0.8470   339        0.8606        0.8211  1794916    4.60%
  85834 13563        0.8580   112        0.8606        0.8211  1985904    4.60%
* 87646+14979                            0.8559        0.8211             4.07%
* 87646+14653                            0.8547        0.8211             3.93%
  87646 15019        0.8515   228        0.8547        0.8211  2018232    3.93%
* 87659+14653                            0.8545        0.8211             3.91%
* 87693+14653                            0.8544        0.8211             3.90%
* 87708+14653                            0.8544        0.8211             3.90%
* 87766+14550                            0.8539        0.8211             3.84%
* 87768+14910                            0.8538        0.8211             3.84%
* 87988+14910                            0.8531        0.8211             3.76%
* 88382+ 9570                            0.8530        0.8211             3.75%
  88422  9706        0.8527   424        0.8530        0.8211  2042700    3.75%
* 88926+ 9683                            0.8514        0.8211             3.57%
* 91360+10062                            0.8509        0.8211             3.50%
* 92249+10062                            0.8506        0.8211             3.48%
  93705 11148        0.8433   374        0.8506        0.8211  2101911    3.48%
* 93803+11613                            0.8504        0.8211             3.46%
* 98653+14296                            0.8504        0.8211             3.46%
* 99044+13686                            0.8504        0.8211             3.46%
  99092 14641        0.8296   367        0.8504        0.8211  2170328    3.46%
* 99937+12877                            0.8504        0.8211             3.45%
*100225+14772                            0.8504        0.8211             3.45%
*101764+14772                            0.8504        0.8211             3.45%
*103580+14772                            0.8503        0.8211             3.44%
 106272 19177        0.8442   399        0.8503        0.8211  2252647    3.44%
 116158 27423        0.8460   380        0.8503        0.8211  2416484    3.44%
Elapsed time = 422.87 sec. (34812.32 ticks, tree = 101.35 MB, solutions = 167)
*122653+31040                            0.8500        0.8211             3.41%
 125914 34884        0.8446   342        0.8500        0.8211  2583671    3.41%
*126031+31040                            0.8497        0.8211             3.37%
*126563+30928                            0.8489        0.8211             3.29%
*132165+31228                            0.8486        0.8211             3.24%
 134566 42254        0.8263   366        0.8486        0.8211  2732561    3.24%
*136454+31228                            0.8473        0.8211             3.10%
 142834 49013        0.8398   366        0.8473        0.8211  2872130    3.10%
 151452 55691    infeasible              0.8473        0.8211  3020227    3.10%
*155509+30732                            0.8461        0.8211             2.96%
 156687 60635        0.8393   400        0.8461        0.8211  3142326    2.96%
 164663 66162    infeasible              0.8461        0.8211  3285512    2.96%
*167960+30732                            0.8454        0.8211             2.88%
 171248 69439        0.8367   429        0.8454        0.8211  3412644    2.88%
 178901 75181        0.8260   447        0.8454        0.8211  3570419    2.88%
 185919 81260        0.8380   577        0.8454        0.8211  3728812    2.88%
 192874 85491        0.8454   405        0.8454        0.8211  3845599    2.88%
Elapsed time = 461.80 sec. (44350.51 ticks, tree = 330.70 MB, solutions = 173)
 199340 88951        0.8436   344        0.8454        0.8211  3933625    2.88%
 206799 94037        0.8423   342        0.8454        0.8211  4086677    2.88%
 214483 99834        0.8380   358        0.8454        0.8211  4255507    2.88%
 221481 104591        0.8260   370        0.8454        0.8211  4387794    2.88%
 229833 109504        0.8248   397        0.8454        0.8211  4556515    2.88%
 237140 117022        0.8458   357        0.8454        0.8211  4788972    2.88%
 244575 120852        0.8481   436        0.8454        0.8211  4913935    2.88%
 253195 128621        0.8249   374        0.8454        0.8211  5140327    2.88%
 262071 132890        0.8250   360        0.8454        0.8211  5260012    2.88%
 270024 141975        cutoff              0.8454        0.8211  5498105    2.88%
Elapsed time = 496.06 sec. (53888.53 ticks, tree = 549.42 MB, solutions = 173)
 278478 149064        0.8454   404        0.8454        0.8211  5674923    2.88%
 286966 153177        0.8456   336        0.8454        0.8211  5777767    2.88%
 296306 160539        0.8389   342        0.8454        0.8211  5958980    2.88%
 304386 170142    infeasible              0.8454        0.8211  6207699    2.88%
 313176 173009        0.8493   280        0.8454        0.8211  6277458    2.88%
 322301 182375        0.8251   378        0.8454        0.8211  6535766    2.88%
 331273 187807        0.8246   418        0.8454        0.8211  6683890    2.88%
*331728+127015                            0.8451        0.8211             2.85%
*332442+127434                            0.8451        0.8211             2.85%
*332512+127178                            0.8449        0.8211             2.83%
*334393+126509                            0.8449        0.8211             2.83%
*336457+120384                            0.8447        0.8211             2.79%
*336487+120252                            0.8444        0.8211             2.77%
*336735+120256                            0.8443        0.8211             2.75%
 339174 121300        0.8448   302        0.8443        0.8211  6872954    2.75%
*343059+112564                            0.8441        0.8211             2.73%
*345225+114073                            0.8441        0.8211             2.73%
*345872+114275                            0.8441        0.8211             2.73%
 351195 114038        0.8385   404        0.8441        0.8211  6968339    2.73%
 361495 123236        cutoff              0.8441        0.8212  7301564    2.71%
Elapsed time = 529.43 sec. (63425.88 ticks, tree = 475.28 MB, solutions = 246)
 372759 130971        0.8316   355        0.8441        0.8212  7504139    2.71%
*377315+132469                            0.8437        0.8215             2.63%
 377315 132471        0.8426   382        0.8437        0.8215  7544651    2.63%
*377415+133636                            0.8417        0.8215             2.40%
 377515 133141        0.8273   381        0.8417        0.8215  7561208    2.40%
 378446 114251        0.8384   349        0.8417        0.8215  7714629    2.40%
*378526+114075                            0.8408        0.8215             2.30%
*380356+107273                            0.8402        0.8215             2.23%
 385980 104115        0.8299   350        0.8402        0.8215  7772680    2.23%
 396637 109142        0.8260   356        0.8402        0.8215  7925720    2.23%
 406489 116495        0.8275   335        0.8402        0.8215  8142626    2.23%
 418620 121059        0.8297   405        0.8402        0.8221  8283406    2.16%
 431357 128605        0.8396   404        0.8402        0.8221  8521796    2.16%
 442196 137362        0.8397   384        0.8402        0.8221  8787161    2.16%
Elapsed time = 572.24 sec. (73613.67 ticks, tree = 536.80 MB, solutions = 255)
 455184 147997        0.8328   370        0.8402        0.8221  9089799    2.15%
 467840 154535        0.8397   359        0.8402        0.8223  9261931    2.13%
 480433 163867        0.8226   353        0.8402        0.8223  9522599    2.12%
 493218 172718        cutoff              0.8402        0.8224  9754031    2.11%
 506482 178459    infeasible              0.8402        0.8224  9917118    2.11%
 518833 186065        0.8320   392        0.8402        0.8224 10131877    2.11%
 531146 195493        0.8380   383        0.8402        0.8224 10422229    2.11%
 543843 203477        0.8382   395        0.8402        0.8226 10700615    2.09%
 556478 210340        0.8351   349        0.8402        0.8226 10910186    2.09%
 569140 218612        0.8264   356        0.8402        0.8227 11170275    2.08%
Elapsed time = 615.34 sec. (83150.94 ticks, tree = 868.56 MB, solutions = 255)
 581351 224775        0.8228   366        0.8402        0.8227 11387602    2.08%
 594109 231363        0.8303   343        0.8402        0.8227 11632366    2.08%
 605793 239877        0.8232   380        0.8402        0.8227 11957072    2.08%
 618145 243603    infeasible              0.8402        0.8229 12107754    2.06%
 630617 250819    infeasible              0.8402        0.8229 12424512    2.06%
 641368 258041        0.8371   362        0.8402        0.8232 12741209    2.03%

Implied bound cuts applied:  3
Flow cuts applied:  22
Mixed integer rounding cuts applied:  17
Gomory fractional cuts applied:  7

Root node processing (before b&c):
  Real time             =  182.11 sec. (4519.21 ticks)
Parallel b&c, 32 threads:
  Real time             =  465.22 sec. (85193.11 ticks)
  Sync time (average)   =  181.72 sec.
  Wait time (average)   =    1.38 sec.
                          ------------
Total (root+branch&cut) =  647.33 sec. (89712.32 ticks)
Solution found
