Model: Diversity_model_3
 - number of variables: 3295
   - binary=480, integer=1, continuous=2814
 - number of constraints: 4495
   - linear=4495
 - parameters: defaults
CPXPARAM_Read_DataCheck                          1
CPXPARAM_RandomSeed                              201804051
CPXPARAM_MIP_Strategy_LBHeur                     1
CPXPARAM_TimeLimit                               86400
CPXPARAM_MIP_Tolerances_MIPGap                   0.02
Tried aggregator 2 times.
MIP Presolve eliminated 487 rows and 487 columns.
MIP Presolve modified 480 coefficients.
Aggregator did 480 substitutions.
Reduced MIP has 3528 rows, 2328 columns, and 10093 nonzeros.
Reduced MIP has 480 binaries, 0 generals, 480 SOSs, and 0 indicators.
Presolve time = 0.04 sec. (14.39 ticks)
Probing changed sense of 80 constraints.
Probing time = 0.15 sec. (3.78 ticks)
Tried aggregator 2 times.
MIP Presolve eliminated 80 rows and 0 columns.
Aggregator did 160 substitutions.
Reduced MIP has 3288 rows, 2168 columns, and 9533 nonzeros.
Reduced MIP has 400 binaries, 0 generals, 480 SOSs, and 0 indicators.
Presolve time = 0.05 sec. (13.00 ticks)
Probing time = 0.02 sec. (3.01 ticks)
Clique table members: 160.
MIP emphasis: balance optimality and feasibility.
MIP search method: dynamic search.
Parallel mode: deterministic, using up to 32 threads.
Root relaxation solution time = 0.14 sec. (60.19 ticks)

        Nodes                                         Cuts/
   Node  Left     Objective  IInf  Best Integer    Best Bound    ItCnt     Gap

      0     0        0.8211   349                      0.8211     1028         
      0     0        0.8211   370                   Cuts: 231     1816         
*     0+    0                            1.4850        0.8211            44.71%
*     0+    0                            0.9886        0.8211            16.94%
      0     0        0.8211   329        0.9886      Cuts: 70     1953   16.94%
      0     0        0.8211   331        0.9886     Cuts: 119     2099   16.94%
      0     2        0.8211   306        0.9886        0.8211     2099   16.94%
Elapsed time = 39.45 sec. (624.35 ticks, tree = 0.02 MB, solutions = 2)
   2709  1417        0.9412   136        0.9886        0.8422    38377   14.80%
*  6138  3765      integral     0        0.9786        0.8425    52100   13.91%
*  6336  4012      integral     0        0.9702        0.8425    53868   13.16%
*  6359+ 3787                            0.9691        0.8425            13.07%
*  6610  4239      integral     0        0.9640        0.8425    55630   12.60%
*  8365+ 4008                            0.9529        0.8887             6.74%
   8365  4010        0.9466   103        0.9529        0.8887    66350    6.74%
   8366  3236        0.8211   147        0.9529        0.9032    75055    5.22%
   8373  1943        0.8346   217        0.9529        0.9032    75396    5.22%
   9344   477        0.8872   143        0.9529        0.9032    84851    5.22%
  16788  5390        0.9380   109        0.9529        0.9032   122576    5.22%
  25630 11598        0.9494    87        0.9529        0.9047   171881    5.06%
  34975 16810    infeasible              0.9529        0.9066   216484    4.86%
  44846 22567        0.9505   107        0.9529        0.9081   266107    4.71%
* 73524 38280      integral     0        0.9446        0.9096   409639    3.71%
* 75161+31571                            0.9244        0.9096             1.59%
  76243 11979        0.9432   119        0.9244        0.9096   419895    1.59%
Elapsed time = 164.98 sec. (4561.41 ticks, tree = 16.55 MB, solutions = 14)
  76497 31675    infeasible              0.9244        0.9096   347036    1.59%

Implied bound cuts applied:  2
Flow cuts applied:  17
Mixed integer rounding cuts applied:  31
Gomory fractional cuts applied:  21

Root node processing (before b&c):
  Real time             =   35.79 sec. (623.18 ticks)
Parallel b&c, 32 threads:
  Real time             =  129.42 sec. (5769.26 ticks)
  Sync time (average)   =   66.48 sec.
  Wait time (average)   =    0.07 sec.
                          ------------
Total (root+branch&cut) =  165.21 sec. (6392.44 ticks)
Solution found
