Model: Diversity_model_3
 - number of variables: 1406
   - binary=204, integer=1, continuous=1201
 - number of constraints: 1715
   - linear=1715
 - parameters: defaults
CPXPARAM_Read_DataCheck                          1
CPXPARAM_RandomSeed                              201804051
CPXPARAM_MIP_Strategy_LBHeur                     1
CPXPARAM_TimeLimit                               86400
CPXPARAM_MIP_Tolerances_MIPGap                   0.02
Tried aggregator 2 times.
MIP Presolve eliminated 212 rows and 212 columns.
MIP Presolve modified 204 coefficients.
Aggregator did 204 substitutions.
Reduced MIP has 1299 rows, 990 columns, and 3885 nonzeros.
Reduced MIP has 204 binaries, 0 generals, 204 SOSs, and 0 indicators.
Presolve time = 0.01 sec. (4.91 ticks)
Probing changed sense of 34 constraints.
Probing time = 0.01 sec. (1.87 ticks)
Tried aggregator 2 times.
MIP Presolve eliminated 34 rows and 0 columns.
Aggregator did 68 substitutions.
Reduced MIP has 1197 rows, 922 columns, and 3647 nonzeros.
Reduced MIP has 170 binaries, 0 generals, 204 SOSs, and 0 indicators.
Presolve time = 0.03 sec. (4.33 ticks)
Probing time = 0.00 sec. (1.39 ticks)
Clique table members: 68.
MIP emphasis: balance optimality and feasibility.
MIP search method: dynamic search.
Parallel mode: deterministic, using up to 32 threads.
Root relaxation solution time = 0.07 sec. (8.51 ticks)

        Nodes                                         Cuts/
   Node  Left     Objective  IInf  Best Integer    Best Bound    ItCnt     Gap

      0     0        1.0000   127                      1.0000      343         
      0     0        1.0000   124                    Cuts: 63      486         
*     0+    0                            1.9199        1.0000            47.91%
      0     0        1.0000   151        1.9199     Cuts: 219      697   47.91%
*     0+    0                            1.7413        1.0000            42.57%
      0     0        1.0000   140        1.7413     Cuts: 116      825   42.57%
      0     0        1.0000   145        1.7413     Cuts: 221      942   42.57%
*     0+    0                            1.2967        1.0000            22.88%
      0     2        1.0000   122        1.2967        1.0000      942   22.88%
Elapsed time = 128.03 sec. (199.54 ticks, tree = 0.02 MB, solutions = 3)
*  3199+ 1254                            1.2876        1.0000            22.34%
*  3199+ 1053                            1.2640        1.0000            20.89%
*  3199+ 1251                            1.2639        1.0000            20.88%
*  3199+ 1210                            1.2623        1.0000            20.78%
*  3199+ 1652                            1.2623        1.0000            20.78%
*  3199+ 1495                            1.2423        1.0000            19.50%
*  3215+ 1464                            1.2423        1.0000            19.50%
   3219   802        1.1798    79        1.2423        1.0000    20223   19.50%
*  6514  2709      integral     0        1.2179        1.0104    41613   17.03%
*  7211  1757      integral     0        1.2128        1.0143    45744   16.37%
*  7487+ 2745                            1.2047        1.0698            11.20%
*  9222+ 1350                            1.2012        1.0698            10.94%
*  9475+ 1645                            1.1922        1.0712            10.15%
*  9475+ 1096                            1.1839        1.1165             5.69%
   9475  1097        1.0000   100        1.1839        1.1472    67831    3.09%
* 11434+  606                            1.1833        1.1472             3.05%
  11434   608        1.1691    31        1.1833        1.1472    76619    3.05%

Cover cuts applied:  3
Implied bound cuts applied:  39
Flow cuts applied:  20
Mixed integer rounding cuts applied:  19
Gomory fractional cuts applied:  13

Root node processing (before b&c):
  Real time             =  113.08 sec. (199.48 ticks)
Parallel b&c, 32 threads:
  Real time             =  873.71 sec. (933.07 ticks)
  Sync time (average)   =  518.61 sec.
  Wait time (average)   =    0.02 sec.
                          ------------
Total (root+branch&cut) =  986.79 sec. (1132.54 ticks)
Solution found
