Model: Diversity_model_3
 - number of variables: 3333
   - binary=384, integer=1, continuous=2948
 - number of constraints: 4437
   - linear=4437
 - parameters: defaults
CPXPARAM_Read_DataCheck                          1
CPXPARAM_RandomSeed                              201804051
CPXPARAM_MIP_Strategy_LBHeur                     1
CPXPARAM_TimeLimit                               86400
CPXPARAM_MIP_Tolerances_MIPGap                   0.02
Tried aggregator 2 times.
MIP Presolve eliminated 583 rows and 583 columns.
MIP Presolve modified 384 coefficients.
Aggregator did 576 substitutions.
Reduced MIP has 3278 rows, 2174 columns, and 9769 nonzeros.
Reduced MIP has 384 binaries, 0 generals, 576 SOSs, and 0 indicators.
Presolve time = 0.06 sec. (12.51 ticks)
Probing changed sense of 6 constraints.
Probing time = 0.02 sec. (2.98 ticks)
Tried aggregator 2 times.
MIP Presolve eliminated 6 rows and 0 columns.
Aggregator did 54 substitutions.
Reduced MIP has 3218 rows, 2120 columns, and 9643 nonzeros.
Reduced MIP has 378 binaries, 0 generals, 576 SOSs, and 0 indicators.
Presolve time = 0.09 sec. (9.63 ticks)
Probing changed sense of 4 constraints.
Probing time = 0.03 sec. (3.00 ticks)
Clique table members: 186.
MIP emphasis: balance optimality and feasibility.
MIP search method: dynamic search.
Parallel mode: deterministic, using up to 32 threads.
Root relaxation solution time = 0.52 sec. (59.81 ticks)

        Nodes                                         Cuts/
   Node  Left     Objective  IInf  Best Integer    Best Bound    ItCnt     Gap

      0     0        0.4643   360                      0.4643     1014         
      0     0        0.4643   301                   Cuts: 149     1837         
*     0+    0                            1.2592        0.4643            63.13%
      0     0        0.4643   343        1.2592     Cuts: 517     2196   63.13%
      0     0        0.4643   273        1.2592     Cuts: 173     2338   63.13%
*     0+    0                            1.2465        0.4643            62.75%
      0     0        0.4643   298        1.2465     Cuts: 234     2531   47.32%
      0     2        0.4643   246        1.2465        0.6566     2531   47.32%
Elapsed time = 91.77 sec. (793.72 ticks, tree = 0.02 MB, solutions = 2)
   3032   982        1.1258   232        1.2465        0.6566    69905   47.32%
*  8772  5344      integral     0        1.2331        0.6566   166918   46.75%
   8949  5439        1.1980   173        1.2331        0.6566   168120   46.75%
* 10670+ 4604                            1.1878        0.6566            44.72%
* 10670+ 4769                            1.1774        0.6566            44.23%
* 10670+ 4769                            1.1530        0.6566            43.05%
* 10670+ 5094                            1.1511        0.6566            42.96%
  10670  4970    infeasible              1.1511        0.6566   160770   42.96%
* 10682+ 4843                            1.1498        0.6566            42.89%
  11923  3527        1.1361   239        1.1498        0.6566   212825   42.89%
* 14584+ 5016                            1.1316        0.8852            21.77%
  14596  5561        1.1209   125        1.1316        0.8852   247195   21.77%
  19509  8860        1.0944   199        1.1316        0.9299   292310   17.82%
  24607 11629    infeasible              1.1316        0.9299   345372   17.82%
* 25610+10057                            1.1293        0.9299            17.65%
* 27255+11007                            1.1292        0.9299            17.64%
  30152 13063        1.0942   249        1.1292        0.9299   408966   17.64%
  36112 17930        1.0918   183        1.1292        0.9299   473324   17.64%
* 43635+23206                            1.1291        0.9333            17.34%
* 43648+23177                            1.1291        0.9333            17.34%
* 43659+17066                            1.0921        0.9497            13.04%
  43659 17067        0.4643   228        1.0921        0.9497   575781   13.04%
Elapsed time = 306.56 sec. (4836.84 ticks, tree = 28.26 MB, solutions = 91)
* 51775+ 4206                            1.0893        0.9497            12.81%
* 53730+ 4839                            1.0556        0.9497            10.03%
* 53730+ 4839                            1.0543        0.9497             9.92%
* 53730+ 4644                            1.0494        0.9497             9.50%
* 53730+ 4643                            1.0476        0.9497             9.35%
* 53730+ 4580                            1.0475        0.9497             9.33%
  53730  4600        1.0659     0        1.0475        0.9497   709074    9.33%
* 53871+ 5323                            1.0457        0.9497             9.18%
* 54128+ 5413                            1.0409        0.9497             8.76%
* 68888  9326      integral     0        1.0396        0.9619   968783    7.48%
* 69530  9438      integral     0        1.0370        0.9619   973069    7.25%
* 73777+ 9772                            1.0370        0.9641             7.03%
  74464 11209        1.0222   258        1.0370        0.9641  1047589    7.03%
* 75874 11391      integral     0        1.0336        0.9675  1049403    6.40%
* 80142+12032                            1.0336        0.9679             6.36%
* 80617 12878      integral     0        1.0324        0.9679  1103474    6.25%
* 82449 13508      integral     0        1.0319        0.9699  1113886    6.01%
* 85022 15302      integral     0        1.0309        0.9701  1153391    5.90%
* 88813 16695      integral     0        1.0308        0.9715  1183636    5.75%
* 92666+19260                            1.0304        0.9717             5.69%
* 92794 20509      integral     0        1.0299        0.9717  1249509    5.65%
* 92875 20189      integral     0        1.0299        0.9717  1249518    5.65%
* 94541+20940                            1.0264        0.9727             5.23%
* 94675 19039      integral     0        1.0255        0.9727  1273340    5.15%
* 99183+21718                            1.0249        0.9753             4.84%
*101226+19245                            1.0247        0.9755             4.80%
*102133+19510                            1.0103        0.9755             3.44%
*104687+19510                            1.0100        0.9755             3.42%
*109000+19510                            1.0096        0.9755             3.38%
*109278+19698                            1.0064        0.9755             3.07%
 111444 15589        0.9909   148        1.0064        0.9755  1488568    3.07%
 134894 24226    infeasible              1.0064        0.9755  1781099    3.07%
*142268+21211                            1.0064        0.9755             3.06%
*152219+25363                            1.0064        0.9755             3.06%
 160868 29576        cutoff              1.0064        0.9755  2161977    3.06%
*175790+38035                            1.0059        0.9756             3.02%

Implied bound cuts applied:  5
Flow cuts applied:  32
Mixed integer rounding cuts applied:  31
Gomory fractional cuts applied:  6

Root node processing (before b&c):
  Real time             =   80.77 sec. (796.29 ticks)
Parallel b&c, 32 threads:
  Real time             =  338.61 sec. (10697.97 ticks)
  Sync time (average)   =  189.85 sec.
  Wait time (average)   =    0.42 sec.
                          ------------
Total (root+branch&cut) =  419.38 sec. (11494.26 ticks)
Solution found
