Model: Diversity_model_3
 - number of variables: 3410
   - binary=392, integer=1, continuous=3017
 - number of constraints: 5313
   - linear=5313
 - parameters: defaults
CPXPARAM_Read_DataCheck                          1
CPXPARAM_RandomSeed                              201804051
CPXPARAM_MIP_Strategy_LBHeur                     1
CPXPARAM_TimeLimit                               86400
CPXPARAM_MIP_Tolerances_MIPGap                   0.02
Tried aggregator 2 times.
MIP Presolve eliminated 595 rows and 595 columns.
MIP Presolve modified 392 coefficients.
Aggregator did 588 substitutions.
Reduced MIP has 4130 rows, 2227 columns, and 11548 nonzeros.
Reduced MIP has 392 binaries, 0 generals, 588 SOSs, and 0 indicators.
Presolve time = 0.04 sec. (13.93 ticks)
Probing changed sense of 48 constraints.
Probing time = 0.14 sec. (4.27 ticks)
Tried aggregator 2 times.
MIP Presolve eliminated 48 rows and 0 columns.
Aggregator did 97 substitutions.
Reduced MIP has 3985 rows, 2130 columns, and 11210 nonzeros.
Reduced MIP has 344 binaries, 0 generals, 588 SOSs, and 0 indicators.
Presolve time = 0.02 sec. (12.41 ticks)
Probing changed sense of 1 constraints.
Probing time = 0.08 sec. (3.40 ticks)
Clique table members: 148.
MIP emphasis: balance optimality and feasibility.
MIP search method: dynamic search.
Parallel mode: deterministic, using up to 32 threads.
Root relaxation solution time = 0.31 sec. (106.70 ticks)

        Nodes                                         Cuts/
   Node  Left     Objective  IInf  Best Integer    Best Bound    ItCnt     Gap

      0     0        0.1729   306                      0.1729      971         
*     0+    0                            2.0487        0.1729            91.56%
      0     0        0.1729   320        2.0487     Cuts: 208     1618   91.56%
*     0+    0                            1.7891        0.1729            90.33%
*     0+    0                            1.5142        0.1729            88.58%
      0     0        0.1729   298        1.5142     Cuts: 207     1881   88.58%
      0     0        0.1729   302        1.5142     Cuts: 261     2120   88.58%
      0     2        0.1729   260        1.5142        0.1729     2120   88.58%
Elapsed time = 6.31 sec. (953.80 ticks, tree = 0.02 MB, solutions = 3)
   2567  1431        1.0062   222        1.5142        0.1729    80773   88.58%
*  3294+ 1437                            1.4316        0.1729            87.92%
   3493  1900        1.1970   113        1.4316        0.1729   105669   87.92%
*  3505+ 1283                            1.4301        0.1729            87.91%
*  4027+ 2013                            1.4179        0.1729            87.80%
*  4339+ 2185                            1.2039        0.1729            85.64%
   7563  2997        1.1526   192        1.2039        0.1972   175129   83.62%
   8589  4667        0.1729   247        1.2039        0.2282   224769   81.04%
   8601  3059        0.4464   246        1.2039        0.2282   226183   81.04%
  10156   791        1.1857   201        1.2039        0.2282   291999   81.04%
* 12874  2593      integral     0        1.2039        0.2282   351747   81.04%
  13406  2730        1.1699    91        1.2039        0.2342   354907   80.55%
  16632  5328        1.1660   147        1.2039        0.2688   428710   77.68%
* 17461+ 3943                            1.2006        0.2688            77.62%
* 17476+ 4310                            1.2006        0.2688            77.62%
* 17498+ 3985                            1.0890        0.2688            75.32%
* 17498+ 5277                            1.0856        0.2688            75.24%
* 17498+ 3985                            1.0644        0.2688            74.75%
* 17498+ 5239                            1.0634        0.2688            74.73%
  17498  3907        0.5354   231        1.0634        0.2688   392940   74.73%
* 17532+ 5477                            1.0613        0.2688            74.67%
* 17592+ 5254                            1.0601        0.2688            74.65%
* 17643+ 5236                            1.0591        0.2688            74.62%
* 17729+ 5253                            1.0588        0.2688            74.62%
* 18034+ 5672                            1.0586        0.2688            74.61%
* 18729+ 5943                            1.0493        0.2688            74.39%
* 18927+ 5943                            1.0450        0.2688            74.28%
* 19218+ 5943                            1.0423        0.2688            74.21%
  24733  4576        1.0076   229        1.0423        0.4076   598755   60.89%
Elapsed time = 201.88 sec. (5637.91 ticks, tree = 5.64 MB, solutions = 116)
* 25477  5124      integral     0        1.0417        0.4076   616725   60.87%
* 34544+10089                            1.0417        0.5211            49.98%
* 41240+13188                            1.0417        0.5306            49.06%
  44184 14633        0.9037   279        1.0417        0.5507   893195   47.13%
* 64051+28658                            1.0412        0.8506            18.30%
* 64388+28087                            1.0408        0.8506            18.27%
  65145 28580        cutoff              1.0408        0.8658  1249436   16.81%
* 71847 33029      integral     0        1.0362        0.8658  1351801   16.45%
* 74777+27200                            1.0347        0.8658            16.32%
* 79936+27046                            1.0237        0.8658            15.43%
* 80541+27046                            1.0233        0.8658            15.39%
  82304 37168        0.9645   108        1.0233        0.8658  1500986   15.39%
* 82827+27104                            1.0107        0.8658            14.34%
* 84312+27104                            1.0077        0.8658            14.08%
* 92133 27788      integral     0        0.9990        0.8684  1615630   13.08%
*100101 27130      integral     0        0.9949        0.8732  1726273   12.23%
 101807 27363        0.9831   210        0.9949        0.8732  1795548   12.23%
*102475+28138                            0.9752        0.8732            10.45%
*102948+28274                            0.9707        0.8732            10.04%
*107059+26412                            0.9646        0.8732             9.47%
*109660+26472                            0.9622        0.8732             9.25%
 111147 21267    infeasible              0.9622        0.8732  1982364    9.25%
*113999+26407                            0.9502        0.8732             8.10%
*114071+26396                            0.9467        0.8732             7.76%
*126394+13521                            0.9450        0.8912             5.69%
 134973 16391    infeasible              0.9450        0.8987  2310883    4.90%
 154393 25710        cutoff              0.9450        0.9069  2549987    4.03%
*170868 31875      integral     0        0.9413        0.9087  2662665    3.46%
*176886 25552      integral     0        0.9402        0.9095  2681592    3.26%
*182776 26079      integral     0        0.9364        0.9099  2698632    2.83%
*193664 22829      integral     0        0.9343        0.9110  2813240    2.49%
 199546 22715        0.9230    97        0.9343        0.9115  2911993    2.43%

Flow cuts applied:  46
Mixed integer rounding cuts applied:  49
Gomory fractional cuts applied:  8

Root node processing (before b&c):
  Real time             =    3.61 sec. (955.63 ticks)
Parallel b&c, 32 threads:
  Real time             =  324.90 sec. (13745.60 ticks)
  Sync time (average)   =  176.02 sec.
  Wait time (average)   =    1.09 sec.
                          ------------
Total (root+branch&cut) =  328.51 sec. (14701.23 ticks)
Solution found
