Model: Diversity_model_3
 - number of variables: 7340
   - binary=588, integer=1, continuous=6751
 - number of constraints: 9545
   - linear=9545
 - parameters: defaults
CPXPARAM_Read_DataCheck                          1
CPXPARAM_RandomSeed                              201804051
CPXPARAM_MIP_Strategy_LBHeur                     1
CPXPARAM_TimeLimit                               86400
CPXPARAM_MIP_Tolerances_MIPGap                   0.02
Tried aggregator 2 times.
MIP Presolve eliminated 1477 rows and 1477 columns.
MIP Presolve modified 588 coefficients.
Aggregator did 1470 substitutions.
Reduced MIP has 6598 rows, 4393 columns, and 20494 nonzeros.
Reduced MIP has 588 binaries, 0 generals, 1470 SOSs, and 0 indicators.
Presolve time = 0.09 sec. (26.83 ticks)
Probing changed sense of 21 constraints.
Probing time = 0.04 sec. (4.87 ticks)
Tried aggregator 2 times.
MIP Presolve eliminated 21 rows and 0 columns.
Aggregator did 70 substitutions.
Reduced MIP has 6507 rows, 4323 columns, and 20291 nonzeros.
Reduced MIP has 567 binaries, 0 generals, 1470 SOSs, and 0 indicators.
Presolve time = 0.05 sec. (21.76 ticks)
Probing changed sense of 5 constraints.
Probing time = 0.05 sec. (5.03 ticks)
Clique table members: 273.
MIP emphasis: balance optimality and feasibility.
MIP search method: dynamic search.
Parallel mode: deterministic, using up to 32 threads.
Root relaxation solution time = 0.63 sec. (216.97 ticks)

        Nodes                                         Cuts/
   Node  Left     Objective  IInf  Best Integer    Best Bound    ItCnt     Gap

      0     0        0.1729   512                      0.1729     1640         
      0     0        0.1729   493                   Cuts: 195     2856         
      0     0        0.1729   560                   Cuts: 435     3705         
      0     0        0.1729   432                   Cuts: 221     4093         
*     0+    0                            1.7891        0.1729            90.33%
      0     0        0.1729   478        1.7891     Cuts: 492     4756   90.33%
      0     2        0.1729   392        1.7891        0.1729     4756   90.33%
Elapsed time = 9.29 sec. (2344.12 ticks, tree = 0.02 MB, solutions = 1)
      1     3        0.1729   526        1.7891        0.1729     6634   90.33%
    299   204        0.3299   472        1.7891        0.1729    18712   90.33%
   2199  1685        1.3032   353        1.7891        0.1729   132060   90.33%
   4223  3393        1.3564   285        1.7891        0.1729   253713   90.33%
*  5052+ 3591                            1.7650        0.1729            90.20%
*  5353+ 3591                            1.7302        0.1729            90.01%
*  5459+ 4100                            1.6170        0.1729            89.31%
   6392  5540        1.5063   173        1.6170        0.1729   321580   89.31%
*  6699+ 4875                            1.4337        0.1729            87.94%
*  7503  6506      integral     0        1.3946        0.1729   335017   87.60%
*  7680+ 6825                            1.2880        0.1729            86.57%
*  7746+ 6403                            1.2874        0.1729            86.57%
*  7799  5511      integral     0        1.2787        0.1729   341023   86.48%
   7936  6371        1.2633    64        1.2787        0.1729   340581   86.48%
   8874  6196        0.5074   409        1.2787        0.1729   391194   86.48%
   9991  7210        1.1338   192        1.2787        0.1729   427061   86.48%
  11006  8018        1.2196   145        1.2787        0.1729   438159   86.48%
* 11113+ 8195                            1.2125        0.1729            85.74%
* 11737+ 8097                            1.2120        0.1729            85.73%
* 12259+ 6940                            1.1544        0.1729            85.02%
* 12938+ 4964                            1.1512        0.1729            84.98%
* 13058+ 4964                            1.1467        0.1729            84.92%
* 13289+ 4964                            1.1428        0.1729            84.87%
* 13900+ 6940                            1.1409        0.1729            84.84%
  14031  9388        0.8787   435        1.1409        0.1729   540513   84.84%
Elapsed time = 52.62 sec. (5493.50 ticks, tree = 22.82 MB, solutions = 38)
* 14071+ 6940                            1.1389        0.1729            84.82%
* 15548+ 7281                            1.1378        0.1729            84.80%
* 15607+ 5113                            1.1144        0.1729            84.48%
* 17376+ 9560                            1.1058        0.1729            84.36%
  17416  8702        1.1068   108        1.1058        0.1729   681114   84.36%
* 17475+ 9560                            1.1049        0.1729            84.35%
* 19153+ 9560                            1.0966        0.1729            84.23%
* 19366+ 9560                            1.0683        0.1729            83.81%
* 20628+ 7426                            1.0629        0.1729            83.73%
  23623 11662        cutoff              1.0629        0.1729   951969   83.73%
* 30108 16351      integral     0        1.0485        0.1729  1280247   83.51%
* 34030+16633                            1.0438        0.1729            83.43%
* 34189+16680                            1.0415        0.1729            83.40%
  35195 19409        0.3248   492        1.0415        0.1729  1581447   83.40%
* 35308+16446                            1.0396        0.1729            83.37%
* 35393+16446                            1.0383        0.1729            83.34%
* 35561+16446                            1.0377        0.1729            83.33%
* 35935+16633                            1.0336        0.1729            83.27%
* 37586+19485                            1.0336        0.1729            83.27%
  37591 18980        0.9338   466        1.0336        0.1729  1678965   83.27%
  37608 20294        0.1729   425        1.0336        0.1729  1775643   83.27%
  37616 16237        0.1748   437        1.0336        0.1729  1780080   83.27%
  39487  1096        0.8800   398        1.0336        0.1729  1879025   83.27%
  44189  4495        1.0164   322        1.0336        0.1817  2033494   82.42%
  49341  8650        1.0293   288        1.0336        0.3011  2236458   70.87%
Elapsed time = 254.97 sec. (20989.81 ticks, tree = 404.43 MB, solutions = 206)
* 51056+ 8507                            1.0244        0.3171            69.04%
  51056  9891        0.5839   446        1.0244        0.3171  2305481   69.04%
* 51074+ 8792                            1.0240        0.3171            69.03%
* 51092+ 8507                            1.0157        0.3171            68.78%
  51327  8134        0.6709   456        1.0157        0.3171  2316267   68.78%
* 51446+ 9359                            1.0112        0.3332            67.05%
* 51473+ 9359                            1.0100        0.3332            67.01%
  51758  8434        0.9911   244        1.0100        0.3332  2332019   67.01%
* 52671+ 8102                            1.0035        0.3332            66.80%
  52886  8662        1.0042   353        1.0035        0.3332  2371120   66.80%
* 53854+ 8593                            1.0023        0.3437            65.71%
* 55046+ 8768                            0.9973        0.3437            65.54%
  56020  9117        0.7134   392        0.9973        0.3660  2485214   63.30%
  62630 12380        cutoff              0.9973        0.3675  2740266   63.15%
  68352 17336        0.9886   312        0.9973        0.4088  3101644   59.01%
  76289 22306        0.8705   427        0.9973        0.4588  3515480   53.99%
  84754 26235        cutoff              0.9973        0.4811  3826045   51.76%
  93472 32048        0.9891   247        0.9973        0.4956  4295519   50.30%
Elapsed time = 341.72 sec. (30538.01 ticks, tree = 532.49 MB, solutions = 233)
 100051 38138        0.9833   221        0.9973        0.5160  4767910   48.25%
 108795 40901        0.9907   227        0.9973        0.5313  5005723   46.73%
 117443 47856        0.8793   450        0.9973        0.5475  5529967   45.10%
 125829 54224    infeasible              0.9973        0.5626  6082743   43.58%
 134367 58545        cutoff              0.9973        0.5717  6417342   42.67%
 142164 62558        0.9268   270        0.9973        0.5750  6737273   42.34%
 151885 69967        0.9956   242        0.9973        0.5854  7286541   41.30%
 161918 76098        cutoff              0.9973        0.5976  7795047   40.08%
 171225 81773        0.9910   290        0.9973        0.6073  8242164   39.10%
 180854 87527        cutoff              0.9973        0.6153  8669688   38.30%
Elapsed time = 408.46 sec. (40075.71 ticks, tree = 647.82 MB, solutions = 233)
 190692 93886        0.9873   436        0.9973        0.6226  9166003   37.57%
 200496 98155        0.7895   455        0.9973        0.6279  9436604   37.04%
 205832 106212        0.6367   480        0.9973        0.6327 10000865   36.55%
 215557 108368        0.8684   413        0.9973        0.6386 10187062   35.97%
 225333 113459        0.9187   451        0.9973        0.6425 10550267   35.58%
 235038 121778        0.8058   407        0.9973        0.6477 11169360   35.05%
 244279 126839        0.9587   346        0.9973        0.6539 11557306   34.43%
 245957 131394        0.1729   214        0.9973        0.6632 11962886   33.50%
 245963 65700        0.3227   507        0.9973        0.6632 11966628   33.50%
 246318   315        0.7224   486        0.9973        0.6632 12000391   33.50%
Elapsed time = 533.39 sec. (54702.59 ticks, tree = 5.81 MB, solutions = 233)
 247175   753        0.9109   292        0.9973        0.6632 12053877   33.50%
 249759  2373        0.9563   429        0.9973        0.6632 12159605   33.50%
 252406  4237        cutoff              0.9973        0.6632 12265424   33.50%
 255250  5816        0.9707   407        0.9973        0.6632 12372632   33.50%
 257661  7482        0.9914   239        0.9973        0.6632 12470470   33.50%
 259834  9174        0.9679   440        0.9973        0.6632 12588864   33.50%
 262579 11166        0.4035   417        0.9973        0.6632 12738319   33.50%
 265259 12571        0.9832   454        0.9973        0.6632 12861853   33.50%
*267215 14307      integral     0        0.9970        0.6632 12985851   33.48%
 268163 14389        0.7236   500        0.9970        0.6632 13003184   33.48%
 270962 16741        0.9854   485        0.9970        0.6632 13183357   33.48%
Elapsed time = 599.75 sec. (64241.24 ticks, tree = 695.97 MB, solutions = 234)
 273724 18421        0.9365   439        0.9970        0.6632 13316112   33.48%
 276724 20231        cutoff              0.9970        0.6632 13443010   33.48%
 280431 22914        0.9554   343        0.9970        0.6632 13612764   33.48%
 283387 24980        0.9509   358        0.9970        0.6632 13756268   33.48%
 286242 26380        0.9505   397        0.9970        0.6632 13878708   33.48%
 289296 28027        0.9623   479        0.9970        0.6632 14019644   33.48%
 292113 29679        0.9866   292        0.9970        0.6632 14140243   33.48%
 295149 31582        cutoff              0.9970        0.6632 14305874   33.48%
 298161 33129        0.9534   472        0.9970        0.6632 14428031   33.48%
 301414 35029        0.9747   350        0.9970        0.6632 14621180   33.48%
Elapsed time = 648.53 sec. (73782.89 ticks, tree = 1413.16 MB, solutions = 234)
 304255 36798        0.9763   309        0.9970        0.6632 14816145   33.48%
 306934 38783        0.9591   429        0.9970        0.6632 14999545   33.48%
 309588 40087        0.9077   244        0.9970        0.6632 15129187   33.48%
 313038 41622        0.7988   456        0.9970        0.6632 15243873   33.48%
 315873 43968        cutoff              0.9970        0.6632 15420239   33.48%
 318825 45702        0.9171   479        0.9970        0.6632 15546072   33.48%
 322552 47530        0.9676   446        0.9970        0.6632 15698806   33.48%
 331358 50027        0.9960   228        0.9970        0.6632 15946335   33.48%
 335440 55805        0.9860   238        0.9970        0.6632 16469908   33.48%
 339525 57392        0.8192   467        0.9970        0.6632 16624425   33.48%
Elapsed time = 698.24 sec. (83322.24 ticks, tree = 1773.40 MB, solutions = 234)
 344419 60555        0.9142   473        0.9970        0.6632 16909815   33.48%
 354293 62173        cutoff              0.9970        0.6632 17032975   33.48%
 357938 68628        0.9711   337        0.9970        0.6632 17537289   33.48%
 360724 71280        0.7158   429        0.9970        0.6632 17797879   33.48%
 367366 72336        0.8695   422        0.9970        0.6632 17902028   33.48%
*373288 76205      integral     0        0.9927        0.6632 18230915   33.19%
 377117 69014        0.7148   496        0.9927        0.6632 18439167   33.19%
*378658+70437                            0.9876        0.6632            32.84%
*378700+69337                            0.9799        0.6632            32.32%
*378841+69476                            0.9784        0.6632            32.21%
*378842+69337                            0.9754        0.6632            32.01%
*378853+69337                            0.9743        0.6632            31.93%
*378870+69476                            0.9734        0.6632            31.86%
*378997+70437                            0.9715        0.6632            31.73%
 379216 72879        0.9354   420        0.9715        0.6632 18824783   31.73%
*381264+72286                            0.9711        0.6632            31.71%
 381269 49938        0.8019   445        0.9711        0.6632 18889593   31.71%
*382589+50202                            0.9708        0.6632            31.68%
*383512+50616                            0.9706        0.6632            31.67%
 384076 50821        0.8039   496        0.9706        0.6632 19034111   31.67%
*386382+50632                            0.9705        0.6632            31.66%
 392635 51165        0.7634   471        0.9705        0.6632 19099064   31.66%
Elapsed time = 744.42 sec. (92861.06 ticks, tree = 1068.75 MB, solutions = 296)
 400174 55570        0.9323   476        0.9705        0.6632 19528660   31.66%
 402108 60996        0.8514   489        0.9705        0.6632 20001678   31.66%
 404396 61586        0.9065   409        0.9705        0.6632 20079377   31.66%
 412308 63457        0.9578   416        0.9705        0.6632 20254941   31.66%
 422184 67644        cutoff              0.9705        0.6831 20589685   29.61%
 426552 75320        cutoff              0.9705        0.6893 21142213   28.97%
 428351 77513        0.9513   433        0.9705        0.6893 21303708   28.97%
 435549 78751        0.9640   312        0.9705        0.6922 21400427   28.67%
 446921 81556        0.9299   406        0.9705        0.6922 21572832   28.67%
 467578 97948        0.9608   417        0.9705        0.7055 22772042   27.30%
Elapsed time = 803.32 sec. (105261.49 ticks, tree = 1154.52 MB, solutions = 296)
*469801+95225                            0.9697        0.7055            27.24%
*471246+95225                            0.9675        0.7055            27.07%
*471391+95224                            0.9558        0.7055            26.19%
*471618+95373                            0.9553        0.7055            26.14%
*471834+95371                            0.9521        0.7061            25.84%
*472845+67368                            0.9372        0.7070            24.57%
*472853+67368                            0.9350        0.7070            24.39%
*472881+67368                            0.9305        0.7070            24.02%
 473053 68858        0.8938   442        0.9305        0.7072 23286854   23.99%
*473472+50047                            0.9304        0.7073            23.98%
*473775+50267                            0.9301        0.7073            23.95%
*475054+50309                            0.9298        0.7080            23.85%
*476434+50776                            0.9291        0.7085            23.74%
*477500+50948                            0.9291        0.7085            23.74%
*477533+50807                            0.9286        0.7085            23.70%
*477655+50518                            0.9282        0.7085            23.66%
*478342+50082                            0.9273        0.7085            23.59%
 478638 49873        cutoff              0.9273        0.7085 23588380   23.59%
*478771+50694                            0.9240        0.7085            23.32%
*479675+48631                            0.9155        0.7085            22.61%
*481893+44936                            0.9148        0.7086            22.54%
*482607+44961                            0.9139        0.7087            22.45%
*483755+44494                            0.9138        0.7087            22.44%
*484927+44721                            0.9134        0.7089            22.39%
*485589+44712                            0.9134        0.7089            22.39%
*486655+45194                            0.9131        0.7089            22.36%
*487706+45676                            0.9123        0.7089            22.30%
*488241+46168                            0.9107        0.7089            22.16%
*490402+46455                            0.9104        0.7089            22.14%
*491264+46159                            0.9094        0.7089            22.05%
 491952 47732        cutoff              0.9094        0.7089 24397745   22.05%
 513507 54650        0.8848   404        0.9094        0.7134 25276624   21.55%
 535929 63979        0.9087   286        0.9094        0.7203 26411836   20.80%
 557922 74363    infeasible              0.9094        0.7298 27683703   19.75%
 578984 82463        0.8295   453        0.9094        0.7356 28938642   19.12%
 603621 90583        cutoff              0.9094        0.7442 30176052   18.16%
 624687 98050        0.7903   474        0.9094        0.7585 31187981   16.60%
 645306 106650        cutoff              0.9094        0.7676 32335730   15.60%
Elapsed time = 978.93 sec. (143411.61 ticks, tree = 577.78 MB, solutions = 445)
 666364 115429        0.8965   430        0.9094        0.7727 33479432   15.03%
 690532 126341        cutoff              0.9094        0.7768 34623315   14.59%
 713452 134513        0.7958   426        0.9094        0.7840 35854287   13.80%
 736074 144096        0.9033   454        0.9094        0.7917 37008951   12.94%
 763325 155842        0.9002   427        0.9094        0.7961 38163158   12.46%
 790758 167924        0.8979   427        0.9094        0.7984 39275980   12.21%
 817778 178428        cutoff              0.9094        0.8011 40268270   11.91%
 844772 185436        cutoff              0.9094        0.8035 40944901   11.65%
 871962 198285    infeasible              0.9094        0.8049 42045768   11.50%
 899051 212694        0.9084   465        0.9094        0.8070 43183617   11.26%
Elapsed time = 1168.04 sec. (181562.98 ticks, tree = 812.09 MB, solutions = 445)
 923810 221529        cutoff              0.9094        0.8111 44148797   10.82%
 949981 229062        0.8910   396        0.9094        0.8143 45065169   10.46%
 977793 238883        cutoff              0.9094        0.8226 46258078    9.55%
 1004152 246482        cutoff              0.9094        0.8295 47398636    8.79%
 1029619 251431        cutoff              0.9094        0.8375 48348475    7.91%
*1032311+252585                            0.9089        0.8384             7.76%
*1032436+252948                            0.9086        0.8384             7.72%
*1032609+237303                            0.9081        0.8384             7.68%
 1041654 230322        0.8460   421        0.9081        0.8396 49236699    7.55%
*1041846+242977                            0.9074        0.8396             7.47%
*1045504+215692                            0.9066        0.8396             7.39%
*1047470+215958                            0.9065        0.8396             7.39%
*1049954+201674                            0.9065        0.8405             7.28%
 1064318 202844        cutoff              0.9065        0.8451 50114026    6.78%
 1095498 204641        cutoff              0.9065        0.8559 51280553    5.59%
 1126216 207059        0.9060   315        0.9065        0.8636 52045985    4.73%
 1154249 224258        0.8990   316        0.9065        0.8668 52848320    4.38%
Elapsed time = 1357.59 sec. (219710.92 ticks, tree = 753.58 MB, solutions = 458)
 1180335 242401        0.9031   247        0.9065        0.8684 53682675    4.20%
 1203197 258208        0.9036   361        0.9065        0.8684 54663120    4.20%
 1225190 267680        0.8684   412        0.9065        0.8684 55605347    4.20%
 1248690 278484        cutoff              0.9065        0.8684 56660722    4.20%
*1250616+276534                            0.9061        0.8684             4.15%
*1250731+268566                            0.9056        0.8684             4.11%
*1250753+268520                            0.9053        0.8684             4.07%
*1251307+251695                            0.9052        0.8684             4.06%
 1254800 250933        0.8982   279        0.9052        0.8684 56888513    4.06%
 1276226 261405        0.9038   316        0.9052        0.8684 57850311    4.06%
 1300194 271148        0.8805   395        0.9052        0.8684 58564331    4.06%
 1322559 285175        0.9042   339        0.9052        0.8684 59670624    4.06%
 1342049 294495        cutoff              0.9052        0.8684 60201941    4.06%
 1366285 309758        0.8901   258        0.9052        0.8684 61160405    4.06%
Elapsed time = 1545.72 sec. (257860.16 ticks, tree = 1008.41 MB, solutions = 464)
*1368824+309787                            0.9050        0.8684             4.04%
*1371179+302140                            0.9046        0.8684             4.00%
*1371892+302499                            0.9046        0.8684             4.00%
*1373877+302383                            0.9041        0.8684             3.95%
*1375534+277083                            0.9040        0.8684             3.93%
*1384527+277366                            0.9035        0.8684             3.88%
*1385664+273634                            0.9032        0.8684             3.86%
 1387344 258909        0.8946   311        0.9032        0.8684 61903796    3.86%
*1387519+258784                            0.9016        0.8684             3.68%
*1388569+233933                            0.9015        0.8684             3.67%
*1391741+233483                            0.9014        0.8684             3.66%
*1392167+234262                            0.9012        0.8684             3.64%
*1392224+234204                            0.9012        0.8684             3.64%
 1395906 231878        0.8806   368        0.9012        0.8684 62203623    3.64%
*1397206+231531                            0.9010        0.8684             3.62%
*1397574+231818                            0.9007        0.8684             3.58%
*1397995+226208                            0.9001        0.8684             3.51%
*1398429+217079                            0.9000        0.8684             3.51%
*1400510+217385                            0.9000        0.8684             3.51%
*1400738+217630                            0.8998        0.8684             3.48%
*1401973+216975                            0.8997        0.8684             3.48%
*1403201+215382                            0.8995        0.8684             3.46%
*1403433+213049                            0.8995        0.8684             3.46%
 1403948 215651        0.8823   324        0.8995        0.8684 62538548    3.46%
*1403973+213095                            0.8994        0.8684             3.44%
*1406456+211390                            0.8980        0.8684             3.30%
*1407488+193532                            0.8979        0.8684             3.28%
*1409611+193546                            0.8955        0.8684             3.03%
*1410522+162885                            0.8954        0.8684             3.02%
*1411553+193122                            0.8951        0.8684             2.99%
 1412363 159845        0.8813   340        0.8951        0.8684 62757128    2.99%
*1412530+159583                            0.8950        0.8684             2.97%
*1412735+159546                            0.8935        0.8684             2.81%
*1414090+136732                            0.8933        0.8684             2.79%
*1416831+136594                            0.8933        0.8684             2.79%
*1417799+134481                            0.8930        0.8684             2.75%
*1418174+134903                            0.8929        0.8684             2.74%
*1419162+129951                            0.8924        0.8684             2.69%
*1420318+126268                            0.8919        0.8684             2.64%
 1420377 132671        0.8874   338        0.8919        0.8684 62997253    2.64%
*1421727+126449                            0.8918        0.8684             2.63%
 1442024 133868        cutoff              0.8918        0.8684 63768481    2.63%
 1466256 143005        0.8883   309        0.8918        0.8684 64438310    2.63%
 1483876 151744    infeasible              0.8918        0.8684 65263140    2.63%
*1492341+155998                            0.8899        0.8684             2.41%
*1492867+138953                            0.8898        0.8684             2.40%
*1493108+139098                            0.8898        0.8684             2.40%
*1493366+158480                            0.8896        0.8684             2.38%
 1494696 136974        0.8716   376        0.8896        0.8684 66050310    2.38%
*1498924+137475                            0.8895        0.8684             2.37%
*1500045+137631                            0.8893        0.8684             2.34%
 1522284 145786        cutoff              0.8893        0.8684 67227145    2.34%
Elapsed time = 1720.49 sec. (296009.58 ticks, tree = 479.11 MB, solutions = 584)
 1549342 150875        0.8812   316        0.8893        0.8685 67814936    2.34%
 1564995 160533        0.8854   368        0.8893        0.8687 68738075    2.31%
 1582276 167325        0.8812   383        0.8893        0.8692 69860242    2.26%
 1600991 171118        0.8818   465        0.8893        0.8695 70685653    2.23%
 1614345 174607        0.8828   351        0.8893        0.8695 71755243    2.23%
 1626250 179863    infeasible              0.8893        0.8695 72998714    2.23%
 1650437 188687        0.8796   354        0.8893        0.8695 74351419    2.23%
 1675658 191172        0.8892   321        0.8893        0.8695 74648576    2.23%
 1696035 206182        0.8884   247        0.8893        0.8695 75855078    2.23%
 1733161 220959        0.8876   458        0.8893        0.8696 76804069    2.21%
Elapsed time = 1909.02 sec. (334159.28 ticks, tree = 698.85 MB, solutions = 584)
 1774176 236042        0.8826   397        0.8893        0.8698 77526742    2.19%
 1798079 252060        0.8794   289        0.8893        0.8700 78180571    2.17%
 1837494 276272        0.8822   360        0.8893        0.8700 79065704    2.17%
 1872448 288319    infeasible              0.8893        0.8700 79644341    2.17%
*1880193+284924                            0.8891        0.8701             2.14%
 1890696 295496        cutoff              0.8891        0.8702 80440069    2.13%
 1921574 310409        0.8868   398        0.8891        0.8703 81590931    2.11%
 1961009 318304        0.8882   271        0.8891        0.8704 82028354    2.10%
 1981851 337723        cutoff              0.8891        0.8705 82825781    2.10%
*1994992+339787                            0.8891        0.8705             2.09%
*1996377+338666                            0.8879        0.8705             1.96%
*2000457+342788                            0.8878        0.8705             1.94%
 2002537 343694        0.8742   340        0.8878        0.8705 83054738    1.94%

Implied bound cuts applied:  6
Flow cuts applied:  75
Mixed integer rounding cuts applied:  91
Gomory fractional cuts applied:  15

Root node processing (before b&c):
  Real time             =    6.82 sec. (2366.64 ticks)
Parallel b&c, 32 threads:
  Real time             = 2068.55 sec. (366300.09 ticks)
  Sync time (average)   =  751.05 sec.
  Wait time (average)   =    5.19 sec.
                          ------------
Total (root+branch&cut) = 2075.37 sec. (368666.73 ticks)
Solution found
