Model: Diversity_model_3
 - number of variables: 2854
   - binary=270, integer=1, continuous=2583
 - number of constraints: 3215
   - linear=3215
 - parameters: defaults
CPXPARAM_Read_DataCheck                          1
CPXPARAM_RandomSeed                              201804051
CPXPARAM_MIP_Strategy_LBHeur                     1
CPXPARAM_TimeLimit                               86400
CPXPARAM_MIP_Tolerances_MIPGap                   0.02
Tried aggregator 2 times.
MIP Presolve eliminated 547 rows and 547 columns.
MIP Presolve modified 270 coefficients.
Aggregator did 540 substitutions.
Reduced MIP has 2128 rows, 1767 columns, and 7051 nonzeros.
Reduced MIP has 270 binaries, 0 generals, 540 SOSs, and 0 indicators.
Presolve time = 0.03 sec. (8.75 ticks)
Probing changed sense of 15 constraints.
Probing time = 0.03 sec. (2.67 ticks)
Tried aggregator 2 times.
MIP Presolve eliminated 15 rows and 0 columns.
Aggregator did 42 substitutions.
Reduced MIP has 2071 rows, 1725 columns, and 6922 nonzeros.
Reduced MIP has 255 binaries, 0 generals, 540 SOSs, and 0 indicators.
Presolve time = 0.09 sec. (7.27 ticks)
Probing changed sense of 4 constraints.
Probing time = 0.03 sec. (2.80 ticks)
Clique table members: 120.
MIP emphasis: balance optimality and feasibility.
MIP search method: dynamic search.
Parallel mode: deterministic, using up to 32 threads.
Root relaxation solution time = 0.30 sec. (35.68 ticks)

        Nodes                                         Cuts/
   Node  Left     Objective  IInf  Best Integer    Best Bound    ItCnt     Gap

      0     0        0.2619   211                      0.2619      720         
*     0+    0                            0.6095        0.2619            57.03%
      0     0        0.2619   192        0.6095      Cuts: 84     1213   57.03%
      0     0        0.2619   203        0.6095     Cuts: 129     1380   57.03%
*     0+    0                            0.3985        0.2619            34.28%
      0     0        0.2619   173        0.3985      Cuts: 71     1628   34.28%
      0     0        0.2619   168        0.3985      Cuts: 88     1716   34.28%
      0     0        0.2619   173        0.3985      Cuts: 79     1773   34.28%
*     0+    0                            0.3563        0.2619            26.50%
      0     2        0.2619    82        0.3563        0.2619     1773   26.50%
Elapsed time = 132.48 sec. (508.76 ticks, tree = 0.02 MB, solutions = 3)
*    85+    8                            0.3561        0.2619            26.46%
*   364+   73                            0.3411        0.2619            23.22%
*  3719  2630      integral     0        0.3202        0.2619    63917   18.20%
   3809  2757        cutoff              0.3202        0.2619    65411   18.20%
*  3812  2238      integral     0        0.3173        0.2619    65698   17.45%
   4241  1355        0.3373    77        0.3173        0.2619    47188   17.45%
*  5908+ 2365                            0.3141        0.2619            16.61%
*  6033+ 2365                            0.3082        0.2619            15.02%
*  7039+ 2365                            0.3076        0.2619            14.87%
*  7341+ 2461                            0.3075        0.2619            14.82%
*  7680+ 2479                            0.3074        0.2619            14.79%
   7726  4520        cutoff              0.3074        0.2619   116018   14.79%
*  7764  4542      integral     0        0.2931        0.2619   116534   10.64%
*  9186  2434      integral     0        0.2866        0.2619   131071    8.63%
  12722  3809        0.2706    96        0.2866        0.2619   185542    8.63%
* 15468+ 5474                            0.2853        0.2619             8.19%
  17950  6235        0.2711   114        0.2853        0.2619   266295    8.19%
  23138  7914        0.2796    76        0.2853        0.2619   313295    8.19%
  29455 10440        0.2806    57        0.2853        0.2619   399087    8.19%
* 36495+12557                            0.2851        0.2619             8.14%
  37137 13460    infeasible              0.2851        0.2619   477675    8.14%
* 37404+10754                            0.2850        0.2655             6.84%
  37404 10755        0.2619    60        0.2850        0.2655   539462    6.84%
* 37760+    5                            0.2846        0.2655             6.71%
* 37760+    5                            0.2842        0.2655             6.59%
* 38366+    3                            0.2842        0.2655             6.59%
* 39979+   20                            0.2839        0.2655             6.50%
  40221  1098        0.2824    61        0.2839        0.2655   592491    6.50%
Elapsed time = 623.26 sec. (4773.47 ticks, tree = 1.18 MB, solutions = 75)
* 57049  8417      integral     0        0.2839        0.2683   812823    5.49%
* 68184 14207      integral     0        0.2811        0.2702   933641    3.88%
* 82467 16212      integral     0        0.2810        0.2718  1080301    3.29%
* 82997 16890      integral     0        0.2793        0.2718  1101959    2.68%
* 95753 17168      integral     0        0.2767        0.2724  1245346    1.55%
  96187 17284        0.2769    68        0.2767        0.2724  1248193    1.55%
* 96380+15273                            0.2767        0.2724             1.54%
* 96386+14889                            0.2767        0.2724             1.54%
* 96386+15328                            0.2765        0.2724             1.50%

Implied bound cuts applied:  2
Flow cuts applied:  8
Gomory fractional cuts applied:  6

Root node processing (before b&c):
  Real time             =  117.63 sec. (509.57 ticks)
Parallel b&c, 32 threads:
  Real time             =  559.27 sec. (9366.46 ticks)
  Sync time (average)   =  313.82 sec.
  Wait time (average)   =    0.52 sec.
                          ------------
Total (root+branch&cut) =  676.89 sec. (9876.03 ticks)
Solution found
