Model: Diversity_model_3
 - number of variables: 11955
   - binary=9004, integer=2, continuous=2949
 - number of constraints: 28703
   - linear=28703
 - parameters: defaults
CPXPARAM_Read_DataCheck                          1
CPXPARAM_RandomSeed                              201804051
CPXPARAM_MIP_Strategy_LBHeur                     1
CPXPARAM_TimeLimit                               86400
CPXPARAM_MIP_Tolerances_MIPGap                   0.02
Tried aggregator 2 times.
MIP Presolve eliminated 587 rows and 584 columns.
MIP Presolve modified 384 coefficients.
Aggregator did 4887 substitutions.
Reduced MIP has 23229 rows, 6484 columns, and 61005 nonzeros.
Reduced MIP has 4694 binaries, 0 generals, 576 SOSs, and 0 indicators.
Presolve time = 0.15 sec. (113.58 ticks)
Probing changed sense of 48 constraints.
Probing time = 0.17 sec. (47.44 ticks)
Tried aggregator 2 times.
MIP Presolve eliminated 3245 rows and 348 columns.
Aggregator did 96 substitutions.
Reduced MIP has 19888 rows, 6040 columns, and 51774 nonzeros.
Reduced MIP has 4298 binaries, 0 generals, 576 SOSs, and 0 indicators.
Presolve time = 0.19 sec. (132.99 ticks)
Probing time = 0.20 sec. (40.13 ticks)
Clique table members: 31977.
MIP emphasis: balance optimality and feasibility.
MIP search method: dynamic search.
Parallel mode: deterministic, using up to 32 threads.
Root relaxation solution time = 13.77 sec. (255.72 ticks)

        Nodes                                         Cuts/
   Node  Left     Objective  IInf  Best Integer    Best Bound    ItCnt     Gap

      0     0        0.4643  2066                      0.4643     3898         
*     0+    0                            2.4538        0.4643            81.08%
      0     0        0.4798  1407        2.4538    Cuts: 3676     7569   80.45%
*     0+    0                            2.3606        0.4798            79.67%
      0     0        0.4838  1565        2.3606    Cuts: 2237     9765   79.51%
*     0+    0                            2.2475        0.4838            78.47%
      0     0        0.4853  1860        2.2475    Cuts: 1307    11119   78.41%
*     0+    0                            2.2406        0.4853            78.34%
*     0+    0                            1.5306        0.4853            68.30%
      0     0        0.4868  1744        1.5306    Cuts: 1622    12604   68.20%
      0     0        0.4884  1890        1.5306    Cuts: 1056    13792   68.09%
*     0+    0                            1.5295        0.4884            68.07%
*     0+    0                            1.5283        0.4884            68.05%
*     0+    0                            1.4887        0.4884            67.20%

Repeating presolve.
Tried aggregator 2 times.
MIP Presolve eliminated 13227 rows and 3383 columns.
Aggregator did 48 substitutions.
Reduced MIP has 6613 rows, 2609 columns, and 18988 nonzeros.
Reduced MIP has 915 binaries, 0 generals, 576 SOSs, and 0 indicators.
Presolve time = 0.10 sec. (40.99 ticks)
Probing time = 0.12 sec. (8.11 ticks)
Tried aggregator 1 time.
MIP Presolve eliminated 410 rows and 82 columns.
Reduced MIP has 6203 rows, 2527 columns, and 17922 nonzeros.
Reduced MIP has 833 binaries, 0 generals, 576 SOSs, and 0 indicators.
Presolve time = 0.04 sec. (19.00 ticks)
Probing time = 0.04 sec. (4.81 ticks)
Tried aggregator 1 time.
MIP Presolve eliminated 10 rows and 2 columns.
Reduced MIP has 6193 rows, 2525 columns, and 17896 nonzeros.
Reduced MIP has 831 binaries, 0 generals, 576 SOSs, and 0 indicators.
Presolve time = 0.04 sec. (21.46 ticks)
Represolve time = 0.54 sec. (281.54 ticks)
Probing time = 0.11 sec. (3.06 ticks)
Clique table members: 10193.
MIP emphasis: balance optimality and feasibility.
MIP search method: dynamic search.
Parallel mode: deterministic, using up to 32 threads.
Root relaxation solution time = 19.18 sec. (294.78 ticks)

        Nodes                                         Cuts/
   Node  Left     Objective  IInf  Best Integer    Best Bound    ItCnt     Gap

*     0+    0                            1.4887        0.4884            67.20%
      0     0        0.4891   606        1.4887        0.4891    18418   67.15%
*     0+    0                            1.4868        0.4891            67.10%
      0     0        0.4936   454        1.4868     Cuts: 545    20235   66.80%
      0     0        0.4951   445        1.4868     Cuts: 310    21584   66.70%
      0     0        0.4960   552        1.4868     Cuts: 327    22439   66.64%
      0     0        0.4962   491        1.4868     Cuts: 280    23165   66.63%
      0     0        0.4963   522        1.4868     Cuts: 284    23688   66.62%
      0     0        0.4963   549        1.4868     Cuts: 224    23991   66.62%
*     0+    0                            1.4760        0.4963            66.38%
      0     0        0.4963   425        1.4760      Cuts: 84    24284   66.38%
*     0+    0                            1.4662        0.4963            66.15%
      0     0        0.4963   466        1.4662     Cuts: 238    24705   66.15%
      0     2        0.4963   422        1.4662        0.4963    24705   66.15%
Elapsed time = 214.30 sec. (10981.70 ticks, tree = 0.02 MB, solutions = 11)
      1     3        0.5085   548        1.4662        0.4963    27118   66.15%
     11    11        0.5108   527        1.4662        0.4963    30574   66.15%
*    56+    8                            1.4644        0.4963            66.11%
    453   215        1.4081   452        1.4644        0.4963    65435   66.11%
   1620  1129        1.0879   330        1.4644        0.4963   148081   66.11%
   2641  1761        1.4575   246        1.4644        0.4963   205459   66.11%
   3135  2166        1.1760   269        1.4644        0.4963   237753   66.11%
   3949  2639        1.1800   441        1.4644        0.4963   277707   66.11%
   5169  3258        1.3254   295        1.4644        0.4963   329792   66.11%
   6468  4546        cutoff              1.4644        0.4963   430456   66.11%
*  9661+ 5881                            1.3058        0.4963            61.99%
   9741  7226        1.3547   205        1.3058        0.4963   618952   61.99%
Elapsed time = 251.67 sec. (14257.59 ticks, tree = 15.33 MB, solutions = 12)
* 10474+ 5881                            1.2989        0.4963            61.79%
* 10946+ 5881                            1.2641        0.4963            60.74%
  11446  5346        1.0222   448        1.2641        0.4963   749108   60.74%
* 12522+ 5881                            1.2616        0.4963            60.66%
  13476  6872        1.0005   506        1.2616        0.4963   862984   60.66%
* 14691+ 5881                            1.2581        0.4963            60.55%
  15507  7012        1.0540   443        1.2581        0.4963  1060888   60.55%
* 17044  6225      integral     0        1.2460        0.4963  1172283   60.17%
* 17743+ 5975                            1.1689        0.4963            57.54%
* 18488+ 6304                            1.1689        0.5256            55.03%
  18709  5220        1.1574   249        1.1689        0.5258  1374728   55.02%
  20351  6329        1.0723   426        1.1689        0.5383  1592992   53.95%
  22794  8017        cutoff              1.1689        0.5384  1876258   53.94%
* 23284+ 5753                            1.1661        0.5585            52.10%
  23284  5754        0.4963   421        1.1661        0.5585  1987680   52.10%
  23288  5757        0.4963   564        1.1661        0.5585  1991271   52.10%
  23332    29        0.9725   505        1.1661        0.5585  1995094   52.10%
Elapsed time = 312.36 sec. (27948.88 ticks, tree = 0.14 MB, solutions = 50)
  24523   622        1.0813   388        1.1661        0.5585  2122065   52.10%
  27846  2028        1.1270   492        1.1661        0.5585  2215635   52.10%
  31906  5601        cutoff              1.1661        0.9210  2408526   21.02%
  36157  9165        1.1321   328        1.1661        0.9763  2581318   16.27%
  42717 13994        1.1597   192        1.1661        0.9891  2765627   15.18%
* 46867 16840      integral     0        1.1617        0.9916  2867225   14.64%
* 49827+15661                            1.1610        0.9983            14.01%
  53155 18726        1.1065   307        1.1610        0.9984  3024557   14.00%
* 53495+19145                            1.1576        0.9994            13.67%
* 58549 21103      integral     0        1.1469        1.0046  3158353   12.41%
  59252 16129        1.0585   329        1.1469        1.0046  3196090   12.41%
* 59609+16412                            1.1441        1.0053            12.13%
* 60266+16151                            1.1378        1.0053            11.64%
* 60267+15115                            1.1306        1.0053            11.08%
* 60298+16118                            1.1301        1.0053            11.04%
* 60299+15086                            1.1290        1.0053            10.96%
* 60344+15203                            1.1280        1.0064            10.78%
* 60370+15203                            1.1272        1.0064            10.72%
  60513 10261        1.1084   252        1.1272        1.0084  3254081   10.54%
  67788 13177        1.1159   253        1.1272        1.0110  3382697   10.31%
Elapsed time = 385.65 sec. (37230.32 ticks, tree = 625.70 MB, solutions = 105)
  72904 16853        1.1082   205        1.1272        1.0123  3498777   10.19%
* 78670 20656      integral     0        1.1254        1.0143  3619916    9.87%
* 79532 21371      integral     0        1.1148        1.0148  3634640    8.97%
* 84772+18958                            1.1143        1.0148             8.93%
* 84858 18941      integral     0        1.1097        1.0148  3784390    8.55%
  85034 18548        1.1059   293        1.1097        1.0148  3768383    8.55%
* 86898+18052                            1.1096        1.0148             8.54%
  90867 20509        1.0955    61        1.1096        1.0149  3920727    8.54%
* 96189+22297                            1.0957        1.0189             7.01%
  97899 24336        1.0220   378        1.0957        1.0192  4071438    6.98%
*100852 20094      integral     0        1.0895        1.0196  4170641    6.42%
*104085+17849                            1.0849        1.0198             6.00%
 104676 18193        1.0800    36        1.0849        1.0201  4258468    5.97%
*106840+18408                            1.0848        1.0204             5.93%
*108598+19194                            1.0845        1.0204             5.91%
 111803 21736        1.0518   268        1.0845        1.0211  4387378    5.84%
*115909+23011                            1.0842        1.0215             5.78%
 119210 24945        1.0540   257        1.0842        1.0224  4496117    5.70%
 125976 31144        1.0725   300        1.0842        1.0231  4729330    5.63%
*127697+31594                            1.0838        1.0234             5.57%
*129211+31414                            1.0816        1.0235             5.37%
 132460 32985        1.0277   364        1.0816        1.0243  4842045    5.30%
Elapsed time = 484.15 sec. (46537.74 ticks, tree = 1633.47 MB, solutions = 122)
 139634 37813        1.0529   403        1.0816        1.0251  5002748    5.23%
 146192 41186        1.0807   412        1.0816        1.0258  5111946    5.16%
 150335 43713        1.0713   347        1.0816        1.0258  5205512    5.16%
 153482 45575        1.0808   303        1.0816        1.0258  5265188    5.16%
 156979 48558        1.0349   338        1.0816        1.0258  5368349    5.16%
 159722 49804        cutoff              1.0816        1.0258  5406729    5.16%
 163302 51842        1.0779   278        1.0816        1.0258  5491442    5.16%
 165956 55182        cutoff              1.0816        1.0259  5613079    5.15%
 169987 58144        1.0602   205        1.0816        1.0275  5729640    5.01%
 173806 60887    infeasible              1.0816        1.0286  5860120    4.90%
Elapsed time = 620.57 sec. (56077.00 ticks, tree = 3136.55 MB, solutions = 122)
Nodefile size = 1082.71 MB (960.43 MB after compression)
 179020 62345        1.0698   165        1.0816        1.0288  5914502    4.88%
*179497 62966      integral     0        1.0805        1.0288  5940311    4.78%
 183628 64497        1.0483   340        1.0805        1.0288  5989718    4.78%
 190713 69634        1.0785   230        1.0805        1.0305  6176128    4.63%
*192028+68713                            1.0802        1.0305             4.60%
 198964 71721        cutoff              1.0802        1.0308  6332681    4.58%
 207890 80821        1.0787   177        1.0802        1.0313  6693288    4.52%
 214634 83412        1.0749   190        1.0802        1.0321  6822064    4.46%
*216925 85491      integral     0        1.0776        1.0322  6959605    4.21%
*220424+81204                            1.0776        1.0324             4.19%
*220622+82350                            1.0728        1.0324             3.77%
*220791+81826                            1.0728        1.0324             3.77%
*222845+71562                            1.0724        1.0325             3.72%
*224942+72061                            1.0717        1.0326             3.65%
*225322+71834                            1.0708        1.0326             3.57%
 225359 72070        1.0565   171        1.0708        1.0326  7188967    3.57%
*225405+71950                            1.0708        1.0326             3.57%
*225547+71223                            1.0708        1.0326             3.57%
*225907 68877      integral     0        1.0695        1.0326  7289589    3.45%
*229110+65594                            1.0683        1.0328             3.32%
 232964 63613        1.0545   214        1.0683        1.0330  7373348    3.30%
Elapsed time = 717.30 sec. (64027.85 ticks, tree = 2263.96 MB, solutions = 135)
Nodefile size = 211.85 MB (186.90 MB after compression)
 239673 68634    infeasible              1.0683        1.0334  7639091    3.27%
*241321 70058      integral     0        1.0677        1.0335  7712814    3.20%
*247986+69797                            1.0666        1.0338             3.08%
*248534+71451                            1.0666        1.0338             3.08%
 248853 70917        1.0600   309        1.0666        1.0340  8019480    3.06%
*255312+72329                            1.0663        1.0340             3.02%
 258078 73505        cutoff              1.0663        1.0340  8143592    3.02%
*258242+73807                            1.0663        1.0341             3.02%
*259107+74434                            1.0663        1.0343             3.00%
 266151 79320        1.0498   332        1.0663        1.0345  8463547    2.98%
*267125+81518                            1.0662        1.0348             2.95%
 274169 82640        1.0589   253        1.0662        1.0350  8648605    2.92%
*275269+81381                            1.0661        1.0350             2.91%
*283244+87392                            1.0657        1.0354             2.84%
 284808 88193        1.0557   255        1.0657        1.0356  8923060    2.82%
 295077 92046        1.0479   430        1.0657        1.0359  9163068    2.79%
 303290 98624        1.0606   107        1.0657        1.0363  9423039    2.76%
*307191+100783                            1.0654        1.0365             2.71%
 310094 103141        1.0563   162        1.0654        1.0366  9715367    2.70%
 319442 107542        1.0500   113        1.0654        1.0371  9894805    2.66%
Elapsed time = 806.01 sec. (73565.47 ticks, tree = 2025.33 MB, solutions = 143)
 328702 112842        1.0577   208        1.0654        1.0373 10085645    2.64%
 335975 120379        cutoff              1.0654        1.0375 10442685    2.61%
 347216 124776        1.0537   367        1.0654        1.0378 10611380    2.59%
 358704 130554        1.0422   175        1.0654        1.0380 10823657    2.57%
 368547 141188        1.0447   307        1.0654        1.0383 11249018    2.55%
 377604 143898        1.0423   272        1.0654        1.0385 11400394    2.52%
 389069 154025        1.0484   360        1.0654        1.0388 11809685    2.50%
 399048 160316        1.0574   200        1.0654        1.0389 12066254    2.48%
 406144 164615        1.0582   237        1.0654        1.0392 12264528    2.46%
 417085 171427        1.0556   192        1.0654        1.0394 12577396    2.44%
Elapsed time = 897.16 sec. (83103.39 ticks, tree = 2128.00 MB, solutions = 143)
Nodefile size = 78.53 MB (67.52 MB after compression)
 427355 175836        1.0540   356        1.0654        1.0395 12778323    2.43%
 434326 183015        cutoff              1.0654        1.0397 13099414    2.41%
 444380 189059        1.0600   216        1.0654        1.0399 13410609    2.39%
 455422 193213        1.0514   357        1.0654        1.0400 13603815    2.38%
 462274 202118        1.0436   305        1.0654        1.0402 14039255    2.36%
 472763 204767        1.0646   230        1.0654        1.0404 14187626    2.35%
 482880 212885        1.0573   323        1.0654        1.0405 14555154    2.33%
 489937 218151        1.0642   202        1.0654        1.0406 14807996    2.32%
 499812 225030        1.0522   198        1.0654        1.0408 15168377    2.31%
 510173 229717        1.0456   186        1.0654        1.0409 15385244    2.30%
Elapsed time = 966.12 sec. (92641.16 ticks, tree = 2235.88 MB, solutions = 143)
Nodefile size = 186.41 MB (156.29 MB after compression)
 519366 238375        1.0445   366        1.0654        1.0410 15808342    2.28%
 527767 241320        1.0647   155        1.0654        1.0412 16003683    2.27%
 538945 249042        1.0612   115        1.0654        1.0413 16339662    2.26%
 547579 253139        1.0593   301        1.0654        1.0414 16549157    2.25%
 555814 261594        1.0597   229        1.0654        1.0416 17014015    2.23%
 566903 266924        cutoff              1.0654        1.0417 17269335    2.22%
 578012 271878        cutoff              1.0654        1.0418 17514185    2.21%
 587935 279257        1.0612    77        1.0654        1.0419 17867255    2.20%
 596412 285527        1.0649   228        1.0654        1.0421 18181825    2.19%
 637078 308814        1.0489   211        1.0654        1.0426 19326345    2.14%
Elapsed time = 1047.23 sec. (105039.78 ticks, tree = 2391.02 MB, solutions = 143)
Nodefile size = 342.50 MB (277.91 MB after compression)
 679081 335228        1.0484   426        1.0654        1.0430 20520971    2.10%
 721268 361937        1.0589   139        1.0654        1.0434 21684115    2.07%
 764229 388967        1.0637   241        1.0654        1.0437 22920440    2.03%

Clique cuts applied:  465
Implied bound cuts applied:  34
Flow cuts applied:  56
Mixed integer rounding cuts applied:  446
Zero-half cuts applied:  27
Lift and project cuts applied:  10
Gomory fractional cuts applied:  33

Root node processing (before b&c):
  Real time             =  210.80 sec. (10985.48 ticks)
Parallel b&c, 32 threads:
  Real time             =  966.01 sec. (107458.11 ticks)
  Sync time (average)   =  544.02 sec.
  Wait time (average)   =    2.91 sec.
                          ------------
Total (root+branch&cut) = 1176.81 sec. (118443.59 ticks)
Solution found
