Model: Diversity_model_3
 - number of variables: 559
   - binary=104, integer=1, continuous=454
 - number of constraints: 895
   - linear=895
 - parameters: defaults
CPXPARAM_Read_DataCheck                          1
CPXPARAM_RandomSeed                              201804051
CPXPARAM_MIP_Strategy_LBHeur                     1
CPXPARAM_TimeLimit                               86400
CPXPARAM_MIP_Tolerances_MIPGap                   0.02
Tried aggregator 3 times.
MIP Presolve eliminated 86 rows and 59 columns.
MIP Presolve modified 364 coefficients.
Aggregator did 79 substitutions.
Reduced MIP has 730 rows, 421 columns, and 1875 nonzeros.
Reduced MIP has 78 binaries, 0 generals, 52 SOSs, and 0 indicators.
Presolve time = 0.01 sec. (3.67 ticks)
Probing fixed 0 vars, tightened 78 bounds.
Probing time = 0.00 sec. (1.71 ticks)
Tried aggregator 2 times.
MIP Presolve modified 52 coefficients.
Aggregator did 26 substitutions.
Reduced MIP has 704 rows, 395 columns, and 1823 nonzeros.
Reduced MIP has 78 binaries, 0 generals, 52 SOSs, and 0 indicators.
Presolve time = 0.01 sec. (1.95 ticks)
Probing time = 0.00 sec. (1.59 ticks)
Clique table members: 78.
MIP emphasis: balance optimality and feasibility.
MIP search method: dynamic search.
Parallel mode: deterministic, using up to 32 threads.
Root relaxation solution time = 0.00 sec. (3.05 ticks)

        Nodes                                         Cuts/
   Node  Left     Objective  IInf  Best Integer    Best Bound    ItCnt     Gap

      0     0        0.2322    65                      0.2322      228         
*     0+    0                            0.5367        0.2322            56.73%
      0     0        0.2383    54        0.5367      Cuts: 81      556   55.60%
*     0+    0                            0.4781        0.2383            50.15%
      0     0        0.2577    55        0.4781     Cuts: 101      651   46.10%
*     0+    0                            0.4187        0.2577            38.45%
      0     0        0.2650    54        0.4187      Cuts: 51      683   36.70%
*     0+    0                            0.4130        0.2650            35.82%
      0     0        0.2664    54        0.4130       Cuts: 7      688   35.50%
      0     0        0.2664    54        0.4130       Cuts: 3      690   35.50%
*     0+    0                            0.3630        0.2664            26.61%

Implied bound cuts applied:  7
Flow cuts applied:  51
Mixed integer rounding cuts applied:  44
Lift and project cuts applied:  10
Gomory fractional cuts applied:  32

Root node processing (before b&c):
  Real time             =  315.93 sec. (76.94 ticks)
Parallel b&c, 32 threads:
  Real time             =    0.00 sec. (0.00 ticks)
  Sync time (average)   =    0.00 sec.
  Wait time (average)   =    0.00 sec.
                          ------------
Total (root+branch&cut) =  315.93 sec. (76.94 ticks)
Solution found
