Model: Diversity_model_3
 - number of variables: 227
   - binary=48, integer=1, continuous=178
 - number of constraints: 441
   - linear=441
 - parameters: defaults
CPXPARAM_Read_DataCheck                          1
CPXPARAM_RandomSeed                              201804051
CPXPARAM_MIP_Strategy_LBHeur                     1
CPXPARAM_TimeLimit                               86400
CPXPARAM_MIP_Tolerances_MIPGap                   0.02
Tried aggregator 3 times.
MIP Presolve eliminated 320 rows and 106 columns.
MIP Presolve modified 240 coefficients.
Aggregator did 121 substitutions.
All rows and columns eliminated.
Presolve time = 0.00 sec. (0.84 ticks)

Root node processing (before b&c):
  Real time             =    0.00 sec. (0.88 ticks)
Parallel b&c, 32 threads:
  Real time             =    0.00 sec. (0.00 ticks)
  Sync time (average)   =    0.00 sec.
  Wait time (average)   =    0.00 sec.
                          ------------
Total (root+branch&cut) =    0.00 sec. (0.88 ticks)
Solution found
