Model: Diversity_model_3
 - number of variables: 1459
   - binary=1004, integer=2, continuous=453
 - number of constraints: 2963
   - linear=2963
 - parameters: defaults
CPXPARAM_Read_DataCheck                          1
CPXPARAM_RandomSeed                              201804051
CPXPARAM_MIP_Strategy_LBHeur                     1
CPXPARAM_TimeLimit                               86400
CPXPARAM_MIP_Tolerances_MIPGap                   0.02
Tried aggregator 3 times.
MIP Presolve eliminated 88 rows and 61 columns.
MIP Presolve modified 312 coefficients.
Aggregator did 530 substitutions.
Reduced MIP has 2345 rows, 868 columns, and 5924 nonzeros.
Reduced MIP has 528 binaries, 0 generals, 52 SOSs, and 0 indicators.
Presolve time = 0.03 sec. (12.39 ticks)
Probing fixed 0 vars, tightened 78 bounds.
Probing time = 0.04 sec. (16.66 ticks)
Tried aggregator 2 times.
MIP Presolve eliminated 244 rows and 32 columns.
MIP Presolve modified 72 coefficients.
Aggregator did 26 substitutions.
Reduced MIP has 2075 rows, 810 columns, and 5204 nonzeros.
Reduced MIP has 496 binaries, 0 generals, 52 SOSs, and 0 indicators.
Presolve time = 0.02 sec. (9.86 ticks)
Probing time = 0.03 sec. (14.93 ticks)
Clique table members: 3520.
MIP emphasis: balance optimality and feasibility.
MIP search method: dynamic search.
Parallel mode: deterministic, using up to 32 threads.
Root relaxation solution time = 0.05 sec. (23.01 ticks)

        Nodes                                         Cuts/
   Node  Left     Objective  IInf  Best Integer    Best Bound    ItCnt     Gap

      0     0        1.0244   366                      1.0244      956         
*     0+    0                            2.1892        1.0244            53.21%
*     0+    0                            1.3476        1.0244            23.98%
      0     0        1.0957   116        1.3476     Cuts: 618     1275    9.85%
      0     0        1.1688    94        1.3476     Cuts: 208     1462    9.85%
*     0+    0                            1.3288        1.2149             8.57%

Repeating presolve.
Tried aggregator 2 times.
MIP Presolve eliminated 1460 rows and 424 columns.
MIP Presolve modified 104 coefficients.
Aggregator did 67 substitutions.
Reduced MIP has 548 rows, 319 columns, and 1475 nonzeros.
Reduced MIP has 83 binaries, 0 generals, 52 SOSs, and 0 indicators.
Presolve time = 0.01 sec. (4.93 ticks)
Probing fixed 21 vars, tightened 71 bounds.
Probing changed sense of 24 constraints.
Probing time = 0.00 sec. (1.85 ticks)
Cover probing fixed 0 vars, tightened 45 bounds.
MIP Presolve eliminated 6 redundant SOS constraints.
Tried aggregator 2 times.
MIP Presolve eliminated 121 rows and 37 columns.
MIP Presolve modified 115 coefficients.
Aggregator did 29 substitutions.
Reduced MIP has 398 rows, 253 columns, and 968 nonzeros.
Reduced MIP has 38 binaries, 0 generals, 46 SOSs, and 0 indicators.
Presolve time = 0.00 sec. (1.44 ticks)
Probing time = 0.00 sec. (0.65 ticks)
Tried aggregator 1 time.
MIP Presolve eliminated 6 rows and 3 columns.
MIP Presolve modified 133 coefficients.
Reduced MIP has 392 rows, 250 columns, and 953 nonzeros.
Reduced MIP has 38 binaries, 0 generals, 46 SOSs, and 0 indicators.
Presolve time = 0.00 sec. (1.17 ticks)
Represolve time = 0.02 sec. (14.23 ticks)
Probing time = 0.00 sec. (0.58 ticks)
Clique table members: 89.
MIP emphasis: balance optimality and feasibility.
MIP search method: dynamic search.
Parallel mode: deterministic, using up to 32 threads.
Root relaxation solution time = 0.00 sec. (2.49 ticks)

        Nodes                                         Cuts/
   Node  Left     Objective  IInf  Best Integer    Best Bound    ItCnt     Gap

*     0+    0                            1.3288        1.2582             5.31%
      0     0        1.1988    33        1.3288        1.2582     1677    5.31%
      0     0        1.2672    30        1.3288      Cuts: 94     1756    4.64%
      0     0        1.2684    32        1.3288      Cuts: 89     1802    4.55%
      0     0        1.2720    32        1.3288      Cuts: 36     1837    4.27%
      0     0        1.2742    32        1.3288      Cuts: 20     1847    4.11%
      0     0        1.2756    33        1.3288      Cuts: 26     1873    4.00%
      0     0        1.2760    32        1.3288       Cuts: 6     1879    3.98%
      0     0        1.2765    33        1.3288    MIRcuts: 5     1883    3.94%

Clique cuts applied:  8
Implied bound cuts applied:  4
Flow cuts applied:  25
Mixed integer rounding cuts applied:  64
Zero-half cuts applied:  5
Lift and project cuts applied:  7
Gomory fractional cuts applied:  21

Root node processing (before b&c):
  Real time             =  285.45 sec. (284.49 ticks)
Parallel b&c, 32 threads:
  Real time             =    0.00 sec. (0.00 ticks)
  Sync time (average)   =    0.00 sec.
  Wait time (average)   =    0.00 sec.
                          ------------
Total (root+branch&cut) =  285.45 sec. (284.49 ticks)
Solution found
