Model: Diversity_model_3
 - number of variables: 3345
   - binary=384, integer=1, continuous=2960
 - number of constraints: 5589
   - linear=5589
 - parameters: defaults
CPXPARAM_Read_DataCheck                          1
CPXPARAM_RandomSeed                              201804051
CPXPARAM_MIP_Strategy_LBHeur                     1
CPXPARAM_TimeLimit                               86400
CPXPARAM_MIP_Tolerances_MIPGap                   0.02
Tried aggregator 2 times.
MIP Presolve eliminated 583 rows and 583 columns.
MIP Presolve modified 384 coefficients.
Aggregator did 576 substitutions.
Reduced MIP has 4430 rows, 2186 columns, and 12085 nonzeros.
Reduced MIP has 384 binaries, 0 generals, 576 SOSs, and 0 indicators.
Presolve time = 0.07 sec. (14.13 ticks)
Probing changed sense of 45 constraints.
Probing time = 0.33 sec. (4.41 ticks)
Tried aggregator 2 times.
MIP Presolve eliminated 45 rows and 0 columns.
Aggregator did 93 substitutions.
Reduced MIP has 4292 rows, 2093 columns, and 11764 nonzeros.
Reduced MIP has 339 binaries, 0 generals, 576 SOSs, and 0 indicators.
Presolve time = 0.08 sec. (12.60 ticks)
Probing changed sense of 3 constraints.
Probing time = 0.44 sec. (3.79 ticks)
Clique table members: 147.
MIP emphasis: balance optimality and feasibility.
MIP search method: dynamic search.
Parallel mode: deterministic, using up to 32 threads.
Root relaxation solution time = 0.83 sec. (77.99 ticks)

        Nodes                                         Cuts/
   Node  Left     Objective  IInf  Best Integer    Best Bound    ItCnt     Gap

      0     0        0.0000   289                      0.0000     1072         
*     0+    0                            1.8276        0.0000           100.00%
      0     0        0.0000   336        1.8276     Cuts: 200     2159  100.00%
*     0+    0                            1.5992        0.0000           100.00%
      0     0        0.0000   302        1.5992     Cuts: 192     2425  100.00%
      0     0        0.0000   299        1.5992     Cuts: 312     2692  100.00%
      0     0        0.0000   299        1.5992     Cuts: 285     2920  100.00%
*     0+    0                            0.5995        0.0000           100.00%
      0     2        0.0000   286        0.5995        0.0000     2920  100.00%
Elapsed time = 22.44 sec. (1172.54 ticks, tree = 0.02 MB, solutions = 3)
    676   361        0.5173   250        0.5995        0.0000    41498  100.00%
   2076   814        cutoff              0.5995        0.0000   108532  100.00%
   3180  1157        0.2523   240        0.5995        0.0000   147668  100.00%
   4701  1644        0.5374   181        0.5995        0.0000   178709  100.00%
   7272  3743        0.5730   167        0.5995        0.0000   271491  100.00%
*  9896  5846      integral     0        0.5918        0.0000   326859  100.00%
* 10910+ 6351                            0.4896        0.0000           100.00%
* 11124  3647      integral     0        0.4785        0.0000   359386  100.00%
* 11176  3500      integral     0        0.4767        0.0000   359391  100.00%
  13278  4831        0.4557    89        0.4767        0.0000   410219  100.00%
* 14360  5325      integral     0        0.4524        0.0000   418902  100.00%
* 14623  5461      integral     0        0.4156        0.0000   421622  100.00%
Elapsed time = 149.26 sec. (3099.58 ticks, tree = 21.54 MB, solutions = 8)
* 14672  4202      integral     0        0.4152        0.0000   427571  100.00%
* 15023+ 4402                            0.4073        0.0000           100.00%
* 15162+ 4268                            0.4039        0.0000           100.00%
  25173 10041        0.3701   176        0.4039        0.0000   575858  100.00%
* 25386 10569      integral     0        0.3907        0.0000   582061  100.00%
* 30762+ 4769                            0.3900        0.0000           100.00%
* 33775 14134      integral     0        0.3762        0.0000   691913  100.00%
* 33866 10996      integral     0        0.3759        0.0000   703233  100.00%
* 35377 14070      integral     0        0.3665        0.0000   688886  100.00%
* 39716  9596      integral     0        0.3656        0.0000   729149  100.00%
* 45259+ 9897                            0.3601        0.0537            85.09%
* 45259+ 6597                            0.3582        0.0537            85.01%
* 45259+ 4397                            0.3544        0.0537            84.85%
  45259  4398        0.0000   185        0.3544        0.1203   903567   66.06%
  47558   933        0.3543   155        0.3544        0.1203  1024648   66.06%
* 48513+  951                            0.3543        0.1203            66.04%
* 48513+  936                            0.3519        0.1203            65.81%
* 48513+  955                            0.3519        0.1203            65.81%
* 48513+  937                            0.3499        0.1203            65.61%
* 48529+ 1006                            0.3493        0.1203            65.56%
* 48540+  943                            0.3492        0.1203            65.55%
* 48715+ 1222                            0.3486        0.1203            65.49%
* 48715+ 1313                            0.3484        0.1203            65.47%
  50448  1836        0.1897   180        0.3484        0.1203  1101848   65.47%
Elapsed time = 408.71 sec. (13069.26 ticks, tree = 1.72 MB, solutions = 114)
  62658  7372        0.3073   170        0.3484        0.2482  1439590   28.75%
  76145 12915        cutoff              0.3484        0.2626  1739030   24.61%
* 81572+14395                            0.3443        0.2725            20.85%
* 81828+14377                            0.3425        0.2725            20.42%
* 81896+14681                            0.3345        0.2725            18.52%
* 82089+15782                            0.3272        0.2725            16.72%
  82115 15004        cutoff              0.3272        0.2725  1834700   16.72%
* 82548+14483                            0.3265        0.2725            16.54%
* 82627+15782                            0.3253        0.2725            16.23%
  91158 11073        0.3249   104        0.3253        0.2746  1932348   15.59%
 111902 19968        0.3250    96        0.3253        0.2918  2095257   10.31%
*115731 24154      integral     0        0.3248        0.2923  2164231   10.01%
 138805 36809        0.3102    69        0.3248        0.2943  2393033    9.39%
*141391+37112                            0.3247        0.2944             9.35%
*141393+37354                            0.3246        0.2947             9.22%
*141408+37227                            0.3245        0.2947             9.17%
*142897+39408                            0.3245        0.2947             9.17%
 154275 41616        0.2987    88        0.3245        0.2951  2487077    9.04%
 177171 54515        cutoff              0.3245        0.2962  2706143    8.71%
 198968 69202        0.3200    62        0.3245        0.2969  2960646    8.50%
Elapsed time = 455.00 sec. (21802.53 ticks, tree = 173.65 MB, solutions = 220)
 225587 79942        0.2989   122        0.3245        0.2975  3157744    8.30%
 247913 93221        0.3167    67        0.3245        0.2982  3402402    8.11%
 273202 106104        cutoff              0.3245        0.2987  3639561    7.93%
*276750+104649                            0.3209        0.2988             6.91%
 278703 109350        0.3144    84        0.3209        0.2988  3698809    6.90%
*280561+86673                            0.3208        0.2988             6.85%
 293961 89037        0.3010   105        0.3208        0.2991  3773902    6.74%
 313146 98527        0.3080    72        0.3208        0.2994  3953062    6.67%
 339592 111932        0.3150    82        0.3208        0.2998  4190811    6.54%
 360259 123077        0.3153    79        0.3208        0.3002  4394854    6.42%
 387044 134017        0.3126   104        0.3208        0.3004  4598330    6.34%
 413743 142958        0.3017   109        0.3208        0.3007  4772714    6.25%
Elapsed time = 504.08 sec. (31339.74 ticks, tree = 387.90 MB, solutions = 227)
 435204 152549        0.3203    89        0.3208        0.3010  4961218    6.17%
 461912 164949        0.3168   107        0.3208        0.3012  5203360    6.10%
 482550 175630        0.3144    89        0.3208        0.3015  5419211    6.02%
 508820 183877        cutoff              0.3208        0.3017  5586121    5.96%
 534265 196822        cutoff              0.3208        0.3019  5852183    5.89%
 555666 205221        cutoff              0.3208        0.3021  6040969    5.82%
 581362 216445        cutoff              0.3208        0.3023  6254394    5.77%
*582937+215979                            0.3207        0.3023             5.74%
 585981 218036        0.3170    95        0.3207        0.3023  6305212    5.73%
 604228 224248        0.3153    84        0.3207        0.3025  6435381    5.69%
 621507 232631        0.3037   126        0.3207        0.3026  6603417    5.65%
Elapsed time = 549.09 sec. (40876.89 ticks, tree = 619.85 MB, solutions = 228)
 647941 240738        0.3169    85        0.3207        0.3028  6772205    5.59%
 673554 250517        0.3188    61        0.3207        0.3029  6966395    5.55%
 693892 258313        0.3036   151        0.3207        0.3031  7132403    5.50%
 720048 271304        0.3187    63        0.3207        0.3032  7392676    5.46%
 741723 280913        0.3144    65        0.3207        0.3033  7582808    5.41%
 767123 287412    infeasible              0.3207        0.3035  7714861    5.37%
 793077 298700        0.3207    91        0.3207        0.3036  7944116    5.33%
 813335 308554        0.3141    99        0.3207        0.3037  8148802    5.30%
 838625 317525        0.3165    81        0.3207        0.3038  8340643    5.26%
 865923 326868        cutoff              0.3207        0.3039  8524422    5.23%
Elapsed time = 594.16 sec. (50414.08 ticks, tree = 863.00 MB, solutions = 228)
 884468 335144        0.3052   108        0.3207        0.3040  8707760    5.19%
 911693 345096        0.3109   108        0.3207        0.3041  8908260    5.16%
 927102 355116        0.3198    75        0.3207        0.3042  9116524    5.15%
 942532 359285        0.3108   117        0.3207        0.3043  9202015    5.12%
 962362 367716        cutoff              0.3207        0.3043  9374134    5.10%
 987754 377187        0.3205    92        0.3207        0.3045  9579799    5.07%
 1014881 388594        cutoff              0.3207        0.3045  9792025    5.04%
 1033391 396460        0.3068   122        0.3207        0.3046  9958730    5.01%
 1061495 405842        0.3190    71        0.3207        0.3047 10143427    4.99%
 1079975 416548        0.3069   112        0.3207        0.3048 10334993    4.97%
Elapsed time = 640.18 sec. (59951.61 ticks, tree = 1099.00 MB, solutions = 228)
 1107920 427498        0.3055   144        0.3207        0.3049 10533378    4.94%
 1133512 435681        cutoff              0.3207        0.3049 10679648    4.92%
 1153323 448337        0.3154    87        0.3207        0.3050 10913169    4.90%
 1180064 455649    infeasible              0.3207        0.3050 11059658    4.88%
 1206276 470887    infeasible              0.3207        0.3051 11326874    4.86%
 1226428 479238    infeasible              0.3207        0.3052 11489657    4.84%
 1251856 489233        0.3090   111        0.3207        0.3052 11679476    4.82%
 1278478 499457        0.3154    80        0.3207        0.3053 11869335    4.80%
 1285483 504592        cutoff              0.3207        0.3053 11962426    4.80%
 1308751 511315        0.3067    86        0.3207        0.3054 12094771    4.78%
Elapsed time = 672.69 sec. (69488.90 ticks, tree = 1344.29 MB, solutions = 228)
 1328550 522917    infeasible              0.3207        0.3054 12303038    4.76%
 1353666 529685    infeasible              0.3207        0.3055 12440312    4.74%
 1380891 540169        0.3169    79        0.3207        0.3055 12627127    4.73%
 1398629 551379        cutoff              0.3207        0.3056 12847818    4.71%
 1426337 562723        0.3145    95        0.3207        0.3057 13056026    4.69%
 1450266 570811        cutoff              0.3207        0.3057 13199135    4.68%
 1470233 580684        0.3063   100        0.3207        0.3057 13393039    4.66%
 1498013 593050        0.3138   117        0.3207        0.3058 13628016    4.65%
 1519183 600447        0.3062    85        0.3207        0.3058 13766772    4.64%
 1540512 605927        0.3072   146        0.3207        0.3059 13896300    4.62%
Elapsed time = 699.67 sec. (79026.00 ticks, tree = 1586.24 MB, solutions = 228)
 1568256 618354        0.3102   102        0.3207        0.3059 14132335    4.60%
 1585093 628463        0.3198   123        0.3207        0.3060 14323813    4.59%
 1612790 635366        0.3193    99        0.3207        0.3060 14460849    4.57%
 1639137 650082        0.3080    65        0.3207        0.3061 14734210    4.56%
 1657812 656726        0.3168    95        0.3207        0.3061 14866265    4.55%
 1675846 667197        0.3192    37        0.3207        0.3062 15070755    4.53%
 1695293 671428        0.3086   103        0.3207        0.3062 15147802    4.52%
 1721510 682141        0.3072   109        0.3207        0.3062 15344830    4.52%
 1739753 690233        0.3068    90        0.3207        0.3063 15503710    4.50%
 1844031 733861        cutoff              0.3207        0.3064 16298718    4.45%
Elapsed time = 733.65 sec. (91424.51 ticks, tree = 1916.64 MB, solutions = 228)
 1946849 778767        cutoff              0.3207        0.3066 17138838    4.40%
 2044279 817910        0.3179    71        0.3207        0.3067 17877392    4.36%
 2138259 857579        0.3206    63        0.3207        0.3068 18637160    4.32%
 2219660 886086        0.3104    93        0.3207        0.3069 19186326    4.29%
 2314135 924282        0.3197    66        0.3207        0.3071 19923957    4.25%
 2408089 963774        0.3175    90        0.3207        0.3072 20683841    4.21%
 2504733 1002653        0.3198    54        0.3207        0.3073 21447880    4.17%
 2588805 1036580        0.3180    58        0.3207        0.3074 22126206    4.14%
 2680422 1068285        0.3121   138        0.3207        0.3075 22738076    4.12%
 2775872 1104047        0.3180    82        0.3207        0.3076 23443430    4.09%
Elapsed time = 963.41 sec. (129571.85 ticks, tree = 2847.04 MB, solutions = 228)
Nodefile size = 798.85 MB (344.89 MB after compression)
 2872366 1142316        0.3109    92        0.3207        0.3077 24205821    4.06%
 2970962 1183731        0.3138    78        0.3207        0.3078 24999957    4.03%
 3075220 1217195        0.3094   130        0.3207        0.3078 25650400    4.01%
 3158872 1250153        0.3104    96        0.3207        0.3079 26285273    3.98%
 3257870 1290954        cutoff              0.3207        0.3080 27059373    3.96%
 3353572 1325274        0.3086   106        0.3207        0.3081 27721592    3.93%
 3448774 1363276        cutoff              0.3207        0.3082 28449962    3.91%
 3541651 1407504        0.3117   100        0.3207        0.3082 29246772    3.89%
 3637550 1441503        0.3185    78        0.3207        0.3083 29886054    3.87%
 3738096 1474800        cutoff              0.3207        0.3083 30510969    3.85%
Elapsed time = 1225.03 sec. (167719.46 ticks, tree = 3779.42 MB, solutions = 228)
Nodefile size = 1730.53 MB (736.48 MB after compression)
 3833743 1511392        cutoff              0.3207        0.3084 31196445    3.83%
 3928847 1553073        0.3199    89        0.3207        0.3085 31994774    3.81%
 4025109 1591210        cutoff              0.3207        0.3085 32725171    3.79%
 4118533 1619599    infeasible              0.3207        0.3086 33289747    3.77%
 4212268 1655475        0.3117   104        0.3207        0.3087 34004822    3.75%
 4316738 1699971        0.3192   113        0.3207        0.3087 34829389    3.73%
 4418932 1735614        0.3173    41        0.3207        0.3088 35526149    3.71%
 4514919 1768500        0.3118   128        0.3207        0.3089 36177425    3.69%
 4601665 1798836        cutoff              0.3207        0.3089 36762680    3.67%
 4694659 1837229        0.3106    93        0.3207        0.3090 37505440    3.66%
Elapsed time = 1481.59 sec. (205866.83 ticks, tree = 4705.32 MB, solutions = 228)
Nodefile size = 2656.27 MB (1121.65 MB after compression)
 4789851 1871369        0.3135   126        0.3207        0.3090 38169896    3.64%
 4901022 1907707        cutoff              0.3207        0.3091 38914416    3.62%
 4993130 1941819        0.3172    93        0.3207        0.3091 39604022    3.61%
 5096680 1974315        0.3187    61        0.3207        0.3092 40249311    3.59%
 5170259 2004348        0.3093    86        0.3207        0.3092 40918251    3.57%
 5267025 2039245        cutoff              0.3207        0.3093 41616043    3.56%
 5375454 2068804        0.3170   105        0.3207        0.3093 42253012    3.54%
 5468326 2096403        0.3101   106        0.3207        0.3094 42849472    3.52%
 5577144 2138246        0.3110    91        0.3207        0.3094 43674784    3.51%
 5672682 2173075        cutoff              0.3207        0.3095 44419566    3.49%
Elapsed time = 1730.75 sec. (244014.24 ticks, tree = 5554.41 MB, solutions = 228)
Nodefile size = 3505.16 MB (1475.25 MB after compression)
 5767403 2209453        cutoff              0.3207        0.3095 45156433    3.48%
 5860309 2238250        cutoff              0.3207        0.3096 45754055    3.46%
 5952578 2269586        cutoff              0.3207        0.3096 46395360    3.45%
 6046863 2300616        0.3131    92        0.3207        0.3097 47072317    3.44%
 6155853 2336126        0.3101   119        0.3207        0.3097 47784642    3.43%
 6253021 2371758        cutoff              0.3207        0.3098 48534294    3.41%
 6355357 2411882        cutoff              0.3207        0.3098 49341318    3.40%
 6455034 2435727        0.3186    86        0.3207        0.3098 49861707    3.39%
 6556395 2472459        0.3122   105        0.3207        0.3099 50614537    3.38%
 6641081 2493525        0.3104    75        0.3207        0.3099 51079622    3.36%
Elapsed time = 2014.66 sec. (282161.78 ticks, tree = 6366.50 MB, solutions = 228)
Nodefile size = 4317.13 MB (1813.94 MB after compression)
 6728163 2531342        0.3202    63        0.3207        0.3100 51926121    3.35%
 6839612 2563648        0.3200   120        0.3207        0.3100 52588929    3.34%
 6931977 2589716    infeasible              0.3207        0.3100 53165068    3.32%
 7040820 2626441        0.3195    82        0.3207        0.3101 53926226    3.31%
 7129999 2650261        0.3157    80        0.3207        0.3101 54481073    3.30%
 7239216 2697052        0.3137    74        0.3207        0.3102 55438274    3.29%
 7306722 2720075        cutoff              0.3207        0.3102 55954191    3.28%
 7416666 2755873        0.3139   102        0.3207        0.3102 56730771    3.27%
 7504858 2779349        0.3143   131        0.3207        0.3103 57267063    3.26%
 7614968 2819328        0.3111   108        0.3207        0.3103 58108456    3.24%
Elapsed time = 2291.87 sec. (320309.10 ticks, tree = 7184.91 MB, solutions = 228)
Nodefile size = 5136.09 MB (2158.62 MB after compression)
 7702687 2845384        0.3112    91        0.3207        0.3103 58664949    3.24%
 7813406 2885220        0.3113   125        0.3207        0.3104 59492609    3.22%
 7909058 2914460        0.3166    81        0.3207        0.3104 60118574    3.22%
 7988247 2943661        cutoff              0.3207        0.3104 60740474    3.20%
 8099340 2977609        cutoff              0.3207        0.3105 61345241    3.19%
 8184806 3015661        0.3189    84        0.3207        0.3105 62110157    3.19%
 8294052 3046252    infeasible              0.3207        0.3105 62684032    3.18%
 8404443 3086200        0.3161    99        0.3207        0.3105 63483793    3.17%
 8489754 3113352        cutoff              0.3207        0.3106 64060443    3.16%
 8603107 3163021        0.3110    95        0.3207        0.3106 65002668    3.15%
Elapsed time = 2567.87 sec. (358456.52 ticks, tree = 8046.74 MB, solutions = 228)
Nodefile size = 5997.93 MB (2519.42 MB after compression)
 8675428 3187962        0.3158    68        0.3207        0.3106 65513335    3.14%
 8771009 3206992    infeasible              0.3207        0.3107 65951446    3.13%
 8881239 3243887        0.3201    79        0.3207        0.3107 66676311    3.13%
 8963478 3279930        0.3108   108        0.3207        0.3107 67424275    3.12%
 9079766 3308735        0.3118   129        0.3207        0.3107 68040119    3.11%
 9178854 3341483        0.3190   111        0.3207        0.3108 68704759    3.10%
 9271987 3379268        0.3174   100        0.3207        0.3108 69517430    3.09%
 9382219 3411446        0.3191    78        0.3207        0.3108 70170582    3.08%
 9463828 3435838        cutoff              0.3207        0.3109 70697039    3.07%
 9543138 3461301        0.3116   127        0.3207        0.3109 71268666    3.06%
Elapsed time = 2824.68 sec. (396603.79 ticks, tree = 8799.14 MB, solutions = 228)
Nodefile size = 6748.83 MB (2836.53 MB after compression)
 9651935 3496989        0.3122   103        0.3207        0.3109 72027929    3.05%
 9732204 3524359        cutoff              0.3207        0.3109 72662290    3.04%
 9849189 3561161        0.3179    92        0.3207        0.3110 73434310    3.03%
 9954607 3584751        0.3157    76        0.3207        0.3110 73918998    3.02%
 10037828 3617875        0.3135    97        0.3207        0.3110 74707579    3.02%
 10148545 3657117        0.3186    81        0.3207        0.3111 75501180    3.01%
 10248783 3681174        0.3176    96        0.3207        0.3111 75993600    3.00%
 10342186 3705517        0.3121   102        0.3207        0.3111 76574881    2.99%
 10449290 3754150        0.3112    94        0.3207        0.3111 77495847    2.98%
 10514772 3783257        cutoff              0.3207        0.3112 78079721    2.98%
Elapsed time = 3082.63 sec. (434751.17 ticks, tree = 9608.62 MB, solutions = 228)
Nodefile size = 7558.52 MB (3178.08 MB after compression)
 10616078 3801795        cutoff              0.3207        0.3112 78547169    2.97%
 10723318 3844673        0.3200   112        0.3207        0.3112 79450568    2.96%
 10809845 3876437        cutoff              0.3207        0.3112 80170675    2.96%
 10918039 3899716        cutoff              0.3207        0.3112 80700604    2.95%
 11026708 3931752        0.3205    73        0.3207        0.3113 81297471    2.94%
 11113590 3974570        0.3199    87        0.3207        0.3113 82154413    2.94%
 11222840 3990931        cutoff              0.3207        0.3113 82540051    2.93%
 11330461 4029224        0.3146    77        0.3207        0.3113 83316937    2.92%
 11411159 4072586        0.3140    99        0.3207        0.3113 84238393    2.92%
 11494956 4081048        0.3134   150        0.3207        0.3114 84459445    2.91%
Elapsed time = 3334.68 sec. (472898.56 ticks, tree = 10358.66 MB, solutions = 228)
Nodefile size = 8307.45 MB (3492.26 MB after compression)
 11602555 4118602        0.3149   100        0.3207        0.3114 85199472    2.90%
 11705760 4150649        cutoff              0.3207        0.3114 85885939    2.90%
 11796644 4186344        0.3129    99        0.3207        0.3114 86696088    2.89%
 11903757 4223501        0.3202   120        0.3207        0.3115 87471437    2.88%
 12020287 4248974        cutoff              0.3207        0.3115 88014771    2.87%
 12096670 4279798        0.3204    85        0.3207        0.3115 88706590    2.87%
 12203779 4314113        0.3185   101        0.3207        0.3115 89464894    2.86%
 12319308 4335835        cutoff              0.3207        0.3116 89993202    2.85%
 12370801 4371159    infeasible              0.3207        0.3116 90772010    2.85%
 12476046 4398302        cutoff              0.3207        0.3116 91409655    2.84%
Elapsed time = 3581.12 sec. (511045.72 ticks, tree = 11156.60 MB, solutions = 228)
Nodefile size = 9106.36 MB (3828.86 MB after compression)
 12587720 4423727        0.3126   108        0.3207        0.3116 91953039    2.83%
 12660736 4449006        0.3131   101        0.3207        0.3116 92541966    2.82%
 12774411 4470914        cutoff              0.3207        0.3117 93082712    2.82%
 12882850 4512788        0.3163    95        0.3207        0.3117 93976698    2.81%
 12967682 4543991        0.3159    67        0.3207        0.3117 94706941    2.80%
 13072537 4567333        0.3121   113        0.3207        0.3117 95329588    2.80%
 13178486 4601104        cutoff              0.3207        0.3118 96047137    2.79%
 13280094 4623931        0.3172    87        0.3207        0.3118 96595586    2.78%
 13344181 4648829    infeasible              0.3207        0.3118 97200335    2.78%
 13453375 4681950        cutoff              0.3207        0.3118 97901603    2.77%
Elapsed time = 3823.84 sec. (549192.89 ticks, tree = 11876.68 MB, solutions = 228)
Nodefile size = 9826.40 MB (4132.55 MB after compression)
 13522303 4706854        cutoff              0.3207        0.3118 98476952    2.76%
 13639545 4731325        0.3154    77        0.3207        0.3119 99092092    2.76%
 13748663 4769351        0.3119    93        0.3207        0.3119 99910986    2.75%
 13839931 4794730        0.3198    62        0.3207        0.3119 1.01e+08    2.75%
 13927562 4810403        0.3193    91        0.3207        0.3119 1.01e+08    2.74%
 14041922 4846713        0.3120    98        0.3207        0.3119 1.02e+08    2.73%
 14146885 4879413    infeasible              0.3207        0.3120 1.03e+08    2.73%
 14216233 4903210        0.3144    95        0.3207        0.3120 1.03e+08    2.72%
 14313578 4919496        0.3175    71        0.3207        0.3120 1.04e+08    2.71%
 14390544 4942431        cutoff              0.3207        0.3120 1.04e+08    2.71%
Elapsed time = 4009.33 sec. (587340.23 ticks, tree = 12540.39 MB, solutions = 228)
Nodefile size = 10489.56 MB (4411.22 MB after compression)
 14503836 4975196        0.3136   110        0.3207        0.3120 1.05e+08    2.70%
 14575658 4997004        0.3135   119        0.3207        0.3120 1.06e+08    2.70%
 14683725 5022358        0.3121   126        0.3207        0.3121 1.06e+08    2.69%
 14788466 5053943        0.3195   108        0.3207        0.3121 1.07e+08    2.69%
 14903612 5083287        0.3173    92        0.3207        0.3121 1.08e+08    2.68%
 14972685 5104863        cutoff              0.3207        0.3121 1.08e+08    2.68%
 15079988 5132376        cutoff              0.3207        0.3121 1.09e+08    2.67%
 15192852 5152581        cutoff              0.3207        0.3122 1.10e+08    2.66%
 15290327 5185379        0.3132    61        0.3207        0.3122 1.10e+08    2.66%
 15372715 5204363        cutoff              0.3207        0.3122 1.11e+08    2.65%
Elapsed time = 4212.94 sec. (625487.59 ticks, tree = 13205.89 MB, solutions = 228)
Nodefile size = 11154.71 MB (4691.97 MB after compression)
 15477597 5230529        0.3176    84        0.3207        0.3122 1.12e+08    2.65%
 15589635 5264280        0.3194    97        0.3207        0.3122 1.12e+08    2.64%
 15636376 5288768        0.3162   104        0.3207        0.3123 1.13e+08    2.63%
 15738423 5304726        cutoff              0.3207        0.3123 1.13e+08    2.63%
 15844580 5338105        cutoff              0.3207        0.3123 1.14e+08    2.62%
 15953190 5356835    infeasible              0.3207        0.3123 1.15e+08    2.62%
 16026702 5387263        0.3148    84        0.3207        0.3123 1.16e+08    2.61%
 16133031 5410405        0.3162    79        0.3207        0.3123 1.16e+08    2.61%
 16246731 5436722        0.3147   102        0.3207        0.3124 1.17e+08    2.60%
 16321820 5471977        0.3192    81        0.3207        0.3124 1.18e+08    2.59%
Elapsed time = 4404.81 sec. (663634.98 ticks, tree = 13892.69 MB, solutions = 228)
Nodefile size = 11842.80 MB (4981.62 MB after compression)
 16426760 5492071        0.3198   119        0.3207        0.3124 1.18e+08    2.59%
 16533340 5508286        0.3138    83        0.3207        0.3124 1.19e+08    2.58%
 16640014 5540849    infeasible              0.3207        0.3124 1.20e+08    2.58%
 16713103 5565778    infeasible              0.3207        0.3124 1.20e+08    2.57%
 16785081 5587581        0.3133   121        0.3207        0.3125 1.21e+08    2.57%
 16894851 5608146        0.3125    88        0.3207        0.3125 1.21e+08    2.56%
 16996439 5630377        0.3149   117        0.3207        0.3125 1.22e+08    2.56%
 17075275 5654455        0.3159    62        0.3207        0.3125 1.23e+08    2.55%
 17179776 5680415        0.3134    95        0.3207        0.3125 1.23e+08    2.55%
 17295830 5704655        0.3164    73        0.3207        0.3125 1.24e+08    2.54%
Elapsed time = 4582.78 sec. (701782.33 ticks, tree = 14489.61 MB, solutions = 228)
Nodefile size = 12439.05 MB (5233.41 MB after compression)
 17364661 5735491        0.3191    82        0.3207        0.3126 1.25e+08    2.54%
 17470262 5745632        0.3141    93        0.3207        0.3126 1.25e+08    2.53%
 17577713 5784123        cutoff              0.3207        0.3126 1.26e+08    2.53%
 17672601 5804847        cutoff              0.3207        0.3126 1.27e+08    2.52%
 17759795 5823504        cutoff              0.3207        0.3126 1.27e+08    2.52%
 17835429 5848459        cutoff              0.3207        0.3126 1.28e+08    2.51%
 17935597 5862209        cutoff              0.3207        0.3127 1.28e+08    2.51%
 18018133 5887848        cutoff              0.3207        0.3127 1.29e+08    2.50%
 18109703 5904698        0.3147    93        0.3207        0.3127 1.30e+08    2.50%
 18219015 5919590        0.3165    84        0.3207        0.3127 1.30e+08    2.49%
Elapsed time = 4782.10 sec. (739929.96 ticks, tree = 15044.53 MB, solutions = 228)
Nodefile size = 12993.34 MB (5467.32 MB after compression)
 18316318 5943874        0.3192    84        0.3207        0.3127 1.31e+08    2.49%
 18393073 5964697        0.3147    52        0.3207        0.3127 1.32e+08    2.48%
 18507703 5987862        0.3149   106        0.3207        0.3128 1.32e+08    2.48%
 18611693 6013247        0.3180    74        0.3207        0.3128 1.33e+08    2.47%
 18681796 6037161        0.3203    80        0.3207        0.3128 1.34e+08    2.47%
 18790951 6057116        0.3199    68        0.3207        0.3128 1.34e+08    2.46%
 18859035 6071223        0.3172    86        0.3207        0.3128 1.35e+08    2.46%
 18930425 6087087        0.3202    70        0.3207        0.3128 1.35e+08    2.45%
 18993877 6104226        0.3179    81        0.3207        0.3128 1.36e+08    2.45%
 19033639 6114555        cutoff              0.3207        0.3128 1.36e+08    2.45%
Elapsed time = 5000.02 sec. (778077.84 ticks, tree = 15552.07 MB, solutions = 228)
Nodefile size = 13501.80 MB (5681.40 MB after compression)
 19065718 6118596        cutoff              0.3207        0.3128 1.36e+08    2.45%
 19117713 6134727        0.3189    80        0.3207        0.3129 1.37e+08    2.44%
 19198392 6149506        0.3136    98        0.3207        0.3129 1.37e+08    2.44%
 19239659 6157549        0.3150    98        0.3207        0.3129 1.37e+08    2.44%
 19331292 6171812        cutoff              0.3207        0.3129 1.38e+08    2.43%
 19371679 6185120        cutoff              0.3207        0.3129 1.38e+08    2.43%
 19394534 6192705        0.3183    80        0.3207        0.3129 1.38e+08    2.43%
 19434467 6202856        cutoff              0.3207        0.3129 1.39e+08    2.43%
 19511541 6215447        0.3203    82        0.3207        0.3129 1.39e+08    2.43%
 19564375 6228875        0.3138    83        0.3207        0.3129 1.39e+08    2.43%
Elapsed time = 5217.99 sec. (816225.89 ticks, tree = 15851.33 MB, solutions = 228)
Nodefile size = 13800.34 MB (5809.14 MB after compression)
 19603580 6238378        0.3174    79        0.3207        0.3129 1.40e+08    2.43%
 19632575 6247049        0.3151    90        0.3207        0.3129 1.40e+08    2.43%
 19666603 6256465        cutoff              0.3207        0.3129 1.40e+08    2.43%
 19737218 6269525        0.3181    87        0.3207        0.3129 1.41e+08    2.43%
 19774685 6279163        0.3161    85        0.3207        0.3129 1.41e+08    2.43%
 19814364 6288601        0.3172    86        0.3207        0.3129 1.41e+08    2.43%
 19880379 6300657        0.3146   114        0.3207        0.3130 1.42e+08    2.41%
 19945931 6310645        0.3197    60        0.3207        0.3130 1.42e+08    2.41%
 19982786 6323429        0.3133    49        0.3207        0.3130 1.42e+08    2.41%
 20027452 6339867        cutoff              0.3207        0.3130 1.43e+08    2.41%
Elapsed time = 5428.36 sec. (854373.99 ticks, tree = 16141.76 MB, solutions = 228)
Nodefile size = 14090.84 MB (5934.33 MB after compression)
 20117310 6349669        0.3204    42        0.3207        0.3130 1.43e+08    2.40%
 20162992 6359151        0.3150   109        0.3207        0.3130 1.43e+08    2.40%
 20229369 6372531        cutoff              0.3207        0.3130 1.44e+08    2.40%
 20286393 6385536        0.3199    63        0.3207        0.3130 1.44e+08    2.40%
 20312840 6396407        cutoff              0.3207        0.3130 1.45e+08    2.40%
 20364051 6404509        cutoff              0.3207        0.3131 1.45e+08    2.38%
 20419480 6418177        0.3189    76        0.3207        0.3131 1.45e+08    2.38%
 20451852 6432034        cutoff              0.3207        0.3131 1.46e+08    2.38%
 20531994 6439735        0.3196    67        0.3207        0.3131 1.46e+08    2.37%
 20579924 6452018        0.3139    94        0.3207        0.3131 1.46e+08    2.37%
Elapsed time = 5641.53 sec. (892521.62 ticks, tree = 16434.47 MB, solutions = 228)
Nodefile size = 14384.44 MB (6060.57 MB after compression)
 20616065 6463893        0.3197    76        0.3207        0.3131 1.47e+08    2.37%
 20683329 6476045        0.3183   108        0.3207        0.3131 1.47e+08    2.37%
 20730467 6485301        0.3149    97        0.3207        0.3131 1.47e+08    2.36%
 20812344 6499558        cutoff              0.3207        0.3131 1.48e+08    2.36%
 20850848 6519276        0.3197    82        0.3207        0.3131 1.48e+08    2.35%
 20933346 6531786        0.3139    98        0.3207        0.3132 1.49e+08    2.35%
 20985848 6548825        0.3162    90        0.3207        0.3132 1.49e+08    2.35%
 21056706 6557960        cutoff              0.3207        0.3132 1.49e+08    2.35%
 21111806 6566098        0.3199    87        0.3207        0.3132 1.50e+08    2.35%
 21167807 6581536        0.3151    45        0.3207        0.3132 1.50e+08    2.35%
Elapsed time = 5867.37 sec. (930669.07 ticks, tree = 16768.95 MB, solutions = 228)
Nodefile size = 14717.92 MB (6204.71 MB after compression)
 21217266 6591150        0.3200    93        0.3207        0.3132 1.50e+08    2.35%
 21258412 6610973    infeasible              0.3207        0.3132 1.51e+08    2.34%
 21345607 6618651        0.3203    71        0.3207        0.3132 1.51e+08    2.33%
 21400756 6633380        0.3163    75        0.3207        0.3132 1.52e+08    2.33%
 21457496 6644629        0.3202    83        0.3207        0.3132 1.52e+08    2.33%
 21499188 6656224        cutoff              0.3207        0.3132 1.52e+08    2.33%
 21563824 6671510        0.3133    59        0.3207        0.3132 1.53e+08    2.32%
 21614175 6690197        cutoff              0.3207        0.3133 1.54e+08    2.32%
 21692759 6697588        0.3199    66        0.3207        0.3133 1.54e+08    2.32%
 21749906 6713220        cutoff              0.3207        0.3133 1.54e+08    2.31%
Elapsed time = 6094.94 sec. (968816.81 ticks, tree = 17109.00 MB, solutions = 228)
Nodefile size = 15059.30 MB (6352.92 MB after compression)
 21835923 6729186        0.3150    96        0.3207        0.3133 1.55e+08    2.31%
 21902871 6745872        0.3200    86        0.3207        0.3133 1.55e+08    2.31%
 21998555 6760979        0.3195    65        0.3207        0.3133 1.56e+08    2.30%
 22059406 6776418        0.3150    98        0.3207        0.3133 1.56e+08    2.30%
 22156491 6797531        cutoff              0.3207        0.3133 1.57e+08    2.29%
 22246947 6814739        0.3201    89        0.3207        0.3134 1.58e+08    2.29%
 22316351 6829489    infeasible              0.3207        0.3134 1.58e+08    2.28%
 22404887 6842015        0.3165    92        0.3207        0.3134 1.59e+08    2.28%
 22458654 6857490        0.3161    64        0.3207        0.3134 1.59e+08    2.28%
 22515105 6870404        cutoff              0.3207        0.3134 1.59e+08    2.27%
Elapsed time = 6341.01 sec. (1006964.42 ticks, tree = 17519.61 MB, solutions = 228)
Nodefile size = 15468.60 MB (6529.75 MB after compression)
 22592897 6890198        0.3204    65        0.3207        0.3134 1.60e+08    2.27%
 22668273 6899345        0.3205    68        0.3207        0.3134 1.60e+08    2.27%
 22748805 6910416        0.3204    83        0.3207        0.3134 1.61e+08    2.26%
 22852645 6936948        0.3182    80        0.3207        0.3135 1.62e+08    2.26%
 22913985 6957993        0.3157   108        0.3207        0.3135 1.62e+08    2.25%
 23005234 6964421        0.3137   138        0.3207        0.3135 1.63e+08    2.25%
 23104257 6982218        0.3181    82        0.3207        0.3135 1.63e+08    2.25%
 23181799 7011069        cutoff              0.3207        0.3135 1.64e+08    2.24%
 23240517 7018200        0.3149   121        0.3207        0.3135 1.64e+08    2.24%
 23335429 7035915        0.3180    73        0.3207        0.3135 1.65e+08    2.24%
Elapsed time = 6597.65 sec. (1045111.84 ticks, tree = 17954.14 MB, solutions = 228)
Nodefile size = 15903.88 MB (6717.42 MB after compression)
 23415608 7050016        0.3207    85        0.3207        0.3135 1.65e+08    2.23%
 23491323 7069977        0.3154    92        0.3207        0.3136 1.66e+08    2.23%
 23571286 7080834        0.3149   142        0.3207        0.3136 1.66e+08    2.22%
 23650363 7095525        0.3165   100        0.3207        0.3136 1.67e+08    2.22%
 23722199 7109357        cutoff              0.3207        0.3136 1.67e+08    2.22%
 23782708 7124471        0.3143   106        0.3207        0.3136 1.68e+08    2.22%
 23856855 7140159        0.3173   107        0.3207        0.3136 1.68e+08    2.21%
 23946345 7155300        0.3143    84        0.3207        0.3136 1.69e+08    2.21%
 24006635 7179253        0.3196    64        0.3207        0.3136 1.70e+08    2.21%
 24078802 7188233        0.3204    91        0.3207        0.3136 1.70e+08    2.20%
Elapsed time = 6844.56 sec. (1083259.55 ticks, tree = 18353.71 MB, solutions = 228)
Nodefile size = 16303.07 MB (6890.10 MB after compression)
 24161804 7199945        0.3175    68        0.3207        0.3136 1.70e+08    2.20%
 24250110 7213314        0.3158    62        0.3207        0.3137 1.71e+08    2.19%
 24340924 7236487        0.3153    88        0.3207        0.3137 1.71e+08    2.19%
 24400894 7249602    infeasible              0.3207        0.3137 1.72e+08    2.19%
 24506189 7268443        0.3142   123        0.3207        0.3137 1.73e+08    2.19%
 24597802 7289133        cutoff              0.3207        0.3137 1.73e+08    2.18%
 24662379 7299859    infeasible              0.3207        0.3137 1.74e+08    2.18%
 24751714 7314147        0.3149   104        0.3207        0.3137 1.74e+08    2.17%
 24849340 7334471    infeasible              0.3207        0.3137 1.75e+08    2.17%
 24918939 7349017        0.3154    97        0.3207        0.3138 1.75e+08    2.17%
Elapsed time = 7094.64 sec. (1121407.09 ticks, tree = 18779.76 MB, solutions = 228)
Nodefile size = 16729.40 MB (7075.32 MB after compression)
 25001281 7363513        cutoff              0.3207        0.3138 1.76e+08    2.16%
 25098899 7375641        0.3174    95        0.3207        0.3138 1.76e+08    2.16%
 25173293 7398248        0.3161   118        0.3207        0.3138 1.77e+08    2.15%
 25227287 7411381        cutoff              0.3207        0.3138 1.78e+08    2.15%
 25335937 7421413        cutoff              0.3207        0.3138 1.78e+08    2.15%
 25430383 7446519        0.3157   110        0.3207        0.3138 1.79e+08    2.14%
 25483811 7461907        0.3192    65        0.3207        0.3138 1.79e+08    2.14%
 25591133 7467599        0.3142   121        0.3207        0.3138 1.80e+08    2.14%
 25689751 7495643        cutoff              0.3207        0.3139 1.81e+08    2.13%
 25749486 7510046        cutoff              0.3207        0.3139 1.81e+08    2.13%
Elapsed time = 7291.93 sec. (1159554.74 ticks, tree = 19206.95 MB, solutions = 228)
Nodefile size = 17156.82 MB (7260.82 MB after compression)
 25845936 7520615        0.3143   113        0.3207        0.3139 1.82e+08    2.13%
 25929804 7536537        cutoff              0.3207        0.3139 1.82e+08    2.12%
 26006102 7561192        cutoff              0.3207        0.3139 1.83e+08    2.12%
 26087081 7568034        0.3162    44        0.3207        0.3139 1.83e+08    2.11%
 26196620 7590458        0.3175   101        0.3207        0.3139 1.84e+08    2.11%
 26245599 7609261        0.3157   107        0.3207        0.3139 1.85e+08    2.11%
 26308963 7612251        cutoff              0.3207        0.3140 1.85e+08    2.10%
 26412880 7623567        0.3200    91        0.3207        0.3140 1.85e+08    2.10%
 26483276 7651714        0.3151    68        0.3207        0.3140 1.86e+08    2.10%
 26544137 7659729        cutoff              0.3207        0.3140 1.86e+08    2.09%
Elapsed time = 7489.83 sec. (1197702.21 ticks, tree = 19603.81 MB, solutions = 228)
Nodefile size = 17553.22 MB (7432.20 MB after compression)
 26643387 7676692        0.3170   125        0.3207        0.3140 1.87e+08    2.09%
 26715313 7687928        cutoff              0.3207        0.3140 1.87e+08    2.09%
 26775212 7708371        0.3162    92        0.3207        0.3140 1.88e+08    2.08%
 26876549 7718906        0.3192    47        0.3207        0.3140 1.88e+08    2.08%
 26933051 7728102        0.3153   114        0.3207        0.3140 1.89e+08    2.08%
 27005331 7746592        cutoff              0.3207        0.3140 1.89e+08    2.08%
 27064196 7760650        cutoff              0.3207        0.3141 1.90e+08    2.07%
 27165693 7770215        cutoff              0.3207        0.3141 1.90e+08    2.07%
 27252951 7797343        0.3182    83        0.3207        0.3141 1.91e+08    2.07%
 27307011 7812017        cutoff              0.3207        0.3141 1.92e+08    2.06%
Elapsed time = 7672.94 sec. (1235849.71 ticks, tree = 20009.69 MB, solutions = 228)
Nodefile size = 17959.35 MB (7607.30 MB after compression)
 27384977 7822463        0.3158   100        0.3207        0.3141 1.92e+08    2.06%
 27487928 7839393        0.3198    67        0.3207        0.3141 1.93e+08    2.06%
 27553241 7860259        0.3164   105        0.3207        0.3141 1.93e+08    2.05%
 27645823 7868678        0.3179    50        0.3207        0.3141 1.94e+08    2.05%
 27747300 7889990        cutoff              0.3207        0.3141 1.94e+08    2.05%
 27822739 7910522        0.3149    84        0.3207        0.3141 1.95e+08    2.04%
 27912750 7921261        cutoff              0.3207        0.3142 1.96e+08    2.04%
 28023274 7938844        cutoff              0.3207        0.3142 1.96e+08    2.04%
 28076656 7952567        0.3173    99        0.3207        0.3142 1.97e+08    2.03%
 28139945 7961106        cutoff              0.3207        0.3142 1.97e+08    2.03%
Elapsed time = 7847.15 sec. (1273997.15 ticks, tree = 20411.81 MB, solutions = 228)
Nodefile size = 18361.83 MB (7780.56 MB after compression)
 28244194 7970806        0.3149    85        0.3207        0.3142 1.97e+08    2.03%
 28310989 7994837        0.3207    78        0.3207        0.3142 1.98e+08    2.02%
 28411583 8003469        cutoff              0.3207        0.3142 1.99e+08    2.02%
 28510124 8029313    infeasible              0.3207        0.3142 2.00e+08    2.02%

Cover cuts applied:  8
Implied bound cuts applied:  150
Flow cuts applied:  52
Mixed integer rounding cuts applied:  49
Multi commodity flow cuts applied:  1
Gomory fractional cuts applied:  3

Root node processing (before b&c):
  Real time             =   11.79 sec. (1165.18 ticks)
Parallel b&c, 32 threads:
  Real time             = 7935.43 sec. (1290358.84 ticks)
  Sync time (average)   = 6170.09 sec.
  Wait time (average)   =    3.23 sec.
                          ------------
Total (root+branch&cut) = 7947.22 sec. (1291524.02 ticks)
Solution found
