Model: Diversity_model_3
 - number of variables: 4744
   - binary=450, integer=1, continuous=4293
 - number of constraints: 5339
   - linear=5339
 - parameters: defaults
CPXPARAM_Read_DataCheck                          1
CPXPARAM_RandomSeed                              201804051
CPXPARAM_MIP_Strategy_LBHeur                     1
CPXPARAM_TimeLimit                               86400
CPXPARAM_MIP_Tolerances_MIPGap                   0.02
Tried aggregator 2 times.
MIP Presolve eliminated 907 rows and 907 columns.
MIP Presolve modified 450 coefficients.
Aggregator did 900 substitutions.
Reduced MIP has 3532 rows, 2937 columns, and 11731 nonzeros.
Reduced MIP has 450 binaries, 0 generals, 900 SOSs, and 0 indicators.
Presolve time = 0.11 sec. (16.01 ticks)
Probing changed sense of 45 constraints.
Probing time = 0.29 sec. (3.65 ticks)
Tried aggregator 2 times.
MIP Presolve eliminated 45 rows and 0 columns.
Aggregator did 90 substitutions.
Reduced MIP has 3397 rows, 2847 columns, and 11416 nonzeros.
Reduced MIP has 405 binaries, 0 generals, 900 SOSs, and 0 indicators.
Presolve time = 0.07 sec. (14.11 ticks)
Probing time = 0.32 sec. (3.19 ticks)
Clique table members: 180.
MIP emphasis: balance optimality and feasibility.
MIP search method: dynamic search.
Parallel mode: deterministic, using up to 32 threads.
Root relaxation solution time = 0.56 sec. (73.27 ticks)

        Nodes                                         Cuts/
   Node  Left     Objective  IInf  Best Integer    Best Bound    ItCnt     Gap

      0     0        0.9767   334                      0.9767     1123         
*     0+    0                            1.5122        0.9767            35.41%
      0     0        0.9767   375        1.5122     Cuts: 168     2312   35.41%
*     0+    0                            1.2749        0.9767            23.38%
      0     0        0.9767   222        1.2749      Cuts: 44     2454   23.38%
      0     0        0.9767   249        1.2749      Cuts: 95     2709   23.38%
*     0+    0                            1.2660        0.9767            22.85%
      0     2        0.9767   169        1.2660        0.9767     2709   22.85%
Elapsed time = 20.33 sec. (1086.29 ticks, tree = 0.02 MB, solutions = 3)
*    76+    4                            1.2547        0.9767            22.15%
*    86+    1                            1.2490        0.9767            21.80%
*   132+   14                            1.2479        0.9767            21.73%
*   139+   15                            1.2472        0.9767            21.69%
   1002   635        1.1654   198        1.2472        0.9767    30437   21.69%
*  3053  1702      integral     0        1.2359        0.9767    56922   20.97%
*  4025  2232      integral     0        1.2010        0.9767    72711   18.67%
   5928  2758        1.0352   223        1.2010        0.9767   110504   18.67%
*  8077+ 4644                            1.1594        0.9767            15.75%
   8400  4476        1.0355   179        1.1594        0.9767   156540   15.75%
*  8580  4530      integral     0        1.1297        0.9767   157509   13.54%
*  8863+ 2873                            1.1296        0.9767            13.53%
*  9008+ 3148                            1.1135        0.9767            12.28%
*  9260  4465      integral     0        1.0855        0.9767   166093   10.02%
*  9469+ 3886                            1.0702        0.9767             8.73%
*  9502  3465      integral     0        1.0699        0.9767   176100    8.71%
   9818  3484        0.9802   203        1.0699        0.9767   179727    8.71%
*  9901+ 4333                            1.0655        0.9767             8.33%
*  9926+ 4202                            1.0632        0.9767             8.13%
  10799  3905        1.0466   104        1.0632        0.9767   202613    8.13%
  11026  4137        0.9767   197        1.0632        0.9767   209140    8.13%
* 11104+ 4380                            1.0630        0.9767             8.12%
* 11106+ 3433                            1.0467        0.9767             6.68%
* 11138+ 3433                            1.0423        0.9767             6.29%
* 11164+ 3433                            1.0421        0.9767             6.27%
  11290  2870        1.0344   201        1.0421        0.9767   210932    6.27%
  11928  3212        cutoff              1.0421        0.9767   219300    6.27%
* 12220+ 3630                            1.0418        0.9767             6.24%
* 18516  7412      integral     0        1.0359        0.9767   335580    5.71%
  28593 11376        0.9835   214        1.0359        0.9767   482727    5.71%
Elapsed time = 158.98 sec. (4102.44 ticks, tree = 76.48 MB, solutions = 178)
* 28810+10341                            1.0358        0.9767             5.70%
* 31595+10161                            1.0327        0.9767             5.42%
  31595 10162        0.9767   110        1.0327        0.9767   540534    5.42%
  32171   309        1.0150   150        1.0327        0.9767   551708    5.42%
* 32191+    4                            1.0322        0.9767             5.37%
* 32191+    4                            1.0319        0.9767             5.35%
* 32191+   26                            1.0289        0.9767             5.07%
* 32191+   26                            1.0283        0.9767             5.02%
* 32191+   26                            1.0279        0.9767             4.98%
* 32334+  290                            1.0256        0.9767             4.76%
* 32545+  290                            1.0255        0.9767             4.75%
  33840   443        cutoff              1.0255        0.9767   570263    4.75%
* 36479+  698                            1.0253        0.9767             4.73%
* 36482+  495                            1.0252        0.9767             4.73%
* 37201+  385                            1.0250        0.9767             4.70%
  51669 11549        cutoff              1.0250        0.9813   739022    4.26%
  73475 29577        1.0128   100        1.0250        0.9866  1012015    3.74%
* 87755 39938      integral     0        1.0243        0.9918  1162782    3.17%
  95871 41192        0.9939   157        1.0243        0.9918  1201507    3.17%
* 96217 42242      integral     0        1.0227        0.9918  1214346    3.02%
*115703+52249                            1.0190        0.9918             2.67%
 115703 51158        1.0191   109        1.0190        0.9918  1401036    2.67%
*115726+51954                            1.0189        0.9918             2.66%
*116075+53028                            1.0188        0.9918             2.65%
*118754+53889                            1.0187        0.9918             2.64%
 128006 47292        1.0174   127        1.0187        0.9918  1593294    2.64%
*129085+47753                            1.0185        0.9918             2.62%
*137429 52024      integral     0        1.0179        0.9918  1693546    2.56%
*142976 51323      integral     0        1.0163        0.9918  1741672    2.41%
 149667 44815        1.0124   114        1.0163        0.9918  1792787    2.41%
Elapsed time = 498.93 sec. (14385.64 ticks, tree = 86.55 MB, solutions = 258)
*152035+46240                            1.0160        0.9918             2.38%
*152262+46667                            1.0160        0.9918             2.38%
*153434+48993                            1.0160        0.9918             2.38%
*153632+48515                            1.0158        0.9918             2.36%
*157583+48813                            1.0110        0.9918             1.90%
 158073 50645        1.0154    62        1.0110        0.9918  1954677    1.90%
 158117 36936        0.9924   149        1.0110        0.9918  1121503    1.90%

Flow cuts applied:  9
Mixed integer rounding cuts applied:  4
Gomory fractional cuts applied:  2

Root node processing (before b&c):
  Real time             =   10.00 sec. (1092.46 ticks)
Parallel b&c, 32 threads:
  Real time             =  496.51 sec. (18467.24 ticks)
  Sync time (average)   =  275.30 sec.
  Wait time (average)   =    0.77 sec.
                          ------------
Total (root+branch&cut) =  506.52 sec. (19559.70 ticks)
Solution found
