Model: Diversity_model_3
 - number of variables: 48403
   - binary=46798, integer=2, continuous=1603
 - number of constraints: 207521
   - linear=207521
 - parameters: defaults
CPXPARAM_Read_DataCheck                          1
CPXPARAM_RandomSeed                              201804051
CPXPARAM_MIP_Strategy_LBHeur                     1
CPXPARAM_TimeLimit                               86400
CPXPARAM_MIP_Tolerances_MIPGap                   0.02
Tried aggregator 2 times.
MIP Presolve eliminated 323 rows and 320 columns.
MIP Presolve modified 208 coefficients.
Aggregator did 23608 substitutions.
Reduced MIP has 183590 rows, 24475 columns, and 504344 nonzeros.
Reduced MIP has 23503 binaries, 0 generals, 312 SOSs, and 0 indicators.
Presolve time = 40.96 sec. (1637.45 ticks)
Probing changed sense of 26 constraints.
Probing time = 29.81 sec. (469.02 ticks)
Tried aggregator 2 times.
MIP Presolve eliminated 24236 rows and 1614 columns.
Aggregator did 52 substitutions.
Reduced MIP has 159302 rows, 22809 columns, and 434760 nonzeros.
Reduced MIP has 21863 binaries, 0 generals, 312 SOSs, and 0 indicators.
Presolve time = 25.80 sec. (2355.95 ticks)
Probing time = 33.10 sec. (398.02 ticks)
Clique table members: 240239.
MIP emphasis: balance optimality and feasibility.
MIP search method: dynamic search.
Parallel mode: deterministic, using up to 32 threads.
Root relaxation solution time = 24.44 sec. (1078.83 ticks)

        Nodes                                         Cuts/
   Node  Left     Objective  IInf  Best Integer    Best Bound    ItCnt     Gap

      0     0        0.2322  8694                      0.2322     4134         
*     0+    0                            3.1112        0.2322            92.54%
      0     0        0.2322  2934        3.1112    Cuts: 1169     6557   92.54%
      0     0        0.2322  3926        3.1112   Cuts: 10000    10843   92.54%
*     0+    0                            0.6373        0.2322            63.56%
      0     0        0.2322  7054        0.6373    Cuts: 7557    18807   63.56%
*     0+    0                            0.6365        0.2322            63.51%
Heuristic still looking.
*     0+    0                            0.4800        0.2322            51.62%

Repeating presolve.
Tried aggregator 2 times.
MIP Presolve eliminated 143399 rows and 19933 columns.
MIP Presolve modified 128 coefficients.
Aggregator did 26 substitutions.
Reduced MIP has 15877 rows, 2850 columns, and 44479 nonzeros.
Reduced MIP has 1930 binaries, 0 generals, 312 SOSs, and 0 indicators.
Presolve time = 1.15 sec. (259.53 ticks)
Probing time = 0.14 sec. (10.28 ticks)
Tried aggregator 1 time.
MIP Presolve eliminated 15 rows and 1 columns.
MIP Presolve modified 310 coefficients.
Reduced MIP has 15862 rows, 2849 columns, and 44436 nonzeros.
Reduced MIP has 1929 binaries, 0 generals, 312 SOSs, and 0 indicators.
Presolve time = 0.44 sec. (125.86 ticks)
Represolve time = 3.72 sec. (2839.72 ticks)
Probing time = 0.18 sec. (14.83 ticks)
Clique table members: 25117.
MIP emphasis: balance optimality and feasibility.
MIP search method: dynamic search.
Parallel mode: deterministic, using up to 32 threads.
Root relaxation solution time = 0.75 sec. (242.41 ticks)

        Nodes                                         Cuts/
   Node  Left     Objective  IInf  Best Integer    Best Bound    ItCnt     Gap

*     0+    0                            0.4800        0.2322            51.62%
      0     0        0.2322   767        0.4800        0.2322    20987   51.62%
*     0+    0                            0.4515        0.2322            48.56%
      0     0        0.2329   707        0.4515    Cuts: 4065    23742   48.42%
*     0+    0                            0.4060        0.2329            42.64%
      0     0        0.2336   959        0.4060     Cuts: 975    25478   42.47%
      0     0        0.2342   761        0.4060    Cuts: 1703    26761   42.32%
*     0+    0                            0.4042        0.2342            42.07%
      0     0        0.2349  1070        0.4042     Cuts: 810    28488   41.88%
      0     0        0.2358  1136        0.4042    Cuts: 1108    30675   41.66%
      0     0        0.2368  1129        0.4042     Cuts: 694    32164   41.42%
      0     0        0.2375  1135        0.4042    Cuts: 1850    33467   41.25%
      0     0        0.2386  1181        0.4042     Cuts: 825    34809   40.98%
      0     0        0.2396  1180        0.4042    Cuts: 1196    36538   40.74%
      0     0        0.2404  1182        0.4042    Cuts: 1083    38344   40.53%
*     0+    0                            0.4026        0.2404            40.29%
      0     0        0.2414  1175        0.4026     Cuts: 957    39849   40.03%
*     0+    0                            0.4008        0.2414            39.76%
*     0+    0                            0.3969        0.2414            39.17%
*     0+    0                            0.3901        0.2414            38.10%
*     0+    0                            0.3891        0.2414            37.95%
*     0+    0                            0.3782        0.2414            36.15%
      0     0        0.2423  1184        0.3782    Cuts: 1325    41283   35.91%
      0     0        0.2432  1142        0.3782     Cuts: 873    43279   35.70%
      0     0        0.2437  1155        0.3782     Cuts: 847    44637   35.55%
*     0+    0                            0.3728        0.2437            34.62%
*     0+    0                            0.3680        0.2437            33.77%
      0     0        0.2445  1177        0.3680    Cuts: 1013    46242   33.57%
      0     0        0.2451  1180        0.3680    Cuts: 1086    47775   33.39%
      0     0        0.2459  1195        0.3680     Cuts: 766    49053   33.17%
      0     0        0.2467  1181        0.3680     Cuts: 973    50268   32.97%
      0     0        0.2472  1205        0.3680     Cuts: 711    51508   32.84%
      0     0        0.2476  1195        0.3680     Cuts: 633    52671   32.73%
      0     0        0.2481  1195        0.3680     Cuts: 881    53798   32.58%
      0     0        0.2489  1194        0.3680     Cuts: 713    55192   32.38%
      0     0        0.2496  1183        0.3680     Cuts: 790    56466   32.17%
      0     0        0.2503  1185        0.3680     Cuts: 975    57781   31.99%
      0     0        0.2509  1174        0.3680     Cuts: 730    59027   31.82%
      0     0        0.2516  1184        0.3680     Cuts: 716    60393   31.64%
      0     0        0.2522  1150        0.3680     Cuts: 842    62093   31.47%
      0     0        0.2526  1165        0.3680     Cuts: 838    63680   31.35%
      0     0        0.2531  1174        0.3680     Cuts: 959    65323   31.23%
      0     0        0.2532  1150        0.3680     Cuts: 635    66381   31.18%
      0     0        0.2536  1159        0.3680     Cuts: 571    67716   31.08%
      0     0        0.2540  1164        0.3680     Cuts: 778    69174   30.99%
      0     0        0.2545  1157        0.3680    Cuts: 1263    70703   30.84%
      0     0        0.2549  1168        0.3680     Cuts: 728    72356   30.73%
      0     0        0.2553  1142        0.3680     Cuts: 679    73921   30.63%
      0     0        0.2555  1151        0.3680     Cuts: 811    75006   30.56%
      0     0        0.2560  1171        0.3680     Cuts: 774    76364   30.44%
*     0+    0                            0.3679        0.2560            30.42%
      0     0        0.2565  1156        0.3679     Cuts: 633    77986   30.28%
      0     0        0.2570  1131        0.3679     Cuts: 702    79273   30.13%
      0     0        0.2574  1132        0.3679     Cuts: 955    80601   30.02%
      0     0        0.2578  1150        0.3679     Cuts: 775    82536   29.93%
      0     0        0.2583  1153        0.3679    Cuts: 1018    84070   29.78%
      0     0        0.2587  1132        0.3679     Cuts: 781    85893   29.69%
      0     0        0.2590  1168        0.3679     Cuts: 923    87318   29.59%
      0     0        0.2595  1167        0.3679     Cuts: 581    88500   29.46%
      0     0        0.2598  1159        0.3679     Cuts: 725    90017   29.37%
      0     0        0.2602  1135        0.3679     Cuts: 652    92025   29.26%
      0     0        0.2604  1156        0.3679     Cuts: 546    93317   29.20%
*     0+    0                            0.3630        0.2604            28.26%
      0     2        0.2604  1156        0.3630        0.2604    93317   28.26%
Elapsed time = 1479.63 sec. (184250.08 ticks, tree = 0.02 MB, solutions = 17)
      1     3        0.2638   908        0.3630        0.2604    93857   28.26%
      3     4        0.2641   888        0.3630        0.2604    94180   28.26%
      7     4        0.2637   950        0.3630        0.2605    95735   28.25%
     16    10        0.2614   960        0.3630        0.2614    98753   27.99%
     64    32        0.3596   403        0.3630        0.2614   106763   27.99%
    420   175        0.3196   286        0.3630        0.2614   130045   27.99%
    964   335        0.3482   317        0.3630        0.2614   146708   27.99%
   1193   631        0.3129   472        0.3630        0.2640   169048   27.28%
   1372   721        0.3205   350        0.3630        0.2640   182774   27.27%
   3578  2094        0.3025   603        0.3630        0.2645   253364   27.14%
Elapsed time = 1505.01 sec. (187735.63 ticks, tree = 189.52 MB, solutions = 17)
   5756  3920        0.3629   198        0.3630        0.2645   360417   27.14%
   7106  4987        0.3591   171        0.3630        0.2679   443851   26.19%
*  8090+ 4038                            0.3623        0.2749            24.13%
   8090  4039        0.2749   985        0.3623        0.2768   585885   23.60%
   8091  4039        0.2761   812        0.3623        0.2768   589381   23.60%
   8102  1016        0.3259   459        0.3623        0.2768   592899   23.60%
*  8183+   10                            0.3622        0.2768            23.59%
   8965   247        0.2832   774        0.3622        0.2768   638445   23.59%
  10954  1547        0.3601   224        0.3622        0.2768   747601   23.59%
* 12360+    5                            0.3607        0.2768            23.27%
* 12497+    5                            0.3603        0.2768            23.19%
  13175  2428        0.3432   265        0.3603        0.2768   827206   23.19%
* 14142+ 3134                            0.3596        0.2768            23.04%
  15250  3817        0.3410   231        0.3596        0.2768   956201   23.04%
  18169  5213        0.3547   176        0.3596        0.2768  1043711   23.04%
Elapsed time = 1807.27 sec. (272374.42 ticks, tree = 485.20 MB, solutions = 22)
  22584  7912        0.3279   160        0.3596        0.2768  1158173   23.04%
  26611 11350        0.3321   172        0.3596        0.2769  1294194   22.99%
  28036 12917        0.3161   296        0.3596        0.2769  1402060   22.99%
  29932 13837        0.3579   142        0.3596        0.2769  1471057   22.99%
  31012 14916        0.3502   182        0.3596        0.2769  1601831   22.99%
  33581 15877        0.3455   258        0.3596        0.2769  1695054   22.99%
  36925 17557        0.3322   281        0.3596        0.2811  1796492   21.84%
  40124 20074        0.3584   158        0.3596        0.2811  1920317   21.83%
  43100 21440        cutoff              0.3596        0.2915  1997052   18.94%
  45490 24053        0.3551   149        0.3596        0.3001  2131842   16.55%
Elapsed time = 1876.81 sec. (281918.40 ticks, tree = 2555.38 MB, solutions = 22)
Nodefile size = 502.44 MB (468.97 MB after compression)
  49149 25521        0.3500   138        0.3596        0.3069  2195974   14.65%
  51552 26893        0.3465   156        0.3596        0.3069  2248966   14.65%
  54330 28628        0.3477   106        0.3596        0.3069  2317579   14.65%
  57049 30851        0.3543   160        0.3596        0.3126  2416263   13.09%
  60079 32717        0.3338   255        0.3596        0.3126  2494370   13.09%
* 61281+33192                            0.3584        0.3126            12.80%
  61292 34276        0.3344   117        0.3584        0.3126  2554019   12.80%
* 61328+33771                            0.3576        0.3126            12.60%
* 62227+33771                            0.3572        0.3170            11.26%
* 62747+33771                            0.3555        0.3175            10.69%
  63076 35205        cutoff              0.3555        0.3183  2593390   10.46%
* 63391+33771                            0.3519        0.3187             9.43%
* 63750+34022                            0.3518        0.3190             9.32%
* 63842+33771                            0.3496        0.3190             8.76%
  65800 36559        0.3573   176        0.3496        0.3190  2650069    8.76%
  68562 38741        0.3341   156        0.3496        0.3190  2733489    8.76%
  71497 39947        0.3508   225        0.3496        0.3190  2780000    8.76%
Elapsed time = 1952.12 sec. (291457.53 ticks, tree = 4406.57 MB, solutions = 22)
Nodefile size = 2347.26 MB (2191.38 MB after compression)
  74111 42449        0.3590   173        0.3496        0.3190  2875962    8.76%
  76077 43645        0.3594   123        0.3496        0.3190  2927850    8.76%
  79090 45002        0.3591    82        0.3496        0.3190  2989291    8.76%
  81883 46649        cutoff              0.3496        0.3190  3059809    8.76%
  84979 48883        0.3474    37        0.3496        0.3190  3141606    8.76%
  87964 50114        cutoff              0.3496        0.3190  3181106    8.76%
  90186 52367        0.3269   145        0.3496        0.3190  3258871    8.76%
* 91372+30999                            0.3494        0.3190             8.72%
  92198 30867        0.3481   208        0.3494        0.3190  3304922    8.72%
  95787 31914        0.3403   202        0.3494        0.3190  3351291    8.72%
  98682 33336        0.3400   289        0.3494        0.3194  3412961    8.60%
Elapsed time = 2009.31 sec. (300998.46 ticks, tree = 3539.63 MB, solutions = 38)
Nodefile size = 1481.77 MB (1384.39 MB after compression)
  99912 35483        0.2974   676        0.3494        0.3260  3608162    6.71%
  99915 26613        0.2975   658        0.3494        0.3260  3608391    6.71%
  99971    52        0.3024   341        0.3494        0.3260  3638734    6.71%
 100997   455        0.3236   178        0.3494        0.3260  3755651    6.71%
 102355  1154        0.3493   162        0.3494        0.3260  3842810    6.71%
 104192  1946    infeasible              0.3494        0.3260  3931960    6.71%
 106064  3172        0.3470   171        0.3494        0.3260  4052222    6.71%
 107910  4343        0.3440    46        0.3494        0.3260  4155553    6.71%
 109735  5552        0.3447   220        0.3494        0.3260  4265054    6.71%
 111858  6475        0.3462   269        0.3494        0.3260  4348728    6.71%
Elapsed time = 2174.72 sec. (374370.51 ticks, tree = 19.10 MB, solutions = 38)
 114275  8087        0.3293   192        0.3494        0.3260  4454798    6.71%
*114444  8370      integral     0        0.3457        0.3260  4473813    5.70%
 116830  7437        0.3437   199        0.3457        0.3260  4567817    5.70%
*117456+ 7258                            0.3441        0.3260             5.26%
 119191  7640        0.3428   139        0.3441        0.3277  4676205    4.74%
 121665  8605        cutoff              0.3441        0.3288  4767179    4.43%
 123829  9422        cutoff              0.3441        0.3301  4858312    4.07%
 126284 10125        0.3368   180        0.3441        0.3305  4932682    3.95%
 128953 11305        cutoff              0.3441        0.3314  5051387    3.68%
 131629 12202        cutoff              0.3441        0.3321  5152379    3.49%
 134368 13075        0.3387   198        0.3441        0.3327  5235841    3.30%
Elapsed time = 2197.38 sec. (383023.94 ticks, tree = 40.80 MB, solutions = 40)
 136994 13696        cutoff              0.3441        0.3331  5306000    3.19%
 139889 14665        0.3349   138        0.3441        0.3337  5437608    3.01%
 142870 15208        cutoff              0.3441        0.3342  5504737    2.87%
 145983 16220        0.3399    24        0.3441        0.3347  5646579    2.73%
 149140 16758        0.3429   102        0.3441        0.3352  5709712    2.58%
 152119 17600        cutoff              0.3441        0.3356  5839863    2.47%
 155321 18109        cutoff              0.3441        0.3360  5942397    2.35%
 158600 18578        cutoff              0.3441        0.3364  6052050    2.22%

GUB cover cuts applied:  1
Clique cuts applied:  509
Cover cuts applied:  1
Implied bound cuts applied:  2
Flow cuts applied:  34
Mixed integer rounding cuts applied:  42
Zero-half cuts applied:  342
Lift and project cuts applied:  72

Root node processing (before b&c):
  Real time             = 1477.41 sec. (184176.46 ticks)
Parallel b&c, 32 threads:
  Real time             =  740.30 sec. (206615.96 ticks)
  Sync time (average)   =  194.89 sec.
  Wait time (average)   =    0.51 sec.
                          ------------
Total (root+branch&cut) = 2217.71 sec. (390792.42 ticks)
Solution found
