Model: Diversity_model_3
 - number of variables: 643
   - binary=120, integer=1, continuous=522
 - number of constraints: 1031
   - linear=1031
 - parameters: defaults
CPXPARAM_Read_DataCheck                          1
CPXPARAM_RandomSeed                              201804051
CPXPARAM_MIP_Strategy_LBHeur                     1
CPXPARAM_TimeLimit                               86400
CPXPARAM_MIP_Tolerances_MIPGap                   0.02
Tried aggregator 3 times.
MIP Presolve eliminated 98 rows and 67 columns.
MIP Presolve modified 420 coefficients.
Aggregator did 91 substitutions.
Reduced MIP has 842 rows, 485 columns, and 2163 nonzeros.
Reduced MIP has 90 binaries, 0 generals, 60 SOSs, and 0 indicators.
Presolve time = 0.01 sec. (4.23 ticks)
Probing fixed 0 vars, tightened 90 bounds.
Probing time = 0.01 sec. (2.24 ticks)
Tried aggregator 2 times.
MIP Presolve modified 60 coefficients.
Aggregator did 30 substitutions.
Reduced MIP has 812 rows, 455 columns, and 2103 nonzeros.
Reduced MIP has 90 binaries, 0 generals, 60 SOSs, and 0 indicators.
Presolve time = 0.01 sec. (2.32 ticks)
Probing time = 0.01 sec. (2.07 ticks)
Clique table members: 90.
MIP emphasis: balance optimality and feasibility.
MIP search method: dynamic search.
Parallel mode: deterministic, using up to 32 threads.
Root relaxation solution time = 0.01 sec. (3.37 ticks)

        Nodes                                         Cuts/
   Node  Left     Objective  IInf  Best Integer    Best Bound    ItCnt     Gap

      0     0        0.2094    75                      0.2094      238         
*     0+    0                            0.4913        0.2094            57.38%
      0     0        0.2273    67        0.4913     Cuts: 224      512   53.74%
      0     0        0.2662    63        0.4913     Cuts: 123      624   45.81%
*     0+    0                            0.3658        0.2662            27.22%
      0     0        0.2694    63        0.3658       Cuts: 5      633   26.37%
      0     0        0.2694    63        0.3658       Cuts: 5      636   26.37%
      0     0        0.2695    63        0.3658    MIRcuts: 1      638   26.33%
      0     0        0.2696    63        0.3658       Cuts: 5      640   26.29%
      0     0        0.2699    63        0.3658       Cuts: 2      643   26.22%
      0     0        0.2745    63        0.3658    MIRcuts: 1      645   24.97%
*     0+    0                            0.3475        0.2745            21.01%
      0     0        0.2766    63        0.3475    MIRcuts: 1      647   20.39%
*     0+    0                            0.3317        0.2766            16.60%

Implied bound cuts applied:  39
Flow cuts applied:  75
Mixed integer rounding cuts applied:  11
Lift and project cuts applied:  1
Gomory fractional cuts applied:  47

Root node processing (before b&c):
  Real time             =  116.39 sec. (120.18 ticks)
Parallel b&c, 32 threads:
  Real time             =    0.00 sec. (0.00 ticks)
  Sync time (average)   =    0.00 sec.
  Wait time (average)   =    0.00 sec.
                          ------------
Total (root+branch&cut) =  116.39 sec. (120.18 ticks)
Solution found
