Model: Diversity_model_3
 - number of variables: 235
   - binary=50, integer=1, continuous=184
 - number of constraints: 409
   - linear=409
 - parameters: defaults
CPXPARAM_Read_DataCheck                          1
CPXPARAM_RandomSeed                              201804051
CPXPARAM_MIP_Strategy_LBHeur                     1
CPXPARAM_TimeLimit                               86400
CPXPARAM_MIP_Tolerances_MIPGap                   0.02
Tried aggregator 2 times.
MIP Presolve eliminated 284 rows and 110 columns.
MIP Presolve modified 250 coefficients.
Aggregator did 125 substitutions.
All rows and columns eliminated.
Presolve time = 0.00 sec. (0.67 ticks)

Root node processing (before b&c):
  Real time             =    0.00 sec. (0.71 ticks)
Parallel b&c, 32 threads:
  Real time             =    0.00 sec. (0.00 ticks)
  Sync time (average)   =    0.00 sec.
  Wait time (average)   =    0.00 sec.
                          ------------
Total (root+branch&cut) =    0.00 sec. (0.71 ticks)
Solution found
