Model: Diversity_model_3
 - number of variables: 1163
   - binary=168, integer=1, continuous=994
 - number of constraints: 1583
   - linear=1583
 - parameters: defaults
CPXPARAM_Read_DataCheck                          1
CPXPARAM_RandomSeed                              201804051
CPXPARAM_MIP_Strategy_LBHeur                     1
CPXPARAM_TimeLimit                               86400
CPXPARAM_MIP_Tolerances_MIPGap                   0.02
Tried aggregator 2 times.
MIP Presolve eliminated 175 rows and 175 columns.
MIP Presolve modified 168 coefficients.
Aggregator did 168 substitutions.
Reduced MIP has 1240 rows, 820 columns, and 3541 nonzeros.
Reduced MIP has 168 binaries, 0 generals, 168 SOSs, and 0 indicators.
Presolve time = 0.01 sec. (4.23 ticks)
Probing changed sense of 28 constraints.
Probing time = 0.00 sec. (1.69 ticks)
Tried aggregator 2 times.
MIP Presolve eliminated 28 rows and 0 columns.
Aggregator did 56 substitutions.
Reduced MIP has 1156 rows, 764 columns, and 3345 nonzeros.
Reduced MIP has 140 binaries, 0 generals, 168 SOSs, and 0 indicators.
Presolve time = 0.01 sec. (3.58 ticks)
Probing time = 0.01 sec. (1.29 ticks)
Clique table members: 56.
MIP emphasis: balance optimality and feasibility.
MIP search method: dynamic search.
Parallel mode: deterministic, using up to 32 threads.
Root relaxation solution time = 0.03 sec. (9.62 ticks)

        Nodes                                         Cuts/
   Node  Left     Objective  IInf  Best Integer    Best Bound    ItCnt     Gap

      0     0        0.2652   104                      0.2652      335         
      0     0        0.2652   133                    Cuts: 81      702         
*     0+    0                            0.6142        0.2652            56.82%
*     0+    0                            0.3765        0.2652            29.55%
      0     0        0.2652   128        0.3765      Cuts: 64      905   29.55%
      0     0        0.2652   125        0.3765     Cuts: 100      985   29.55%
      0     0        0.2652   126        0.3765     Cuts: 104     1038   29.55%
*     0+    0                            0.3495        0.2652            24.12%
      0     2        0.2652   101        0.3495        0.2652     1038   24.12%
Elapsed time = 62.22 sec. (147.21 ticks, tree = 0.02 MB, solutions = 3)
*  3162+  558                            0.3368        0.2670            20.74%
*  3198+  759                            0.3364        0.2670            20.63%
*  3215+  883                            0.3364        0.2670            20.63%
   5920   856        0.3347    17        0.3364        0.3140    38697    6.66%

Implied bound cuts applied:  97
Flow cuts applied:  26
Mixed integer rounding cuts applied:  31
Gomory fractional cuts applied:  5

Root node processing (before b&c):
  Real time             =   55.49 sec. (146.72 ticks)
Parallel b&c, 32 threads:
  Real time             =  220.57 sec. (247.14 ticks)
  Sync time (average)   =  210.05 sec.
  Wait time (average)   =    0.00 sec.
                          ------------
Total (root+branch&cut) =  276.06 sec. (393.87 ticks)
Solution found
