Model: Diversity_model_3
 - number of variables: 1351
   - binary=506, integer=2, continuous=843
 - number of constraints: 1981
   - linear=1981
 - parameters: defaults
CPXPARAM_Read_DataCheck                          1
CPXPARAM_RandomSeed                              201804051
CPXPARAM_MIP_Strategy_LBHeur                     1
CPXPARAM_TimeLimit                               86400
CPXPARAM_MIP_Tolerances_MIPGap                   0.02
Tried aggregator 2 times.
MIP Presolve eliminated 198 rows and 188 columns.
MIP Presolve modified 72 coefficients.
Aggregator did 398 substitutions.
Reduced MIP has 1385 rows, 765 columns, and 3984 nonzeros.
Reduced MIP has 289 binaries, 0 generals, 180 SOSs, and 0 indicators.
Presolve time = 0.01 sec. (5.12 ticks)
Probing changed sense of 6 constraints.
Probing time = 0.01 sec. (4.80 ticks)
Tried aggregator 2 times.
MIP Presolve eliminated 510 rows and 168 columns.
Aggregator did 12 substitutions.
Reduced MIP has 863 rows, 585 columns, and 2766 nonzeros.
Reduced MIP has 115 binaries, 0 generals, 180 SOSs, and 0 indicators.
Presolve time = 0.01 sec. (3.91 ticks)
Probing time = 0.00 sec. (1.90 ticks)
Tried aggregator 2 times.
MIP Presolve eliminated 196 rows and 28 columns.
Aggregator did 6 substitutions.
Reduced MIP has 661 rows, 551 columns, and 2252 nonzeros.
Reduced MIP has 87 binaries, 0 generals, 180 SOSs, and 0 indicators.
Presolve time = 0.01 sec. (2.97 ticks)
Probing time = 0.00 sec. (0.45 ticks)
Clique table members: 132.
MIP emphasis: balance optimality and feasibility.
MIP search method: dynamic search.
Parallel mode: deterministic, using up to 32 threads.
Root relaxation solution time = 0.01 sec. (5.28 ticks)

        Nodes                                         Cuts/
   Node  Left     Objective  IInf  Best Integer    Best Bound    ItCnt     Gap

      0     0        0.8696    86                      0.8696      230         
      0     0        0.8696    44                    Cuts: 28      321         
      0     0        0.8696    45                    Cuts: 56      392         
*     0+    0                            2.4055        0.8696            63.85%
*     0+    0                            1.0508        0.8696            17.25%
      0     0        0.8696    13        1.0508    MIRcuts: 1      397   17.25%
      0     0        0.8696    53        1.0508      Cuts: 22      516   17.25%
*     0+    0                            0.9282        0.8696             6.32%
      0     2        0.8696    23        0.9282        0.8696      516    6.32%
Elapsed time = 0.70 sec. (147.40 ticks, tree = 0.02 MB, solutions = 3)
*     5+    1                            0.9282        0.8696             6.32%
*   144+   23                            0.9282        0.8696             6.32%
*   686   329      integral     0        0.9133        0.8696    17685    4.78%
*   718   338      integral     0        0.8906        0.8696    17971    2.36%
*  1164   280      integral     0        0.8793        0.8696    27507    1.11%

Clique cuts applied:  1
Implied bound cuts applied:  156
Flow cuts applied:  8
Mixed integer rounding cuts applied:  2
Gomory fractional cuts applied:  2

Root node processing (before b&c):
  Real time             =    0.58 sec. (147.23 ticks)
Parallel b&c, 32 threads:
  Real time             =    1.26 sec. (68.34 ticks)
  Sync time (average)   =    1.09 sec.
  Wait time (average)   =    0.00 sec.
                          ------------
Total (root+branch&cut) =    1.85 sec. (215.56 ticks)
Solution found
