Model: Diversity_model_3
 - number of variables: 7620
   - binary=612, integer=1, continuous=7007
 - number of constraints: 8097
   - linear=8097
 - parameters: defaults
CPXPARAM_Read_DataCheck                          1
CPXPARAM_RandomSeed                              201804051
CPXPARAM_MIP_Strategy_LBHeur                     1
CPXPARAM_TimeLimit                               86400
CPXPARAM_MIP_Tolerances_MIPGap                   0.02
Tried aggregator 2 times.
MIP Presolve eliminated 1537 rows and 1537 columns.
MIP Presolve modified 612 coefficients.
Aggregator did 1530 substitutions.
Reduced MIP has 5030 rows, 4553 columns, and 17638 nonzeros.
Reduced MIP has 612 binaries, 0 generals, 1530 SOSs, and 0 indicators.
Presolve time = 0.17 sec. (25.61 ticks)
Probing changed sense of 34 constraints.
Probing time = 0.28 sec. (4.74 ticks)
Tried aggregator 2 times.
MIP Presolve eliminated 34 rows and 0 columns.
Aggregator did 85 substitutions.
Reduced MIP has 4911 rows, 4468 columns, and 17366 nonzeros.
Reduced MIP has 578 binaries, 0 generals, 1530 SOSs, and 0 indicators.
Presolve time = 0.17 sec. (22.53 ticks)
Probing changed sense of 9 constraints.
Probing time = 0.40 sec. (4.83 ticks)
Clique table members: 272.
MIP emphasis: balance optimality and feasibility.
MIP search method: dynamic search.
Parallel mode: deterministic, using up to 32 threads.
Root relaxation solution time = 0.90 sec. (155.36 ticks)

        Nodes                                         Cuts/
   Node  Left     Objective  IInf  Best Integer    Best Bound    ItCnt     Gap

      0     0        0.8281   518                      0.8281     1508         
      0     0        0.8281   539                   Cuts: 128     3571         
*     0+    0                            1.2095        0.8281            31.53%
      0     0        0.8281   491        1.2095     Cuts: 181     4550   31.53%
      0     0        0.8281   484        1.2095     Cuts: 101     5086   31.53%
      0     0        0.8281   487        1.2095     Cuts: 117     5387   31.53%
*     0+    0                            1.1560        0.8281            28.36%
*     0+    0                            1.1070        0.8281            25.19%
*     0+    0                            1.0752        0.8281            22.98%
      0     2        0.8281   265        1.0752        0.8281     5387   22.98%
Elapsed time = 308.65 sec. (2183.45 ticks, tree = 0.02 MB, solutions = 4)
    650   222        0.8505   348        1.0752        0.8281    23166   22.98%
   2446   999        1.0030   301        1.0752        0.8281    63303   22.98%
   3370  1841        1.0007   198        1.0752        0.8281    88585   22.98%
*  3527  1839      integral     0        0.9537        0.8281    90221   13.16%
   3907  1286        0.8559   185        0.9537        0.8281    99479   13.16%
   4352  1137        1.0023   246        0.9537        0.8281    66798   13.16%
*  4354+ 1252                            0.9504        0.8281            12.86%
   5785  2184        0.8680   219        0.9504        0.8281   149568   12.86%
   8130  3376        0.8737     1        0.9504        0.8281   174223   12.86%
*  9146+ 4185                            0.9456        0.8281            12.42%
*  9191  5001      integral     0        0.9121        0.8281   201820    9.20%
*  9443+ 4243                            0.9016        0.8281             8.15%
*  9633+ 4243                            0.8731        0.8281             5.15%
*  9809+ 4243                            0.8727        0.8281             5.10%
  10536  3666        0.8717    64        0.8727        0.8281   219102    5.10%
* 10928+ 4243                            0.8707        0.8281             4.89%
* 12344+ 4243                            0.8705        0.8281             4.87%
* 13763+ 4243                            0.8704        0.8281             4.86%
* 17568  5823      integral     0        0.8683        0.8281   293252    4.63%
Elapsed time = 389.87 sec. (5153.46 ticks, tree = 167.84 MB, solutions = 33)
* 20798+ 8110                            0.8683        0.8281             4.62%
  26743 13100        0.8550   155        0.8683        0.8281   432188    4.62%
* 28694+14166                            0.8646        0.8281             4.22%
* 29187+13219                            0.8646        0.8281             4.22%
* 29330 13238      integral     0        0.8504        0.8281   476044    2.62%
* 31302+ 5712                            0.8504        0.8281             2.62%
* 31365+ 5743                            0.8504        0.8281             2.62%
* 32807+ 6527                            0.8504        0.8281             2.62%
  35187  8279        0.8433   235        0.8504        0.8281   590797    2.62%
* 35319+ 8156                            0.8504        0.8281             2.62%
* 38975+ 8482                            0.8503        0.8281             2.60%
  38975  8483        0.8281    70        0.8503        0.8281   743835    2.60%
* 38979+ 5655                            0.8486        0.8281             2.42%
  38979  5656        0.8281   201        0.8486        0.8281   744234    2.42%
  41331   893        0.8372   168        0.8486        0.8281   802164    2.42%
* 42351+ 1301                            0.8475        0.8281             2.28%
* 42491+ 1492                            0.8475        0.8281             2.28%
  50039  7099        0.8451   121        0.8475        0.8281   937952    2.28%
  58855 14463        0.8303   198        0.8475        0.8281  1086896    2.28%
* 59264+13056                            0.8455        0.8281             2.05%
* 59265+13346                            0.8454        0.8281             2.05%
  59723  7618        0.8452   172        0.8454        0.8281  1103200    2.05%
* 59974+14304                            0.8454        0.8281             2.04%
* 59992+ 7690                            0.8439        0.8281             1.87%
  60189 13684        0.8405   190        0.8439        0.8281  1069953    1.87%

Flow cuts applied:  8
Gomory fractional cuts applied:  3

Root node processing (before b&c):
  Real time             =  295.15 sec. (2186.44 ticks)
Parallel b&c, 32 threads:
  Real time             =  544.53 sec. (16179.67 ticks)
  Sync time (average)   =  138.13 sec.
  Wait time (average)   =    0.44 sec.
                          ------------
Total (root+branch&cut) =  839.68 sec. (18366.11 ticks)
Solution found
