Model: Diversity_model_3
 - number of variables: 5179
   - binary=490, integer=1, continuous=4688
 - number of constraints: 7281
   - linear=7281
 - parameters: defaults
CPXPARAM_Read_DataCheck                          1
CPXPARAM_RandomSeed                              201804051
CPXPARAM_MIP_Strategy_LBHeur                     1
CPXPARAM_TimeLimit                               86400
CPXPARAM_MIP_Tolerances_MIPGap                   0.02
Tried aggregator 2 times.
MIP Presolve eliminated 987 rows and 987 columns.
MIP Presolve modified 490 coefficients.
Aggregator did 980 substitutions.
Reduced MIP has 5314 rows, 3212 columns, and 15726 nonzeros.
Reduced MIP has 490 binaries, 0 generals, 980 SOSs, and 0 indicators.
Presolve time = 0.05 sec. (19.82 ticks)
Probing changed sense of 32 constraints.
Probing time = 0.14 sec. (4.45 ticks)
Tried aggregator 2 times.
MIP Presolve eliminated 32 rows and 0 columns.
Aggregator did 81 substitutions.
Reduced MIP has 5201 rows, 3131 columns, and 15468 nonzeros.
Reduced MIP has 458 binaries, 0 generals, 980 SOSs, and 0 indicators.
Presolve time = 0.06 sec. (17.26 ticks)
Probing changed sense of 13 constraints.
Probing time = 0.06 sec. (4.63 ticks)
Clique table members: 213.
MIP emphasis: balance optimality and feasibility.
MIP search method: dynamic search.
Parallel mode: deterministic, using up to 32 threads.
Root relaxation solution time = 0.50 sec. (170.47 ticks)

        Nodes                                         Cuts/
   Node  Left     Objective  IInf  Best Integer    Best Bound    ItCnt     Gap

      0     0        0.1729   439                      0.1729     1449         
      0     0        0.1729   381                   Cuts: 184     2214         
*     0+    0                            1.7891        0.1729            90.33%
      0     0        0.1729   422        1.7891     Cuts: 383     2666   90.33%
      0     0        0.1729   373        1.7891     Cuts: 108     2990   90.33%
      0     0        0.1729   398        1.7891     Cuts: 377     3443   90.33%
      0     2        0.1729   344        1.7891        0.1729     3443   90.33%
Elapsed time = 8.19 sec. (1704.97 ticks, tree = 0.02 MB, solutions = 1)
*    19+    1                            1.7448        0.1729            90.09%
    468   356        0.4960   318        1.7448        0.1729    29516   90.09%
   2383  1727        1.2078   288        1.7448        0.1729   108787   90.09%
   5119  4081        1.6449   107        1.7448        0.1729   184430   90.09%
*  6245+ 5023                            1.5943        0.1729            89.15%
*  6429+ 4629                            1.4308        0.1729            87.91%
   6565  4920        1.3714    82        1.4308        0.1729   223846   87.91%
*  6959  5246      integral     0        1.3230        0.1729   239712   86.93%
   7613  3567        0.9905   336        1.3230        0.1729   275435   86.93%
   8536  4239        1.2752   213        1.3230        0.1729   313342   86.93%
*  9068+ 4693                            1.3030        0.1729            86.73%
*  9077+ 4629                            1.2946        0.1729            86.64%
*  9408+ 3698                            1.1517        0.1729            84.98%
   9509  4752        0.9451   199        1.1517        0.1729   338798   84.98%
*  9823+ 4517                            1.1265        0.1729            84.65%
   9884  3562    infeasible              1.1265        0.1729   356446   84.65%
* 10083+ 4517                            1.0997        0.1729            84.27%
* 10488+ 4517                            1.0810        0.1729            84.00%
* 10617+ 3757                            1.0691        0.1729            83.82%
* 10624+ 3757                            1.0662        0.1729            83.78%
* 10641+ 3757                            1.0606        0.1729            83.69%
* 10695+ 3757                            1.0568        0.1729            83.64%
* 10855+ 3742                            1.0430        0.1729            83.42%
  11334  4669        cutoff              1.0430        0.1729   411671   83.42%
Elapsed time = 52.72 sec. (4664.46 ticks, tree = 8.71 MB, solutions = 26)
* 11611+ 2888                            1.0383        0.1729            83.34%
  13238  3830        0.7005   354        1.0383        0.1729   488195   83.34%
* 20924  9361      integral     0        1.0350        0.1729   749477   83.29%
* 22756+ 9437                            1.0148        0.1729            82.96%
  32002 15077        cutoff              1.0148        0.1729  1116584   82.96%
* 33727+14812                            1.0097        0.1729            82.87%
* 34488+15217                            1.0081        0.1729            82.85%
* 35029+14812                            0.9865        0.1729            82.47%
* 36768+15002                            0.9841        0.1729            82.43%
* 36940+15002                            0.9837        0.1729            82.42%
  37243 13721        0.8981   318        0.9837        0.1729  1382195   82.42%
* 37296+15248                            0.9835        0.1729            82.42%
* 38117+15217                            0.9835        0.1729            82.42%
  38680 18917        cutoff              0.9835        0.1729  1365315   82.42%
* 38681+ 9833                            0.9670        0.1731            82.10%
  38681  9834        0.1729   339        0.9670        0.1731  1497317   82.10%
  39777   671        0.9608   193        0.9670        0.1731  1575664   82.10%
  46903  5011        0.9667   219        0.9670        0.1922  1877957   80.13%
* 51814+   28                            0.9478        0.1922            79.72%
* 52070+   28                            0.9476        0.1922            79.72%
  53484  8836        0.8965   319        0.9476        0.1922  2181444   79.72%
* 54188+ 7754                            0.9403        0.2489            73.53%
* 54414+ 7754                            0.9403        0.3771            59.90%
  54415  6729        0.8216   329        0.9403        0.3771  2229986   59.90%
Elapsed time = 232.43 sec. (17050.47 ticks, tree = 11.40 MB, solutions = 323)
* 55855+ 6464                            0.9326        0.5182            44.43%
* 55990+ 6464                            0.9321        0.5182            44.40%
* 56217+ 6464                            0.9301        0.5437            41.54%
  56410  7110        cutoff              0.9301        0.5437  2326566   41.54%
* 56418+ 6633                            0.9300        0.5437            41.54%
* 56442+ 6464                            0.9289        0.5437            41.47%
* 56616+ 6633                            0.9249        0.5437            41.22%
* 59744+ 6297                            0.9229        0.5546            39.90%
  61628  7375        cutoff              0.9229        0.5674  2535215   38.51%
  68342  9586        0.8697   317        0.9229        0.6994  2799098   24.21%
  78266 12428        0.9049   187        0.9229        0.7733  3225727   16.20%
  91449 17640        0.9216   312        0.9229        0.7985  3685923   13.48%
 104814 21562        0.9057   309        0.9229        0.8299  4122144   10.08%
 114811 23658        0.8971   319        0.9229        0.8618  4481582    6.62%
 126197 28250    infeasible              0.9229        0.8684  4894998    5.90%
 140395 32461        0.9213   177        0.9229        0.8690  5302681    5.83%
 155325 38417        0.9161   289        0.9229        0.8705  5791274    5.68%
Elapsed time = 322.52 sec. (26588.30 ticks, tree = 79.77 MB, solutions = 380)
 172086 44106        cutoff              0.9229        0.8728  6225279    5.43%
 191237 52262    infeasible              0.9229        0.8793  6518527    4.72%
 206384 60469        0.9173   206        0.9229        0.8805  6727267    4.60%
 226888 74448        0.9210   228        0.9229        0.8805  7040818    4.60%
 246329 85824        cutoff              0.9229        0.8806  7283149    4.58%
*261537 94624      integral     0        0.9228        0.8813  7471577    4.51%
*267293+95601                            0.9222        0.8816             4.41%
 278997 101222        0.9138   186        0.9222        0.8818  7712575    4.38%
*281816 99551      integral     0        0.9219        0.8818  7658979    4.35%
*287524+102207                            0.9213        0.8821             4.25%
 298872 104303        0.8835   192        0.9213        0.8824  7950975    4.22%
 318244 116060        0.9151   216        0.9213        0.8835  8287752    4.11%
Elapsed time = 388.90 sec. (35069.37 ticks, tree = 294.48 MB, solutions = 385)
 335903 123167        0.9037    96        0.9213        0.8843  8488712    4.02%
*345379 131212      integral     0        0.9198        0.8844  8653348    3.85%
*351722+121126                            0.9187        0.8847             3.70%
*352282+120995                            0.9183        0.8847             3.66%
 352571 113737        0.9121   178        0.9183        0.8847  8785562    3.66%
*354205+123446                            0.9181        0.8847             3.64%
*360377+113840                            0.9172        0.8847             3.54%
*360842+111426                            0.9152        0.8847             3.33%
 360880 111246        0.9006   269        0.9152        0.8847  8854414    3.33%
*362081+111351                            0.9107        0.8847             2.85%
*363651+64746                            0.9053        0.8849             2.26%
 364589 65392        cutoff              0.9053        0.8849  8925045    2.26%
*366873+39858                            0.9044        0.8850             2.14%
 367362 40425        0.8932   150        0.9044        0.8850  8975956    2.14%
*367868+37204                            0.9026        0.8850             1.95%
 367966 39989        0.8872   123        0.9026        0.8850  8945937    1.95%

Implied bound cuts applied:  2
Flow cuts applied:  54
Mixed integer rounding cuts applied:  44
Gomory fractional cuts applied:  30

Root node processing (before b&c):
  Real time             =    5.35 sec. (1715.20 ticks)
Parallel b&c, 32 threads:
  Real time             =  416.64 sec. (39944.72 ticks)
  Sync time (average)   =  160.83 sec.
  Wait time (average)   =    1.47 sec.
                          ------------
Total (root+branch&cut) =  421.99 sec. (41659.93 ticks)
Solution found
