Filter at 1std, 1count, 1%frequency
STD	Number of positions discarded due to coverage deviation: 783
COUNT	Number of nucleotides discarded due to low count: 76
COUNT	Number of columns discarded due to low leading to empty column: 0
FREQ	Number of nucleotides discarded due to low frequency: 0
FREQ	Number of columns discarded due to low frequency leading to empty column: 0
OUT	Number of variable positions: 6
OUT	Number of invariant positions: 4023
OUT	0 kept strains equivalence classes
Filter at 1std, 1 count, 0.5%frequency
STD	Number of positions discarded due to coverage deviation: 783
COUNT	Number of nucleotides discarded due to low count: 76
COUNT	Number of columns discarded due to low leading to empty column: 0
FREQ	Number of nucleotides discarded due to low frequency: 0
FREQ	Number of columns discarded due to low frequency leading to empty column: 0
OUT	Number of variable positions: 6
OUT	Number of invariant positions: 4023
OUT	0 kept strains equivalence classes
Filter at 2std, 1count, 1%frequency
STD	Number of positions discarded due to coverage deviation: 78
COUNT	Number of nucleotides discarded due to low count: 90
COUNT	Number of columns discarded due to low leading to empty column: 0
FREQ	Number of nucleotides discarded due to low frequency: 0
FREQ	Number of columns discarded due to low frequency leading to empty column: 0
OUT	Number of variable positions: 9
OUT	Number of invariant positions: 4725
OUT	0 kept strains equivalence classes
Filter at 2std, 1 count, 0.5%frequency
STD	Number of positions discarded due to coverage deviation: 78
COUNT	Number of nucleotides discarded due to low count: 90
COUNT	Number of columns discarded due to low leading to empty column: 0
FREQ	Number of nucleotides discarded due to low frequency: 0
FREQ	Number of columns discarded due to low frequency leading to empty column: 0
OUT	Number of variable positions: 9
OUT	Number of invariant positions: 4725
OUT	0 kept strains equivalence classes
