Model: Diversity_model_3
 - number of variables: 11891
   - binary=6388, integer=2, continuous=5501
 - number of constraints: 25877
   - linear=25877
 - parameters: defaults
CPXPARAM_Read_DataCheck                          1
CPXPARAM_RandomSeed                              201804051
CPXPARAM_MIP_Strategy_LBHeur                     1
CPXPARAM_TimeLimit                               86400
CPXPARAM_MIP_Tolerances_MIPGap                   0.02
Tried aggregator 2 times.
MIP Presolve eliminated 1218 rows and 1208 columns.
MIP Presolve modified 480 coefficients.
Aggregator did 4155 substitutions.
Reduced MIP has 20504 rows, 6528 columns, and 57601 nonzeros.
Reduced MIP has 3434 binaries, 0 generals, 1200 SOSs, and 0 indicators.
Presolve time = 0.64 sec. (103.56 ticks)
Probing changed sense of 40 constraints.
Probing time = 0.67 sec. (39.76 ticks)
Tried aggregator 2 times.
MIP Presolve eliminated 2978 rows and 318 columns.
Aggregator did 80 substitutions.
Reduced MIP has 17446 rows, 6130 columns, and 49143 nonzeros.
Reduced MIP has 3076 binaries, 0 generals, 1200 SOSs, and 0 indicators.
Presolve time = 0.53 sec. (114.13 ticks)
Probing time = 0.60 sec. (30.47 ticks)
Clique table members: 30752.
MIP emphasis: balance optimality and feasibility.
MIP search method: dynamic search.
Parallel mode: deterministic, using up to 32 threads.
Root relaxation solution time = 5.02 sec. (273.20 ticks)

        Nodes                                         Cuts/
   Node  Left     Objective  IInf  Best Integer    Best Bound    ItCnt     Gap

      0     0        0.9048  1439                      0.9048     3598         
*     0+    0                            3.6848        0.9048            75.45%
      0     0        0.9048  1185        3.6848    Cuts: 2997     5770   75.45%
      0     0        0.9048  1289        3.6848    Cuts: 2171     7673   75.45%
*     0+    0                            1.6959        0.9048            46.65%
      0     0        0.9048   880        1.6959     Cuts: 497     8343   46.65%
*     0+    0                            1.5189        0.9048            40.43%
      0     0        0.9048  1229        1.5189     Cuts: 865     9980   40.43%
*     0+    0                            1.3862        0.9048            34.73%
*     0+    0                            1.3770        0.9048            34.30%
*     0+    0                            1.3717        0.9048            34.04%
*     0+    0                            1.3697        0.9048            33.95%

Repeating presolve.
Tried aggregator 2 times.
MIP Presolve eliminated 10616 rows and 2159 columns.
Aggregator did 40 substitutions.
Reduced MIP has 6790 rows, 3931 columns, and 21759 nonzeros.
Reduced MIP has 917 binaries, 0 generals, 1200 SOSs, and 0 indicators.
Presolve time = 0.14 sec. (41.77 ticks)
Probing time = 0.32 sec. (8.86 ticks)
Tried aggregator 1 time.
MIP Presolve eliminated 476 rows and 67 columns.
Reduced MIP has 6314 rows, 3864 columns, and 20465 nonzeros.
Reduced MIP has 850 binaries, 0 generals, 1200 SOSs, and 0 indicators.
Presolve time = 0.08 sec. (20.86 ticks)
Probing time = 0.23 sec. (6.15 ticks)
Tried aggregator 1 time.
MIP Presolve eliminated 28 rows and 4 columns.
Reduced MIP has 6286 rows, 3860 columns, and 20389 nonzeros.
Reduced MIP has 846 binaries, 0 generals, 1200 SOSs, and 0 indicators.
Presolve time = 0.11 sec. (24.22 ticks)
Represolve time = 1.12 sec. (250.99 ticks)
Probing time = 0.18 sec. (3.50 ticks)
Clique table members: 6984.
MIP emphasis: balance optimality and feasibility.
MIP search method: dynamic search.
Parallel mode: deterministic, using up to 32 threads.
Root relaxation solution time = 26.70 sec. (343.11 ticks)

        Nodes                                         Cuts/
   Node  Left     Objective  IInf  Best Integer    Best Bound    ItCnt     Gap

*     0+    0                            1.3697        0.9048            33.95%
      0     0        0.9052   640        1.3697        0.9052    10001   33.92%
      0     0        0.9151   652        1.3697     Cuts: 865    11445   33.19%
      0     0        0.9166   654        1.3697     Cuts: 443    12030   33.08%
      0     0        0.9166   705        1.3697     Cuts: 244    12419   33.08%
      0     0        0.9166   450        1.3697      Cuts: 36    12640   33.08%
      0     0        0.9166   563        1.3697     Cuts: 340    13258   33.08%
      0     2        0.9166   400        1.3697        0.9166    13258   33.08%
Elapsed time = 265.32 sec. (11655.24 ticks, tree = 0.02 MB, solutions = 7)
*     1+    1                            1.3676        0.9166            32.98%
      1     3        0.9166   373        1.3676        0.9166    14006   32.98%
      5     7        0.9339   424        1.3676        0.9166    19496   32.98%
     29    25        0.9166   403        1.3676        0.9166    28620   32.98%
*   171+   20                            1.3662        0.9166            32.91%
    232   113        1.3610   308        1.3662        0.9166    51350   32.91%
    599   410        1.0131   336        1.3662        0.9166   104452   32.91%
   1060   691        1.0163   245        1.3662        0.9166   137881   32.91%
   1686  1285        0.9675   441        1.3662        0.9166   188529   32.91%
*  1856+ 1246                            1.3545        0.9166            32.33%
*  2028+  944                            1.3505        0.9166            32.13%
   2502  1798        0.9225   433        1.3505        0.9166   225798   32.13%
   3451  2244        1.0836   265        1.3505        0.9166   248468   32.13%
*  4131+ 1823                            1.3448        0.9166            31.84%
*  4242+ 2077                            1.3068        0.9166            29.86%
*  4301+ 2237                            1.3029        0.9166            29.65%
*  4545+ 2077                            1.2975        0.9166            29.36%
*  4615+ 1842                            1.2899        0.9166            28.94%
*  4633+ 1821                            1.2831        0.9166            28.56%
*  5034  3443      integral     0        1.2813        0.9166   353689   28.46%
*  5312+ 3576                            1.2663        0.9166            27.62%
   5425  3785        0.9400   295        1.2663        0.9166   394539   27.62%
Elapsed time = 359.21 sec. (15032.01 ticks, tree = 136.03 MB, solutions = 39)
*  5818+ 3745                            1.2149        0.9166            24.55%
*  6074+ 3678                            1.1943        0.9166            23.25%
*  6132+ 3678                            1.1943        0.9166            23.25%
*  6183  4047      integral     0        1.1488        0.9166   431175   20.21%
   7132  3606        0.9539   430        1.1488        0.9166   475889   20.21%
*  7918  4347      integral     0        1.1184        0.9166   519785   18.04%
*  8537  4375      integral     0        1.0766        0.9166   552714   14.86%
*  9613+ 4537                            1.0003        0.9166             8.37%
  10179  2782        cutoff              1.0003        0.9166   653919    8.37%
  11445  3630        0.9642   300        1.0003        0.9166   766782    8.37%
* 12149+ 3011                            0.9936        0.9166             7.75%
  12625  4251        0.9823   391        0.9936        0.9166   856903    7.75%
* 12841+ 3162                            0.9934        0.9166             7.73%
* 12876+ 3162                            0.9919        0.9166             7.59%
  14048  4501        0.9382   313        0.9919        0.9166   959859    7.59%
  15578  5262        0.9874   384        0.9919        0.9166  1053279    7.59%
* 15745+ 5229                            0.9906        0.9166             7.47%
* 16363+ 5294                            0.9906        0.9166             7.47%
  18485  6636        0.9193   484        0.9906        0.9166  1203542    7.47%
* 21320+ 7267                            0.9885        0.9166             7.27%
  21800  8400        0.9860   359        0.9885        0.9166  1408907    7.27%
  24861 10534        0.9883   412        0.9885        0.9166  1593484    7.27%
Elapsed time = 429.12 sec. (24370.16 ticks, tree = 539.77 MB, solutions = 145)
  27991 12227        cutoff              0.9885        0.9166  1762009    7.27%
  31697 14114        0.9856   431        0.9885        0.9166  1906724    7.27%
  34666 16936        0.9813   374        0.9885        0.9166  2134426    7.27%
* 36353 17650      integral     0        0.9854        0.9166  2176079    6.98%
  38300 17439        cutoff              0.9854        0.9166  2268098    6.98%
* 40667+17607                            0.9749        0.9166             5.98%
  41735 19746        0.9627   212        0.9749        0.9166  2450428    5.98%
  45331 16727        0.9502   399        0.9749        0.9166  2605421    5.98%
  46219 20360        0.9257   474        0.9749        0.9166  2494485    5.98%
* 46221+12332                            0.9748        0.9175             5.88%
  46221 12333        0.9166   386        0.9748        0.9175  2802135    5.88%
  46222 12334        0.9166   713        0.9748        0.9175  2808522    5.88%
  46224 12334        0.9481   716        0.9748        0.9175  2812364    5.88%
Elapsed time = 627.46 sec. (44687.37 ticks, tree = 651.78 MB, solutions = 187)
  46232  9868        cutoff              0.9748        0.9175  2825253    5.88%
  46250   972        0.9509   625        0.9748        0.9175  2824965    5.88%
  47407   310        0.9606   336        0.9748        0.9175  2914095    5.88%
* 48558+  837                            0.9748        0.9175             5.88%
  49135  1310        cutoff              0.9748        0.9175  3038252    5.88%
* 49484+  923                            0.9748        0.9175             5.88%
  51264  2550        cutoff              0.9748        0.9176  3142954    5.87%
  52846  3655        0.9265   546        0.9748        0.9176  3243257    5.87%
* 53209+ 2619                            0.9722        0.9176             5.62%
  53209  2597        0.9304   518        0.9722        0.9176  3147706    5.62%
  53563  3806        0.9243   513        0.9722        0.9176  3273359    5.62%
  54862  4517        0.9324   549        0.9722        0.9177  3320295    5.61%
  56202  5349        0.9529   433        0.9722        0.9177  3378917    5.61%
Elapsed time = 715.33 sec. (54820.21 ticks, tree = 220.14 MB, solutions = 189)
  59250  6384        0.9674   206        0.9722        0.9186  3462591    5.52%
  64530  9654        0.9621   370        0.9722        0.9186  3636166    5.52%
  68628 12879        0.9622   500        0.9722        0.9217  3822984    5.19%
  73580 15093        0.9443   425        0.9722        0.9221  3974564    5.15%
  77776 18823        0.9240   513        0.9722        0.9228  4215776    5.09%
  82915 21584        0.9300   502        0.9722        0.9229  4371386    5.07%
  89437 24802        0.9487   476        0.9722        0.9246  4540643    4.89%
  93821 27983        0.9512   432        0.9722        0.9250  4703999    4.85%
  97528 29793        0.9488   407        0.9722        0.9253  4821624    4.82%
 101837 32542        cutoff              0.9722        0.9256  4977692    4.79%
Elapsed time = 787.91 sec. (64358.76 ticks, tree = 1562.22 MB, solutions = 189)
 104956 35072        0.9711   410        0.9722        0.9256  5130822    4.79%
 108941 36837        0.9309   488        0.9722        0.9256  5229661    4.79%
 113175 39699        0.9279   511        0.9722        0.9256  5387100    4.79%
 115655 41536        0.9652   269        0.9722        0.9256  5486830    4.79%
 119813 43066        cutoff              0.9722        0.9256  5575934    4.79%
 123878 44611        cutoff              0.9722        0.9256  5644854    4.79%
 127527 47402        0.9420   450        0.9722        0.9256  5796136    4.79%
 131453 49512        0.9508   409        0.9722        0.9256  5913488    4.79%
 135646 52537        0.9290   425        0.9722        0.9256  6062778    4.79%
 138663 53673        0.9286   521        0.9722        0.9256  6123145    4.79%
Elapsed time = 901.75 sec. (73897.74 ticks, tree = 2578.92 MB, solutions = 189)
Nodefile size = 525.23 MB (440.34 MB after compression)
 141909 56058        0.9597   410        0.9722        0.9256  6264533    4.79%
 147682 57539        0.9301   498        0.9722        0.9256  6345710    4.79%
 152546 60383        0.9717   343        0.9722        0.9256  6479323    4.79%
 156809 61729        0.9522   504        0.9722        0.9256  6546718    4.79%
 161010 66372        0.9309   585        0.9722        0.9256  6775643    4.79%
 165790 68658        0.9411   425        0.9722        0.9256  6898791    4.79%
 169528 69483        0.9700   386        0.9722        0.9256  6941602    4.79%
 171776 72352        cutoff              0.9722        0.9256  7086037    4.79%
 175072 74379        0.9616   327        0.9722        0.9291  7197658    4.43%
 180564 77145        0.9683   337        0.9722        0.9294  7383568    4.41%
Elapsed time = 1064.60 sec. (83437.30 ticks, tree = 3703.99 MB, solutions = 189)
Nodefile size = 1650.32 MB (1385.87 MB after compression)
 186317 79659        0.9651   436        0.9722        0.9295  7540579    4.39%
 190542 82663        0.9310   488        0.9722        0.9295  7680872    4.39%
 195593 83455        0.9398   521        0.9722        0.9295  7724837    4.39%
 199846 87325        0.9680   409        0.9722        0.9295  7926119    4.39%
 203630 88750        0.9691   327        0.9722        0.9295  7992830    4.39%
 207494 92136        cutoff              0.9722        0.9295  8161748    4.39%
 211268 93533        cutoff              0.9722        0.9295  8232356    4.39%
 214952 96391        cutoff              0.9722        0.9295  8387532    4.39%
 218694 99434        0.9378   416        0.9722        0.9295  8550013    4.39%
 222276 101549        0.9546   397        0.9722        0.9306  8673857    4.27%
Elapsed time = 1269.34 sec. (92977.60 ticks, tree = 4908.85 MB, solutions = 189)
Nodefile size = 2851.41 MB (2399.69 MB after compression)
 228127 102278        cutoff              0.9722        0.9306  8723809    4.27%
 232109 104690        0.9452   484        0.9722        0.9306  8861195    4.27%
 236541 107127        0.9433   409        0.9722        0.9306  8985214    4.27%
 240717 110376        cutoff              0.9722        0.9306  9153929    4.27%
 244284 112004        0.9479   475        0.9722        0.9306  9239447    4.27%
 247817 114212        cutoff              0.9722        0.9306  9357857    4.27%
 251453 116419        0.9570   493        0.9722        0.9306  9478135    4.27%
 252204 120060        0.9188   505        0.9722        0.9323  9714716    4.11%
 252206 120061        0.9226   475        0.9722        0.9323  9715116    4.11%
 252211 57629        0.9188   518        0.9722        0.9323  9715074    4.11%
Elapsed time = 1511.95 sec. (116363.26 ticks, tree = 982.88 MB, solutions = 189)
 252229  8702        0.9549   508        0.9722        0.9323  9721361    4.11%
 252254   621        0.9247   659        0.9722        0.9323  9735576    4.11%
 252395    71        0.9300   417        0.9722        0.9323  9795321    4.11%
 252686   214        0.9710   473        0.9722        0.9323  9909060    4.11%
 253039   377        0.9673   450        0.9722        0.9323 10005022    4.11%
 253454   567        0.9560   328        0.9722        0.9323 10099883    4.11%
 254086   940        0.9363   534        0.9722        0.9323 10240388    4.11%
 254459  1199        0.9267   527        0.9722        0.9323 10350508    4.11%
 254802  1380        0.9665   475        0.9722        0.9323 10430086    4.11%
 256179  2254        0.9243   503        0.9722        0.9323 10781043    4.11%
Elapsed time = 1604.99 sec. (128881.39 ticks, tree = 4.26 MB, solutions = 189)
 258891  3806        0.9263   496        0.9722        0.9323 11289210    4.11%
 262289  5967        0.9676   269        0.9722        0.9323 11845168    4.11%
 266443  8299        cutoff              0.9722        0.9323 12522277    4.11%
 272224 11397        0.9536   381        0.9722        0.9323 12972259    4.11%
 277781 15429        0.9717   320        0.9722        0.9323 13606213    4.11%
 283420 17810        cutoff              0.9722        0.9323 14049468    4.11%
 289293 21493    infeasible              0.9722        0.9323 14599923    4.11%
 295620 25499        0.9697   476        0.9722        0.9323 15216457    4.11%
 302004 28460        0.9683   284        0.9722        0.9323 15620891    4.11%
 308587 33094        0.9300   501        0.9722        0.9323 16260034    4.11%
Elapsed time = 1971.64 sec. (167035.42 ticks, tree = 82.51 MB, solutions = 189)
 319153 38948        0.9450   419        0.9722        0.9323 16996943    4.11%
 326809 42957        0.9610   354        0.9722        0.9323 17476154    4.11%
 337888 48043        0.9345   474        0.9722        0.9323 18158123    4.11%
 345511 53814        0.9663   461        0.9722        0.9327 18973242    4.06%
 352881 57905        0.9621   371        0.9722        0.9336 19536430    3.97%
 364738 63399        0.9581   345        0.9722        0.9341 20265039    3.92%
 372579 67598        0.9705   299        0.9722        0.9346 20859804    3.87%
 382513 73150        0.9714   290        0.9722        0.9353 21646743    3.80%
 393923 78517        0.9657   341        0.9722        0.9358 22354497    3.74%
 398358 82736        0.9539   370        0.9722        0.9360 22938885    3.73%
Elapsed time = 2279.86 sec. (205186.89 ticks, tree = 219.26 MB, solutions = 189)
 406170 85302        0.9669   279        0.9722        0.9365 23237111    3.67%
 417645 90175        0.9716   258        0.9722        0.9368 23942046    3.64%
 428554 97431        0.9471   383        0.9722        0.9374 24943761    3.58%
 436742 100797        0.9460   439        0.9722        0.9378 25417443    3.54%
 445326 105781        cutoff              0.9722        0.9382 26101192    3.49%
 459752 110607        0.9443   369        0.9722        0.9387 26704614    3.45%
 470799 120530        0.9656   291        0.9722        0.9390 27893155    3.42%
 480321 124266        0.9674   302        0.9722        0.9393 28339369    3.38%
 490168 130486        cutoff              0.9722        0.9396 29046588    3.35%
 506381 136201        cutoff              0.9722        0.9399 29729603    3.32%
Elapsed time = 2524.66 sec. (243338.31 ticks, tree = 376.95 MB, solutions = 189)
 515378 142557        cutoff              0.9722        0.9401 30456892    3.30%
 524279 149587        0.9408   354        0.9722        0.9403 31336306    3.28%
 539143 152266        0.9461   431        0.9722        0.9407 31685065    3.24%
 548752 161125        0.9587   363        0.9722        0.9409 32805806    3.22%
 557627 165859        0.9662   326        0.9722        0.9412 33408447    3.19%
 571046 172233        0.9677   349        0.9722        0.9414 34118271    3.17%
 584336 179588        0.9661   315        0.9722        0.9415 34932821    3.16%
 593465 185581        cutoff              0.9722        0.9416 35638378    3.15%
 601708 191141        0.9558   348        0.9722        0.9418 36383995    3.13%
 610486 194647        0.9683   283        0.9722        0.9419 36857409    3.12%
Elapsed time = 2765.17 sec. (281487.31 ticks, tree = 551.71 MB, solutions = 189)
 615171 195371        0.9702   342        0.9722        0.9419 36949951    3.11%
 620669 200995        0.9668   340        0.9722        0.9420 37726065    3.10%
 629533 205486        0.9608   318        0.9722        0.9420 38330831    3.10%
 641698 210750        0.9429   357        0.9722        0.9422 39102023    3.09%
 649435 215544        0.9509   334        0.9722        0.9423 39829720    3.07%
 656549 221162        cutoff              0.9722        0.9425 40744121    3.05%
 663440 223339        0.9437   473        0.9722        0.9426 41120784    3.04%
 668872 227684        0.9710   290        0.9722        0.9427 41976537    3.04%
 674292 229495        0.9471   461        0.9722        0.9428 42436558    3.03%
 680442 233704        0.9436   384        0.9722        0.9428 43382637    3.02%
Elapsed time = 2994.70 sec. (319638.45 ticks, tree = 670.31 MB, solutions = 189)
 686142 235832        cutoff              0.9722        0.9429 43881836    3.01%
 691035 239488        0.9697   293        0.9722        0.9430 44714957    3.01%
 695998 242108        0.9628   310        0.9722        0.9430 45297501    3.00%
 702111 244648        0.9507   474        0.9722        0.9431 45952427    2.99%
 708181 247110        0.9444   369        0.9722        0.9432 46531049    2.98%
 714153 249815        cutoff              0.9722        0.9433 47210489    2.97%
 720121 254233        cutoff              0.9722        0.9434 48327482    2.97%
 726466 257191        0.9633   362        0.9722        0.9434 48976626    2.96%
 733003 259487        0.9664   291        0.9722        0.9435 49497038    2.95%
 737266 263071        0.9496   338        0.9722        0.9436 50283142    2.95%
Elapsed time = 3218.26 sec. (357789.81 ticks, tree = 757.37 MB, solutions = 189)
 743000 265721        0.9654   280        0.9722        0.9436 50858799    2.94%
 749016 268432        0.9528   331        0.9722        0.9437 51522691    2.93%
 755143 270949        0.9698   254        0.9722        0.9438 52084729    2.93%
 760601 275110        0.9655   508        0.9722        0.9438 53113803    2.92%
 766842 278226        0.9710   270        0.9722        0.9439 53871925    2.91%
 772640 281233        0.9482   451        0.9722        0.9439 54543968    2.91%
 778166 284302        0.9710   275        0.9722        0.9440 55327990    2.90%
 781757 286181        0.9669   246        0.9722        0.9440 55834294    2.90%
 787586 289289        0.9679   294        0.9722        0.9441 56534767    2.89%
 793477 292584        0.9710   270        0.9722        0.9442 57380181    2.88%
Elapsed time = 3438.48 sec. (395942.89 ticks, tree = 849.34 MB, solutions = 189)
 799159 294708        0.9715   261        0.9722        0.9442 57949622    2.88%
 804700 297422        0.9671   237        0.9722        0.9443 58662182    2.87%
 810938 301505        0.9697   292        0.9722        0.9443 59602044    2.87%
 817179 305402        0.9699   236        0.9722        0.9444 60562926    2.86%
 822555 308263        0.9709   287        0.9722        0.9444 61255996    2.85%
 826032 310059        cutoff              0.9722        0.9445 61722070    2.85%
 831342 311762        0.9708   280        0.9722        0.9445 62189795    2.85%
 837328 314323        0.9674   277        0.9722        0.9446 62953069    2.84%
 842995 317616        0.9673   223        0.9722        0.9446 63775103    2.84%
 848391 320456        0.9634   304        0.9722        0.9447 64555372    2.83%
Elapsed time = 3675.74 sec. (434095.13 ticks, tree = 934.73 MB, solutions = 189)
 853755 323929        0.9671   344        0.9722        0.9447 65454663    2.83%
 859513 327169        0.9450   384        0.9722        0.9447 66339474    2.83%
 863332 329312        0.9655   305        0.9722        0.9448 66946327    2.82%
 868406 331372        0.9658   281        0.9722        0.9448 67552489    2.81%
 873981 334261        0.9662   483        0.9722        0.9449 68340061    2.81%
 878828 335644        0.9651   347        0.9722        0.9449 68695359    2.80%
 884289 339072        0.9495   353        0.9722        0.9450 69673076    2.80%
 890013 340998        0.9649   422        0.9722        0.9450 70235003    2.79%
 893742 344192        0.9719   293        0.9722        0.9451 71104355    2.79%
 898774 346417        0.9497   425        0.9722        0.9451 71778295    2.78%
Elapsed time = 3915.51 sec. (472248.36 ticks, tree = 1017.12 MB, solutions = 189)
 904203 349680        0.9668   287        0.9722        0.9452 72722217    2.78%
 909194 350688        0.9461   343        0.9722        0.9452 73005177    2.77%
*913205+353039                            0.9715        0.9453             2.70%
 914345 354032        0.9566   362        0.9715        0.9453 74078681    2.70%
 918825 335340    infeasible              0.9715        0.9453 74825769    2.69%
 922955 337242        0.9480   460        0.9715        0.9454 75519421    2.69%
*924574+338249                            0.9714        0.9454             2.67%
 926387 335700        0.9478   339        0.9714        0.9454 76183693    2.67%
 931473 337543        cutoff              0.9714        0.9455 76724781    2.67%
 936508 340725        0.9607   325        0.9714        0.9455 77807836    2.66%
 940739 342100        0.9513   479        0.9714        0.9456 78190804    2.66%
*943857+342587                            0.9713        0.9456             2.65%
*944086+343638                            0.9713        0.9456             2.65%
 944684 344123    infeasible              0.9713        0.9456 78822874    2.65%
Elapsed time = 4139.50 sec. (510400.51 ticks, tree = 1006.30 MB, solutions = 195)
*947012+342958                            0.9712        0.9456             2.64%
 949241 344670        0.9661   319        0.9712        0.9456 79497578    2.63%
 954370 343296        0.9628   309        0.9712        0.9457 80201357    2.63%
 959424 345675        0.9533   345        0.9712        0.9457 80970606    2.62%
 964827 349562        0.9506   337        0.9712        0.9457 82176173    2.62%
 968937 350941        0.9507   485        0.9712        0.9458 82607123    2.62%
 973723 352925        0.9628   325        0.9712        0.9458 83192056    2.61%
 979320 356058        0.9621   380        0.9712        0.9459 84086341    2.61%
 984702 358283        cutoff              0.9712        0.9459 84732008    2.60%
 990070 362175        0.9675   317        0.9712        0.9459 85874156    2.60%
 995046 363471        0.9545   396        0.9712        0.9460 86315450    2.60%
Elapsed time = 4367.70 sec. (548553.82 ticks, tree = 1064.48 MB, solutions = 196)
 998749 366784        0.9684   309        0.9712        0.9460 87365382    2.59%
 1003676 367666        0.9467   364        0.9712        0.9461 87651192    2.59%
 1009532 371801        0.9661   273        0.9712        0.9461 88964688    2.58%
 1014484 374410        cutoff              0.9712        0.9461 89816938    2.58%
 1020058 377021        0.9704   295        0.9712        0.9462 90673262    2.57%
 1024993 378675        0.9692   315        0.9712        0.9462 91212653    2.57%
 1029028 380889        0.9693   324        0.9712        0.9463 91906954    2.57%
 1034664 382203        0.9701   326        0.9712        0.9463 92380574    2.56%
 1040283 385549        0.9666   280        0.9712        0.9463 93308567    2.56%
 1045820 389045        0.9680   267        0.9712        0.9464 94291069    2.55%
Elapsed time = 4576.90 sec. (586705.52 ticks, tree = 1142.97 MB, solutions = 196)
 1050951 392578        0.9711   394        0.9712        0.9464 95309972    2.55%
*1052798+392769                            0.9711        0.9464             2.54%
 1054669 393819        0.9682   189        0.9711        0.9464 95685700    2.54%
 1059778 392817        0.9687   296        0.9711        0.9465 96096901    2.54%
 1064776 396778        0.9694   309        0.9711        0.9465 97333339    2.53%
 1070169 399446        cutoff              0.9711        0.9466 98280237    2.53%
 1075326 400642        0.9701   249        0.9711        0.9466 98660414    2.53%
 1080154 402973        0.9683   280        0.9711        0.9466 99391278    2.52%
 1084966 406424        0.9535   416        0.9711        0.9467 1.01e+08    2.52%
*1085566+404703                            0.9709        0.9467             2.49%
 1089631 399051        0.9695   241        0.9709        0.9467 1.01e+08    2.49%
 1095450 399903        0.9699   280        0.9709        0.9467 1.02e+08    2.49%
Elapsed time = 4790.07 sec. (624856.96 ticks, tree = 1178.68 MB, solutions = 198)
 1101194 403772        cutoff              0.9709        0.9467 1.03e+08    2.48%
 1106573 407043        0.9499   317        0.9709        0.9468 1.04e+08    2.48%
*1107104+405466                            0.9676        0.9468             2.15%
 1111493 297465        0.9642   292        0.9676        0.9468 1.05e+08    2.15%
 1116526 298750        0.9618   342        0.9676        0.9468 1.05e+08    2.15%
 1121626 301196        0.9549   382        0.9676        0.9469 1.06e+08    2.14%
 1126815 302967        cutoff              0.9676        0.9469 1.07e+08    2.14%
 1131816 305196        0.9648   313        0.9676        0.9470 1.08e+08    2.14%
 1137087 306912        0.9661   298        0.9676        0.9470 1.08e+08    2.13%
 1142629 309229        0.9475   348        0.9676        0.9470 1.09e+08    2.13%
 1148065 311859        0.9652   293        0.9676        0.9471 1.10e+08    2.13%
Elapsed time = 5009.83 sec. (663012.36 ticks, tree = 902.47 MB, solutions = 199)
 1153533 314320        0.9657   275        0.9676        0.9471 1.11e+08    2.12%
 1159052 316002        cutoff              0.9676        0.9471 1.12e+08    2.12%
 1164093 318131        0.9474   426        0.9676        0.9472 1.12e+08    2.11%
 1169196 321746        0.9610   418        0.9676        0.9472 1.14e+08    2.11%
 1174130 322659        cutoff              0.9676        0.9473 1.14e+08    2.10%
 1179176 324711        0.9641   278        0.9676        0.9473 1.15e+08    2.10%
 1184601 327506        0.9581   366        0.9676        0.9474 1.16e+08    2.09%
 1189917 330708        0.9475   377        0.9676        0.9474 1.17e+08    2.09%
 1195048 331278        cutoff              0.9676        0.9475 1.17e+08    2.08%
 1200264 334693        0.9574   276        0.9676        0.9475 1.19e+08    2.08%
Elapsed time = 5223.89 sec. (701171.59 ticks, tree = 971.08 MB, solutions = 199)
 1205205 336710        cutoff              0.9676        0.9475 1.20e+08    2.08%
 1210224 337038        0.9594   338        0.9676        0.9476 1.20e+08    2.07%
 1215450 340561        0.9675   348        0.9676        0.9476 1.21e+08    2.07%
 1220467 342730        cutoff              0.9676        0.9477 1.22e+08    2.06%
 1225987 344621        cutoff              0.9676        0.9477 1.23e+08    2.06%
 1230950 347015        cutoff              0.9676        0.9477 1.24e+08    2.05%
 1236211 349248        cutoff              0.9676        0.9478 1.24e+08    2.05%
 1241397 349713        0.9532   479        0.9676        0.9478 1.25e+08    2.05%
 1246647 353394        0.9498   463        0.9676        0.9478 1.26e+08    2.04%
 1252072 355060        cutoff              0.9676        0.9479 1.27e+08    2.04%
Elapsed time = 5441.60 sec. (739332.94 ticks, tree = 1039.88 MB, solutions = 199)
 1257122 358455        0.9673   277        0.9676        0.9479 1.28e+08    2.03%
 1262250 359159        0.9516   446        0.9676        0.9480 1.28e+08    2.03%
 1267633 361835        0.9676   243        0.9676        0.9480 1.29e+08    2.03%
 1273176 365264        0.9653   303        0.9676        0.9480 1.30e+08    2.02%
 1278549 366160        0.9676   246        0.9676        0.9481 1.31e+08    2.02%
 1283474 369391        0.9628   306        0.9676        0.9481 1.32e+08    2.02%
 1288191 370739        0.9621   299        0.9676        0.9482 1.32e+08    2.01%

GUB cover cuts applied:  1
Clique cuts applied:  518
Implied bound cuts applied:  49
Flow cuts applied:  44
Mixed integer rounding cuts applied:  883
Zero-half cuts applied:  41
Lift and project cuts applied:  27
Gomory fractional cuts applied:  54

Root node processing (before b&c):
  Real time             =  260.97 sec. (11664.62 ticks)
Parallel b&c, 32 threads:
  Real time             = 5343.40 sec. (756616.93 ticks)
  Sync time (average)   = 1926.00 sec.
  Wait time (average)   =    3.47 sec.
                          ------------
Total (root+branch&cut) = 5604.36 sec. (768281.55 ticks)
Solution found
