Model: Diversity_model_3
 - number of variables: 42033
   - binary=34412, integer=2, continuous=7619
 - number of constraints: 103878
   - linear=103878
 - parameters: defaults
CPXPARAM_Read_DataCheck                          1
CPXPARAM_RandomSeed                              201804051
CPXPARAM_MIP_Strategy_LBHeur                     1
CPXPARAM_TimeLimit                               86400
CPXPARAM_MIP_Tolerances_MIPGap                   0.02
Tried aggregator 2 times.
MIP Presolve eliminated 1614 rows and 1608 columns.
MIP Presolve modified 800 coefficients.
Aggregator did 18407 substitutions.
Reduced MIP has 83857 rows, 22018 columns, and 220010 nonzeros.
Reduced MIP has 17606 binaries, 0 generals, 1600 SOSs, and 0 indicators.
Presolve time = 4.13 sec. (587.14 ticks)
Probing changed sense of 80 constraints.
Probing time = 8.39 sec. (50.82 ticks)
Tried aggregator 2 times.
MIP Presolve eliminated 10149 rows and 1984 columns.
Aggregator did 160 substitutions.
Reduced MIP has 73548 rows, 19874 columns, and 193211 nonzeros.
Reduced MIP has 15542 binaries, 0 generals, 1600 SOSs, and 0 indicators.
Presolve time = 3.85 sec. (767.49 ticks)
Probing time = 12.26 sec. (40.77 ticks)
Clique table members: 116530.
MIP emphasis: balance optimality and feasibility.
MIP search method: dynamic search.
Parallel mode: deterministic, using up to 32 threads.
Root relaxation solution time = 73.89 sec. (1422.15 ticks)

        Nodes                                         Cuts/
   Node  Left     Objective  IInf  Best Integer    Best Bound    ItCnt     Gap

      0     0        0.8211  9280                      0.8211       26         
      0     0        0.8211  5915                  Cuts: 6588     2868         
      0     0        0.8211  6189                  Cuts: 8948     6548         

Repeating presolve.
Tried aggregator 2 times.
MIP Presolve eliminated 51215 rows and 12175 columns.
Aggregator did 80 substitutions.
Reduced MIP has 22253 rows, 7619 columns, and 64145 nonzeros.
Reduced MIP has 3367 binaries, 0 generals, 1600 SOSs, and 0 indicators.
Presolve time = 1.21 sec. (158.81 ticks)
Probing time = 0.57 sec. (37.77 ticks)
Tried aggregator 1 time.
MIP Presolve eliminated 2010 rows and 384 columns.
Reduced MIP has 20243 rows, 7235 columns, and 58883 nonzeros.
Reduced MIP has 2983 binaries, 0 generals, 1600 SOSs, and 0 indicators.
Presolve time = 1.29 sec. (77.36 ticks)
Probing time = 0.56 sec. (28.57 ticks)
Tried aggregator 1 time.
MIP Presolve eliminated 1100 rows and 190 columns.
Reduced MIP has 19143 rows, 7045 columns, and 55963 nonzeros.
Reduced MIP has 2793 binaries, 0 generals, 1600 SOSs, and 0 indicators.
Presolve time = 0.36 sec. (72.36 ticks)
Probing time = 0.46 sec. (29.82 ticks)
Tried aggregator 1 time.
MIP Presolve eliminated 2046 rows and 356 columns.
Reduced MIP has 17097 rows, 6689 columns, and 50537 nonzeros.
Reduced MIP has 2437 binaries, 0 generals, 1600 SOSs, and 0 indicators.
Presolve time = 0.16 sec. (64.12 ticks)
Probing time = 0.42 sec. (23.63 ticks)
Tried aggregator 1 time.
MIP Presolve eliminated 2606 rows and 449 columns.
Reduced MIP has 14491 rows, 6240 columns, and 43617 nonzeros.
Reduced MIP has 1988 binaries, 0 generals, 1600 SOSs, and 0 indicators.
Presolve time = 0.12 sec. (55.38 ticks)
Probing time = 0.40 sec. (17.88 ticks)
Tried aggregator 1 time.
MIP Presolve eliminated 995 rows and 169 columns.
Reduced MIP has 13496 rows, 6071 columns, and 40970 nonzeros.
Reduced MIP has 1819 binaries, 0 generals, 1600 SOSs, and 0 indicators.
Presolve time = 0.14 sec. (58.24 ticks)
Represolve time = 7.92 sec. (1918.97 ticks)
Probing time = 0.36 sec. (10.24 ticks)
Clique table members: 23653.
MIP emphasis: balance optimality and feasibility.
MIP search method: dynamic search.
Parallel mode: deterministic, using up to 32 threads.
Root relaxation solution time = 52.18 sec. (697.78 ticks)

        Nodes                                         Cuts/
   Node  Left     Objective  IInf  Best Integer    Best Bound    ItCnt     Gap

      0     0        0.8211  1466                      0.8211    12860         
      0     0        0.8310  1131                  Cuts: 1677    18557         
      0     0        0.8318  1229                   Cuts: 966    21888         
      0     0        0.8322  1225                   Cuts: 753    23387         
*     0+    0                            2.4867        0.8322            66.53%
      0     0        0.8325  1198        2.4867     Cuts: 692    25494   66.52%
*     0+    0                            2.4406        0.8325            65.89%
*     0+    0                            2.4052        0.8325            65.39%
*     0+    0                            1.5029        0.8325            44.61%
      0     0        0.8325  1175        1.5029     Cuts: 237    26134   44.61%
      0     0        0.8325  1186        1.5029     Cuts: 146    26724   44.61%
      0     0        0.8325   925        1.5029     Cuts: 117    27271   44.61%
*     0+    0                            1.5022        0.8325            44.58%
      0     0        0.8325   995        1.5022     Cuts: 476    28254   44.58%
*     0+    0                            1.5015        0.8325            44.56%
*     0+    0                            1.5011        0.8325            44.54%
      0     2        0.8325   713        1.5011        0.8325    28254   44.54%
Elapsed time = 364.38 sec. (29823.78 ticks, tree = 0.02 MB, solutions = 7)
      4     6        1.3862   715        1.5011        0.8325    29535   44.54%
     24    14        1.3903   759        1.5011        0.8325    31300   44.54%
    164    19        1.1970   795        1.5011        0.8325    32377   44.54%
    394   194        1.4007   785        1.5011        0.8325    67826   44.54%
    669   391        0.9807   778        1.5011        0.8325    94112   44.54%
    946   578        1.4180   636        1.5011        0.8325   126304   44.54%
   1360   718        1.4177   726        1.5011        0.8325   146158   44.54%
   1898  1052        cutoff              1.5011        0.8325   174997   44.54%
   2500  1311        1.4822   578        1.5011        0.8325   195770   44.54%
*  3480+ 1438                            1.4961        0.8325            44.36%
   3605  1954        1.4411   558        1.4961        0.8325   277091   44.36%
Elapsed time = 417.64 sec. (32972.24 ticks, tree = 143.38 MB, solutions = 8)
*  4360+ 2238                            1.4957        0.8325            44.34%
   4645  2647        1.4322   585        1.4957        0.8325   369841   44.34%
*  4986+ 2900                            1.3567        0.8325            38.64%
*  5501+ 1394                            1.3310        0.8325            37.46%
*  5503+ 1380                            1.3287        0.8325            37.35%
   5512  1419        1.2170   551        1.3287        0.8325   448935   37.35%
*  5868+ 1606                            1.3194        0.8325            36.90%
*  6063+ 1531                            1.2991        0.8325            35.92%
   6350  2001        1.0881   690        1.2991        0.8325   571041   35.92%
*  6458+ 1855                            1.2968        0.8325            35.81%
   7462  2521        0.8365   844        1.2968        0.8325   634320   35.81%
   8164  3573        1.1629   432        1.2968        0.8325   738258   35.81%
*  8173+ 3246                            1.2957        0.8325            35.75%
*  8176+ 3324                            1.2870        0.8325            35.31%
*  8240+ 3334                            1.2842        0.8325            35.17%
*  8372+ 3350                            1.2815        0.8325            35.04%
*  8478+ 3305                            1.2802        0.8325            34.97%
   8514  3595        1.1971   689        1.2802        0.8325   781282   34.97%
*  8533+ 3305                            1.2430        0.8325            33.03%
   9105  3945        1.2548   850        1.2430        0.8325   844369   33.03%
*  9275+ 3305                            1.2421        0.8325            32.98%
   9817  3659        1.1591   712        1.2421        0.8325   908437   32.98%
*  9919+ 3635                            1.2406        0.8325            32.90%
  10637  4413        1.1889   443        1.2406        0.8325  1013986   32.90%
  11953  5546        1.2313   595        1.2406        0.8325  1106048   32.90%
Elapsed time = 518.87 sec. (42528.12 ticks, tree = 535.64 MB, solutions = 55)
* 12781+ 5564                            1.2403        0.8325            32.88%
  13151  6292        1.2115   753        1.2403        0.8325  1166775   32.88%
* 14241+ 7549                            1.2248        0.8325            32.03%
* 14288  6376      integral     0        1.2196        0.8325  1275916   31.74%
  14336  7118        1.1673   658        1.2196        0.8325  1237609   31.74%
* 14824+ 6134                            1.2119        0.8325            31.31%
* 15016+ 6134                            1.2106        0.8325            31.23%
  15111  6572        1.1819   708        1.2106        0.8325  1342082   31.23%
* 15157+ 6317                            1.2096        0.8325            31.18%
* 15175+ 6317                            1.2094        0.8325            31.16%
* 15229+ 6134                            1.2073        0.8325            31.05%
* 15536+ 6134                            1.1882        0.8325            29.94%
* 15614+ 6267                            1.1816        0.8325            29.55%
* 15808+ 6456                            1.1807        0.8325            29.49%
  15949  5221        1.1572   669        1.1807        0.8325  1407713   29.49%
* 16184+ 5325                            1.1111        0.8325            25.08%
* 16388+ 3872                            1.1104        0.8325            25.03%
  16988  4266        0.9715   443        1.1104        0.8325  1491848   25.03%
* 18221+ 4859                            1.1072        0.8325            24.81%
  18256  5158        0.9855   318        1.1072        0.8325  1578012   24.81%
* 18472+ 5181                            1.1061        0.8325            24.74%
  19177  5668        0.9029   676        1.1061        0.8325  1634251   24.74%
  20320  6855        0.8868   669        1.1061        0.8325  1721401   24.74%
  21365  7429        1.0099   806        1.1061        0.8325  1769793   24.74%
* 21976+ 8100                            0.9541        0.8325            12.75%
  22489  8470        1.1051   686        0.9541        0.8325  1861177   12.75%
Elapsed time = 636.54 sec. (52080.98 ticks, tree = 726.61 MB, solutions = 120)
* 23163+ 3439                            0.9538        0.8325            12.72%
  23216  3568        0.8947   594        0.9538        0.8325  1969008   12.72%
* 23577+ 3244                            0.9531        0.8325            12.66%
* 23686+ 3262                            0.9524        0.8325            12.59%
  24504  3988        0.8556   605        0.9524        0.8325  2051923   12.59%
* 25785+ 3539                            0.9522        0.8325            12.57%
* 25824+ 3726                            0.9520        0.8325            12.56%
  26759  6087        0.9289   473        0.9520        0.8325  2155681   12.56%
  28729  7175        0.8924   828        0.9520        0.8325  2200171   12.56%
  30971  9487        0.8460   649        0.9520        0.8325  2312818   12.56%
  33241 11449        0.9398   239        0.9520        0.8325  2397378   12.56%
* 34420+11501                            0.9517        0.8325            12.53%
* 35354 13114      integral     0        0.9356        0.8325  2479175   11.02%
  37609 11850        0.8955   531        0.9356        0.8325  2520969   11.02%
* 37674+12431                            0.9320        0.8325            10.67%
  37921 12431    infeasible              0.9320        0.8325  2551109   10.67%
* 37922+ 9009                            0.9315        0.8326            10.61%
* 37922+ 6005                            0.9313        0.8327            10.59%
* 37922+ 4002                            0.9313        0.8328            10.58%
* 37922+ 2668                            0.9312        0.8328            10.57%
* 37922+ 1778                            0.9308        0.8328            10.53%
* 37922+ 1185                            0.9249        0.8328             9.96%
* 37922+  789                            0.9246        0.8328             9.92%
* 37922+  525                            0.9244        0.8328             9.91%
* 37922+  349                            0.9203        0.8328             9.50%
* 37922+  232                            0.9196        0.8328             9.43%
* 37922+  154                            0.9194        0.8328             9.42%
* 37922+  102                            0.9193        0.8328             9.41%
  37922   103        0.8328   748        0.9193        0.8328  2683669    9.41%
Elapsed time = 1005.14 sec. (91947.22 ticks, tree = 11.65 MB, solutions = 159)
  37925   102        0.8459  1106        0.9193        0.8328  2686810    9.41%
  37941    22        0.8998  1013        0.9193        0.8328  2688623    9.41%
* 37953+    9                            0.9193        0.8328             9.40%
  37977    12        0.8544   859        0.9193        0.8328  2704932    9.40%
  38084    30        cutoff              0.9193        0.8328  2736907    9.40%
* 38218+   16                            0.9187        0.8328             9.35%
  38508    61        0.8780   840        0.9187        0.8328  2783214    9.35%
  39417   339        0.9178   527        0.9187        0.8328  2875068    9.35%
  41053   938        0.8400   794        0.9187        0.8328  2964021    9.35%
  42992  1893        0.9127   841        0.9187        0.8328  3054212    9.35%
  44723  3033        0.8933   449        0.9187        0.8328  3151528    9.35%
  46290  4038        0.8583   783        0.9187        0.8328  3227470    9.35%
Elapsed time = 1187.21 sec. (101949.42 ticks, tree = 387.24 MB, solutions = 161)
  47258  4967        0.9131   522        0.9187        0.8328  3301612    9.35%
  49621  6227        0.9105   704        0.9187        0.8328  3380900    9.35%
  52009  7524        0.8987   549        0.9187        0.8332  3457009    9.31%
  54589  9395        0.8622   598        0.9187        0.8332  3552159    9.31%
* 56656+11262                            0.9107        0.8332             8.52%
  57286 11498        0.8777   641        0.9107        0.8332  3650901    8.51%
* 57677+ 8774                            0.9104        0.8332             8.48%
  59846  9873        0.9086   316        0.9104        0.8332  3762428    8.48%
  63064 11951        0.9009   322        0.9104        0.8332  3853399    8.48%
  66625 14629        0.9038   349        0.9104        0.8334  3952669    8.45%
  70333 18660        0.9037   338        0.9104        0.8339  4067451    8.40%
  73174 20097        0.9074   299        0.9104        0.8341  4112188    8.39%
Elapsed time = 1310.96 sec. (111488.85 ticks, tree = 2261.77 MB, solutions = 163)
Nodefile size = 197.38 MB (174.36 MB after compression)
  75450 22557        0.9087   409        0.9104        0.8341  4175912    8.38%
  77785 24600        0.9075   279        0.9104        0.8341  4215449    8.38%
  79903 25589        0.8867   522        0.9104        0.8341  4239114    8.38%
  81920 28293        0.8720   551        0.9104        0.8341  4291268    8.38%
  84166 29786        0.8994   414        0.9104        0.8341  4327830    8.38%
  86734 32040        0.8831   462        0.9104        0.8341  4385623    8.38%
  89134 33278    infeasible              0.9104        0.8341  4409030    8.38%
  90803 35100        0.8977   476        0.9104        0.8341  4447195    8.38%
* 90806+35432                            0.9072        0.8341             8.06%
* 90822+35432                            0.9069        0.8341             8.02%
* 91095+35432                            0.9065        0.8341             7.99%
  92990 36977        0.9025   368        0.9065        0.8347  4493907    7.92%
* 93265+35432                            0.9051        0.8361             7.61%
* 94432+35432                            0.9026        0.8361             7.37%
  95080 39284        0.9072   338        0.9026        0.8361  4536624    7.37%
Elapsed time = 1457.91 sec. (121031.35 ticks, tree = 4584.47 MB, solutions = 163)
Nodefile size = 2526.08 MB (2220.36 MB after compression)
* 95409+35432                            0.9018        0.8361             7.28%
  97388 40798        cutoff              0.9018        0.8361  4570037    7.28%
  99435 43001        0.8964   549        0.9018        0.8361  4618222    7.28%
 101433 44303        0.9081   316        0.9018        0.8361  4643922    7.28%
*102776+35432                            0.9014        0.8361             7.23%
 103772 46507        0.8665   543        0.9014        0.8361  4699854    7.23%
*103870+46295                            0.9003        0.8361             7.13%
*103981+46399                            0.8997        0.8361             7.07%
*104340+46698                            0.8997        0.8397             6.67%
*105307+27949                            0.8974        0.8397             6.43%
 106598 25209        0.8505   493        0.8974        0.8397  4745248    6.43%
*107438+25322                            0.8971        0.8397             6.40%
 109370 27041        0.8604   832        0.8971        0.8397  4812805    6.40%
*109768+26228                            0.8964        0.8397             6.32%
 111657 26727        0.8845   544        0.8964        0.8397  4829519    6.32%
 114386 29071        0.8885   280        0.8964        0.8397  4886800    6.32%
 116602 31052        0.8909   519        0.8964        0.8397  4924751    6.32%
*117950+31634                            0.8963        0.8397             6.32%
 118495 32376        0.8866   186        0.8963        0.8397  4948270    6.32%
Elapsed time = 1562.21 sec. (130571.04 ticks, tree = 3719.04 MB, solutions = 172)
Nodefile size = 1650.69 MB (1453.32 MB after compression)
 120159 33734        0.8902   403        0.8963        0.8397  4973211    6.32%
*122039+35905                            0.8960        0.8397             6.28%
 122841 36419        0.8952   335        0.8960        0.8397  5035961    6.28%
 125644 37669        0.8909   296        0.8960        0.8397  5058839    6.28%
 127997 39378        0.8789   533        0.8960        0.8397  5093614    6.28%
 130286 41961        0.8841   506        0.8960        0.8397  5143891    6.28%
 132968 44046        0.8926   399        0.8960        0.8397  5187224    6.28%
 135688 45177        0.8939   470        0.8960        0.8397  5207881    6.28%
*138261+46762                            0.8959        0.8397             6.28%
 138289 47614        0.8901   356        0.8959        0.8397  5255111    6.28%
*139415+48780                            0.8958        0.8397             6.26%
 140591 48830        0.8895   431        0.8958        0.8397  5279815    6.26%
 143222 50246        0.8927   532        0.8958        0.8397  5314295    6.26%
Elapsed time = 1662.96 sec. (140112.91 ticks, tree = 5784.06 MB, solutions = 259)
Nodefile size = 3711.44 MB (3264.65 MB after compression)
 145080 52288        0.8941   410        0.8958        0.8397  5352614    6.26%
*145192+37546                            0.8956        0.8458             5.56%
 145192 37547        0.8328   722        0.8956        0.8458  5460512    5.56%
 145194 37548        0.8410  1021        0.8956        0.8458  5465945    5.56%
 145196 37550        0.8410   987        0.8956        0.8458  5468994    5.56%
 145204 20026        0.8776   862        0.8956        0.8458  5471659    5.56%
 145211 10431        0.8328   957        0.8956        0.8458  5485198    5.56%
 145215  5220        0.8328  1001        0.8956        0.8458  5476407    5.56%
 145235   907        0.8328   913        0.8956        0.8458  5501991    5.56%
 145245   305        0.8471   912        0.8956        0.8458  5508333    5.56%
 145589   108        0.8796   744        0.8956        0.8458  5583357    5.56%
Elapsed time = 1994.56 sec. (191138.09 ticks, tree = 4.54 MB, solutions = 271)
 148471  1372        0.8870   675        0.8956        0.8458  5758734    5.56%
 152082  3186        0.8397   804        0.8956        0.8458  5905355    5.56%
 157364  7631        0.8608   751        0.8956        0.8458  6202758    5.56%
 162817 11884        0.8946   493        0.8956        0.8458  6454922    5.56%
 166756 14902        0.8895   626        0.8956        0.8458  6708249    5.56%
 171590 18401    infeasible              0.8956        0.8458  6949567    5.56%
 177729 22662        0.8829   708        0.8956        0.8458  7196383    5.56%
 184299 27464        0.8831   729        0.8956        0.8473  7432914    5.40%
 192215 33039        0.8697   586        0.8956        0.8476  7653560    5.36%
 202753 40073        0.8783   683        0.8956        0.8476  7850515    5.36%
Elapsed time = 2226.25 sec. (229293.01 ticks, tree = 4261.36 MB, solutions = 271)
Nodefile size = 2206.61 MB (1881.91 MB after compression)
 211648 46115        0.8891   720        0.8956        0.8499  8015844    5.10%
 217601 53384        0.8786   609        0.8956        0.8513  8192202    4.94%
*226972+55634                            0.8954        0.8517             4.88%
 229289 58314        0.8769   644        0.8954        0.8518  8336248    4.87%
 236909 65412        0.8605   702        0.8954        0.8526  8532477    4.78%
*240716+66735                            0.8954        0.8526             4.78%
*244791+70597                            0.8953        0.8527             4.76%
 245072 72800        0.8770   661        0.8953        0.8527  8714031    4.76%
 255082 77803        0.8838   480        0.8953        0.8535  8852662    4.67%
*259040+80083                            0.8951        0.8535             4.65%
 262266 86680        0.8905   600        0.8951        0.8535  9098183    4.65%
*271320+90165                            0.8951        0.8540             4.59%
 274447 92407        0.8605   694        0.8951        0.8540  9258233    4.59%
 281281 100344        0.8644   694        0.8951        0.8542  9490485    4.57%
 294864 104770        0.8895   649        0.8951        0.8543  9618525    4.55%
Elapsed time = 2471.01 sec. (267444.62 ticks, tree = 10860.53 MB, solutions = 276)
Nodefile size = 8781.03 MB (7363.69 MB after compression)
 300166 114811        0.8919   550        0.8951        0.8545  9921531    4.53%
 313379 119994        0.8878   649        0.8951        0.8546 10058990    4.52%
 318920 129028        0.8931   562        0.8951        0.8546 10292163    4.52%
*328391+131974                            0.8950        0.8548             4.50%
 329261 133351        0.8932   596        0.8950        0.8548 10414343    4.50%
*334197+136669                            0.8950        0.8548             4.50%
 337323 140556        0.8832   614        0.8950        0.8548 10605955    4.50%
 343489 146421        0.8872   554        0.8950        0.8549 10784822    4.48%
 356266 151797        0.8873   635        0.8950        0.8550 10936142    4.47%
*356988+151842                            0.8950        0.8550             4.47%
*357606+155688                            0.8950        0.8550             4.47%
 360096 160355        0.8809   532        0.8950        0.8551 11172218    4.46%
 372362 163470        cutoff              0.8950        0.8551 11276402    4.46%
 377779 172888        0.8900   494        0.8950        0.8551 11538665    4.46%
Elapsed time = 2721.43 sec. (305606.78 ticks, tree = 17568.72 MB, solutions = 280)
Nodefile size = 15508.56 MB (12836.72 MB after compression)
 387826 177822        0.8893   431        0.8950        0.8553 11695154    4.44%
 395374 185614        0.8658   630        0.8950        0.8553 11933365    4.43%
 402236 189439        0.8926   640        0.8950        0.8555 12046150    4.41%
 413708 196060        0.8561   624        0.8950        0.8555 12232286    4.41%
 418930 205141        0.8915   443        0.8950        0.8556 12490244    4.40%
 432208 209844        0.8822   612        0.8950        0.8556 12616496    4.40%
 436354 219503        0.8933   582        0.8950        0.8558 12877035    4.37%
*437414+219743                            0.8950        0.8558             4.37%
*437959+220492                            0.8949        0.8558             4.37%
*439895+220399                            0.8949        0.8559             4.37%
 448235 223042        0.8641   703        0.8949        0.8559 12993744    4.36%
 454189 230714        0.8715   588        0.8949        0.8559 13200623    4.36%
 463225 235434        0.8900   670        0.8949        0.8560 13335149    4.35%
Elapsed time = 2979.78 sec. (343763.52 ticks, tree = 23860.86 MB, solutions = 282)
Nodefile size = 21789.55 MB (18022.33 MB after compression)
 472356 245202        0.8910   626        0.8949        0.8561 13641205    4.34%
 483175 249890        0.8929   574        0.8949        0.8562 13766233    4.33%
 491571 256617        0.8939   538        0.8949        0.8562 13924495    4.33%
 495842 265489        0.8741   719        0.8949        0.8562 14164094    4.32%
 508883 271794        0.8808   642        0.8949        0.8562 14343608    4.32%
 512609 278511        0.8927   570        0.8949        0.8564 14529538    4.31%
 524559 282768        0.8934   702        0.8949        0.8564 14649855    4.31%
 531343 292325        0.8923   606        0.8949        0.8564 14909979    4.30%
 539652 296896        0.8913   538        0.8949        0.8565 15040855    4.30%
 550048 304815        0.8930   628        0.8949        0.8565 15255176    4.29%
Elapsed time = 3244.00 sec. (381915.12 ticks, tree = 30963.86 MB, solutions = 282)
Nodefile size = 28901.93 MB (23832.20 MB after compression)
 553752 311765        0.8892   533        0.8949        0.8565 15456065    4.29%
 566797 317805        0.8923   525        0.8949        0.8565 15609572    4.29%
 572086 323341        0.8905   596        0.8949        0.8566 15755475    4.28%
 582393 329097        0.8902   636        0.8949        0.8567 15915859    4.28%
 590828 336493        0.8577   762        0.8949        0.8567 16122585    4.27%
 597129 344618        0.8822   604        0.8949        0.8567 16339327    4.27%
 610421 350607        0.8880   506        0.8949        0.8568 16487084    4.27%
 613871 358703        0.8930   589        0.8949        0.8568 16679452    4.26%
 626046 365562        0.8869   595        0.8949        0.8568 16853743    4.26%
 633525 373563        0.8885   618        0.8949        0.8568 17070850    4.26%
Elapsed time = 3498.59 sec. (420065.29 ticks, tree = 37649.06 MB, solutions = 282)
Nodefile size = 35583.43 MB (29286.98 MB after compression)
 643974 378580        0.8767   619        0.8949        0.8569 17190223    4.25%
 652382 384340        0.8718   590        0.8949        0.8569 17331936    4.25%
 656039 392231        0.8868   506        0.8949        0.8569 17544734    4.25%
 669444 398553        0.8937   548        0.8949        0.8570 17697038    4.24%
 674177 404584        0.8948   513        0.8949        0.8570 17862878    4.24%
 683855 410646        0.8921   609        0.8949        0.8570 18033426    4.24%
 693478 420391        0.8928   684        0.8949        0.8570 18284331    4.24%
 698833 425184        0.8717   716        0.8949        0.8571 18419378    4.23%
 712519 430309        0.8925   625        0.8949        0.8571 18541702    4.23%
 716707 440946        0.8662   646        0.8949        0.8571 18787461    4.23%
Elapsed time = 3764.81 sec. (458216.11 ticks, tree = 45004.73 MB, solutions = 282)
Nodefile size = 42941.56 MB (35317.98 MB after compression)
 726431 446368        0.8775   546        0.8949        0.8571 18930634    4.22%
 737523 454537        0.8942   341        0.8949        0.8572 19143292    4.22%
 745738 461706        0.8913   642        0.8949        0.8572 19320049    4.22%
 757159 467486        0.8889   615        0.8949        0.8572 19463750    4.22%
 760576 474581        0.8942   627        0.8949        0.8572 19637717    4.21%
 773808 482220        0.8840   503        0.8949        0.8573 19824945    4.21%
 780747 489521        0.8768   435        0.8949        0.8573 19993914    4.21%
 784698 496425        0.8596   696        0.8949        0.8573 20167810    4.21%
 798437 501222        0.8765   724        0.8949        0.8573 20282926    4.20%
 804044 510095        0.8883   634        0.8949        0.8573 20488611    4.20%
Elapsed time = 4032.16 sec. (496369.91 ticks, tree = 51932.90 MB, solutions = 282)
Nodefile size = 49868.67 MB (40980.93 MB after compression)
 811785 515252        0.8821   672        0.8949        0.8574 20615194    4.20%
 824243 520157        0.8672   680        0.8949        0.8574 20731605    4.20%
 828453 530246        0.8882   622        0.8949        0.8574 20966651    4.19%
 841612 534864        0.8833   324        0.8949        0.8574 21077309    4.19%
*849144+542921                            0.8946        0.8574             4.16%
 849586 541934        0.8748   569        0.8946        0.8574 21232335    4.16%
 853023 545508        0.8792   483        0.8946        0.8574 21433587    4.16%
 866647 549335        0.8658   687        0.8946        0.8574 21528824    4.16%
 872240 557271        0.8830   471        0.8946        0.8574 21724069    4.16%
 879180 565424        0.8883   606        0.8946        0.8575 21921520    4.15%
*885677+569088                            0.8946        0.8575             4.15%
*887241+570767                            0.8946        0.8575             4.15%
 892739 576108        0.8875   660        0.8946        0.8575 22230491    4.15%
Elapsed time = 4300.07 sec. (534524.53 ticks, tree = 58107.91 MB, solutions = 285)
Nodefile size = 56044.59 MB (45982.68 MB after compression)
 899789 580411        0.8875   559        0.8946        0.8575 22339267    4.14%
 912553 585684        0.8856   623        0.8946        0.8575 22462992    4.14%
 916445 596837        0.8689   613        0.8946        0.8575 22743446    4.14%
*920844+598010                            0.8946        0.8576             4.13%
 927822 599403        0.8919   511        0.8946        0.8576 22800249    4.13%
 936706 605803        0.8937   650        0.8946        0.8576 22997800    4.13%
*939483+613669                            0.8944        0.8576             4.12%
*940017+609423                            0.8944        0.8576             4.12%
 940531 608791        0.8865   683        0.8944        0.8576 23215294    4.12%
*941080+608936                            0.8944        0.8576             4.12%
*947987+609235                            0.8944        0.8576             4.12%
 954913 612011        0.8909   614        0.8944        0.8576 23302412    4.11%
 960691 621662        0.8837   632        0.8944        0.8576 23525264    4.11%
 966360 627699        0.8938   545        0.8944        0.8577 23682034    4.11%
 979941 634427        0.8782   696        0.8944        0.8577 23843077    4.11%
Elapsed time = 4576.58 sec. (572681.81 ticks, tree = 64570.22 MB, solutions = 289)
Nodefile size = 62500.13 MB (51268.77 MB after compression)
 983916 642483        0.8654   719        0.8944        0.8577 24041688    4.11%
 999231 646690        0.8804   632        0.8944        0.8577 24141707    4.10%
 1012761 660573        0.8671   673        0.8944        0.8577 24490671    4.10%
 1023105 669118        0.8729   680        0.8944        0.8577 24702735    4.10%
 1033815 676987        0.8632   626        0.8944        0.8577 24891988    4.10%
 1043003 684794        0.8862   498        0.8944        0.8577 25090001    4.10%
 1059130 696816        0.8926   425        0.8944        0.8578 25416186    4.10%
 1069071 705984        0.8853   601        0.8944        0.8578 25646361    4.10%
 1079566 713785        0.8853   605        0.8944        0.8578 25837877    4.10%
 1089437 722798        0.8884   674        0.8944        0.8578 26045001    4.10%
Elapsed time = 4900.12 sec. (610833.52 ticks, tree = 73155.39 MB, solutions = 289)
Nodefile size = 71090.05 MB (58270.48 MB after compression)
 1099466 731011        0.8906   640        0.8944        0.8578 26239620    4.10%
 1109624 737110        0.8895   591        0.8944        0.8578 26384536    4.10%
 1122553 751775        0.8857   613        0.8944        0.8578 26771883    4.09%
 1137512 759056        0.8757   576        0.8944        0.8578 26962405    4.09%
 1147483 767055        0.8727   718        0.8944        0.8578 27155629    4.09%
 1158057 775170        0.8884   501        0.8944        0.8578 27346001    4.09%
 1168527 784802        0.8622   671        0.8944        0.8578 27580342    4.09%
 1178419 794948        0.8928   578        0.8944        0.8578 27828531    4.09%
 1192086 801751        0.8892   512        0.8944        0.8579 27994226    4.08%
 1204949 815925        0.8754   651        0.8944        0.8579 28354362    4.08%
Elapsed time = 5249.72 sec. (648983.32 ticks, tree = 82277.78 MB, solutions = 289)
Nodefile size = 80211.46 MB (65683.98 MB after compression)
 1215272 823424        cutoff              0.8944        0.8579 28540024    4.08%
 1226032 832039        0.8824   598        0.8944        0.8579 28753716    4.08%
 1235778 840599        0.8728   544        0.8944        0.8579 28954147    4.08%
 1246556 846567        0.8845   341        0.8944        0.8579 29105347    4.08%
 1256189 854404        cutoff              0.8944        0.8579 29297610    4.08%
 1268840 868135        0.8814   542        0.8944        0.8579 29631777    4.08%
 1282726 876419        0.8832   648        0.8944        0.8580 29829958    4.08%
 1293397 886578        cutoff              0.8944        0.8580 30081466    4.08%
 1304542 894616        0.8889   616        0.8944        0.8580 30268151    4.08%
 1315164 901001        0.8777   500        0.8944        0.8580 30415555    4.08%
Elapsed time = 5594.89 sec. (687134.08 ticks, tree = 91365.25 MB, solutions = 289)
Nodefile size = 89298.31 MB (73111.68 MB after compression)
 1331213 917251    infeasible              0.8944        0.8580 30835899    4.07%
 1340957 923760        cutoff              0.8944        0.8580 30992678    4.07%
 1352169 931171        0.8873   483        0.8944        0.8580 31175151    4.07%
 1362647 941507        0.8944   476        0.8944        0.8580 31410135    4.07%
 1373303 950290        0.8868   496        0.8944        0.8580 31615705    4.07%
 1388249 961546        0.8754   562        0.8944        0.8580 31894660    4.07%
 1398505 971531        0.8759   564        0.8944        0.8580 32131315    4.07%
 1409466 978399        0.8932   658        0.8944        0.8580 32291612    4.07%
 1418753 985725        0.8829   537        0.8944        0.8580 32461782    4.07%
 1432397 997789        0.8925   562        0.8944        0.8582 32759819    4.05%
Elapsed time = 5953.01 sec. (725284.08 ticks, tree = 101129.21 MB, solutions = 289)
Nodefile size = 99053.81 MB (81040.90 MB after compression)
 1446907 1007979        0.8662   619        0.8944        0.8582 33007930    4.05%
 1457017 1018252        0.8913   697        0.8944        0.8582 33227203    4.05%
 1467728 1024639        0.8876   488        0.8944        0.8582 33373848    4.05%
 1477657 1035722        0.8851   594        0.8944        0.8582 33634228    4.05%
 1488737 1043008        cutoff              0.8944        0.8582 33796154    4.05%
 1498786 1052450        0.8773   618        0.8944        0.8582 34020209    4.05%
 1509688 1060313        0.8780   563        0.8944        0.8582 34192332    4.05%
 1521026 1070132        0.8829   578        0.8944        0.8582 34430474    4.05%
 1536281 1083268        0.8942   520        0.8944        0.8583 34735100    4.04%
 1546988 1089048        0.8891   528        0.8944        0.8583 34875169    4.04%
Elapsed time = 6338.07 sec. (763433.55 ticks, tree = 110382.45 MB, solutions = 289)
Nodefile size = 108282.53 MB (88566.27 MB after compression)
 1557413 1100079        0.8811   630        0.8944        0.8583 35124178    4.04%
*1566766+1107266                            0.8942        0.8583             4.02%
 1568039 1109306        0.8860   562        0.8942        0.8583 35333755    4.02%
*1572070+1102687                            0.8942        0.8583             4.02%
 1579474 1110404        0.8913   576        0.8942        0.8583 35595980    4.02%
 1595256 1120212        0.8823   601        0.8942        0.8584 35824250    4.01%
 1605331 1126280        0.8743   652        0.8942        0.8584 35969914    4.01%
 1616411 1135438        0.8624   721        0.8942        0.8584 36179146    4.01%
 1627226 1146057        0.8847   632        0.8942        0.8584 36422382    4.01%
 1638423 1154436        0.8930   678        0.8942        0.8584 36609014    4.01%
 1654767 1167308        0.8871   528        0.8942        0.8584 36916436    4.00%
 1664166 1174899        0.8916   369        0.8942        0.8584 37083768    4.00%
Elapsed time = 6740.04 sec. (801583.94 ticks, tree = 118883.67 MB, solutions = 291)
Nodefile size = 116790.19 MB (95470.74 MB after compression)
 1675522 1182948        0.8916   603        0.8942        0.8584 37276786    4.00%
 1685498 1193134        0.8813   666        0.8942        0.8584 37506025    4.00%
 1696299 1202621        0.8823   513        0.8942        0.8584 37728607    4.00%
 1711650 1216870        0.8901   566        0.8942        0.8585 38073033    4.00%
 1723628 1223498        0.8858   543        0.8942        0.8585 38221962    4.00%
 1734588 1231782        0.8890   636        0.8942        0.8585 38412721    4.00%
 1744488 1241123        0.8792   679        0.8942        0.8585 38628030    4.00%
 1755631 1250148        0.8931   580        0.8942        0.8585 38828700    4.00%
 1765714 1257948        0.8865   505        0.8942        0.8585 39006461    4.00%
 1776867 1266131        0.8899   568        0.8942        0.8585 39192573    4.00%
Elapsed time = 7139.84 sec. (839735.04 ticks, tree = 128631.83 MB, solutions = 291)
Nodefile size = 126560.74 MB (103436.62 MB after compression)
 1794057 1279987        0.8941   523        0.8942        0.8585 39535646    3.99%
 1804303 1290429        0.8845   467        0.8942        0.8585 39784688    3.99%
 1815847 1299765        0.8869   537        0.8942        0.8585 39997410    3.99%
 1825833 1305059        0.8740   644        0.8942        0.8585 40118947    3.99%
 1836918 1315654        0.8890   571        0.8942        0.8585 40362961    3.99%
 1847747 1322979        0.8871   536        0.8942        0.8585 40524230    3.99%
 1858242 1334685        0.8759   653        0.8942        0.8585 40795714    3.99%
 1872189 1347370        0.8593   688        0.8942        0.8586 41107123    3.99%
 1885573 1353296        0.8914   604        0.8942        0.8586 41244650    3.99%
 1896382 1364530        0.8936   170        0.8942        0.8586 41509603    3.99%
Elapsed time = 7530.24 sec. (877884.45 ticks, tree = 138699.04 MB, solutions = 291)
Nodefile size = 136618.79 MB (111588.29 MB after compression)
 1907818 1370620        0.8603   720        0.8942        0.8586 41651129    3.99%
 1921241 1386120        0.8884   664        0.8942        0.8586 42011413    3.99%
 1934630 1392712        0.8936   588        0.8942        0.8586 42163916    3.99%
 1944864 1401582        0.8742   506        0.8942        0.8586 42368271    3.99%
 1956036 1411756        0.8937   614        0.8942        0.8586 42592083    3.99%
 1970952 1421935        0.8608   551        0.8942        0.8586 42836338    3.98%
*1978463+1431469                            0.8937        0.8586             3.93%
 1982291 1381659        0.8936   591        0.8937        0.8586 43083473    3.93%
 1993358 1389828        0.8884   667        0.8937        0.8586 43271988    3.93%
 2003792 1400699        0.8828   573        0.8937        0.8586 43509636    3.93%
 2014336 1408957        0.8798   490        0.8937        0.8586 43687940    3.93%
Elapsed time = 7920.89 sec. (916035.00 ticks, tree = 143339.56 MB, solutions = 292)
Nodefile size = 141267.44 MB (115373.24 MB after compression)
 2024365 1414662        0.8614   730        0.8937        0.8586 43822593    3.93%
 2035296 1421988        0.8928   680        0.8937        0.8586 43987083    3.93%
 2045802 1436481        0.8829   646        0.8937        0.8586 44327673    3.93%
 2061176 1444176        0.8711   567        0.8937        0.8586 44509287    3.93%
 2071103 1453196        0.8827   396        0.8937        0.8586 44717704    3.93%
 2081732 1461529        0.8738   626        0.8937        0.8586 44911039    3.93%
 2092496 1471858        0.8923   346        0.8937        0.8586 45136469    3.93%
 2102339 1478705        0.8930   683        0.8937        0.8586 45293164    3.93%
 2115214 1492575        0.8842   665        0.8937        0.8586 45617149    3.93%
 2130527 1499259        0.8925   607        0.8937        0.8587 45783717    3.91%
Elapsed time = 8339.18 sec. (954184.64 ticks, tree = 152519.56 MB, solutions = 292)
Nodefile size = 150410.54 MB (122784.45 MB after compression)
 2140843 1510294        0.8805   663        0.8937        0.8587 46023193    3.91%
 2151130 1516460        0.8859   717        0.8937        0.8587 46154068    3.91%
 2160877 1524860        0.8861   607        0.8937        0.8587 46346305    3.91%
 2172344 1535014        0.8847   591        0.8937        0.8587 46566326    3.91%
 2188689 1549516        0.8696   661        0.8937        0.8588 46896346    3.90%
 2198974 1557594        0.8896   514        0.8937        0.8588 47078113    3.90%
 2209788 1565512        0.8601   683        0.8937        0.8588 47248967    3.90%
 2219488 1574232        0.8901   698        0.8937        0.8588 47437145    3.90%
 2229994 1581012        0.8649   630        0.8937        0.8588 47581991    3.90%
 2239932 1588893        0.8889   661        0.8937        0.8588 47763606    3.90%
Elapsed time = 8766.66 sec. (992335.62 ticks, tree = 161933.37 MB, solutions = 292)
Nodefile size = 159830.43 MB (130423.34 MB after compression)
 2249633 1600481        0.8913   644        0.8937        0.8588 48017274    3.90%
 2261035 1609188        0.8919   577        0.8937        0.8588 48211571    3.90%
 2272883 1616964        0.8903   672        0.8937        0.8588 48384040    3.90%
 2283725 1626782        0.8883   530        0.8937        0.8588 48593728    3.90%
 2293141 1635864        0.8854   619        0.8937        0.8588 48785394    3.90%
 2310164 1648420        0.8602   652        0.8937        0.8589 49061308    3.89%
 2321454 1655232        0.8888   550        0.8937        0.8589 49209314    3.89%
 2331550 1665047        0.8915   383        0.8937        0.8589 49429792    3.89%
 2343023 1672998        0.8926   447        0.8937        0.8589 49605006    3.89%
 2353354 1683150        0.8915   688        0.8937        0.8589 49822219    3.89%
Elapsed time = 9198.45 sec. (1030486.30 ticks, tree = 171671.12 MB, solutions = 292)
Nodefile size = 169579.94 MB (138311.27 MB after compression)
 2363186 1691074        0.8600   719        0.8937        0.8589 49989765    3.89%
 2374535 1698951        0.8919   480        0.8937        0.8589 50162000    3.89%
 2387565 1716125        0.8668   694        0.8937        0.8589 50542246    3.89%
 2400653 1722670        0.8903   694        0.8937        0.8589 50692105    3.89%
 2410305 1731530        0.8918   669        0.8937        0.8589 50879796    3.89%
 2420215 1737629        0.8827   682        0.8937        0.8589 51014389    3.89%
 2432874 1745984        0.8702   657        0.8937        0.8589 51193676    3.89%
 2446032 1758969        0.8752   620        0.8937        0.8589 51483334    3.89%
 2456414 1769684        0.8913   548        0.8937        0.8589 51708791    3.89%
*2463066+1771600                            0.8937        0.8589             3.89%
 2467098 1776360        0.8685   666        0.8937        0.8589 51877354    3.89%
Elapsed time = 9607.40 sec. (1068636.45 ticks, tree = 181273.55 MB, solutions = 293)
Nodefile size = 179189.44 MB (146069.58 MB after compression)
 2476414 1783721        0.8854   550        0.8937        0.8589 52033477    3.89%
 2486747 1793695        0.8703   674        0.8937        0.8589 52256232    3.89%
 2501679 1806164        0.8827   361        0.8937        0.8589 52539164    3.89%
 2512946 1816643        0.8861   564        0.8937        0.8589 52770444    3.89%
*2521404+1820779                            0.8936        0.8589             3.89%
 2524220 1823428        0.8768   605        0.8936        0.8589 52922207    3.89%
*2525188+1819779                            0.8936        0.8589             3.89%
*2525424+1819488                            0.8936        0.8589             3.89%
 2533747 1826760        0.8593   697        0.8936        0.8589 53139937    3.89%
*2536444+1826074                            0.8935        0.8589             3.87%
 2544142 1812724        0.8861   604        0.8935        0.8589 53346279    3.87%
 2561810 1825663        0.8833   505        0.8935        0.8590 53663228    3.86%
 2572556 1835547        0.8764   423        0.8935        0.8590 53894938    3.86%
 2583138 1841224        0.8595   763        0.8935        0.8590 54022886    3.86%
Elapsed time = 10005.23 sec. (1106787.04 ticks, tree = 187485.61 MB, solutions = 297)
Nodefile size = 185368.71 MB (151083.14 MB after compression)
 2593457 1849192        0.8699   508        0.8935        0.8590 54203104    3.86%
 2603075 1859971        0.8916   488        0.8935        0.8590 54436275    3.86%
 2614354 1868860        0.8868   484        0.8935        0.8590 54630234    3.86%
 2623905 1876068        0.8906   421        0.8935        0.8590 54784157    3.86%
 2634509 1884226        0.8702   689        0.8935        0.8590 54958590    3.86%
 2647265 1893725        0.8725   579        0.8935        0.8590 55170730    3.86%
 2662569 1911293        0.8933   179        0.8935        0.8591 55576807    3.84%
 2673851 1918657        0.8839   686        0.8935        0.8591 55752309    3.84%
 2684749 1927111        0.8783   652        0.8935        0.8591 55941589    3.84%
 2697966 1935261        0.8846   664        0.8935        0.8591 56129313    3.84%
Elapsed time = 10412.82 sec. (1144936.27 ticks, tree = 197350.56 MB, solutions = 297)
Nodefile size = 195238.78 MB (159093.30 MB after compression)
 2712600 1950586        0.8856   428        0.8935        0.8591 56506598    3.84%
 2722682 1958130        0.8855   420        0.8935        0.8591 56683647    3.84%
*2728722+1962096                            0.8931        0.8591             3.81%
 2733271 1919715        0.8599   588        0.8931        0.8591 56933732    3.81%
 2744502 1926861        0.8878   664        0.8931        0.8591 57097701    3.81%
 2757020 1937969        0.8894   451        0.8931        0.8592 57347266    3.80%
 2773900 1952129        0.8675   660        0.8931        0.8592 57706028    3.80%
 2783776 1961067        0.8879   377        0.8931        0.8592 57907758    3.80%
 2794820 1969089        0.8764   477        0.8931        0.8592 58098180    3.80%
 2806386 1979534        cutoff              0.8931        0.8592 58331365    3.80%
 2816430 1986769        0.8874   638        0.8931        0.8592 58505489    3.80%
Elapsed time = 10809.84 sec. (1183086.37 ticks, tree = 202390.05 MB, solutions = 298)
Nodefile size = 200300.85 MB (163196.94 MB after compression)
 2827544 1995882        0.8828   615        0.8931        0.8592 58714313    3.80%
 2837907 2002238        0.8865   575        0.8931        0.8592 58856968    3.80%
 2855027 2015819        0.8780   536        0.8931        0.8592 59210110    3.80%
 2866912 2026867        0.8823   448        0.8931        0.8592 59454783    3.80%
 2877966 2035278        0.8775   591        0.8931        0.8592 59641582    3.80%
 2888379 2045807        0.8742   578        0.8931        0.8592 59873768    3.80%
 2900273 2056939        0.8821   561        0.8931        0.8592 60131738    3.80%
 2910443 2063766        0.8924   526        0.8931        0.8592 60281592    3.80%
 2924164 2077099    infeasible              0.8931        0.8592 60590954    3.79%
 2941360 2089604        0.8888   647        0.8931        0.8592 60893895    3.79%
Elapsed time = 11224.73 sec. (1221236.10 ticks, tree = 212427.31 MB, solutions = 298)
Nodefile size = 210339.10 MB (171340.14 MB after compression)
 2953064 2100744        0.8900   548        0.8931        0.8592 61154637    3.79%
 2967050 2108045        0.8607   688        0.8931        0.8592 61321337    3.79%
*2976211+2117700                            0.8931        0.8592             3.79%
 2981658 2118606        0.8911   609        0.8931        0.8592 61578891    3.79%
 2999673 2126090        0.8778   366        0.8931        0.8593 61902737    3.78%
 3014564 2140066        0.8627   701        0.8931        0.8593 62239695    3.78%
 3029143 2150990        0.8930   696        0.8931        0.8593 62496640    3.78%
 3043033 2165313        0.8844   612        0.8931        0.8593 62831008    3.78%
 3058500 2174606        0.8715   543        0.8931        0.8593 63041411    3.78%
 3071904 2186075        0.8665   650        0.8931        0.8593 63308301    3.78%
 3090602 2202045        0.8819   374        0.8931        0.8593 63705908    3.78%
Elapsed time = 11668.60 sec. (1259385.40 ticks, tree = 223441.88 MB, solutions = 299)
Nodefile size = 221329.56 MB (180257.85 MB after compression)
 3105081 2218712        0.8746   384        0.8931        0.8593 64073247    3.78%
 3118381 2227689        0.8754   606        0.8931        0.8593 64279529    3.78%
 3133122 2238270        0.8833   541        0.8931        0.8593 64517399    3.78%
 3147407 2252954        0.8749   557        0.8931        0.8593 64858570    3.78%
 3160704 2262893        cutoff              0.8931        0.8593 65081957    3.78%
 3175631 2273674        0.8879   636        0.8931        0.8593 65336730    3.78%
 3189736 2287604        0.8830   559        0.8931        0.8593 65674281    3.78%
 3207880 2299881        0.8927   547        0.8931        0.8594 65979834    3.77%
 3222827 2313381        0.8890   613        0.8931        0.8594 66291572    3.77%
 3236285 2325794        0.8929   527        0.8931        0.8594 66583930    3.77%
Elapsed time = 12125.57 sec. (1297534.36 ticks, tree = 236321.54 MB, solutions = 299)
Nodefile size = 234238.54 MB (190746.92 MB after compression)
 3251535 2337096        0.8915   469        0.8931        0.8594 66854065    3.77%
 3266228 2346081        0.8849   700        0.8931        0.8594 67056517    3.77%
 3279474 2357965        0.8774   527        0.8931        0.8594 67326299    3.77%
 3294115 2372821        0.8753   557        0.8931        0.8594 67663461    3.77%
 3308174 2379017        0.8836   518        0.8931        0.8594 67806714    3.77%
 3321755 2392658        0.8784   517        0.8931        0.8594 68119770    3.77%
 3336542 2410602        0.8903   326        0.8931        0.8594 68539090    3.77%
 3354468 2417222        0.8887   618        0.8931        0.8594 68716888    3.77%
 3368339 2434020        0.8893   668        0.8931        0.8594 69107386    3.77%
 3383427 2441607        0.8856   688        0.8931        0.8594 69286816    3.77%
Elapsed time = 12566.26 sec. (1335684.77 ticks, tree = 248518.98 MB, solutions = 299)
Nodefile size = 246412.17 MB (200640.96 MB after compression)
 3396002 2453303        0.8866   522        0.8931        0.8594 69546450    3.77%
 3409038 2468300        0.8779   519        0.8931        0.8594 69882436    3.77%
 3423912 2473582        0.8785   549        0.8931        0.8594 70009185    3.77%
 3440667 2490624        0.8923   599        0.8931        0.8595 70423403    3.76%
 3455264 2503956        0.8816   507        0.8931        0.8595 70735777    3.76%
 3469882 2512558        0.8612   605        0.8931        0.8595 70929354    3.76%
