Model: Diversity_model_3
 - number of variables: 5081
   - binary=408, integer=1, continuous=4672
 - number of constraints: 5003
   - linear=5003
 - parameters: defaults
CPXPARAM_Read_DataCheck                          1
CPXPARAM_RandomSeed                              201804051
CPXPARAM_MIP_Strategy_LBHeur                     1
CPXPARAM_TimeLimit                               86400
CPXPARAM_MIP_Tolerances_MIPGap                   0.02
Tried aggregator 2 times.
MIP Presolve eliminated 1028 rows and 1028 columns.
MIP Presolve modified 408 coefficients.
Aggregator did 1020 substitutions.
Reduced MIP has 2955 rows, 3033 columns, and 10950 nonzeros.
Reduced MIP has 408 binaries, 0 generals, 1020 SOSs, and 0 indicators.
Presolve time = 0.19 sec. (15.07 ticks)
Probing changed sense of 34 constraints.
Probing time = 0.46 sec. (2.37 ticks)
Tried aggregator 2 times.
MIP Presolve eliminated 34 rows and 0 columns.
Aggregator did 68 substitutions.
Reduced MIP has 2853 rows, 2965 columns, and 10712 nonzeros.
Reduced MIP has 374 binaries, 0 generals, 1020 SOSs, and 0 indicators.
Presolve time = 0.11 sec. (13.70 ticks)
Probing time = 0.47 sec. (2.16 ticks)
Clique table members: 170.
MIP emphasis: balance optimality and feasibility.
MIP search method: dynamic search.
Parallel mode: deterministic, using up to 32 threads.
Root relaxation solution time = 0.57 sec. (58.98 ticks)

        Nodes                                         Cuts/
   Node  Left     Objective  IInf  Best Integer    Best Bound    ItCnt     Gap

      0     0        1.0000   277                      1.0000      858         
*     0+    0                            2.1215        1.0000            52.86%
      0     0        1.0000   309        2.1215     Cuts: 106     1546   52.86%
*     0+    0                            1.9199        1.0000            47.91%
      0     0        1.0000   253        1.9199     Cuts: 101     1882   47.91%
      0     0        1.0000   267        1.9199     Cuts: 383     2162   47.91%
*     0+    0                            1.7108        1.0000            41.55%
*     0+    0                            1.5269        1.0000            34.51%
*     0+    0                            1.4887        1.0000            32.83%
      0     2        1.0000   196        1.4887        1.0000     2162   32.83%
Elapsed time = 61.52 sec. (1303.62 ticks, tree = 0.02 MB, solutions = 5)
*   132+    1                            1.4769        1.0000            32.29%
   2206  1689        1.3980    76        1.4769        1.0000    40417   32.29%
*  3922  2785      integral     0        1.4694        1.0000    57734   31.95%
*  3936  3053      integral     0        1.4654        1.0000    62073   31.76%
*  4067  2951      integral     0        1.4652        1.0000    61168   31.75%
*  4316  3289      integral     0        1.4626        1.0000    68947   31.63%
*  4324  3188      integral     0        1.4294        1.0000    66577   30.04%
*  4668+ 3041                            1.4011        1.0000            28.63%
*  4697  3085      integral     0        1.3607        1.0000    75618   26.51%
   4763  3153        1.0772   133        1.3607        1.0000    77485   26.51%
*  4813+ 2234                            1.3446        1.0000            25.63%
   6086  3299        1.2964    77        1.3446        1.0000   120909   25.63%
*  6607+ 2529                            1.2143        1.0000            17.64%
*  6996+ 2529                            1.1874        1.0000            15.78%
*  7164+ 2624                            1.1823        1.0000            15.42%
   7222  2869        1.0481    78        1.1823        1.0000   151051   15.42%
*  7383+ 2529                            1.1683        1.0000            14.40%
*  7397+ 2574                            1.1336        1.0000            11.78%
*  7511  2473      integral     0        1.0975        1.0000   156561    8.89%
*  8048+ 2581                            1.0923        1.0000             8.45%
   8477  2626        1.0836    28        1.0923        1.0000   171658    8.45%
*  9647+ 3454                            1.0852        1.0000             7.85%
*  9681  3076      integral     0        1.0838        1.0000   189972    7.73%
   9708  3508        1.0561    39        1.0838        1.0000   189854    7.73%
  10226  3330        1.0337   162        1.0838        1.0000   186635    7.73%
* 10258+ 2581                            1.0805        1.0000             7.45%
* 10587+ 3233                            1.0741        1.0000             6.90%
* 10929+ 3299                            1.0739        1.0000             6.88%
* 11001  3564      integral     0        1.0661        1.0000   209938    6.20%
* 11498+ 3390                            1.0657        1.0000             6.16%
* 11528  3594      integral     0        1.0626        1.0000   221638    5.89%
  12092  3895        1.0000   125        1.0626        1.0000   239586    5.89%
* 13970+ 2566                            1.0578        1.0000             5.47%
* 14392  5228      integral     0        1.0391        1.0000   276587    3.77%
* 16768+ 3772                            1.0386        1.0000             3.71%
* 18226  4922      integral     0        1.0349        1.0000   359228    3.37%
  21947  6120        1.0213   121        1.0349        1.0000   448520    3.37%
Elapsed time = 229.99 sec. (4388.68 ticks, tree = 89.41 MB, solutions = 155)
* 21949+ 4650                            1.0335        1.0000             3.24%
* 23313+ 6339                            1.0335        1.0000             3.24%
* 23325+ 4599                            1.0322        1.0000             3.12%
* 23735+ 5100                            1.0322        1.0000             3.12%
* 23933+ 5285                            1.0294        1.0000             2.85%
* 24620+ 6421                            1.0294        1.0000             2.85%
  24622  6666        1.0000   117        1.0294        1.0000   538782    2.85%
* 24631+ 3947                            1.0252        1.0000             2.46%
  24634  1588        1.0000   170        1.0252        1.0000   540015    2.46%
* 27455+   28                            1.0249        1.0000             2.43%
* 28173+   30                            1.0235        1.0000             2.30%
  29398  1984        1.0212    98        1.0235        1.0000   646986    2.30%
  49842 12484        cutoff              1.0235        1.0000  1033727    2.30%
  66556 21623    infeasible              1.0235        1.0000  1417810    2.30%
* 78754+24954                            1.0231        1.0000             2.26%
* 78860+25250                            1.0228        1.0000             2.23%
* 80062+26113                            1.0228        1.0000             2.23%
  80756 26587        1.0214   180        1.0228        1.0000  1703906    2.23%
* 84457+26525                            1.0228        1.0000             2.23%
* 88525+26869                            1.0228        1.0000             2.23%
* 88525+26953                            1.0226        1.0000             2.21%
* 88525+27038                            1.0225        1.0000             2.20%
  88525 26689    infeasible              1.0225        1.0000  1621325    2.20%
* 88530+27038                            1.0217        1.0000             2.12%

GUB cover cuts applied:  1
Clique cuts applied:  5
Cover cuts applied:  8
Implied bound cuts applied:  99
Flow cuts applied:  9
Mixed integer rounding cuts applied:  18
Gomory fractional cuts applied:  3

Root node processing (before b&c):
  Real time             =   50.31 sec. (1309.44 ticks)
Parallel b&c, 32 threads:
  Real time             =  644.98 sec. (22215.28 ticks)
  Sync time (average)   =  353.97 sec.
  Wait time (average)   =    0.40 sec.
                          ------------
Total (root+branch&cut) =  695.29 sec. (23524.72 ticks)
Solution found
