Model: Diversity_model_3
 - number of variables: 9642
   - binary=8760, integer=2, continuous=880
 - number of constraints: 21597
   - linear=21597
 - parameters: defaults
CPXPARAM_Read_DataCheck                          1
CPXPARAM_RandomSeed                              201804051
CPXPARAM_MIP_Strategy_LBHeur                     1
CPXPARAM_TimeLimit                               86400
CPXPARAM_MIP_Tolerances_MIPGap                   0.02
Tried aggregator 3 times.
MIP Presolve eliminated 198 rows and 110 columns.
MIP Presolve modified 714 coefficients.
Aggregator did 4433 substitutions.
Reduced MIP has 16966 rows, 5099 columns, and 41763 nonzeros.
Reduced MIP has 4431 binaries, 0 generals, 102 SOSs, and 0 indicators.
Presolve time = 0.49 sec. (134.43 ticks)
Probing fixed 0 vars, tightened 155 bounds.
Probing time = 1.32 sec. (92.95 ticks)
Tried aggregator 2 times.
MIP Presolve eliminated 2201 rows and 308 columns.
MIP Presolve modified 169 coefficients.
Aggregator did 51 substitutions.
Reduced MIP has 14714 rows, 4740 columns, and 35674 nonzeros.
Reduced MIP has 4123 binaries, 0 generals, 102 SOSs, and 0 indicators.
Presolve time = 0.43 sec. (128.40 ticks)
Probing time = 1.42 sec. (85.53 ticks)
Clique table members: 22627.
MIP emphasis: balance optimality and feasibility.
MIP search method: dynamic search.
Parallel mode: deterministic, using up to 32 threads.
Root relaxation solution time = 1.16 sec. (259.37 ticks)

        Nodes                                         Cuts/
   Node  Left     Objective  IInf  Best Integer    Best Bound    ItCnt     Gap

      0     0        0.8382  2753                      0.8382       26         
*     0+    0                            1.4231        0.8382            41.10%
*     0+    0                            1.2537        0.8382            33.14%
      0     0        0.8611   842        1.2537    Cuts: 2271     1164   27.46%
*     0+    0                            0.9979        0.9094             8.87%

Clique cuts applied:  1023
Implied bound cuts applied:  450
Flow cuts applied:  157
Mixed integer rounding cuts applied:  222
Zero-half cuts applied:  175
Gomory fractional cuts applied:  34

Root node processing (before b&c):
  Real time             =   20.61 sec. (2683.07 ticks)
Parallel b&c, 32 threads:
  Real time             =    0.00 sec. (0.00 ticks)
  Sync time (average)   =    0.00 sec.
  Wait time (average)   =    0.00 sec.
                          ------------
Total (root+branch&cut) =   20.61 sec. (2683.07 ticks)
Solution found
