Model: Diversity_model_3
 - number of variables: 22573
   - binary=18988, integer=2, continuous=3583
 - number of constraints: 86887
   - linear=86887
 - parameters: defaults
CPXPARAM_Read_DataCheck                          1
CPXPARAM_RandomSeed                              201804051
CPXPARAM_MIP_Strategy_LBHeur                     1
CPXPARAM_TimeLimit                               86400
CPXPARAM_MIP_Tolerances_MIPGap                   0.02
Tried aggregator 2 times.
MIP Presolve eliminated 798 rows and 788 columns.
MIP Presolve modified 312 coefficients.
Aggregator did 10119 substitutions.
Reduced MIP has 75970 rows, 11666 columns, and 210517 nonzeros.
Reduced MIP has 9650 binaries, 0 generals, 780 SOSs, and 0 indicators.
Presolve time = 3.85 sec. (697.80 ticks)
Probing changed sense of 26 constraints.
Probing time = 8.61 sec. (70.39 ticks)
Tried aggregator 2 times.
MIP Presolve eliminated 10734 rows and 924 columns.
Aggregator did 52 substitutions.
Reduced MIP has 65184 rows, 10690 columns, and 180059 nonzeros.
Reduced MIP has 8700 binaries, 0 generals, 780 SOSs, and 0 indicators.
Presolve time = 7.09 sec. (717.39 ticks)
Probing time = 12.30 sec. (50.61 ticks)
Clique table members: 100770.
MIP emphasis: balance optimality and feasibility.
MIP search method: dynamic search.
Parallel mode: deterministic, using up to 32 threads.
Root relaxation solution time = 5.66 sec. (846.60 ticks)

        Nodes                                         Cuts/
   Node  Left     Objective  IInf  Best Integer    Best Bound    ItCnt     Gap

      0     0        0.2644  2592                      0.2644     6270         
      0     0        0.2644  2788                  Cuts: 1429     7721         
*     0+    0                            0.7398        0.2644            64.26%
      0     0        0.2644  4196        0.7398    Cuts: 6136    10451   64.26%

Repeating presolve.
Tried aggregator 2 times.
MIP Presolve eliminated 51470 rows and 7051 columns.
MIP Presolve modified 177 coefficients.
Aggregator did 26 substitutions.
Reduced MIP has 13688 rows, 3613 columns, and 39850 nonzeros.
Reduced MIP has 1649 binaries, 0 generals, 780 SOSs, and 0 indicators.
Presolve time = 0.92 sec. (122.76 ticks)
Probing time = 0.70 sec. (49.78 ticks)
Tried aggregator 1 time.
MIP Presolve eliminated 1067 rows and 97 columns.
MIP Presolve modified 463 coefficients.
Reduced MIP has 12621 rows, 3516 columns, and 36843 nonzeros.
Reduced MIP has 1552 binaries, 0 generals, 780 SOSs, and 0 indicators.
Presolve time = 0.44 sec. (64.70 ticks)
Probing time = 0.28 sec. (30.66 ticks)
Tried aggregator 1 time.
MIP Presolve eliminated 209 rows and 19 columns.
MIP Presolve modified 170 coefficients.
Reduced MIP has 12412 rows, 3497 columns, and 36254 nonzeros.
Reduced MIP has 1533 binaries, 0 generals, 780 SOSs, and 0 indicators.
Presolve time = 0.31 sec. (58.90 ticks)
Represolve time = 3.46 sec. (678.76 ticks)
Probing time = 0.37 sec. (24.03 ticks)
Clique table members: 21674.
MIP emphasis: balance optimality and feasibility.
MIP search method: dynamic search.
Parallel mode: deterministic, using up to 32 threads.
Root relaxation solution time = 55.66 sec. (502.01 ticks)

        Nodes                                         Cuts/
   Node  Left     Objective  IInf  Best Integer    Best Bound    ItCnt     Gap

*     0+    0                            0.7398        0.2644            64.26%
      0     0        0.2644   501        0.7398        0.2644    14980   64.26%
      0     0        0.2644   789        0.7398    Cuts: 2655    17132   64.26%
*     0+    0                            0.7316        0.2644            63.86%
      0     0        0.2676   768        0.7316     Cuts: 889    19596   63.42%
      0     0        0.2693   806        0.7316    Cuts: 1339    21797   63.19%
*     0+    0                            0.7279        0.2693            63.00%
*     0+    0                            0.7189        0.2693            62.54%
      0     0        0.2694   762        0.7189     Cuts: 717    23188   62.52%
*     0+    0                            0.6934        0.2694            61.14%
      0     0        0.2697   864        0.6934     Cuts: 587    25328   61.10%
*     0+    0                            0.6836        0.2697            60.55%
      0     0        0.2701   796        0.6836     Cuts: 865    26835   60.48%
*     0+    0                            0.5372        0.2701            49.71%
      0     0        0.2702   855        0.5372     Cuts: 916    28471   49.70%
      0     0        0.2705   908        0.5372    Cuts: 1047    30293   49.65%
*     0+    0                            0.5234        0.2705            48.32%
      0     0        0.2708   861        0.5234     Cuts: 719    31809   48.26%
*     0+    0                            0.5226        0.2708            48.19%
*     0+    0                            0.4922        0.2708            44.98%
      0     0        0.2711   918        0.4922    Cuts: 1194    34241   44.92%
      0     0        0.2716   850        0.4922    Cuts: 1046    36550   44.81%
*     0+    0                            0.4631        0.2716            41.35%
      0     0        0.2720   870        0.4631     Cuts: 865    39270   41.28%
*     0+    0                            0.4567        0.2720            40.45%
*     0+    0                            0.4331        0.2720            37.21%
*     0+    0                            0.4313        0.2720            36.95%
      0     0        0.2723   904        0.4313    Cuts: 1064    41242   36.88%
      0     0        0.2725   859        0.4313     Cuts: 701    43066   36.83%
      0     0        0.2729   879        0.4313     Cuts: 769    44783   36.73%
      0     0        0.2733   879        0.4313     Cuts: 953    46487   36.65%
      0     0        0.2736   825        0.4313     Cuts: 979    48306   36.57%
      0     0        0.2741   887        0.4313    Cuts: 1006    50338   36.46%
      0     0        0.2744   908        0.4313    Cuts: 1121    52385   36.40%
      0     0        0.2746   907        0.4313    Cuts: 1112    54335   36.34%
      0     0        0.2748   878        0.4313     Cuts: 880    55968   36.30%
      0     0        0.2750   892        0.4313     Cuts: 703    58388   36.25%
      0     0        0.2753   941        0.4313     Cuts: 834    61016   36.17%
      0     0        0.2758   936        0.4313     Cuts: 587    62938   36.07%
      0     0        0.2761   919        0.4313     Cuts: 820    64640   35.99%
      0     0        0.2763   838        0.4313     Cuts: 792    66626   35.95%
      0     0        0.2763   822        0.4313     Cuts: 697    69235   35.94%
      0     2        0.2763   822        0.4313        0.2763    69235   35.94%
Elapsed time = 615.16 sec. (61562.74 ticks, tree = 0.02 MB, solutions = 14)
      1     3        0.3589   757        0.4313        0.2763    70083   35.94%
      4     5        0.3601   661        0.4313        0.2763    70739   35.94%
*     5+    2                            0.4311        0.2763            35.91%
     10     7        0.3747   595        0.4311        0.2763    72523   35.91%
     26     9        0.3652   674        0.4311        0.2765    73285   35.87%
*    40+    8                            0.4308        0.2765            35.82%
     54    14        0.3748   617        0.4308        0.2765    83465   35.82%
    137    17        0.3783   570        0.4308        0.2765   102211   35.81%
    232    21        cutoff              0.4308        0.2767   117569   35.78%
    372    21        cutoff              0.4308        0.2767   128244   35.78%
    438    24        cutoff              0.4308        0.2767   139282   35.77%
    888    51        0.4146   491        0.4308        0.2767   194975   35.77%
Elapsed time = 696.94 sec. (64892.11 ticks, tree = 2.58 MB, solutions = 16)
   1379   137        0.2961   506        0.4308        0.2767   211358   35.77%
*  1647+  495                            0.4224        0.2767            34.50%
   1805   501        0.3861   519        0.4224        0.2768   299054   34.47%
   2452  1036    infeasible              0.4224        0.2768   425408   34.47%
   3394  1655        0.3509   441        0.4224        0.2768   507097   34.47%
   4285  2479        0.4154   393        0.4224        0.2768   607880   34.47%
   5195  3234        0.3017   550        0.4224        0.2768   718144   34.47%
   6478  4278        0.3614    83        0.4224        0.2768   814515   34.47%
   7725  5184        cutoff              0.4224        0.2786   916181   34.05%
   8233  5524        0.2921   653        0.4224        0.2811   941087   33.47%
   8234  6395        0.2782   848        0.4224        0.2811  1063416   33.47%
Elapsed time = 976.29 sec. (108709.87 ticks, tree = 702.31 MB, solutions = 17)
   8235  6394        0.3628   749        0.4224        0.2811  1072294   33.47%
   8236  6394        0.3631   749        0.4224        0.2811  1077674   33.47%
   8238  6392        0.3634   650        0.4224        0.2811  1079095   33.47%
   8240  6392        0.3673   566        0.4224        0.2811  1083834   33.47%
   8244  4261        0.3701   532        0.4224        0.2811  1085104   33.47%
   8249  4263        0.3834   507        0.4224        0.2811  1093407   33.47%
   8254  2048        0.3897   487        0.4224        0.2811  1093821   33.47%
   8262   469        cutoff              0.4224        0.2811  1106418   33.47%
   8275    50        0.3969   531        0.4224        0.2811  1115805   33.47%
   8291    11        0.4053   447        0.4224        0.2811  1136979   33.47%
Elapsed time = 1010.09 sec. (122652.14 ticks, tree = 0.66 MB, solutions = 17)
   8308     7        0.4106   428        0.4224        0.2811  1141880   33.47%
   8321    13        0.2997   597        0.4224        0.2811  1146981   33.47%
   8368    36        0.4046   351        0.4224        0.2811  1156937   33.47%
   8661   202        0.3835   432        0.4224        0.2811  1214579   33.47%
   9350   511        0.4204   248        0.4224        0.2811  1286736   33.47%
  10176  1145        0.4188   228        0.4224        0.2811  1358346   33.47%
  11440  2093        0.4077   200        0.4224        0.2811  1432557   33.47%
  12295  2603        0.2937   637        0.4224        0.2811  1487504   33.47%
  12821  3457        cutoff              0.4224        0.2811  1587192   33.47%
  14023  4168        0.3557   380        0.4224        0.2811  1670170   33.47%
Elapsed time = 1101.65 sec. (132311.44 ticks, tree = 242.44 MB, solutions = 17)
  15348  5154        0.2892   748        0.4224        0.2811  1752179   33.47%
  15938  6365        0.2983   555        0.4224        0.2826  1861291   33.11%
  16963  6901        0.3957   266        0.4224        0.2826  1924552   33.11%
  18433  7812        0.2889   622        0.4224        0.2829  2019971   33.03%
  19730  9562        0.3979   245        0.4224        0.2829  2170558   33.03%
  20448 10344        0.4023   619        0.4224        0.2829  2261891   33.03%
  21229 11100        0.3823   522        0.4224        0.2838  2352788   32.83%
  22786 11971        0.3883   304        0.4224        0.2838  2443497   32.83%
  24369 13017        0.3893   371        0.4224        0.2838  2540880   32.83%
  25588 15082        0.4045   204        0.4224        0.2838  2715464   32.83%
Elapsed time = 1197.73 sec. (141863.08 ticks, tree = 1111.32 MB, solutions = 17)
  27081 15951        0.3974    97        0.4224        0.2838  2798402   32.83%
  28178 16738        0.3400   398        0.4224        0.2843  2857661   32.70%
  30112 18500        0.4121   153        0.4224        0.2845  3013546   32.66%
  32317 20103        0.3705   418        0.4224        0.2846  3119539   32.63%
  34284 21161        0.3934   316        0.4224        0.2847  3197399   32.60%
  35628 23592        0.4140   280        0.4224        0.2850  3365274   32.54%
  37456 24609        0.4127   240        0.4224        0.2850  3434204   32.54%
  38615 26438        0.3418   358        0.4224        0.2851  3566615   32.51%
  40065 26585        0.2954   674        0.4224        0.2852  3577068   32.48%
  41571 28933        0.3665   302        0.4224        0.2853  3784376   32.47%
Elapsed time = 1300.88 sec. (151404.00 ticks, tree = 2315.73 MB, solutions = 17)
Nodefile size = 265.32 MB (219.99 MB after compression)
  42442 29726        0.3441   555        0.4224        0.2854  3866910   32.44%
  43853 30570        0.4069    56        0.4224        0.2855  3965752   32.42%
* 43976 30592      integral     0        0.4139        0.2855  3965847   31.03%
* 45440 29002      integral     0        0.4125        0.2855  4079342   30.79%
  45462 29547        0.3820   149        0.4125        0.2855  4126358   30.79%
* 45952+29354                            0.4080        0.2856            30.01%
* 46026+29354                            0.4042        0.2856            29.36%
  46887 27047        0.3370   399        0.4042        0.2856  4180507   29.35%
  48097 28893        0.3896   311        0.4042        0.2856  4368893   29.35%
  49080 29612        0.3955    65        0.4042        0.2857  4449809   29.32%
* 50079 30252      integral     0        0.4035        0.2857  4516520   29.20%
  51214 30643        0.3471   275        0.4035        0.2858  4575501   29.19%
* 51331+30979                            0.4015        0.2858            28.83%
  52475 31146        0.3531   331        0.4015        0.2858  4693661   28.82%
  53689 32411        0.2984   541        0.4015        0.2859  4815395   28.80%
Elapsed time = 1383.40 sec. (160621.36 ticks, tree = 2465.32 MB, solutions = 25)
Nodefile size = 412.65 MB (347.12 MB after compression)
  55000 33808        0.3881   276        0.4015        0.2859  4943122   28.80%
* 55581 33635      integral     0        0.3970        0.2859  4921220   27.98%
  56521 33108        0.3557   324        0.3970        0.2860  5037212   27.95%
  57732 34339        cutoff              0.3970        0.2860  5194172   27.95%
* 57822+34012                            0.3947        0.2860            27.53%
  59027 34932        0.3790   266        0.3947        0.2861  5265066   27.52%
  60084 34807        0.3293   486        0.3947        0.2861  5381782   27.50%
* 60675+35203                            0.3901        0.2861            26.65%
  60675 36362        0.3051   634        0.3901        0.2861  5548103   26.65%
  61353 36536        0.3889   221        0.3901        0.2861  5559701   26.65%
* 61408+35203                            0.3888        0.2861            26.41%
* 61603+35203                            0.3880        0.2861            26.26%
  62021 37595        0.3236   440        0.3880        0.2861  5663871   26.26%
* 62053+35425                            0.3824        0.2861            25.18%
* 62213+35673                            0.3813        0.2861            24.95%
* 62853+35425                            0.3803        0.2861            24.76%
  62907 37989        0.3683   295        0.3803        0.2861  5695407   24.76%
Elapsed time = 1454.78 sec. (169664.71 ticks, tree = 2934.98 MB, solutions = 27)
Nodefile size = 879.98 MB (746.80 MB after compression)
* 63007+35425                            0.3790        0.2861            24.49%
  63511 38332        0.3333   248        0.3790        0.2861  5728081   24.49%
* 64037+35327                            0.3789        0.2861            24.48%
* 64302+35327                            0.3772        0.2861            24.15%
  64401 39098        0.2947   562        0.3772        0.2861  5799284   24.15%
  65203 39913        0.3325   387        0.3772        0.2861  5869434   24.15%
* 65493+35352                            0.3754        0.2861            23.77%
  65719 40658        0.2937   654        0.3754        0.2861  5930919   23.77%
  66447 41324        0.3914   250        0.3754        0.2861  6007140   23.77%
  67198 40286        0.3732   298        0.3754        0.2861  6076454   23.77%
  67886 40892        0.3053   384        0.3754        0.2861  6154445   23.77%
  68528 41150        0.3883   256        0.3754        0.2861  6177750   23.77%
  69065 41586        0.3268   325        0.3754        0.2861  6224272   23.77%
  69667 42234        0.3573   443        0.3754        0.2861  6297671   23.77%
Elapsed time = 1504.09 sec. (179212.86 ticks, tree = 3291.68 MB, solutions = 31)
Nodefile size = 1237.44 MB (1055.20 MB after compression)
  70338 37677        0.3026   593        0.3754        0.2861  6354961   23.77%
  70926 37968        0.3748   470        0.3754        0.2861  6386780   23.77%
  71769 37561        0.2923   629        0.3754        0.2861  6448442   23.77%
  72648 37545        0.3753   223        0.3754        0.2861  6570427   23.77%
* 73313+37433                            0.3741        0.2861            23.50%
  73376 37632        0.3492   501        0.3741        0.2861  6591655   23.50%
  73870 37761        0.3356   534        0.3741        0.2861  6718939   23.50%
  74678 37953        0.3593   293        0.3741        0.2861  6745962   23.50%
  75502 38400        0.3180   485        0.3741        0.2861  6810882   23.50%
  76354 39684        0.3601   227        0.3741        0.2861  6948937   23.50%
  79820 41921        0.3692   146        0.3741        0.2861  7221473   23.50%
Elapsed time = 1572.18 sec. (191621.97 ticks, tree = 3043.57 MB, solutions = 104)
Nodefile size = 991.09 MB (851.90 MB after compression)
  83199 45333        0.3523   410        0.3741        0.2875  7736568   23.14%
  88524 47958        0.3356   417        0.3741        0.2877  8061250   23.07%
  93044 52894        0.3293   530        0.3741        0.2880  8563894   23.01%
* 93669+54355                            0.3739        0.2880            22.97%
  98014 57263        0.3641   675        0.3739        0.2882  9065747   22.93%
 103797 62256        cutoff              0.3739        0.2885  9570570   22.84%
 108668 66154        0.3421   249        0.3739        0.2888 10010687   22.76%
 114461 71445        0.3529   497        0.3739        0.2891 10589687   22.68%
 120080 74991        0.3130   496        0.3739        0.2893 10949941   22.62%
 123714 80002        0.3508   290        0.3739        0.2895 11530680   22.57%
 129685 84049        0.3244   425        0.3739        0.2898 11964414   22.50%
Elapsed time = 1843.44 sec. (229773.74 ticks, tree = 6228.57 MB, solutions = 143)
Nodefile size = 4173.61 MB (3583.76 MB after compression)
 134777 87310        0.3416   241        0.3739        0.2899 12275374   22.45%
 140569 92548        0.3512   499        0.3739        0.2902 12898022   22.38%
 146057 98183        0.3184   537        0.3739        0.2904 13483058   22.34%
 151194 100845        0.3279   525        0.3739        0.2906 13778979   22.27%
 155705 105908        0.3215   567        0.3739        0.2907 14427653   22.24%
 160357 110445        0.3602   274        0.3739        0.2909 14982527   22.19%
 165724 112425        0.3179   599        0.3739        0.2912 15187913   22.12%
 169994 117462        0.3712   296        0.3739        0.2914 15760818   22.06%
 174716 122745        0.3201   487        0.3739        0.2917 16535419   22.00%
*179806+125793                            0.3730        0.2919            21.75%
 179865 126860        0.3640   378        0.3730        0.2919 17037628   21.75%
Elapsed time = 2136.58 sec. (267924.49 ticks, tree = 9551.28 MB, solutions = 144)
Nodefile size = 7491.93 MB (6452.44 MB after compression)
*183173+128926                            0.3724        0.2920            21.60%
*183691+129537                            0.3724        0.2920            21.59%
*183721+126770                            0.3724        0.2920            21.59%
 185504 129589        0.2959   653        0.3724        0.2920 17493548   21.57%
*187156+130027                            0.3718        0.2921            21.43%
 189924 132409        cutoff              0.3718        0.2922 17823754   21.40%
 194510 136951        0.3696   273        0.3718        0.2925 18584327   21.34%
 199023 138386        0.3139   587        0.3718        0.2926 18779609   21.31%
 202987 144204        0.3543   266        0.3718        0.2928 19494105   21.26%
 207596 146122        0.3649   158        0.3718        0.2929 19746266   21.21%
 212106 151363        0.3715   394        0.3718        0.2930 20466658   21.18%
 217197 153745        0.3586   254        0.3718        0.2932 20793029   21.14%
 221612 159381        0.3076   548        0.3718        0.2934 21443775   21.10%
 226256 164019        0.3687   286        0.3718        0.2935 22133890   21.05%
Elapsed time = 2400.91 sec. (306084.67 ticks, tree = 12356.54 MB, solutions = 146)
Nodefile size = 10299.39 MB (8880.74 MB after compression)
 231480 165617        0.3411   269        0.3718        0.2937 22320142   21.02%
 236494 171960        0.3638   402        0.3718        0.2938 23068347   20.99%
 241177 176420        0.3673   211        0.3718        0.2939 23642183   20.94%
 245092 178442        0.3669   306        0.3718        0.2941 23914476   20.91%
 250042 182401        0.3372   303        0.3718        0.2942 24422954   20.88%
 255422 186629        0.3623   330        0.3718        0.2943 24957147   20.85%
 259622 188966        0.3624   608        0.3718        0.2944 25253507   20.82%
 264446 193999        0.3655   520        0.3718        0.2946 25970881   20.77%
 270042 198987        0.3206   403        0.3718        0.2947 26564288   20.75%
 274623 201049        0.3336   599        0.3718        0.2948 26813170   20.72%
Elapsed time = 2676.10 sec. (344242.40 ticks, tree = 15490.80 MB, solutions = 146)
Nodefile size = 13424.14 MB (11581.36 MB after compression)
 278783 205974        0.3647   218        0.3718        0.2949 27430656   20.68%
 283390 209979        0.3604   283        0.3718        0.2950 28072889   20.65%
 287766 214490        cutoff              0.3718        0.2952 28670505   20.61%
 292569 218004        0.3616   244        0.3718        0.2953 29079694   20.58%
 297982 219987        0.3666   222        0.3718        0.2954 29300965   20.55%
 301932 225536        0.3496   305        0.3718        0.2955 29970121   20.52%
 307416 229388        0.3084   487        0.3718        0.2955 30530404   20.52%
 312736 234916        0.3562   553        0.3718        0.2957 31154860   20.47%
 317865 238359        0.3192   583        0.3718        0.2958 31568310   20.45%
 322253 243256        0.3478   322        0.3718        0.2959 32172537   20.41%
Elapsed time = 2954.40 sec. (382397.59 ticks, tree = 19267.36 MB, solutions = 146)
Nodefile size = 17211.01 MB (14861.98 MB after compression)
 326934 246406        0.3684   356        0.3718        0.2960 32643885   20.38%
 332215 249935        0.3528   350        0.3718        0.2961 33135677   20.35%
 337458 256081        0.3679   369        0.3718        0.2962 33862116   20.33%
 341288 257230        0.3247   539        0.3718        0.2963 33979811   20.30%
 345195 261850        0.3497   394        0.3718        0.2964 34657656   20.28%
 350112 264233        0.3591   279        0.3718        0.2965 35025116   20.26%
 354543 270477        0.3301   446        0.3718        0.2966 35803115   20.23%
 359213 272508        cutoff              0.3718        0.2967 36116215   20.20%
 363699 276810        0.3159   481        0.3718        0.2968 36683672   20.18%
 368564 280148        0.3290   525        0.3718        0.2969 37158557   20.15%
Elapsed time = 3231.21 sec. (420549.64 ticks, tree = 22199.13 MB, solutions = 146)
Nodefile size = 20135.61 MB (17394.06 MB after compression)
 374030 284774        0.3509   468        0.3718        0.2970 37738614   20.12%
 378907 290169        0.3445   464        0.3718        0.2971 38346714   20.10%
 383203 292730        0.3643   367        0.3718        0.2972 38651457   20.08%
 387284 296743        0.3313   664        0.3718        0.2973 39234146   20.05%
 390724 300051        0.3246   377        0.3718        0.2973 39737861   20.04%
 395107 302538        0.3062   520        0.3718        0.2974 40107229   20.00%
 399682 305924        0.3578   360        0.3718        0.2975 40562248   19.98%
 403971 311569        cutoff              0.3718        0.2976 41284322   19.96%
 408432 313746        0.3093   430        0.3718        0.2977 41640663   19.94%
 412574 316966        0.3623   274        0.3718        0.2977 42072401   19.92%
Elapsed time = 3487.55 sec. (458700.25 ticks, tree = 25210.28 MB, solutions = 146)
Nodefile size = 23140.60 MB (19988.99 MB after compression)
 414251 322060        0.3262   658        0.3718        0.3262 42834542   12.26%
 414254 241545        cutoff              0.3718        0.3262 42844520   12.25%
 414262 201289        0.3338   423        0.3718        0.3262 42852681   12.25%
 414638   169        0.3278   451        0.3718        0.3263 43001073   12.24%
 415748   572        0.3705   278        0.3718        0.3264 43191093   12.23%
 419219  2518        0.3274   411        0.3718        0.3267 43469496   12.14%
 422612  6229        0.3573   332        0.3718        0.3267 43875944   12.13%
 426003  8915        0.3311   357        0.3718        0.3267 44215025   12.12%
 429822 12128        0.3441   353        0.3718        0.3269 44556778   12.07%
 433710 15065        0.3716   314        0.3718        0.3274 44904585   11.93%
Elapsed time = 3839.31 sec. (558786.38 ticks, tree = 1239.43 MB, solutions = 146)
 437208 17972        0.3522   369        0.3718        0.3276 45285285   11.89%
 441184 21179        0.3702   255        0.3718        0.3277 45681963   11.85%
 445646 24085        0.3669   133        0.3718        0.3279 46033397   11.81%
 450162 28263        0.3533   219        0.3718        0.3280 46437163   11.79%
 454524 31616        0.3327   322        0.3718        0.3281 46817476   11.76%
 459180 35735        0.3704   300        0.3718        0.3282 47229305   11.74%
 463944 38733        0.3561   176        0.3718        0.3283 47552302   11.70%
 468440 43311        0.3453   372        0.3718        0.3284 48029775   11.68%
 472778 46488        0.3568   242        0.3718        0.3285 48434928   11.65%
 476821 50239        0.3465   362        0.3718        0.3286 48879513   11.62%
Elapsed time = 4051.65 sec. (596940.09 ticks, tree = 3786.02 MB, solutions = 146)
Nodefile size = 1733.26 MB (1459.31 MB after compression)
 481661 53677        0.3587   301        0.3718        0.3287 49278416   11.58%
 486312 56548        0.3319   326        0.3718        0.3288 49585937   11.56%
 490875 60853        0.3656   187        0.3718        0.3290 50101574   11.52%
 495777 63897        0.3594   336        0.3718        0.3291 50418135   11.49%
 500412 67903        0.3706   262        0.3718        0.3292 50870440   11.46%
 505215 71559        0.3498   322        0.3718        0.3293 51269291   11.43%
 509642 74964        0.3473   345        0.3718        0.3294 51670680   11.41%
 514183 78680        0.3676    89        0.3718        0.3295 52120461   11.38%
 518609 81921        0.3571   337        0.3718        0.3296 52513697   11.36%
 522854 85249        0.3377   273        0.3718        0.3297 52890476   11.34%
Elapsed time = 4284.82 sec. (635097.02 ticks, tree = 6257.27 MB, solutions = 146)
Nodefile size = 4202.67 MB (3541.85 MB after compression)
 526925 88858        0.3629   240        0.3718        0.3297 53417839   11.31%
 531496 91682        0.3468   327        0.3718        0.3298 53790235   11.29%
 535695 96437        cutoff              0.3718        0.3299 54340437   11.27%
 540164 97861        0.3606   249        0.3718        0.3300 54571351   11.25%
 545151 102061        0.3303   335        0.3718        0.3300 55089870   11.24%
 549740 105408        0.3714   191        0.3718        0.3301 55454975   11.22%
 554042 108428        0.3600   322        0.3718        0.3302 55810764   11.20%
 557799 112354        cutoff              0.3718        0.3302 56356573   11.18%
 561622 114432        0.3541   315        0.3718        0.3303 56632479   11.17%
 565207 118853        0.3622   296        0.3718        0.3303 57265135   11.15%
Elapsed time = 4506.87 sec. (673254.24 ticks, tree = 8671.51 MB, solutions = 146)
Nodefile size = 6614.61 MB (5574.48 MB after compression)
 568404 120751        0.3616   196        0.3718        0.3304 57558630   11.14%
 571814 123231        0.3372   281        0.3718        0.3305 57990472   11.12%
 575458 126468        0.3699   181        0.3718        0.3305 58501007   11.11%
 579407 128277        0.3629   236        0.3718        0.3306 58760208   11.10%
 582923 130583        0.3542   277        0.3718        0.3306 59080522   11.08%
 586312 134671        0.3692    96        0.3718        0.3307 59675416   11.06%
 589944 137070        cutoff              0.3718        0.3307 60048758   11.05%
 593942 138328        0.3695   175        0.3718        0.3308 60247696   11.03%
 597583 142991        cutoff              0.3718        0.3309 60867217   11.01%
 600829 143836        0.3363   377        0.3718        0.3309 60986887   11.00%
Elapsed time = 4725.30 sec. (711412.08 ticks, tree = 10483.68 MB, solutions = 146)
Nodefile size = 8427.55 MB (7104.28 MB after compression)
 604021 147363        0.3634   361        0.3718        0.3310 61603627   10.98%
 607720 149352        0.3632   249        0.3718        0.3310 61903400   10.97%
 611254 151748        0.3661   226        0.3718        0.3311 62266008   10.95%
 613990 154475        0.3384   336        0.3718        0.3312 62668362   10.93%
 617400 157573        cutoff              0.3718        0.3312 63239777   10.92%
 620945 160015        0.3711   336        0.3718        0.3313 63610294   10.90%
 624228 162211        cutoff              0.3718        0.3313 63944844   10.89%
 627073 165474        0.3504   232        0.3718        0.3314 64458410   10.87%
 629928 167840        0.3564   231        0.3718        0.3314 64950357   10.86%
 633273 170463        0.3605   273        0.3718        0.3315 65399855   10.85%
Elapsed time = 4956.28 sec. (749577.56 ticks, tree = 12309.29 MB, solutions = 146)
Nodefile size = 10252.13 MB (8640.51 MB after compression)
 636442 171746        0.3642   307        0.3718        0.3315 65605986   10.84%
 639543 174794        0.3488   311        0.3718        0.3316 66148255   10.82%
 643046 176801        0.3686   226        0.3718        0.3316 66510047   10.81%
 646558 180032        0.3608   351        0.3718        0.3317 67011300   10.79%
 649895 181230        0.3566   162        0.3718        0.3318 67232929   10.77%
 653348 185087        cutoff              0.3718        0.3318 68131552   10.76%
 656538 187357        0.3585   219        0.3718        0.3319 68530047   10.75%
 659568 189824        0.3712   248        0.3718        0.3319 68948356   10.73%
 662279 191646        0.3644   150        0.3718        0.3320 69316951   10.71%
 665879 194444        0.3601   293        0.3718        0.3320 69826607   10.70%
Elapsed time = 5184.65 sec. (787739.09 ticks, tree = 13806.41 MB, solutions = 146)
Nodefile size = 11749.55 MB (9902.38 MB after compression)
 669417 195947        0.3426   270        0.3718        0.3321 70050131   10.69%
 673006 199531        0.3612   313        0.3718        0.3321 70590527   10.67%
 676448 201254        cutoff              0.3718        0.3322 70849068   10.66%
 679371 204802        0.3630   221        0.3718        0.3323 71436362   10.64%
*681133+205571                            0.3713        0.3323            10.50%
*682010+205217                            0.3693        0.3323            10.01%
*682597+193359                            0.3671        0.3323             9.46%
 682779 205762        0.3463   318        0.3671        0.3323 71632684    9.46%
*684948+193229                            0.3671        0.3324             9.45%
 685857 176713        cutoff              0.3671        0.3324 72157719    9.44%
 688768 177145        0.3572   345        0.3671        0.3325 72264671    9.43%
 691480 179638        0.3535   343        0.3671        0.3325 72709369    9.41%
 694256 182914        0.3567   351        0.3671        0.3326 73375126    9.39%
 697540 185010        0.3569   231        0.3671        0.3327 73766985    9.37%
Elapsed time = 5407.97 sec. (825894.76 ticks, tree = 13241.35 MB, solutions = 150)
Nodefile size = 11180.62 MB (9446.86 MB after compression)
 700397 186995        0.3642   334        0.3671        0.3327 74136232    9.36%
 703302 189567        0.3554   328        0.3671        0.3328 74591825    9.34%
 706024 190565        0.3595   185        0.3671        0.3328 74782237    9.32%
 709160 192566        cutoff              0.3671        0.3329 75244752    9.31%
 712481 194769        cutoff              0.3671        0.3329 75588219    9.30%
 715709 198539        0.3653   141        0.3671        0.3330 76246073    9.27%
 718884 199405        0.3619   305        0.3671        0.3331 76466002    9.26%
 722024 201561        0.3365   329        0.3671        0.3331 76929919    9.24%
 724855 204591        0.3523   285        0.3671        0.3332 77437356    9.22%
 727742 207391        0.3662   212        0.3671        0.3333 77995303    9.20%
Elapsed time = 5624.10 sec. (864050.06 ticks, tree = 14838.90 MB, solutions = 150)
Nodefile size = 12781.43 MB (10801.56 MB after compression)
 730989 209850        0.3599   187        0.3671        0.3333 78445708    9.19%
 734452 210980        0.3640   295        0.3671        0.3334 78638792    9.17%
 737139 214758        0.3598   317        0.3671        0.3334 79228261    9.16%
 739884 216042        0.3596   241        0.3671        0.3335 79541247    9.14%
*741985+216477                            0.3665        0.3335             9.00%
*742360+213365                            0.3660        0.3335             8.88%
 743348 209462        0.3620   331        0.3660        0.3335 80040636    8.88%
*745103+210654                            0.3653        0.3336             8.69%
 746555 204526        0.3564   339        0.3653        0.3336 80320846    8.69%
 749854 206774        0.3459   202        0.3653        0.3336 80696169    8.67%
 752785 209144        0.3590   142        0.3653        0.3337 81127448    8.66%
 755632 211685        0.3600   269        0.3653        0.3338 81775895    8.64%
 758445 213853        0.3639   202        0.3653        0.3338 82235314    8.62%
Elapsed time = 5839.89 sec. (902232.35 ticks, tree = 15236.18 MB, solutions = 153)
Nodefile size = 13183.34 MB (11149.13 MB after compression)
 761409 215539        cutoff              0.3653        0.3339 82561964    8.60%
 764628 217341        0.3558   249        0.3653        0.3340 82934068    8.59%
 767824 220087        0.3620   194        0.3653        0.3340 83394707    8.57%
 771060 222092        0.3504   297        0.3653        0.3341 83730030    8.55%
 773539 223437        0.3546   454        0.3653        0.3342 83940228    8.53%
 776373 226550        0.3380   463        0.3653        0.3342 84646768    8.51%
 779662 227693        0.3568   184        0.3653        0.3343 84858270    8.49%
 782863 229847        0.3500   293        0.3653        0.3344 85237636    8.48%
 786279 232720        0.3627   286        0.3653        0.3344 85742112    8.46%
 789245 234392        0.3506   288        0.3653        0.3345 86043046    8.44%
Elapsed time = 6063.25 sec. (940395.20 ticks, tree = 16952.36 MB, solutions = 153)
Nodefile size = 14895.83 MB (12599.37 MB after compression)
 791981 237498        0.3578   321        0.3653        0.3346 86659526    8.42%
 795269 238722        cutoff              0.3653        0.3346 86906034    8.40%
 798542 240880        0.3630   154        0.3653        0.3347 87268288    8.38%
 801898 243317        0.3586   360        0.3653        0.3348 87771856    8.37%
 805186 245027        0.3612   111        0.3653        0.3348 88160081    8.35%
 808526 248602        0.3499   230        0.3653        0.3349 88849951    8.34%
 811591 251585        0.3646   255        0.3653        0.3349 89382115    8.32%
 814675 253082        0.3623   338        0.3653        0.3350 89672146    8.30%
 817858 253757        0.3494   223        0.3653        0.3351 89826065    8.28%
 821301 258256        0.3610   248        0.3653        0.3351 90561485    8.27%
Elapsed time = 6288.26 sec. (978557.11 ticks, tree = 18414.33 MB, solutions = 153)
Nodefile size = 16355.53 MB (13820.82 MB after compression)
 824638 258843        0.3475   262        0.3653        0.3352 90664643    8.25%
 827362 262976        0.3466   237        0.3653        0.3353 91427622    8.23%
 830429 262921        0.3447   330        0.3653        0.3353 91425339    8.21%
 833545 266318        0.3429   375        0.3653        0.3354 92095607    8.20%
 837145 269014        0.3617   152        0.3653        0.3354 92596032    8.18%
 840640 270398        0.3475   313        0.3653        0.3355 92817850    8.16%
 843689 272904        0.3608   148        0.3653        0.3356 93211423    8.15%
 846269 275008        0.3586   310        0.3653        0.3356 93647315    8.13%
 849400 276703        0.3628   279        0.3653        0.3357 94022328    8.11%
 852864 279399        0.3580   288        0.3653        0.3357 94556250    8.10%
Elapsed time = 6505.64 sec. (1016715.67 ticks, tree = 19873.20 MB, solutions = 153)
Nodefile size = 17812.49 MB (15047.11 MB after compression)
 856276 281337        0.3628   239        0.3653        0.3358 94881124    8.09%
 859578 283528        0.3421   326        0.3653        0.3359 95261423    8.07%
 862877 286480        0.3407   344        0.3653        0.3359 95932877    8.05%
 866074 288675        0.3571   275        0.3653        0.3360 96550291    8.03%
 869033 291459        0.3646   329        0.3653        0.3361 97303711    8.01%
 872010 291598        0.3426   417        0.3653        0.3361 97330566    8.00%
 874701 293197        0.3561   309        0.3653        0.3362 97609393    7.98%
 877811 297516        0.3551   141        0.3653        0.3362 98569116    7.97%
 881060 299549        cutoff              0.3653        0.3363 98924097    7.94%
 884183 300255        cutoff              0.3653        0.3364 99038995    7.93%
Elapsed time = 6730.47 sec. (1054875.00 ticks, tree = 21089.07 MB, solutions = 153)
Nodefile size = 19024.78 MB (16060.13 MB after compression)
 887467 302256        0.3507   253        0.3653        0.3364 99468802    7.92%
 890438 304823        cutoff              0.3653        0.3365 99913945    7.90%
 893217 307569        cutoff              0.3653        0.3365 1.01e+08    7.88%
 896424 308714        cutoff              0.3653        0.3366 1.01e+08    7.86%
 899587 310599        0.3591   161        0.3653        0.3367 1.01e+08    7.84%
 902843 311960        0.3559   299        0.3653        0.3367 1.01e+08    7.83%
 906087 314155        cutoff              0.3653        0.3368 1.02e+08    7.81%
 908808 316638        0.3595   264        0.3653        0.3369 1.02e+08    7.79%
 911712 319526        0.3618   198        0.3653        0.3369 1.03e+08    7.78%
 915322 321627        0.3439   443        0.3653        0.3370 1.03e+08    7.75%
Elapsed time = 6960.92 sec. (1093037.26 ticks, tree = 22587.80 MB, solutions = 153)
Nodefile size = 20528.66 MB (17325.78 MB after compression)
 918717 324059        0.3639   297        0.3653        0.3371 1.04e+08    7.74%
 922172 324851        0.3645   263        0.3653        0.3371 1.04e+08    7.72%
 925287 328229        0.3543   213        0.3653        0.3372 1.04e+08    7.71%
 928243 330738        0.3594   142        0.3653        0.3372 1.05e+08    7.69%
 931464 331553        cutoff              0.3653        0.3373 1.05e+08    7.67%
 935005 334053        0.3613    83        0.3653        0.3374 1.06e+08    7.66%
 938587 335699        0.3604   310        0.3653        0.3374 1.06e+08    7.64%
 942158 337737        0.3592   182        0.3653        0.3375 1.06e+08    7.62%
 945772 339939        cutoff              0.3653        0.3375 1.07e+08    7.61%
 949330 342272        0.3523   204        0.3653        0.3376 1.07e+08    7.59%
Elapsed time = 7179.49 sec. (1131194.82 ticks, tree = 24005.13 MB, solutions = 153)
Nodefile size = 21948.11 MB (18511.62 MB after compression)
 952568 347186        0.3488   308        0.3653        0.3377 1.09e+08    7.57%
 955338 347772        0.3568   236        0.3653        0.3377 1.09e+08    7.55%
 958573 350484        0.3457   241        0.3653        0.3378 1.10e+08    7.54%
 962015 351192        0.3601   296        0.3653        0.3378 1.10e+08    7.52%
 965232 352855        0.3626   266        0.3653        0.3379 1.10e+08    7.51%
 968488 355990        0.3590   152        0.3653        0.3380 1.11e+08    7.49%
 971376 359576        0.3635   215        0.3653        0.3380 1.11e+08    7.48%
 974798 360419        cutoff              0.3653        0.3381 1.12e+08    7.46%
 978117 362962        cutoff              0.3653        0.3381 1.12e+08    7.45%
 981597 364466        0.3515   299        0.3653        0.3382 1.12e+08    7.43%
Elapsed time = 7422.50 sec. (1169357.83 ticks, tree = 24982.98 MB, solutions = 153)
Nodefile size = 22918.99 MB (19317.43 MB after compression)
 985115 368543        0.3611   303        0.3653        0.3382 1.13e+08    7.42%
 988607 370729        0.3471   240        0.3653        0.3383 1.13e+08    7.40%
 991405 371687        cutoff              0.3653        0.3383 1.14e+08    7.39%
 994895 373351        0.3474   271        0.3653        0.3384 1.14e+08    7.37%
 998679 374762        0.3545   233        0.3653        0.3385 1.14e+08    7.36%
 1002210 377961        0.3515   204        0.3653        0.3385 1.15e+08    7.34%
 1005660 379669        0.3558   303        0.3653        0.3385 1.15e+08    7.33%
 1008800 382329        0.3607   240        0.3653        0.3386 1.16e+08    7.32%
 1011766 385699        0.3435   189        0.3653        0.3387 1.16e+08    7.30%
 1015612 386284        0.3577   287        0.3653        0.3387 1.16e+08    7.29%
Elapsed time = 7661.06 sec. (1207512.81 ticks, tree = 26634.03 MB, solutions = 153)
Nodefile size = 24581.16 MB (20708.94 MB after compression)
 1019652 389473        0.3454   269        0.3653        0.3388 1.17e+08    7.27%
 1023356 391367        0.3559   145        0.3653        0.3388 1.17e+08    7.26%
 1026899 395512        0.3583   287        0.3653        0.3389 1.18e+08    7.24%
 1029954 398448        cutoff              0.3653        0.3389 1.18e+08    7.23%
 1033304 400202        0.3651    88        0.3653        0.3390 1.19e+08    7.22%
 1037141 400600        cutoff              0.3653        0.3390 1.19e+08    7.20%
 1041026 402636        0.3628   300        0.3653        0.3391 1.19e+08    7.19%
 1044925 406414        0.3651   322        0.3653        0.3391 1.20e+08    7.18%
 1048505 409714        0.3615   223        0.3653        0.3392 1.20e+08    7.17%
 1051525 410482        0.3512   327        0.3653        0.3392 1.20e+08    7.15%
Elapsed time = 7900.71 sec. (1245670.37 ticks, tree = 28655.15 MB, solutions = 153)
Nodefile size = 26597.08 MB (22390.64 MB after compression)
 1054910 412898        0.3442   306        0.3653        0.3393 1.21e+08    7.13%
 1058634 415739        cutoff              0.3653        0.3393 1.21e+08    7.12%
 1062723 416437        cutoff              0.3653        0.3394 1.21e+08    7.11%
 1066543 419147        0.3441   400        0.3653        0.3394 1.22e+08    7.10%
 1069786 424330        cutoff              0.3653        0.3394 1.23e+08    7.09%
 1072972 426307        cutoff              0.3653        0.3395 1.23e+08    7.07%
 1076194 426863        0.3608   213        0.3653        0.3395 1.23e+08    7.06%
 1080124 430419        cutoff              0.3653        0.3396 1.24e+08    7.05%
 1084129 431777        cutoff              0.3653        0.3396 1.24e+08    7.03%
 1087459 433866        0.3411   332        0.3653        0.3397 1.24e+08    7.03%
Elapsed time = 8153.25 sec. (1283823.71 ticks, tree = 30240.86 MB, solutions = 153)
Nodefile size = 28178.26 MB (23710.92 MB after compression)
 1091051 437070        0.3424   274        0.3653        0.3397 1.25e+08    7.02%
 1094239 438906        0.3596   282        0.3653        0.3397 1.25e+08    7.01%
 1097877 442532        0.3483   363        0.3653        0.3398 1.26e+08    6.99%
 1101685 445258        0.3503   212        0.3653        0.3398 1.26e+08    6.98%
 1105833 446846        0.3606   196        0.3653        0.3399 1.27e+08    6.97%
 1109479 448035        0.3446   325        0.3653        0.3399 1.27e+08    6.96%
 1113284 451393        0.3638   120        0.3653        0.3399 1.27e+08    6.95%
 1116723 453292        0.3552   239        0.3653        0.3400 1.27e+08    6.94%
 1120006 455585        0.3619   270        0.3653        0.3400 1.28e+08    6.93%
 1123870 459763        0.3578   254        0.3653        0.3401 1.29e+08    6.92%
Elapsed time = 8407.26 sec. (1321983.47 ticks, tree = 31988.84 MB, solutions = 153)
Nodefile size = 29923.18 MB (25166.84 MB after compression)
 1127773 460547        0.3646   267        0.3653        0.3401 1.29e+08    6.91%
 1131875 462443        cutoff              0.3653        0.3401 1.29e+08    6.89%
 1135422 467531        0.3651   331        0.3653        0.3402 1.30e+08    6.88%
 1138501 470465        0.3626   176        0.3653        0.3402 1.30e+08    6.87%
 1142305 471347        0.3550   327        0.3653        0.3403 1.31e+08    6.86%
 1146015 473405        0.3628   227        0.3653        0.3403 1.31e+08    6.85%
*1147004+474500                            0.3594        0.3403             5.32%
 1149884 332381        0.3496   361        0.3594        0.3403 1.31e+08    5.31%
 1153199 332593        0.3585   146        0.3594        0.3404 1.32e+08    5.31%
 1156219 335425        0.3539   295        0.3594        0.3404 1.32e+08    5.29%
 1159479 335876        0.3560   322        0.3594        0.3405 1.32e+08    5.28%
Elapsed time = 8654.34 sec. (1360138.84 ticks, tree = 23830.69 MB, solutions = 154)
Nodefile size = 21773.08 MB (18340.25 MB after compression)
 1163158 339837        0.3506   316        0.3594        0.3405 1.33e+08    5.27%
 1166960 341263        0.3456   318        0.3594        0.3405 1.33e+08    5.26%
 1170761 343083        0.3577   219        0.3594        0.3406 1.34e+08    5.25%
 1174707 344507        0.3554   382        0.3594        0.3406 1.34e+08    5.24%
 1178135 348131        cutoff              0.3594        0.3407 1.35e+08    5.23%
 1181051 349260        0.3544   238        0.3594        0.3407 1.35e+08    5.21%
 1184627 351857        0.3422   326        0.3594        0.3408 1.35e+08    5.19%
 1188414 353697        0.3516   281        0.3594        0.3408 1.36e+08    5.18%
 1192203 354533        0.3562   160        0.3594        0.3409 1.36e+08    5.17%
 1195887 357388        0.3557   338        0.3594        0.3409 1.36e+08    5.15%
Elapsed time = 8880.03 sec. (1398296.21 ticks, tree = 25286.27 MB, solutions = 154)
Nodefile size = 23216.61 MB (19539.39 MB after compression)
 1199397 361811        0.3471   366        0.3594        0.3410 1.37e+08    5.14%
 1202636 362229        0.3524   204        0.3594        0.3410 1.37e+08    5.13%
 1206514 364964        0.3486   340        0.3594        0.3411 1.38e+08    5.11%
 1210774 367475        0.3424   322        0.3594        0.3411 1.38e+08    5.10%
 1214882 369175        0.3533   162        0.3594        0.3412 1.38e+08    5.09%
 1218745 372669        0.3476   267        0.3594        0.3412 1.39e+08    5.08%
 1222088 374909        cutoff              0.3594        0.3413 1.39e+08    5.06%
 1225460 374984        0.3545   296        0.3594        0.3413 1.39e+08    5.05%
 1229493 378885        0.3490   190        0.3594        0.3413 1.40e+08    5.04%
 1233499 381121        0.3551   191        0.3594        0.3414 1.41e+08    5.02%
Elapsed time = 9114.31 sec. (1436452.76 ticks, tree = 26945.71 MB, solutions = 154)
Nodefile size = 24879.22 MB (20920.91 MB after compression)
 1237690 384403        0.3573   200        0.3594        0.3414 1.41e+08    5.01%
 1241745 385631        0.3528   348        0.3594        0.3415 1.41e+08    5.00%
 1245232 387471        0.3561   260        0.3594        0.3415 1.42e+08    4.99%
 1248523 389432        0.3578   182        0.3594        0.3416 1.42e+08    4.97%
 1252437 391658        cutoff              0.3594        0.3416 1.42e+08    4.96%
 1256918 393609        cutoff              0.3594        0.3417 1.43e+08    4.95%
 1260856 397308        0.3474   294        0.3594        0.3417 1.43e+08    4.93%
 1265064 398174        0.3571   127        0.3594        0.3417 1.44e+08    4.92%
 1269175 401645        0.3570   268        0.3594        0.3418 1.44e+08    4.91%
 1272938 402445        0.3506   331        0.3594        0.3418 1.44e+08    4.90%
Elapsed time = 9352.79 sec. (1474613.08 ticks, tree = 28697.17 MB, solutions = 154)
Nodefile size = 26637.55 MB (22381.64 MB after compression)
 1276562 405546        0.3551   310        0.3594        0.3419 1.45e+08    4.88%
 1280598 408845        cutoff              0.3594        0.3419 1.45e+08    4.87%
*1281186+407792                            0.3566        0.3419             4.11%
 1284727 327103        0.3563   195        0.3566        0.3420 1.46e+08    4.10%
*1285818+326569                            0.3566        0.3420             4.10%
 1288497 328088        0.3536   186        0.3566        0.3420 1.46e+08    4.09%
 1292614 329443        0.3539   149        0.3566        0.3421 1.46e+08    4.08%
 1296304 332525        0.3445   226        0.3566        0.3421 1.47e+08    4.07%
 1299593 333794        0.3540   179        0.3566        0.3421 1.47e+08    4.06%
 1302949 335885        0.3534   193        0.3566        0.3422 1.48e+08    4.05%
 1306507 337483        0.3538   329        0.3566        0.3422 1.48e+08    4.03%
 1310238 340668        0.3562   239        0.3566        0.3423 1.49e+08    4.02%
Elapsed time = 9588.27 sec. (1512765.82 ticks, tree = 24331.79 MB, solutions = 156)
Nodefile size = 22270.74 MB (18716.87 MB after compression)
 1314098 341272        0.3531   239        0.3566        0.3423 1.49e+08    4.00%
 1317775 341842        0.3523   171        0.3566        0.3424 1.49e+08    3.99%
 1320924 345988        0.3564   195        0.3566        0.3424 1.50e+08    3.97%
 1324292 346636        cutoff              0.3566        0.3425 1.50e+08    3.96%
 1328285 347840        0.3496   313        0.3566        0.3425 1.50e+08    3.95%
 1332403 351880        0.3561   157        0.3566        0.3426 1.51e+08    3.93%
 1336316 354027        0.3430   342        0.3566        0.3426 1.51e+08    3.92%
 1340043 354622        0.3497   217        0.3566        0.3427 1.52e+08    3.91%
 1343173 356275        cutoff              0.3566        0.3427 1.52e+08    3.90%
 1346584 359267        0.3506   101        0.3566        0.3427 1.53e+08    3.89%
Elapsed time = 9805.75 sec. (1550932.65 ticks, tree = 25646.93 MB, solutions = 156)
Nodefile size = 23613.69 MB (19829.87 MB after compression)
 1350159 359827        0.3476   343        0.3566        0.3428 1.53e+08    3.87%
 1354088 361452        0.3548   290        0.3566        0.3428 1.53e+08    3.86%
 1357993 364465        0.3507   267        0.3566        0.3429 1.54e+08    3.85%
 1362003 364345        0.3514   287        0.3566        0.3429 1.54e+08    3.83%
 1365625 366834        0.3548   292        0.3566        0.3430 1.54e+08    3.83%
*1368594+370339                            0.3563        0.3430             3.74%
 1368908 369259        0.3518   360        0.3563        0.3430 1.55e+08    3.74%
 1372085 362769        cutoff              0.3563        0.3430 1.55e+08    3.73%
 1376073 364750        0.3522   197        0.3563        0.3431 1.56e+08    3.71%
 1380044 365285        0.3473   183        0.3563        0.3431 1.56e+08    3.70%
 1383913 368836        0.3529   210        0.3563        0.3432 1.56e+08    3.69%
Elapsed time = 10020.20 sec. (1589086.54 ticks, tree = 26310.61 MB, solutions = 157)
Nodefile size = 24245.85 MB (20343.22 MB after compression)
 1387507 371038        0.3520   136        0.3563        0.3432 1.57e+08    3.68%
 1390748 372690        cutoff              0.3563        0.3432 1.57e+08    3.67%
 1394024 373331        0.3496   272        0.3563        0.3433 1.57e+08    3.66%
 1397715 376789        cutoff              0.3563        0.3433 1.58e+08    3.64%
 1401585 378059        0.3516   208        0.3563        0.3434 1.59e+08    3.63%
 1405096 378311        0.3484   293        0.3563        0.3434 1.59e+08    3.62%
 1408678 380194        0.3554   145        0.3563        0.3434 1.59e+08    3.61%
 1412230 382285        0.3533   239        0.3563        0.3435 1.59e+08    3.60%
 1415353 384408        0.3449   294        0.3563        0.3435 1.60e+08    3.59%
 1418718 386056        cutoff              0.3563        0.3436 1.60e+08    3.58%
Elapsed time = 10242.45 sec. (1627247.13 ticks, tree = 27523.97 MB, solutions = 157)
Nodefile size = 25473.30 MB (21360.47 MB after compression)
 1422072 388332        0.3493   312        0.3563        0.3436 1.61e+08    3.57%
 1425497 390437        cutoff              0.3563        0.3436 1.61e+08    3.56%
 1429262 391092        0.3531   274        0.3563        0.3437 1.61e+08    3.55%
 1432967 393845        0.3489   338        0.3563        0.3437 1.62e+08    3.54%
 1436005 394585        0.3549   278        0.3563        0.3437 1.62e+08    3.53%
 1439071 396554        0.3496   258        0.3563        0.3438 1.63e+08    3.52%
 1442831 398376        0.3542   222        0.3563        0.3438 1.63e+08    3.52%
 1446451 399526        0.3558   206        0.3563        0.3438 1.63e+08    3.51%
 1450078 402693        cutoff              0.3563        0.3439 1.64e+08    3.50%
 1453801 404033        0.3515   278        0.3563        0.3439 1.64e+08    3.49%
Elapsed time = 10465.22 sec. (1665400.99 ticks, tree = 28654.17 MB, solutions = 157)
Nodefile size = 26599.39 MB (22287.06 MB after compression)
 1456982 405113        0.3524   289        0.3563        0.3439 1.65e+08    3.48%
 1460072 407929        cutoff              0.3563        0.3440 1.65e+08    3.47%
 1463829 410182        0.3542   225        0.3563        0.3440 1.66e+08    3.46%
 1467746 410963        0.3545   219        0.3563        0.3440 1.66e+08    3.45%
 1471527 412096        0.3555   172        0.3563        0.3441 1.66e+08    3.44%
 1475080 413875        0.3556   280        0.3563        0.3441 1.67e+08    3.43%
 1478387 417205        0.3535   327        0.3563        0.3441 1.67e+08    3.42%
 1481448 419099        cutoff              0.3563        0.3441 1.68e+08    3.42%
 1485148 419599        cutoff              0.3563        0.3442 1.68e+08    3.41%
 1489182 423242        0.3525   325        0.3563        0.3442 1.69e+08    3.40%
Elapsed time = 10695.74 sec. (1703558.56 ticks, tree = 29686.67 MB, solutions = 157)
Nodefile size = 27630.80 MB (23118.06 MB after compression)
 1493192 425146        0.3559   277        0.3563        0.3442 1.69e+08    3.39%
 1497164 426223        cutoff              0.3563        0.3443 1.69e+08    3.38%
 1501057 427497        0.3528   272        0.3563        0.3443 1.70e+08    3.37%
 1504403 428650        cutoff              0.3563        0.3443 1.70e+08    3.36%
 1507522 431826        0.3519   327        0.3563        0.3444 1.71e+08    3.36%
 1511194 433011        0.3486   260        0.3563        0.3444 1.71e+08    3.35%
 1515147 434655        cutoff              0.3563        0.3444 1.71e+08    3.34%
 1519107 436811        0.3491   190        0.3563        0.3444 1.72e+08    3.33%
 1523000 437887        0.3535   242        0.3563        0.3445 1.72e+08    3.33%
 1526711 442469        0.3529   162        0.3563        0.3445 1.73e+08    3.32%
Elapsed time = 10926.39 sec. (1741715.60 ticks, tree = 31201.76 MB, solutions = 157)
Nodefile size = 29146.96 MB (24344.77 MB after compression)
 1530022 442431        0.3519   324        0.3563        0.3445 1.73e+08    3.31%
 1533370 445330        0.3485   283        0.3563        0.3445 1.74e+08    3.30%
 1537001 446516        0.3545   240        0.3563        0.3446 1.74e+08    3.30%
 1540800 449308        0.3541   273        0.3563        0.3446 1.75e+08    3.29%
 1544836 448764        cutoff              0.3563        0.3446 1.75e+08    3.28%
 1548468 451375        cutoff              0.3563        0.3447 1.75e+08    3.27%
 1551757 452991        0.3514   286        0.3563        0.3447 1.75e+08    3.26%
 1554835 454471        cutoff              0.3563        0.3447 1.76e+08    3.26%
 1558353 457387        0.3485   279        0.3563        0.3447 1.76e+08    3.25%
 1562139 458106        0.3514   284        0.3563        0.3448 1.77e+08    3.24%
Elapsed time = 11153.59 sec. (1779872.11 ticks, tree = 31819.18 MB, solutions = 157)
Nodefile size = 29762.12 MB (24837.06 MB after compression)
 1566146 461265        0.3485   304        0.3563        0.3448 1.77e+08    3.23%
 1569900 461019        0.3561   205        0.3563        0.3448 1.77e+08    3.22%
 1572986 465525        0.3554   215        0.3563        0.3448 1.78e+08    3.22%
 1576043 466747        0.3534   237        0.3563        0.3449 1.78e+08    3.21%
 1579551 466574        0.3513   324        0.3563        0.3449 1.78e+08    3.20%
 1583488 467926        0.3484   393        0.3563        0.3449 1.79e+08    3.20%
 1587469 469794        0.3514   264        0.3563        0.3449 1.79e+08    3.19%
 1591330 473351        0.3524   240        0.3563        0.3450 1.80e+08    3.18%
 1594704 474364        0.3562   170        0.3563        0.3450 1.80e+08    3.18%
 1597521 477848        0.3554   139        0.3563        0.3450 1.81e+08    3.17%
Elapsed time = 11404.20 sec. (1818027.35 ticks, tree = 33295.35 MB, solutions = 157)
Nodefile size = 31248.71 MB (26033.16 MB after compression)
 1600560 477363        0.3550   157        0.3563        0.3450 1.81e+08    3.17%
 1603838 480086        0.3499   285        0.3563        0.3451 1.82e+08    3.16%
 1607870 480796        0.3545   231        0.3563        0.3451 1.82e+08    3.15%
 1612030 483543        0.3543   275        0.3563        0.3451 1.82e+08    3.14%
 1615780 485030        0.3520   190        0.3563        0.3451 1.83e+08    3.13%
 1618910 488045        0.3507   216        0.3563        0.3452 1.83e+08    3.13%
 1622017 488987        0.3554   220        0.3563        0.3452 1.83e+08    3.12%
 1625445 489772        0.3459   293        0.3563        0.3452 1.84e+08    3.12%
 1629305 491531        0.3514   213        0.3563        0.3452 1.84e+08    3.11%
 1633463 492906        0.3515   180        0.3563        0.3453 1.85e+08    3.10%
Elapsed time = 11651.87 sec. (1856184.80 ticks, tree = 34139.12 MB, solutions = 157)
Nodefile size = 32066.83 MB (26692.30 MB after compression)
 1637507 494362        0.3489   345        0.3563        0.3453 1.85e+08    3.10%
 1641150 497476        0.3549   288        0.3563        0.3453 1.85e+08    3.09%
 1644120 499301        0.3497   305        0.3563        0.3453 1.86e+08    3.08%
 1647237 501807        0.3508   215        0.3563        0.3453 1.86e+08    3.08%
 1650892 502978        0.3526   249        0.3563        0.3454 1.87e+08    3.07%
 1654797 505756        cutoff              0.3563        0.3454 1.87e+08    3.07%
 1658710 507760        cutoff              0.3563        0.3454 1.88e+08    3.06%
 1662591 508305    infeasible              0.3563        0.3454 1.88e+08    3.05%
 1665990 509714        0.3468   338        0.3563        0.3455 1.88e+08    3.05%
 1669106 512693        0.3546   292        0.3563        0.3455 1.89e+08    3.04%
Elapsed time = 11889.41 sec. (1894345.62 ticks, tree = 35724.07 MB, solutions = 157)
Nodefile size = 33671.68 MB (27987.13 MB after compression)
 1672255 513551        0.3551   248        0.3563        0.3455 1.89e+08    3.04%
 1676143 515522        0.3535   269        0.3563        0.3455 1.90e+08    3.03%
 1680290 516144        0.3517   296        0.3563        0.3455 1.90e+08    3.02%
 1684221 518172        0.3461   295        0.3563        0.3456 1.90e+08    3.02%
 1688322 521583        cutoff              0.3563        0.3456 1.91e+08    3.01%
 1691568 522154        0.3537   358        0.3563        0.3456 1.91e+08    3.01%
 1694769 523601        0.3504   293        0.3563        0.3456 1.91e+08    3.00%
 1698303 527079        0.3538   281        0.3563        0.3456 1.92e+08    2.99%
 1702346 526466        0.3557   241        0.3563        0.3457 1.92e+08    2.99%
 1706558 529648        0.3505   301        0.3563        0.3457 1.93e+08    2.98%
Elapsed time = 12122.68 sec. (1932507.82 ticks, tree = 36610.03 MB, solutions = 157)
Nodefile size = 34552.45 MB (28689.89 MB after compression)
 1710612 531185        0.3488   244        0.3563        0.3457 1.93e+08    2.98%
 1714317 533022        0.3521   261        0.3563        0.3457 1.94e+08    2.97%
 1718104 535950        0.3554   148        0.3563        0.3457 1.94e+08    2.97%
 1721387 537553        0.3560   249        0.3563        0.3458 1.95e+08    2.96%
 1724753 538952        0.3550   229        0.3563        0.3458 1.95e+08    2.96%
 1728732 540185        0.3529   332        0.3563        0.3458 1.95e+08    2.95%
 1732942 542778        0.3495   278        0.3563        0.3458 1.96e+08    2.94%
 1737193 543931        0.3514   244        0.3563        0.3458 1.96e+08    2.94%
 1740964 545709        0.3554   311        0.3563        0.3459 1.96e+08    2.93%
 1744426 549524        0.3507   211        0.3563        0.3459 1.97e+08    2.93%
Elapsed time = 12368.67 sec. (1970667.15 ticks, tree = 38145.33 MB, solutions = 157)
Nodefile size = 36094.12 MB (29927.90 MB after compression)
 1747737 549114        0.3479   252        0.3563        0.3459 1.97e+08    2.92%
 1751521 552323        0.3529   133        0.3563        0.3459 1.98e+08    2.92%
 1755641 552558        0.3472   309        0.3563        0.3459 1.98e+08    2.91%
 1759856 553649        0.3502   165        0.3563        0.3460 1.98e+08    2.91%
 1764011 557373        0.3548   188        0.3563        0.3460 1.99e+08    2.90%
 1767838 560302        0.3500   185        0.3563        0.3460 2.00e+08    2.90%
 1771335 561671        0.3540   231        0.3563        0.3460 2.00e+08    2.89%
 1774675 562483        0.3504   248        0.3563        0.3460 2.00e+08    2.89%
 1778319 564610        0.3472   287        0.3563        0.3461 2.01e+08    2.88%
 1782617 564652        0.3509   234        0.3563        0.3461 2.01e+08    2.87%
Elapsed time = 12598.00 sec. (2008823.96 ticks, tree = 38957.38 MB, solutions = 157)
Nodefile size = 36916.31 MB (30586.62 MB after compression)
 1786897 566756        cutoff              0.3563        0.3461 2.01e+08    2.87%
 1790766 571318        0.3481   299        0.3563        0.3461 2.02e+08    2.86%
 1794939 571513        0.3501   216        0.3563        0.3461 2.02e+08    2.86%
 1798595 574921        0.3524   292        0.3563        0.3461 2.03e+08    2.85%
 1802059 576241        0.3558   154        0.3563        0.3462 2.03e+08    2.85%
 1805818 577891        0.3507   235        0.3563        0.3462 2.04e+08    2.84%
 1809815 579915        0.3544   200        0.3563        0.3462 2.04e+08    2.84%
 1813837 580263        0.3557   222        0.3563        0.3462 2.04e+08    2.83%
 1818157 582492        cutoff              0.3563        0.3462 2.05e+08    2.83%
 1821930 583731        0.3535   149        0.3563        0.3463 2.05e+08    2.82%
Elapsed time = 12839.81 sec. (2046981.61 ticks, tree = 40253.07 MB, solutions = 157)
Nodefile size = 38182.87 MB (31600.96 MB after compression)
 1825356 588443        0.3497   239        0.3563        0.3463 2.06e+08    2.82%
 1828827 589770        cutoff              0.3563        0.3463 2.06e+08    2.81%
 1832622 590959        0.3529   192        0.3563        0.3463 2.07e+08    2.81%
 1837220 591245        0.3519   159        0.3563        0.3463 2.07e+08    2.81%
 1841661 594669        0.3500   236        0.3563        0.3463 2.07e+08    2.80%
 1845699 595111        0.3527   264        0.3563        0.3464 2.07e+08    2.79%
 1849586 598727        0.3530   278        0.3563        0.3464 2.08e+08    2.79%
 1853099 599199        cutoff              0.3563        0.3464 2.08e+08    2.79%
 1856233 601234        0.3531   315        0.3563        0.3464 2.09e+08    2.78%
 1859919 604020        cutoff              0.3563        0.3464 2.09e+08    2.78%
Elapsed time = 13074.21 sec. (2085146.27 ticks, tree = 41576.50 MB, solutions = 157)
Nodefile size = 39529.73 MB (32682.62 MB after compression)
 1863809 604300        cutoff              0.3563        0.3464 2.09e+08    2.77%
 1867690 607330        0.3549   138        0.3563        0.3465 2.10e+08    2.77%
 1871806 608126        0.3537   289        0.3563        0.3465 2.10e+08    2.76%
 1875648 612164        0.3522   183        0.3563        0.3465 2.11e+08    2.76%
 1879078 613422        cutoff              0.3563        0.3465 2.12e+08    2.75%
 1882407 614494        0.3542   218        0.3563        0.3465 2.12e+08    2.75%
 1886125 615057        0.3497   282        0.3563        0.3465 2.12e+08    2.75%
 1890345 618224        cutoff              0.3563        0.3465 2.13e+08    2.74%
 1894786 618610        0.3529   236        0.3563        0.3466 2.13e+08    2.74%
 1899008 622414        0.3534   196        0.3563        0.3466 2.14e+08    2.73%
Elapsed time = 13329.57 sec. (2123302.63 ticks, tree = 42822.30 MB, solutions = 157)
Nodefile size = 40758.62 MB (33662.99 MB after compression)
 1903189 622783        cutoff              0.3563        0.3466 2.14e+08    2.73%
 1906586 624792        0.3555   153        0.3563        0.3466 2.14e+08    2.73%
 1909922 626638        0.3480   221        0.3563        0.3466 2.14e+08    2.72%
 1913695 627885        0.3541   279        0.3563        0.3466 2.15e+08    2.72%
 1917741 631628        cutoff              0.3563        0.3466 2.16e+08    2.72%
 1921661 632084        0.3541   247        0.3563        0.3467 2.16e+08    2.71%
 1925956 634023        cutoff              0.3563        0.3467 2.16e+08    2.71%
 1930236 635573        0.3559   127        0.3563        0.3467 2.17e+08    2.70%
 1934094 640082        0.3563   271        0.3563        0.3467 2.17e+08    2.70%
 1937600 639375        cutoff              0.3563        0.3467 2.17e+08    2.69%
Elapsed time = 13565.86 sec. (2161454.68 ticks, tree = 44093.48 MB, solutions = 157)
Nodefile size = 42037.67 MB (34690.36 MB after compression)
 1940763 641929        0.3545   352        0.3563        0.3467 2.18e+08    2.69%
 1944881 644573        0.3545   197        0.3563        0.3467 2.19e+08    2.69%
 1948912 644400        cutoff              0.3563        0.3468 2.19e+08    2.68%
 1953511 646994        0.3537   293        0.3563        0.3468 2.19e+08    2.68%
 1957800 649720        0.3557   221        0.3563        0.3468 2.20e+08    2.67%
 1961720 650892        0.3552   216        0.3563        0.3468 2.20e+08    2.67%
 1965044 652150        0.3542   279        0.3563        0.3468 2.20e+08    2.67%
 1968140 653555        0.3481   202        0.3563        0.3468 2.21e+08    2.66%
 1971731 655817        0.3510   188        0.3563        0.3468 2.21e+08    2.66%
 1975932 657346        0.3513   170        0.3563        0.3469 2.22e+08    2.65%
Elapsed time = 13811.82 sec. (2199617.69 ticks, tree = 45084.80 MB, solutions = 157)
Nodefile size = 43040.11 MB (35490.57 MB after compression)
 1980284 658207        0.3554   203        0.3563        0.3469 2.22e+08    2.65%
 1984782 661285        cutoff              0.3563        0.3469 2.22e+08    2.65%
 1989181 662377        0.3510   242        0.3563        0.3469 2.23e+08    2.64%
 1992988 666796        0.3507   242        0.3563        0.3469 2.24e+08    2.64%
 1996720 665992        cutoff              0.3563        0.3469 2.23e+08    2.63%
 2000453 669365        0.3509   237        0.3563        0.3469 2.24e+08    2.63%
 2004267 671501        cutoff              0.3563        0.3470 2.25e+08    2.63%
 2008482 673856        0.3529   167        0.3563        0.3470 2.25e+08    2.62%
 2012971 673926        0.3518   292        0.3563        0.3470 2.25e+08    2.62%
 2017405 676186        cutoff              0.3563        0.3470 2.26e+08    2.62%
Elapsed time = 14062.48 sec. (2237773.86 ticks, tree = 46396.16 MB, solutions = 157)
Nodefile size = 44322.96 MB (36512.22 MB after compression)
 2021594 677708        0.3533   221        0.3563        0.3470 2.26e+08    2.61%
 2025200 680561        0.3506   362        0.3563        0.3470 2.27e+08    2.61%
 2028320 682419        0.3538   164        0.3563        0.3470 2.27e+08    2.61%
 2031822 684626        cutoff              0.3563        0.3470 2.28e+08    2.60%
 2035846 685767        0.3535   217        0.3563        0.3471 2.28e+08    2.60%
 2040185 686283        0.3518   274        0.3563        0.3471 2.28e+08    2.60%
 2044850 687928        0.3546   274        0.3563        0.3471 2.29e+08    2.59%
 2049308 689871        cutoff              0.3563        0.3471 2.29e+08    2.59%
 2053148 691526        0.3505   235        0.3563        0.3471 2.29e+08    2.58%
 2056737 696238        0.3547   182        0.3563        0.3471 2.30e+08    2.58%
Elapsed time = 14290.57 sec. (2275931.88 ticks, tree = 48011.60 MB, solutions = 157)
Nodefile size = 45958.32 MB (37822.24 MB after compression)
 2060594 696609        cutoff              0.3563        0.3471 2.30e+08    2.58%
 2064453 698535        0.3551   240        0.3563        0.3471 2.31e+08    2.57%
 2068596 700078        0.3505   195        0.3563        0.3472 2.31e+08    2.57%
 2073008 703494        0.3512   223        0.3563        0.3472 2.32e+08    2.56%
 2077481 704950        cutoff              0.3563        0.3472 2.32e+08    2.56%
 2081697 704759        cutoff              0.3563        0.3472 2.32e+08    2.56%
 2085251 705611        0.3555   218        0.3563        0.3472 2.32e+08    2.55%
 2088827 708088        0.3517   273        0.3563        0.3472 2.33e+08    2.55%
 2092249 711020        0.3501   151        0.3563        0.3472 2.34e+08    2.55%
 2096712 711104        0.3491   264        0.3563        0.3473 2.34e+08    2.54%
Elapsed time = 14542.53 sec. (2314084.93 ticks, tree = 48892.92 MB, solutions = 157)
Nodefile size = 46838.00 MB (38522.78 MB after compression)
 2101348 715249        0.3514   157        0.3563        0.3473 2.35e+08    2.54%
 2105565 715030        0.3563    72        0.3563        0.3473 2.35e+08    2.54%
 2109859 717683        cutoff              0.3563        0.3473 2.35e+08    2.53%
 2114131 718958        cutoff              0.3563        0.3473 2.36e+08    2.53%
 2117970 721761        0.3544   238        0.3563        0.3473 2.36e+08    2.52%
 2121691 724715        0.3479   308        0.3563        0.3473 2.37e+08    2.52%
 2125582 724752        0.3524   255        0.3563        0.3473 2.37e+08    2.52%
 2129971 726018        cutoff              0.3563        0.3474 2.37e+08    2.51%
 2134436 727769        0.3552   286        0.3563        0.3474 2.38e+08    2.51%
 2139209 731897        cutoff              0.3563        0.3474 2.38e+08    2.51%
Elapsed time = 14780.19 sec. (2352245.33 ticks, tree = 50072.60 MB, solutions = 157)
Nodefile size = 48012.72 MB (39447.65 MB after compression)
 2143628 733057        cutoff              0.3563        0.3474 2.39e+08    2.50%
 2147563 734664        0.3512   348        0.3563        0.3474 2.39e+08    2.50%
 2151061 738869        0.3500   282        0.3563        0.3474 2.40e+08    2.50%
 2154622 739262        0.3544   216        0.3563        0.3474 2.40e+08    2.49%
 2158789 741549        0.3547   124        0.3563        0.3474 2.41e+08    2.49%
 2163364 743033        0.3492   299        0.3563        0.3475 2.41e+08    2.49%
 2167964 742796        0.3513   341        0.3563        0.3475 2.41e+08    2.48%
 2172796 747929        0.3505   138        0.3563        0.3475 2.42e+08    2.48%
 2177220 749380        0.3552   173        0.3563        0.3475 2.42e+08    2.47%
 2181125 752688        0.3543   176        0.3563        0.3475 2.43e+08    2.47%
Elapsed time = 15014.38 sec. (2390402.75 ticks, tree = 51725.12 MB, solutions = 157)
Nodefile size = 49670.36 MB (40767.45 MB after compression)
 2184731 751416    infeasible              0.3563        0.3475 2.42e+08    2.47%
 2188406 753302        cutoff              0.3563        0.3475 2.43e+08    2.46%
 2192790 757099        0.3528   194        0.3563        0.3475 2.44e+08    2.46%
 2197164 758411        0.3526   240        0.3563        0.3476 2.44e+08    2.46%
 2201572 760414        0.3543   187        0.3563        0.3476 2.45e+08    2.45%
 2206009 763118        0.3534   230        0.3563        0.3476 2.45e+08    2.45%
 2209802 763004        0.3522   253        0.3563        0.3476 2.45e+08    2.45%
 2213125 764701        cutoff              0.3563        0.3476 2.46e+08    2.44%
 2216721 766524        cutoff              0.3563        0.3476 2.46e+08    2.44%
 2220850 767541        cutoff              0.3563        0.3476 2.46e+08    2.44%
Elapsed time = 15247.06 sec. (2428555.70 ticks, tree = 52554.56 MB, solutions = 157)
Nodefile size = 50501.98 MB (41421.70 MB after compression)
 2225630 771475        0.3553   280        0.3563        0.3476 2.47e+08    2.44%
 2230300 773059        cutoff              0.3563        0.3477 2.48e+08    2.43%
 2235293 775499        0.3535   298        0.3563        0.3477 2.48e+08    2.43%
 2239772 776320        0.3535   308        0.3563        0.3477 2.48e+08    2.42%
 2243834 777947        0.3485   294        0.3563        0.3477 2.48e+08    2.42%
 2247594 782301        0.3519   214        0.3563        0.3477 2.49e+08    2.42%
 2251216 781755        0.3507   250        0.3563        0.3477 2.49e+08    2.42%
 2255104 784417        0.3554   334        0.3563        0.3477 2.50e+08    2.41%
 2259342 784158        0.3521   331        0.3563        0.3477 2.50e+08    2.41%
 2263914 788757        cutoff              0.3563        0.3477 2.51e+08    2.41%
Elapsed time = 15494.72 sec. (2466713.63 ticks, tree = 53788.63 MB, solutions = 157)
Nodefile size = 51733.48 MB (42386.57 MB after compression)
 2268358 789687        0.3486   271        0.3563        0.3477 2.51e+08    2.40%
 2272842 792570        0.3556   312        0.3563        0.3478 2.52e+08    2.40%
 2276892 794869        0.3540   168        0.3563        0.3478 2.52e+08    2.40%
 2280429 796190        cutoff              0.3563        0.3478 2.52e+08    2.39%
 2283904 796600        0.3535   220        0.3563        0.3478 2.53e+08    2.39%
 2288255 798746        cutoff              0.3563        0.3478 2.53e+08    2.39%
 2292695 799625        cutoff              0.3563        0.3478 2.54e+08    2.38%
 2297202 800905        cutoff              0.3563        0.3478 2.54e+08    2.38%
 2302059 804238        0.3483   318        0.3563        0.3478 2.54e+08    2.38%
 2306314 806369        0.3550   167        0.3563        0.3479 2.55e+08    2.37%
Elapsed time = 15734.21 sec. (2504868.99 ticks, tree = 55131.41 MB, solutions = 157)
Nodefile size = 53076.91 MB (43448.19 MB after compression)
 2310366 806780        0.3561   197        0.3563        0.3479 2.55e+08    2.37%
 2313933 808442        0.3516   261        0.3563        0.3479 2.55e+08    2.37%
 2317676 813005        0.3526   236        0.3563        0.3479 2.56e+08    2.37%
 2321825 813915        0.3533   267        0.3563        0.3479 2.57e+08    2.36%
 2326331 814110        0.3553   182        0.3563        0.3479 2.57e+08    2.36%
 2331357 818254        0.3554   289        0.3563        0.3479 2.58e+08    2.36%
 2336051 818472        cutoff              0.3563        0.3479 2.58e+08    2.35%
 2340444 818711        0.3559   189        0.3563        0.3479 2.58e+08    2.35%
 2344413 821573        0.3501   271        0.3563        0.3480 2.58e+08    2.35%
 2348189 823171        cutoff              0.3563        0.3480 2.59e+08    2.34%
Elapsed time = 15979.34 sec. (2543023.52 ticks, tree = 56361.52 MB, solutions = 157)
Nodefile size = 54307.59 MB (44417.69 MB after compression)
 2351656 825784        0.3507   225        0.3563        0.3480 2.59e+08    2.34%
 2355745 829228        0.3519   287        0.3563        0.3480 2.60e+08    2.34%
 2360403 828998        cutoff              0.3563        0.3480 2.60e+08    2.34%
 2365173 829991        0.3483   283        0.3563        0.3480 2.60e+08    2.33%
 2369826 832256        0.3507   252        0.3563        0.3480 2.61e+08    2.33%
 2374196 835888        cutoff              0.3563        0.3480 2.61e+08    2.33%
 2378523 839867        0.3505   193        0.3563        0.3480 2.62e+08    2.32%
 2382202 837770        0.3542   275        0.3563        0.3480 2.62e+08    2.32%
 2385718 842885        0.3551   164        0.3563        0.3481 2.63e+08    2.32%
 2389645 843722        0.3553   263        0.3563        0.3481 2.63e+08    2.32%
Elapsed time = 16223.69 sec. (2581179.18 ticks, tree = 57594.29 MB, solutions = 157)
Nodefile size = 55540.56 MB (45386.41 MB after compression)
 2394075 844099        0.3528   292        0.3563        0.3481 2.63e+08    2.31%
 2398527 844569        cutoff              0.3563        0.3481 2.63e+08    2.31%
 2403352 849186        0.3549   218        0.3563        0.3481 2.64e+08    2.31%
 2408212 850193        cutoff              0.3563        0.3481 2.65e+08    2.30%
 2412569 854025        0.3553   326        0.3563        0.3481 2.65e+08    2.30%
 2416453 852378        cutoff              0.3563        0.3481 2.65e+08    2.30%
 2420393 855308        0.3556   200        0.3563        0.3481 2.66e+08    2.29%
 2424528 858046        cutoff              0.3563        0.3481 2.66e+08    2.29%
 2428966 859192        0.3530   221        0.3563        0.3482 2.67e+08    2.29%
 2433540 860060        0.3520   353        0.3563        0.3482 2.67e+08    2.29%
Elapsed time = 16470.31 sec. (2619338.17 ticks, tree = 58568.17 MB, solutions = 157)
Nodefile size = 56514.61 MB (46152.14 MB after compression)
 2438506 862052        0.3510   205        0.3563        0.3482 2.67e+08    2.28%
 2443327 864697        0.3526   229        0.3563        0.3482 2.68e+08    2.28%
 2447607 866013        0.3557   144        0.3563        0.3482 2.68e+08    2.28%
 2451626 870232        cutoff              0.3563        0.3482 2.69e+08    2.27%
 2455367 871354        0.3509   328        0.3563        0.3482 2.69e+08    2.27%
 2459322 874524        cutoff              0.3563        0.3482 2.70e+08    2.27%
 2463809 875629        cutoff              0.3563        0.3482 2.70e+08    2.27%
 2468598 877244        0.3557   232        0.3563        0.3482 2.71e+08    2.26%
 2473723 878234        0.3547   270        0.3563        0.3483 2.71e+08    2.26%
 2478515 879186        0.3527   124        0.3563        0.3483 2.71e+08    2.26%
Elapsed time = 16713.78 sec. (2657493.84 ticks, tree = 59831.67 MB, solutions = 157)
Nodefile size = 57765.79 MB (47128.71 MB after compression)
 2483026 884757        0.3512   306        0.3563        0.3483 2.72e+08    2.26%
 2487004 885029        0.3549   158        0.3563        0.3483 2.72e+08    2.25%
 2490942 886638        0.3546   109        0.3563        0.3483 2.72e+08    2.25%
 2494656 889537        0.3497   300        0.3563        0.3483 2.73e+08    2.25%
 2498769 889444        0.3509   236        0.3563        0.3483 2.73e+08    2.24%
 2503476 892232        0.3562   163        0.3563        0.3483 2.74e+08    2.24%
 2508345 893562        0.3559   144        0.3563        0.3483 2.74e+08    2.24%
 2513138 896786        cutoff              0.3563        0.3483 2.75e+08    2.24%
 2517742 899335        0.3551   101        0.3563        0.3484 2.75e+08    2.23%
*2518126 896887      integral     0        0.3549        0.3484 2.75e+08    1.83%
 2521131 899400        0.3511   264        0.3549        0.3484 2.75e+08    1.83%
Elapsed time = 16966.13 sec. (2695646.61 ticks, tree = 61450.81 MB, solutions = 158)
Nodefile size = 59396.42 MB (48412.20 MB after compression)
 2522601 900028        cutoff              0.3549        0.3484 2.75e+08    1.83%

GUB cover cuts applied:  1
Clique cuts applied:  1420
Cover cuts applied:  8
Implied bound cuts applied:  45
Flow cuts applied:  56
Mixed integer rounding cuts applied:  1135
Zero-half cuts applied:  430
Lift and project cuts applied:  76
Gomory fractional cuts applied:  9

Root node processing (before b&c):
  Real time             =  611.79 sec. (61529.66 ticks)
Parallel b&c, 32 threads:
  Real time             = 16362.07 sec. (2638413.02 ticks)
  Sync time (average)   = 6598.74 sec.
  Wait time (average)   =    2.21 sec.
                          ------------
Total (root+branch&cut) = 16973.86 sec. (2699942.68 ticks)
Solution found
