Model: Diversity_model_3
 - number of variables: 345
   - binary=74, integer=1, continuous=270
 - number of constraints: 749
   - linear=749
 - parameters: defaults
CPXPARAM_Read_DataCheck                          1
CPXPARAM_RandomSeed                              201804051
CPXPARAM_MIP_Strategy_LBHeur                     1
CPXPARAM_TimeLimit                               86400
CPXPARAM_MIP_Tolerances_MIPGap                   0.02
Tried aggregator 3 times.
MIP Presolve eliminated 562 rows and 158 columns.
MIP Presolve modified 370 coefficients.
Aggregator did 187 substitutions.
All rows and columns eliminated.
Presolve time = 0.00 sec. (1.53 ticks)

Root node processing (before b&c):
  Real time             =    0.00 sec. (1.59 ticks)
Parallel b&c, 32 threads:
  Real time             =    0.00 sec. (0.00 ticks)
  Sync time (average)   =    0.00 sec.
  Wait time (average)   =    0.00 sec.
                          ------------
Total (root+branch&cut) =    0.00 sec. (1.59 ticks)
Solution found
