Model: Diversity_model_3
 - number of variables: 28515
   - binary=28058, integer=2, continuous=455
 - number of constraints: 108213
   - linear=108213
 - parameters: defaults
CPXPARAM_Read_DataCheck                          1
CPXPARAM_RandomSeed                              201804051
CPXPARAM_MIP_Strategy_LBHeur                     1
CPXPARAM_TimeLimit                               86400
CPXPARAM_MIP_Tolerances_MIPGap                   0.02
Tried aggregator 3 times.
MIP Presolve eliminated 111 rows and 60 columns.
MIP Presolve modified 364 coefficients.
Aggregator did 14057 substitutions.
Reduced MIP has 94045 rows, 14398 columns, and 253890 nonzeros.
Reduced MIP has 14055 binaries, 0 generals, 52 SOSs, and 0 indicators.
Presolve time = 9.02 sec. (1054.27 ticks)
Probing fixed 0 vars, tightened 78 bounds.
Probing time = 14.91 sec. (421.63 ticks)
Tried aggregator 2 times.
MIP Presolve eliminated 12060 rows and 804 columns.
MIP Presolve modified 76 coefficients.
Aggregator did 26 substitutions.
Reduced MIP has 81959 rows, 13568 columns, and 219266 nonzeros.
Reduced MIP has 13251 binaries, 0 generals, 52 SOSs, and 0 indicators.
Presolve time = 6.91 sec. (1241.92 ticks)
Probing time = 16.15 sec. (384.67 ticks)
Clique table members: 123251.
MIP emphasis: balance optimality and feasibility.
MIP search method: dynamic search.
Parallel mode: deterministic, using up to 32 threads.
Root relaxation solution time = 2.00 sec. (693.28 ticks)

        Nodes                                         Cuts/
   Node  Left     Objective  IInf  Best Integer    Best Bound    ItCnt     Gap

      0     0        0.2535  9110                      0.2535       39         
*     0+    0                            3.9738        0.2535            93.62%
      0     0        0.2848  3501        3.9738   Cuts: 10000     1693   92.83%
*     0+    0                            0.6478        0.2848            56.04%
      0     0        0.2930  1868        0.6478    Cuts: 1177     4567   54.77%
*     0+    0                            0.6416        0.2930            54.34%
*     0+    0                            0.5139        0.2930            42.99%
*     0+    0                            0.5122        0.2930            42.80%

Repeating presolve.
Tried aggregator 2 times.
MIP Presolve eliminated 78342 rows and 12722 columns.
MIP Presolve modified 4 coefficients.
Aggregator did 259 substitutions.
Reduced MIP has 3358 rows, 587 columns, and 9329 nonzeros.
Reduced MIP has 344 binaries, 0 generals, 52 SOSs, and 0 indicators.
Presolve time = 0.36 sec. (96.81 ticks)
Probing time = 0.01 sec. (3.53 ticks)
Tried aggregator 1 time.
MIP Presolve modified 5 coefficients.
Reduced MIP has 3358 rows, 587 columns, and 9329 nonzeros.
Reduced MIP has 344 binaries, 0 generals, 52 SOSs, and 0 indicators.
Presolve time = 0.06 sec. (15.61 ticks)
Represolve time = 1.15 sec. (675.42 ticks)
Probing time = 0.01 sec. (3.51 ticks)
Clique table members: 5392.
MIP emphasis: balance optimality and feasibility.
MIP search method: dynamic search.
Parallel mode: deterministic, using up to 32 threads.
Root relaxation solution time = 0.12 sec. (44.57 ticks)

        Nodes                                         Cuts/
   Node  Left     Objective  IInf  Best Integer    Best Bound    ItCnt     Gap

*     0+    0                            0.5122        0.2930            42.80%
      0     0        0.2943   295        0.5122        0.2943     5328   42.56%
*     0+    0                            0.4653        0.3060            34.25%
      0     0        0.3626   264        0.4653     Cuts: 296     5887   13.83%
      0     0        0.3818   259        0.4653     Cuts: 168     6097    9.12%
      0     0        0.3848   266        0.4653      Cuts: 88     6175    9.12%
      0     0        0.3860   254        0.4653     Cuts: 102     6199    9.12%
      0     0        0.3871   245        0.4653      Cuts: 63     6223    9.12%

Clique cuts applied:  392
Implied bound cuts applied:  40
Flow cuts applied:  25
Mixed integer rounding cuts applied:  54
Zero-half cuts applied:  177
Lift and project cuts applied:  2
Gomory fractional cuts applied:  20

Root node processing (before b&c):
  Real time             =  431.49 sec. (22783.18 ticks)
Parallel b&c, 32 threads:
  Real time             =    0.00 sec. (0.00 ticks)
  Sync time (average)   =    0.00 sec.
  Wait time (average)   =    0.00 sec.
                          ------------
Total (root+branch&cut) =  431.49 sec. (22783.18 ticks)
Solution found
