Model: Diversity_model_3
 - number of variables: 58659
   - binary=56168, integer=2, continuous=2489
 - number of constraints: 257412
   - linear=257412
 - parameters: defaults
CPXPARAM_Read_DataCheck                          1
CPXPARAM_RandomSeed                              201804051
CPXPARAM_MIP_Strategy_LBHeur                     1
CPXPARAM_TimeLimit                               86400
CPXPARAM_MIP_Tolerances_MIPGap                   0.02
Tried aggregator 2 times.
MIP Presolve eliminated 534 rows and 528 columns.
MIP Presolve modified 260 coefficients.
Aggregator did 28475 substitutions.
Reduced MIP has 228403 rows, 29656 columns, and 629948 nonzeros.
Reduced MIP has 28214 binaries, 0 generals, 520 SOSs, and 0 indicators.
Presolve time = 16.62 sec. (2020.49 ticks)
Probing changed sense of 26 constraints.
Probing time = 24.08 sec. (579.33 ticks)
Tried aggregator 2 times.
MIP Presolve eliminated 30131 rows and 2007 columns.
Aggregator did 52 substitutions.
Reduced MIP has 198220 rows, 27597 columns, and 543465 nonzeros.
Reduced MIP has 26181 binaries, 0 generals, 520 SOSs, and 0 indicators.
Presolve time = 11.11 sec. (2918.88 ticks)
Probing time = 10.19 sec. (483.52 ticks)
Clique table members: 299380.
MIP emphasis: balance optimality and feasibility.
MIP search method: dynamic search.
Parallel mode: deterministic, using up to 32 threads.
Root relaxation solution time = 6.01 sec. (1688.79 ticks)

        Nodes                                         Cuts/
   Node  Left     Objective  IInf  Best Integer    Best Bound    ItCnt     Gap

      0     0        0.2322 11351                      0.2322       26         
      0     0        0.2322  4920                  Cuts: 2367     1975         
*     0+    0                            3.9667        0.2322            94.15%
      0     0        0.2322  4387        3.9667    Cuts: 9988     3406   94.15%
*     0+    0                            0.6234        0.2322            62.75%
      0     0        0.2322  4742        0.6234    Cuts: 6449     4687   62.75%
*     0+    0                            0.6223        0.2322            62.68%
      0     0        0.2322  4592        0.6223     Cuts: 983     5801   62.68%
      0     0        0.2322  4568        0.6223     Cuts: 571     6894   62.68%
*     0+    0                            0.6212        0.2322            62.62%

Repeating presolve.
Tried aggregator 2 times.
MIP Presolve eliminated 178048 rows and 23878 columns.
MIP Presolve modified 154 coefficients.
Aggregator did 26 substitutions.
Reduced MIP has 20146 rows, 3693 columns, and 57153 nonzeros.
Reduced MIP has 2303 binaries, 0 generals, 520 SOSs, and 0 indicators.
Presolve time = 0.55 sec. (331.70 ticks)
Probing time = 0.16 sec. (45.32 ticks)
Tried aggregator 1 time.
MIP Presolve eliminated 255 rows and 17 columns.
MIP Presolve modified 388 coefficients.
Reduced MIP has 19891 rows, 3676 columns, and 56422 nonzeros.
Reduced MIP has 2286 binaries, 0 generals, 520 SOSs, and 0 indicators.
Presolve time = 0.23 sec. (160.01 ticks)
Represolve time = 1.68 sec. (2359.91 ticks)
Probing time = 0.06 sec. (10.92 ticks)
Clique table members: 31937.
MIP emphasis: balance optimality and feasibility.
MIP search method: dynamic search.
Parallel mode: deterministic, using up to 32 threads.
Root relaxation solution time = 3.83 sec. (416.76 ticks)

        Nodes                                         Cuts/
   Node  Left     Objective  IInf  Best Integer    Best Bound    ItCnt     Gap

*     0+    0                            0.6212        0.2322            62.62%
      0     0        0.2322  1192        0.6212        0.2322     6920   62.62%
      0     0        0.2325  1239        0.6212    Cuts: 1584    10448   62.58%
*     0+    0                            0.6193        0.2325            62.46%
      0     0        0.2331  1119        0.6193    Cuts: 1519    17452   62.36%
      0     0        0.2334  1376        0.6193    Cuts: 1522    19900   62.31%
      0     0        0.2337  1336        0.6193    Cuts: 1309    22371   62.26%
      0     0        0.2340  1336        0.6193    Cuts: 1053    24079   62.22%
*     0+    0                            0.5911        0.2340            60.42%
      0     0        0.2341  1318        0.5911    Cuts: 1335    25877   60.40%
*     0+    0                            0.5881        0.2341            60.20%
      0     0        0.2341  1384        0.5881     Cuts: 843    27765   60.19%
      0     0        0.2342  1396        0.5881     Cuts: 896    29387   60.17%
      0     0        0.2343  1374        0.5881    Cuts: 1113    31858   60.15%
*     0+    0                            0.4722        0.2343            50.37%
      0     0        0.2345  1353        0.4722     Cuts: 831    34340   50.34%
*     0+    0                            0.4718        0.2345            50.30%
*     0+    0                            0.4714        0.2345            50.26%
      0     0        0.2346  1318        0.4714    Cuts: 1008    36019   50.22%
      0     0        0.2348  1207        0.4714    Cuts: 1027    37808   50.19%
      0     0        0.2349  1361        0.4714     Cuts: 933    39712   50.17%
      0     0        0.2351  1416        0.4714     Cuts: 945    42192   50.12%
*     0+    0                            0.3851        0.2351            38.94%
      0     0        0.2353  1350        0.3851    Cuts: 1122    43753   38.90%
*     0+    0                            0.3837        0.2353            38.68%
*     0+    0                            0.3786        0.2353            37.86%
      0     0        0.2354  1371        0.3786     Cuts: 858    45423   37.82%
      0     0        0.2355  1392        0.3786    Cuts: 1015    47315   37.79%
      0     0        0.2357  1371        0.3786     Cuts: 437    49231   37.75%
*     0+    0                            0.3782        0.2357            37.68%
      0     0        0.2358  1407        0.3782    Cuts: 1075    51446   37.64%
      0     0        0.2360  1418        0.3782    Cuts: 1075    53695   37.60%
      0     0        0.2361  1414        0.3782    Cuts: 1126    55888   37.56%
*     0+    0                            0.3764        0.2361            37.26%
      0     2        0.2361  1328        0.3764        0.2361    55888   37.26%
Elapsed time = 445.17 sec. (131381.26 ticks, tree = 0.02 MB, solutions = 15)
      1     1        cutoff              0.3764        0.2361    61556   37.26%
      2     3        0.2364  1095        0.3764        0.2361    62672   37.26%
      3     1        cutoff              0.3764        0.2364    69315   37.18%
      4     3        0.2364  1147        0.3764        0.2364    69656   37.18%
      5     3        0.2381  1066        0.3764        0.2364    77354   37.18%
      6     4        0.2381   941        0.3764        0.2364    79565   37.18%
      7     3        0.2365  1186        0.3764        0.2364    80105   37.18%
      8     5        0.2396   832        0.3764        0.2364    82696   37.18%
      9     7        0.2448   656        0.3764        0.2365    94032   37.16%
*    10+    5                            0.3764        0.2365            37.16%
*    11+    3                            0.3764        0.2365            37.16%
     16    14        0.2495   578        0.3764        0.2365   107435   37.16%
Elapsed time = 462.58 sec. (142899.93 ticks, tree = 0.02 MB, solutions = 15)
    149    54        0.3107   432        0.3764        0.2365   123561   37.16%
*   368+   14                            0.3764        0.2366            37.14%
    433   201        0.3473   579        0.3764        0.2366   214611   37.14%
    635   417        0.3425   273        0.3764        0.2366   352618   37.14%
    970   672        cutoff              0.3764        0.2366   468505   37.14%
   1340   904        0.3218   237        0.3764        0.2366   581154   37.14%
   1816  1025        0.3484   295        0.3764        0.2366   636480   37.14%
   2452  1476        0.3337   253        0.3764        0.2366   739629   37.14%
   3344  2186        0.3482   262        0.3764        0.2366   852372   37.14%
*  4329  2537      integral     0        0.3624        0.2366   877820   34.73%
   4830  2828        0.3353   309        0.3624        0.2366   992763   34.73%
Elapsed time = 503.42 sec. (152419.18 ticks, tree = 11.40 MB, solutions = 16)
*  4887+ 2797                            0.3616        0.2366            34.57%
*  4909+ 2797                            0.3609        0.2366            34.46%
*  4967+ 2797                            0.3604        0.2366            34.36%
   5197  3320        0.2756   716        0.3604        0.2366  1102418   34.36%
   5530  3551        0.3489   174        0.3604        0.2366  1156914   34.36%
   5703  3506        0.3056   694        0.3604        0.2366  1142951   34.36%
   5708  2573        0.2369  1059        0.3604        0.2366   895013   34.36%
   5709  2443        0.2388  1091        0.3604        0.2366   911061   34.36%
*  5710+ 2729                            0.3578        0.2366            33.89%
*  5710+ 1818                            0.3542        0.2414            31.83%
*  5710+ 1212                            0.3527        0.2426            31.23%
*  5710+  808                            0.3507        0.2442            30.37%
*  5710+  538                            0.3502        0.2443            30.24%
*  5710+  358                            0.3498        0.2443            30.16%
*  5710+  238                            0.3495        0.2443            30.10%
*  5710+  158                            0.3480        0.2444            29.77%
   5710   159        0.2444  1358        0.3480        0.2444  1451071   29.77%
   5711   160        0.2479  1108        0.3480        0.2444  1453787   29.77%
   5712   161        0.2501   984        0.3480        0.2444  1456498   29.77%
   5715   135    infeasible              0.3480        0.2444  1459842   29.77%
   5723    76        0.2597   820        0.3480        0.2444  1463543   29.77%
Elapsed time = 756.60 sec. (309379.45 ticks, tree = 0.40 MB, solutions = 27)
   5734    25    infeasible              0.3480        0.2444  1470828   29.77%
   5747    11        0.2640   896        0.3480        0.2444  1481406   29.77%
   5791    11    infeasible              0.3480        0.2444  1501236   29.77%
   5830    17    infeasible              0.3480        0.2444  1523373   29.77%
   5919    49    infeasible              0.3480        0.2444  1566659   29.77%
   6169   162        0.3313   450        0.3480        0.2454  1694740   29.48%
   6382   209        0.3030   498        0.3480        0.2454  1737100   29.48%
   6656   373        cutoff              0.3480        0.2454  1834553   29.48%
   7003   634        cutoff              0.3480        0.2454  1923608   29.48%
   7436   715        0.3383   621        0.3480        0.2460  1963418   29.31%
Elapsed time = 780.35 sec. (319141.59 ticks, tree = 22.54 MB, solutions = 27)
   7745  1063        0.3325   552        0.3480        0.2460  2111532   29.31%
   7996  1195        0.3164   726        0.3480        0.2460  2172202   29.31%
   8280  1255        0.3406   275        0.3480        0.2460  2217483   29.31%
   8641  1421        0.3478   158        0.3480        0.2464  2292379   29.19%
   8915  1722        0.3124   389        0.3480        0.2464  2384626   29.19%
   9190  1948        0.3312   408        0.3480        0.2464  2482972   29.19%
   9482  2021        cutoff              0.3480        0.2464  2508844   29.19%
   9829  2152        0.3265   529        0.3480        0.2464  2580673   29.19%
  10074  2489        0.3229   374        0.3480        0.2464  2723227   29.19%
  10286  2761        0.3366   414        0.3480        0.2467  2838159   29.12%
Elapsed time = 807.20 sec. (328722.11 ticks, tree = 88.06 MB, solutions = 27)
  10533  2761        0.3344   259        0.3480        0.2467  2836453   29.12%
  10861  2902        0.3143   725        0.3480        0.2467  2886373   29.12%
  11016  3116        0.3442   250        0.3480        0.2467  2939053   29.12%
  11258  3452        0.3463   337        0.3480        0.2467  3038324   29.12%
  11601  3608        0.3101   347        0.3480        0.2467  3102789   29.12%
  11953  3667        0.3227   301        0.3480        0.2467  3131224   29.12%
  12214  4144        0.3067   525        0.3480        0.2467  3302794   29.12%
  12514  4398        0.2700   750        0.3480        0.2467  3387257   29.12%
  12893  4596        cutoff              0.3480        0.2467  3448960   29.12%
  13251  4709        0.3216   338        0.3480        0.2467  3498311   29.12%
Elapsed time = 834.35 sec. (338286.55 ticks, tree = 165.70 MB, solutions = 27)
  13738  5038        0.3243   521        0.3480        0.2467  3598875   29.12%
  14163  5537        0.2609   820        0.3480        0.2486  3711164   28.57%
  14506  5826        0.3420   159        0.3480        0.2486  3796356   28.57%
  14852  6105        0.3476   130        0.3480        0.2486  3884661   28.57%
  15108  6377        0.3413   564        0.3480        0.2486  3993893   28.57%
  15404  6482        0.2911   563        0.3480        0.2486  4037808   28.57%
  15603  6918        0.3367   589        0.3480        0.2486  4240855   28.57%
  15862  7096        0.3058   700        0.3480        0.2486  4331228   28.57%
  16195  7264        0.3474   430        0.3480        0.2536  4411437   27.12%
  16373  7512        cutoff              0.3480        0.2548  4463861   26.77%
Elapsed time = 862.00 sec. (347869.92 ticks, tree = 231.89 MB, solutions = 27)
  16867  7755        0.3192   706        0.3480        0.2566  4524937   26.25%
  17297  7651        0.3123   364        0.3480        0.2566  4507394   26.25%
  17805  7848        0.3265   590        0.3480        0.2566  4550866   26.25%
  18304  8549        0.3326   302        0.3480        0.2590  4740417   25.58%
  18622  9096        cutoff              0.3480        0.2610  4876330   25.01%
  18975  9394        0.3430   122        0.3480        0.2615  4981788   24.86%
  19378  9614        0.2858   840        0.3480        0.2615  5053425   24.86%
  19751 10037        0.3411   130        0.3480        0.2615  5170558   24.86%
  20062 10395        0.3390   188        0.3480        0.2615  5279945   24.86%
  20452 10476        cutoff              0.3480        0.2615  5309690   24.86%
Elapsed time = 889.38 sec. (357429.07 ticks, tree = 330.13 MB, solutions = 27)
  20942 10563        0.3474   231        0.3480        0.2615  5337053   24.86%
  21433 11165        0.3459   134        0.3480        0.2615  5479703   24.86%
  21882 11309        0.3291   503        0.3480        0.2660  5526803   23.57%
  22393 11992        0.3470   207        0.3480        0.2660  5727450   23.57%
  22887 12010        0.3426   304        0.3480        0.2665  5732733   23.43%
  23285 12879        0.3253   462        0.3480        0.2674  5962903   23.17%
  23739 13109        0.3471    92        0.3480        0.2674  6030095   23.16%
  24101 13115        0.3445   385        0.3480        0.2675  6038380   23.14%
  24381 13463        cutoff              0.3480        0.2675  6117747   23.14%
  24759 13835        0.2993   623        0.3480        0.2690  6208538   22.69%
Elapsed time = 917.09 sec. (366992.49 ticks, tree = 476.21 MB, solutions = 27)
  25288 13772        0.3252   166        0.3480        0.2692  6187467   22.65%
  25860 14120        0.3477   179        0.3480        0.2694  6289948   22.58%
  26423 15105        0.3375   301        0.3480        0.2697  6563005   22.50%
  26978 15348        0.3389   192        0.3480        0.2698  6620848   22.46%
  27527 15636        0.3312   334        0.3480        0.2702  6700577   22.35%
  28132 16124        0.3323   485        0.3480        0.2712  6829434   22.08%
  28820 16026        0.2748   610        0.3480        0.2712  6781973   22.06%
  29409 17059        0.3403    83        0.3480        0.2712  7029487   22.06%
  29807 17500        0.3440    72        0.3480        0.2715  7157702   22.00%
  32151 19416        0.3267   731        0.3480        0.2726  7580442   21.65%
Elapsed time = 952.51 sec. (379404.36 ticks, tree = 637.72 MB, solutions = 27)
  34483 20722        0.3275   642        0.3480        0.2737  7899904   21.35%
  36676 22572        cutoff              0.3480        0.2746  8272384   21.09%
  40160 24174        0.3014   474        0.3480        0.2759  8619192   20.73%
  42509 27698        0.3102   514        0.3480        0.2762  9270834   20.62%
  45297 28708        0.3356   260        0.3480        0.2771  9432060   20.36%
  48046 32022        0.3028   380        0.3480        0.2782 10167717   20.06%
* 48309+32613                            0.3462        0.2782            19.63%
* 48907+30887                            0.3455        0.2782            19.48%
* 48916+30887                            0.3451        0.2782            19.38%
* 49714 29566      integral     0        0.3438        0.2782 10385786   19.07%
  50306 30939        0.3055   569        0.3438        0.2783 10376465   19.05%
  52790 29941        0.3241   730        0.3438        0.2793 10849929   18.75%
  54626 31102        0.3249   761        0.3438        0.2801 11167376   18.53%
  56491 33425        0.3413   265        0.3438        0.2805 11743725   18.40%
Elapsed time = 1062.21 sec. (417564.56 ticks, tree = 1003.02 MB, solutions = 31)
* 57177+34050                            0.3434        0.2805            18.30%
  57381 34441        0.3394   413        0.3434        0.2805 12010669   18.30%
* 58363+34103                            0.3428        0.2805            18.17%
  58426 35224        0.3138   650        0.3428        0.2805 12265646   18.17%
* 58581+34050                            0.3426        0.2805            18.12%
* 58763+34272                            0.3417        0.2805            17.91%
* 58819+34050                            0.3414        0.2805            17.83%
  59423 35756        0.3339   193        0.3414        0.2805 12418568   17.83%
* 60078+34261                            0.3399        0.2805            17.46%
* 60086+34261                            0.3398        0.2805            17.44%
  60239 36865        0.3057   426        0.3398        0.2805 12764093   17.44%
  61223 37184        0.3188   373        0.3398        0.2805 12881711   17.44%
* 61980+34050                            0.3393        0.2805            17.32%
  62122 37718        0.3422   104        0.3393        0.2805 13036458   17.32%
* 62313+31118                            0.3386        0.2805            17.15%
  62885 30163        0.3299   562        0.3386        0.2805 13289200   17.15%
  63917 31030        0.3092   269        0.3386        0.2805 13625150   17.15%
  65175 32005        0.3305   541        0.3386        0.2811 14005327   16.97%
  66388 32932        cutoff              0.3386        0.2811 14344650   16.97%
Elapsed time = 1163.17 sec. (455741.17 ticks, tree = 995.43 MB, solutions = 60)
* 66463+32839                            0.3383        0.2811            16.89%
  67242 32924        cutoff              0.3383        0.2811 14577166   16.89%
* 67522+32930                            0.3373        0.2811            16.65%
* 67676+31750                            0.3372        0.2811            16.63%
  68354 32012        0.3247   595        0.3372        0.2837 14931153   15.86%
  69751 32358        0.3372   201        0.3372        0.2841 15064699   15.74%
  71100 34092        cutoff              0.3372        0.2846 15763781   15.60%
  72155 34381        0.3291   304        0.3372        0.2850 15876260   15.49%
  73334 35295        0.3267   235        0.3372        0.2851 16184602   15.46%
  74755 36071        0.3302   316        0.3372        0.2856 16528764   15.31%
  76520 36768        0.3356   359        0.3372        0.2857 16771361   15.26%
  78074 38266        0.3228   389        0.3372        0.2863 17201680   15.10%
  80459 39524        0.3352   499        0.3372        0.2867 17580930   14.99%
Elapsed time = 1295.84 sec. (493907.47 ticks, tree = 1305.92 MB, solutions = 67)
  82832 41259        0.3231   658        0.3372        0.2871 17939614   14.85%
  84788 43789        cutoff              0.3372        0.2876 18426703   14.70%
  86462 45005        cutoff              0.3372        0.2879 18762660   14.62%
  88970 45955        0.3051   514        0.3372        0.2881 19029592   14.56%
  91417 48234        0.3267   357        0.3372        0.2887 19394870   14.39%
  94008 48675        0.3340   248        0.3372        0.2890 19475999   14.28%
  95815 51538        0.3230   521        0.3372        0.2895 19966233   14.15%
  97690 53675        0.3359   294        0.3372        0.2899 20465210   14.04%
 100245 53886        0.3230   398        0.3372        0.2902 20521770   13.93%
 103233 56039        0.3335   409        0.3372        0.2906 20934412   13.82%
Elapsed time = 1463.60 sec. (532063.96 ticks, tree = 3126.03 MB, solutions = 67)
Nodefile size = 1056.95 MB (665.26 MB after compression)
 105340 57770        0.3166   482        0.3372        0.2910 21215501   13.71%
 107246 60654        0.3098   447        0.3372        0.2914 21831088   13.58%
 109650 61704        0.3112   618        0.3372        0.2915 22101959   13.54%
 110425 61509        0.2985   715        0.3372        0.2915 22078006   13.54%
 110426 64237        0.2873   811        0.3372        0.2921 22667381   13.39%
 110432 64240        0.2916   535        0.3372        0.2921 22677758   13.39%
*110471+   30                            0.3313        0.2921            11.84%
*110476+   32                            0.3313        0.2921            11.84%
*110483+   24                            0.3313        0.2921            11.84%
*110493+   24                            0.3313        0.2921            11.84%
 110499    42        0.3005   413        0.3313        0.2921 22715139   11.84%
*112064+  640                            0.3283        0.2921            11.04%
 112076   744        cutoff              0.3283        0.2921 23092428   11.04%
*112681+  769                            0.3283        0.2921            11.04%
 114131  1837        0.3135   166        0.3283        0.2921 23475557   11.04%
 115995  2953        0.2945   502        0.3283        0.2921 23875073   11.04%
Elapsed time = 1735.20 sec. (665811.97 ticks, tree = 9.84 MB, solutions = 71)
 118288  4498        0.3169   349        0.3283        0.2921 24352405   11.04%
 120625  5947        0.3110   372        0.3283        0.2926 24855068   10.89%
 123196  7421        0.3015   454        0.3283        0.2942 25334393   10.40%
 125979  9020        0.3159   346        0.3283        0.2965 25814480    9.70%
 128726 10515        0.3169   193        0.3283        0.2978 26313138    9.28%
 131801 12055        0.3264   334        0.3283        0.2995 26857904    8.79%
 134967 13581        0.3044   429        0.3283        0.3009 27357801    8.35%
 138542 15486        0.3169   106        0.3283        0.3019 27907846    8.06%
 142452 17401        0.3250   243        0.3283        0.3034 28427689    7.58%
 146804 18962        0.3189   194        0.3283        0.3044 28790139    7.28%
Elapsed time = 1840.56 sec. (703973.48 ticks, tree = 75.63 MB, solutions = 71)
 151198 21873        cutoff              0.3283        0.3054 29432907    6.99%
 155910 23655        0.3277   196        0.3283        0.3065 29781260    6.64%
 161105 26330        0.3279    85        0.3283        0.3073 30291190    6.41%
 166779 29906        0.3107   115        0.3283        0.3079 30829809    6.23%
 172114 33226        0.3128   264        0.3283        0.3084 31363028    6.07%
 177940 36928        0.3145   108        0.3283        0.3088 31925925    5.94%
 183796 39873        0.3212   174        0.3283        0.3093 32380552    5.81%
 189929 42696    infeasible              0.3283        0.3097 32809039    5.68%
 196451 46194        0.3260   120        0.3283        0.3100 33309109    5.57%
 203183 50178        0.3249   197        0.3283        0.3104 33835815    5.45%
Elapsed time = 1939.55 sec. (742126.28 ticks, tree = 213.05 MB, solutions = 71)
 210295 54788        0.3170   320        0.3283        0.3108 34463891    5.34%
 217560 57855        0.3212   179        0.3283        0.3111 34848676    5.24%
 224907 63734        0.3258    64        0.3283        0.3115 35584684    5.13%
 232400 66844        0.3216    53        0.3283        0.3118 35971251    5.03%
 240303 70161        0.3275   129        0.3283        0.3121 36354281    4.95%
 248230 75561        0.3170   111        0.3283        0.3123 37013098    4.87%
*255408+77970                            0.3277        0.3126             4.64%
 256870 79133        cutoff              0.3277        0.3126 37454593    4.62%
 264798 79671        0.3248    47        0.3277        0.3129 37895083    4.54%
*271046+84375                            0.3277        0.3131             4.45%
 272601 83605        0.3193   121        0.3277        0.3131 38384719    4.44%
*272803+84950                            0.3269        0.3131             4.22%
 280072 81117        0.3259   330        0.3269        0.3134 38941719    4.14%
Elapsed time = 2035.11 sec. (780279.60 ticks, tree = 355.28 MB, solutions = 74)
 287823 84791        0.3257   108        0.3269        0.3136 39438585    4.08%
 296415 89403        0.3171   106        0.3269        0.3138 40069987    4.02%
 305080 92988        0.3253   138        0.3269        0.3140 40540066    3.95%
 313267 98302        0.3181   154        0.3269        0.3142 41201230    3.89%
 321815 101672        0.3218    66        0.3269        0.3145 41648450    3.81%
 329845 106691        cutoff              0.3269        0.3147 42329655    3.75%
*331836+105670                            0.3246        0.3147             3.06%
*334667+80828                            0.3246        0.3148             3.02%
*335993+81022                            0.3225        0.3148             2.40%
 337575 80806        0.3244    69        0.3225        0.3149 42594737    2.38%
 345515 59318        0.3160   252        0.3225        0.3151 43226463    2.32%
 353520 61854        0.3210    90        0.3225        0.3152 43796254    2.27%
 362024 63613        0.3192   174        0.3225        0.3154 44214539    2.21%
Elapsed time = 2130.43 sec. (818429.68 ticks, tree = 289.33 MB, solutions = 77)

Clique cuts applied:  1033
Implied bound cuts applied:  12
Flow cuts applied:  25
Mixed integer rounding cuts applied:  38
Zero-half cuts applied:  584
Lift and project cuts applied:  48
Gomory fractional cuts applied:  5

Root node processing (before b&c):
  Real time             =  444.62 sec. (131288.64 ticks)
Parallel b&c, 32 threads:
  Real time             = 1689.57 sec. (689086.44 ticks)
  Sync time (average)   =  405.06 sec.
  Wait time (average)   =    0.41 sec.
                          ------------
Total (root+branch&cut) = 2134.19 sec. (820375.08 ticks)
Solution found
