Model: Diversity_model_3
 - number of variables: 11324
   - binary=6226, integer=2, continuous=5096
 - number of constraints: 24743
   - linear=24743
 - parameters: defaults
CPXPARAM_Read_DataCheck                          1
CPXPARAM_RandomSeed                              201804051
CPXPARAM_MIP_Strategy_LBHeur                     1
CPXPARAM_TimeLimit                               86400
CPXPARAM_MIP_Tolerances_MIPGap                   0.02
Tried aggregator 2 times.
MIP Presolve eliminated 1128 rows and 1118 columns.
MIP Presolve modified 444 coefficients.
Aggregator did 4002 substitutions.
Reduced MIP has 19613 rows, 6204 columns, and 54463 nonzeros.
Reduced MIP has 3335 binaries, 0 generals, 1110 SOSs, and 0 indicators.
Presolve time = 0.13 sec. (97.15 ticks)
Probing changed sense of 37 constraints.
Probing time = 0.12 sec. (38.55 ticks)
Tried aggregator 2 times.
MIP Presolve eliminated 2430 rows and 255 columns.
Aggregator did 74 substitutions.
Reduced MIP has 17109 rows, 5875 columns, and 47535 nonzeros.
Reduced MIP has 3043 binaries, 0 generals, 1110 SOSs, and 0 indicators.
Presolve time = 0.14 sec. (107.04 ticks)
Probing time = 0.10 sec. (32.78 ticks)
Clique table members: 29693.
MIP emphasis: balance optimality and feasibility.
MIP search method: dynamic search.
Parallel mode: deterministic, using up to 32 threads.
Root relaxation solution time = 1.82 sec. (245.19 ticks)

        Nodes                                         Cuts/
   Node  Left     Objective  IInf  Best Integer    Best Bound    ItCnt     Gap

      0     0        0.4661  1451                      0.4661     3267         
      0     0        0.4661  1053                  Cuts: 2205     4825         
*     0+    0                            2.3670        0.4661            80.31%
      0     0        0.4685  1364        2.3670    Cuts: 2650     7413   80.21%
*     0+    0                            2.3107        0.4685            79.72%
      0     0        0.4697  1349        2.3107    Cuts: 1430     8789   79.67%
*     0+    0                            2.2705        0.4697            79.31%
*     0+    0                            2.2543        0.4697            79.16%
*     0+    0                            2.2052        0.4697            78.70%
*     0+    0                            2.0164        0.4697            76.70%
      0     0        0.4697  1472        2.0164    Cuts: 1272    10644   76.70%
*     0+    0                            1.6591        0.4697            71.69%
      0     0        0.4701  1413        1.6591     Cuts: 360    11578   71.66%
*     0+    0                            1.6264        0.4701            71.09%

Repeating presolve.
Tried aggregator 2 times.
MIP Presolve eliminated 9833 rows and 2142 columns.
Aggregator did 37 substitutions.
Reduced MIP has 7239 rows, 3696 columns, and 22480 nonzeros.
Reduced MIP has 901 binaries, 0 generals, 1110 SOSs, and 0 indicators.
Presolve time = 0.20 sec. (41.51 ticks)
Probing time = 0.49 sec. (9.18 ticks)
Tried aggregator 1 time.
MIP Presolve eliminated 371 rows and 53 columns.
Reduced MIP has 6868 rows, 3643 columns, and 21473 nonzeros.
Reduced MIP has 848 binaries, 0 generals, 1110 SOSs, and 0 indicators.
Presolve time = 0.26 sec. (21.49 ticks)
Probing time = 0.63 sec. (3.36 ticks)
Tried aggregator 1 time.
Reduced MIP has 6868 rows, 3643 columns, and 21473 nonzeros.
Reduced MIP has 848 binaries, 0 generals, 1110 SOSs, and 0 indicators.
Presolve time = 0.25 sec. (17.47 ticks)
Represolve time = 2.61 sec. (252.32 ticks)
Probing time = 0.44 sec. (3.35 ticks)
Clique table members: 8853.
MIP emphasis: balance optimality and feasibility.
MIP search method: dynamic search.
Parallel mode: deterministic, using up to 32 threads.
Root relaxation solution time = 55.67 sec. (451.06 ticks)

        Nodes                                         Cuts/
   Node  Left     Objective  IInf  Best Integer    Best Bound    ItCnt     Gap

*     0+    0                            1.6264        0.4701            71.09%
      0     0        0.4701   654        1.6264        0.4701    11599   71.09%
*     0+    0                            1.6240        0.4701            71.05%
      0     0        0.4788   532        1.6240     Cuts: 456    13312   70.52%
      0     0        0.4831   640        1.6240     Cuts: 750    14579   70.26%
      0     0        0.4831   617        1.6240     Cuts: 166    14878   70.26%
      0     0        0.4831   625        1.6240      Cuts: 84    15132   70.26%
      0     0        0.4831   413        1.6240      Cuts: 28    15511   70.26%
      0     0        0.4831   533        1.6240     Cuts: 163    16247   70.26%
*     0+    0                            1.6185        0.4831            70.15%
*     0+    0                            1.6107        0.4831            70.01%
*     0+    0                            1.5984        0.4831            69.78%
*     0+    0                            1.5827        0.4831            69.48%
      0     2        0.4831   385        1.5827        0.4831    16247   69.48%
Elapsed time = 147.48 sec. (12635.44 ticks, tree = 0.02 MB, solutions = 13)
      3     5        0.4898   477        1.5827        0.4831    18344   69.48%
*     7+    1                            1.5798        0.4831            69.42%
*     8+    6                            1.5626        0.4831            69.09%
     14    14        1.1834   439        1.5626        0.4831    25292   69.09%
*    18+   12                            1.5547        0.4831            68.93%
*    22+    9                            1.5500        0.4831            68.84%
*    67+   33                            1.5419        0.4831            68.67%
*   106+   26                            1.5368        0.4831            68.57%
    132    20        0.6937   416        1.5368        0.4831    26696   68.57%
*   202+   29                            1.5301        0.4831            68.43%
    467   254        cutoff              1.5301        0.4831    89838   68.43%
    963   679        0.8913   243        1.5301        0.4831   138754   68.43%
   1576  1131        1.0485   228        1.5301        0.4831   178782   68.43%
   2012  1511        1.4453    73        1.5301        0.4831   231648   68.43%
   2531  1901        1.4922    40        1.5301        0.4831   270377   68.43%
   2843  2234        1.1974   133        1.5301        0.4831   307071   68.43%
*  3251  2375      integral     0        1.4457        0.4831   326342   66.59%
Elapsed time = 189.01 sec. (15170.60 ticks, tree = 7.14 MB, solutions = 36)
*  3729+ 2408                            1.4004        0.4831            65.51%
   5314  3063        0.4858   501        1.4004        0.4831   501330   65.51%
*  5926+ 2834                            1.2722        0.4831            62.03%
*  6058+ 2834                            1.2591        0.4831            61.64%
   6173  4239        1.3797   184        1.2591        0.4831   635312   61.64%
*  6465+ 3386                            1.2544        0.4831            61.49%
*  6502+ 4350                            1.2280        0.4831            60.66%
   6502  4366        0.4864   636        1.2280        0.4831   670809   60.66%
*  6509+ 2824                            1.1994        0.4831            59.72%
*  6600+ 2818                            1.1939        0.4831            59.54%
   6977  4535        0.4896   645        1.1939        0.4831   718818   59.54%
*  7615+ 2880                            1.1894        0.4831            59.39%
   8094  3320        0.5052   410        1.1894        0.4831   886246   59.39%
   9648  4502        cutoff              1.1894        0.4831  1027170   59.39%
* 10034+ 4939                            1.1890        0.4831            59.37%
  10403  4427        0.4831   676        1.1890        0.4831  1027496   59.37%
  10412  4797        0.4831   419        1.1890        0.4831  1077802   59.37%
* 10413+ 3905                            1.1890        0.4831            59.37%
  10413  3906        0.4831   365        1.1890        0.4831  1257214   59.37%
  10415  3908        0.4831   550        1.1890        0.4831  1260780   59.37%
Elapsed time = 487.01 sec. (36083.92 ticks, tree = 11.86 MB, solutions = 131)
  10419  1563        0.4831   693        1.1890        0.4831  1261027   59.37%
  10436   858        0.5166   500        1.1890        0.4831  1273872   59.37%
  11010    82        1.0931   277        1.1890        0.4831  1310288   59.37%
  12613  1137        1.1501   360        1.1890        0.4831  1473954   59.37%
* 13380+ 1491                            1.1866        0.4831            59.29%
* 13401+ 1396                            1.1546        0.4831            58.16%
* 13413+ 1396                            1.1520        0.4831            58.07%
* 13459+ 1396                            1.1417        0.4831            57.69%
* 13627+ 1394                            1.1324        0.4831            57.34%
  13666  1904        0.9701   430        1.1324        0.4831  1544526   57.34%
* 13723+ 1343                            1.1108        0.4831            56.51%
  13892  1436        1.1721   238        1.1108        0.4831  1495105   56.51%
* 14137+ 1343                            1.1057        0.4831            56.31%
  14376  2174        1.1654   258        1.1057        0.4831  1588889   56.31%
* 15035+ 1410                            1.0991        0.4831            56.05%
  15175  1704        1.0935   316        1.0991        0.4831  1636614   56.05%
* 15182+ 1590                            1.0971        0.4831            55.97%
* 15199+ 1590                            1.0970        0.4831            55.96%
* 15443+ 1862                            1.0937        0.4831            55.83%
* 15548+ 1862                            1.0923        0.4831            55.78%
* 15978+ 1983                            1.0919        0.4831            55.76%
  16406  2154        0.8144   631        1.0919        0.4831  1688460   55.76%
  17935  3671        0.8734   556        1.0919        0.4831  1837498   55.76%
Elapsed time = 559.65 sec. (45811.81 ticks, tree = 169.48 MB, solutions = 242)
  20261  4576        cutoff              1.0919        0.4839  1952999   55.68%
* 21638+ 5876                            1.0909        0.4843            55.61%
* 21660+ 5753                            1.0909        0.4843            55.61%
* 21665+ 5847                            1.0909        0.4843            55.61%
  21747  6067        0.8888   491        1.0909        0.4843  2118267   55.61%
  23859  6570        0.5651   397        1.0909        0.5049  2197646   53.72%
  26424  8433        1.0758   293        1.0909        0.5476  2433148   49.81%
  28587  9669        0.8605   595        1.0909        0.5532  2577092   49.29%
  31035 11088        1.0598   195        1.0909        0.6261  2743645   42.61%
  34122 12082        cutoff              1.0909        0.6475  2860713   40.65%
  36430 13463        cutoff              1.0909        0.6866  2993437   37.07%
  39897 14758        1.0706   378        1.0909        0.7536  3161166   30.92%
  43443 16906        1.0444   573        1.0909        0.7778  3384436   28.71%
Elapsed time = 643.31 sec. (55351.36 ticks, tree = 930.22 MB, solutions = 244)
  46561 19176        1.0698   419        1.0909        0.8169  3561524   25.12%
  51062 22369        0.9655   550        1.0909        0.8502  3754433   22.07%
  55773 25151        1.0901   373        1.0909        0.8646  3912127   20.75%
  59894 28284        1.0556   455        1.0909        0.8667  4073218   20.55%
  63987 30870        cutoff              1.0909        0.8726  4267679   20.01%
  67491 32206        1.0300   488        1.0909        0.8811  4426575   19.23%
  70794 32907        0.9484   506        1.0909        0.8916  4522522   18.27%
  74684 35943        0.9360   451        1.0909        0.8954  4754049   17.92%
  77984 37946        0.9937   355        1.0909        0.9081  4880009   16.76%
  81200 40777        0.9967   384        1.0909        0.9081  5033039   16.76%
Elapsed time = 748.14 sec. (64890.33 ticks, tree = 2325.52 MB, solutions = 244)
Nodefile size = 273.42 MB (239.79 MB after compression)
  84015 41949        1.0745   215        1.0909        0.9081  5091044   16.76%
  87382 45107        1.0482   317        1.0909        0.9081  5245474   16.76%
* 87665 45460      integral     0        1.0541        0.9081  5257070   13.85%
* 88909 21092      integral     0        1.0522        0.9081  5330556   13.69%
  90588 46661        1.0059   413        1.0522        0.9170  5308814   12.85%
* 91942+21319                            1.0471        0.9170            12.42%
* 91989+21319                            1.0440        0.9170            12.16%
* 92211+21355                            1.0334        0.9306             9.95%
* 92657+21319                            1.0332        0.9360             9.40%
* 92957+21319                            1.0329        0.9360             9.38%
* 93086+21235                            1.0315        0.9360             9.26%
* 93160+22182                            1.0190        0.9360             8.14%
  94115 22929        1.0457   338        1.0190        0.9360  5538579    8.14%
* 94877+21355                            1.0125        0.9360             7.55%
* 94911+21355                            1.0125        0.9360             7.55%
* 95080+21355                            1.0054        0.9360             6.89%
  96658 24824        1.0128   360        1.0054        0.9360  5661372    6.89%
* 97020+10400                            1.0028        0.9360             6.66%
  99364 10890        0.9880   219        1.0028        0.9360  5769326    6.66%
* 99534+23177                            1.0027        0.9360             6.65%
*100848+11860                            1.0013        0.9360             6.51%
 102218 12310        0.9858   426        1.0013        0.9360  5950054    6.51%
*102867+12116                            1.0013        0.9360             6.51%
*104268+11247                            1.0010        0.9360             6.49%
 104954 14066        0.9875   282        1.0010        0.9360  6100339    6.49%
*105461+14468                            1.0009        0.9360             6.48%
*105742+15228                            0.9956        0.9360             5.98%
 106145 15341        cutoff              0.9956        0.9360  6218588    5.98%
*106396+13661                            0.9956        0.9360             5.98%
 106727 14257        0.9896   386        0.9956        0.9360  6283263    5.98%
Elapsed time = 823.49 sec. (74431.02 ticks, tree = 709.14 MB, solutions = 367)
*106875+14257                            0.9955        0.9360             5.97%
*106881+14661                            0.9947        0.9360             5.90%
*107557+14375                            0.9941        0.9360             5.84%
 107999 14588        0.9930   288        0.9941        0.9360  6314620    5.84%
*109053+14364                            0.9903        0.9360             5.48%
 109309 14667        0.9725   479        0.9903        0.9360  6377630    5.48%
 110557 14189        0.9860   480        0.9903        0.9361  6472891    5.47%
*110939+14496                            0.9899        0.9361             5.44%
*111595+14174                            0.9894        0.9361             5.39%
 112232 14886        0.9609   277        0.9894        0.9361  6571187    5.39%
 113201 15837        0.9834   272        0.9894        0.9364  6718449    5.36%
*113214+15147                            0.9894        0.9364             5.36%
*113248+15147                            0.9894        0.9364             5.36%
*113465+15195                            0.9893        0.9364             5.35%
*113725+15985                            0.9891        0.9364             5.33%
*113785+16060                            0.9889        0.9364             5.31%
 114313 16355        0.9806   431        0.9889        0.9364  6807112    5.31%
 115486 16674        0.9738   323        0.9889        0.9364  6835742    5.31%
*115663+16383                            0.9887        0.9364             5.29%
*115859+16430                            0.9885        0.9364             5.27%
 116540 16767        cutoff              0.9885        0.9364  6866616    5.27%
 118479 17927        0.9851   217        0.9885        0.9385  7022803    5.06%
 121164 19162        0.9385   527        0.9885        0.9385  7166850    5.06%
Elapsed time = 887.34 sec. (83973.01 ticks, tree = 992.46 MB, solutions = 400)
 124019 20407        0.9781   425        0.9885        0.9385  7304862    5.06%
 127362 23151        cutoff              0.9885        0.9385  7585927    5.06%
 130169 25824        0.9855   208        0.9885        0.9385  7876965    5.05%
 132138 26820        0.9825   580        0.9885        0.9386  7989430    5.05%
 134784 27253        0.9711   298        0.9885        0.9386  8031734    5.04%
 138208 28703        0.9852   232        0.9885        0.9388  8198209    5.02%
 141363 30174        cutoff              0.9885        0.9398  8369785    4.92%
 144660 33935        0.9883   402        0.9885        0.9409  8793909    4.81%
 147932 33490        cutoff              0.9885        0.9415  8751861    4.75%
 151524 36198        0.9557   439        0.9885        0.9423  9071009    4.67%
Elapsed time = 954.77 sec. (93512.12 ticks, tree = 2000.20 MB, solutions = 400)
 155077 38675        0.9821   183        0.9885        0.9427  9335214    4.63%
 158242 41131        0.9834   281        0.9885        0.9433  9596494    4.57%
 160087 42284        0.9850   173        0.9885        0.9435  9706982    4.55%
*160111+41879                            0.9878        0.9435             4.48%
 161174 41929        0.9803   193        0.9878        0.9435  9740539    4.48%
 163251 42612        0.9566   275        0.9878        0.9436  9833329    4.48%
 166000 43635        0.9743   281        0.9878        0.9436  9944902    4.48%
 168941 45282        0.9484   340        0.9878        0.9451 10135006    4.32%
 172532 45448        0.9530   290        0.9878        0.9457 10148443    4.26%
 176153 49213        0.9830   221        0.9878        0.9461 10556661    4.22%
 179283 49025        0.9748   252        0.9878        0.9466 10534982    4.17%
Elapsed time = 1075.57 sec. (103053.88 ticks, tree = 2769.71 MB, solutions = 401)
Nodefile size = 706.71 MB (625.12 MB after compression)
 183032 51288        0.9557   335        0.9878        0.9473 10786014    4.10%
 186758 52596        0.9629   322        0.9878        0.9478 10908473    4.05%
 190356 54787        0.9848   236        0.9878        0.9484 11111685    3.99%
 193556 58145        0.9639   463        0.9878        0.9490 11435256    3.92%
 196778 60285        0.9697   429        0.9878        0.9497 11679905    3.85%
 199852 60796        0.9789   461        0.9878        0.9502 11754847    3.80%
 203419 63534        0.9685   300        0.9878        0.9508 12038134    3.75%
 207041 64638        0.9854    98        0.9878        0.9513 12142044    3.69%
 210256 66224        0.9733   186        0.9878        0.9517 12284879    3.66%
*214489+69309                            0.9875        0.9524             3.56%
*214552+70786                            0.9874        0.9524             3.55%
*214721+70894                            0.9872        0.9524             3.53%
*214727+70908                            0.9872        0.9524             3.53%
*214793+70804                            0.9872        0.9524             3.53%
 216287 70546        0.9567   455        0.9872        0.9524 12885538    3.53%
Elapsed time = 1321.16 sec. (115455.51 ticks, tree = 4119.72 MB, solutions = 407)
Nodefile size = 2063.12 MB (1828.66 MB after compression)
*216431+70692                            0.9865        0.9524             3.46%
*217973+69354                            0.9855        0.9525             3.35%
 226301 69310        0.9721   340        0.9855        0.9541 13405810    3.19%
 238098 75581        0.9692   415        0.9855        0.9553 14216928    3.07%
*242894+77858                            0.9853        0.9556             3.01%
*243955+78328                            0.9850        0.9557             2.97%
*244112+78488                            0.9847        0.9557             2.95%
*244598+78518                            0.9738        0.9557             1.85%
 245405 78381        0.9682   399        0.9738        0.9557 14804798    1.85%

Clique cuts applied:  608
Implied bound cuts applied:  13
Flow cuts applied:  38
Mixed integer rounding cuts applied:  368
Zero-half cuts applied:  37
Lift and project cuts applied:  13
Gomory fractional cuts applied:  6

Root node processing (before b&c):
  Real time             =  132.46 sec. (12660.26 ticks)
Parallel b&c, 32 threads:
  Real time             = 1323.38 sec. (115886.87 ticks)
  Sync time (average)   =  545.05 sec.
  Wait time (average)   =    0.91 sec.
                          ------------
Total (root+branch&cut) = 1455.84 sec. (128547.13 ticks)
Solution found
