Model: Diversity_model_3
 - number of variables: 24562
   - binary=19079, integer=2, continuous=5481
 - number of constraints: 53524
   - linear=53524
 - parameters: defaults
CPXPARAM_Read_DataCheck                          1
CPXPARAM_RandomSeed                              201804051
CPXPARAM_MIP_Strategy_LBHeur                     1
CPXPARAM_TimeLimit                               86400
CPXPARAM_MIP_Tolerances_MIPGap                   0.02
Tried aggregator 2 times.
MIP Presolve eliminated 1164 rows and 1158 columns.
MIP Presolve modified 575 coefficients.
Aggregator did 10403 substitutions.
Reduced MIP has 41957 rows, 13001 columns, and 108847 nonzeros.
Reduced MIP has 9827 binaries, 0 generals, 1150 SOSs, and 0 indicators.
Presolve time = 0.87 sec. (225.56 ticks)
Probing changed sense of 57 constraints.
Probing time = 6.80 sec. (22.70 ticks)
Tried aggregator 2 times.
MIP Presolve eliminated 11413 rows and 3479 columns.
MIP Presolve modified 3 coefficients.
Aggregator did 113 substitutions.
Reduced MIP has 30431 rows, 9409 columns, and 81339 nonzeros.
Reduced MIP has 6292 binaries, 0 generals, 1150 SOSs, and 0 indicators.
Presolve time = 0.55 sec. (157.87 ticks)
Probing time = 0.53 sec. (63.44 ticks)
Tried aggregator 2 times.
MIP Presolve eliminated 7389 rows and 1593 columns.
Aggregator did 58 substitutions.
Reduced MIP has 22984 rows, 7758 columns, and 62474 nonzeros.
Reduced MIP has 4699 binaries, 0 generals, 1150 SOSs, and 0 indicators.
Presolve time = 0.50 sec. (152.63 ticks)
Probing time = 0.40 sec. (41.98 ticks)
Clique table members: 39043.
MIP emphasis: balance optimality and feasibility.
MIP search method: dynamic search.
Parallel mode: deterministic, using up to 32 threads.
Root relaxation solution time = 17.18 sec. (346.13 ticks)

        Nodes                                         Cuts/
   Node  Left     Objective  IInf  Best Integer    Best Bound    ItCnt     Gap

      0     0        0.8481  1446                      0.8481     4189         
      0     0        0.8518  1146                  Cuts: 1866     5789         
      0     0        0.8529  1222                  Cuts: 1713     7107         
      0     0        0.8534  1355                  Cuts: 1293     8323         
      0     0        0.8539  1180                  Cuts: 1082     9376         
      0     0        0.8542  1219                  Cuts: 1013    10330         

Repeating presolve.
Tried aggregator 1 time.
MIP Presolve eliminated 9281 rows and 2317 columns.
Reduced MIP has 13703 rows, 5441 columns, and 39309 nonzeros.
Reduced MIP has 2382 binaries, 0 generals, 1150 SOSs, and 0 indicators.
Presolve time = 0.22 sec. (55.89 ticks)
Probing time = 0.19 sec. (20.41 ticks)
Tried aggregator 1 time.
MIP Presolve eliminated 4204 rows and 756 columns.
Reduced MIP has 9499 rows, 4685 columns, and 28213 nonzeros.
Reduced MIP has 1626 binaries, 0 generals, 1150 SOSs, and 0 indicators.
Presolve time = 0.07 sec. (33.71 ticks)
Probing time = 0.20 sec. (10.76 ticks)
Tried aggregator 1 time.
MIP Presolve eliminated 1481 rows and 373 columns.
Reduced MIP has 8018 rows, 4312 columns, and 24512 nonzeros.
Reduced MIP has 1253 binaries, 0 generals, 1150 SOSs, and 0 indicators.
Presolve time = 0.12 sec. (27.28 ticks)
Probing time = 0.12 sec. (8.40 ticks)
Tried aggregator 1 time.
MIP Presolve eliminated 627 rows and 121 columns.
Reduced MIP has 7391 rows, 4191 columns, and 22873 nonzeros.
Reduced MIP has 1132 binaries, 0 generals, 1150 SOSs, and 0 indicators.
Presolve time = 0.10 sec. (29.15 ticks)
Represolve time = 1.21 sec. (393.60 ticks)
Probing time = 0.20 sec. (7.36 ticks)
Clique table members: 7855.
MIP emphasis: balance optimality and feasibility.
MIP search method: dynamic search.
Parallel mode: deterministic, using up to 32 threads.
Root relaxation solution time = 18.33 sec. (400.91 ticks)

        Nodes                                         Cuts/
   Node  Left     Objective  IInf  Best Integer    Best Bound    ItCnt     Gap

      0     0        0.8542   899                      0.8542    13231         
      0     0        0.8552   852                  Cuts: 1130    14398         
*     0+    0                            1.4694        0.8552            41.80%
      0     0        0.8552   880        1.4694     Cuts: 556    14968   41.80%
      0     0        0.8552   563        1.4694      Cuts: 53    15283   41.80%
      0     0        0.8552   617        1.4694     Cuts: 219    15739   41.80%
      0     2        0.8552   509        1.4694        0.8552    15739   41.80%
Elapsed time = 88.67 sec. (9325.64 ticks, tree = 0.02 MB, solutions = 1)
      1     3        0.8552   535        1.4694        0.8552    16489   41.80%
      9     8        1.0508   514        1.4694        0.8552    18603   41.80%
    605   368        1.3075   436        1.4694        0.8552    54916   41.80%
   2009  1378        1.0826   503        1.4694        0.8552   126876   41.80%
   3567  2331        1.2466   518        1.4694        0.8552   192252   41.80%
   5017  3426        1.2676   494        1.4694        0.8552   260347   41.80%
   6513  4614        1.2663   390        1.4694        0.8552   316179   41.80%
   7937  5479        1.0766   587        1.4694        0.8552   357923   41.80%
   8601  6496        1.2789   387        1.4694        0.8552   405269   41.80%
*  8732+ 6110                            1.4687        0.8552            41.77%
*  8768+ 5972                            1.4681        0.8552            41.74%
*  8933+ 6004                            1.4460        0.8552            40.85%
*  9013+ 5995                            1.3728        0.8552            37.70%
*  9020+ 6023                            1.3704        0.8552            37.59%
*  9231+ 6096                            1.3663        0.8552            37.40%
*  9326+ 6014                            1.2803        0.8552            33.20%
*  9339+ 6014                            1.2784        0.8552            33.10%
*  9361+ 5972                            1.2517        0.8552            31.68%
*  9418+ 6014                            1.2508        0.8552            31.62%
*  9442+ 6118                            1.2487        0.8552            31.51%
*  9450+ 6004                            1.2365        0.8552            30.83%
*  9828+ 6004                            1.2365        0.8552            30.83%
* 10279+ 1950                            1.2358        0.8552            30.80%
  10549  2395        1.0444   425        1.2358        0.8552   513711   30.80%
Elapsed time = 134.09 sec. (12430.51 ticks, tree = 4.21 MB, solutions = 47)
* 10602+ 2127                            1.2334        0.8552            30.66%
  11124  2490        0.8673   863        1.2334        0.8552   538201   30.66%
  11126  3152        0.8552   536        1.2334        0.8552   594162   30.66%
  11128  3153        0.8552   627        1.2334        0.8552   595287   30.66%
  11133  3155        0.8558   833        1.2334        0.8552   600860   30.66%
  11165   107        0.8552   527        1.2334        0.8552   615649   30.66%
* 12015+   29                            1.2332        0.8552            30.65%
  13336  1200        0.9879   436        1.2332        0.8552   727072   30.65%
* 13703+ 1102                            1.2263        0.8552            30.26%
* 13838+ 1246                            1.2235        0.8552            30.10%
* 13858+ 1449                            1.2111        0.8552            29.38%
* 13885+ 1449                            1.2099        0.8552            29.31%
* 14267+ 1449                            1.1819        0.8552            27.64%
* 14666+ 1449                            1.1716        0.8552            27.01%
  15205  2061        1.2179   232        1.1716        0.8552   809904   27.01%
* 15274+ 1633                            1.1612        0.8552            26.35%
* 15497+ 1633                            1.1608        0.8552            26.33%
* 15856+ 1633                            1.1523        0.8552            25.78%
  17825  2786        1.0755   393        1.1523        0.8552   962476   25.78%
  21568  5644        1.1456   135        1.1523        0.8552  1104837   25.78%
* 23779  6590      integral     0        1.0288        0.8552  1147698   16.87%
* 23971+ 1656                            1.0275        0.8552            16.77%
  24481  1480        1.0191   419        1.0275        0.8552  1257497   16.77%
Elapsed time = 254.32 sec. (28563.02 ticks, tree = 2.80 MB, solutions = 89)
* 24932+ 1455                            1.0269        0.8552            16.71%
* 27163+ 3241                            1.0251        0.8552            16.57%
* 27242  3288      integral     0        1.0247        0.8552  1435796   16.54%
* 29013+ 4185                            1.0059        0.8552            14.98%
  29402  4596        0.9799   599        1.0059        0.8552  1550793   14.98%
* 30508+ 4547                            1.0058        0.8552            14.97%
* 30771+ 4208                            0.9919        0.8552            13.78%
* 31916+ 3739                            0.9784        0.8552            12.59%
* 31991+ 3775                            0.9769        0.8552            12.45%
  32645  3108        0.9359   445        0.9769        0.8552  1678040   12.45%
* 34751  4306      integral     0        0.9734        0.8552  1775969   12.14%
* 37106  5278      integral     0        0.9731        0.8552  1816377   12.11%
* 37379+ 5048                            0.9532        0.8552            10.28%
  37446  5345        0.9017   493        0.9532        0.8552  1819309   10.28%
* 37750+ 5384                            0.9514        0.8552            10.10%
* 38133+ 5281                            0.9500        0.8552             9.97%
* 38153+ 5125                            0.9388        0.8552             8.90%
* 38406+ 5384                            0.9329        0.8552             8.33%
* 38407+ 5864                            0.9297        0.8552             8.01%
* 39205+ 6283                            0.9261        0.8552             7.65%
* 40339+ 3979                            0.9193        0.8552             6.97%
* 40768+ 4191                            0.9189        0.8552             6.93%
* 40850+ 4191                            0.9189        0.8552             6.93%
* 40945+ 4129                            0.9172        0.8552             6.76%
* 41134+ 3979                            0.9150        0.8552             6.53%
* 41148+ 4270                            0.9125        0.8552             6.27%
* 41205+ 4270                            0.9121        0.8552             6.24%
* 41516+ 4091                            0.9023        0.8552             5.21%
* 41655+ 4707                            0.9020        0.8552             5.19%
  41694  5826        0.8794   552        0.9020        0.8552  1928778    5.19%
* 42012+ 4703                            0.8998        0.8552             4.95%
* 42643+ 4772                            0.8992        0.8552             4.88%
  43359  2805        0.8733   485        0.8992        0.8552  1989564    4.88%
* 43392+ 2749                            0.8990        0.8552             4.87%
* 43461+ 5037                            0.8983        0.8552             4.80%
  43881  5962        0.9010     0        0.8983        0.8552  1931943    4.80%
* 43939+ 2643                            0.8983        0.8552             4.79%
  45317  3598        0.8908   253        0.8983        0.8552  2044036    4.79%
  48793  5189        0.8908   438        0.8983        0.8552  2101746    4.79%
  53055  9146        0.8740   441        0.8983        0.8552  2252051    4.79%
Elapsed time = 328.63 sec. (37979.07 ticks, tree = 480.02 MB, solutions = 210)
  59030 12347        0.8559   544        0.8983        0.8552  2361691    4.79%
  63338 16336        0.8927   432        0.8983        0.8552  2478278    4.79%
* 64756+16898                            0.8982        0.8552             4.78%
* 65778+16544                            0.8980        0.8552             4.77%
  67033 19222        0.8806   439        0.8980        0.8552  2569700    4.77%
  72092 23531        0.8829   383        0.8980        0.8552  2686581    4.77%
* 74878+16653                            0.8977        0.8552             4.74%
  77367 26028        0.8976   369        0.8977        0.8552  2749219    4.74%
  83022 30635        0.8795   415        0.8977        0.8552  2871300    4.74%
* 86417+16653                            0.8974        0.8552             4.70%
  87666 34729        cutoff              0.8974        0.8552  2970834    4.70%
  90066 37344        0.8876   318        0.8974        0.8552  3031052    4.70%
  92967 38462        0.8835   521        0.8974        0.8552  3059461    4.70%
  95824 40445        0.8982   314        0.8974        0.8552  3101483    4.70%
Elapsed time = 466.24 sec. (47518.92 ticks, tree = 2451.88 MB, solutions = 210)
Nodefile size = 392.56 MB (319.36 MB after compression)
  98432 43030        0.8798   428        0.8974        0.8552  3154146    4.70%
 101423 45711        0.8941   412        0.8974        0.8552  3217796    4.70%
 104640 48550        0.8795   463        0.8974        0.8552  3284200    4.70%
 107494 49807        0.8956   407        0.8974        0.8552  3311616    4.70%
 110575 52510        0.8939   371        0.8974        0.8552  3363619    4.70%
 113836 56192        0.8826   483        0.8974        0.8552  3438468    4.70%
 116371 56959        0.8919   299        0.8974        0.8552  3452745    4.70%
 119777 56817        0.8669   494        0.8974        0.8585  3514219    4.33%
 124736 59915        0.8726   348        0.8974        0.8585  3577093    4.33%
 127268 62774        0.8708   408        0.8974        0.8585  3631934    4.33%
Elapsed time = 705.48 sec. (57057.89 ticks, tree = 3791.33 MB, solutions = 225)
Nodefile size = 1732.88 MB (1408.54 MB after compression)
 129043 65148        0.8846   350        0.8974        0.8585  3679653    4.33%
 129636 67577        0.8944   429        0.8974        0.8585  3733736    4.33%
 130693 68056        0.8705   438        0.8974        0.8600  3746200    4.17%
*131392+68013                            0.8974        0.8600             4.17%
 133654 69391        0.8963   296        0.8974        0.8600  3776853    4.17%
 137026 72246        0.8946   312        0.8974        0.8600  3831789    4.17%
 140427 73476        0.8699   386        0.8974        0.8600  3853213    4.17%
 142938 75279        0.8744   416        0.8974        0.8600  3887109    4.17%
 145287 77072        0.8728   428        0.8974        0.8600  3927426    4.17%
 147867 79163        0.8923   465        0.8974        0.8600  3970785    4.17%
 150621 81638        0.8965   347        0.8974        0.8600  4025339    4.17%
Elapsed time = 842.85 sec. (66596.38 ticks, tree = 4965.60 MB, solutions = 226)
Nodefile size = 2902.86 MB (2364.66 MB after compression)
 153226 84037        0.8890   306        0.8974        0.8600  4071547    4.17%
 156173 86727        cutoff              0.8974        0.8600  4131628    4.17%
 158495 87973        0.8819   330        0.8974        0.8600  4157519    4.17%
 161404 91038        0.8824   360        0.8974        0.8600  4221973    4.17%
 164343 93001        0.8789   429        0.8974        0.8600  4260817    4.17%
 166497 95266        0.8927   323        0.8974        0.8600  4302112    4.17%
 168834 97150        0.8856   335        0.8974        0.8600  4342438    4.17%
 171272 99059        0.8713   401        0.8974        0.8600  4379025    4.17%
 173919 100758        0.8836   372        0.8974        0.8600  4413550    4.17%
 176478 103939        0.8969   318        0.8974        0.8600  4480642    4.17%
Elapsed time = 992.95 sec. (76135.75 ticks, tree = 6367.15 MB, solutions = 226)
Nodefile size = 4312.38 MB (3514.88 MB after compression)
 179392 104364        0.8841   330        0.8974        0.8600  4489564    4.17%
 181779 107543        cutoff              0.8974        0.8600  4549028    4.17%
 184661 109661        0.8886   389        0.8974        0.8600  4588734    4.17%
 187750 112788        0.8671   423        0.8974        0.8600  4650774    4.17%
 190170 113856        0.8692   373        0.8974        0.8600  4671670    4.17%
 192601 117001        0.8957   245        0.8974        0.8600  4741728    4.17%
 195402 117765        0.8953   327        0.8974        0.8600  4755849    4.17%
 198407 120949        0.8931   425        0.8974        0.8600  4821238    4.17%
 200498 121994        cutoff              0.8974        0.8600  4841482    4.17%
 206856 125466        0.8965   342        0.8974        0.8601  4921288    4.16%
Elapsed time = 1130.14 sec. (85676.94 ticks, tree = 7659.87 MB, solutions = 226)
Nodefile size = 5604.34 MB (4568.34 MB after compression)
 215697 133697        0.8881   405        0.8974        0.8604  5113426    4.12%
 224542 140591        0.8852   435        0.8974        0.8610  5288898    4.05%
 231922 147704        0.8921   321        0.8974        0.8613  5461433    4.02%
 240585 153904        0.8906   219        0.8974        0.8620  5597475    3.94%
 249629 158740        0.8946   400        0.8974        0.8622  5706889    3.92%
 258188 164216        0.8951   316        0.8974        0.8627  5846210    3.87%
 265592 173583        0.8879   355        0.8974        0.8628  6072112    3.85%
 273571 179105        0.8965   361        0.8974        0.8631  6212174    3.82%
 279414 185447        0.8718   401        0.8974        0.8633  6396428    3.79%
 285479 186449        0.8917   304        0.8974        0.8634  6433652    3.79%
Elapsed time = 1275.79 sec. (95215.09 ticks, tree = 7906.97 MB, solutions = 226)
Nodefile size = 5853.30 MB (4722.47 MB after compression)
 293088 192862        0.8974   306        0.8974        0.8635  6639267    3.77%
 295113 196865        0.8639   442        0.8974        0.8638  6741780    3.75%
 296585 198516        0.8808   354        0.8974        0.8638  6785151    3.75%
 301076 199120        0.8788   423        0.8974        0.8638  6800526    3.75%
 305753 202765        0.8925   287        0.8974        0.8639  6892509    3.73%
 312233 207819        0.8752   509        0.8974        0.8639  7040550    3.73%
 314583 209806        0.8759   520        0.8974        0.8639  7083572    3.73%
 317578 212367        0.8764   440        0.8974        0.8639  7161997    3.73%
 320298 213630        0.8927   393        0.8974        0.8639  7196910    3.73%
 330847 221863        cutoff              0.8974        0.8639  7415311    3.73%
Elapsed time = 1526.32 sec. (107617.13 ticks, tree = 9247.47 MB, solutions = 226)
Nodefile size = 7189.27 MB (5773.24 MB after compression)
 341936 230457        0.8749   403        0.8974        0.8639  7635268    3.73%
 353444 239719        0.8973   143        0.8974        0.8639  7891503    3.73%
 365709 249083        0.8905   409        0.8974        0.8639  8116048    3.73%
 382625 261139        0.8937   383        0.8974        0.8640  8442946    3.72%
 401774 275274        0.8967   351        0.8974        0.8648  8821267    3.63%
 412937 284285        0.8935   293        0.8974        0.8648  9045660    3.63%
 417494 292111        0.8552   462        0.8974        0.8651  9254854    3.60%
 417513 37725        0.8552   864        0.8974        0.8651  9260377    3.60%
 418721   428        0.8782   392        0.8974        0.8651  9419839    3.60%
 429883  8118        0.8943   399        0.8974        0.8651  9699840    3.60%
Elapsed time = 2323.05 sec. (155173.90 ticks, tree = 432.63 MB, solutions = 226)
 449508 23248        0.8863   248        0.8974        0.8651 10061771    3.60%
 468213 35839        0.8874   453        0.8974        0.8651 10374752    3.60%
 474226 42255        0.8929   399        0.8974        0.8651 10527720    3.60%
 486668 50970        0.8926   505        0.8974        0.8651 10729344    3.60%
 498703 59277        0.8865   453        0.8974        0.8651 10909816    3.60%
 511894 69330        0.8954   392        0.8974        0.8651 11137134    3.60%
 527527 82801        0.8867   406        0.8974        0.8651 11492635    3.60%
 542383 92201        0.8928    78        0.8974        0.8651 11722979    3.60%
 560028 108157        0.8666   420        0.8974        0.8654 12123720    3.57%
 577143 118491        0.8950   459        0.8974        0.8657 12392218    3.54%
Elapsed time = 2797.08 sec. (193323.83 ticks, tree = 5382.10 MB, solutions = 226)
Nodefile size = 3328.51 MB (2580.72 MB after compression)
 595149 132406        0.8770   387        0.8974        0.8658 12742028    3.52%
 613172 143109        0.8884   250        0.8974        0.8660 13001297    3.49%
 631957 159081        0.8932   400        0.8974        0.8662 13369877    3.47%
 648922 174303        0.8972   342        0.8974        0.8664 13746739    3.46%
 666726 190952        0.8917   241        0.8974        0.8665 14118511    3.44%
 686764 208530        0.8815   371        0.8974        0.8666 14494144    3.43%
 704359 222691        0.8946   372        0.8974        0.8667 14835060    3.42%
*706213+222639                            0.8974        0.8667             3.42%
 720700 229963        cutoff              0.8974        0.8667 15007079    3.41%
 738958 246493        0.8803   408        0.8974        0.8668 15352882    3.41%
 757530 264108        0.8890   285        0.8974        0.8669 15732189    3.40%
Elapsed time = 3242.65 sec. (231474.83 ticks, tree = 6543.49 MB, solutions = 227)
Nodefile size = 4493.77 MB (3383.56 MB after compression)
 779503 282811        0.8970   144        0.8974        0.8670 16105962    3.39%
 803012 301593        0.8759   441        0.8974        0.8670 16460832    3.39%
 824720 320496        0.8970   122        0.8974        0.8671 16841315    3.38%
 846083 333597    infeasible              0.8974        0.8671 17132475    3.37%
 866172 348102        0.8953   339        0.8974        0.8672 17453481    3.36%
 883763 364531        0.8943   285        0.8974        0.8672 17802580    3.36%
*890092+368195                            0.8973        0.8672             3.35%
*890233+369404                            0.8973        0.8672             3.35%
*890817+369153                            0.8971        0.8672             3.33%
*891505+371952                            0.8970        0.8672             3.32%
*891823+374120                            0.8969        0.8672             3.31%
*891960+374446                            0.8968        0.8672             3.30%
*892231+374505                            0.8968        0.8672             3.30%
*892877+374125                            0.8964        0.8672             3.25%
*893052+373712                            0.8964        0.8672             3.25%
*893204+373827                            0.8964        0.8672             3.25%
*893408+369167                            0.8947        0.8672             3.06%
 894021 329306        0.8783   357        0.8947        0.8672 18060182    3.06%
*894100+329303                            0.8944        0.8672             3.03%
*894266+329567                            0.8944        0.8672             3.03%
*894426+329627                            0.8944        0.8672             3.03%
*894521+329492                            0.8939        0.8672             2.98%
*895372+310139                            0.8936        0.8672             2.95%
*895734+310482                            0.8934        0.8672             2.93%
*895871+310566                            0.8934        0.8672             2.93%
*897034+310343                            0.8926        0.8672             2.84%
*897516+279415                            0.8924        0.8672             2.82%
*897556+279486                            0.8917        0.8672             2.74%
*897668+310433                            0.8910        0.8672             2.67%
*900003+247635                            0.8909        0.8673             2.65%
*900327+247749                            0.8909        0.8673             2.65%
*901221+247306                            0.8908        0.8673             2.64%
*901800+244081                            0.8908        0.8673             2.64%
 901862 244344        0.8863   382        0.8908        0.8673 18184481    2.64%
*901865+246871                            0.8907        0.8673             2.63%
*902015+245802                            0.8907        0.8673             2.63%
*902292+245894                            0.8907        0.8673             2.63%
*902905+243767                            0.8906        0.8673             2.61%
*902910+243695                            0.8903        0.8673             2.59%
*904205+243837                            0.8903        0.8673             2.59%
*905310+239316                            0.8903        0.8673             2.59%
*905391+238686                            0.8898        0.8673             2.53%
*906171+230962                            0.8898        0.8673             2.53%
*907511+231545                            0.8896        0.8673             2.51%
 907616 231833        0.8793   387        0.8896        0.8673 18321107    2.51%
*908386+231611                            0.8896        0.8673             2.50%
*909214+227649                            0.8896        0.8673             2.50%
*909260+227726                            0.8896        0.8673             2.50%
*909403+231309                            0.8892        0.8673             2.46%
*910078+227602                            0.8892        0.8673             2.46%
*910896+220733                            0.8892        0.8673             2.45%
*911014+220866                            0.8889        0.8673             2.43%
*911506+221046                            0.8889        0.8673             2.42%
*911998+215282                            0.8881        0.8673             2.34%
*912013+215431                            0.8881        0.8673             2.34%
*912108+215356                            0.8881        0.8673             2.34%
*913919+215233                            0.8878        0.8673             2.30%
*914654+198216                            0.8868        0.8673             2.20%
 915076 198477        0.8837   439        0.8868        0.8673 18456609    2.20%
Elapsed time = 3656.55 sec. (269629.43 ticks, tree = 2842.51 MB, solutions = 370)
Nodefile size = 793.74 MB (573.62 MB after compression)
 935085 196071        0.8865   295        0.8868        0.8674 18803600    2.19%
 954567 209236        0.8866   335        0.8868        0.8675 19167500    2.18%
 969249 221186        0.8768   354        0.8868        0.8675 19499563    2.18%
*970476+222722                            0.8868        0.8675             2.17%
*971546+224388                            0.8867        0.8675             2.16%
*972199+223255                            0.8863        0.8675             2.11%
*972642+223996                            0.8862        0.8675             2.10%
*972916+224310                            0.8861        0.8675             2.09%
*974286+217158                            0.8861        0.8675             2.09%
*974363+216472                            0.8857        0.8675             2.05%
*975635+217347                            0.8850        0.8675             1.97%
 976583 216480        0.8806   347        0.8850        0.8675 19719166    1.97%

GUB cover cuts applied:  2
Clique cuts applied:  280
Cover cuts applied:  1
Implied bound cuts applied:  22
Flow cuts applied:  20
Mixed integer rounding cuts applied:  120
Zero-half cuts applied:  32
Lift and project cuts applied:  8
Gomory fractional cuts applied:  11

Root node processing (before b&c):
  Real time             =   80.11 sec. (9384.56 ticks)
Parallel b&c, 32 threads:
  Real time             = 3715.56 sec. (276000.32 ticks)
  Sync time (average)   = 2563.89 sec.
  Wait time (average)   =    2.50 sec.
                          ------------
Total (root+branch&cut) = 3795.67 sec. (285384.87 ticks)
Solution found
