Model: Diversity_model_3
 - number of variables: 24487
   - binary=21176, integer=2, continuous=3309
 - number of constraints: 97201
   - linear=97201
 - parameters: defaults
CPXPARAM_Read_DataCheck                          1
CPXPARAM_RandomSeed                              201804051
CPXPARAM_MIP_Strategy_LBHeur                     1
CPXPARAM_TimeLimit                               86400
CPXPARAM_MIP_Tolerances_MIPGap                   0.02
Tried aggregator 2 times.
MIP Presolve eliminated 738 rows and 728 columns.
MIP Presolve modified 288 coefficients.
Aggregator did 11165 substitutions.
Reduced MIP has 85298 rows, 12594 columns, and 236187 nonzeros.
Reduced MIP has 10732 binaries, 0 generals, 720 SOSs, and 0 indicators.
Presolve time = 3.89 sec. (774.44 ticks)
Probing changed sense of 24 constraints.
Probing time = 6.85 sec. (86.04 ticks)
Tried aggregator 2 times.
MIP Presolve eliminated 9227 rows and 685 columns.
Aggregator did 48 substitutions.
Reduced MIP has 76023 rows, 11861 columns, and 209780 nonzeros.
Reduced MIP has 10023 binaries, 0 generals, 720 SOSs, and 0 indicators.
Presolve time = 3.76 sec. (831.72 ticks)
Probing time = 21.72 sec. (75.19 ticks)
Clique table members: 116801.
MIP emphasis: balance optimality and feasibility.
MIP search method: dynamic search.
Parallel mode: deterministic, using up to 32 threads.
Root relaxation solution time = 8.72 sec. (976.60 ticks)

        Nodes                                         Cuts/
   Node  Left     Objective  IInf  Best Integer    Best Bound    ItCnt     Gap

      0     0        0.8454  3720                      0.8454       25         
      0     0        0.8454  3560                  Cuts: 2911     1722         
*     0+    0                            3.9377        0.8454            78.53%
      0     0        0.8454  3577        3.9377    Cuts: 4086     3983   78.53%
*     0+    0                            2.4340        0.8454            65.27%
      0     0        0.8454  3511        2.4340     Cuts: 298     4722   65.27%
*     0+    0                            2.3862        0.8454            64.57%
*     0+    0                            2.3464        0.8454            63.97%
      0     0        0.8454  3542        2.3464    Cuts: 2295     7140   63.97%
*     0+    0                            1.7522        0.8454            51.75%
*     0+    0                            1.7140        0.8454            50.68%
*     0+    0                            1.7133        0.8454            50.66%

Repeating presolve.
Tried aggregator 2 times.
MIP Presolve eliminated 62618 rows and 8448 columns.
Aggregator did 24 substitutions.
Reduced MIP has 13381 rows, 3389 columns, and 38915 nonzeros.
Reduced MIP has 1575 binaries, 0 generals, 720 SOSs, and 0 indicators.
Presolve time = 0.38 sec. (130.40 ticks)
Probing time = 0.36 sec. (23.89 ticks)
Tried aggregator 1 time.
MIP Presolve eliminated 733 rows and 58 columns.
Reduced MIP has 12648 rows, 3331 columns, and 36832 nonzeros.
Reduced MIP has 1517 binaries, 0 generals, 720 SOSs, and 0 indicators.
Presolve time = 0.30 sec. (48.34 ticks)
Probing time = 0.33 sec. (22.08 ticks)
Tried aggregator 1 time.
MIP Presolve eliminated 390 rows and 31 columns.
Reduced MIP has 12258 rows, 3300 columns, and 35724 nonzeros.
Reduced MIP has 1486 binaries, 0 generals, 720 SOSs, and 0 indicators.
Presolve time = 0.23 sec. (55.71 ticks)
Represolve time = 2.11 sec. (677.78 ticks)
Probing time = 0.09 sec. (4.77 ticks)
Clique table members: 21212.
MIP emphasis: balance optimality and feasibility.
MIP search method: dynamic search.
Parallel mode: deterministic, using up to 32 threads.
Root relaxation solution time = 147.74 sec. (725.67 ticks)

        Nodes                                         Cuts/
   Node  Left     Objective  IInf  Best Integer    Best Bound    ItCnt     Gap

*     0+    0                            1.7133        0.8454            50.66%
      0     0        0.8454   893        1.7133        0.8454    12193   50.66%
      0     0        0.8482   822        1.7133    Cuts: 1939    16221   50.49%
      0     0        0.8494   799        1.7133     Cuts: 736    17647   50.42%
      0     0        0.8500   826        1.7133    Cuts: 1097    19249   50.39%
*     0+    0                            1.4000        0.8500            39.28%
      0     0        0.8504   846        1.4000     Cuts: 817    21552   39.26%
*     0+    0                            1.2201        0.8504            30.30%
      0     0        0.8514   828        1.2201     Cuts: 939    23474   30.22%
      0     0        0.8517   814        1.2201     Cuts: 716    25082   30.20%
      0     0        0.8519   764        1.2201     Cuts: 634    26150   30.18%
      0     0        0.8523   806        1.2201     Cuts: 603    27662   30.15%
      0     0        0.8527   744        1.2201     Cuts: 730    28911   30.12%
      0     0        0.8528   836        1.2201     Cuts: 672    30219   30.10%
*     0+    0                            1.2174        0.8528            29.95%
      0     0        0.8531   811        1.2174     Cuts: 644    31733   29.92%
      0     0        0.8533   839        1.2174     Cuts: 525    33217   29.91%
      0     0        0.8535   843        1.2174     Cuts: 690    35065   29.89%
      0     0        0.8537   886        1.2174     Cuts: 766    36678   29.88%
      0     0        0.8538   746        1.2174     Cuts: 310    38011   29.87%
      0     0        0.8540   785        1.2174     Cuts: 598    39316   29.85%
      0     2        0.8540   785        1.2174        0.8540    39316   29.85%
Elapsed time = 840.43 sec. (63874.37 ticks, tree = 0.02 MB, solutions = 10)
      1     3        0.8544   698        1.2174        0.8540    45644   29.85%
      3     5        0.8550   562        1.2174        0.8540    47077   29.85%
      5     7        0.9875   514        1.2174        0.8540    48715   29.85%
     16    16        1.1553   509        1.2174        0.8540    51945   29.85%
     38    22        1.0134   483        1.2174        0.8540    56502   29.85%
    103    44        1.0418   459        1.2174        0.8541    77238   29.85%
*   131+   21                            1.2099        0.8541            29.41%
    233   120        1.1899   378        1.2099        0.8541    96157   29.41%
    387   263        1.1844   463        1.2099        0.8541   145699   29.41%
    503   350        1.1964   437        1.2099        0.8541   173062   29.41%
   1126   636        1.0080   389        1.2099        0.8541   337906   29.41%
Elapsed time = 885.70 sec. (69344.29 ticks, tree = 1.71 MB, solutions = 11)
*  2106+ 1120                            1.2094        0.8541            29.38%
   2227  1466        1.1786   245        1.2094        0.8541   469108   29.38%
   3042  2194        1.0405   274        1.2094        0.8541   546110   29.38%
   3581  2641        1.0473   334        1.2094        0.8541   636404   29.38%
   4442  2921        1.1916   235        1.2094        0.8541   706792   29.38%
   5412  4064        1.1562    58        1.2094        0.8541   924266   29.38%
   6185  4613        0.9753   254        1.2094        0.8541  1078241   29.38%
   6678  5094        1.2035   277        1.2094        0.8541  1237703   29.38%
   7173  5224        0.8883   446        1.2094        0.8541  1280272   29.38%
   7625  5794        0.9820    49        1.2094        0.8541  1442349   29.38%
   8133  6066        1.1294   291        1.2094        0.8541  1504392   29.38%
Elapsed time = 970.00 sec. (78895.61 ticks, tree = 128.80 MB, solutions = 12)
*  8162+ 4314                            1.1269        0.8559            24.05%
*  8162+ 2876                            1.1236        0.8562            23.80%
*  8162+ 1917                            1.1216        0.8578            23.52%
*  8162+ 1277                            1.1209        0.8578            23.47%
   8162  1278        0.8578   832        1.1209        0.8578  1652532   23.47%
   8163  1278        0.8579   812        1.1209        0.8578  1653513   23.47%
   8165  1278        0.8579   819        1.1209        0.8578  1653929   23.47%
   8168  1065        0.8578   807        1.1209        0.8578  1654094   23.47%
   8176   383        0.8578   815        1.1209        0.8578  1654299   23.47%
*  8178+  222                            1.1202        0.8578            23.43%
   8189    66        1.0515   795        1.1202        0.8578  1656951   23.43%
   8288    36        1.0327   495        1.1202        0.8578  1669908   23.42%
*  8326+   18                            1.1196        0.8578            23.38%
   8737   184        1.1191   520        1.1196        0.8578  1714000   23.38%
   9106   493        1.1089   196        1.1196        0.8578  1811990   23.38%
   9380   649        1.0989   413        1.1196        0.8578  1876125   23.38%
Elapsed time = 1323.95 sec. (144079.28 ticks, tree = 33.71 MB, solutions = 20)
   9651   827        0.8715   778        1.1196        0.8578  1956686   23.38%
  10129  1085        0.8600   751        1.1196        0.8578  2033667   23.38%
  10580  1499        1.1118   345        1.1196        0.8578  2112285   23.38%
  10858  1730        0.9923   427        1.1196        0.8578  2160696   23.38%
  11296  1816        1.1165   451        1.1196        0.8578  2174128   23.38%
  11794  2294        0.8898   608        1.1196        0.8579  2301464   23.37%
  12591  2507        0.9987   308        1.1196        0.8579  2337718   23.37%
  13271  3021        0.8728   667        1.1196        0.8582  2419013   23.34%
  13549  3775        0.9702   480        1.1196        0.8582  2533364   23.34%
* 13988  3949      integral     0        1.1167        0.8582  2565343   23.15%
  14189  4038        1.0744   388        1.1167        0.8582  2587984   23.15%
Elapsed time = 1406.91 sec. (153635.66 ticks, tree = 312.07 MB, solutions = 21)
* 14241+ 3997                            1.1109        0.8582            22.74%
* 14267+ 3997                            1.1029        0.8582            22.18%
  14945  4118        1.0066   461        1.1029        0.8582  2696682   22.18%
  15782  4554        0.9916   560        1.1029        0.8582  2757465   22.18%
  16616  4821        0.9245   720        1.1029        0.8582  2802991   22.18%
  17072  5466        0.9406   371        1.1029        0.8586  2888286   22.15%
  17846  6323        1.0355   423        1.1029        0.8586  3014029   22.15%
  18673  7020        1.0413   641        1.1029        0.8586  3111209   22.15%
* 18837+ 7152                            1.0659        0.8586            19.45%
* 18851  5167      integral     0        1.0641        0.8586  3135233   19.32%
  19446  5463        1.0445   226        1.0641        0.8595  3203414   19.23%
* 19593+ 5211                            1.0521        0.8595            18.30%
  19872  5508        1.0271   399        1.0521        0.8595  3217671   18.30%
  20353  5275        1.0048   331        1.0521        0.8595  3298026   18.30%
  20716  5761        0.9622   481        1.0521        0.8605  3429902   18.21%
Elapsed time = 1491.61 sec. (163190.16 ticks, tree = 475.39 MB, solutions = 26)
  21342  6091        1.0388   229        1.0521        0.8609  3495437   18.17%
  21977  6670        0.9831   506        1.0521        0.8609  3604514   18.17%
  22721  6994        1.0303   378        1.0521        0.8610  3658753   18.16%
  23324  7879        1.0007   479        1.0521        0.8613  3826957   18.13%
  23932  8152        1.0404   352        1.0521        0.8617  3863839   18.09%
  24579  8626        cutoff              1.0521        0.8617  3950763   18.09%
  25052  9186        1.0239   596        1.0521        0.8617  4044908   18.09%
  25681  9386        1.0366   354        1.0521        0.8617  4068408   18.09%
* 25851+ 9547                            1.0471        0.8623            17.65%
* 25959  9469      integral     0        1.0442        0.8623  4181036   17.42%
* 26313+ 9538                            1.0422        0.8623            17.26%
  26354  9397        0.8835   692        1.0422        0.8623  4235166   17.26%
* 26727+ 9462                            1.0368        0.8623            16.83%
  26955  8905        0.9412   617        1.0368        0.8623  4302901   16.83%
Elapsed time = 1579.03 sec. (172743.25 ticks, tree = 787.65 MB, solutions = 30)
  27545  9036        1.0252   561        1.0368        0.8624  4337335   16.82%
  28110  9653        1.0256   433        1.0368        0.8634  4432952   16.72%
* 28614 10150      integral     0        1.0338        0.8642  4512214   16.41%
* 28715+10007                            1.0326        0.8642            16.31%
* 28745  9944      integral     0        1.0288        0.8642  4551662   16.00%
* 29137+ 9966                            1.0276        0.8642            15.90%
* 29187+ 9988                            1.0230        0.8647            15.47%
* 29199+ 9966                            1.0230        0.8647            15.47%
  29553  9172        0.8713   506        1.0230        0.8647  4614369   15.47%
* 29625+ 9653                            1.0153        0.8647            14.84%
  30306  8988        0.9948    71        1.0153        0.8656  4710626   14.75%
  31002  9433        1.0011   364        1.0153        0.8657  4796463   14.74%
  31880  9480        0.9624   491        1.0153        0.8657  4800667   14.74%
* 32270+ 9513                            0.9987        0.8657            13.32%
  32698  8196        0.9425   240        0.9987        0.8664  4990141   13.25%
* 33174  8257      integral     0        0.9872        0.8669  4993654   12.18%
  33867  8039        0.9448   337        0.9872        0.8670  5161865   12.18%
Elapsed time = 1679.09 sec. (181629.38 ticks, tree = 701.55 MB, solutions = 39)
* 34207+ 8053                            0.9845        0.8670            11.94%
* 34225+ 8053                            0.9649        0.8670            10.15%
  34625  8015        0.9859   319        0.9649        0.8670  5160866   10.15%
  35248  6242        0.9212   225        0.9649        0.8674  5234548   10.10%
* 35273+ 8405                            0.9649        0.8682            10.02%
  35980  6613        0.9637   573        0.9649        0.8684  5342783   10.00%
  36539  7376        0.9461   279        0.9649        0.8684  5496571   10.00%
  36979  7594        0.8734   450        0.9649        0.8684  5537246   10.00%
  37337  8079        0.9300   392        0.9649        0.8684  5645651   10.00%
  37806  8399        0.9505   263        0.9649        0.8691  5745237    9.93%
  38452  8545        0.9523   487        0.9649        0.8691  5780277    9.93%
  39008  8719        0.9343   574        0.9649        0.8692  5823470    9.92%
  39737  9497        0.9547   337        0.9649        0.8696  5962459    9.88%
Elapsed time = 1790.72 sec. (191191.09 ticks, tree = 847.72 MB, solutions = 41)
  40365 10031        0.9351   543        0.9649        0.8697  6081947    9.86%
  41092 10087        0.8777   418        0.9649        0.8699  6092128    9.85%
  41846 10983        0.9536   548        0.9649        0.8703  6280458    9.80%
  42442 11054        0.9018   393        0.9649        0.8708  6293863    9.75%
  43107 12285        0.9151   521        0.9649        0.8711  6524789    9.72%
  43869 12096        cutoff              0.9649        0.8713  6481604    9.70%
  44604 12612        0.9476   370        0.9649        0.8713  6602098    9.70%
  45383 13174        0.9623   128        0.9649        0.8715  6695686    9.68%
  45989 14038        0.9567   411        0.9649        0.8715  6852640    9.68%
  46522 14478        0.9089   394        0.9649        0.8715  6945457    9.68%
Elapsed time = 1871.53 sec. (200742.27 ticks, tree = 1359.10 MB, solutions = 41)
  46960 15090        0.9261   392        0.9649        0.8720  7057912    9.63%
  47550 15517        0.9491   242        0.9649        0.8720  7139090    9.63%
  48212 15952        0.9274   355        0.9649        0.8723  7236553    9.60%
  49090 16007        cutoff              0.9649        0.8727  7249727    9.56%
  49924 16814        0.9492   200        0.9649        0.8727  7388257    9.55%
  50564 17170        cutoff              0.9649        0.8729  7467910    9.53%
  51324 17357        0.8992   473        0.9649        0.8730  7495567    9.52%
  52083 18414        0.9378   492        0.9649        0.8731  7700944    9.51%
  52626 18662        cutoff              0.9649        0.8732  7747949    9.51%
  55200 20016        0.9640   467        0.9649        0.8737  8010464    9.45%
Elapsed time = 1960.57 sec. (213151.11 ticks, tree = 1934.80 MB, solutions = 41)
  57631 22237        0.9036   372        0.9649        0.8741  8401999    9.41%
* 60493+24438                            0.9639        0.8745             9.28%
  60638 23903        0.9526   389        0.9639        0.8745  8698992    9.28%
* 61379+24174                            0.9532        0.8745             8.27%
* 61533+24174                            0.9522        0.8745             8.17%
* 62276+24560                            0.9500        0.8745             7.95%
  63061 25923        0.9499   416        0.9500        0.8746  9019558    7.94%
* 63425+24543                            0.9494        0.8746             7.88%
  65273 27916        0.9390   334        0.9494        0.8746  9312401    7.88%
  67683 28673        0.9463   358        0.9494        0.8746  9543693    7.88%
  70504 22621        0.9334   412        0.9494        0.8749  9806754    7.85%
  72996 24551        0.9181   516        0.9494        0.8749 10129996    7.85%
  76844 26720        0.9267   393        0.9494        0.8749 10462972    7.85%
  81383 27848        0.9477   456        0.9494        0.8766 10616396    7.67%
  85606 31503        0.9446   353        0.9494        0.8770 11124828    7.63%
Elapsed time = 2246.50 sec. (251314.96 ticks, tree = 3122.05 MB, solutions = 67)
Nodefile size = 1065.26 MB (986.01 MB after compression)
  90396 34732        cutoff              0.9494        0.8771 11541868    7.62%
  94862 37815        0.9391   320        0.9494        0.8776 11938513    7.57%
  98877 40130        0.9360   404        0.9494        0.8777 12241641    7.55%
 102148 43520        0.9436   378        0.9494        0.8784 12722350    7.48%
 105348 45572        0.9364   355        0.9494        0.8786 13046180    7.46%
 108595 48724        0.8965   347        0.9494        0.8790 13626490    7.42%
 111670 50085        0.9187   465        0.9494        0.8793 13868463    7.39%
 111968 52434        0.8935   621        0.9494        0.8935 14414466    5.89%
 111970 52433        0.9065   686        0.9494        0.8935 14427242    5.89%
 111976 31460        cutoff              0.9494        0.8935 14433261    5.89%
Elapsed time = 3029.59 sec. (367860.13 ticks, tree = 1228.49 MB, solutions = 67)
 112018  1722        0.9293   549        0.9494        0.8935 14479289    5.89%
 112193    33        0.8939   556        0.9494        0.8936 14554979    5.88%
 112518    92        cutoff              0.9494        0.8936 14695320    5.88%
 113131   372        0.8970   392        0.9494        0.8936 14940493    5.88%
 113983   721        cutoff              0.9494        0.8936 15151594    5.88%
 115755  1352        cutoff              0.9494        0.8936 15388670    5.88%
 117680  2330        0.9140   312        0.9494        0.8937 15662811    5.87%
 119311  3307        0.9428   334        0.9494        0.8937 15973627    5.87%
 121705  4647        cutoff              0.9494        0.8952 16330129    5.71%
 124753  6164        0.9340   447        0.9494        0.8961 16628592    5.61%
Elapsed time = 3323.69 sec. (406072.81 ticks, tree = 453.11 MB, solutions = 67)
 128477  8728        0.9093   303        0.9494        0.8971 17029726    5.51%
 132805 11225        0.9431   261        0.9494        0.8975 17367147    5.47%
 137097 13778        0.9408   169        0.9494        0.8978 17728142    5.43%
 142043 17342        0.9462   274        0.9494        0.8981 18187866    5.40%
 146746 19804        cutoff              0.9494        0.8984 18508436    5.38%
 151635 23239        0.9310   240        0.9494        0.8989 18959563    5.32%
 156229 25475        0.9299   411        0.9494        0.8999 19251623    5.21%
 161144 28650        0.9278   415        0.9494        0.9003 19700729    5.18%
 166658 32272        0.9375   188        0.9494        0.9006 20142394    5.14%
 172308 35972        0.9052   224        0.9494        0.9021 20543364    4.99%
Elapsed time = 3647.94 sec. (444227.46 ticks, tree = 3051.49 MB, solutions = 67)
Nodefile size = 995.98 MB (840.34 MB after compression)
 177660 38600        0.9402   270        0.9494        0.9026 20853431    4.93%
 183285 43541        0.9304   169        0.9494        0.9040 21403344    4.79%
 188159 46009        cutoff              0.9494        0.9045 21710963    4.73%
 193236 49272        0.9474   144        0.9494        0.9055 22150037    4.62%
 197684 51819        0.9394   157        0.9494        0.9063 22565887    4.54%
 202629 53369        0.9423   275        0.9494        0.9071 22819594    4.46%
 207284 56687        0.9324   363        0.9494        0.9078 23345521    4.38%
 212485 59558        0.9489   154        0.9494        0.9085 23848982    4.30%
 217972 62403        0.9365   239        0.9494        0.9089 24240198    4.26%
 223960 64904        0.9224   196        0.9494        0.9094 24554780    4.22%
Elapsed time = 3955.78 sec. (482382.21 ticks, tree = 5362.79 MB, solutions = 67)
Nodefile size = 3301.09 MB (2769.83 MB after compression)
 229796 68435        0.9436   239        0.9494        0.9098 25013022    4.18%
 235970 72993        cutoff              0.9494        0.9102 25578426    4.13%
 242456 76574        0.9472   156        0.9494        0.9106 25998944    4.09%
 248934 78760        0.9266   278        0.9494        0.9109 26251830    4.06%
 255430 83523        0.9456   284        0.9494        0.9112 26764151    4.03%
 261841 86584        0.9475   193        0.9494        0.9114 27114622    4.00%
 268107 90909        0.9384   109        0.9494        0.9117 27617452    3.97%
 275290 92431        0.9418   155        0.9494        0.9120 27791709    3.94%
*278629+95468                            0.9492        0.9121             3.91%
*279657+94242                            0.9487        0.9121             3.86%
 282040 96852        0.9319   130        0.9487        0.9122 28280675    3.85%
 287635 98767        0.9466   191        0.9487        0.9124 28639857    3.83%
Elapsed time = 4220.72 sec. (520537.63 ticks, tree = 8463.20 MB, solutions = 69)
Nodefile size = 6406.90 MB (5341.28 MB after compression)
 294101 104008        0.9427   214        0.9487        0.9126 29395639    3.80%
 300889 105325        0.9477   269        0.9487        0.9129 29522856    3.78%
 308084 109626        0.9341   212        0.9487        0.9130 29943411    3.76%
 315115 116556        0.9475   214        0.9487        0.9132 30599644    3.75%
 322285 119172        0.9315   130        0.9487        0.9133 30859900    3.73%
 329693 121905        cutoff              0.9487        0.9135 31126611    3.71%
 336876 128397        0.9331   257        0.9487        0.9137 31751814    3.69%
*343045 130859      integral     0        0.9465        0.9138 31984508    3.46%
 344179 132888        0.9400   123        0.9465        0.9138 32190334    3.46%
 352050 119314        0.9361   156        0.9465        0.9139 32391947    3.45%
*356592+123869                            0.9465        0.9140             3.43%
*358603+122377                            0.9460        0.9141             3.38%
 358998 123526        0.9405   138        0.9460        0.9141 32817802    3.37%
Elapsed time = 4496.79 sec. (558692.67 ticks, tree = 10560.73 MB, solutions = 72)
Nodefile size = 8493.42 MB (7032.30 MB after compression)
 366979 123216        0.9445   196        0.9460        0.9143 33217812    3.36%
 374466 128013        0.9382   307        0.9460        0.9144 33673233    3.34%
 381280 132605        0.9442   258        0.9460        0.9145 34115491    3.33%
 388367 135847        0.9402   107        0.9460        0.9147 34419222    3.31%
 394182 142302        0.9228   240        0.9460        0.9148 34992322    3.30%
 399403 144025        0.9266   222        0.9460        0.9149 35218778    3.28%
 404665 148126        0.9277   178        0.9460        0.9151 35809313    3.27%
 410352 152175        0.9342   370        0.9460        0.9152 36322974    3.26%
 415724 155203        0.9433   238        0.9460        0.9153 36711199    3.25%
 421026 157270        0.9174   317        0.9460        0.9154 37050020    3.24%
Elapsed time = 4760.39 sec. (596847.56 ticks, tree = 13302.05 MB, solutions = 72)
Nodefile size = 11250.19 MB (9295.48 MB after compression)
 426710 161874        0.9169   415        0.9460        0.9155 37683599    3.23%
 431936 163145        0.9328   239        0.9460        0.9156 37862789    3.22%
 437323 166358        0.9415    89        0.9460        0.9157 38381809    3.20%
 443274 171008        0.9254   191        0.9460        0.9158 38995657    3.19%
 448909 172762        0.9435   147        0.9460        0.9159 39215981    3.18%
 453942 176675        0.9322   274        0.9460        0.9160 39758981    3.17%
 459330 179123        0.9322   288        0.9460        0.9161 40140909    3.16%
 464852 182541        0.9376   120        0.9460        0.9162 40639871    3.15%
 469906 185604        0.9374   217        0.9460        0.9164 41074547    3.14%
 475663 188481        0.9377   272        0.9460        0.9165 41513300    3.12%
Elapsed time = 5031.03 sec. (635000.88 ticks, tree = 15152.85 MB, solutions = 72)
Nodefile size = 13085.10 MB (10796.78 MB after compression)
 481470 192589        0.9256   277        0.9460        0.9166 42044373    3.11%
 487283 195578        0.9323   215        0.9460        0.9167 42426202    3.10%
 493323 200437        0.9414   189        0.9460        0.9168 43071046    3.09%
 499425 204230        0.9442   159        0.9460        0.9169 43525456    3.08%
 505200 208412        0.9292   283        0.9460        0.9170 44027606    3.07%
*505689+206362                            0.9455        0.9170             3.02%
*506652+204857                            0.9451        0.9170             2.97%
 510721 200925        0.9262   260        0.9451        0.9171 44252725    2.97%
 516888 206189        0.9348   134        0.9451        0.9172 44897729    2.95%
 522881 209790        0.9221   263        0.9451        0.9173 45299173    2.94%
 528891 213159        0.9336   285        0.9451        0.9173 45735199    2.94%
 535319 217132        cutoff              0.9451        0.9174 46192426    2.93%
Elapsed time = 5302.29 sec. (673153.00 ticks, tree = 16888.51 MB, solutions = 74)
Nodefile size = 14830.35 MB (12190.58 MB after compression)
 541711 220384        0.9277   273        0.9451        0.9175 46549778    2.92%
 547903 224217        0.9339   290        0.9451        0.9176 46979469    2.91%
 553726 226315        0.9440   135        0.9451        0.9176 47223966    2.90%
 559820 231150        0.9197   282        0.9451        0.9177 47847198    2.89%
 566104 235173        0.9414   157        0.9451        0.9178 48298178    2.88%
 572184 238184        cutoff              0.9451        0.9179 48645137    2.88%
 577507 240957        0.9269   150        0.9451        0.9180 48999066    2.87%
 583575 243732        0.9352   188        0.9451        0.9181 49366131    2.86%
 589379 247176        0.9321   269        0.9451        0.9181 49758083    2.85%
 594613 251650        0.9321   377        0.9451        0.9182 50300286    2.85%
Elapsed time = 5492.82 sec. (711307.55 ticks, tree = 19473.94 MB, solutions = 74)
Nodefile size = 17417.94 MB (14266.87 MB after compression)
 600174 255467        0.9439   115        0.9451        0.9183 50838578    2.84%
 606048 257459        0.9336   208        0.9451        0.9183 51067398    2.83%
 611284 262085        0.9341   195        0.9451        0.9184 51578033    2.82%
 616447 266446        0.9267   260        0.9451        0.9184 52182168    2.82%
*617304+266494                            0.9444        0.9184             2.75%
*618356+258353                            0.9434        0.9185             2.64%
 621945 243751        0.9384   181        0.9434        0.9185 52423430    2.64%
 627599 247827        0.9297   174        0.9434        0.9185 52928158    2.63%
 632963 250542        0.9285   206        0.9434        0.9186 53283767    2.63%
 638143 253939        0.9271   178        0.9434        0.9187 53758766    2.62%
 643777 256816        0.9203   301        0.9434        0.9187 54184731    2.61%
 649885 259529        0.9319   171        0.9434        0.9188 54527613    2.61%
Elapsed time = 5682.91 sec. (749460.42 ticks, tree = 19648.02 MB, solutions = 76)
Nodefile size = 17580.90 MB (14368.85 MB after compression)
 655328 262973        0.9316   234        0.9434        0.9188 54929795    2.60%
 660205 267689        0.9250   278        0.9434        0.9189 55556928    2.60%
 666110 269558        cutoff              0.9434        0.9190 55857041    2.59%
 671924 273824        0.9210   296        0.9434        0.9190 56386147    2.58%
 677093 277514        0.9371   153        0.9434        0.9191 56866204    2.58%
 682153 281564        0.9340   226        0.9434        0.9191 57466354    2.57%
 687734 283131        0.9303   273        0.9434        0.9192 57669475    2.57%
 693730 286787        0.9404   180        0.9434        0.9193 58125573    2.56%
*697719+288845                            0.9426        0.9193             2.47%
*698661+277399                            0.9426        0.9193             2.47%
*698856+277558                            0.9426        0.9193             2.47%
*699051+290621                            0.9426        0.9193             2.47%
 699216 277874        0.9281   231        0.9426        0.9193 58750728    2.47%
 704746 280833        0.9424   125        0.9426        0.9194 59172975    2.46%
Elapsed time = 5868.99 sec. (787615.17 ticks, tree = 20956.40 MB, solutions = 78)
Nodefile size = 18895.63 MB (15415.58 MB after compression)
 710045 282299        0.9365   162        0.9426        0.9194 59357147    2.46%
 715476 285059        0.9324   158        0.9426        0.9195 59720868    2.45%
 720502 289939        0.9356   103        0.9426        0.9195 60424074    2.44%
 726172 292520        0.9420   156        0.9426        0.9196 60807394    2.44%
 731908 296510        cutoff              0.9426        0.9196 61310641    2.43%
 737508 298529        cutoff              0.9426        0.9197 61585354    2.43%
 742893 302284        0.9299   340        0.9426        0.9197 62103186    2.42%
 748319 304895        0.9234   252        0.9426        0.9198 62485989    2.41%
 753549 308059        0.9370   183        0.9426        0.9199 62914249    2.41%
 758738 312633        0.9324   221        0.9426        0.9199 63621707    2.40%
Elapsed time = 6050.89 sec. (825769.35 ticks, tree = 23061.25 MB, solutions = 78)
Nodefile size = 21020.51 MB (17124.65 MB after compression)
 764431 315380        0.9300   186        0.9426        0.9200 64018169    2.40%
 770230 317561        0.9338   172        0.9426        0.9200 64290654    2.39%
 775850 320422        cutoff              0.9426        0.9201 64700533    2.39%
 780776 325209        0.9205   275        0.9426        0.9201 65355518    2.38%
 786191 326678        0.9407   164        0.9426        0.9202 65586338    2.37%
 791600 330468        0.9365   186        0.9426        0.9202 66119038    2.37%
*792663+331226                            0.9418        0.9202             2.29%
 796814 320856        0.9305   254        0.9418        0.9203 66471331    2.29%
 801788 325092        0.9397   133        0.9418        0.9203 67089296    2.29%
 807895 326890        0.9336   186        0.9418        0.9204 67375442    2.28%
 814031 331144        0.9403   287        0.9418        0.9204 67996479    2.28%
Elapsed time = 6237.97 sec. (863921.29 ticks, tree = 24363.48 MB, solutions = 79)
Nodefile size = 22304.44 MB (18143.29 MB after compression)
 820177 334762        0.9389   133        0.9418        0.9204 68647478    2.27%
 826015 339180        0.9295   231        0.9418        0.9205 69567630    2.27%
 832353 340346        0.9214   290        0.9418        0.9205 69793909    2.26%
 838755 345481        0.9281   279        0.9418        0.9206 70834851    2.26%
 845016 348945        0.9278   229        0.9418        0.9206 71516048    2.25%
 851837 351206        0.9361   231        0.9418        0.9207 71963025    2.25%
 857978 354819        cutoff              0.9418        0.9207 72625536    2.24%
 863714 360196        0.9381   283        0.9418        0.9208 73673558    2.23%
 870343 364171        0.9404   134        0.9418        0.9209 74429987    2.23%
 876817 367555        0.9287   251        0.9418        0.9209 75050663    2.22%
Elapsed time = 6376.71 sec. (902076.51 ticks, tree = 24219.32 MB, solutions = 79)
Nodefile size = 22347.05 MB (18177.43 MB after compression)
 882825 371524        0.9232   312        0.9418        0.9209 75867425    2.22%
 889155 372863        0.9233   305        0.9418        0.9210 76127930    2.21%
 895205 379230        0.9355   237        0.9418        0.9210 77331195    2.21%
 901001 382164        0.9372   176        0.9418        0.9211 77918767    2.20%
 907453 384960        cutoff              0.9418        0.9211 78482037    2.20%
 913751 386968        0.9409   236        0.9418        0.9212 78840599    2.19%
 920175 391506        0.9407   145        0.9418        0.9212 79755894    2.19%
 926364 395921        0.9268   250        0.9418        0.9213 80612125    2.19%
 933044 400072        0.9391   271        0.9418        0.9213 81426550    2.18%
 939107 403047        0.9259   271        0.9418        0.9213 81955291    2.18%
Elapsed time = 6514.99 sec. (940231.65 ticks, tree = 24067.39 MB, solutions = 79)
Nodefile size = 22347.05 MB (18177.43 MB after compression)
 945499 407345        0.9338   257        0.9418        0.9214 82824343    2.17%
 951946 411746        0.9374   159        0.9418        0.9214 83662268    2.17%
 958393 414545        0.9222   245        0.9418        0.9215 84176229    2.16%
 964799 417180        0.9399   160        0.9418        0.9215 84702167    2.16%
 971365 420171        0.9324   290        0.9418        0.9216 85247207    2.15%
 977669 425585        0.9328   267        0.9418        0.9216 86249689    2.15%
 984177 429818        0.9321   202        0.9418        0.9217 87035885    2.14%
 990801 433967        0.9275   362        0.9418        0.9217 87808366    2.14%
 996991 436675        0.9411   278        0.9418        0.9217 88296629    2.14%
 1003437 438862        0.9370   198        0.9418        0.9218 88705560    2.13%
Elapsed time = 6654.79 sec. (978385.87 ticks, tree = 23934.79 MB, solutions = 79)
Nodefile size = 22347.05 MB (18177.43 MB after compression)
 1009736 444149        0.9401   175        0.9418        0.9218 89726048    2.13%
 1016437 447401        0.9375   163        0.9418        0.9219 90360538    2.12%
 1023073 450117        0.9354   232        0.9418        0.9219 90856689    2.12%
 1029727 454100        0.9344   244        0.9418        0.9219 91578737    2.11%
 1036105 460227        0.9364   116        0.9418        0.9220 92699298    2.11%
 1042418 463063        0.9273   219        0.9418        0.9220 93232870    2.10%
 1049026 468369        0.9367   106        0.9418        0.9221 94213308    2.10%
 1055779 471498        0.9326   270        0.9418        0.9221 94806253    2.10%
 1062485 475605        0.9249   310        0.9418        0.9221 95571953    2.09%
 1068649 477046        0.9384   185        0.9418        0.9222 95831143    2.09%
Elapsed time = 6795.67 sec. (1016538.49 ticks, tree = 23817.57 MB, solutions = 79)
Nodefile size = 22347.05 MB (18177.43 MB after compression)
 1074938 483278        cutoff              0.9418        0.9222 97005480    2.08%
 1081558 486538        0.9246   280        0.9418        0.9223 97629552    2.08%
 1088774 490975        0.9252   360        0.9418        0.9223 98408437    2.08%
 1094943 494267    infeasible              0.9418        0.9223 98982827    2.07%
 1101389 496922        0.9387   202        0.9418        0.9224 99495681    2.07%
 1107879 502289        0.9231   297        0.9418        0.9224 1.00e+08    2.06%
 1114196 505384        0.9309   234        0.9418        0.9225 1.01e+08    2.06%
 1119983 507967        0.9386   188        0.9418        0.9225 1.02e+08    2.06%
 1126239 511900        0.9244   258        0.9418        0.9225 1.02e+08    2.05%
 1132661 514549        0.9341   231        0.9418        0.9225 1.03e+08    2.05%
Elapsed time = 6932.20 sec. (1054688.60 ticks, tree = 23818.85 MB, solutions = 79)
Nodefile size = 22347.05 MB (18177.43 MB after compression)
 1139151 519751        0.9369   268        0.9418        0.9226 1.04e+08    2.05%
 1145640 522832        0.9256   309        0.9418        0.9226 1.04e+08    2.04%
 1152183 524707        cutoff              0.9418        0.9226 1.05e+08    2.04%
 1158530 531558        0.9355   222        0.9418        0.9227 1.06e+08    2.04%
 1164897 533956        0.9402   128        0.9418        0.9227 1.07e+08    2.03%
 1171486 535625        0.9418   298        0.9418        0.9227 1.07e+08    2.03%
 1178095 540277        0.9386   212        0.9418        0.9228 1.08e+08    2.02%
 1184771 543281        0.9410    92        0.9418        0.9228 1.08e+08    2.02%
 1191800 550852        0.9261   273        0.9418        0.9228 1.10e+08    2.02%
 1198521 554719        0.9319   187        0.9418        0.9229 1.10e+08    2.01%
Elapsed time = 7069.47 sec. (1092839.36 ticks, tree = 23850.39 MB, solutions = 79)
Nodefile size = 22347.05 MB (18177.43 MB after compression)
 1203962 555455        0.9377   323        0.9418        0.9229 1.10e+08    2.01%

Clique cuts applied:  1126
Implied bound cuts applied:  72
Flow cuts applied:  59
Mixed integer rounding cuts applied:  320
Zero-half cuts applied:  330
Lift and project cuts applied:  76
Gomory fractional cuts applied:  9

Root node processing (before b&c):
  Real time             =  826.32 sec. (63755.43 ticks)
Parallel b&c, 32 threads:
  Real time             = 6255.94 sec. (1033287.61 ticks)
  Sync time (average)   = 2089.73 sec.
  Wait time (average)   =    1.10 sec.
                          ------------
Total (root+branch&cut) = 7082.26 sec. (1097043.05 ticks)
Solution found
