Filter at 1std, 1count, 1%frequency
STD	Number of positions discarded due to coverage deviation: 647
COUNT	Number of nucleotides discarded due to low count: 513
COUNT	Number of columns discarded due to low leading to empty column: 0
FREQ	Number of nucleotides discarded due to low frequency: 69
FREQ	Number of columns discarded due to low frequency leading to empty column: 0
OUT	Number of variable positions: 26
OUT	Number of invariant positions: 4139
OUT	1 kept strains equivalence classes
Filter at 1std, 1 count, 0.5%frequency
STD	Number of positions discarded due to coverage deviation: 647
COUNT	Number of nucleotides discarded due to low count: 513
COUNT	Number of columns discarded due to low leading to empty column: 0
FREQ	Number of nucleotides discarded due to low frequency: 0
FREQ	Number of columns discarded due to low frequency leading to empty column: 0
OUT	Number of variable positions: 95
OUT	Number of invariant positions: 4070
OUT	1 kept strains equivalence classes
Filter at 2std, 1count, 1%frequency
STD	Number of positions discarded due to coverage deviation: 192
COUNT	Number of nucleotides discarded due to low count: 560
COUNT	Number of columns discarded due to low leading to empty column: 0
FREQ	Number of nucleotides discarded due to low frequency: 69
FREQ	Number of columns discarded due to low frequency leading to empty column: 0
OUT	Number of variable positions: 30
OUT	Number of invariant positions: 4590
OUT	1 kept strains equivalence classes
Filter at 2std, 1 count, 0.5%frequency
STD	Number of positions discarded due to coverage deviation: 192
COUNT	Number of nucleotides discarded due to low count: 560
COUNT	Number of columns discarded due to low leading to empty column: 0
FREQ	Number of nucleotides discarded due to low frequency: 0
FREQ	Number of columns discarded due to low frequency leading to empty column: 0
OUT	Number of variable positions: 99
OUT	Number of invariant positions: 4521
OUT	1 kept strains equivalence classes
