Model: Diversity_model_3
 - number of variables: 3597
   - binary=288, integer=1, continuous=3308
 - number of constraints: 3831
   - linear=3831
 - parameters: defaults
CPXPARAM_Read_DataCheck                          1
CPXPARAM_RandomSeed                              201804051
CPXPARAM_MIP_Strategy_LBHeur                     1
CPXPARAM_TimeLimit                               86400
CPXPARAM_MIP_Tolerances_MIPGap                   0.02
Tried aggregator 2 times.
MIP Presolve eliminated 727 rows and 727 columns.
MIP Presolve modified 288 coefficients.
Aggregator did 720 substitutions.
Reduced MIP has 2384 rows, 2150 columns, and 8323 nonzeros.
Reduced MIP has 288 binaries, 0 generals, 720 SOSs, and 0 indicators.
Presolve time = 0.02 sec. (10.33 ticks)
Probing changed sense of 12 constraints.
Probing time = 0.00 sec. (2.76 ticks)
Tried aggregator 2 times.
MIP Presolve eliminated 12 rows and 0 columns.
Aggregator did 36 substitutions.
Reduced MIP has 2336 rows, 2114 columns, and 8215 nonzeros.
Reduced MIP has 276 binaries, 0 generals, 720 SOSs, and 0 indicators.
Presolve time = 0.01 sec. (8.54 ticks)
Probing changed sense of 3 constraints.
Probing time = 0.01 sec. (2.85 ticks)
Clique table members: 132.
MIP emphasis: balance optimality and feasibility.
MIP search method: dynamic search.
Parallel mode: deterministic, using up to 32 threads.
Root relaxation solution time = 0.06 sec. (42.46 ticks)

        Nodes                                         Cuts/
   Node  Left     Objective  IInf  Best Integer    Best Bound    ItCnt     Gap

      0     0        0.8454   238                      0.8454      789         
*     0+    0                            1.4765        0.8454            42.74%
      0     0        0.8454   231        1.4765      Cuts: 81     1516   42.74%
      0     0        0.8454   254        1.4765     Cuts: 121     1789   42.74%
*     0+    0                            1.2929        0.8454            34.61%
      0     0        0.8454   124        1.2929      Cuts: 35     1859   34.61%
      0     0        0.8454   145        1.2929      Cuts: 59     2003   34.61%
*     0+    0                            1.1282        0.8454            25.06%
      0     2        0.8454    81        1.1282        0.8454     2003   25.06%
Elapsed time = 113.92 sec. (628.29 ticks, tree = 0.02 MB, solutions = 3)
*  4120  2869      integral     0        1.1094        0.8454    67079   23.80%
   4313  3225        1.0877    21        1.1094        0.8454    72375   23.80%
*  4667  3609      integral     0        1.0974        0.8454    79895   22.96%
*  4959  3692      integral     0        1.0384        0.8454    81016   18.58%
*  5142+ 1700                            1.0006        0.8454            15.51%
*  5772+ 1700                            0.9850        0.8454            14.17%
*  5777+ 2473                            0.9820        0.8454            13.91%
*  6034+ 2438                            0.9813        0.8454            13.84%
   6191  3810        0.8606   129        0.9813        0.8454   116617   13.84%
*  6282+ 3582                            0.9622        0.8454            12.13%
*  6323+ 3554                            0.9564        0.8454            11.61%
   6491  3081        0.9703     9        0.9564        0.8454   121974   11.61%
*  7226+ 3519                            0.9564        0.8454            11.60%
*  7613  3070      integral     0        0.9366        0.8454   141865    9.74%
   9122  3238        0.8908    95        0.9366        0.8454   166269    9.74%
*  9303  3346      integral     0        0.9206        0.8454   167791    8.17%
  14396  6167        cutoff              0.9206        0.8454   242945    8.17%
* 15601  6578      integral     0        0.9205        0.8454   252266    8.16%
* 15823  6842      integral     0        0.8990        0.8454   256095    5.96%
* 18650+ 5137                            0.8944        0.8454             5.47%
* 18702  5025      integral     0        0.8833        0.8454   295544    4.29%
* 23103+ 4465                            0.8824        0.8454             4.19%
* 24302+ 5276                            0.8824        0.8454             4.19%
* 24891+ 5965                            0.8824        0.8454             4.19%
* 25548  5856      integral     0        0.8819        0.8454   401239    4.14%
* 28202  7479      integral     0        0.8808        0.8454   450808    4.02%
* 28765+ 5509                            0.8804        0.8454             3.97%
* 28765+ 3672                            0.8799        0.8454             3.92%
  28765  3673        0.8454    60        0.8799        0.8454   487671    3.92%
* 28780+ 1851                            0.8786        0.8454             3.78%
  30299   512        0.8777    49        0.8786        0.8454   516155    3.78%
Elapsed time = 620.54 sec. (5285.50 ticks, tree = 0.57 MB, solutions = 108)
* 31482+   28                            0.8776        0.8454             3.67%
  42433  7635        0.8652    52        0.8776        0.8454   689961    3.67%
* 51401 12286      integral     0        0.8768        0.8454   784931    3.58%
  88562 36709        0.8517    66        0.8768        0.8472  1237395    3.38%
* 89255 36577      integral     0        0.8721        0.8472  1234806    2.86%
* 89323 23042      integral     0        0.8716        0.8472  1263465    2.80%
*109941 32036      integral     0        0.8713        0.8472  1465162    2.77%
 120328 37352        0.8697    72        0.8713        0.8472  1595860    2.77%
*139291 48188      integral     0        0.8712        0.8472  1804327    2.75%
*141015+44517                            0.8687        0.8472             2.48%
*142130+49372                            0.8683        0.8472             2.43%
 142133 49214        0.8616    44        0.8683        0.8472  1826087    2.43%
*142136+49163                            0.8678        0.8472             2.38%
*142143+49176                            0.8669        0.8472             2.28%
 142145 32212        cutoff              0.8669        0.8472  1165886    2.28%

Flow cuts applied:  11
Mixed integer rounding cuts applied:  3
Gomory fractional cuts applied:  6

Root node processing (before b&c):
  Real time             =  100.16 sec. (630.73 ticks)
Parallel b&c, 32 threads:
  Real time             =  633.66 sec. (13394.63 ticks)
  Sync time (average)   =  257.41 sec.
  Wait time (average)   =    0.78 sec.
                          ------------
Total (root+branch&cut) =  733.82 sec. (14025.36 ticks)
Solution found
