Model: Diversity_model_3
 - number of variables: 56137
   - binary=47372, integer=2, continuous=8763
 - number of constraints: 142117
   - linear=142117
 - parameters: defaults
CPXPARAM_Read_DataCheck                          1
CPXPARAM_RandomSeed                              201804051
CPXPARAM_MIP_Strategy_LBHeur                     1
CPXPARAM_TimeLimit                               86400
CPXPARAM_MIP_Tolerances_MIPGap                   0.02
Tried aggregator 2 times.
MIP Presolve eliminated 1854 rows and 1848 columns.
MIP Presolve modified 920 coefficients.
Aggregator did 25067 substitutions.
Reduced MIP has 115196 rows, 29222 columns, and 300612 nonzeros.
Reduced MIP has 24146 binaries, 0 generals, 1840 SOSs, and 0 indicators.
Presolve time = 2.00 sec. (856.57 ticks)
Probing changed sense of 91 constraints.
Probing time = 3.37 sec. (86.40 ticks)
Tried aggregator 2 times.
MIP Presolve eliminated 9443 rows and 1531 columns.
MIP Presolve modified 6 coefficients.
Aggregator did 180 substitutions.
Reduced MIP has 105573 rows, 27511 columns, and 274983 nonzeros.
Reduced MIP has 22526 binaries, 0 generals, 1840 SOSs, and 0 indicators.
Presolve time = 3.36 sec. (1308.68 ticks)
Probing time = 11.34 sec. (72.24 ticks)
Clique table members: 165048.
MIP emphasis: balance optimality and feasibility.
MIP search method: dynamic search.
Parallel mode: deterministic, using up to 32 threads.
Root relaxation solution time = 64.16 sec. (1941.31 ticks)

        Nodes                                         Cuts/
   Node  Left     Objective  IInf  Best Integer    Best Bound    ItCnt     Gap

      0     0        0.1186 11773                      0.1186       45         
      0     0        0.1186  6894                  Cuts: 9629     4294         
      0     0        0.1186  7438                  Cuts: 9987     9158         
*     0+    0                            3.5616        0.1186            96.67%
      0     0        0.1186  5177        3.5616    Cuts: 2689    12101   96.67%
*     0+    0                            3.2525        0.1186            96.35%
      0     0        0.1186  6377        3.2525    Cuts: 6488    18602   96.35%
Heuristic still looking.
*     0+    0                            0.6396        0.1186            81.46%
*     0+    0                            0.6391        0.1186            81.44%

Repeating presolve.
Tried aggregator 2 times.
MIP Presolve eliminated 81698 rows and 19366 columns.
MIP Presolve modified 1412 coefficients.
Aggregator did 93 substitutions.
Reduced MIP has 23782 rows, 8052 columns, and 68888 nonzeros.
Reduced MIP has 3160 binaries, 0 generals, 1840 SOSs, and 0 indicators.
Presolve time = 0.38 sec. (204.96 ticks)
Probing time = 0.44 sec. (100.55 ticks)
Tried aggregator 1 time.
MIP Presolve eliminated 991 rows and 109 columns.
MIP Presolve modified 2229 coefficients.
Reduced MIP has 22791 rows, 7943 columns, and 66133 nonzeros.
Reduced MIP has 3051 binaries, 0 generals, 1840 SOSs, and 0 indicators.
Presolve time = 0.20 sec. (114.85 ticks)
Probing time = 0.04 sec. (8.57 ticks)
Tried aggregator 1 time.
MIP Presolve modified 1412 coefficients.
Reduced MIP has 22791 rows, 7943 columns, and 66133 nonzeros.
Reduced MIP has 3051 binaries, 0 generals, 1840 SOSs, and 0 indicators.
Presolve time = 0.16 sec. (97.66 ticks)
Represolve time = 2.32 sec. (2990.49 ticks)
Probing time = 0.04 sec. (8.11 ticks)
Clique table members: 36780.
MIP emphasis: balance optimality and feasibility.
MIP search method: dynamic search.
Parallel mode: deterministic, using up to 32 threads.
Root relaxation solution time = 85.08 sec. (1150.63 ticks)

        Nodes                                         Cuts/
   Node  Left     Objective  IInf  Best Integer    Best Bound    ItCnt     Gap

*     0+    0                            0.6391        0.1186            81.44%
      0     0        0.1186  1771        0.6391        0.1186    26599   81.44%
      0     0        0.1234  1637        0.6391    Cuts: 2374    32912   80.68%
      0     0        0.1245  1604        0.6391    Cuts: 1444    35294   80.52%
      0     0        0.1252  1555        0.6391    Cuts: 1059    38187   80.41%
      0     0        0.1258  1613        0.6391    Cuts: 1181    41484   80.31%
      0     0        0.1268  1549        0.6391    Cuts: 1287    43870   80.16%
      0     0        0.1275  1523        0.6391     Cuts: 888    46384   80.05%
      0     0        0.1280  1529        0.6391    Cuts: 1081    48311   79.98%
      0     0        0.1282  1580        0.6391     Cuts: 777    49716   79.95%
      0     0        0.1284  1531        0.6391     Cuts: 874    50700   79.91%
      0     0        0.1285  1579        0.6391     Cuts: 438    52115   79.89%
      0     0        0.1286  1627        0.6391     Cuts: 572    53590   79.88%
      0     0        0.1287  1525        0.6391     Cuts: 767    55568   79.87%
      0     0        0.1287  1525        0.6391     Cuts: 559    57469   79.86%
      0     0        0.1288  1524        0.6391     Cuts: 660    59046   79.85%
*     0+    0                            0.6388        0.1288            79.85%
*     0+    0                            0.6365        0.1288            79.77%
*     0+    0                            0.6355        0.1288            79.74%
*     0+    0                            0.6321        0.1288            79.63%
      0     2        0.1288  1379        0.6321        0.1288    59046   79.63%
Elapsed time = 816.01 sec. (118590.93 ticks, tree = 0.02 MB, solutions = 8)
      1     3        0.1640  1641        0.6321        0.1288    66157   79.63%
*     3+    2                            0.6319        0.1288            79.62%
      3     4        0.1640  1641        0.6319        0.1288    66163   79.62%
      5     7        0.2167  1505        0.6319        0.1288    67396   79.62%
     11     7        0.3200  1508        0.6319        0.1288    68190   79.62%
     16    18        0.4149  1348        0.6319        0.1288    73580   79.62%
     29    22        0.6097  1342        0.6319        0.1288    74724   79.62%
*    37+   20                            0.6316        0.1288            79.61%
     43    28        0.4149  1353        0.6316        0.1288    77374   79.61%
     68    46        0.4633  1322        0.6316        0.1288    96302   79.61%
     80    59        cutoff              0.6316        0.1288   106122   79.61%
    118    78        0.3201  1464        0.6316        0.1288   128227   79.61%
Elapsed time = 842.57 sec. (125058.07 ticks, tree = 0.16 MB, solutions = 15)
    205   121        0.6101  1392        0.6316        0.1288   222418   79.61%
*   217+   28                            0.6316        0.1288            79.61%
    269   145        0.3222  1514        0.6316        0.1288   282332   79.61%
*   404+   25                            0.6311        0.1288            79.60%
    499   200        0.6149  1339        0.6311        0.1288   361550   79.60%
    801   337        0.6102  1452        0.6311        0.1288   427526   79.60%
   1161   559        0.2812  1482        0.6311        0.1288   523744   79.60%
   1740   788        0.6289   994        0.6311        0.1288   583213   79.60%
   2375  1066        cutoff              0.6311        0.1288   632072   79.60%
   2841  1340        cutoff              0.6311        0.1288   701942   79.60%
   3459  1573        0.5313  1145        0.6311        0.1288   769180   79.60%
   4360  1989        0.5514  1115        0.6311        0.1288   862702   79.59%
Elapsed time = 909.83 sec. (134629.41 ticks, tree = 106.48 MB, solutions = 17)
   5345  2224        0.6260  1266        0.6311        0.1288   921430   79.59%
   5943  2683        0.3647  1467        0.6311        0.1288   989893   79.59%
   6584  3446        0.5454  1393        0.6311        0.1288  1124847   79.59%
   7052  3241        0.3745  1395        0.6311        0.1289  1091924   79.58%
   7646  4073        0.6120   894        0.6311        0.1289  1245667   79.58%
   8100  4422        0.4427  1305        0.6311        0.1289  1285591   79.57%
   8114  4378        0.6187  1467        0.6311        0.1289  1287641   79.57%
*  8116+ 3304                            0.6210        0.1297            79.12%
*  8116+ 2202                            0.6148        0.1299            78.88%
*  8116+ 1468                            0.4876        0.1300            73.34%
*  8116+  978                            0.4451        0.1301            70.78%
*  8116+  652                            0.4446        0.1301            70.74%
*  8116+  434                            0.4440        0.1301            70.70%
*  8116+  289                            0.4374        0.1301            70.26%
*  8116+  192                            0.4217        0.1301            69.15%
*  8116+  128                            0.4215        0.1301            69.12%
*  8116+   85                            0.4214        0.1305            69.04%
*  8116+   56                            0.4208        0.1305            68.99%
*  8116+   37                            0.4196        0.1305            68.91%
*  8116+   24                            0.4190        0.1305            68.86%
*  8116+   16                            0.4188        0.1307            68.80%
*  8116+   10                            0.4185        0.1307            68.78%
*  8116+    6                            0.4182        0.1308            68.73%
*  8116+    4                            0.4175        0.1308            68.67%
   8116     5        0.1308  1644        0.4175        0.1308  1485083   68.67%
   8117     5        0.1311  1607        0.4175        0.1308  1488145   68.67%
   8120     4        0.1308  1620        0.4175        0.1308  1485291   68.67%
Elapsed time = 1246.49 sec. (239424.64 ticks, tree = 0.17 MB, solutions = 34)
   8122     4        0.1660  1606        0.4175        0.1308  1492308   68.67%
   8135    11        0.1521  1514        0.4175        0.1308  1500488   68.67%
   8180    24        cutoff              0.4175        0.1308  1519293   68.67%
   8286    80        0.3557   917        0.4175        0.1308  1561440   68.67%
   8483   175        0.3366   815        0.4175        0.1308  1607583   68.67%
   8783   388        0.3199   925        0.4175        0.1308  1660944   68.67%
*  8911+  469                            0.4170        0.1308            68.62%
   9023   644        0.4136   631        0.4170        0.1308  1751850   68.62%
   9284   902        0.3398   783        0.4170        0.1308  1833991   68.62%
   9499  1079        0.2876   875        0.4170        0.1308  1879744   68.62%
   9885  1230        0.3337   639        0.4170        0.1308  1926733   68.62%
Elapsed time = 1316.72 sec. (249371.82 ticks, tree = 57.98 MB, solutions = 35)
  10516  1516        0.3732   508        0.4170        0.1308  1970067   68.62%
  11413  2003        0.3821   344        0.4170        0.1308  2052258   68.62%
  12395  3141        0.3267   759        0.4170        0.1308  2146698   68.62%
  13811  3957        0.2961   937        0.4170        0.1308  2213883   68.62%
  14997  4644        0.3825   403        0.4170        0.1308  2245847   68.62%
  15602  6026        0.3891   367        0.4170        0.1308  2315648   68.62%
  16470  6945        0.2948   891        0.4170        0.1308  2396127   68.62%
  17387  7669        0.2727  1020        0.4170        0.1308  2474127   68.62%
  18426  8480        0.4017   467        0.4170        0.1308  2536941   68.62%
  19449  9001        0.4008   718        0.4170        0.1308  2594320   68.62%
Elapsed time = 1358.58 sec. (258914.96 ticks, tree = 1216.90 MB, solutions = 35)
  20602 10425        0.4069   747        0.4170        0.1308  2701726   68.62%
  21627 11125        0.2722  1404        0.4170        0.1308  2766639   68.62%
  22314 11728        0.3235   789        0.4170        0.1308  2805497   68.62%
  23059 12238        0.3896   682        0.4170        0.1312  2872536   68.53%
  23718 13385        0.3920   511        0.4170        0.1312  3009440   68.53%
  24454 13763        cutoff              0.4170        0.1312  3049239   68.53%
  25501 14745        0.3913   548        0.4170        0.1312  3131075   68.53%
  26569 15837        0.3361   767        0.4170        0.1312  3220284   68.53%
  27868 16230        0.3956   956        0.4170        0.1312  3259498   68.53%
  29322 17737        0.2838   958        0.4170        0.1312  3355023   68.53%
Elapsed time = 1402.13 sec. (268463.65 ticks, tree = 2613.27 MB, solutions = 35)
Nodefile size = 560.21 MB (496.06 MB after compression)
  30267 18124        0.4156   530        0.4170        0.2720  3377256   34.77%
  31240 19486        0.4164   582        0.4170        0.2720  3464712   34.77%
  32017 20201        0.3233   824        0.4170        0.2720  3537894   34.77%
  32968 21261        0.3846   594        0.4170        0.2720  3615735   34.77%
  34377 21740        0.3467   812        0.4170        0.2720  3655348   34.77%
  35543 23090        0.4026   726        0.4170        0.2720  3744505   34.77%
  36485 24685        0.4036   976        0.4170        0.2720  3865610   34.77%
  37536 25088        0.3965   280        0.4170        0.2720  3884036   34.77%
  38562 26354        0.3236   846        0.4170        0.2720  3988382   34.77%
  39614 27431        0.2730  1345        0.4170        0.2720  4070128   34.77%
Elapsed time = 1448.49 sec. (278006.25 ticks, tree = 4179.53 MB, solutions = 35)
Nodefile size = 2125.91 MB (1914.95 MB after compression)
  40800 27645        0.3390   802        0.4170        0.2720  4092965   34.77%
  42155 28825        0.4152   544        0.4170        0.2720  4175434   34.77%
  43272 29364        0.2730  1242        0.4170        0.2720  4196324   34.77%
  44143 30442        0.3917   997        0.4170        0.2720  4282823   34.77%
  45316 31828        0.4139   684        0.4170        0.2720  4381956   34.76%
  46899 33387        0.3265   832        0.4170        0.2720  4500261   34.76%
  47898 33712        0.3440   562        0.4170        0.2720  4536782   34.76%
  48394 35303        0.3925   933        0.4170        0.2720  4626233   34.76%
  49426 35876        cutoff              0.4170        0.2721  4665848   34.74%
  50816 36726        0.2752  1302        0.4170        0.2721  4741749   34.74%
Elapsed time = 1492.03 sec. (287557.83 ticks, tree = 5689.03 MB, solutions = 35)
Nodefile size = 3634.05 MB (3324.86 MB after compression)
  52112 38194        0.4100   530        0.4170        0.2721  4822798   34.74%
  53596 39810        0.3665   698        0.4170        0.2721  4918300   34.74%
  54871 39757        0.3891   394        0.4170        0.2721  4909311   34.74%
  56031 40421        0.4044   595        0.4170        0.2721  4958983   34.73%
  57728 42602        0.3608   667        0.4170        0.2721  5092586   34.73%
  59501 44058        0.3139   898        0.4170        0.2721  5198716   34.73%
  60623 44829        0.3227   910        0.4170        0.2721  5234533   34.73%
  61219 46947        0.3678   798        0.4170        0.2721  5334441   34.73%
* 61830+45228                            0.4069        0.2721            33.12%
  62026 46922        0.4044   328        0.4069        0.2721  5319599   33.12%
* 62113+45228                            0.4065        0.2721            33.05%
* 62193+45058                            0.4049        0.2721            32.79%
  62688 47974        0.4026   252        0.4049        0.2721  5384171   32.79%
Elapsed time = 1540.87 sec. (297102.32 ticks, tree = 7638.83 MB, solutions = 37)
Nodefile size = 5565.59 MB (5097.57 MB after compression)
* 63099+38405                            0.3993        0.2721            31.85%
* 63109+38493                            0.3989        0.2721            31.78%
  63109 39437        0.2725  1402        0.3989        0.2721  5416314   31.78%
* 63234+38746                            0.3982        0.2721            31.66%
  63693 34105        0.3964   396        0.3982        0.2721  5475414   31.66%
  64622 33757        0.3945   355        0.3982        0.2721  5485903   31.66%
* 65260+34063                            0.3981        0.2721            31.65%
  65696 34404        0.3916   856        0.3981        0.2721  5554017   31.65%
  66600 35888        0.3710   783        0.3981        0.2721  5701956   31.65%
* 67106+34441                            0.3981        0.2721            31.65%
  67589 35608        0.2746  1370        0.3981        0.2721  5674251   31.65%
  68215 36978        0.2724   967        0.3981        0.2721  5817914   31.65%
  68726 37107        0.3888   766        0.3981        0.2721  5835306   31.65%
  69478 38143        0.3531   913        0.3981        0.2722  5934664   31.64%
  74954 42124        cutoff              0.3981        0.2722  6220133   31.64%
Elapsed time = 1592.15 sec. (309522.37 ticks, tree = 6548.76 MB, solutions = 62)
Nodefile size = 4487.27 MB (4129.29 MB after compression)
  80926 46726        0.3883   650        0.3981        0.2722  6512905   31.64%
  86587 51611        0.3390   809        0.3981        0.2722  6814874   31.64%
  92862 57752        0.2723   998        0.3981        0.2722  7207021   31.63%
  99365 63015        0.2953  1332        0.3981        0.2722  7498809   31.63%
 106099 69468        0.2723  1471        0.3981        0.2722  7841433   31.63%
 111152 73499        0.3969   295        0.3981        0.2722  8050561   31.63%
 111207 76506        0.1312  1457        0.3981        0.2722  8288003   31.63%
 111208 76506        0.1316  1436        0.3981        0.2722  8297453   31.63%
 111216 36433        0.1329  1335        0.3981        0.2722  8303175   31.63%
*111235+ 1913                            0.3979        0.2722            31.58%
 111740   135        0.2729   929        0.3979        0.2722  8411531   31.58%
Elapsed time = 2020.40 sec. (403744.72 ticks, tree = 9.31 MB, solutions = 63)
*111790+   14                            0.3975        0.2722            31.51%
 115385  3539        0.2723   901        0.3975        0.2722  8663378   31.51%
 120656  7860        0.3080   746        0.3975        0.2722  8858894   31.51%
 125024 12148        0.3770   305        0.3975        0.2722  9073231   31.51%
 128283 15233        0.3252   821        0.3975        0.2722  9311555   31.51%
 130937 17247        0.3512   520        0.3975        0.2722  9479972   31.51%
 133228 19688        0.3140   712        0.3975        0.2722  9693662   31.51%
 135074 21284        0.3958   635        0.3975        0.2722  9904369   31.51%
 137019 22526        0.3059  1270        0.3975        0.2722 10053693   31.51%
 138673 24440        0.3230   780        0.3975        0.2722 10303850   31.51%
 140857 26082        0.3961   616        0.3975        0.2722 10482028   31.51%
Elapsed time = 2379.76 sec. (441899.78 ticks, tree = 3814.83 MB, solutions = 64)
Nodefile size = 1755.99 MB (1541.79 MB after compression)
 142740 27945        0.3972   498        0.3975        0.2722 10683158   31.51%
 144555 29090        0.3678   835        0.3975        0.2722 10828846   31.51%
 147651 31988        0.2881   850        0.3975        0.2722 11068955   31.51%
 150840 34363        0.3704   640        0.3975        0.2722 11260395   31.51%
 154242 37176        0.3845   623        0.3975        0.2722 11447789   31.51%
 157632 41430        0.3655   772        0.3975        0.2722 11682534   31.51%
 161181 43770        0.3828   551        0.3975        0.2723 11818729   31.50%
 164646 47830        0.3940   569        0.3975        0.2723 12057964   31.50%
 168469 51148        0.3922   736        0.3975        0.2723 12236061   31.50%
 172177 53720        0.3871   336        0.3975        0.2723 12363145   31.50%
Elapsed time = 2696.08 sec. (480055.72 ticks, tree = 8031.14 MB, solutions = 64)
Nodefile size = 5954.45 MB (5374.58 MB after compression)
 175383 57361        0.3807   642        0.3975        0.2723 12555942   31.50%
 178454 59174        cutoff              0.3975        0.2723 12669611   31.50%
 181466 63401        0.3621   524        0.3975        0.2723 12956811   31.50%
 184651 65964        0.3877   353        0.3975        0.2723 13148318   31.50%
 187664 67492        0.3842   720        0.3975        0.2723 13253870   31.50%
 190354 70331        0.2866   839        0.3975        0.2723 13458925   31.50%
 193703 74279        0.2735   953        0.3975        0.2723 13728131   31.50%
 196375 76340        0.3810   613        0.3975        0.2723 13886645   31.50%
 199270 77764        0.3616   602        0.3975        0.2723 14011484   31.50%
 201576 80776        0.2746   991        0.3975        0.2723 14213620   31.50%
Elapsed time = 3014.93 sec. (518216.03 ticks, tree = 12171.31 MB, solutions = 64)
Nodefile size = 10111.38 MB (9176.25 MB after compression)
 203912 82168        0.3665   951        0.3975        0.2723 14327640   31.50%
 206825 83810        0.3599   792        0.3975        0.2723 14483223   31.50%
 209708 86742        0.3683   751        0.3975        0.2723 14691238   31.50%
 212088 88962        0.3286   735        0.3975        0.2723 14821584   31.50%
 214398 91670        0.3822   621        0.3975        0.2723 15017952   31.50%
 216954 93778        0.3951   658        0.3975        0.2723 15207737   31.50%
 221698 96757        0.2821  1245        0.3975        0.2723 15447538   31.50%
 224352 98139        0.3833   748        0.3975        0.2723 15558994   31.50%
 226956 101994        0.3938   555        0.3975        0.2723 15904393   31.50%
 229184 104898        0.3525   721        0.3975        0.2723 16117587   31.50%
Elapsed time = 3343.88 sec. (556373.37 ticks, tree = 15868.99 MB, solutions = 64)
Nodefile size = 13804.48 MB (12576.61 MB after compression)
 231256 106478        0.3904   532        0.3975        0.2723 16244956   31.50%
 234721 108260        0.3967   518        0.3975        0.2723 16392457   31.50%
 238806 108850        0.3693   924        0.3975        0.2723 16471023   31.50%
 241477 114762        0.3274   798        0.3975        0.2723 16908549   31.50%
 244238 116220        0.3719   579        0.3975        0.2723 17030692   31.50%
 246502 119479        0.3942   874        0.3975        0.2723 17240636   31.50%
 248982 121290        0.3117   849        0.3975        0.2723 17373421   31.50%
 253595 122229        0.3654  1035        0.3975        0.2723 17461411   31.50%
 258562 125631        0.3296   814        0.3975        0.2723 17710542   31.50%
*258951+126185                            0.3972        0.2723            31.46%
 262263 132469        0.3360   637        0.3972        0.2723 18165482   31.46%
Elapsed time = 3668.32 sec. (594534.64 ticks, tree = 20107.64 MB, solutions = 65)
Nodefile size = 18038.55 MB (16465.62 MB after compression)
 265408 135629        0.3481   799        0.3972        0.2723 18371531   31.46%
 269351 138506        0.3452   768        0.3972        0.2723 18528819   31.46%
 272890 140816        0.3945   786        0.3972        0.2723 18681098   31.46%
 276439 144806        0.3359  1091        0.3972        0.2723 18944095   31.46%
 279683 148883        0.3722   416        0.3972        0.2723 19176482   31.46%
 283161 150765        0.3256   716        0.3972        0.2723 19323650   31.46%
 286197 154481        0.3867   422        0.3972        0.2723 19519434   31.46%
 288891 156812        0.3841   413        0.3972        0.2723 19673499   31.46%
 291559 157563        0.3250   799        0.3972        0.2723 19727719   31.46%
 294776 162219        0.3555  1090        0.3972        0.2723 20002008   31.46%
Elapsed time = 3942.51 sec. (632695.22 ticks, tree = 24744.55 MB, solutions = 65)
Nodefile size = 22676.05 MB (20719.56 MB after compression)
 299554 163167        0.2802   942        0.3972        0.2723 20058736   31.46%
 304052 164739        0.3891   787        0.3972        0.2723 20173114   31.46%
 307255 171679        0.2802   948        0.3972        0.2723 20700909   31.46%
 310931 174318        0.3928   701        0.3972        0.2723 20873057   31.46%
 314589 180468        cutoff              0.3972        0.2723 21178998   31.46%
*315252+176677                            0.3971        0.2723            31.42%
 317593 180483        0.3297   631        0.3971        0.2723 21177073   31.42%
 319501 183642        0.3716   706        0.3971        0.2723 21416335   31.42%
 321660 185030        0.2824  1266        0.3971        0.2723 21524874   31.42%
 324231 188426        0.3512   798        0.3971        0.2723 21795641   31.42%
 330223 189612        0.3924   640        0.3971        0.2723 21882952   31.42%
Elapsed time = 4228.65 sec. (670855.56 ticks, tree = 29052.67 MB, solutions = 66)
Nodefile size = 26966.72 MB (24658.96 MB after compression)
 335759 197007        0.3712   975        0.3971        0.2723 22327101   31.42%
 340070 199717        0.3917   843        0.3971        0.2723 22479388   31.42%
 343538 204003        0.3782   570        0.3971        0.2723 22702130   31.42%
 347498 206880        0.3665   464        0.3971        0.2723 22864077   31.42%
 351683 208959        0.3669   589        0.3971        0.2723 22985729   31.42%
 355864 212672        0.3841   246        0.3971        0.2723 23145011   31.42%
 359474 219305        0.3617   571        0.3971        0.2723 23482142   31.42%
 363608 222810        0.3851   669        0.3971        0.2723 23671897   31.42%
 368001 224937        0.3271   727        0.3971        0.2723 23775437   31.42%
 372566 227355        0.2724   957        0.3971        0.2723 23906185   31.42%
Elapsed time = 4535.81 sec. (709011.94 ticks, tree = 35010.12 MB, solutions = 66)
Nodefile size = 32924.57 MB (30002.68 MB after compression)
 376288 232975        0.2830   833        0.3971        0.2723 24235776   31.42%
 379639 238544        0.3871   728        0.3971        0.2723 24542699   31.42%
 383140 240558        0.3564   816        0.3971        0.2723 24682525   31.42%
 386617 241862        0.3811   728        0.3971        0.2723 24756859   31.42%
 389808 245874        0.3542   779        0.3971        0.2723 24961761   31.42%
 394406 250643        0.3758   667        0.3971        0.2723 25240754   31.42%
 400399 250990        0.3742   544        0.3971        0.2723 25264885   31.42%
 403567 256307        0.2723   929        0.3971        0.2723 25601575   31.42%
 406785 260957        0.2731   910        0.3971        0.2723 25900168   31.42%
 410859 264394        0.3425   658        0.3971        0.2723 26111174   31.42%
Elapsed time = 4821.39 sec. (747164.96 ticks, tree = 40854.58 MB, solutions = 66)
Nodefile size = 38777.32 MB (35264.35 MB after compression)
 414891 270340        0.3664   822        0.3971        0.2723 26375025   31.42%
 418208 273726        0.3963   218        0.3971        0.2723 26573231   31.42%
 421261 274162        0.3195   842        0.3971        0.2723 26604947   31.42%
 424580 278870        0.3715   896        0.3971        0.2723 26943151   31.42%
 427818 281051        0.3858   490        0.3971        0.2723 27058176   31.42%
 432712 283365        0.3970   607        0.3971        0.2723 27207300   31.42%
 439474 286096        0.3004   756        0.3971        0.2723 27360902   31.41%
*442118+287885                            0.3969        0.2723            31.38%
 444272 295588        0.3810   775        0.3969        0.2723 27859622   31.38%
 448102 295661        0.2798   835        0.3969        0.2723 27868693   31.38%
 453177 301231        0.3425   632        0.3969        0.2723 28171951   31.38%
Elapsed time = 5099.93 sec. (785325.54 ticks, tree = 46680.30 MB, solutions = 67)
Nodefile size = 44596.14 MB (40462.99 MB after compression)
 457801 303212        0.2792  1246        0.3969        0.2723 28240238   31.38%
 462549 311834        0.2738   884        0.3969        0.2723 28621643   31.38%
 466433 314086        0.3816   700        0.3969        0.2723 28717819   31.38%
 470706 318356        0.2788   846        0.3969        0.2723 28941038   31.38%
 475304 323369        0.2742   902        0.3969        0.2723 29211535   31.38%
 479989 324549        0.3706   459        0.3969        0.2723 29254713   31.38%
 485052 330343        0.3447   775        0.3969        0.2723 29546846   31.38%
 490151 333443        0.3504   914        0.3969        0.2723 29681406   31.38%
 495161 340319        0.3765   620        0.3969        0.2723 30007489   31.38%
 498645 346583        0.3729   741        0.3969        0.2723 30300436   31.38%
Elapsed time = 5403.11 sec. (823478.12 ticks, tree = 53854.04 MB, solutions = 67)
Nodefile size = 51785.17 MB (46872.51 MB after compression)
 502714 349099        0.3875   629        0.3969        0.2723 30439806   31.38%
 506544 349946        0.3833   675        0.3969        0.2723 30465372   31.38%
 509617 356380        0.3582   832        0.3969        0.2723 30797024   31.38%
 512682 357211        0.3809   746        0.3969        0.2723 30836159   31.38%
 517048 361271        0.3723   595        0.3969        0.2723 31050783   31.38%
*518442+361817                            0.3943        0.2723            30.93%
 525155 362663        0.3825   691        0.3943        0.2723 31137804   30.93%
 531170 343129        0.3732   610        0.3943        0.2723 31338158   30.93%
*531615+347824                            0.3941        0.2723            30.90%
*532832+351689                            0.3870        0.2723            29.64%
 535168 293961        0.3841   478        0.3870        0.2723 31757216   29.64%
 539506 298473        0.3655   933        0.3870        0.2723 32041923   29.64%
*540518+296181                            0.3870        0.2723            29.62%
 543195 299500        0.3676   618        0.3870        0.2723 32119868   29.62%
Elapsed time = 5654.64 sec. (861634.98 ticks, tree = 46417.98 MB, solutions = 72)
Nodefile size = 44332.57 MB (40235.24 MB after compression)
*545411+303303                            0.3868        0.2723            29.59%
*546184+303504                            0.3866        0.2723            29.55%
*546599+301094                            0.3849        0.2723            29.24%
 547197 303796        0.3749   571        0.3849        0.2723 32345890   29.24%
*548368+289437                            0.3847        0.2723            29.21%
*549117+288823                            0.3845        0.2723            29.17%
*549853+303238                            0.3844        0.2723            29.15%
*551457+288321                            0.3838        0.2723            29.03%
 551959 287720        0.3746   441        0.3838        0.2723 32478886   29.03%
 557242 286690        0.3106   829        0.3838        0.2723 32655241   29.03%
*560094+286052                            0.3812        0.2723            28.55%
 561993 272045        0.3208   791        0.3812        0.2723 32864420   28.55%
*562232+271920                            0.3804        0.2723            28.41%
*564600+270853                            0.3803        0.2723            28.40%
 565890 269944        0.3266   725        0.3803        0.2723 32974974   28.40%
*568338+273415                            0.3803        0.2723            28.39%
 570276 273166        0.3721   279        0.3803        0.2723 33153949   28.39%
*572150+275809                            0.3789        0.2723            28.13%
*572936+267129                            0.3789        0.2723            28.11%
*573065+273476                            0.3762        0.2723            27.60%
*574127+250872                            0.3729        0.2723            26.97%
*575206+233964                            0.3728        0.2723            26.95%
 576301 267138        0.3617   795        0.3728        0.2723 33322125   26.95%
*578341+234158                            0.3727        0.2723            26.94%
 584193 234749        0.3673   585        0.3727        0.2723 33422163   26.94%
*585196+235786                            0.3727        0.2723            26.93%
*585994+240871                            0.3726        0.2723            26.91%
*587789+244400                            0.3726        0.2723            26.90%
 588088 244980        0.3511   776        0.3726        0.2723 34041298   26.90%
*588098+244849                            0.3724        0.2723            26.86%
 591330 245483        0.3661   929        0.3724        0.2723 34145789   26.86%
Elapsed time = 5886.15 sec. (899788.08 ticks, tree = 37904.24 MB, solutions = 101)
Nodefile size = 35833.82 MB (32623.41 MB after compression)
*594600+246148                            0.3724        0.2723            26.86%
 594682 247089        0.3719   923        0.3724        0.2723 34237242   26.86%
*594981+249550                            0.3723        0.2723            26.85%
*595268+247055                            0.3713        0.2723            26.65%
*595691+243447                            0.3712        0.2724            26.63%
*596235+243688                            0.3712        0.2724            26.63%
 597670 243328        0.3622   707        0.3712        0.2724 34451197   26.63%
 600668 246299        0.3352   777        0.3712        0.2724 34635662   26.63%
 603016 249650        0.3105   862        0.3712        0.2724 34835320   26.63%
*604347+250338                            0.3708        0.2724            26.56%
*605619+250427                            0.3703        0.2724            26.46%
 607036 246246        0.3685   926        0.3703        0.2724 34967737   26.46%
 613097 247408        0.3700   663        0.3703        0.2724 35049473   26.46%
 617548 253603        0.3584   778        0.3703        0.2724 35461024   26.46%
*619984+258583                            0.3686        0.2724            26.11%
 620292 248544        0.2898   870        0.3686        0.2724 35791558   26.11%
 622997 248717        0.3617   420        0.3686        0.2724 35795679   26.11%
*624917+250461                            0.3685        0.2724            26.09%
 626304 251868        0.2795   951        0.3685        0.2724 36065321   26.09%
Elapsed time = 6124.98 sec. (937946.34 ticks, tree = 38919.51 MB, solutions = 113)
Nodefile size = 36845.10 MB (33559.37 MB after compression)
 629715 255221        0.3393   536        0.3685        0.2724 36287691   26.09%
 633292 256122        cutoff              0.3685        0.2724 36342625   26.09%
 637368 261945        0.3651   462        0.3685        0.2724 36632177   26.09%
*639013+262526                            0.3678        0.2724            25.94%
 644506 260447        0.3630   674        0.3678        0.2724 36767390   25.94%
*648370+261409                            0.3677        0.2724            25.93%
*649475+264936                            0.3677        0.2724            25.93%
 650956 267699        0.3394   548        0.3677        0.2724 37172123   25.93%
*650970+266348                            0.3677        0.2724            25.93%
*653466+267352                            0.3674        0.2724            25.87%
 654326 267838        0.3334   790        0.3674        0.2724 37179973   25.87%
*654957+271047                            0.3674        0.2724            25.86%
 657692 272738        0.3583   330        0.3674        0.2724 37546953   25.86%
 661043 274867        0.3505   744        0.3674        0.2724 37682710   25.86%
 663982 278851        0.3615   559        0.3674        0.2724 37877144   25.86%
 667020 280507        0.3549   870        0.3674        0.2724 37967643   25.86%
Elapsed time = 6363.23 sec. (976108.85 ticks, tree = 43456.22 MB, solutions = 119)
Nodefile size = 41381.12 MB (37719.53 MB after compression)
*669094+282045                            0.3655        0.2724            25.47%
*670495+270857                            0.3651        0.2724            25.41%
 671875 268947        0.3523   789        0.3651        0.2724 38189463   25.41%
*678223+271229                            0.3647        0.2724            25.32%
 678377 270887        0.3482  1263        0.3647        0.2724 38296640   25.32%
*681567+272418                            0.3647        0.2724            25.31%
*682395+276268                            0.3647        0.2724            25.30%
*682494+275997                            0.3647        0.2724            25.30%
*682705+277058                            0.3647        0.2724            25.30%
 683127 273749        0.3612   306        0.3647        0.2724 38624681   25.30%
 686623 277750        0.3464   621        0.3647        0.2724 38888214   25.30%
*689502+282159                            0.3646        0.2724            25.30%
 689927 280461        0.3154   805        0.3646        0.2724 39015364   25.30%
*690442+283476                            0.3646        0.2724            25.28%
 692861 284360        0.3576   526        0.3646        0.2724 39247796   25.28%
*693673+283639                            0.3645        0.2724            25.28%
 696028 286501        0.2752   915        0.3645        0.2724 39388577   25.28%
*697894+287008                            0.3643        0.2724            25.22%
 700425 288873        0.2834   925        0.3643        0.2724 39520842   25.22%
 706544 289554        0.3196   807        0.3643        0.2724 39675082   25.22%
 710403 298338        0.3590   604        0.3643        0.2724 40237925   25.22%
Elapsed time = 6600.45 sec. (1014262.96 ticks, tree = 46285.92 MB, solutions = 130)
Nodefile size = 44213.32 MB (40329.03 MB after compression)
*711492+296803                            0.3636        0.2724            25.09%
 712862 299332        0.2761   926        0.3636        0.2724 40313848   25.09%
*712933+296315                            0.3636        0.2724            25.08%
 715009 296633        0.3481   768        0.3636        0.2724 40453914   25.08%
 717479 299202        0.3632   566        0.3636        0.2724 40636615   25.08%
 722229 301736        0.3057   907        0.3636        0.2724 40812006   25.08%
 729242 305031        0.3116   893        0.3636        0.2724 41006551   25.08%
 734178 310695        0.3286   784        0.3636        0.2724 41312097   25.08%
 737456 316570        0.3357   779        0.3636        0.2724 41612946   25.08%
 740376 319891        0.3569   636        0.3636        0.2724 41812727   25.08%
 743028 320024        0.3550   632        0.3636        0.2724 41818104   25.08%
 746508 322694        0.3430   575        0.3636        0.2724 41969569   25.08%
Elapsed time = 6840.28 sec. (1052417.05 ticks, tree = 50139.92 MB, solutions = 132)
Nodefile size = 48048.78 MB (43817.51 MB after compression)
*752274+324557                            0.3636        0.2724            25.08%
 752472 327765        0.3433   879        0.3636        0.2724 42254476   25.08%
*754608+328463                            0.3618        0.2724            24.71%
*755832+314903                            0.3617        0.2724            24.69%
 758593 316291        cutoff              0.3617        0.2724 42585993   24.69%
 762919 317779        0.3443   580        0.3617        0.2724 42660432   24.69%
*763295+319834                            0.3616        0.2724            24.66%
 766175 321942        0.3610   524        0.3616        0.2724 42923463   24.66%
 769229 326854        0.3459   652        0.3616        0.2724 43175903   24.66%
*770623+325333                            0.3616        0.2724            24.66%
 772027 328441        0.3450   592        0.3616        0.2724 43258967   24.66%
*773369+330700                            0.3615        0.2724            24.63%
 775177 330847        0.3550   816        0.3615        0.2724 43407502   24.63%
*777569+332654                            0.3608        0.2724            24.50%
 778734 332684        0.3597   702        0.3608        0.2724 43593133   24.50%
 785061 328440        0.3164   816        0.3608        0.2724 43689294   24.50%
 790919 331537        0.3490   569        0.3608        0.2724 43884366   24.50%
Elapsed time = 7089.06 sec. (1090571.96 ticks, tree = 51543.65 MB, solutions = 139)
Nodefile size = 49435.52 MB (45103.41 MB after compression)
 794852 341798        0.3402   827        0.3608        0.2724 44468951   24.49%
 798841 342295        0.3595   382        0.3608        0.2724 44493547   24.49%
 803473 346712        0.3602   339        0.3608        0.2725 44736846   24.49%
*805431+348447                            0.3588        0.2725            24.06%
 807507 350312        0.3295   689        0.3588        0.2725 44914561   24.06%
*810431+334701                            0.3570        0.2725            23.69%
*811651+335601                            0.3570        0.2725            23.69%
 811782 333601        0.3312   713        0.3570        0.2725 45105297   23.69%
*813390+320094                            0.3567        0.2725            23.62%
*813911+321017                            0.3566        0.2725            23.59%
 815198 320321        0.2969   974        0.3566        0.2725 45248973   23.59%
*815399+320570                            0.3566        0.2725            23.59%
 817264 320843        0.3163   935        0.3566        0.2725 45512925   23.59%
*817296+320727                            0.3561        0.2725            23.49%
 819609 319376        0.3239   816        0.3561        0.2725 45785439   23.49%
 821952 320763        0.3474  1223        0.3561        0.2725 45917868   23.49%
*822430+322402                            0.3560        0.2725            23.47%
 824696 323432        0.3387   930        0.3560        0.2725 46197043   23.47%
Elapsed time = 7317.05 sec. (1128724.25 ticks, tree = 50218.85 MB, solutions = 147)
Nodefile size = 48145.93 MB (43973.13 MB after compression)
 827149 324393        0.3346   985        0.3560        0.2725 46304208   23.47%
 829203 326762        0.3057   905        0.3560        0.2725 46551208   23.47%
 833267 328543        0.3477   641        0.3560        0.2725 46725476   23.47%
*835793+328123                            0.3559        0.2725            23.45%
 839388 330298        0.3430   604        0.3559        0.2725 46885231   23.45%
 843218 335917        0.3545   739        0.3559        0.2725 47316239   23.44%
 845975 340456        0.3069   819        0.3559        0.2725 47577103   23.44%
 848507 341339        0.2867   877        0.3559        0.2725 47648715   23.44%
*849279+343522                            0.3553        0.2725            23.32%
*849770+339276                            0.3553        0.2725            23.31%
 851041 339450        0.3517   585        0.3553        0.2725 47855602   23.31%
 854132 342677        0.3497   706        0.3553        0.2725 48091516   23.31%
 859561 343013        0.3449   936        0.3553        0.2725 48117162   23.31%
Elapsed time = 7544.28 sec. (1166878.92 ticks, tree = 52771.97 MB, solutions = 150)
Nodefile size = 50679.46 MB (46252.22 MB after compression)
 865664 345150        0.2823   944        0.3553        0.2725 48263914   23.31%
 868111 354342        0.3522   417        0.3553        0.2725 48824478   23.31%
 871084 356312        0.3306   571        0.3553        0.2725 49012436   23.31%
 874336 359276        0.3486   223        0.3553        0.2725 49189943   23.31%
 877761 363186        0.3531   738        0.3553        0.2725 49425831   23.31%
 880574 366164        0.3484   680        0.3553        0.2725 49590170   23.31%
 883766 367054        0.3445   801        0.3553        0.2725 49657485   23.31%
 888420 371105        0.2950   910        0.3553        0.2725 49874078   23.31%
 895920 371762        0.3439   694        0.3553        0.2725 49903807   23.31%
 900644 382337        0.3400   612        0.3553        0.2725 50519118   23.31%
Elapsed time = 7782.52 sec. (1205033.04 ticks, tree = 58925.18 MB, solutions = 150)
Nodefile size = 56845.85 MB (51804.38 MB after compression)
*901604+376731                            0.3552        0.2725            23.28%
 904176 384763        0.3546   646        0.3552        0.2725 50754322   23.28%
 907558 385575        0.3191   897        0.3552        0.2725 50799315   23.28%
 910554 388750        0.2873   869        0.3552        0.2725 50971808   23.28%
*913272+391213                            0.3547        0.2725            23.18%
 913902 394053        0.3203   917        0.3547        0.2725 51305069   23.18%
*914721+389723                            0.3542        0.2725            23.07%
 917251 384496        0.2869   884        0.3542        0.2725 51390523   23.07%
 920029 387185        0.3170   948        0.3542        0.2725 51575449   23.07%
 922712 389050        0.2727   989        0.3542        0.2725 51678459   23.07%
 925207 392143        0.3277   765        0.3542        0.2725 51894990   23.07%
 930326 395579        0.3539   451        0.3542        0.2725 52132928   23.07%
 937071 396104        0.2816  1208        0.3542        0.2725 52179149   23.06%
Elapsed time = 8004.93 sec. (1243193.19 ticks, tree = 61136.93 MB, solutions = 154)
Nodefile size = 59024.28 MB (53808.31 MB after compression)
 941979 405098        0.2727   948        0.3542        0.2726 52679545   23.06%
 944998 410156        0.3052   807        0.3542        0.2726 52966004   23.06%
 948029 412458        0.3475   805        0.3542        0.2726 53093870   23.06%
 950964 413805        0.3220   878        0.3542        0.2726 53172755   23.06%
 953579 418157        0.3538   703        0.3542        0.2726 53442147   23.06%
 957242 420190        cutoff              0.3542        0.2726 53581633   23.06%
 963039 421280        0.3370   593        0.3542        0.2726 53635544   23.06%
 969856 423427        0.3439   451        0.3542        0.2726 53781290   23.06%
 973348 429573        0.3523   526        0.3542        0.2726 54128174   23.05%
 977010 438226        0.3410   677        0.3542        0.2726 54605472   23.05%
Elapsed time = 8240.76 sec. (1281354.84 ticks, tree = 67831.26 MB, solutions = 154)
Nodefile size = 65754.01 MB (59957.40 MB after compression)
 980636 440069        0.3347   763        0.3542        0.2726 54698107   23.05%
 983618 441559        0.2833   898        0.3542        0.2726 54773046   23.05%
 986418 446837        0.3480   652        0.3542        0.2726 55059967   23.05%
 990133 449095        0.3539   665        0.3542        0.2726 55189072   23.05%
 996286 450217        0.3113   838        0.3542        0.2726 55254373   23.05%
 1002281 452614        0.3145   807        0.3542        0.2726 55442395   23.05%
*1002290+458552                            0.3541        0.2726            23.02%
*1003928+459972                            0.3540        0.2726            22.99%
 1006422 460999        0.2902   894        0.3540        0.2726 56095565   22.99%
 1010542 460910        0.3335   759        0.3540        0.2726 56094803   22.99%
*1011572+465368                            0.3538        0.2726            22.95%
 1014410 465198        0.3473   591        0.3538        0.2726 56310181   22.95%
 1018337 465842        0.3473   547        0.3538        0.2726 56465541   22.95%
Elapsed time = 8469.30 sec. (1319509.58 ticks, tree = 72239.56 MB, solutions = 157)
Nodefile size = 70137.15 MB (63974.61 MB after compression)
*1019651+467555                            0.3528        0.2726            22.72%
*1021391+455762                            0.3527        0.2726            22.71%
*1021729+454739                            0.3527        0.2726            22.71%
 1022550 454866        0.3092   826        0.3527        0.2726 56723914   22.71%
 1026532 456450        0.2845   879        0.3527        0.2726 56805785   22.71%
*1029649+461572                            0.3523        0.2726            22.63%
 1030547 463194        0.3327   538        0.3523        0.2726 57130030   22.63%
 1033471 463468        0.3503   504        0.3523        0.2726 57146119   22.63%
 1036636 460915        cutoff              0.3523        0.2726 57330008   22.63%
*1037931+463170                            0.3523        0.2726            22.62%
 1042501 464453        0.3472   589        0.3523        0.2726 57564449   22.61%
*1047348+467164                            0.3522        0.2726            22.60%
 1049766 470319        0.2986   830        0.3522        0.2726 57976541   22.60%
 1054024 477188        0.3186   887        0.3522        0.2726 58306391   22.60%
 1057304 475970        0.3467   769        0.3522        0.2726 58250557   22.60%
 1060394 481369        0.3334   730        0.3522        0.2726 58556543   22.60%
Elapsed time = 8636.88 sec. (1357663.12 ticks, tree = 74767.11 MB, solutions = 163)
Nodefile size = 72667.81 MB (66235.26 MB after compression)
 1063407 485089        0.3239   612        0.3522        0.2726 58750764   22.59%
 1067159 489025        0.3501   502        0.3522        0.2726 58935260   22.59%
 1071417 490403        cutoff              0.3522        0.2726 59009945   22.59%
 1079066 491961        0.3247   765        0.3522        0.2727 59091742   22.59%
 1086558 500492        0.3451   717        0.3522        0.2727 59505983   22.59%
 1090131 508488        0.3274   834        0.3522        0.2727 59881511   22.59%
 1093125 512573        0.3457   740        0.3522        0.2727 60065732   22.59%
 1096252 516024        cutoff              0.3522        0.2727 60244248   22.59%
 1099286 518677        0.3377   600        0.3522        0.2727 60381987   22.59%
 1102361 518587        0.2925   928        0.3522        0.2727 60375943   22.59%
Elapsed time = 8801.40 sec. (1395819.95 ticks, tree = 80691.14 MB, solutions = 163)
Nodefile size = 78591.65 MB (71631.53 MB after compression)
 1108538 522518        0.3518   642        0.3522        0.2727 60595011   22.59%
*1110562+521927                            0.3519        0.2727            22.53%
*1113354+523075                            0.3519        0.2727            22.52%
*1114589+524042                            0.3519        0.2727            22.52%
 1116961 522392        0.3345   704        0.3519        0.2727 60799140   22.52%
*1117609+521681                            0.3519        0.2727            22.52%
 1122850 529024        0.3181   580        0.3519        0.2727 61151027   22.52%
 1126121 533467        0.3372   721        0.3519        0.2727 61376307   22.52%
 1128902 538944        cutoff              0.3519        0.2727 61626140   22.52%
 1132443 540215        0.3244   901        0.3519        0.2727 61704320   22.52%
 1136087 546643        0.2949   894        0.3519        0.2727 62021698   22.52%
 1140001 547530        0.3123   764        0.3519        0.2727 62075837   22.52%
 1144328 549330        0.2950   907        0.3519        0.2727 62158988   22.52%
 1148290 554757        0.3257   767        0.3519        0.2727 62413525   22.52%
Elapsed time = 8971.75 sec. (1433975.81 ticks, tree = 86004.38 MB, solutions = 165)
Nodefile size = 83897.80 MB (76371.78 MB after compression)
*1149972+557012                            0.3518        0.2727            22.49%
 1154395 558643        0.2915   905        0.3518        0.2727 62599935   22.49%
 1161610 563165        0.3275   799        0.3518        0.2727 62944997   22.49%
 1165891 569069        0.3469   474        0.3518        0.2727 63220827   22.49%
 1169005 571001        0.3468   600        0.3518        0.2727 63326265   22.49%
 1172410 575261        0.3408   411        0.3518        0.2727 63548027   22.49%
 1175336 580872        0.3112   703        0.3518        0.2727 63833923   22.49%
 1178533 580039        0.3156   861        0.3518        0.2727 63791891   22.49%
*1178587+583312                            0.3517        0.2727            22.47%
 1183851 583751        0.3268   550        0.3517        0.2727 63969781   22.47%
 1191171 585781        0.3470   554        0.3517        0.2727 64132644   22.47%
 1196627 588149        0.3025   829        0.3517        0.2727 64255308   22.47%
Elapsed time = 9151.10 sec. (1472134.24 ticks, tree = 91328.76 MB, solutions = 167)
Nodefile size = 89190.59 MB (81169.54 MB after compression)
 1200500 601092        0.3482   437        0.3517        0.2727 64946167   22.47%
 1203572 600827        0.3025   884        0.3517        0.2727 64939826   22.47%
 1207305 605803        0.3399   603        0.3517        0.2727 65223427   22.46%
 1210369 609235        0.3224   819        0.3517        0.2727 65407380   22.46%
 1213656 610754        0.3454   712        0.3517        0.2727 65476573   22.46%
 1217749 615020        0.3304   806        0.3517        0.2727 65689796   22.46%
 1225316 616228        0.2736   918        0.3517        0.2727 65741928   22.46%
 1233079 619503        0.3200   809        0.3517        0.2727 65900789   22.46%
 1237893 629537        0.3439   617        0.3517        0.2728 66369926   22.46%
 1241711 638219        0.3445   725        0.3517        0.2728 66832350   22.46%
Elapsed time = 9493.88 sec. (1510289.51 ticks, tree = 99303.54 MB, solutions = 167)
Nodefile size = 97225.61 MB (88505.58 MB after compression)
 1244820 638337        0.3307   640        0.3517        0.2728 66837915   22.46%
 1248420 643568        0.3227   837        0.3517        0.2728 67113497   22.45%
 1252803 647857        0.3187   828        0.3517        0.2728 67325404   22.45%
 1257057 651356        0.3387   818        0.3517        0.2728 67480920   22.45%
 1260736 655714        0.3299   803        0.3517        0.2728 67683469   22.45%
 1265048 655168        0.3326   849        0.3517        0.2728 67653309   22.45%
 1269275 660455        0.3226   661        0.3517        0.2728 67913747   22.45%
 1272453 666396        0.3449   523        0.3517        0.2728 68179317   22.45%
 1277580 667504        cutoff              0.3517        0.2728 68244994   22.45%
 1285285 670722        0.3294   759        0.3517        0.2728 68387360   22.45%
Elapsed time = 9846.45 sec. (1548452.82 ticks, tree = 104482.28 MB, solutions = 167)
Nodefile size = 102372.90 MB (93166.00 MB after compression)
 1291845 677615        0.3225   818        0.3517        0.2728 68764512   22.44%
 1295511 679569        0.3413   710        0.3517        0.2728 68865221   22.44%
 1298615 688064        0.3335   855        0.3517        0.2728 69248515   22.44%
 1301986 692785        0.3219   681        0.3517        0.2728 69473452   22.44%
 1304602 695985        0.3441   634        0.3517        0.2728 69630867   22.44%
 1308596 696846        0.3314   713        0.3517        0.2728 69676077   22.44%
 1316256 702052        0.3335   553        0.3517        0.2728 69975087   22.44%
 1322854 703356        0.3405   554        0.3517        0.2728 70032608   22.44%
 1326261 709583        0.3338   902        0.3517        0.2728 70338981   22.44%
 1329810 715558        0.3442   465        0.3517        0.2728 70673298   22.44%
Elapsed time = 10194.32 sec. (1586608.93 ticks, tree = 111625.53 MB, solutions = 167)
Nodefile size = 109521.83 MB (99726.00 MB after compression)
 1333372 718461        0.2741   946        0.3517        0.2728 70819713   22.43%
 1337071 723002        0.2938   715        0.3517        0.2728 71037224   22.43%
 1340328 725692        0.3317   763        0.3517        0.2728 71158126   22.43%
 1345169 728904        0.3470   498        0.3517        0.2728 71293688   22.43%
 1352323 731981        0.3188   684        0.3517        0.2728 71467651   22.43%
 1359506 735428        0.3301   509        0.3517        0.2729 71629269   22.43%
*1361080+738290                            0.3510        0.2729            22.27%
 1364182 740664        0.3050   781        0.3510        0.2729 71875047   22.27%
 1368070 735249        0.3492   460        0.3510        0.2729 72413790   22.27%
 1371637 739222        0.3135   630        0.3510        0.2729 72616560   22.26%
 1375226 741068        0.3304   830        0.3510        0.2729 72692109   22.26%
Elapsed time = 10538.78 sec. (1624772.07 ticks, tree = 115720.39 MB, solutions = 168)
Nodefile size = 113626.73 MB (103501.75 MB after compression)
 1378810 742062        0.3485   655        0.3510        0.2729 72740829   22.26%
 1382323 746513        0.3018   826        0.3510        0.2729 72956518   22.26%
 1386720 751431        0.3244   749        0.3510        0.2729 73179472   22.26%
 1393778 754756        0.3313   756        0.3510        0.2729 73317937   22.26%
 1402858 755204        0.3443   787        0.3510        0.2729 73341736   22.26%
 1407130 762234        0.3452   696        0.3510        0.2729 73642084   22.26%
 1410318 768041        0.2733   956        0.3510        0.2729 73883549   22.25%
 1413171 774357        0.3305   861        0.3510        0.2729 74192510   22.25%
 1415657 777213        0.2844   860        0.3510        0.2729 74315756   22.25%
 1419400 779479        0.3418   504        0.3510        0.2729 74419910   22.25%
Elapsed time = 10865.81 sec. (1662931.00 ticks, tree = 121842.71 MB, solutions = 168)
Nodefile size = 119732.18 MB (109048.85 MB after compression)
*1420666+781588                            0.3509        0.2729            22.22%
 1425775 781662        0.3243   737        0.3509        0.2729 74661059   22.22%
 1433298 786092        0.3347   706        0.3509        0.2729 74895682   22.22%
 1438392 790005        0.3139   578        0.3509        0.2729 75094283   22.22%
 1441493 799123        cutoff              0.3509        0.2729 75552660   22.22%
 1444242 799171        0.3082   763        0.3509        0.2729 75556482   22.22%
 1447251 802227        0.2963   866        0.3509        0.2729 75708441   22.22%
 1450403 806665        0.3364   714        0.3509        0.2729 75943531   22.21%
 1457297 808607        0.3471   536        0.3509        0.2729 76040391   22.21%
*1457324+809449                            0.3504        0.2729            22.11%
 1465148 803709        0.3502   969        0.3504        0.2729 76350038   22.11%
 1471753 803707        0.3442   577        0.3504        0.2730 76346602   22.11%
Elapsed time = 11200.15 sec. (1701091.26 ticks, tree = 125734.33 MB, solutions = 170)
Nodefile size = 123584.86 MB (112575.83 MB after compression)
 1475624 814278        0.3327   809        0.3504        0.2730 76864500   22.11%
 1478805 820750        0.3360   689        0.3504        0.2730 77169649   22.11%
 1482001 823425        0.2739   945        0.3504        0.2730 77305511   22.11%
 1485034 824027        0.3347   809        0.3504        0.2730 77347425   22.11%
 1488210 828048        0.3294   886        0.3504        0.2730 77556784   22.11%
 1491409 829462        0.3501   503        0.3504        0.2730 77631176   22.11%
 1496434 835645        0.3432   407        0.3504        0.2730 77961076   22.11%
 1503951 839903        0.3329   600        0.3504        0.2730 78197355   22.10%
 1510442 837705        0.2981   875        0.3504        0.2730 78096256   22.10%
 1513917 849334        0.3394   493        0.3504        0.2730 78733525   22.10%
Elapsed time = 11519.46 sec. (1739244.43 ticks, tree = 133004.13 MB, solutions = 170)
Nodefile size = 130915.16 MB (119264.97 MB after compression)
 1516822 854567        0.3222   766        0.3504        0.2730 79046263   22.10%
 1519658 855310        0.3141   744        0.3504        0.2730 79084092   22.10%
 1522787 858904        0.3471   875        0.3504        0.2730 79313092   22.10%
 1525964 860116        0.3339   670        0.3504        0.2730 79383102   22.10%
 1529287 865508        cutoff              0.3504        0.2730 79747340   22.10%
 1532920 866499        0.3496   681        0.3504        0.2730 79808927   22.10%
 1536174 869931        cutoff              0.3504        0.2730 79983977   22.10%
 1540788 874754        0.3307   822        0.3504        0.2730 80256228   22.10%
 1547713 876655        0.3401   789        0.3504        0.2730 80360781   22.10%
 1554641 879337        0.3492   891        0.3504        0.2730 80504871   22.10%
Elapsed time = 11829.38 sec. (1777404.47 ticks, tree = 137782.13 MB, solutions = 170)
Nodefile size = 135668.19 MB (123590.69 MB after compression)
 1558935 886700        0.3340   675        0.3504        0.2730 80872483   22.09%
 1561970 894791        0.3325   840        0.3504        0.2730 81349825   22.09%
 1564607 897051        0.3464   875        0.3504        0.2730 81488398   22.09%
 1567487 899787        0.3406   629        0.3504        0.2730 81642287   22.09%
 1570237 902049        0.3389   736        0.3504        0.2730 81785221   22.09%
 1573286 904302        0.3086   914        0.3504        0.2730 81925798   22.09%
 1577595 906487        cutoff              0.3504        0.2730 82048812   22.09%
 1583916 908650        0.3423   678        0.3504        0.2730 82204978   22.09%
 1589556 916406        0.2760   992        0.3504        0.2730 82664413   22.09%
 1593159 919317        0.3226   847        0.3504        0.2730 82827664   22.09%
Elapsed time = 12162.93 sec. (1815561.52 ticks, tree = 144157.20 MB, solutions = 170)
Nodefile size = 142064.41 MB (129465.50 MB after compression)
 1595999 923846        0.3429   834        0.3504        0.2730 83080016   22.09%
 1598555 927058        0.3327   800        0.3504        0.2730 83278195   22.09%
 1601604 927687        0.3008   916        0.3504        0.2730 83323051   22.09%
 1604431 930822        0.3303   842        0.3504        0.2730 83500856   22.09%
 1608348 933247        0.3442   823        0.3504        0.2730 83647280   22.09%
 1614502 936410        0.3474   637        0.3504        0.2730 83822487   22.09%
 1619955 939696        0.3283   921        0.3504        0.2730 84040448   22.09%
 1623526 948483        0.3166   858        0.3504        0.2730 84605234   22.09%
 1625850 949960        0.3461   634        0.3504        0.2731 84710530   22.09%
 1628880 952059        0.3362   682        0.3504        0.2731 84877065   22.09%
Elapsed time = 12469.61 sec. (1853721.88 ticks, tree = 149377.18 MB, solutions = 170)
Nodefile size = 147291.13 MB (134249.62 MB after compression)
 1631687 952856        0.3478   792        0.3504        0.2731 84924063   22.08%
 1634646 956813        0.3188   787        0.3504        0.2731 85168544   22.08%
 1637306 959211        0.3497   742        0.3504        0.2731 85334627   22.08%
 1641073 961144        0.3436   609        0.3504        0.2731 85467174   22.08%
 1647132 964187        0.3129   803        0.3504        0.2731 85669173   22.08%
 1654091 967331        0.3069   817        0.3504        0.2731 85867798   22.08%
 1657751 977300        0.2846   942        0.3504        0.2731 86483294   22.08%
 1661157 978979        0.3240   671        0.3504        0.2731 86587383   22.08%
 1664893 984182        0.3261   868        0.3504        0.2731 86898492   22.08%
 1667809 984490        0.3167   835        0.3504        0.2731 86918667   22.08%
Elapsed time = 12749.49 sec. (1891875.14 ticks, tree = 154553.73 MB, solutions = 170)
Nodefile size = 152465.23 MB (138958.98 MB after compression)
 1671078 985897        0.3378   862        0.3504        0.2731 87008824   22.08%
 1674369 989250        0.3251   740        0.3504        0.2731 87201868   22.08%
 1678077 994184        0.3044   863        0.3504        0.2731 87523642   22.08%
 1681733 997649        0.3482   455        0.3504        0.2731 87763680   22.08%
 1684969 1002482        0.3001   912        0.3504        0.2731 88102095   22.08%
 1688366 1002894        0.3419   834        0.3504        0.2731 88139842   22.08%
 1692007 1006552        0.2743   943        0.3504        0.2731 88414724   22.08%
 1695188 1007814        0.3447   916        0.3504        0.2731 88472294   22.08%
 1698117 1013347        0.3441   697        0.3504        0.2731 88854713   22.08%
 1701526 1013449        cutoff              0.3504        0.2731 88859507   22.08%
Elapsed time = 13044.19 sec. (1930035.70 ticks, tree = 159198.68 MB, solutions = 170)
Nodefile size = 157098.13 MB (143184.83 MB after compression)
 1704843 1016029        0.3413   670        0.3504        0.2731 89036512   22.08%
 1708428 1020903        0.3311   795        0.3504        0.2731 89361064   22.08%
 1711614 1023763        0.3335   545        0.3504        0.2731 89558511   22.08%
 1715072 1026839        0.3504   673        0.3504        0.2731 89753934   22.08%
 1718728 1031019        0.2982   882        0.3504        0.2731 90075046   22.08%
 1721862 1032551        0.2954   802        0.3504        0.2731 90182878   22.08%
 1725804 1033708        0.3383   603        0.3504        0.2731 90263260   22.08%
 1731843 1036889        0.3238   689        0.3504        0.2731 90501918   22.08%
 1736170 1045027        cutoff              0.3504        0.2731 91040551   22.08%
 1739772 1047691        0.3216   882        0.3504        0.2731 91219291   22.07%
Elapsed time = 13336.62 sec. (1968189.14 ticks, tree = 164687.81 MB, solutions = 170)
Nodefile size = 162589.17 MB (148220.72 MB after compression)
 1743610 1052041        0.3417   763        0.3504        0.2731 91535452   22.07%
 1747696 1054575        0.3496   829        0.3504        0.2731 91701780   22.07%
 1751353 1059811        0.3178   795        0.3504        0.2731 91992822   22.07%
 1755005 1061479        cutoff              0.3504        0.2731 92100343   22.07%
 1757902 1063641        0.3050   867        0.3504        0.2731 92248554   22.07%
*1760224+1064480                            0.3503        0.2731            22.03%
 1761450 1063578        0.3356   585        0.3503        0.2731 92576600   22.03%
 1765460 1068337        0.3256   806        0.3503        0.2731 92535324   22.03%
 1769584 1066024        0.2874   882        0.3503        0.2731 92730552   22.03%
 1773289 1069162        0.3492   794        0.3503        0.2731 92908124   22.03%
 1777052 1072856        0.3490   594        0.3503        0.2731 93116642   22.03%
Elapsed time = 13604.38 sec. (2006350.40 ticks, tree = 168734.12 MB, solutions = 171)
Nodefile size = 166637.48 MB (151923.16 MB after compression)
 1780882 1080004        0.2938   913        0.3503        0.2731 93537468   22.03%
 1784682 1081679        0.3502   638        0.3503        0.2731 93661182   22.03%
 1787982 1086904        0.3496   823        0.3503        0.2731 93970374   22.03%
 1791026 1087866        0.3472   815        0.3503        0.2731 94023695   22.03%
 1794058 1091549        0.3451   705        0.3503        0.2731 94292246   22.03%
 1797268 1094276        0.3478   889        0.3503        0.2731 94440323   22.03%
 1801069 1098177        0.3026   848        0.3503        0.2731 94709615   22.03%
 1805094 1100493        0.3490   538        0.3503        0.2731 94830260   22.03%
 1809042 1103033        0.3468   820        0.3503        0.2731 94973247   22.03%
 1813152 1106383        0.3220   819        0.3503        0.2731 95159349   22.03%
Elapsed time = 13891.70 sec. (2044506.65 ticks, tree = 174091.51 MB, solutions = 171)
Nodefile size = 172008.49 MB (156816.26 MB after compression)
 1817313 1111910        0.3038   832        0.3503        0.2731 95485417   22.03%
 1821251 1110414        0.3485   901        0.3503        0.2731 95401493   22.03%
 1825281 1119250        0.3250   559        0.3503        0.2731 95905182   22.03%
 1829447 1119797        0.2863   853        0.3503        0.2731 95939432   22.03%
 1833409 1125519        0.3401   635        0.3503        0.2731 96263891   22.03%
 1837033 1127573        0.3466   752        0.3503        0.2731 96377180   22.03%
 1840581 1129314        0.2747   973        0.3503        0.2731 96489642   22.03%
 1843869 1136546        0.3452   662        0.3503        0.2731 96907511   22.03%
 1847082 1135347        0.3046   844        0.3503        0.2731 96843332   22.03%
 1850218 1140831        0.3425   517        0.3503        0.2731 97230487   22.03%
Elapsed time = 14171.97 sec. (2082662.57 ticks, tree = 178991.51 MB, solutions = 171)
Nodefile size = 176886.14 MB (161240.21 MB after compression)
 1853439 1142922        0.2885   851        0.3503        0.2731 97365278   22.03%
 1858558 1144985        0.3465   629        0.3503        0.2731 97490042   22.03%
 1864105 1147665        cutoff              0.3503        0.2731 97688978   22.03%
 1867613 1152644        0.3368   612        0.3503        0.2731 98056729   22.03%
 1870309 1156333        0.3108   831        0.3503        0.2731 98320017   22.02%
 1872549 1160856        0.3399   870        0.3503        0.2731 98650567   22.02%
 1874963 1163723        0.3319   805        0.3503        0.2731 98876985   22.02%
 1877523 1167084        0.3446   461        0.3503        0.2731 99109950   22.02%
 1880105 1167455        0.3434   673        0.3503        0.2731 99134647   22.02%
 1882598 1170297        0.3488   664        0.3503        0.2731 99355242   22.02%
Elapsed time = 14467.69 sec. (2120820.22 ticks, tree = 183772.06 MB, solutions = 171)
Nodefile size = 181674.77 MB (165612.36 MB after compression)
 1885483 1172156        0.3457   632        0.3503        0.2731 99483790   22.02%
 1890010 1172717        0.3318   750        0.3503        0.2731 99521157   22.02%
 1896669 1176195        0.3238   571        0.3503        0.2731 99782640   22.02%
 1902019 1178991        0.3435   699        0.3503        0.2731 99960867   22.02%
 1906310 1186219        0.3370   854        0.3503        0.2731 1.00e+08   22.02%
 1909649 1194324        0.3486   559        0.3503        0.2731 1.01e+08   22.02%
 1912736 1198120        0.3360   612        0.3503        0.2731 1.01e+08   22.02%
 1915982 1200330        0.2765   951        0.3503        0.2731 1.01e+08   22.02%
 1918662 1202336        0.3252   667        0.3503        0.2731 1.01e+08   22.02%
 1921158 1205618        0.3475   561        0.3503        0.2731 1.02e+08   22.02%
Elapsed time = 14772.67 sec. (2158975.24 ticks, tree = 189509.77 MB, solutions = 171)
Nodefile size = 187425.58 MB (170838.23 MB after compression)
*1922821+1207100                            0.3502        0.2731            22.00%
 1923816 1206816        0.3300   702        0.3502        0.2731 1.02e+08   22.00%
 1926352 1206755        0.3118   806        0.3502        0.2731 1.02e+08   22.00%
 1928777 1208799        0.3408   758        0.3502        0.2731 1.02e+08   22.00%
 1932182 1211480        0.3227   893        0.3502        0.2731 1.02e+08   22.00%
 1937693 1213368        0.3305   833        0.3502        0.2731 1.02e+08   22.00%
 1943020 1214094        0.2912   859        0.3502        0.2731 1.02e+08   22.00%
 1946968 1217444        0.3330   820        0.3502        0.2731 1.03e+08   22.00%
 1949735 1225181        0.3496   433        0.3502        0.2731 1.03e+08   22.00%
 1952427 1228154        0.3463   862        0.3502        0.2731 1.03e+08   22.00%
 1955203 1230267        0.3315   834        0.3502        0.2731 1.04e+08   22.00%
Elapsed time = 15045.94 sec. (2197134.36 ticks, tree = 193515.41 MB, solutions = 172)
Nodefile size = 191412.58 MB (174495.10 MB after compression)
 1958198 1235350        0.3282   812        0.3502        0.2731 1.04e+08   22.00%
 1960985 1237821        0.3032   950        0.3502        0.2731 1.04e+08   22.00%
 1964606 1239634        0.3455   479        0.3502        0.2731 1.04e+08   22.00%
 1967695 1240561        0.3303   806        0.3502        0.2731 1.04e+08   22.00%
 1970590 1246768        0.3355   786        0.3502        0.2731 1.05e+08   22.00%
 1975217 1248457        0.3099   896        0.3502        0.2731 1.05e+08   22.00%
 1980371 1248771        0.3405   684        0.3502        0.2731 1.05e+08   22.00%
 1985139 1254414        0.3213   929        0.3502        0.2731 1.05e+08   22.00%
 1987966 1262003        0.3502   543        0.3502        0.2732 1.06e+08   22.00%
 1990738 1264530        0.3465   641        0.3502        0.2732 1.06e+08   22.00%
Elapsed time = 15330.65 sec. (2235291.66 ticks, tree = 199079.28 MB, solutions = 172)
Nodefile size = 196992.05 MB (179588.31 MB after compression)
 1993377 1265527        cutoff              0.3502        0.2732 1.06e+08   22.00%
 1996162 1267065        0.3192   876        0.3502        0.2732 1.06e+08   22.00%
 1999136 1271781        0.2752   963        0.3502        0.2732 1.06e+08   22.00%
 2001943 1271703        cutoff              0.3502        0.2732 1.06e+08   22.00%
 2004835 1275948        0.3444   679        0.3502        0.2732 1.07e+08   22.00%
 2007909 1278895        0.3226   880        0.3502        0.2732 1.07e+08   22.00%
*2010550+1281088                            0.3501        0.2732            21.98%
*2011288+1279730                            0.3501        0.2732            21.98%
 2011410 1279442        0.3277   829        0.3501        0.2732 1.07e+08   21.98%
*2011471+1279844                            0.3501        0.2732            21.98%
*2011747+1280206                            0.3501        0.2732            21.98%
 2014737 1280658        0.3454   800        0.3501        0.2732 1.07e+08   21.98%
 2017818 1282578        0.3225   760        0.3501        0.2732 1.07e+08   21.98%
 2021353 1285946        0.3302   803        0.3501        0.2732 1.08e+08   21.98%
Elapsed time = 15580.46 sec. (2273450.77 ticks, tree = 202571.13 MB, solutions = 174)
Nodefile size = 200475.88 MB (182779.98 MB after compression)
 2025120 1287482        0.3464   672        0.3501        0.2732 1.08e+08   21.98%
 2028629 1293084        0.3491   715        0.3501        0.2732 1.08e+08   21.98%
 2031740 1296440        0.3369   626        0.3501        0.2732 1.08e+08   21.98%
 2034573 1297261        0.3462   651        0.3501        0.2732 1.08e+08   21.98%
 2037326 1299718        0.3496   791        0.3501        0.2732 1.09e+08   21.98%
 2040151 1304361        0.3230   781        0.3501        0.2732 1.09e+08   21.98%
 2043253 1307352        0.3488   432        0.3501        0.2732 1.09e+08   21.98%
 2046835 1308366        0.3362   822        0.3501        0.2732 1.09e+08   21.98%
 2050346 1309580        0.3281   929        0.3501        0.2732 1.10e+08   21.98%
 2053625 1315305        0.3373   633        0.3501        0.2732 1.10e+08   21.98%
Elapsed time = 15743.18 sec. (2311608.45 ticks, tree = 207337.70 MB, solutions = 174)
Nodefile size = 205229.39 MB (187148.20 MB after compression)
 2056717 1317698        0.3255   820        0.3501        0.2732 1.10e+08   21.98%
 2060379 1320417        cutoff              0.3501        0.2732 1.10e+08   21.98%
 2063559 1325076        0.3379   775        0.3501        0.2732 1.10e+08   21.98%
 2066490 1323991        0.3356   649        0.3501        0.2732 1.10e+08   21.98%
 2069583 1330521        0.3388   765        0.3501        0.2732 1.11e+08   21.97%
 2072795 1332795        0.3289   737        0.3501        0.2732 1.11e+08   21.97%
 2075607 1334754        0.3500   690        0.3501        0.2732 1.11e+08   21.97%
 2078903 1336527        0.3298   838        0.3501        0.2732 1.11e+08   21.97%
 2082512 1340272        0.2883   873        0.3501        0.2732 1.12e+08   21.97%
 2086283 1345292        0.3364   733        0.3501        0.2732 1.12e+08   21.97%
Elapsed time = 15902.15 sec. (2349770.34 ticks, tree = 211579.81 MB, solutions = 174)
Nodefile size = 209493.63 MB (191017.27 MB after compression)
 2088944 1348989        0.3391   668        0.3501        0.2732 1.12e+08   21.97%
 2091651 1350235        0.3292   654        0.3501        0.2732 1.12e+08   21.97%
 2094505 1350926        0.3398   567        0.3501        0.2732 1.12e+08   21.97%
 2097651 1353057        0.3429   680        0.3501        0.2732 1.12e+08   21.97%
 2100847 1358465        0.2826   900        0.3501        0.2732 1.13e+08   21.97%
 2103538 1358103        0.3282   846        0.3501        0.2732 1.13e+08   21.97%
 2107446 1363027        cutoff              0.3501        0.2732 1.13e+08   21.97%
 2113174 1367438        0.3250   847        0.3501        0.2732 1.13e+08   21.97%
 2119195 1368921        0.3483   630        0.3501        0.2732 1.13e+08   21.97%
 2123750 1372300        0.2932   924        0.3501        0.2732 1.14e+08   21.97%
Elapsed time = 16075.67 sec. (2387925.50 ticks, tree = 215987.96 MB, solutions = 174)
Nodefile size = 213886.25 MB (195032.46 MB after compression)
 2126793 1382828        0.3313   832        0.3501        0.2732 1.14e+08   21.97%
 2129768 1385838        0.3262   860        0.3501        0.2732 1.15e+08   21.97%
 2133017 1387451        0.3232   872        0.3501        0.2732 1.15e+08   21.97%
 2136054 1387396        0.3263   787        0.3501        0.2732 1.15e+08   21.97%
 2138369 1393803        0.3499   866        0.3501        0.2732 1.15e+08   21.97%
 2140729 1396225        cutoff              0.3501        0.2732 1.15e+08   21.97%
 2143508 1397120        0.3197   754        0.3501        0.2732 1.15e+08   21.97%
 2146129 1400325        0.3074   859        0.3501        0.2732 1.16e+08   21.97%
 2149632 1401189        0.3166   885        0.3501        0.2732 1.16e+08   21.97%
 2153457 1403118        0.3295   788        0.3501        0.2732 1.16e+08   21.97%
Elapsed time = 16244.40 sec. (2426089.44 ticks, tree = 221019.16 MB, solutions = 174)
Nodefile size = 218917.20 MB (199626.06 MB after compression)
 2156485 1408176        0.3499   387        0.3501        0.2732 1.16e+08   21.97%
 2160602 1410571        0.3049   908        0.3501        0.2732 1.16e+08   21.97%
 2165708 1412862        0.3328   764        0.3501        0.2732 1.16e+08   21.97%
 2172005 1415757        0.3293   817        0.3501        0.2732 1.16e+08   21.97%
 2177790 1424544        0.3418   473        0.3501        0.2732 1.17e+08   21.97%
 2181278 1431443        0.3430   583        0.3501        0.2732 1.17e+08   21.96%
 2184681 1433246        0.3031   822        0.3501        0.2732 1.18e+08   21.96%
 2188561 1435350        0.3339   837        0.3501        0.2732 1.18e+08   21.96%
 2192176 1441638        0.3497   921        0.3501        0.2732 1.18e+08   21.96%
 2195539 1440627        0.2963   752        0.3501        0.2732 1.18e+08   21.96%
Elapsed time = 16418.39 sec. (2464245.40 ticks, tree = 227161.82 MB, solutions = 174)
Nodefile size = 225055.44 MB (205250.40 MB after compression)
*2197825+1441310                            0.3501        0.2732            21.95%
 2199317 1445427        0.3499   454        0.3501        0.2732 1.18e+08   21.95%
 2202783 1445164        0.3465   629        0.3501        0.2732 1.18e+08   21.95%
 2206379 1450783        0.3259   867        0.3501        0.2732 1.19e+08   21.95%
 2210668 1455838        0.3346   705        0.3501        0.2732 1.19e+08   21.95%
 2214608 1456707        0.3378   681        0.3501        0.2732 1.19e+08   21.95%
 2218434 1458802        0.2969   937        0.3501        0.2732 1.19e+08   21.95%
 2222708 1466130        0.3345   686        0.3501        0.2732 1.20e+08   21.95%
 2227054 1466085        0.3379   620        0.3501        0.2732 1.20e+08   21.95%
 2231863 1471823        0.3402   838        0.3501        0.2732 1.20e+08   21.95%
 2235248 1474120        0.3223   746        0.3501        0.2732 1.20e+08   21.95%
Elapsed time = 16581.92 sec. (2502402.78 ticks, tree = 232658.87 MB, solutions = 175)
Nodefile size = 230548.50 MB (210257.31 MB after compression)
 2238686 1482638        0.3237   848        0.3501        0.2732 1.20e+08   21.95%
 2242240 1485730        0.3417   719        0.3501        0.2732 1.21e+08   21.95%
 2246314 1483925        0.2850   882        0.3501        0.2732 1.21e+08   21.95%
 2249340 1491925        0.3302   842        0.3501        0.2732 1.21e+08   21.95%
 2252552 1489779        0.3458   515        0.3501        0.2732 1.21e+08   21.95%
 2256375 1495157        0.3383   627        0.3501        0.2732 1.21e+08   21.95%
 2259815 1497691        0.3444   737        0.3501        0.2732 1.21e+08   21.95%
 2263724 1500672        0.3333   681        0.3501        0.2732 1.21e+08   21.94%
 2268907 1504912        0.3243   853        0.3501        0.2732 1.22e+08   21.94%
 2273099 1511809        0.3179   872        0.3501        0.2732 1.22e+08   21.94%
Elapsed time = 16747.78 sec. (2540559.92 ticks, tree = 238838.16 MB, solutions = 175)
Nodefile size = 236749.62 MB (215893.20 MB after compression)
 2277013 1515342        0.3213   923        0.3501        0.2732 1.22e+08   21.94%
 2280675 1520916        0.2906   919        0.3501        0.2732 1.23e+08   21.94%
 2284296 1517355        0.3357   830        0.3501        0.2732 1.22e+08   21.94%
 2287927 1522723        0.3260   783        0.3501        0.2732 1.23e+08   21.94%
 2291963 1526463        0.3443   413        0.3501        0.2732 1.23e+08   21.94%
 2295742 1530180        0.3105   670        0.3501        0.2732 1.23e+08   21.94%
 2299341 1533199        0.3310   802        0.3501        0.2732 1.23e+08   21.94%
 2302770 1539068        0.3051   864        0.3501        0.2733 1.24e+08   21.94%
 2306716 1542717        0.3478   684        0.3501        0.2733 1.24e+08   21.94%
 2310772 1547237        0.3382   604        0.3501        0.2733 1.24e+08   21.94%
Elapsed time = 16919.61 sec. (2578721.35 ticks, tree = 244646.24 MB, solutions = 175)
Nodefile size = 242557.87 MB (221181.63 MB after compression)
 2314185 1544771        0.3351   803        0.3501        0.2733 1.24e+08   21.94%
 2317189 1553102        0.3342   792        0.3501        0.2733 1.24e+08   21.94%
 2321300 1555990        0.3214   865        0.3501        0.2733 1.25e+08   21.94%
 2325396 1558535        cutoff              0.3501        0.2733 1.25e+08   21.94%
 2329963 1561974        0.2901   930        0.3501        0.2733 1.25e+08   21.93%
 2335190 1563346        0.3403   684        0.3501        0.2733 1.25e+08   21.93%
 2339728 1566566        0.3295   672        0.3501        0.2733 1.25e+08   21.93%
 2343533 1575844        0.3085   610        0.3501        0.2733 1.26e+08   21.93%
 2346907 1578576        0.3458   512        0.3501        0.2733 1.26e+08   21.93%
 2350570 1581615        0.2962   823        0.3501        0.2733 1.26e+08   21.93%
Elapsed time = 17088.83 sec. (2616878.64 ticks, tree = 250048.73 MB, solutions = 175)
Nodefile size = 247952.39 MB (226105.41 MB after compression)
 2354440 1581878        0.3383   706        0.3501        0.2733 1.26e+08   21.93%
 2357824 1585714        0.3361   749        0.3501        0.2733 1.26e+08   21.93%
 2362127 1593314        0.3432   483        0.3501        0.2733 1.27e+08   21.93%
 2365658 1596393        0.3386   814        0.3501        0.2733 1.27e+08   21.93%
 2369397 1597725        0.3173   791        0.3501        0.2733 1.27e+08   21.93%
 2372611 1603665        0.3480   593        0.3501        0.2733 1.27e+08   21.93%
 2375352 1604719        0.3166   886        0.3501        0.2733 1.27e+08   21.93%
 2378276 1609318        0.3173   711        0.3501        0.2733 1.28e+08   21.93%
 2382253 1607957        0.3499   687        0.3501        0.2733 1.28e+08   21.93%
 2387741 1615904        0.2915   849        0.3501        0.2733 1.28e+08   21.93%
Elapsed time = 17254.53 sec. (2655034.04 ticks, tree = 255063.44 MB, solutions = 175)
Nodefile size = 252974.12 MB (230647.96 MB after compression)
 2394853 1615700        0.3310   655        0.3501        0.2733 1.28e+08   21.93%
 2400958 1620567        0.3494   198        0.3501        0.2733 1.28e+08   21.93%
 2405196 1621409        cutoff              0.3501        0.2733 1.28e+08   21.93%
 2409229 1627217        0.3363   658        0.3501        0.2733 1.29e+08   21.93%
 2413078 1638106        0.3418   758        0.3501        0.2733 1.29e+08   21.92%
 2416432 1639960        0.3178   744        0.3501        0.2733 1.29e+08   21.92%
 2419992 1643963        0.3281   627        0.3501        0.2733 1.30e+08   21.92%
 2424389 1649913        0.3291   862        0.3501        0.2733 1.30e+08   21.92%
 2428757 1648558        0.3379   518        0.3501        0.2733 1.30e+08   21.92%
 2432418 1654365        0.3476   588        0.3501        0.2733 1.30e+08   21.92%
Elapsed time = 17436.49 sec. (2693189.62 ticks, tree = 261383.20 MB, solutions = 175)
Nodefile size = 259273.45 MB (236354.82 MB after compression)
 2436421 1655900        0.3248   733        0.3501        0.2733 1.30e+08   21.92%
 2440984 1664015        0.3487   401        0.3501        0.2733 1.31e+08   21.92%
 2444958 1662505        0.3366   541        0.3501        0.2733 1.31e+08   21.92%
 2448088 1666390        0.3403   853        0.3501        0.2733 1.31e+08   21.92%
 2451693 1673560        0.3449   611        0.3501        0.2733 1.31e+08   21.92%
 2455598 1677449        0.3218   570        0.3501        0.2733 1.31e+08   21.92%
 2459528 1678989        0.2867   898        0.3501        0.2733 1.31e+08   21.92%
 2462873 1679135        0.3279   665        0.3501        0.2733 1.32e+08   21.92%
 2466015 1683612        0.3478   643        0.3501        0.2733 1.32e+08   21.92%
 2469519 1688475        0.3357   691        0.3501        0.2733 1.32e+08   21.92%
Elapsed time = 17605.81 sec. (2731346.99 ticks, tree = 266992.90 MB, solutions = 175)
Nodefile size = 264883.46 MB (241416.57 MB after compression)
 2473241 1689789        0.2882   909        0.3501        0.2733 1.32e+08   21.92%
 2476767 1695200        0.3449   663        0.3501        0.2733 1.32e+08   21.92%
 2480322 1695720        0.3337   574        0.3501        0.2733 1.32e+08   21.92%
 2483910 1700752        0.3325   795        0.3501        0.2733 1.33e+08   21.92%
 2487796 1706702        0.3258   630        0.3501        0.2733 1.33e+08   21.92%
 2490974 1711540        0.3157   607        0.3501        0.2733 1.33e+08   21.92%
 2494481 1709026        0.3497   412        0.3501        0.2733 1.33e+08   21.91%
 2497883 1716218        0.3379   584        0.3501        0.2733 1.34e+08   21.91%
 2503033 1719946        0.3381   739        0.3501        0.2733 1.34e+08   21.91%
 2509686 1725018        0.3018   805        0.3501        0.2733 1.34e+08   21.91%
Elapsed time = 17776.27 sec. (2769503.52 ticks, tree = 272993.25 MB, solutions = 175)
Nodefile size = 270904.10 MB (246888.85 MB after compression)
 2515577 1724974        0.3444   629        0.3501        0.2733 1.34e+08   21.91%
 2520142 1735462        0.3139   791        0.3501        0.2734 1.35e+08   21.91%
 2523049 1740513        0.2851   880        0.3501        0.2734 1.35e+08   21.91%
 2526768 1742250        0.3294   816        0.3501        0.2734 1.35e+08   21.91%
 2530549 1745743        0.3373   711        0.3501        0.2734 1.35e+08   21.91%
 2534037 1745223        0.3492   669        0.3501        0.2734 1.35e+08   21.91%
 2537232 1748493        0.2823   899        0.3501        0.2734 1.36e+08   21.91%
 2540135 1755438        0.3114   749        0.3501        0.2734 1.36e+08   21.91%
 2543736 1757938        0.3398   538        0.3501        0.2734 1.36e+08   21.91%
 2547077 1758764        0.2933   926        0.3501        0.2734 1.36e+08   21.91%
Elapsed time = 17947.09 sec. (2807659.16 ticks, tree = 278541.66 MB, solutions = 175)
Nodefile size = 276439.16 MB (251949.44 MB after compression)
 2549736 1761050        0.3484   831        0.3501        0.2734 1.36e+08   21.91%
 2552545 1766320        0.3339   556        0.3501        0.2734 1.37e+08   21.90%
 2555277 1768340        0.2994   820        0.3501        0.2734 1.37e+08   21.90%
 2559551 1770257        0.3143   688        0.3501        0.2734 1.37e+08   21.90%
 2566561 1772127        0.3459   771        0.3501        0.2734 1.37e+08   21.90%
 2573322 1776128        0.3264   693        0.3501        0.2734 1.37e+08   21.90%
 2578199 1787191        0.3461   568        0.3501        0.2734 1.38e+08   21.90%
 2581892 1785699        0.3366   937        0.3501        0.2734 1.38e+08   21.90%
 2585548 1790845        0.3367   535        0.3501        0.2734 1.38e+08   21.90%
 2588769 1794170        0.3437   824        0.3501        0.2734 1.38e+08   21.90%
Elapsed time = 18119.30 sec. (2845812.37 ticks, tree = 283664.10 MB, solutions = 175)
Nodefile size = 281560.46 MB (256600.03 MB after compression)
 2592372 1797110        0.3244   905        0.3501        0.2734 1.38e+08   21.90%
 2595808 1799487        0.2961   795        0.3501        0.2734 1.39e+08   21.90%
 2599686 1806931        0.3367   484        0.3501        0.2734 1.39e+08   21.90%
 2603230 1808495        0.3391   632        0.3501        0.2734 1.39e+08   21.90%
 2606581 1815159        0.3364   640        0.3501        0.2734 1.39e+08   21.90%
 2610058 1814608        0.3417   613        0.3501        0.2734 1.39e+08   21.90%
 2613875 1819398        0.2839   955        0.3501        0.2734 1.40e+08   21.90%
 2618060 1819602        0.3353   633        0.3501        0.2734 1.40e+08   21.90%
 2622148 1828849        0.3470   573        0.3501        0.2734 1.40e+08   21.90%
 2626155 1831803        0.3306   624        0.3501        0.2734 1.40e+08   21.89%
Elapsed time = 18296.84 sec. (2883976.07 ticks, tree = 289853.69 MB, solutions = 175)
Nodefile size = 287753.76 MB (262270.12 MB after compression)
 2629668 1833515        0.3253   676        0.3501        0.2734 1.40e+08   21.89%
 2633857 1835563        0.3270   620        0.3501        0.2734 1.40e+08   21.89%
 2637959 1841892        0.3273   730        0.3501        0.2734 1.41e+08   21.89%
 2641406 1846331        0.3262   712        0.3501        0.2734 1.41e+08   21.89%
 2644415 1849961        0.3032   909        0.3501        0.2734 1.41e+08   21.89%
 2647460 1850012        0.3440   758        0.3501        0.2734 1.41e+08   21.89%
 2650807 1853214        0.3309   812        0.3501        0.2734 1.41e+08   21.89%
 2655203 1853961        0.2834   848        0.3501        0.2734 1.42e+08   21.89%
 2661036 1856611        0.3497   845        0.3501        0.2734 1.42e+08   21.89%
 2667771 1860942        0.3456   668        0.3501        0.2734 1.42e+08   21.89%
Elapsed time = 18473.15 sec. (2922133.21 ticks, tree = 294645.15 MB, solutions = 175)
Nodefile size = 292534.54 MB (266644.00 MB after compression)
 2672806 1869662        0.3260   631        0.3501        0.2734 1.42e+08   21.89%
 2676950 1877236        0.3334   891        0.3501        0.2734 1.43e+08   21.89%
 2681303 1878193        0.3262   898        0.3501        0.2734 1.43e+08   21.89%
 2685511 1879834        0.3377   656        0.3501        0.2734 1.43e+08   21.89%
 2689600 1881830        0.3407   459        0.3501        0.2734 1.43e+08   21.89%
 2693978 1884969        0.3358   693        0.3501        0.2734 1.43e+08   21.88%
 2698061 1896776        0.3208   760        0.3501        0.2734 1.44e+08   21.88%
 2701477 1899729        cutoff              0.3501        0.2734 1.44e+08   21.88%
 2705242 1900667        0.3356   632        0.3501        0.2734 1.44e+08   21.88%
 2709199 1907079        0.3382   603        0.3501        0.2735 1.45e+08   21.88%
Elapsed time = 18658.91 sec. (2960288.07 ticks, tree = 302237.51 MB, solutions = 175)
Nodefile size = 300144.51 MB (273611.32 MB after compression)
 2713811 1904355        0.3499   495        0.3501        0.2735 1.44e+08   21.88%
 2718747 1913655        0.3410   717        0.3501        0.2735 1.45e+08   21.88%
 2721715 1912397        0.3093   798        0.3501        0.2735 1.45e+08   21.88%
 2725427 1914734        0.3352   702        0.3501        0.2735 1.45e+08   21.88%
 2729326 1921003        0.3351   647        0.3501        0.2735 1.45e+08   21.88%
 2733755 1924168        0.3190   920        0.3501        0.2735 1.45e+08   21.88%
 2737495 1925913        0.3270   698        0.3501        0.2735 1.46e+08   21.88%
 2741498 1931175        0.2990   824        0.3501        0.2735 1.46e+08   21.88%
 2744791 1937183        0.3468   610        0.3501        0.2735 1.46e+08   21.88%
 2748442 1939893        0.3292   801        0.3501        0.2735 1.46e+08   21.88%
Elapsed time = 18836.10 sec. (2998443.53 ticks, tree = 307643.24 MB, solutions = 175)
Nodefile size = 305541.44 MB (278551.24 MB after compression)
 2753040 1944556        0.3406   655        0.3501        0.2735 1.47e+08   21.88%
 2757200 1947431        0.3290   863        0.3501        0.2735 1.47e+08   21.88%
 2761770 1953505        0.3354   820        0.3501        0.2735 1.47e+08   21.88%
 2766574 1953718        0.3478   549        0.3501        0.2735 1.47e+08   21.87%
 2771858 1955397        0.3440   658        0.3501        0.2735 1.47e+08   21.87%
 2777617 1960973        0.2945   897        0.3501        0.2735 1.47e+08   21.87%
 2782808 1970671        0.3471   405        0.3501        0.2735 1.48e+08   21.87%
 2787696 1969389        0.3170   844        0.3501        0.2735 1.48e+08   21.87%
 2791718 1978393        0.3459   695        0.3501        0.2735 1.48e+08   21.87%
 2796054 1985224        0.3208   954        0.3501        0.2735 1.49e+08   21.87%
Elapsed time = 19022.12 sec. (3036600.99 ticks, tree = 315145.67 MB, solutions = 175)
Nodefile size = 313040.25 MB (285366.61 MB after compression)
 2800516 1983053        0.2903   935        0.3501        0.2735 1.48e+08   21.87%
 2805841 1991288        0.3342   851        0.3501        0.2735 1.49e+08   21.87%
 2809826 1992775        0.3367   635        0.3501        0.2735 1.49e+08   21.87%
 2813916 2002736        0.3212   867        0.3501        0.2735 1.49e+08   21.87%
 2818006 2000902        0.2902   886        0.3501        0.2735 1.49e+08   21.87%
 2822127 2007691        0.3109   672        0.3501        0.2735 1.50e+08   21.87%
*2823177+2009665                            0.3496        0.2735            21.76%
*2824133+1980634                            0.3494        0.2735            21.72%
 2826026 2008483        0.3494   271        0.3494        0.2735 1.50e+08   21.72%
 2830283 1969063        0.3490   777        0.3494        0.2735 1.50e+08   21.72%
 2834254 1973681        0.3154   849        0.3494        0.2735 1.50e+08   21.72%
*2836737+1977527                            0.3494        0.2735            21.71%
 2838440 1973239        0.2965   888        0.3494        0.2735 1.50e+08   21.71%
Elapsed time = 19197.42 sec. (3074753.51 ticks, tree = 313416.84 MB, solutions = 178)
Nodefile size = 311300.37 MB (283793.44 MB after compression)
*2839934+1974691                            0.3492        0.2735            21.68%
 2842713 1968409        0.3454   738        0.3492        0.2735 1.51e+08   21.68%
 2846827 1972830        0.3329   698        0.3492        0.2735 1.51e+08   21.68%
 2850551 1972794        0.2768   969        0.3492        0.2735 1.51e+08   21.68%
*2853160+1973449                            0.3488        0.2735            21.58%
 2854262 1972384        0.2770   955        0.3488        0.2735 1.51e+08   21.58%
 2858476 1948668        0.3254   760        0.3488        0.2735 1.52e+08   21.58%
 2863262 1948760        0.2863   882        0.3488        0.2735 1.52e+08   21.58%
 2867144 1950810        0.3074   936        0.3488        0.2735 1.52e+08   21.58%
 2871536 1958769        0.3036   918        0.3488        0.2735 1.52e+08   21.58%
 2875934 1959976        0.3416   481        0.3488        0.2735 1.52e+08   21.58%
 2880547 1962417        0.3407   618        0.3488        0.2735 1.52e+08   21.58%
Elapsed time = 19378.68 sec. (3112907.11 ticks, tree = 311891.12 MB, solutions = 181)
Nodefile size = 309723.36 MB (282327.19 MB after compression)
 2885413 1971667        0.3218  1008        0.3488        0.2735 1.53e+08   21.58%
*2888739+1971754                            0.3487        0.2735            21.57%
 2889691 1973469        0.3053   816        0.3487        0.2735 1.53e+08   21.57%
 2893604 1977264        0.3255   878        0.3487        0.2735 1.53e+08   21.57%
 2897375 1978873        0.3358   797        0.3487        0.2735 1.54e+08   21.57%
 2901428 1980407        0.2984   827        0.3487        0.2735 1.54e+08   21.57%
 2905630 1990255        0.3480   441        0.3487        0.2735 1.54e+08   21.57%
 2909086 1991254        0.3412   535        0.3487        0.2735 1.54e+08   21.56%
 2913126 1994969        0.3321   551        0.3487        0.2735 1.54e+08   21.56%
 2916334 1994809        0.3304   803        0.3487        0.2735 1.54e+08   21.56%
 2919559 2001755        0.3437   562        0.3487        0.2735 1.55e+08   21.56%
Elapsed time = 19565.49 sec. (3151062.60 ticks, tree = 318420.45 MB, solutions = 182)
Nodefile size = 316316.40 MB (288345.22 MB after compression)
*2922257+2003996                            0.3486        0.2735            21.54%
 2923309 1997343        0.3271   662        0.3486        0.2735 1.55e+08   21.54%
 2927177 2005416        0.3307   860        0.3486        0.2735 1.55e+08   21.54%
 2930343 2002116        0.3459   509        0.3486        0.2735 1.55e+08   21.54%
 2934070 2003191        0.3240   772        0.3486        0.2736 1.56e+08   21.53%
 2937885 2008547        0.3405   483        0.3486        0.2736 1.56e+08   21.53%
 2941514 2005737        0.3207  1018        0.3486        0.2736 1.56e+08   21.53%
 2945720 2015503        0.3361   862        0.3486        0.2736 1.56e+08   21.53%
 2949854 2016146        0.3292   450        0.3486        0.2736 1.56e+08   21.53%
 2953659 2018517        0.3317   934        0.3486        0.2736 1.56e+08   21.53%
 2957425 2026237        0.3413   759        0.3486        0.2736 1.57e+08   21.53%
Elapsed time = 19751.08 sec. (3189219.01 ticks, tree = 322505.87 MB, solutions = 183)
Nodefile size = 320396.93 MB (292096.06 MB after compression)
 2961394 2026696        0.3451   665        0.3486        0.2736 1.57e+08   21.53%
 2965394 2033036        0.3471   505        0.3486        0.2736 1.57e+08   21.53%
 2969007 2035478        0.3327   585        0.3486        0.2736 1.57e+08   21.53%
 2972960 2036713        0.3097   704        0.3486        0.2736 1.58e+08   21.53%
