Filter at 1std, 1count, 1%frequency
STD	Number of positions discarded due to coverage deviation: 728
COUNT	Number of nucleotides discarded due to low count: 109
COUNT	Number of columns discarded due to low leading to empty column: 0
FREQ	Number of nucleotides discarded due to low frequency: 0
FREQ	Number of columns discarded due to low frequency leading to empty column: 0
OUT	Number of variable positions: 24
OUT	Number of invariant positions: 4060
OUT	0 kept strains equivalence classes
Filter at 1std, 1 count, 0.5%frequency
STD	Number of positions discarded due to coverage deviation: 728
COUNT	Number of nucleotides discarded due to low count: 109
COUNT	Number of columns discarded due to low leading to empty column: 0
FREQ	Number of nucleotides discarded due to low frequency: 0
FREQ	Number of columns discarded due to low frequency leading to empty column: 0
OUT	Number of variable positions: 24
OUT	Number of invariant positions: 4060
OUT	0 kept strains equivalence classes
Filter at 2std, 1count, 1%frequency
STD	Number of positions discarded due to coverage deviation: 62
COUNT	Number of nucleotides discarded due to low count: 122
COUNT	Number of columns discarded due to low leading to empty column: 0
FREQ	Number of nucleotides discarded due to low frequency: 0
FREQ	Number of columns discarded due to low frequency leading to empty column: 0
OUT	Number of variable positions: 25
OUT	Number of invariant positions: 4725
OUT	0 kept strains equivalence classes
Filter at 2std, 1 count, 0.5%frequency
STD	Number of positions discarded due to coverage deviation: 62
COUNT	Number of nucleotides discarded due to low count: 122
COUNT	Number of columns discarded due to low leading to empty column: 0
FREQ	Number of nucleotides discarded due to low frequency: 0
FREQ	Number of columns discarded due to low frequency leading to empty column: 0
OUT	Number of variable positions: 25
OUT	Number of invariant positions: 4725
OUT	0 kept strains equivalence classes
