Model: Diversity_model_3
 - number of variables: 30453
   - binary=28744, integer=2, continuous=1707
 - number of constraints: 79848
   - linear=79848
 - parameters: defaults
CPXPARAM_Read_DataCheck                          1
CPXPARAM_RandomSeed                              201804051
CPXPARAM_MIP_Strategy_LBHeur                     1
CPXPARAM_TimeLimit                               86400
CPXPARAM_MIP_Tolerances_MIPGap                   0.02
Tried aggregator 2 times.
MIP Presolve eliminated 297 rows and 296 columns.
MIP Presolve modified 288 coefficients.
Aggregator did 14517 substitutions.
Reduced MIP has 65034 rows, 15640 columns, and 165208 nonzeros.
Reduced MIP has 14516 binaries, 0 generals, 288 SOSs, and 0 indicators.
Presolve time = 11.74 sec. (572.71 ticks)
Probing changed sense of 48 constraints.
Probing time = 32.73 sec. (75.06 ticks)
Tried aggregator 2 times.
MIP Presolve eliminated 7318 rows and 854 columns.
Aggregator did 96 substitutions.
Reduced MIP has 57620 rows, 14690 columns, and 144770 nonzeros.
Reduced MIP has 13614 binaries, 0 generals, 288 SOSs, and 0 indicators.
Presolve time = 11.80 sec. (744.15 ticks)
Probing time = 13.72 sec. (70.90 ticks)
Clique table members: 87125.
MIP emphasis: balance optimality and feasibility.
MIP search method: dynamic search.
Parallel mode: deterministic, using up to 32 threads.
Root relaxation solution time = 30.67 sec. (989.14 ticks)

        Nodes                                         Cuts/
   Node  Left     Objective  IInf  Best Integer    Best Bound    ItCnt     Gap

      0     0       -0.0000  8584                     -0.0000       39         
      0     0        0.0008  5553                  Cuts: 7806     2655         
*     0+    0                            3.2896        0.0008            99.97%
      0     0        0.0021  6555        3.2896    Cuts: 6751     7343   99.94%
      0     0        0.0034  7287        3.2896    Cuts: 6778    11617   99.90%
*     0+    0                            2.7775        0.0034            99.88%
*     0+    0                            2.7077        0.0034            99.87%
*     0+    0                            0.5308        0.0034            99.36%
      0     0        0.0048  8481        0.5308    Cuts: 4821    18301   99.10%
*     0+    0                            0.5263        0.0048            99.10%
      0     0        0.0059  8863        0.5263    Cuts: 3968    22108   98.88%

Repeating presolve.
Tried aggregator 2 times.
MIP Presolve eliminated 46738 rows and 12011 columns.
MIP Presolve modified 1175 coefficients.
Aggregator did 48 substitutions.
Reduced MIP has 10834 rows, 2631 columns, and 28616 nonzeros.
Reduced MIP has 1603 binaries, 0 generals, 288 SOSs, and 0 indicators.
Presolve time = 1.31 sec. (98.38 ticks)
Probing time = 0.85 sec. (20.76 ticks)
Tried aggregator 1 time.
MIP Presolve eliminated 112 rows and 7 columns.
MIP Presolve modified 1611 coefficients.
Reduced MIP has 10722 rows, 2624 columns, and 28294 nonzeros.
Reduced MIP has 1596 binaries, 0 generals, 288 SOSs, and 0 indicators.
Presolve time = 0.45 sec. (60.24 ticks)
Represolve time = 4.82 sec. (1062.80 ticks)
Probing time = 0.40 sec. (16.67 ticks)
Clique table members: 16821.
MIP emphasis: balance optimality and feasibility.
MIP search method: dynamic search.
Parallel mode: deterministic, using up to 32 threads.
Root relaxation solution time = 3.56 sec. (273.01 ticks)

        Nodes                                         Cuts/
   Node  Left     Objective  IInf  Best Integer    Best Bound    ItCnt     Gap

*     0+    0                            0.5263        0.0059            98.88%
      0     0        0.0112   787        0.5263        0.0112    22139   97.86%
*     0+    0                            0.5217        0.0112            97.85%
      0     0        0.0161   590        0.5217    Cuts: 2202    23206   96.92%
      0     0        0.0181   785        0.5217     Cuts: 587    23973   96.52%
      0     0        0.0194   837        0.5217     Cuts: 629    24919   96.27%
      0     0        0.0203   805        0.5217    Cuts: 1018    26021   96.12%
      0     0        0.0208   849        0.5217     Cuts: 540    26641   96.02%
      0     0        0.0214   786        0.5217     Cuts: 775    27527   95.89%
      0     0        0.0219   844        0.5217     Cuts: 719    27966   95.80%
      0     0        0.0223   848        0.5217     Cuts: 659    28533   95.72%
      0     0        0.0226   818        0.5217     Cuts: 500    29105   95.67%
*     0+    0                            0.5155        0.0226            95.61%
      0     0        0.0230   858        0.5155     Cuts: 802    29913   95.54%
*     0+    0                            0.5117        0.0230            95.51%
*     0+    0                            0.4930        0.0230            95.34%
*     0+    0                            0.4901        0.0230            95.31%
      0     0        0.0234   839        0.4901     Cuts: 604    30577   95.23%
      0     0        0.0237   817        0.4901     Cuts: 518    31177   95.16%
      0     0        0.0239   839        0.4901     Cuts: 627    31872   95.12%
      0     0        0.0241   837        0.4901     Cuts: 650    32532   95.08%
      0     0        0.0243   814        0.4901     Cuts: 476    33630   95.03%
      0     0        0.0245   810        0.4901     Cuts: 514    34180   95.00%
      0     0        0.0246   816        0.4901     Cuts: 601    34928   94.98%
      0     0        0.0247   844        0.4901     Cuts: 461    35444   94.96%
      0     0        0.0248   823        0.4901     Cuts: 418    36017   94.93%
      0     0        0.0249   825        0.4901     Cuts: 451    36690   85.73%
*     0+    0                            0.4866        0.0700            85.62%
      0     0        0.0250   788        0.4866     Cuts: 243    37266   84.27%
*     0+    0                            0.4864        0.0765            84.26%
      0     0        0.0252   782        0.4864     Cuts: 641    37923   84.26%
*     0+    0                            0.4831        0.0765            84.16%
*     0+    0                            0.4791        0.0765            84.02%
      0     2        0.0252   585        0.4791        0.0765    38391   84.02%
Elapsed time = 887.41 sec. (47228.03 ticks, tree = 0.02 MB, solutions = 14)
      4     3        0.0254   599        0.4791        0.0765    38838   84.02%
*    26+    9                            0.4791        0.0765            84.02%
     34    16        cutoff              0.4791        0.0765    49957   84.02%
*   106+    6                            0.4791        0.0765            84.02%
    187    32        cutoff              0.4791        0.0765    75233   84.02%
    787   236        0.1817   366        0.4791        0.0765   119944   84.02%
   1896   816        0.4625    80        0.4791        0.0765   160342   84.02%
*  2226+  677                            0.4767        0.0765            83.94%
   2421  1114        0.3573   444        0.4767        0.0765   206000   83.94%
   3327  1356        0.4529   684        0.4767        0.0765   239953   83.94%
   4129  2007        0.4382   167        0.4767        0.1307   298925   72.58%
   4937  2244        cutoff              0.4767        0.1664   358494   65.10%
   7846  3745        0.0272   608        0.4767        0.3325   486277   30.26%
Elapsed time = 1017.01 sec. (56701.48 ticks, tree = 14.92 MB, solutions = 15)
   7850  3745        0.0272   467        0.4767        0.3325   486664   30.26%
   8109    49        cutoff              0.4767        0.3325   545012   30.26%
  11508  1871        0.4095   132        0.4767        0.3325   657653   30.26%
  19898  7310        0.4416   187        0.4767        0.3892   779217   18.36%
  32200 14440        0.4121   209        0.4767        0.4042   896470   15.21%
  44032 23289        0.4611    66        0.4767        0.4134  1013447   13.29%
  56165 31479    infeasible              0.4767        0.4160  1120474   12.75%
  67097 38047        cutoff              0.4767        0.4176  1198965   12.41%
  78841 45147        0.4597    97        0.4767        0.4206  1287899   11.78%
  89760 52683        0.4585    82        0.4767        0.4222  1398010   11.43%
Elapsed time = 1172.96 sec. (66280.43 ticks, tree = 145.91 MB, solutions = 15)
  99820 59627        0.4514   110        0.4767        0.4238  1576320   11.11%
 110144 65479        0.4394   125        0.4767        0.4251  1711626   10.83%
 111524 68669        0.0322   417        0.4767        0.4255  1798926   10.76%
 111533 41203        0.1639   459        0.4767        0.4255  1802434   10.76%
 111645    32        cutoff              0.4767        0.4255  1841695   10.76%
 112009    69        0.4292   119        0.4767        0.4255  1883071   10.76%
 115284  2184        0.4617    45        0.4767        0.4255  1924943   10.76%
 125524  8940        0.4513    96        0.4767        0.4255  2009279   10.76%
*129941 13416      integral     0        0.4704        0.4255  2056207    9.56%
 136023 16327        0.4653    50        0.4704        0.4255  2106578    9.56%
*141823+18613                            0.4667        0.4255             8.85%
*143933+18836                            0.4647        0.4255             8.45%
 144901 19548        cutoff              0.4647        0.4255  2183594    8.45%
Elapsed time = 1438.93 sec. (82191.76 ticks, tree = 47.31 MB, solutions = 18)
 153150 24850        0.4520    86        0.4647        0.4255  2256111    8.45%
 162741 31455        0.4575    42        0.4647        0.4278  2343040    7.95%
 172915 37933        0.4461   148        0.4647        0.4301  2424158    7.46%
 182758 41743        0.4536   131        0.4647        0.4314  2481422    7.18%
*190066 49661      integral     0        0.4624        0.4330  2578412    6.37%
 190757 46146        0.4599    50        0.4624        0.4332  2586448    6.32%
*193102+46337                            0.4620        0.4334             6.17%
 197251 47333        0.4605    49        0.4620        0.4336  2621808    6.15%
 203496 51909        cutoff              0.4620        0.4346  2685420    5.92%
 215562 58414        0.4562    95        0.4620        0.4358  2771293    5.67%
 222163 63489        0.4543    73        0.4620        0.4367  2849696    5.46%
 235510 68231        cutoff              0.4620        0.4374  2922477    5.32%
Elapsed time = 1532.70 sec. (91729.74 ticks, tree = 172.51 MB, solutions = 21)
 242402 74730        0.4485   144        0.4620        0.4380  3008653    5.19%
 249579 79483        0.4528    81        0.4620        0.4387  3094939    5.03%
 259999 82566        0.4402   105        0.4620        0.4392  3147393    4.93%
 268010 90201        0.4471   121        0.4620        0.4396  3250822    4.84%
 275358 93750        0.4571    84        0.4620        0.4401  3315582    4.74%
 282578 98139        0.4441    98        0.4620        0.4405  3398271    4.64%
 297778 103325        0.4526    91        0.4620        0.4409  3475966    4.56%
 304594 110872        0.4569    41        0.4620        0.4413  3583111    4.47%
 312000 114022        0.4593    72        0.4620        0.4418  3644618    4.37%
 319143 117845        0.4472    96        0.4620        0.4422  3718737    4.28%
Elapsed time = 1626.75 sec. (101268.14 ticks, tree = 305.07 MB, solutions = 21)
 330887 121522        0.4562    88        0.4620        0.4425  3785569    4.21%
 339685 129209        0.4560    89        0.4620        0.4428  3891715    4.15%
 347134 132226        0.4599    95        0.4620        0.4431  3951987    4.08%
 354399 136470        0.4619   103        0.4620        0.4435  4036777    4.01%
 367579 139561        0.4553    84        0.4620        0.4437  4096657    3.95%
 375857 148435    infeasible              0.4620        0.4439  4226025    3.90%
 383175 151190        0.4614    62        0.4620        0.4442  4283463    3.84%
 390646 155318        0.4487   107        0.4620        0.4445  4374477    3.77%
 398771 158103        0.4558    55        0.4620        0.4448  4433172    3.72%
 412579 164364        0.4593   118        0.4620        0.4450  4528239    3.67%
Elapsed time = 1751.31 sec. (110806.34 ticks, tree = 434.41 MB, solutions = 21)
 419881 169250        0.4561    68        0.4620        0.4452  4616680    3.63%
 427231 172356        cutoff              0.4620        0.4455  4686742    3.56%
 434672 176174        0.4581    64        0.4620        0.4457  4769884    3.51%
 445692 179489        0.4507    52        0.4620        0.4459  4843657    3.47%
 456526 186342        cutoff              0.4620        0.4461  4945075    3.43%
 463392 189713        cutoff              0.4620        0.4463  5023896    3.39%
 470695 191968        0.4532   133        0.4620        0.4465  5074860    3.34%
 478155 194442        0.4577    52        0.4620        0.4467  5133944    3.29%
 485361 197641        0.4612    80        0.4620        0.4469  5207146    3.26%
 499128 200990        0.4577   170        0.4620        0.4471  5285042    3.23%
Elapsed time = 1864.12 sec. (120344.61 ticks, tree = 535.10 MB, solutions = 21)
 507147 207937        0.4526    96        0.4620        0.4472  5403430    3.19%
 514517 210265        0.4563   125        0.4620        0.4474  5462416    3.16%
 522143 213639        0.4569    98        0.4620        0.4476  5550086    3.10%
 529506 216799        0.4617    93        0.4620        0.4478  5628232    3.07%
 537313 217960        cutoff              0.4620        0.4479  5658995    3.04%
*538774+218623                            0.4619        0.4480             3.01%
*542355+218946                            0.4604        0.4480             2.69%
 548294 195838        0.4568    71        0.4604        0.4481  5734996    2.68%
 555600 200228        cutoff              0.4604        0.4482  5827558    2.64%
 563347 202447        cutoff              0.4604        0.4483  5905366    2.62%
 571092 204222        0.4595    84        0.4604        0.4485  5969457    2.58%
 578552 206493        cutoff              0.4604        0.4487  6048106    2.54%
Elapsed time = 1969.77 sec. (129882.88 ticks, tree = 550.35 MB, solutions = 23)
 586191 208919        0.4541   101        0.4604        0.4488  6135038    2.51%
 593754 210699        0.4570   105        0.4604        0.4490  6202559    2.47%
 601398 212271        0.4585    53        0.4604        0.4491  6261804    2.44%
 608962 214467        0.4588   114        0.4604        0.4493  6347785    2.41%
 616845 216325        cutoff              0.4604        0.4494  6426167    2.38%
 624287 218043        0.4552   129        0.4604        0.4495  6495338    2.35%
 631931 220066        0.4519    75        0.4604        0.4497  6575043    2.32%
 639974 220777        cutoff              0.4604        0.4498  6610777    2.29%
 647453 223125        0.4594    63        0.4604        0.4500  6717874    2.26%
 655169 224146        0.4540    63        0.4604        0.4501  6764235    2.23%
Elapsed time = 2072.55 sec. (139420.35 ticks, tree = 598.62 MB, solutions = 23)
 662970 225761        cutoff              0.4604        0.4502  6841402    2.21%
 671044 227829        cutoff              0.4604        0.4504  6952660    2.18%
 678790 229201        0.4593    79        0.4604        0.4505  7019446    2.15%
 686900 230873        0.4570   107        0.4604        0.4506  7115894    2.12%
 694616 231879        0.4583    55        0.4604        0.4507  7174603    2.10%
 702378 233502        0.4587    81        0.4604        0.4509  7270332    2.06%

Clique cuts applied:  314
Implied bound cuts applied:  5
Flow cuts applied:  48
Mixed integer rounding cuts applied:  92
Zero-half cuts applied:  99
Lift and project cuts applied:  4
Gomory fractional cuts applied:  21

Root node processing (before b&c):
  Real time             =  882.12 sec. (47130.76 ticks)
Parallel b&c, 32 threads:
  Real time             = 1275.54 sec. (98116.38 ticks)
  Sync time (average)   =  629.43 sec.
  Wait time (average)   =    6.30 sec.
                          ------------
Total (root+branch&cut) = 2157.66 sec. (145247.14 ticks)
Solution found
