Model: Diversity_model_3
 - number of variables: 18759
   - binary=16268, integer=2, continuous=2489
 - number of constraints: 72492
   - linear=72492
 - parameters: defaults
CPXPARAM_Read_DataCheck                          1
CPXPARAM_RandomSeed                              201804051
CPXPARAM_MIP_Strategy_LBHeur                     1
CPXPARAM_TimeLimit                               86400
CPXPARAM_MIP_Tolerances_MIPGap                   0.02
Tried aggregator 2 times.
MIP Presolve eliminated 534 rows and 528 columns.
MIP Presolve modified 260 coefficients.
Aggregator did 8525 substitutions.
Reduced MIP has 63433 rows, 9706 columns, and 174938 nonzeros.
Reduced MIP has 8264 binaries, 0 generals, 520 SOSs, and 0 indicators.
Presolve time = 1.43 sec. (582.14 ticks)
Probing changed sense of 26 constraints.
Probing time = 0.65 sec. (56.78 ticks)
Tried aggregator 2 times.
MIP Presolve eliminated 8865 rows and 763 columns.
Aggregator did 52 substitutions.
Reduced MIP has 54516 rows, 8891 columns, and 149765 nonzeros.
Reduced MIP has 7475 binaries, 0 generals, 520 SOSs, and 0 indicators.
Presolve time = 2.54 sec. (599.97 ticks)
Probing time = 0.40 sec. (42.39 ticks)
Clique table members: 83824.
MIP emphasis: balance optimality and feasibility.
MIP search method: dynamic search.
Parallel mode: deterministic, using up to 32 threads.
Root relaxation solution time = 1.16 sec. (587.77 ticks)

        Nodes                                         Cuts/
   Node  Left     Objective  IInf  Best Integer    Best Bound    ItCnt     Gap

      0     0        0.2644  2587                      0.2644     4705         
*     0+    0                            3.9640        0.2644            93.33%
      0     0        0.2644  3624        3.9640    Cuts: 2289     7070   93.33%
      0     0        0.2644  2045        3.9640    Cuts: 1553     8756   93.33%
      0     0        0.2644  2268        3.9640    Cuts: 1511    10238   93.33%
*     0+    0                            2.6393        0.2644            89.98%
*     0+    0                            2.5206        0.2644            89.51%
*     0+    0                            2.4149        0.2644            89.05%
Heuristic still looking.

Repeating presolve.
Tried aggregator 2 times.
MIP Presolve eliminated 43153 rows and 6043 columns.
Aggregator did 26 substitutions.
Reduced MIP has 11337 rows, 2822 columns, and 32465 nonzeros.
Reduced MIP has 1432 binaries, 0 generals, 520 SOSs, and 0 indicators.
Presolve time = 0.27 sec. (100.61 ticks)
Probing time = 0.35 sec. (18.97 ticks)
Tried aggregator 1 time.
MIP Presolve eliminated 759 rows and 69 columns.
Reduced MIP has 10578 rows, 2753 columns, and 30326 nonzeros.
Reduced MIP has 1363 binaries, 0 generals, 520 SOSs, and 0 indicators.
Presolve time = 0.11 sec. (41.63 ticks)
Probing time = 0.20 sec. (18.72 ticks)
Tried aggregator 1 time.
MIP Presolve eliminated 352 rows and 32 columns.
Reduced MIP has 10226 rows, 2721 columns, and 29334 nonzeros.
Reduced MIP has 1331 binaries, 0 generals, 520 SOSs, and 0 indicators.
Presolve time = 0.15 sec. (48.06 ticks)
Represolve time = 1.44 sec. (619.35 ticks)
Probing time = 0.19 sec. (6.38 ticks)
Clique table members: 17438.
MIP emphasis: balance optimality and feasibility.
MIP search method: dynamic search.
Parallel mode: deterministic, using up to 32 threads.
Root relaxation solution time = 118.04 sec. (504.47 ticks)

        Nodes                                         Cuts/
   Node  Left     Objective  IInf  Best Integer    Best Bound    ItCnt     Gap

*     0+    0                            2.4149        0.2644            89.05%
      0     0        0.2644   763        2.4149        0.2644    10256   89.05%
*     0+    0                            0.7368        0.2644            64.12%
      0     0        0.2660   728        0.7368    Cuts: 1343    12893   63.90%
*     0+    0                            0.7316        0.2660            63.64%
      0     0        0.2693   782        0.7316    Cuts: 1522    15484   63.19%
*     0+    0                            0.5233        0.2693            48.54%
      0     0        0.2728   803        0.5233    Cuts: 1152    17363   47.87%
*     0+    0                            0.5182        0.2728            47.35%
*     0+    0                            0.5181        0.2728            47.34%
      0     0        0.2746   797        0.5181     Cuts: 882    18498   47.00%
      0     0        0.2760   799        0.5181     Cuts: 676    19536   46.73%
      0     0        0.2773   745        0.5181    Cuts: 1019    21076   46.48%
      0     0        0.2787   792        0.5181     Cuts: 816    22420   46.20%
*     0+    0                            0.4947        0.2787            43.65%
      0     0        0.2805   816        0.4947     Cuts: 900    23641   43.31%
      0     0        0.2820   748        0.4947     Cuts: 651    24579   43.00%
      0     0        0.2834   797        0.4947     Cuts: 649    25728   42.72%
*     0+    0                            0.4212        0.2834            32.72%
      0     0        0.2855   759        0.4212     Cuts: 898    26896   32.23%
*     0+    0                            0.4211        0.2855            32.21%
      0     0        0.2870   801        0.4211     Cuts: 789    27913   31.83%
      0     0        0.2890   828        0.4211     Cuts: 780    28918   31.36%
      0     0        0.2908   781        0.4211     Cuts: 871    30318   30.93%
      0     0        0.2920   819        0.4211     Cuts: 584    31351   30.66%
      0     0        0.2933   829        0.4211     Cuts: 683    32316   30.34%
      0     0        0.2941   777        0.4211     Cuts: 568    33169   30.17%
      0     0        0.2951   814        0.4211     Cuts: 370    34112   29.93%
      0     0        0.2960   771        0.4211     Cuts: 432    35055   29.71%
      0     0        0.2968   785        0.4211     Cuts: 545    36095   29.52%
      0     0        0.2974   811        0.4211     Cuts: 456    36954   29.37%
      0     0        0.2983   797        0.4211     Cuts: 545    37910   29.16%
      0     0        0.2991   773        0.4211     Cuts: 568    39070   28.96%
      0     0        0.2995   783        0.4211     Cuts: 719    39986   28.87%
      0     0        0.2999   690        0.4211     Cuts: 449    40971   28.78%
      0     0        0.3004   711        0.4211     Cuts: 698    41894   28.66%
      0     0        0.3010   752        0.4211     Cuts: 592    42927   28.53%
      0     0        0.3014   750        0.4211     Cuts: 481    43691   28.41%
      0     0        0.3020   735        0.4211     Cuts: 497    44572   28.29%
      0     0        0.3026   771        0.4211     Cuts: 426    45360   28.13%
      0     0        0.3032   765        0.4211     Cuts: 610    46308   28.01%
      0     0        0.3037   756        0.4211     Cuts: 442    47360   27.87%
      0     0        0.3042   783        0.4211     Cuts: 521    48869   27.76%
      0     0        0.3045   730        0.4211     Cuts: 605    50450   27.68%
      0     0        0.3048   726        0.4211     Cuts: 594    51388   27.61%
      0     0        0.3051   722        0.4211     Cuts: 512    52431   27.55%
      0     0        0.3053   796        0.4211     Cuts: 496    53264   27.49%
      0     2        0.3053   747        0.4211        0.3053    53264   27.49%
Elapsed time = 603.90 sec. (55385.25 ticks, tree = 0.02 MB, solutions = 12)
      7     8        0.3090   583        0.4211        0.3053    54296   27.49%
     57    35        0.3162   473        0.4211        0.3053    62560   27.49%
*    58+   15                            0.4202        0.3053            27.34%
    257   136        0.3914   204        0.4202        0.3054    95463   27.33%
    791   356        0.3769   320        0.4202        0.3054   133349   27.33%
   1583   671        0.3758   383        0.4202        0.3054   157507   27.33%
   2002  1143        0.4104   110        0.4202        0.3054   194332   27.33%
*  2357+  791                            0.4202        0.3054            27.32%
   2530  1345        0.3892   144        0.4202        0.3054   221898   27.32%
   3351  1953        0.4057   322        0.4202        0.3054   254802   27.32%
   4195  2458        0.3361   312        0.4202        0.3054   276262   27.32%
*  6046+ 3333                            0.4199        0.3054            27.27%
   6774  4757        0.3529   385        0.4199        0.3054   398955   27.27%
Elapsed time = 637.43 sec. (58495.31 ticks, tree = 351.46 MB, solutions = 15)
*  8364+ 4410                            0.4194        0.3054            27.18%
*  8364+ 2940                            0.4177        0.3129            25.08%
*  8364+ 1960                            0.4149        0.3131            24.54%
*  8364+ 1306                            0.4141        0.3131            24.38%
*  8364+  870                            0.4065        0.3132            22.95%
*  8364+  580                            0.4060        0.3137            22.75%
   8364   581        0.3145   682        0.4060        0.3145   557663   22.55%
   8366   581        0.3146   567        0.4060        0.3145   558467   22.54%
   8371   175        0.3151   632        0.4060        0.3145   558458   22.54%
   8387    94        0.3217   514        0.4060        0.3147   565020   22.49%
*  8391+   55                            0.4057        0.3147            22.43%
   8559    57        0.3600   192        0.4057        0.3151   584693   22.34%
*  8829+   14                            0.4057        0.3151            22.34%
   9828   889        0.3733   286        0.4057        0.3151   690082   22.33%
  11331  1755        0.3380   415        0.4057        0.3176   789907   21.72%
  13790  2779        0.3972   219        0.4057        0.3183   857996   21.54%
  16180  6108        0.3518   386        0.4057        0.3199  1043313   21.16%
  19555  8882        cutoff              0.4057        0.3216  1171850   20.74%
Elapsed time = 1008.09 sec. (101416.56 ticks, tree = 652.77 MB, solutions = 22)
  22656 11374        0.3634   218        0.4057        0.3234  1284094   20.30%
  26051 14169        0.3455   312        0.4057        0.3247  1431265   19.98%
* 27095 15270      integral     0        0.3999        0.3249  1500798   18.74%
  28140 14284        0.3837   200        0.3999        0.3249  1539040   18.74%
  31787 16702        0.3914   310        0.3999        0.3256  1674753   18.56%
  34866 19281        0.3595   281        0.3999        0.3262  1827383   18.42%
* 35827+19653                            0.3987        0.3264            18.14%
* 38520+21957                            0.3980        0.3266            17.94%
  38770 21649        0.3845   346        0.3980        0.3266  1987934   17.94%
  41406 24051        0.3964   220        0.3980        0.3271  2151446   17.82%
* 42642+24563                            0.3961        0.3272            17.40%
* 42815+24560                            0.3902        0.3272            16.16%
* 43031+24560                            0.3896        0.3272            16.03%
* 43048+24560                            0.3889        0.3272            15.87%
  43679 21530        0.3873   125        0.3889        0.3273  2269161   15.84%
  46334 23232        0.3822   259        0.3889        0.3276  2390040   15.76%
  48519 25254        0.3569   255        0.3889        0.3278  2540583   15.71%
Elapsed time = 1094.43 sec. (110955.39 ticks, tree = 1977.80 MB, solutions = 31)
  51172 27147        0.3886   177        0.3889        0.3282  2663674   15.61%
  54045 29393        0.3348   332        0.3889        0.3284  2821038   15.55%
  56640 31703        0.3795   232        0.3889        0.3288  2985374   15.45%
  59018 32840        0.3686   287        0.3889        0.3290  3071321   15.40%
  61326 35232        0.3626   277        0.3889        0.3291  3224343   15.37%
  63001 36487        0.3848   307        0.3889        0.3293  3301634   15.32%
  64605 37786        0.3878   156        0.3889        0.3293  3381074   15.32%
  66168 38723        0.3683   183        0.3889        0.3293  3440081   15.32%
* 67272+34915                            0.3888        0.3293            15.30%
  67838 40382        0.3465   328        0.3888        0.3293  3552764   15.30%
  69591 41610        cutoff              0.3888        0.3293  3637929   15.30%
Elapsed time = 1185.32 sec. (120590.40 ticks, tree = 3397.02 MB, solutions = 31)
Nodefile size = 1343.39 MB (1274.68 MB after compression)
  71311 42793        cutoff              0.3888        0.3293  3724203   15.30%
* 72151+34770                            0.3886        0.3293            15.26%
  72874 43765        cutoff              0.3886        0.3293  3786197   15.26%
  74581 44989        0.3729   342        0.3886        0.3293  3865472   15.26%
  76564 46613        0.3517   290        0.3886        0.3293  4006773   15.26%
  78244 47722        0.3501   284        0.3886        0.3293  4112609   15.26%
  79640 48940        0.3876   216        0.3886        0.3293  4248814   15.26%
  81421 50902        0.3633   191        0.3886        0.3293  4441388   15.26%
  83701 51400        0.3870   221        0.3886        0.3293  4491331   15.26%
  85908 53264        0.3363   374        0.3886        0.3293  4637697   15.26%
  87669 55470        0.3415   295        0.3886        0.3293  4835987   15.26%
Elapsed time = 1260.87 sec. (130135.36 ticks, tree = 3706.32 MB, solutions = 31)
Nodefile size = 1660.24 MB (1573.23 MB after compression)
  89757 57142        0.3769   247        0.3886        0.3293  4979287   15.26%
  92131 58664        0.3380   264        0.3886        0.3293  5106120   15.26%
  94053 59949        0.3430   351        0.3886        0.3293  5214536   15.26%
  95797 61111        0.3767   156        0.3886        0.3293  5314508   15.26%
  97721 63028        0.3643   301        0.3886        0.3293  5477764   15.26%
  99870 64406        0.3621   238        0.3886        0.3293  5592866   15.26%
 101416 66127        0.3392   384        0.3886        0.3293  5760174   15.26%
 104464 67257        0.3808   156        0.3886        0.3293  5863423   15.26%
 106991 69046        0.3828   221        0.3886        0.3299  6046873   15.10%
 109586 70313        0.3850   222        0.3886        0.3326  6165334   14.42%
Elapsed time = 1347.31 sec. (139674.64 ticks, tree = 3604.97 MB, solutions = 33)
Nodefile size = 1645.76 MB (1559.53 MB after compression)
 112685 73028        0.3568   382        0.3886        0.3327  6416847   14.39%
 113558 75595        0.3373   575        0.3886        0.3373  6736006   13.21%
 113559 75596        0.3374   484        0.3886        0.3373  6739268   13.21%
 113562 56698        cutoff              0.3886        0.3374  6745894   13.19%
 113573 18900        0.3391   419        0.3886        0.3374  6741159   13.19%
 113590  2176        0.3631   180        0.3886        0.3375  6767936   13.15%
 113749    86        0.3830   169        0.3886        0.3375  6819485   13.15%
 114148   272        0.3749   136        0.3886        0.3376  6896521   13.11%
 114729   569        0.3853   122        0.3886        0.3378  6962517   13.07%
 115966   982        0.3800   155        0.3886        0.3379  7013625   13.06%
Elapsed time = 1789.80 sec. (191050.66 ticks, tree = 27.61 MB, solutions = 33)
 117322  1881        0.3881   130        0.3886        0.3379  7089766   13.05%
 118880  3026        0.3739   219        0.3886        0.3379  7213300   13.05%
 120363  4283        0.3740   119        0.3886        0.3379  7327087   13.05%
 122352  5566        0.3885   196        0.3886        0.3393  7440348   12.69%
 123811  7359        cutoff              0.3886        0.3400  7598305   12.52%
 125741  8095        0.3850   194        0.3886        0.3402  7666759   12.46%
 127942  9716        0.3707   200        0.3886        0.3402  7776342   12.45%
 129803 11385        0.3837   126        0.3886        0.3410  7902384   12.25%
 131994 12783        0.3472   248        0.3886        0.3412  8010382   12.20%
 134592 13861        0.3580   369        0.3886        0.3415  8083825   12.13%
Elapsed time = 1875.09 sec. (200594.78 ticks, tree = 721.47 MB, solutions = 33)
 137042 16109        0.3857   200        0.3886        0.3417  8231170   12.07%
 139878 18844        0.3643   184        0.3886        0.3419  8385882   12.02%
 142594 20679        0.3645   156        0.3886        0.3422  8491277   11.94%
 145379 23183        0.3781   163        0.3886        0.3425  8651255   11.88%
 148280 24641        0.3639   254        0.3886        0.3428  8740017   11.80%
 151051 26682        0.3535   283        0.3886        0.3431  8859293   11.71%
 154226 29422        0.3561   213        0.3886        0.3435  9019864   11.61%
 157481 31591        0.3724   154        0.3886        0.3439  9132217   11.50%
 160104 33679        0.3854   159        0.3886        0.3445  9260780   11.36%
 163604 34875        0.3880   130        0.3886        0.3449  9332819   11.24%
Elapsed time = 1974.48 sec. (210133.94 ticks, tree = 1887.35 MB, solutions = 33)
 166610 37089        0.3691   180        0.3886        0.3452  9440883   11.17%
 169513 40154        0.3855   215        0.3886        0.3457  9622483   11.03%
 172889 41857        0.3850   107        0.3886        0.3461  9718247   10.95%
 175713 43640        cutoff              0.3886        0.3462  9798649   10.93%
 178955 45509        0.3768   113        0.3886        0.3467  9888511   10.79%
 181815 47913        0.3882   165        0.3886        0.3474 10005826   10.61%
 185085 49955        cutoff              0.3886        0.3477 10123235   10.52%
 188315 52376        0.3884    90        0.3886        0.3481 10236335   10.44%
 191460 54328        0.3652   236        0.3886        0.3482 10322040   10.41%
 203710 63568        0.3753   144        0.3886        0.3491 10740775   10.17%
Elapsed time = 2148.62 sec. (222534.90 ticks, tree = 3445.38 MB, solutions = 33)
Nodefile size = 1392.60 MB (1099.19 MB after compression)
 212947 70206        0.3688   130        0.3886        0.3491 10985276   10.17%
 225748 78604        0.3814   124        0.3886        0.3503 11347757    9.86%
 237837 88456        0.3600   161        0.3886        0.3514 11765598    9.57%
 249674 94902        0.3724   188        0.3886        0.3515 12022612    9.54%
 260632 103776        0.3700   195        0.3886        0.3515 12355046    9.54%
 273185 112572        0.3686   224        0.3886        0.3522 12724227    9.38%
 283398 120655        0.3848   157        0.3886        0.3522 13034098    9.38%
 296558 128928        0.3848   152        0.3886        0.3536 13403048    9.00%
 306945 136856        0.3793   227        0.3886        0.3536 13733878    9.00%
 318829 145190        0.3655   205        0.3886        0.3545 14148503    8.77%
Elapsed time = 2764.82 sec. (260683.56 ticks, tree = 8281.89 MB, solutions = 33)
Nodefile size = 6226.39 MB (4903.30 MB after compression)
 328927 152603        0.3734   107        0.3886        0.3552 14508246    8.60%
 340652 159882        0.3750   220        0.3886        0.3556 14919197    8.50%
 352324 167786        0.3805    86        0.3886        0.3560 15394546    8.38%
 363592 175568        0.3809   112        0.3886        0.3565 15801439    8.25%
 374666 183768        0.3882   150        0.3886        0.3570 16290427    8.13%
*383896+191358                            0.3823        0.3574             6.53%
 385369 191419        0.3654   245        0.3823        0.3574 16752338    6.52%
 396474 140051        0.3813   118        0.3823        0.3578 17204678    6.42%
 407551 146748        0.3736   168        0.3823        0.3582 17746009    6.31%
*410850+149126                            0.3823        0.3583             6.28%
*413360+151258                            0.3822        0.3584             6.23%
*415084+151549                            0.3820        0.3585             6.16%
*415829+152001                            0.3820        0.3585             6.14%
*415891+152074                            0.3820        0.3585             6.14%
 417604 150547        0.3716   128        0.3820        0.3586 18281467    6.12%
 428011 155460        0.3686   215        0.3820        0.3589 18660530    6.03%
Elapsed time = 3388.46 sec. (298833.42 ticks, tree = 9013.72 MB, solutions = 41)
Nodefile size = 6958.30 MB (5517.47 MB after compression)
*432405 159591      integral     0        0.3804        0.3591 19002170    5.60%
*433596+143871                            0.3801        0.3591             5.53%
*435464+143844                            0.3801        0.3592             5.51%
 438171 142440        0.3731   214        0.3801        0.3593 19192248    5.49%
 448572 147555        0.3765   195        0.3801        0.3597 19665938    5.37%
*454205+150465                            0.3799        0.3599             5.27%
 458884 152254        0.3705   134        0.3799        0.3601 20253987    5.22%
 469908 158068        0.3789   161        0.3799        0.3605 20791568    5.11%
 480828 163663        0.3748   171        0.3799        0.3609 21265227    5.02%
 492220 168814        0.3710   170        0.3799        0.3613 21761828    4.91%
 502932 175205        0.3796   122        0.3799        0.3617 22361044    4.81%
 514904 178781        0.3770   120        0.3799        0.3620 22685790    4.71%
 526276 186191        0.3796   158        0.3799        0.3624 23342889    4.62%
*532228+188712                            0.3799        0.3626             4.57%
 537206 190812        cutoff              0.3799        0.3627 23737741    4.53%
Elapsed time = 3975.26 sec. (336982.93 ticks, tree = 11019.73 MB, solutions = 47)
Nodefile size = 8964.88 MB (7093.62 MB after compression)
 547867 196639        0.3727   190        0.3799        0.3630 24306154    4.44%
 558575 201095        0.3700   177        0.3799        0.3633 24754314    4.37%
 570224 206896        0.3709   225        0.3799        0.3636 25306484    4.29%
 581143 211912        0.3785    67        0.3799        0.3639 25798046    4.20%
*583871+213297                            0.3791        0.3640             3.97%
*585452+202006                            0.3768        0.3641             3.38%
*587262+156159                            0.3767        0.3641             3.35%
*588395+156114                            0.3767        0.3641             3.35%
 591057 155327        0.3763   148        0.3767        0.3642 26305761    3.33%
 601976 159463        cutoff              0.3767        0.3644 26888166    3.26%
 612053 163910        0.3737   163        0.3767        0.3648 27527670    3.18%
 623797 166690        cutoff              0.3767        0.3651 27896547    3.10%
*632521+171453                            0.3765        0.3653             2.97%
 635372 171330        0.3715   175        0.3765        0.3653 28515945    2.96%
*636289+167224                            0.3731        0.3654             2.07%
*636376+166576                            0.3725        0.3654             1.91%

Clique cuts applied:  703
Implied bound cuts applied:  48
Flow cuts applied:  73
Mixed integer rounding cuts applied:  785
Zero-half cuts applied:  294
Lift and project cuts applied:  38
Gomory fractional cuts applied:  2

Root node processing (before b&c):
  Real time             =  599.94 sec. (55351.36 ticks)
Parallel b&c, 32 threads:
  Real time             = 3944.55 sec. (317908.94 ticks)
  Sync time (average)   = 1824.19 sec.
  Wait time (average)   =    2.04 sec.
                          ------------
Total (root+branch&cut) = 4544.49 sec. (373260.30 ticks)
Solution found
