Model: Diversity_model_3
 - number of variables: 1048
   - binary=196, integer=1, continuous=851
 - number of constraints: 2265
   - linear=2265
 - parameters: defaults
CPXPARAM_Read_DataCheck                          1
CPXPARAM_RandomSeed                              201804051
CPXPARAM_MIP_Strategy_LBHeur                     1
CPXPARAM_TimeLimit                               86400
CPXPARAM_MIP_Tolerances_MIPGap                   0.02
Tried aggregator 3 times.
MIP Presolve eliminated 155 rows and 105 columns.
MIP Presolve modified 980 coefficients.
Aggregator did 148 substitutions.
Reduced MIP has 1962 rows, 795 columns, and 4713 nonzeros.
Reduced MIP has 147 binaries, 0 generals, 98 SOSs, and 0 indicators.
Presolve time = 0.01 sec. (8.51 ticks)
Probing fixed 0 vars, tightened 146 bounds.
Probing time = 0.02 sec. (8.01 ticks)
Tried aggregator 2 times.
MIP Presolve modified 467 coefficients.
Aggregator did 49 substitutions.
Reduced MIP has 1913 rows, 746 columns, and 4615 nonzeros.
Reduced MIP has 147 binaries, 0 generals, 98 SOSs, and 0 indicators.
Presolve time = 0.01 sec. (5.03 ticks)
Probing time = 0.01 sec. (3.34 ticks)
Clique table members: 139.
MIP emphasis: balance optimality and feasibility.
MIP search method: dynamic search.
Parallel mode: deterministic, using up to 32 threads.
Root relaxation solution time = 0.04 sec. (20.55 ticks)

        Nodes                                         Cuts/
   Node  Left     Objective  IInf  Best Integer    Best Bound    ItCnt     Gap

      0     0        0.1729   138                      0.1729      662         
*     0+    0                            1.7891        0.1729            90.33%
*     0+    0                            1.6693        0.1729            89.64%
      0     0        0.2346   143        1.6693     Cuts: 578      996   72.93%
*     0+    0                            1.5954        0.4519            71.68%
*     0+    0                            1.2039        0.4519            62.46%
      0     0        0.2874   133        1.2039     Cuts: 495     1228   27.86%
      0     0        0.2952   121        1.2039     Cuts: 162     1307   27.86%
      0     0        0.2980   120        1.2039      Cuts: 53     1348   27.86%
      0     0        0.3008   119        1.2039      Cuts: 38     1377   27.86%

Implied bound cuts applied:  191
Flow cuts applied:  135
Mixed integer rounding cuts applied:  82
Lift and project cuts applied:  1
Gomory fractional cuts applied:  29

Root node processing (before b&c):
  Real time             =   37.20 sec. (313.17 ticks)
Parallel b&c, 32 threads:
  Real time             =    0.00 sec. (0.00 ticks)
  Sync time (average)   =    0.00 sec.
  Wait time (average)   =    0.00 sec.
                          ------------
Total (root+branch&cut) =   37.20 sec. (313.17 ticks)
Solution found
