Model: Diversity_model_3
 - number of variables: 2188
   - binary=318, integer=1, continuous=1869
 - number of constraints: 2983
   - linear=2983
 - parameters: defaults
CPXPARAM_Read_DataCheck                          1
CPXPARAM_RandomSeed                              201804051
CPXPARAM_MIP_Strategy_LBHeur                     1
CPXPARAM_TimeLimit                               86400
CPXPARAM_MIP_Tolerances_MIPGap                   0.02
Tried aggregator 2 times.
MIP Presolve eliminated 325 rows and 325 columns.
MIP Presolve modified 318 coefficients.
Aggregator did 318 substitutions.
Reduced MIP has 2340 rows, 1545 columns, and 6691 nonzeros.
Reduced MIP has 318 binaries, 0 generals, 318 SOSs, and 0 indicators.
Presolve time = 0.03 sec. (8.64 ticks)
Probing changed sense of 18 constraints.
Probing time = 0.01 sec. (2.67 ticks)
Tried aggregator 2 times.
MIP Presolve eliminated 18 rows and 0 columns.
Aggregator did 71 substitutions.
Reduced MIP has 2251 rows, 1474 columns, and 6495 nonzeros.
Reduced MIP has 300 binaries, 0 generals, 318 SOSs, and 0 indicators.
Presolve time = 0.03 sec. (7.47 ticks)
Probing changed sense of 6 constraints.
Probing time = 0.00 sec. (2.75 ticks)
Clique table members: 141.
MIP emphasis: balance optimality and feasibility.
MIP search method: dynamic search.
Parallel mode: deterministic, using up to 32 threads.
Root relaxation solution time = 0.11 sec. (32.26 ticks)

        Nodes                                         Cuts/
   Node  Left     Objective  IInf  Best Integer    Best Bound    ItCnt     Gap

      0     0        0.9247   259                      0.9247      804         
*     0+    0                            1.4448        0.9247            35.99%
      0     0        0.9247   257        1.4448     Cuts: 167     1394   35.99%
*     0+    0                            1.2970        0.9247            28.70%
      0     0        0.9247   277        1.2970     Cuts: 241     1578   28.70%
      0     0        0.9247   220        1.2970      Cuts: 91     1645   28.70%
      0     0        0.9247   228        1.2970     Cuts: 127     1770   28.70%
*     0+    0                            1.2389        0.9247            25.36%
      0     2        0.9247   195        1.2389        0.9247     1770   25.36%
Elapsed time = 131.20 sec. (401.81 ticks, tree = 0.02 MB, solutions = 3)
*  3205  1043      integral     0        1.2295        0.9247    57680   24.79%
   3480  1108        1.2191   103        1.2295        0.9247    60484   24.79%
*  6593  2569      integral     0        1.2287        0.9538    73597   22.37%
*  8120  4429      integral     0        1.1271        0.9538    90782   15.37%
*  8240+  682                            1.1235        0.9538            15.10%
*  8240+  454                            1.0742        0.9538            11.21%
   8240   455        0.9247   132        1.0742        0.9900   101519    7.84%
   8265    46        0.9299   180        1.0742        0.9900   102302    7.84%

Flow cuts applied:  17
Mixed integer rounding cuts applied:  19
Lift and project cuts applied:  1
Gomory fractional cuts applied:  17

Root node processing (before b&c):
  Real time             =  115.38 sec. (400.84 ticks)
Parallel b&c, 32 threads:
  Real time             =  905.24 sec. (1730.84 ticks)
  Sync time (average)   =  626.46 sec.
  Wait time (average)   =    0.02 sec.
                          ------------
Total (root+branch&cut) = 1020.62 sec. (2131.68 ticks)
Solution found
