Filter at 1std, 1count, 1%frequency
STD	Number of positions discarded due to coverage deviation: 575
COUNT	Number of nucleotides discarded due to low count: 991
COUNT	Number of columns discarded due to low leading to empty column: 0
FREQ	Number of nucleotides discarded due to low frequency: 185
FREQ	Number of columns discarded due to low frequency leading to empty column: 0
OUT	Number of variable positions: 23
OUT	Number of invariant positions: 4214
OUT	1 kept strains equivalence classes
Filter at 1std, 1 count, 0.5%frequency
STD	Number of positions discarded due to coverage deviation: 575
COUNT	Number of nucleotides discarded due to low count: 991
COUNT	Number of columns discarded due to low leading to empty column: 0
FREQ	Number of nucleotides discarded due to low frequency: 148
FREQ	Number of columns discarded due to low frequency leading to empty column: 0
OUT	Number of variable positions: 59
OUT	Number of invariant positions: 4178
OUT	1 kept strains equivalence classes
Filter at 2std, 1count, 1%frequency
STD	Number of positions discarded due to coverage deviation: 199
COUNT	Number of nucleotides discarded due to low count: 1069
COUNT	Number of columns discarded due to low leading to empty column: 0
FREQ	Number of nucleotides discarded due to low frequency: 197
FREQ	Number of columns discarded due to low frequency leading to empty column: 0
OUT	Number of variable positions: 24
OUT	Number of invariant positions: 4589
OUT	1 kept strains equivalence classes
Filter at 2std, 1 count, 0.5%frequency
STD	Number of positions discarded due to coverage deviation: 199
COUNT	Number of nucleotides discarded due to low count: 1069
COUNT	Number of columns discarded due to low leading to empty column: 0
FREQ	Number of nucleotides discarded due to low frequency: 157
FREQ	Number of columns discarded due to low frequency leading to empty column: 0
OUT	Number of variable positions: 63
OUT	Number of invariant positions: 4550
OUT	1 kept strains equivalence classes
