Model: Diversity_model_3
 - number of variables: 381
   - binary=54, integer=1, continuous=326
 - number of constraints: 465
   - linear=465
 - parameters: defaults
CPXPARAM_Read_DataCheck                          1
CPXPARAM_RandomSeed                              201804051
CPXPARAM_MIP_Strategy_LBHeur                     1
CPXPARAM_TimeLimit                               86400
CPXPARAM_MIP_Tolerances_MIPGap                   0.02
Tried aggregator 2 times.
MIP Presolve eliminated 62 rows and 62 columns.
MIP Presolve modified 54 coefficients.
Aggregator did 54 substitutions.
Reduced MIP has 349 rows, 265 columns, and 1035 nonzeros.
Reduced MIP has 54 binaries, 0 generals, 54 SOSs, and 0 indicators.
Presolve time = 0.00 sec. (1.19 ticks)
Probing changed sense of 9 constraints.
Probing time = 0.00 sec. (0.17 ticks)
Tried aggregator 2 times.
MIP Presolve eliminated 9 rows and 0 columns.
Aggregator did 18 substitutions.
Reduced MIP has 322 rows, 247 columns, and 972 nonzeros.
Reduced MIP has 45 binaries, 0 generals, 54 SOSs, and 0 indicators.
Presolve time = 0.00 sec. (0.96 ticks)
Probing time = 0.00 sec. (0.13 ticks)
Clique table members: 18.
MIP emphasis: balance optimality and feasibility.
MIP search method: dynamic search.
Parallel mode: deterministic, using up to 32 threads.
Root relaxation solution time = 0.00 sec. (1.33 ticks)

        Nodes                                         Cuts/
   Node  Left     Objective  IInf  Best Integer    Best Bound    ItCnt     Gap

      0     0        1.0000    34                      1.0000       94         
      0     0        1.0000    25                    Cuts: 26      142         
*     0+    0                            2.1152        1.0000            52.72%
      0     0        1.0000    37        2.1152      Cuts: 74      210   52.72%
      0     0        1.0000    23        2.1152      Cuts: 31      255   52.72%
      0     0        1.0000    27        2.1152      Cuts: 54      293   52.72%
*     0+    0                            1.9341        1.0000            48.30%
*     0+    0                            1.0906        1.0000             8.31%
      0     0        cutoff              1.0906        1.0906      293    0.00%
Elapsed time = 33.41 sec. (40.71 ticks, tree = 0.01 MB, solutions = 3)

Implied bound cuts applied:  1
Flow cuts applied:  19
Mixed integer rounding cuts applied:  6
Gomory fractional cuts applied:  1

Root node processing (before b&c):
  Real time             =   33.41 sec. (40.74 ticks)
Parallel b&c, 32 threads:
  Real time             =    0.00 sec. (0.00 ticks)
  Sync time (average)   =    0.00 sec.
  Wait time (average)   =    0.00 sec.
                          ------------
Total (root+branch&cut) =   33.41 sec. (40.74 ticks)
Solution found
