Model: Diversity_model_3
 - number of variables: 6610
   - binary=6226, integer=2, continuous=382
 - number of constraints: 12979
   - linear=12979
 - parameters: defaults
CPXPARAM_Read_DataCheck                          1
CPXPARAM_RandomSeed                              201804051
CPXPARAM_MIP_Strategy_LBHeur                     1
CPXPARAM_TimeLimit                               86400
CPXPARAM_MIP_Tolerances_MIPGap                   0.02
Tried aggregator 3 times.
MIP Presolve eliminated 8080 rows and 1711 columns.
MIP Presolve modified 530 coefficients.
Aggregator did 4899 substitutions.
All rows and columns eliminated.
Presolve time = 0.12 sec. (54.16 ticks)

Root node processing (before b&c):
  Real time             =    0.13 sec. (55.15 ticks)
Parallel b&c, 32 threads:
  Real time             =    0.00 sec. (0.00 ticks)
  Sync time (average)   =    0.00 sec.
  Wait time (average)   =    0.00 sec.
                          ------------
Total (root+branch&cut) =    0.13 sec. (55.15 ticks)
Solution found
