Model: Diversity_model_3
 - number of variables: 1552
   - binary=744, integer=2, continuous=806
 - number of constraints: 2535
   - linear=2535
 - parameters: defaults
CPXPARAM_Read_DataCheck                          1
CPXPARAM_RandomSeed                              201804051
CPXPARAM_MIP_Strategy_LBHeur                     1
CPXPARAM_TimeLimit                               86400
CPXPARAM_MIP_Tolerances_MIPGap                   0.02
Tried aggregator 2 times.
MIP Presolve eliminated 168 rows and 165 columns.
MIP Presolve modified 104 coefficients.
Aggregator did 477 substitutions.
Reduced MIP has 1890 rows, 910 columns, and 5205 nonzeros.
Reduced MIP has 424 binaries, 0 generals, 156 SOSs, and 0 indicators.
Presolve time = 0.02 sec. (6.79 ticks)
Probing changed sense of 13 constraints.
Probing time = 0.01 sec. (4.91 ticks)
Tried aggregator 2 times.
MIP Presolve eliminated 269 rows and 58 columns.
Aggregator did 26 substitutions.
Reduced MIP has 1595 rows, 826 columns, and 4462 nonzeros.
Reduced MIP has 353 binaries, 0 generals, 156 SOSs, and 0 indicators.
Presolve time = 0.02 sec. (7.38 ticks)
Probing time = 0.01 sec. (3.94 ticks)
Clique table members: 3132.
MIP emphasis: balance optimality and feasibility.
MIP search method: dynamic search.
Parallel mode: deterministic, using up to 32 threads.
Root relaxation solution time = 0.04 sec. (17.40 ticks)

        Nodes                                         Cuts/
   Node  Left     Objective  IInf  Best Integer    Best Bound    ItCnt     Gap

      0     0        1.0000   225                      1.0000      434         
      0     0        1.0000   129                   Cuts: 126      608         
*     0+    0                            1.4507        1.0000            31.07%
      0     0        1.0234   121        1.4507     Cuts: 297      868   29.45%
      0     0        1.0312   139        1.4507      Cuts: 81      985   28.91%
      0     0        1.0312   128        1.4507     Cuts: 116     1083   28.91%
      0     0        1.0312   100        1.4507      Cuts: 96     1161   28.91%
*     0+    0                            1.3051        1.0312            20.98%
*     0+    0                            1.2309        1.0312            16.22%

Repeating presolve.
Tried aggregator 2 times.
MIP Presolve eliminated 703 rows and 199 columns.
MIP Presolve modified 320 coefficients.
Aggregator did 14 substitutions.
Reduced MIP has 878 rows, 613 columns, and 2767 nonzeros.
Reduced MIP has 154 binaries, 0 generals, 156 SOSs, and 0 indicators.
Presolve time = 0.01 sec. (5.09 ticks)
Probing fixed 15 vars, tightened 15 bounds.
Probing changed sense of 20 constraints.
Probing time = 0.01 sec. (3.61 ticks)
Cover probing fixed 0 vars, tightened 68 bounds.
Tried aggregator 2 times.
MIP Presolve eliminated 95 rows and 28 columns.
MIP Presolve modified 222 coefficients.
Aggregator did 21 substitutions.
Reduced MIP has 762 rows, 564 columns, and 2422 nonzeros.
Reduced MIP has 119 binaries, 0 generals, 156 SOSs, and 0 indicators.
Presolve time = 0.00 sec. (3.05 ticks)
Probing fixed 1 vars, tightened 4 bounds.
Probing time = 0.00 sec. (2.41 ticks)
Tried aggregator 1 time.
MIP Presolve eliminated 4 rows and 1 columns.
MIP Presolve modified 221 coefficients.
Reduced MIP has 758 rows, 563 columns, and 2413 nonzeros.
Reduced MIP has 118 binaries, 0 generals, 156 SOSs, and 0 indicators.
Presolve time = 0.00 sec. (1.78 ticks)
Represolve time = 0.03 sec. (20.77 ticks)
Probing time = 0.00 sec. (2.23 ticks)
Cover probing fixed 0 vars, tightened 14 bounds.
Clique table members: 377.
MIP emphasis: balance optimality and feasibility.
MIP search method: dynamic search.
Parallel mode: deterministic, using up to 32 threads.
Root relaxation solution time = 0.01 sec. (6.20 ticks)

        Nodes                                         Cuts/
   Node  Left     Objective  IInf  Best Integer    Best Bound    ItCnt     Gap

*     0+    0                            1.2309        1.0312            16.22%
      0     0        1.0312    89        1.2309        1.0312     1431   16.22%
      0     0        1.0312    80        1.2309      Cuts: 78     1528   16.22%
      0     0        1.0312    79        1.2309      Cuts: 77     1585   16.22%
      0     0        1.0312    59        1.2309      Cuts: 36     1606   16.22%
      0     0        1.0312    72        1.2309      Cuts: 82     1711   16.22%
*     0+    0                            1.2308        1.0312            16.22%
*     0+    0                            1.1099        1.0312             7.08%
      0     2        1.0312    42        1.1099        1.0314     1711    7.07%
Elapsed time = 1.17 sec. (318.36 ticks, tree = 0.02 MB, solutions = 5)
*   609+  224                            1.1067        1.0323             6.73%
*   646   281      integral     0        1.1059        1.0323    10645    6.66%
*   670   230      integral     0        1.0979        1.0323     9171    5.98%
*   889+  318                            1.0971        1.0323             5.91%
*  1736   531      integral     0        1.0928        1.0353    24059    5.26%
*  1866   502      integral     0        1.0804        1.0406    22897    3.68%
*  2116   568      integral     0        1.0723        1.0469    25767    2.37%

Clique cuts applied:  63
Implied bound cuts applied:  156
Flow cuts applied:  22
Mixed integer rounding cuts applied:  6
Zero-half cuts applied:  2
Lift and project cuts applied:  3
Gomory fractional cuts applied:  2

Root node processing (before b&c):
  Real time             =    1.12 sec. (318.16 ticks)
Parallel b&c, 32 threads:
  Real time             =    1.06 sec. (73.16 ticks)
  Sync time (average)   =    0.92 sec.
  Wait time (average)   =    0.00 sec.
                          ------------
Total (root+branch&cut) =    2.18 sec. (391.32 ticks)
Solution found
