Model: Diversity_model_3
 - number of variables: 5537
   - binary=640, integer=1, continuous=4896
 - number of constraints: 6741
   - linear=6741
 - parameters: defaults
CPXPARAM_Read_DataCheck                          1
CPXPARAM_RandomSeed                              201804051
CPXPARAM_MIP_Strategy_LBHeur                     1
CPXPARAM_TimeLimit                               86400
CPXPARAM_MIP_Tolerances_MIPGap                   0.02
Tried aggregator 2 times.
MIP Presolve eliminated 967 rows and 967 columns.
MIP Presolve modified 640 coefficients.
Aggregator did 960 substitutions.
Reduced MIP has 4814 rows, 3610 columns, and 14981 nonzeros.
Reduced MIP has 640 binaries, 0 generals, 960 SOSs, and 0 indicators.
Presolve time = 0.13 sec. (22.82 ticks)
Probing changed sense of 41 constraints.
Probing time = 0.32 sec. (4.40 ticks)
Tried aggregator 2 times.
MIP Presolve eliminated 41 rows and 0 columns.
Aggregator did 121 substitutions.
Reduced MIP has 4652 rows, 3489 columns, and 14616 nonzeros.
Reduced MIP has 599 binaries, 0 generals, 960 SOSs, and 0 indicators.
Presolve time = 0.07 sec. (20.58 ticks)
Probing changed sense of 15 constraints.
Probing time = 0.34 sec. (4.54 ticks)
Clique table members: 279.
MIP emphasis: balance optimality and feasibility.
MIP search method: dynamic search.
Parallel mode: deterministic, using up to 32 threads.
Root relaxation solution time = 0.78 sec. (120.24 ticks)

        Nodes                                         Cuts/
   Node  Left     Objective  IInf  Best Integer    Best Bound    ItCnt     Gap

      0     0        0.8211   492                      0.8211     1485         
      0     0        0.8211   529                   Cuts: 190     2725         
*     0+    0                            1.4850        0.8211            44.71%
      0     0        0.8211   451        1.4850      Cuts: 59     3149   44.71%
      0     0        0.8211   482        1.4850     Cuts: 284     3435   44.71%
*     0+    0                            1.0234        0.8211            19.77%
      0     2        0.8211   354        1.0234        0.8211     3435   19.77%
Elapsed time = 29.20 sec. (1507.67 ticks, tree = 0.02 MB, solutions = 2)
*   239+    8                            0.9865        0.8211            16.77%
    771   254        0.8576   387        0.9865        0.8211    54830   16.77%
   1962   500        0.9863   379        0.9865        0.8211   124578   16.77%
   3065   853        cutoff              0.9865        0.8211   184352   16.77%
   4070  1239        0.9251   135        0.9865        0.8211   211963   16.77%
   6908  2802        0.9819   231        0.9865        0.8211   248714   16.77%
*  9504  5301      integral     0        0.9691        0.8211   278770   15.27%
  10178  5610        0.9770    97        0.9691        0.8211   281323   15.27%
* 10424  3731      integral     0        0.9586        0.8211   285300   14.35%
  12271  4989        0.9409   178        0.9586        0.8211   304675   14.35%
* 13414+ 5338                            0.9554        0.8211            14.06%
* 13974+ 4542                            0.9548        0.8211            14.01%
  14303  6129        0.9344   179        0.9548        0.8211   318960   14.01%
* 14559+ 4694                            0.9427        0.8211            12.90%
  16619  8440        0.9109    93        0.9427        0.8211   339302   12.90%
* 16656+ 7696                            0.9236        0.8211            11.10%
* 16985+ 2355                            0.9132        0.8211            10.09%
* 17227  2215      integral     0        0.9076        0.8211   342735    9.53%
* 27132  8377      integral     0        0.9060        0.8211   401685    9.38%
* 28308  8998      integral     0        0.9036        0.8211   406585    9.13%
* 29709 10096      integral     0        0.8996        0.8211   421831    8.73%
  29722 10011        0.8728   230        0.8996        0.8211   421962    8.73%
Elapsed time = 124.47 sec. (4608.58 ticks, tree = 68.51 MB, solutions = 23)
  45460 21195        0.8846   198        0.8996        0.8211   527113    8.73%
* 53150 26412      integral     0        0.8985        0.8211   571276    8.62%
  63461 33223        0.8831   141        0.8985        0.8517   639851    5.21%
  64810 38617        0.8211   222        0.8985        0.8520   687116    5.17%
  67819  1490        0.8914   218        0.8985        0.8520   718560    5.17%
* 83475+12712                            0.8981        0.8520             5.13%
  89800 17186        0.8977   182        0.8981        0.8551   864619    4.79%
* 99268+23755                            0.8973        0.8570             4.50%
*101294 24341      integral     0        0.8955        0.8573   946177    4.27%
*101614+22840                            0.8951        0.8573             4.23%
*102142+23638                            0.8951        0.8573             4.23%
*102986 21343      integral     0        0.8928        0.8573   954720    3.99%
*104921 19067      integral     0        0.8928        0.8573   962037    3.98%
 108372 22120        0.8771   151        0.8928        0.8573   985898    3.98%
*109458+20137                            0.8873        0.8598             3.10%
*114634+16843                            0.8854        0.8611             2.75%
*116287+17422                            0.8813        0.8611             2.30%
*116795+17794                            0.8813        0.8611             2.30%

Implied bound cuts applied:  6
Flow cuts applied:  11
Mixed integer rounding cuts applied:  14
Lift and project cuts applied:  1
Gomory fractional cuts applied:  1

Root node processing (before b&c):
  Real time             =   15.90 sec. (1506.40 ticks)
Parallel b&c, 32 threads:
  Real time             =  385.58 sec. (10213.04 ticks)
  Sync time (average)   =  207.09 sec.
  Wait time (average)   =    0.33 sec.
                          ------------
Total (root+branch&cut) =  401.48 sec. (11719.44 ticks)
Solution found
