Model: Diversity_model_3
 - number of variables: 1860
   - binary=270, integer=1, continuous=1589
 - number of constraints: 2535
   - linear=2535
 - parameters: defaults
CPXPARAM_Read_DataCheck                          1
CPXPARAM_RandomSeed                              201804051
CPXPARAM_MIP_Strategy_LBHeur                     1
CPXPARAM_TimeLimit                               86400
CPXPARAM_MIP_Tolerances_MIPGap                   0.02
Tried aggregator 2 times.
MIP Presolve eliminated 277 rows and 277 columns.
MIP Presolve modified 270 coefficients.
Aggregator did 270 substitutions.
Reduced MIP has 1988 rows, 1313 columns, and 5683 nonzeros.
Reduced MIP has 270 binaries, 0 generals, 270 SOSs, and 0 indicators.
Presolve time = 0.01 sec. (7.13 ticks)
Probing changed sense of 24 constraints.
Probing time = 0.03 sec. (2.58 ticks)
Tried aggregator 2 times.
MIP Presolve eliminated 24 rows and 0 columns.
Aggregator did 69 substitutions.
Reduced MIP has 1895 rows, 1244 columns, and 5473 nonzeros.
Reduced MIP has 246 binaries, 0 generals, 270 SOSs, and 0 indicators.
Presolve time = 0.12 sec. (6.12 ticks)
Probing changed sense of 8 constraints.
Probing time = 0.05 sec. (2.72 ticks)
Clique table members: 111.
MIP emphasis: balance optimality and feasibility.
MIP search method: dynamic search.
Parallel mode: deterministic, using up to 32 threads.
Root relaxation solution time = 0.12 sec. (17.54 ticks)

        Nodes                                         Cuts/
   Node  Left     Objective  IInf  Best Integer    Best Bound    ItCnt     Gap

      0     0        0.9767   200                      0.9767      595         
*     0+    0                            1.3904        0.9767            29.75%
      0     0        0.9767   213        1.3904     Cuts: 167      959   29.75%
      0     0        0.9767   211        1.3904     Cuts: 141     1221   29.75%
*     0+    0                            1.2378        0.9767            21.09%
      0     0        0.9767   207        1.2378      Cuts: 73     1334   21.09%
      0     0        0.9767   202        1.2378      Cuts: 70     1388   21.09%
      0     0        0.9767   202        1.2378      Cuts: 83     1441   21.09%
*     0+    0                            1.1738        0.9767            16.78%
      0     2        0.9767   140        1.1738        0.9767     1441   16.78%
Elapsed time = 143.95 sec. (319.59 ticks, tree = 0.02 MB, solutions = 3)
*  3088+  981                            1.1297        1.0169             9.98%
   6828  1739        1.1244   113        1.1297        1.0330    56740    8.56%
*  9314+ 2922                            1.1223        1.0339             7.88%
*  9314+ 1948                            1.1016        1.0339             6.15%
*  9314+ 1298                            1.0995        1.0606             3.54%

Flow cuts applied:  12
Mixed integer rounding cuts applied:  17
Gomory fractional cuts applied:  23

Root node processing (before b&c):
  Real time             =  129.80 sec. (318.85 ticks)
Parallel b&c, 32 threads:
  Real time             =  438.93 sec. (1021.28 ticks)
  Sync time (average)   =  107.64 sec.
  Wait time (average)   =    0.00 sec.
                          ------------
Total (root+branch&cut) =  568.73 sec. (1340.13 ticks)
Solution found
