Model: Diversity_model_3
 - number of variables: 959
   - binary=90, integer=1, continuous=868
 - number of constraints: 1001
   - linear=1001
 - parameters: defaults
CPXPARAM_Read_DataCheck                          1
CPXPARAM_RandomSeed                              201804051
CPXPARAM_MIP_Strategy_LBHeur                     1
CPXPARAM_TimeLimit                               86400
CPXPARAM_MIP_Tolerances_MIPGap                   0.02
Tried aggregator 2 times.
MIP Presolve eliminated 188 rows and 188 columns.
MIP Presolve modified 90 coefficients.
Aggregator did 180 substitutions.
Reduced MIP has 633 rows, 591 columns, and 2185 nonzeros.
Reduced MIP has 90 binaries, 0 generals, 180 SOSs, and 0 indicators.
Presolve time = 0.01 sec. (2.45 ticks)
Probing changed sense of 9 constraints.
Probing time = 0.00 sec. (0.45 ticks)
Tried aggregator 2 times.
MIP Presolve eliminated 9 rows and 0 columns.
Aggregator did 18 substitutions.
Reduced MIP has 606 rows, 573 columns, and 2122 nonzeros.
Reduced MIP has 81 binaries, 0 generals, 180 SOSs, and 0 indicators.
Presolve time = 0.01 sec. (2.09 ticks)
Probing time = 0.00 sec. (0.37 ticks)
Clique table members: 36.
MIP emphasis: balance optimality and feasibility.
MIP search method: dynamic search.
Parallel mode: deterministic, using up to 32 threads.
Root relaxation solution time = 0.01 sec. (4.25 ticks)

        Nodes                                         Cuts/
   Node  Left     Objective  IInf  Best Integer    Best Bound    ItCnt     Gap

      0     0        1.0000    70                      1.0000      183         
      0     0        1.0000    53                    Cuts: 22      332         
      0     0        1.0000    80                    Cuts: 81      470         
      0     0        1.0000    45                    Cuts: 24      549         
*     0+    0                            2.1152        1.0000            52.72%
      0     0        1.0000    52        2.1152      Cuts: 54      625   52.72%
*     0+    0                            1.1256        1.0000            11.16%
      0     2        1.0000    22        1.1256        1.0000      625   11.16%
Elapsed time = 61.24 sec. (110.38 ticks, tree = 0.02 MB, solutions = 2)
*   827   437      integral     0        1.1086        1.0000    10753    9.79%
*   996+  406                            1.0844        1.0000             7.78%
*  1055   554      integral     0        1.0841        1.0000    14822    7.76%
*  1210   554      integral     0        1.0839        1.0000    14750    7.74%
*  1235+  521                            1.0715        1.0000             6.67%
*  1361+  482                            1.0706        1.0000             6.59%
*  1453+  521                            1.0600        1.0000             5.66%
*  1456+  500                            1.0579        1.0000             5.47%
*  1721   451      integral     0        1.0541        1.0000    21036    5.13%
*  1776   465      integral     0        1.0505        1.0000    21548    4.81%
*  1782   490      integral     0        1.0498        1.0000    22900    4.74%
*  1796   501      integral     0        1.0432        1.0000    23346    4.14%
*  1835   495      integral     0        1.0400        1.0000    23177    3.84%
*  1901   552      integral     0        1.0379        1.0000    25160    3.65%
*  1910+  506                            1.0355        1.0000             3.42%
*  1997+  551                            1.0340        1.0000             3.29%
*  2725   522      integral     0        1.0242        1.0000    29014    2.37%
*  3176+  674                            1.0239        1.0000             2.33%
*  4132   625      integral     0        1.0201        1.0000    58950    1.97%
*  4306   640      integral     0        1.0199        1.0000    68367    1.96%

Implied bound cuts applied:  185
Flow cuts applied:  8
Mixed integer rounding cuts applied:  8
Gomory fractional cuts applied:  1

Root node processing (before b&c):
  Real time             =   54.71 sec. (110.39 ticks)
Parallel b&c, 32 threads:
  Real time             =   63.46 sec. (98.38 ticks)
  Sync time (average)   =   58.77 sec.
  Wait time (average)   =    0.00 sec.
                          ------------
Total (root+branch&cut) =  118.17 sec. (208.77 ticks)
Solution found
