Model: Diversity_model_3
 - number of variables: 18501
   - binary=17126, integer=2, continuous=1373
 - number of constraints: 43857
   - linear=43857
 - parameters: defaults
CPXPARAM_Read_DataCheck                          1
CPXPARAM_RandomSeed                              201804051
CPXPARAM_MIP_Strategy_LBHeur                     1
CPXPARAM_TimeLimit                               86400
CPXPARAM_MIP_Tolerances_MIPGap                   0.02
Tried aggregator 3 times.
MIP Presolve eliminated 318 rows and 168 columns.
MIP Presolve modified 1120 coefficients.
Aggregator did 8645 substitutions.
Reduced MIP has 34894 rows, 9688 columns, and 86982 nonzeros.
Reduced MIP has 8643 binaries, 0 generals, 160 SOSs, and 0 indicators.
Presolve time = 1.77 sec. (313.16 ticks)
Probing fixed 0 vars, tightened 242 bounds.
Probing time = 2.35 sec. (150.18 ticks)
Tried aggregator 2 times.
MIP Presolve eliminated 2481 rows and 178 columns.
MIP Presolve modified 252 coefficients.
Aggregator did 80 substitutions.
Reduced MIP has 32333 rows, 9430 columns, and 79735 nonzeros.
Reduced MIP has 8465 binaries, 0 generals, 160 SOSs, and 0 indicators.
Presolve time = 1.97 sec. (364.96 ticks)
Probing time = 1.03 sec. (116.38 ticks)
Clique table members: 49348.
MIP emphasis: balance optimality and feasibility.
MIP search method: dynamic search.
Parallel mode: deterministic, using up to 32 threads.
Root relaxation solution time = 11.38 sec. (493.43 ticks)

        Nodes                                         Cuts/
   Node  Left     Objective  IInf  Best Integer    Best Bound    ItCnt     Gap

      0     0        0.8318  5815                      0.8318       31         
*     0+    0                            1.1383        0.8318            26.92%

Clique cuts applied:  3765
Implied bound cuts applied:  702
Flow cuts applied:  171
Mixed integer rounding cuts applied:  330
Zero-half cuts applied:  691
Gomory fractional cuts applied:  39

Root node processing (before b&c):
  Real time             =   78.52 sec. (7508.67 ticks)
Parallel b&c, 32 threads:
  Real time             =    0.00 sec. (0.00 ticks)
  Sync time (average)   =    0.00 sec.
  Wait time (average)   =    0.00 sec.
                          ------------
Total (root+branch&cut) =   78.52 sec. (7508.67 ticks)
Solution found
