Model: Diversity_model_3
 - number of variables: 3730
   - binary=2190, integer=2, continuous=1538
 - number of constraints: 6629
   - linear=6629
 - parameters: defaults
CPXPARAM_Read_DataCheck                          1
CPXPARAM_RandomSeed                              201804051
CPXPARAM_MIP_Strategy_LBHeur                     1
CPXPARAM_TimeLimit                               86400
CPXPARAM_MIP_Tolerances_MIPGap                   0.02
Tried aggregator 2 times.
MIP Presolve eliminated 312 rows and 309 columns.
MIP Presolve modified 200 coefficients.
Aggregator did 1296 substitutions.
Reduced MIP has 5021 rows, 2125 columns, and 13428 nonzeros.
Reduced MIP has 1195 binaries, 0 generals, 300 SOSs, and 0 indicators.
Presolve time = 0.08 sec. (17.97 ticks)
Probing changed sense of 25 constraints.
Probing time = 0.06 sec. (4.49 ticks)
Tried aggregator 2 times.
MIP Presolve eliminated 1452 rows and 462 columns.
Aggregator did 50 substitutions.
Reduced MIP has 3519 rows, 1613 columns, and 9896 nonzeros.
Reduced MIP has 708 binaries, 0 generals, 300 SOSs, and 0 indicators.
Presolve time = 0.08 sec. (14.59 ticks)
Probing time = 0.07 sec. (7.91 ticks)
Tried aggregator 2 times.
MIP Presolve eliminated 594 rows and 166 columns.
Aggregator did 25 substitutions.
Reduced MIP has 2900 rows, 1422 columns, and 8471 nonzeros.
Reduced MIP has 542 binaries, 0 generals, 300 SOSs, and 0 indicators.
Presolve time = 0.06 sec. (14.50 ticks)
Probing time = 0.03 sec. (6.82 ticks)
Clique table members: 5280.
MIP emphasis: balance optimality and feasibility.
MIP search method: dynamic search.
Parallel mode: deterministic, using up to 32 threads.
Root relaxation solution time = 0.33 sec. (34.82 ticks)

        Nodes                                         Cuts/
   Node  Left     Objective  IInf  Best Integer    Best Bound    ItCnt     Gap

      0     0        1.0000   320                      1.0000      691         
*     0+    0                            2.7160        1.0000            63.18%
      0     0        1.0198   265        2.7160     Cuts: 361     1218   62.45%
*     0+    0                            2.2908        1.0198            55.48%
      0     0        1.0302   262        2.2908     Cuts: 412     1570   55.03%
      0     0        1.0302   258        2.2908     Cuts: 172     1725   55.03%
*     0+    0                            2.2730        1.0302            54.68%
      0     0        1.0302   267        2.2730     Cuts: 121     1881   54.68%
      0     0        1.0302   149        2.2730      Cuts: 11     1921   54.68%
      0     0        1.0302   150        2.2730     Cuts: 175     2022   54.68%
*     0+    0                            1.7173        1.0302            40.01%
*     0+    0                            1.7173        1.0302            40.01%
      0     2        1.0302   150        1.7173        1.0302     2022   40.01%
Elapsed time = 58.89 sec. (684.74 ticks, tree = 0.02 MB, solutions = 4)
*    12+    4                            1.7119        1.0302            39.82%
*    16+    3                            1.7043        1.0302            39.55%
*    16+    4                            1.6695        1.0302            38.30%
*    89+   13                            1.6634        1.0302            38.07%
   3077  1959        1.4765    82        1.6634        1.0302    63786   38.07%
*  3110  1915      integral     0        1.5739        1.0302    61663   34.55%
*  3663  1926      integral     0        1.3601        1.0302    77749   24.26%
*  6091  2317      integral     0        1.2906        1.0303   118489   20.17%
   8032  2887        1.2413   180        1.2906        1.0303   165198   20.17%
*  8429+ 2400                            1.2679        1.0303            18.74%
*  8429+ 1600                            1.2597        1.0303            18.21%
*  8429+ 1066                            1.2590        1.0343            17.85%
   8429  1067        1.0302   132        1.2590        1.0343   191595   17.85%
*  8434+  476                            1.2581        1.0343            17.79%
   8441    68        1.0303   208        1.2581        1.0343   193213   17.79%
  10701  1058        cutoff              1.2581        1.0352   252109   17.72%
  12778  2401        1.2511   119        1.2581        1.0352   291991   17.72%
  18371  6093        1.1818    73        1.2581        1.0485   383605   16.66%
* 19130+ 7067                            1.2389        1.0540            14.92%
* 19357  6024      integral     0        1.2341        1.0540   415989   14.59%
* 22588  6474      integral     0        1.2341        1.0640   437659   13.79%
* 24448  8404      integral     0        1.2296        1.0797   477396   12.19%
* 25830  8747      integral     0        1.2208        1.0819   487136   11.38%
Elapsed time = 532.20 sec. (4104.91 ticks, tree = 10.98 MB, solutions = 27)
* 26774  8352      integral     0        1.2043        1.0833   522310   10.05%
* 28663  7306      integral     0        1.1987        1.0856   553916    9.43%
* 28900  6750      integral     0        1.1866        1.0856   557791    8.51%
* 32974  6663      integral     0        1.1840        1.0957   602933    7.46%
* 35127+ 7386                            1.1792        1.0990             6.80%
  57207 16854        1.1746   101        1.1792        1.1199   947900    5.03%
* 57932 17629      integral     0        1.1755        1.1204   971227    4.68%
* 63071+17884                            1.1675        1.1235             3.77%
* 63274+17911                            1.1618        1.1235             3.30%
* 67483+17884                            1.1565        1.1235             2.86%
* 76636+17653                            1.1564        1.1235             2.85%
  78961 14684        1.1589    75        1.1564        1.1235  1297486    2.85%
* 82951+18052                            1.1552        1.1235             2.75%
* 82951+18052                            1.1551        1.1235             2.74%
  82951 17886        1.1559   100        1.1551        1.1235  1049260    2.74%
  82969  9022        1.0352   107        1.1551        1.1244  1369364    2.67%
  84526   282        cutoff              1.1551        1.1244  1407166    2.67%

GUB cover cuts applied:  1
Clique cuts applied:  77
Cover cuts applied:  3
Implied bound cuts applied:  5
Flow cuts applied:  10
Mixed integer rounding cuts applied:  20
Lift and project cuts applied:  11
Gomory fractional cuts applied:  10

Root node processing (before b&c):
  Real time             =   51.51 sec. (685.38 ticks)
Parallel b&c, 32 threads:
  Real time             =  695.04 sec. (15881.97 ticks)
  Sync time (average)   =  277.67 sec.
  Wait time (average)   =    0.35 sec.
                          ------------
Total (root+branch&cut) =  746.55 sec. (16567.35 ticks)
Solution found
