Model: Diversity_model_3
 - number of variables: 18883
   - binary=18688, integer=2, continuous=193
 - number of constraints: 58796
   - linear=58796
 - parameters: defaults
CPXPARAM_Read_DataCheck                          1
CPXPARAM_RandomSeed                              201804051
CPXPARAM_MIP_Strategy_LBHeur                     1
CPXPARAM_TimeLimit                               86400
CPXPARAM_MIP_Tolerances_MIPGap                   0.02
Tried aggregator 3 times.
MIP Presolve eliminated 44468 rows and 4555 columns.
MIP Presolve modified 260 coefficients.
Aggregator did 14328 substitutions.
All rows and columns eliminated.
Presolve time = 2.52 sec. (274.11 ticks)

Root node processing (before b&c):
  Real time             =    2.53 sec. (277.94 ticks)
Parallel b&c, 32 threads:
  Real time             =    0.00 sec. (0.00 ticks)
  Sync time (average)   =    0.00 sec.
  Wait time (average)   =    0.00 sec.
                          ------------
Total (root+branch&cut) =    2.53 sec. (277.94 ticks)
Solution found
