Model: Diversity_model_3
 - number of variables: 59723
   - binary=57844, integer=2, continuous=1877
 - number of constraints: 250868
   - linear=250868
 - parameters: defaults
CPXPARAM_Read_DataCheck                          1
CPXPARAM_RandomSeed                              201804051
CPXPARAM_MIP_Strategy_LBHeur                     1
CPXPARAM_TimeLimit                               86400
CPXPARAM_MIP_Tolerances_MIPGap                   0.02
Tried aggregator 2 times.
MIP Presolve eliminated 377 rows and 374 columns.
MIP Presolve modified 244 coefficients.
Aggregator did 29167 substitutions.
Reduced MIP has 221324 rows, 30182 columns, and 606579 nonzeros.
Reduced MIP has 29044 binaries, 0 generals, 366 SOSs, and 0 indicators.
Presolve time = 56.54 sec. (2024.07 ticks)
Probing changed sense of 29 constraints.
Probing time = 25.31 sec. (643.60 ticks)
Tried aggregator 2 times.
MIP Presolve eliminated 31058 rows and 2207 columns.
Aggregator did 59 substitutions.
Reduced MIP has 190207 rows, 27916 columns, and 517701 nonzeros.
Reduced MIP has 26808 binaries, 0 generals, 366 SOSs, and 0 indicators.
Presolve time = 22.04 sec. (3097.14 ticks)
Probing time = 27.06 sec. (576.25 ticks)
Clique table members: 286815.
MIP emphasis: balance optimality and feasibility.
MIP search method: dynamic search.
Parallel mode: deterministic, using up to 32 threads.
Root relaxation solution time = 9.88 sec. (1509.72 ticks)

        Nodes                                         Cuts/
   Node  Left     Objective  IInf  Best Integer    Best Bound    ItCnt     Gap

      0     0        0.8754 10528                      0.8754     5884         
*     0+    0                            3.9531        0.8754            77.85%
      0     0        0.8754  6169        3.9531    Cuts: 1938    13725   77.85%
*     0+    0                            2.2991        0.8754            61.92%
      0     0        0.8754  6868        2.2991 Cliques: 10000    16924   61.92%
      0     0        0.8754  5726        2.2991    Cuts: 9681    20511   61.92%
*     0+    0                            2.2161        0.8754            60.50%
      0     0        0.8754  5640        2.2161    Cuts: 3150    24203   60.50%
      0     0        0.8754  5616        2.2161     Cuts: 768    24736   60.50%

Repeating presolve.
Tried aggregator 2 times.
MIP Presolve eliminated 171128 rows and 24491 columns.
Aggregator did 31 substitutions.
Reduced MIP has 19048 rows, 3394 columns, and 53351 nonzeros.
Reduced MIP has 2317 binaries, 0 generals, 366 SOSs, and 0 indicators.
Presolve time = 1.33 sec. (324.32 ticks)
Probing time = 0.38 sec. (42.39 ticks)
Tried aggregator 1 time.
MIP Presolve eliminated 420 rows and 30 columns.
Reduced MIP has 18628 rows, 3364 columns, and 52151 nonzeros.
Reduced MIP has 2287 binaries, 0 generals, 366 SOSs, and 0 indicators.
Presolve time = 0.29 sec. (129.52 ticks)
Represolve time = 4.16 sec. (4284.64 ticks)
Probing time = 0.33 sec. (31.40 ticks)
Clique table members: 29488.
MIP emphasis: balance optimality and feasibility.
MIP search method: dynamic search.
Parallel mode: deterministic, using up to 32 threads.
Root relaxation solution time = 2.86 sec. (492.57 ticks)

        Nodes                                         Cuts/
   Node  Left     Objective  IInf  Best Integer    Best Bound    ItCnt     Gap

*     0+    0                            2.2161        0.8754            60.50%
      0     0        0.8755  1146        2.2161        0.8755    24788   60.49%
*     0+    0                            1.6651        0.8755            47.42%
      0     0        0.8765  1378        1.6651    Cuts: 4757    31511   47.36%
*     0+    0                            1.2368        0.8765            29.13%
      0     0        0.8769  1392        1.2368    Cuts: 1994    32986   29.10%
      0     0        0.8777  1363        1.2368    Cuts: 1741    35031   29.04%
      0     0        0.8783  1466        1.2368    Cuts: 1398    39825   28.98%
      0     0        0.8788  1490        1.2368    Cuts: 1137    41587   28.94%
      0     0        0.8800  1419        1.2368    Cuts: 1150    43593   28.84%
      0     0        0.8809  1460        1.2368    Cuts: 1106    45139   28.77%
      0     0        0.8818  1473        1.2368    Cuts: 4757    49134   28.70%
      0     0        0.8827  1493        1.2368    Cuts: 1172    51102   28.63%
      0     0        0.8836  1532        1.2368    Cuts: 1648    52913   28.56%
      0     0        0.8856  1501        1.2368    Cuts: 1163    55587   28.39%
      0     0        0.8878  1458        1.2368    Cuts: 1676    58185   28.22%
      0     0        0.8903  1364        1.2368    Cuts: 2094    60348   28.01%
      0     0        0.8920  1499        1.2368    Cuts: 2034    62456   27.87%
      0     0        0.8934  1469        1.2368    Cuts: 1682    64137   27.77%
      0     0        0.8947  1575        1.2368    Cuts: 1199    65921   27.66%
      0     0        0.8957  1577        1.2368    Cuts: 1102    67382   27.58%
      0     0        0.8966  1579        1.2368    Cuts: 1046    68685   27.50%
      0     0        0.8978  1506        1.2368    Cuts: 1561    70558   27.40%
      0     0        0.8990  1548        1.2368    Cuts: 1489    72549   27.31%
      0     0        0.9002  1478        1.2368    Cuts: 1287    75018   27.21%
      0     0        0.9010  1502        1.2368    Cuts: 1239    76376   27.15%
      0     0        0.9016  1511        1.2368    Cuts: 1399    77806   27.10%
      0     0        0.9023  1523        1.2368    Cuts: 1155    79250   27.04%
      0     0        0.9030  1535        1.2368    Cuts: 1690    80789   26.99%
      0     0        0.9039  1524        1.2368    Cuts: 1883    82158   26.92%
      0     0        0.9045  1509        1.2368    Cuts: 1356    83625   26.87%
      0     0        0.9054  1530        1.2368    Cuts: 1445    84994   26.80%
      0     0        0.9061  1504        1.2368    Cuts: 1082    86273   26.74%
      0     0        0.9068  1499        1.2368    Cuts: 1348    87889   26.68%
      0     0        0.9077  1477        1.2368    Cuts: 1280    89368   26.61%
      0     0        0.9084  1443        1.2368    Cuts: 1610    90941   26.55%
      0     0        0.9092  1528        1.2368    Cuts: 1480    92497   26.49%
      0     0        0.9098  1454        1.2368    Cuts: 1196    94057   26.44%
      0     0        0.9102  1450        1.2368    Cuts: 1349    95659   26.41%
      0     0        0.9106  1372        1.2368    Cuts: 1018    96984   26.37%
      0     0        0.9110  1410        1.2368    Cuts: 1642    98702   26.34%
      0     2        0.9110  1410        1.2368        0.9110    98702   26.34%
Elapsed time = 1430.07 sec. (209584.89 ticks, tree = 0.02 MB, solutions = 5)
      1     3        0.9111  1402        1.2368        0.9110    99042   26.34%
      2     4        0.9112  1435        1.2368        0.9110    99808   26.34%
      3     4        0.9113  1172        1.2368        0.9110   101887   26.34%
      6     7        0.9122  1219        1.2368        0.9111   108069   26.33%
      8     5        1.0008  1210        1.2368        0.9111   104243   26.33%
     11    10        0.9188   943        1.2368        0.9111   114831   26.33%
     16     9        0.9126  1019        1.2368        0.9113   112973   26.32%
*    17+    7                            1.2368        0.9113            26.32%
     25    18        cutoff              1.2368        0.9115   134687   26.30%
     45    38        0.9149   852        1.2368        0.9115   155533   26.30%
*    46+   10                            1.2368        0.9115            26.30%
*   107+   23                            1.2368        0.9123            26.23%
    342    89        cutoff              1.2368        0.9126   244102   26.21%
Elapsed time = 1461.16 sec. (214396.94 ticks, tree = 1.07 MB, solutions = 5)
    865   407        1.2349    28        1.2368        0.9126   357769   26.21%
   1228   558        0.9545   644        1.2368        0.9126   445499   26.21%
   1772   962        1.2367   349        1.2368        0.9126   554102   26.21%
   2320  1419        1.0043   694        1.2368        0.9126   640368   26.21%
   3055  1650        1.1464   798        1.2368        0.9126   692829   26.21%
   3607  2155        1.1668   225        1.2368        0.9126   773226   26.21%
   4282  2567        1.2093   695        1.2368        0.9126   873317   26.21%
*  4421  2666      integral     0        1.1922        0.9126   883100   23.45%
*  4831+ 2504                            1.1866        0.9126            23.09%
   4951  2549        1.0984   584        1.1866        0.9126   983922   23.09%
*  5510+ 2640                            1.1552        0.9126            20.99%
*  5544  2540      integral     0        1.1527        0.9126  1062697   20.82%
*  5559  2526      integral     0        1.1518        0.9126  1062707   20.77%
*  5877+ 2746                            1.1012        0.9126            17.12%
   6069  2324        1.0685   814        1.1012        0.9126  1130408   17.12%
Elapsed time = 1568.47 sec. (223531.23 ticks, tree = 179.72 MB, solutions = 12)
   6428  2577        1.0950   667        1.1012        0.9126  1211571   17.12%
   6827  2727        1.0873   874        1.1012        0.9151  1277624   16.89%
   7208  3039        1.0979   715        1.1012        0.9151  1367898   16.89%
   7813  3358        0.9974   434        1.1012        0.9151  1479892   16.89%
   8150  3491        1.0137   828        1.1012        0.9161  1503757   16.81%
*  8152+ 2604                            1.1002        0.9161            16.73%
*  8152+ 1736                            1.0996        0.9161            16.69%
*  8152+ 1157                            1.0996        0.9161            16.69%
*  8152+  770                            1.0851        0.9222            15.01%
*  8152+  513                            1.0778        0.9301            13.70%
*  8152+  341                            1.0736        0.9301            13.37%
*  8152+  226                            1.0714        0.9337            12.85%
   8152   227        0.9230  1236        1.0714        0.9337  1670229   12.85%
   8153   227        0.9230  1374        1.0714        0.9337  1677344   12.85%
   8157   140        0.9291  1387        1.0714        0.9337  1683004   12.85%
   8162    61        0.9231  1357        1.0714        0.9337  1677849   12.85%
   8165    65        0.9233  1283        1.0714        0.9337  1690980   12.85%
Elapsed time = 2118.12 sec. (328465.83 ticks, tree = 6.37 MB, solutions = 19)
   8168    38        0.9312  1364        1.0714        0.9337  1685149   12.85%
   8176    23        0.9954  1187        1.0714        0.9337  1696655   12.85%
   8205     6        0.9231  1355        1.0714        0.9337  1678670   12.85%
   8208     9        0.9231  1287        1.0714        0.9337  1691976   12.85%
*  8211+    9                            1.0684        0.9337            12.61%
   8211    11        0.9249  1073        1.0684        0.9337  1697480   12.61%
   8213    11        0.9610  1447        1.0684        0.9337  1744434   12.61%
   8243    20        0.9235  1445        1.0684        0.9337  1782327   12.61%
   8288    29        cutoff              1.0684        0.9337  1832042   12.61%
   8330    34        0.9362  1094        1.0684        0.9337  1875165   12.61%
   8389    39        1.0387  1288        1.0684        0.9337  1893592   12.61%
Elapsed time = 2195.13 sec. (339575.52 ticks, tree = 0.66 MB, solutions = 20)
   8641    72        1.0453   361        1.0684        0.9337  1932099   12.61%
   9362   253        1.0408    96        1.0684        0.9337  1988101   12.61%
  10275   519        1.0475   455        1.0684        0.9337  2093661   12.61%
  11253   999        1.0578   122        1.0684        0.9337  2202915   12.61%
  11976  1585        cutoff              1.0684        0.9337  2332758   12.61%
  12773  1982        1.0126   381        1.0684        0.9337  2405599   12.61%
  13590  2242        1.0683    10        1.0684        0.9337  2439067   12.61%
  14484  3140        1.0581   348        1.0684        0.9337  2598217   12.61%
  15509  3419        0.9879   451        1.0684        0.9337  2642351   12.61%
* 16653+ 4035                            1.0664        0.9337            12.44%
  17483  3878        1.0676    66        1.0664        0.9337  2712359   12.44%
Elapsed time = 2273.19 sec. (349122.01 ticks, tree = 15.80 MB, solutions = 21)
* 17487+ 4173                            1.0625        0.9337            12.12%
* 17495+ 4238                            1.0625        0.9337            12.12%
* 18020+ 4257                            1.0597        0.9337            11.89%
  19259  4342        1.0378   299        1.0597        0.9337  2886667   11.89%
  20533  5245        1.0239   871        1.0597        0.9337  3040631   11.89%
  21521  5680        1.0078   460        1.0597        0.9337  3141934   11.89%
  22302  5872        1.0480   139        1.0597        0.9337  3194528   11.89%
  22898  6291        1.0336   554        1.0597        0.9337  3311852   11.89%
  23583  6594        1.0569    82        1.0597        0.9337  3435007   11.89%
  24193  6820        1.0468   116        1.0597        0.9337  3523305   11.89%
  25410  7118        1.0328   704        1.0597        0.9337  3604407   11.89%
* 26327+ 7555                            1.0538        0.9337            11.40%
  26590  6319        1.0218   600        1.0538        0.9337  3764631   11.40%
  27647  6679        cutoff              1.0538        0.9337  3870983   11.40%
Elapsed time = 2367.68 sec. (358667.80 ticks, tree = 28.02 MB, solutions = 25)
  28701  6971        1.0502   123        1.0538        0.9337  3985245   11.40%
  30700  7142        1.0370   176        1.0538        0.9337  4037129   11.40%
  31940  8126        1.0196   288        1.0538        0.9337  4240110   11.40%
  32946  8525        1.0353   103        1.0538        0.9337  4324966   11.40%
  34733  8715        1.0247   190        1.0538        0.9337  4374828   11.40%
  37094  9988        1.0406   121        1.0538        0.9337  4568254   11.40%
  38395 10433        1.0404   130        1.0538        0.9337  4636946   11.40%
  39384 10956        1.0302   209        1.0538        0.9337  4760455   11.40%
  41769 11250        1.0501   182        1.0538        0.9337  4826474   11.40%
  44353 12568        1.0339   145        1.0538        0.9337  4995536   11.40%
Elapsed time = 2455.59 sec. (368209.07 ticks, tree = 58.25 MB, solutions = 25)
  46274 13114        1.0486   129        1.0538        0.9337  5067198   11.40%
  48544 13942        cutoff              1.0538        0.9337  5175681   11.40%
  51813 15316        cutoff              1.0538        0.9337  5322066   11.40%
  55657 15650        1.0390   192        1.0538        0.9337  5352417   11.40%
  58217 17435        1.0328   311        1.0538        0.9337  5514987   11.40%
  60240 18361        1.0390   234        1.0538        0.9337  5615386   11.40%
  63216 20074        1.0431   326        1.0538        0.9337  5775251   11.40%
  63984 20056        1.0880  1172        1.0538        0.9337  5776862   11.40%
  63990 20673        0.9303  1237        1.0538        0.9337  5832557   11.40%
  63998 20662        1.0174  1357        1.0538        0.9337  5841441   11.40%
Elapsed time = 2536.73 sec. (377966.61 ticks, tree = 109.25 MB, solutions = 25)
  64023 20672        1.0299  1095        1.0538        0.9337  5849498   11.40%
  64089 20685        1.0407   689        1.0538        0.9337  5858085   11.40%
  64187 20710        1.0221   720        1.0538        0.9364  5898261   11.14%
  64389 20767        1.0520   444        1.0538        0.9383  5942908   10.96%
  64849 20824        cutoff              1.0538        0.9651  6004257    8.42%
  65115 20871        cutoff              1.0538        0.9989  6067379    5.22%
  65135 18688        cutoff              1.0538        1.0178  5646656    3.42%
  65142 18734        cutoff              1.0538        1.0259  5655179    2.65%
  65151 20884        1.0402   202        1.0538        1.0259  6080703    2.65%
  65203 18716        1.0307  1079        1.0538        1.0259  5655730    2.65%
Elapsed time = 2602.23 sec. (408605.23 ticks, tree = 95.93 MB, solutions = 25)

Clique cuts applied:  458
Implied bound cuts applied:  10
Flow cuts applied:  50
Mixed integer rounding cuts applied:  44
Zero-half cuts applied:  2394
Lift and project cuts applied:  77
Gomory fractional cuts applied:  7

Root node processing (before b&c):
  Real time             = 1426.87 sec. (209514.31 ticks)
Parallel b&c, 32 threads:
  Real time             = 1184.60 sec. (199806.79 ticks)
  Sync time (average)   =  422.81 sec.
  Wait time (average)   =    0.41 sec.
                          ------------
Total (root+branch&cut) = 2611.46 sec. (409321.10 ticks)
Solution found
