Model: Diversity_model_3
 - number of variables: 634
   - binary=72, integer=1, continuous=561
 - number of constraints: 705
   - linear=705
 - parameters: defaults
CPXPARAM_Read_DataCheck                          1
CPXPARAM_RandomSeed                              201804051
CPXPARAM_MIP_Strategy_LBHeur                     1
CPXPARAM_TimeLimit                               86400
CPXPARAM_MIP_Tolerances_MIPGap                   0.02
Tried aggregator 2 times.
MIP Presolve eliminated 116 rows and 116 columns.
MIP Presolve modified 72 coefficients.
Aggregator did 108 substitutions.
Reduced MIP has 481 rows, 410 columns, and 1555 nonzeros.
Reduced MIP has 72 binaries, 0 generals, 108 SOSs, and 0 indicators.
Presolve time = 0.00 sec. (1.83 ticks)
Probing changed sense of 9 constraints.
Probing time = 0.00 sec. (0.29 ticks)
Tried aggregator 2 times.
MIP Presolve eliminated 9 rows and 0 columns.
Aggregator did 18 substitutions.
Reduced MIP has 454 rows, 392 columns, and 1492 nonzeros.
Reduced MIP has 63 binaries, 0 generals, 108 SOSs, and 0 indicators.
Presolve time = 0.00 sec. (1.47 ticks)
Probing time = 0.00 sec. (0.23 ticks)
Clique table members: 27.
MIP emphasis: balance optimality and feasibility.
MIP search method: dynamic search.
Parallel mode: deterministic, using up to 32 threads.
Root relaxation solution time = 0.01 sec. (1.92 ticks)

        Nodes                                         Cuts/
   Node  Left     Objective  IInf  Best Integer    Best Bound    ItCnt     Gap

      0     0        1.0000    52                      1.0000      143         
      0     0        1.0000    35                    Cuts: 25      211         
*     0+    0                            2.1152        1.0000            52.72%
      0     0        1.0000    59        2.1152      Cuts: 81      359   52.72%
      0     0        1.0000    40        2.1152      Cuts: 12      421   52.72%
      0     0        1.0000    41        2.1152      Cuts: 62      460   52.72%
*     0+    0                            1.2447        1.0000            19.66%
      0     2        1.0000    13        1.2447        1.0000      460   19.66%
Elapsed time = 82.93 sec. (76.49 ticks, tree = 0.02 MB, solutions = 2)
*    25+    6                            1.1976        1.0000            16.50%
*    59+   17                            1.1588        1.0000            13.70%
*   104+   17                            1.1588        1.0000            13.70%
*   160+   46                            1.0906        1.0000             8.31%
*   343+   93                            1.0586        1.0000             5.54%
*   418+  112                            1.0545        1.0000             5.17%
*  1027+  123                            1.0526        1.0000             5.00%
*  1211   166      integral     0        1.0508        1.0000     9609    4.84%
*  1250   154      integral     0        1.0399        1.0000     9869    3.84%

Implied bound cuts applied:  72
Flow cuts applied:  9
Mixed integer rounding cuts applied:  4

Root node processing (before b&c):
  Real time             =   71.69 sec. (76.40 ticks)
Parallel b&c, 32 threads:
  Real time             =  294.85 sec. (27.49 ticks)
  Sync time (average)   =  279.66 sec.
  Wait time (average)   =    0.00 sec.
                          ------------
Total (root+branch&cut) =  366.54 sec. (103.89 ticks)
Solution found
