Model: Diversity_model_3
 - number of variables: 18237
   - binary=14378, integer=2, continuous=3857
 - number of constraints: 61323
   - linear=61323
 - parameters: defaults
CPXPARAM_Read_DataCheck                          1
CPXPARAM_RandomSeed                              201804051
CPXPARAM_MIP_Strategy_LBHeur                     1
CPXPARAM_TimeLimit                               86400
CPXPARAM_MIP_Tolerances_MIPGap                   0.02
Tried aggregator 2 times.
MIP Presolve eliminated 858 rows and 848 columns.
MIP Presolve modified 336 coefficients.
Aggregator did 7862 substitutions.
Reduced MIP has 52603 rows, 9527 columns, and 145152 nonzeros.
Reduced MIP has 7357 binaries, 0 generals, 840 SOSs, and 0 indicators.
Presolve time = 0.82 sec. (504.94 ticks)
Probing changed sense of 28 constraints.
Probing time = 0.62 sec. (39.94 ticks)
Tried aggregator 2 times.
MIP Presolve eliminated 6782 rows and 668 columns.
Aggregator did 56 substitutions.
Reduced MIP has 45765 rows, 8803 columns, and 126030 nonzeros.
Reduced MIP has 6661 binaries, 0 generals, 840 SOSs, and 0 indicators.
Presolve time = 0.85 sec. (500.28 ticks)
Probing time = 0.39 sec. (32.21 ticks)
Clique table members: 71868.
MIP emphasis: balance optimality and feasibility.
MIP search method: dynamic search.
Parallel mode: deterministic, using up to 32 threads.
Root relaxation solution time = 3.32 sec. (683.36 ticks)

        Nodes                                         Cuts/
   Node  Left     Objective  IInf  Best Integer    Best Bound    ItCnt     Gap

      0     0        0.2652  2818                      0.2652       27         
      0     0        0.2652  2274                  Cuts: 3689     1560         
      0     0        0.2652  2482                  Cuts: 4351     3947         
*     0+    0                            3.7836        0.2652            92.99%
      0     0        0.2652  2519        3.7836     Cuts: 567     4713   92.99%
*     0+    0                            0.7299        0.2652            63.66%
*     0+    0                            0.7269        0.2652            63.51%
*     0+    0                            0.7099        0.2652            62.64%
*     0+    0                            0.7059        0.2652            62.43%

Repeating presolve.
Tried aggregator 2 times.
MIP Presolve eliminated 32496 rows and 5078 columns.
MIP Presolve modified 454 coefficients.
Aggregator did 28 substitutions.
Reduced MIP has 13241 rows, 3697 columns, and 38805 nonzeros.
Reduced MIP has 1583 binaries, 0 generals, 840 SOSs, and 0 indicators.
Presolve time = 0.43 sec. (116.79 ticks)
Probing time = 0.49 sec. (41.04 ticks)
Tried aggregator 1 time.
MIP Presolve eliminated 1120 rows and 97 columns.
MIP Presolve modified 236 coefficients.
Reduced MIP has 12121 rows, 3600 columns, and 35639 nonzeros.
Reduced MIP has 1486 binaries, 0 generals, 840 SOSs, and 0 indicators.
Presolve time = 0.17 sec. (47.01 ticks)
Probing time = 0.38 sec. (24.53 ticks)
Tried aggregator 1 time.
MIP Presolve eliminated 208 rows and 19 columns.
MIP Presolve modified 184 coefficients.
Reduced MIP has 11913 rows, 3581 columns, and 35053 nonzeros.
Reduced MIP has 1467 binaries, 0 generals, 840 SOSs, and 0 indicators.
Presolve time = 0.14 sec. (53.57 ticks)
Represolve time = 1.95 sec. (595.89 ticks)
Probing time = 0.15 sec. (15.95 ticks)
Clique table members: 21158.
MIP emphasis: balance optimality and feasibility.
MIP search method: dynamic search.
Parallel mode: deterministic, using up to 32 threads.
Root relaxation solution time = 52.51 sec. (459.77 ticks)

        Nodes                                         Cuts/
   Node  Left     Objective  IInf  Best Integer    Best Bound    ItCnt     Gap

*     0+    0                            0.7059        0.2652            62.43%
      0     0        0.2652   452        0.7059        0.2652     9694   62.43%
      0     0        0.2652   826        0.7059    Cuts: 1499    11203   62.43%
      0     0        0.2687   792        0.7059    Cuts: 1303    14465   61.94%
      0     0        0.2694   842        0.7059    Cuts: 1173    16434   61.83%
      0     0        0.2700   780        0.7059     Cuts: 761    18129   61.76%
*     0+    0                            0.6970        0.2700            61.27%
      0     0        0.2702   802        0.6970     Cuts: 486    19180   61.23%
      0     0        0.2705   832        0.6970     Cuts: 768    20850   61.19%
*     0+    0                            0.6950        0.2705            61.08%
      0     0        0.2708   818        0.6950     Cuts: 660    22238   61.04%
      0     0        0.2711   888        0.6950     Cuts: 771    23508   60.99%
*     0+    0                            0.6800        0.2711            60.13%
      0     0        0.2715   829        0.6800     Cuts: 705    24834   60.08%
*     0+    0                            0.6790        0.2715            60.02%
      0     0        0.2718   892        0.6790     Cuts: 991    25902   59.97%
      0     0        0.2723   855        0.6790     Cuts: 705    27126   59.89%
      0     0        0.2726   881        0.6790     Cuts: 923    28260   59.85%
      0     0        0.2728   918        0.6790     Cuts: 702    29466   59.82%
      0     0        0.2731   806        0.6790     Cuts: 598    30274   59.78%
      0     0        0.2734   837        0.6790     Cuts: 834    31351   59.74%
      0     0        0.2735   916        0.6790     Cuts: 806    32597   59.72%
      0     0        0.2738   830        0.6790     Cuts: 828    33794   59.68%
      0     0        0.2740   914        0.6790     Cuts: 521    35115   59.65%
      0     0        0.2742   863        0.6790     Cuts: 865    36573   59.62%
      0     0        0.2743   920        0.6790     Cuts: 580    37785   59.60%
*     0+    0                            0.6780        0.2743            59.54%
      0     2        0.2743   753        0.6780        0.2743    37785   59.54%
Elapsed time = 382.17 sec. (41277.19 ticks, tree = 0.02 MB, solutions = 10)
      5     6        0.6457   478        0.6780        0.2743    39089   59.54%
*    21+    9                            0.6740        0.2743            59.30%
     25    10        0.6578   462        0.6740        0.2743    40183   59.30%
*    36+   13                            0.6730        0.2743            59.24%
*    38+   12                            0.6730        0.2743            59.24%
*    82+   22                            0.6710        0.2743            59.12%
    117    46        cutoff              0.6710        0.2743    51259   59.12%
    241    80        0.6425   575        0.6710        0.2743    66177   59.12%
    427   199        0.5641   433        0.6710        0.2746    98880   59.07%
    573   285        0.5179   515        0.6710        0.2746   124021   59.07%
    837   413        cutoff              0.6710        0.2746   154072   59.07%
   1123   514        cutoff              0.6710        0.2746   174883   59.07%
   1400   683        0.3140   458        0.6710        0.2746   204366   59.07%
*  2165+  993                            0.5823        0.2746            52.84%
   2426   856        0.2875   415        0.5823        0.2746   310919   52.84%
Elapsed time = 477.80 sec. (44489.83 ticks, tree = 39.14 MB, solutions = 19)
*  2546+  861                            0.5703        0.2746            51.84%
*  2614+  869                            0.5536        0.2746            50.39%
*  2737+  930                            0.5503        0.2746            50.09%
*  2740+  880                            0.5490        0.2746            49.97%
   3562  1306        0.2779   631        0.5490        0.2746   385660   49.97%
*  4347+ 2001                            0.5473        0.2746            49.82%
   4407  2124        0.3096   409        0.5473        0.2746   518110   49.82%
*  4438+ 2181                            0.5463        0.2746            49.73%
*  4569+ 2002                            0.5347        0.2746            48.63%
*  4821+ 2156                            0.5313        0.2746            48.30%
   5780  2964        0.3709   198        0.5313        0.2746   613808   48.30%
*  6245+ 3633                            0.4874        0.2746            43.66%
*  6526+ 3338                            0.4429        0.2746            37.99%
*  6606  2988      integral     0        0.4407        0.2746   695929   37.67%
   7247  3435        0.3567   326        0.4407        0.2746   740227   37.67%
   8064  3528        0.2856   604        0.4407        0.2746   757528   37.67%
*  8067+ 2845                            0.4340        0.2757            36.47%
*  8067+ 1896                            0.4330        0.2757            36.33%
*  8067+ 1264                            0.4069        0.2771            31.89%
*  8067+  842                            0.4064        0.2774            31.73%
*  8067+  561                            0.4044        0.2774            31.40%
   8067   562        0.2836   840        0.4044        0.2836   920960   29.88%
   8068   563        0.2836   682        0.4044        0.2836   921433   29.88%
   8072   563        0.2840   703        0.4044        0.2836   922118   29.88%
   8078   203        0.3481   634        0.4044        0.2836   924986   29.88%
   8088    77        0.2856   614        0.4044        0.2836   926699   29.88%
Elapsed time = 822.65 sec. (110082.33 ticks, tree = 7.40 MB, solutions = 38)
*  8108+    6                            0.4027        0.2836            29.57%
   8114     3        0.3620   513        0.4027        0.2836   926855   29.57%
*  8171+   20                            0.3992        0.2843            28.79%
   8343    45        0.2943   467        0.3992        0.2845   961667   28.74%
   9325   584        0.3178   434        0.3992        0.2848  1057635   28.68%
  10853  1435        0.3815   431        0.3992        0.2853  1150222   28.54%
  11777  2497        0.3510   282        0.3992        0.2856  1249999   28.47%
  14341  3557        0.3833   176        0.3992        0.2856  1318187   28.47%
  16496  6613        0.3271   441        0.3992        0.2869  1488740   28.14%
  18484  8432        0.3809   265        0.3992        0.2883  1587730   27.80%
  21659 10067        cutoff              0.3992        0.2889  1677632   27.65%
  24629 13015        0.3985    22        0.3992        0.2900  1830291   27.37%
Elapsed time = 979.13 sec. (119624.64 ticks, tree = 1132.40 MB, solutions = 42)
  26649 15324        0.2948   511        0.3992        0.2901  1974584   27.35%
  29704 17112        0.2944   555        0.3992        0.2903  2074976   27.30%
* 30547 18043      integral     0        0.3981        0.2903  2123011   27.09%
  33818 20511        0.3962    97        0.3981        0.2906  2268220   27.00%
* 34345+21154                            0.3971        0.2906            26.81%
* 34808+21148                            0.3917        0.2906            25.80%
* 34823+20628                            0.3854        0.2906            24.60%
* 34848+20628                            0.3849        0.2906            24.50%
* 34898+20628                            0.3843        0.2906            24.37%
* 34963+20620                            0.3808        0.2906            23.68%
  35847 18003        0.2931   489        0.3808        0.2907  2400434   23.67%
  38618 19764        0.3565   172        0.3808        0.2908  2509282   23.64%
* 38724+19760                            0.3806        0.2908            23.60%
* 38791+19453                            0.3806        0.2908            23.60%
  40911 22477        0.3120   346        0.3806        0.2911  2666763   23.52%
  43380 23835        0.3161   387        0.3806        0.2913  2742057   23.47%
  45414 26402        0.3190   433        0.3806        0.2914  2884563   23.44%
  47827 27685        0.3493   340        0.3806        0.2915  2955250   23.41%
Elapsed time = 1068.88 sec. (128442.22 ticks, tree = 2486.19 MB, solutions = 67)
Nodefile size = 434.51 MB (397.78 MB after compression)
  50185 30369        0.3740   134        0.3806        0.2917  3109458   23.36%
  52221 32100        0.3290   512        0.3806        0.2917  3217245   23.35%
  54647 34062        0.3609   156        0.3806        0.2919  3339348   23.30%
  56875 35150        0.3637   256        0.3806        0.2920  3404856   23.27%
  59504 37250        cutoff              0.3806        0.2921  3530461   23.26%
* 59972+37956                            0.3805        0.2922            23.21%
  60028 39201        0.3587   350        0.3805        0.2922  3644778   23.21%
* 60739+37857                            0.3781        0.2922            22.74%
  61459 40123        0.3378   440        0.3781        0.2922  3694644   22.74%
* 62016+37857                            0.3779        0.2922            22.70%
* 62493+38241                            0.3779        0.2922            22.70%
  63065 41473        0.3429   243        0.3779        0.2922  3768945   22.70%
* 64124+37857                            0.3775        0.2922            22.62%
  64600 42235        0.3608   220        0.3775        0.2922  3813611   22.62%
* 65672+37907                            0.3763        0.2922            22.37%
  66014 43432        0.3091   382        0.3763        0.2922  3894360   22.37%
Elapsed time = 1172.61 sec. (137983.12 ticks, tree = 4027.60 MB, solutions = 68)
Nodefile size = 1966.81 MB (1811.61 MB after compression)
  67695 45106        0.3674   291        0.3763        0.2922  3988488   22.37%
  69123 46528        0.3762   169        0.3763        0.2922  4059935   22.37%
  70400 47334        0.3322   384        0.3763        0.2922  4110074   22.37%
  71968 48755        0.3330   235        0.3763        0.2922  4192927   22.37%
  73734 49808        0.3659   206        0.3763        0.2922  4258283   22.37%
* 74149+37907                            0.3762        0.2922            22.34%
  75455 51377        0.3641   263        0.3762        0.2922  4336019   22.34%
  77261 53181        0.3313   548        0.3762        0.2922  4430620   22.34%
* 77495+37907                            0.3757        0.2922            22.24%
  78976 53963        0.3714   185        0.3757        0.2922  4469815   22.24%
  80244 53751        0.3754   161        0.3757        0.2922  4588238   22.24%
* 82299+37907                            0.3650        0.2922            19.95%
  82439 54184        0.3439   370        0.3650        0.2922  4612817   19.95%
Elapsed time = 1266.41 sec. (147526.30 ticks, tree = 4994.25 MB, solutions = 89)
Nodefile size = 2934.47 MB (2705.55 MB after compression)
* 84566+44965                            0.3649        0.2922            19.92%
  84677 45165        0.3319   445        0.3649        0.2922  4760522   19.92%
* 85468+45623                            0.3645        0.2922            19.85%
* 85716+46264                            0.3645        0.2922            19.84%
  87315 46416        0.3634   302        0.3645        0.2922  4850782   19.84%
* 87760+46705                            0.3582        0.2922            18.44%
  89693 43036        0.3478   329        0.3582        0.2922  5045879   18.43%
* 91315+42702                            0.3568        0.2930            17.90%
* 91791+44192                            0.3568        0.2930            17.90%
  91830 44321        0.2931   540        0.3568        0.2930  5137537   17.90%
  94286 45022        0.3532   190        0.3568        0.2931  5274833   17.87%
  96134 46425        0.2966   431        0.3568        0.2931  5370360   17.86%
  98455 47562        0.3127   363        0.3568        0.2932  5458055   17.83%
 101043 49814        0.3134   359        0.3568        0.2933  5607155   17.81%
*103109+50840                            0.3568        0.2933            17.79%
 103350 50929        0.3040   438        0.3568        0.2933  5686273   17.79%
 105024 53498        0.3267   483        0.3568        0.2934  5868527   17.78%
Elapsed time = 1408.54 sec. (157066.14 ticks, tree = 4856.09 MB, solutions = 115)
Nodefile size = 2800.71 MB (2602.59 MB after compression)
 107480 55655        0.3311   374        0.3568        0.2935  6021541   17.75%
 109982 57501        0.3082   395        0.3568        0.2935  6151312   17.74%
 112777 59347        0.3135   427        0.3568        0.2935  6281790   17.74%
 115496 60736        0.3201   315        0.3568        0.2935  6378723   17.74%
 117301 62690        0.3508   396        0.3568        0.2935  6498701   17.74%
*117555+63129                            0.3548        0.2935            17.27%
*118243+61988                            0.3548        0.2935            17.27%
*119216+62700                            0.3548        0.2937            17.22%
 119547 61962        0.3419   298        0.3548        0.2937  6588805   17.21%
 121926 63824        0.3512   195        0.3548        0.2937  6733587   17.21%
 124514 67029        0.2991   508        0.3548        0.2939  6954359   17.17%
 127321 69001        0.3089   405        0.3548        0.2939  7091727   17.16%
 129539 70854        0.3138   417        0.3548        0.2939  7211653   17.16%
Elapsed time = 1512.24 sec. (166606.62 ticks, tree = 6487.46 MB, solutions = 117)
Nodefile size = 4430.03 MB (4118.80 MB after compression)
 131874 71973        cutoff              0.3548        0.2941  7292074   17.12%
*131883+72266                            0.3548        0.2941            17.12%
*132586+72977                            0.3548        0.2941            17.12%
 134003 74096        cutoff              0.3548        0.2941  7438460   17.11%
 135675 75863        0.3164   392        0.3548        0.2941  7565556   17.09%
 137552 77202        0.2966   511        0.3548        0.2942  7686528   17.07%
 139170 77642        0.3522   328        0.3548        0.2942  7728338   17.06%
 140905 79111        0.3372   359        0.3548        0.2942  7885010   17.06%
 142577 80807        0.3430   181        0.3548        0.2943  8057347   17.06%
 144251 82686        0.3248   484        0.3548        0.2943  8241454   17.04%
 145518 84686        0.3093   409        0.3548        0.2944  8438926   17.02%
 147041 84654        0.3121   445        0.3548        0.2944  8438531   17.02%
Elapsed time = 1610.88 sec. (176148.60 ticks, tree = 7792.12 MB, solutions = 118)
Nodefile size = 5731.06 MB (5325.80 MB after compression)
 148776 85887        0.3134   374        0.3548        0.2944  8585511   17.02%
 150468 86743        0.3483   299        0.3548        0.2945  8672838   17.00%
 152472 88459        0.3507   303        0.3548        0.2945  8835397   17.00%
 154422 90088        0.3466   346        0.3548        0.2945  8988722   16.99%
*154888+89218                            0.3547        0.2945            16.97%
 155923 91000        0.3302   369        0.3547        0.2945  9071467   16.97%
 157442 92719        0.2988   396        0.3547        0.2946  9262125   16.96%
 158885 94739        0.3226   378        0.3547        0.2946  9484942   16.96%
 160424 95008        0.3249   427        0.3547        0.2946  9511302   16.95%
 161902 95928        0.3246   418        0.3547        0.2946  9609945   16.94%
 169418 101347        0.3517   125        0.3547        0.2947 10186191   16.92%
Elapsed time = 1742.29 sec. (188549.94 ticks, tree = 9391.64 MB, solutions = 119)
Nodefile size = 7324.37 MB (6799.30 MB after compression)
 176121 107397        0.3490   373        0.3547        0.2948 10829132   16.89%
 182774 113234        cutoff              0.3547        0.2949 11454241   16.85%
 189403 117761        0.3481   296        0.3547        0.2950 11908308   16.83%
 195953 122396        cutoff              0.3547        0.2951 12392332   16.81%
 203653 127225        0.3186   399        0.3547        0.2952 12902710   16.78%
 210419 135202        0.3065   380        0.3547        0.2953 13706587   16.76%
 217811 138862        0.3377   368        0.3547        0.2954 14080331   16.73%
 225395 145243        0.3206   392        0.3547        0.2955 14699345   16.70%
 232269 151739        0.3170   273        0.3547        0.2956 15360397   16.68%
 240898 159136        0.3014   482        0.3547        0.2957 16053473   16.65%
Elapsed time = 2210.28 sec. (226701.52 ticks, tree = 15086.85 MB, solutions = 119)
Nodefile size = 13025.46 MB (12056.37 MB after compression)
 248240 164874        0.3408   446        0.3547        0.2958 16592892   16.62%
 255480 171127        cutoff              0.3547        0.2959 17213023   16.59%
 262570 175792        0.3276   254        0.3547        0.2960 17674407   16.57%
 269312 181870        0.3161   341        0.3547        0.2960 18280822   16.54%
 275671 186254        0.3520   348        0.3547        0.2961 18768115   16.52%
 282521 192806        0.3001   425        0.3547        0.2962 19475607   16.51%
 288655 196519        0.2979   437        0.3547        0.2962 19887109   16.49%
 295782 201919        0.3532   123        0.3547        0.2963 20481992   16.47%
 302118 208931        0.3357   385        0.3547        0.2964 21214111   16.45%
 309127 213721        0.3035   467        0.3547        0.2964 21719132   16.44%
Elapsed time = 2703.61 sec. (264855.23 ticks, tree = 20538.30 MB, solutions = 119)
Nodefile size = 18477.06 MB (17072.62 MB after compression)
 315582 217908        0.3194   401        0.3547        0.2965 22196318   16.43%
 322407 225225        0.2997   403        0.3547        0.2965 22968003   16.41%
 328101 228729        0.3494   358        0.3547        0.2966 23350375   16.39%
 334940 233813        0.3504   164        0.3547        0.2967 23877754   16.37%
 341367 238674        0.3512   344        0.3547        0.2967 24409837   16.36%
*347296+243826                            0.3545        0.2968            16.29%
 347304 245613        0.3465   215        0.3545        0.2968 25152266   16.29%
 352675 247923    infeasible              0.3545        0.2968 25476150   16.27%
 358057 252212        0.3254   365        0.3545        0.2969 26024309   16.26%
 363542 256342        0.2996   403        0.3545        0.2969 26539541   16.25%
 368819 262758        0.3519   177        0.3545        0.2969 27342467   16.24%
Elapsed time = 3203.32 sec. (303007.66 ticks, tree = 25482.65 MB, solutions = 121)
Nodefile size = 23421.02 MB (21608.53 MB after compression)
 374591 264925        0.3538   397        0.3545        0.2970 27634730   16.23%
 379501 269563        0.3539   309        0.3545        0.2970 28163763   16.22%
 384964 274913        0.3194   346        0.3545        0.2971 28805588   16.21%
 390726 279055        0.3109   414        0.3545        0.2971 29293683   16.20%
 396489 285083        0.3249   406        0.3545        0.2971 29958244   16.19%
 401974 289232    infeasible              0.3545        0.2972 30463135   16.18%
 407772 291554        0.3196   405        0.3545        0.2972 30737402   16.17%
 413512 298407        0.3301   441        0.3545        0.2972 31513616   16.16%
 418916 301816        cutoff              0.3545        0.2972 31928401   16.16%
 424111 305235        0.3137   380        0.3545        0.2973 32387991   16.14%
Elapsed time = 3684.89 sec. (341160.03 ticks, tree = 29823.88 MB, solutions = 121)
Nodefile size = 27755.56 MB (25583.79 MB after compression)
 429346 309520        0.3445   442        0.3545        0.2973 32929790   16.13%
 433768 314112        cutoff              0.3545        0.2974 33534564   16.12%
 439214 319231        0.3285   417        0.3545        0.2974 34198744   16.11%
 444803 321130        0.3354   277        0.3545        0.2974 34481055   16.10%
 450230 327468        0.3259   291        0.3545        0.2974 35236198   16.10%
 455608 332024        0.3291   399        0.3545        0.2975 35822563   16.09%
 461498 336493        0.3517   245        0.3545        0.2975 36354285   16.08%
 466572 341685        0.3274   371        0.3545        0.2975 37018492   16.07%
 472305 344875        0.3020   433        0.3545        0.2976 37429900   16.06%
 477433 350162        0.3483   236        0.3545        0.2976 38086814   16.05%
Elapsed time = 4162.26 sec. (379314.31 ticks, tree = 34371.76 MB, solutions = 121)
Nodefile size = 32308.16 MB (29731.78 MB after compression)
 482514 352982        0.3539   166        0.3545        0.2976 38429759   16.04%
 488072 357813        0.3018   370        0.3545        0.2977 39014128   16.03%
 493547 362131        0.3133   386        0.3545        0.2977 39523879   16.03%
 498715 365445        0.3275   248        0.3545        0.2977 39940908   16.01%
 504132 370092        0.3246   318        0.3545        0.2978 40558036   16.00%
*504950+371869                            0.3545        0.2978            16.00%
 509156 374494        0.3535    53        0.3545        0.2978 41082211   15.99%
 514623 379062        0.3469   255        0.3545        0.2978 41642218   15.98%
 519776 383189        0.3492    87        0.3545        0.2979 42132386   15.97%
 524591 388168        0.3486   221        0.3545        0.2979 42780607   15.97%
 529206 390861        0.3118   354        0.3545        0.2979 43155956   15.96%
Elapsed time = 4629.11 sec. (417467.86 ticks, tree = 38550.51 MB, solutions = 122)
Nodefile size = 36483.26 MB (33560.99 MB after compression)
 534125 395107        0.3073   376        0.3545        0.2980 43741814   15.95%
 538284 399510        0.3284   408        0.3545        0.2980 44354968   15.94%
 543224 401222        0.3498   412        0.3545        0.2980 44598435   15.93%
 547683 405751        cutoff              0.3545        0.2980 45212117   15.93%
 552802 411216        cutoff              0.3545        0.2981 45914270   15.92%
 557733 413688        0.3388   211        0.3545        0.2981 46263505   15.91%
 562919 417910        0.3466   338        0.3545        0.2981 46802800   15.90%
 567950 421577        0.3326   310        0.3545        0.2981 47284578   15.90%
 573063 426925        0.3344   388        0.3545        0.2982 47971027   15.89%
 578765 429783        0.3372   225        0.3545        0.2982 48344274   15.88%
Elapsed time = 5083.16 sec. (455626.26 ticks, tree = 42582.23 MB, solutions = 122)
Nodefile size = 40512.02 MB (37260.52 MB after compression)
 583583 433756        0.3515   267        0.3545        0.2982 48803431   15.88%
 588354 439384        0.3441   320        0.3545        0.2982 49511861   15.87%
 593307 441331        0.3101   351        0.3545        0.2982 49752432   15.87%
 598193 446577        0.3480   464        0.3545        0.2983 50495047   15.86%
 603124 449526        0.3223   363        0.3545        0.2983 50903291   15.86%
 608173 455852        cutoff              0.3545        0.2983 51789716   15.85%
 613526 458008        0.3517   179        0.3545        0.2983 52087705   15.84%
 618366 462429        0.3192   467        0.3545        0.2983 52642163   15.84%
 623951 467892        0.3168   304        0.3545        0.2984 53340618   15.83%
 629003 472162        0.3510   328        0.3545        0.2984 53900991   15.83%
Elapsed time = 5525.29 sec. (493782.56 ticks, tree = 46672.41 MB, solutions = 122)
Nodefile size = 44607.17 MB (40985.42 MB after compression)
 633742 475547        0.3512   252        0.3545        0.2984 54354557   15.82%
 638795 478793        0.3373   233        0.3545        0.2984 54790694   15.81%
 643620 483571        0.3107   404        0.3545        0.2985 55408770   15.81%
 648620 487686        0.3349   260        0.3545        0.2985 55940744   15.80%
 652807 491365        0.3097   383        0.3545        0.2985 56438782   15.80%
 657819 495568        0.3543   327        0.3545        0.2985 57040632   15.79%
 662863 499067        0.3414   216        0.3545        0.2985 57500404   15.78%
 667792 503256        0.3148   348        0.3545        0.2986 58025030   15.78%
 672337 506581        0.3320   366        0.3545        0.2986 58467585   15.77%
 677211 511579        0.3490   558        0.3545        0.2986 59202113   15.77%
Elapsed time = 5982.26 sec. (531939.91 ticks, tree = 50764.58 MB, solutions = 122)
Nodefile size = 48700.58 MB (44736.80 MB after compression)
 682002 513454        0.3021   471        0.3545        0.2986 59436353   15.76%
 686991 519887        cutoff              0.3545        0.2986 60304149   15.75%
*691797+522255                            0.3538        0.2987            15.58%
 691874 521049        0.3378   348        0.3538        0.2987 60458090   15.58%
*692948+522687                            0.3536        0.2987            15.54%
*693107+523120                            0.3536        0.2987            15.54%
 696828 524910        0.3514   430        0.3536        0.2987 61243709   15.54%
 702019 527774        0.3453   267        0.3536        0.2987 61610974   15.54%
 706664 533107        0.3521   414        0.3536        0.2987 62311081   15.53%
*706703+531740                            0.3536        0.2987            15.50%
 710942 536747    infeasible              0.3536        0.2988 62950287   15.50%
 716461 539296        0.3079   431        0.3536        0.2988 63306621   15.49%
 721839 545189        0.3101   567        0.3536        0.2988 64007141   15.49%
 727197 549529        0.3534   400        0.3536        0.2988 64536429   15.48%
Elapsed time = 6445.00 sec. (570091.81 ticks, tree = 54652.85 MB, solutions = 127)
Nodefile size = 52589.15 MB (48295.51 MB after compression)
 732799 552646        0.3343   452        0.3536        0.2988 64911647   15.47%
*734339+552292                            0.3535        0.2989            15.46%
 737711 555475        0.3251   380        0.3535        0.2989 65293563   15.46%
 743089 559430        0.3451   208        0.3535        0.2989 65793516   15.45%
 748552 564827        0.3519   139        0.3535        0.2989 66473204   15.44%
 753873 570415        0.3438   361        0.3535        0.2989 67144440   15.44%
 758871 573869        0.3495   352        0.3535        0.2990 67596647   15.43%
 763889 577529        cutoff              0.3535        0.2990 68063200   15.43%
 768770 581733        0.3416   386        0.3535        0.2990 68602234   15.42%
 772881 585774        0.3056   445        0.3535        0.2990 69159060   15.41%
 777882 587631        0.3419   433        0.3535        0.2990 69406071   15.41%
Elapsed time = 6891.90 sec. (608243.20 ticks, tree = 58635.99 MB, solutions = 128)
Nodefile size = 56558.52 MB (51933.42 MB after compression)
 782777 593957        0.3381   293        0.3535        0.2991 70249568   15.40%
 788065 598422        0.3505   178        0.3535        0.2991 70830121   15.40%
 793856 601006        0.3358   384        0.3535        0.2991 71157624   15.39%
 799141 606684        0.3385   219        0.3535        0.2991 71812075   15.39%
*800409+606822                            0.3534        0.2991            15.37%
 804009 611073        0.3232   378        0.3534        0.2991 72484973   15.36%
 809052 614250        0.3475   412        0.3534        0.2991 72888428   15.36%
 813923 618784        0.3285   394        0.3534        0.2992 73486827   15.35%
 819213 620155        0.3418   351        0.3534        0.2992 73663033   15.35%
 824718 625975        0.3519   208        0.3534        0.2992 74431418   15.34%
 829726 630150        0.3294   396        0.3534        0.2992 74941932   15.34%
Elapsed time = 7363.20 sec. (646395.28 ticks, tree = 62791.75 MB, solutions = 129)
Nodefile size = 60725.25 MB (55741.71 MB after compression)
 834388 634751        0.3082   430        0.3534        0.2992 75564945   15.33%
 839719 639260        0.3410   185        0.3534        0.2992 76238115   15.33%
 845349 643482        0.3504   181        0.3534        0.2993 76955821   15.33%
 850739 645627        0.3346   423        0.3534        0.2993 77261188   15.32%
 856376 649896        0.3463   329        0.3534        0.2993 77807168   15.31%
 862057 655728        0.3519   327        0.3534        0.2993 78510841   15.31%
 867769 659207        0.3516   421        0.3534        0.2993 78929201   15.31%
 873042 665521        0.3271   302        0.3534        0.2993 79689621   15.30%
 878377 669870        cutoff              0.3534        0.2994 80239824   15.29%
 884146 672259        0.3068   529        0.3534        0.2994 80538500   15.29%
Elapsed time = 7812.20 sec. (684548.02 ticks, tree = 66712.39 MB, solutions = 129)
Nodefile size = 64637.20 MB (59288.94 MB after compression)
 889414 679639        cutoff              0.3534        0.2994 81453258   15.29%
 894261 683929        0.3054   426        0.3534        0.2994 82056673   15.28%
 899151 685090        0.3360   351        0.3534        0.2994 82201023   15.28%
 904111 690979        0.3478   260        0.3534        0.2994 82974897   15.28%
 909464 693789        0.3445   262        0.3534        0.2995 83336136   15.27%
 914976 698179        0.3422   341        0.3534        0.2995 83911793   15.26%
 919900 701939        0.3436   290        0.3534        0.2995 84383823   15.26%
 924539 707926        0.3420   410        0.3534        0.2995 85198345   15.25%
 930072 709616        0.3365   349        0.3534        0.2995 85417947   15.25%
 935463 715678        0.3499   189        0.3534        0.2995 86176514   15.25%
Elapsed time = 8279.47 sec. (722701.10 ticks, tree = 71259.72 MB, solutions = 129)
Nodefile size = 69192.69 MB (63462.99 MB after compression)
 940736 718508        0.3202   409        0.3534        0.2995 86527687   15.24%
 946061 724965        0.3175   344        0.3534        0.2996 87381578   15.24%
 951415 726970        cutoff              0.3534        0.2996 87620615   15.23%
 956327 732935        0.3520   168        0.3534        0.2996 88358655   15.23%
 961803 735741        0.3513   364        0.3534        0.2996 88759655   15.22%
 966955 741775        0.3513   275        0.3534        0.2996 89540976   15.22%
 971299 745269        0.3335   491        0.3534        0.2996 89983382   15.21%
 976301 747772        0.3519   258        0.3534        0.2997 90336249   15.21%
 981112 753162        0.3526   166        0.3534        0.2997 91044423   15.21%
 986584 755050        0.3447   208        0.3534        0.2997 91305979   15.20%
Elapsed time = 8771.43 sec. (760856.57 ticks, tree = 75397.61 MB, solutions = 129)
Nodefile size = 73320.21 MB (67241.79 MB after compression)
 991727 759345        0.3480   375        0.3534        0.2997 91858856   15.20%
 996714 763388        0.3208   326        0.3534        0.2997 92390327   15.19%
 1001645 767581        cutoff              0.3534        0.2997 92924597   15.19%
 1006620 773684        0.3313   272        0.3534        0.2997 93806802   15.19%
 1011640 775894        0.3236   313        0.3534        0.2998 94098570   15.18%
 1016542 779325        0.3154   342        0.3534        0.2998 94569108   15.18%
 1021505 784586        cutoff              0.3534        0.2998 95274459   15.17%
 1026898 787024        0.3368   350        0.3534        0.2998 95606972   15.17%
 1032636 793907        0.3009   394        0.3534        0.2998 96611818   15.16%
 1038425 795923        cutoff              0.3534        0.2998 96895355   15.16%
Elapsed time = 9223.94 sec. (799007.85 ticks, tree = 79253.26 MB, solutions = 129)
Nodefile size = 77187.98 MB (70755.82 MB after compression)
 1043005 802959        0.3333   215        0.3534        0.2999 98202768   15.15%
 1048474 804429        0.3168   487        0.3534        0.2999 98481425   15.15%
 1053651 811435        cutoff              0.3534        0.2999 99354011   15.14%
 1058584 813153        0.3140   396        0.3534        0.2999 99583850   15.14%
 1063482 818162        0.3064   374        0.3534        0.2999 1.00e+08   15.14%
 1068640 823880        0.3444   114        0.3534        0.2999 1.01e+08   15.13%
 1073214 826574        0.3518   200        0.3534        0.3000 1.01e+08   15.13%
 1077936 828341        0.3504   332        0.3534        0.3000 1.02e+08   15.12%
 1083138 833708        0.3004   427        0.3534        0.3000 1.02e+08   15.12%
 1088630 838949        0.3259   361        0.3534        0.3000 1.03e+08   15.12%
Elapsed time = 9659.36 sec. (837160.13 ticks, tree = 82913.32 MB, solutions = 129)
Nodefile size = 80838.65 MB (74056.76 MB after compression)
 1093436 843089        0.3031   450        0.3534        0.3000 1.04e+08   15.11%
 1098891 846457        0.3457   182        0.3534        0.3000 1.04e+08   15.11%
 1103700 849998        0.3168   522        0.3534        0.3000 1.05e+08   15.10%
 1108868 853461        0.3283   426        0.3534        0.3001 1.05e+08   15.10%
 1113591 856829        0.3233   409        0.3534        0.3001 1.05e+08   15.09%
 1118550 863634        0.3120   386        0.3534        0.3001 1.06e+08   15.09%
 1123522 867242        0.3095   361        0.3534        0.3001 1.07e+08   15.09%
 1128575 869166        cutoff              0.3534        0.3001 1.07e+08   15.08%
 1133399 872777        0.3218   377        0.3534        0.3001 1.08e+08   15.08%
 1138500 880164        0.3170   466        0.3534        0.3001 1.09e+08   15.07%
Elapsed time = 10137.81 sec. (875311.31 ticks, tree = 87277.95 MB, solutions = 129)
Nodefile size = 85212.43 MB (78056.64 MB after compression)
 1143171 883452        0.3358   197        0.3534        0.3002 1.09e+08   15.07%
 1148344 884838        0.3342   185        0.3534        0.3002 1.09e+08   15.07%
 1154157 890463        0.3479   429        0.3534        0.3002 1.10e+08   15.06%
 1159521 894666        0.3515   225        0.3534        0.3002 1.11e+08   15.06%
 1164857 900009        0.3282   223        0.3534        0.3002 1.11e+08   15.06%
 1170043 905227        0.3142   339        0.3534        0.3002 1.12e+08   15.05%
 1175241 905861        0.3284   287        0.3534        0.3002 1.12e+08   15.05%
 1180666 911941        0.3530   310        0.3534        0.3002 1.13e+08   15.05%
 1186454 915501        0.3334   428        0.3534        0.3003 1.14e+08   15.04%
 1191907 919858        0.3356   331        0.3534        0.3003 1.14e+08   15.04%
Elapsed time = 10616.19 sec. (913466.90 ticks, tree = 90697.38 MB, solutions = 129)
Nodefile size = 88631.81 MB (81138.08 MB after compression)
 1196966 925086        0.3431   340        0.3534        0.3003 1.15e+08   15.03%
 1201545 929803        0.3291   319        0.3534        0.3003 1.16e+08   15.03%
 1206637 934781        cutoff              0.3534        0.3003 1.17e+08   15.03%
 1212128 938603        0.3446   402        0.3534        0.3003 1.17e+08   15.02%
 1217662 942558        0.3237   314        0.3534        0.3003 1.18e+08   15.02%
 1223078 947336        0.3365   473        0.3534        0.3003 1.18e+08   15.02%
 1228434 951613        cutoff              0.3534        0.3004 1.19e+08   15.01%
 1233994 953881        0.3525   225        0.3534        0.3004 1.19e+08   15.01%
 1239515 958411        0.3135   388        0.3534        0.3004 1.20e+08   15.00%
 1245173 964042        0.3284   313        0.3534        0.3004 1.20e+08   15.00%
Elapsed time = 11055.14 sec. (951620.07 ticks, tree = 94835.16 MB, solutions = 129)
Nodefile size = 92763.01 MB (84888.80 MB after compression)
 1250524 967021        0.3331   325        0.3534        0.3004 1.21e+08   15.00%
 1256201 973390        0.3308   431        0.3534        0.3004 1.22e+08   14.99%
 1261602 975164        0.3410   195        0.3534        0.3004 1.22e+08   14.99%
 1267148 980214        cutoff              0.3534        0.3004 1.22e+08   14.99%
 1272161 985038        0.3398   374        0.3534        0.3005 1.23e+08   14.98%
 1277182 990808        0.3487   151        0.3534        0.3005 1.24e+08   14.98%
 1282186 993097        0.3196   402        0.3534        0.3005 1.24e+08   14.98%
 1286985 995787        0.3310   341        0.3534        0.3005 1.24e+08   14.97%
 1291883 1001590        0.3273   374        0.3534        0.3005 1.25e+08   14.97%
 1297170 1007275        0.3179   412        0.3534        0.3005 1.26e+08   14.97%
Elapsed time = 11468.22 sec. (989774.77 ticks, tree = 99412.91 MB, solutions = 129)
Nodefile size = 97346.90 MB (89073.05 MB after compression)
 1302090 1009649        0.3479   216        0.3534        0.3005 1.26e+08   14.96%
 1306993 1013877        0.3168   356        0.3534        0.3005 1.27e+08   14.96%
 1312113 1018480        0.3225   371        0.3534        0.3006 1.28e+08   14.96%
 1317355 1021951        0.3069   369        0.3534        0.3006 1.28e+08   14.95%
 1322466 1024821        0.3326   264        0.3534        0.3006 1.29e+08   14.95%
 1327217 1029066        0.3448   223        0.3534        0.3006 1.29e+08   14.95%
 1332379 1034221        0.3486   421        0.3534        0.3006 1.30e+08   14.94%
 1337606 1038119        0.3476   107        0.3534        0.3006 1.31e+08   14.94%
 1342743 1040153        0.3397   383        0.3534        0.3006 1.31e+08   14.93%
 1347763 1047340        0.3501   335        0.3534        0.3006 1.32e+08   14.93%
Elapsed time = 12021.76 sec. (1027926.62 ticks, tree = 102979.12 MB, solutions = 129)
Nodefile size = 100910.70 MB (92293.81 MB after compression)
 1353189 1051200        0.3210   377        0.3534        0.3007 1.32e+08   14.93%
 1358695 1055892        0.3168   404        0.3534        0.3007 1.33e+08   14.92%
 1364012 1059758        0.3183   370        0.3534        0.3007 1.34e+08   14.92%
 1369008 1062170        0.3274   406        0.3534        0.3007 1.34e+08   14.92%
 1373431 1064828        0.3522   355        0.3534        0.3007 1.35e+08   14.91%
 1377401 1071104        0.3274   404        0.3534        0.3007 1.36e+08   14.91%
 1381511 1074646        0.3521   183        0.3534        0.3007 1.36e+08   14.91%
 1385775 1077886        0.3455   178        0.3534        0.3007 1.37e+08   14.90%
 1390356 1079070        0.3396   189        0.3534        0.3008 1.37e+08   14.90%
 1394884 1082500        0.3043   397        0.3534        0.3008 1.38e+08   14.90%
Elapsed time = 12551.01 sec. (1066079.62 ticks, tree = 105278.43 MB, solutions = 129)
Nodefile size = 103196.96 MB (94340.11 MB after compression)
 1399061 1088923        0.3489   136        0.3534        0.3008 1.39e+08   14.90%
 1403784 1090522        0.3340   376        0.3534        0.3008 1.39e+08   14.89%
 1408299 1092403        cutoff              0.3534        0.3008 1.39e+08   14.89%
 1412723 1097939        cutoff              0.3534        0.3008 1.40e+08   14.89%
 1417246 1102985        0.3529   346        0.3534        0.3008 1.41e+08   14.88%
 1421578 1104711        0.3510   260        0.3534        0.3008 1.41e+08   14.88%
 1426080 1108454        0.3150   439        0.3534        0.3008 1.42e+08   14.88%
*1429704+1111746                            0.3533        0.3008            14.85%
 1430517 1113367        0.3164   409        0.3533        0.3008 1.42e+08   14.85%
*1430833+1113452                            0.3533        0.3008            14.84%
 1435012 1115281        0.3355   330        0.3533        0.3009 1.43e+08   14.84%
 1439355 1118290        0.3507   285        0.3533        0.3009 1.43e+08   14.84%
Elapsed time = 12980.87 sec. (1104239.57 ticks, tree = 109140.71 MB, solutions = 131)
Nodefile size = 107067.26 MB (97871.59 MB after compression)
 1443009 1120426        cutoff              0.3533        0.3009 1.43e+08   14.83%
 1447285 1123360        0.3220   321        0.3533        0.3009 1.44e+08   14.83%
 1451536 1126974        0.3434   385        0.3533        0.3009 1.45e+08   14.83%
 1456002 1132429        0.3140   417        0.3533        0.3009 1.46e+08   14.82%
 1460437 1133786        0.3379   240        0.3533        0.3009 1.46e+08   14.82%
 1464380 1138322        0.3387   190        0.3533        0.3009 1.47e+08   14.82%
 1468557 1143558        0.3516   278        0.3533        0.3009 1.47e+08   14.81%
 1472798 1145829        0.3414   300        0.3533        0.3010 1.48e+08   14.81%
 1477022 1148023        0.3084   466        0.3533        0.3010 1.48e+08   14.81%
 1481322 1152679        0.3190   444        0.3533        0.3010 1.49e+08   14.81%
Elapsed time = 13385.21 sec. (1142398.85 ticks, tree = 112175.28 MB, solutions = 131)
Nodefile size = 110105.71 MB (100612.47 MB after compression)
 1485477 1154358        0.3181   354        0.3533        0.3010 1.49e+08   14.80%
 1489877 1157906        0.3179   376        0.3533        0.3010 1.50e+08   14.80%
 1493995 1162659        0.3502   185        0.3533        0.3010 1.50e+08   14.80%
 1498099 1166904        cutoff              0.3533        0.3010 1.51e+08   14.79%
 1502243 1169332        0.3246   417        0.3533        0.3010 1.51e+08   14.79%
 1506508 1170863        0.3521   279        0.3533        0.3010 1.52e+08   14.79%
 1510478 1174402        0.3170   373        0.3533        0.3010 1.52e+08   14.79%
 1514247 1179913        0.3442   191        0.3533        0.3011 1.53e+08   14.78%
 1518377 1181051        0.3450   177        0.3533        0.3011 1.53e+08   14.78%
 1522581 1185159        0.3187   379        0.3533        0.3011 1.54e+08   14.78%
Elapsed time = 13793.63 sec. (1180553.50 ticks, tree = 115698.56 MB, solutions = 131)
Nodefile size = 113627.19 MB (103823.29 MB after compression)
 1526468 1186260        0.3526   295        0.3533        0.3011 1.54e+08   14.78%
 1531309 1189704        0.3488   466        0.3533        0.3011 1.55e+08   14.77%
 1535933 1196590        0.3362   320        0.3533        0.3011 1.56e+08   14.77%
 1540315 1199264        0.3512   325        0.3533        0.3011 1.57e+08   14.77%
 1544632 1201063        0.3252   340        0.3533        0.3011 1.57e+08   14.77%
 1548831 1205098        0.3501   257        0.3533        0.3011 1.57e+08   14.76%
 1553102 1208238        0.3527   174        0.3533        0.3011 1.58e+08   14.76%
 1557196 1214175        0.3265   268        0.3533        0.3011 1.59e+08   14.76%
 1561554 1215668        0.3178   336        0.3533        0.3012 1.59e+08   14.76%
 1566121 1218364        0.3190   452        0.3533        0.3012 1.60e+08   14.75%
Elapsed time = 14202.53 sec. (1218709.22 ticks, tree = 118527.53 MB, solutions = 131)
Nodefile size = 116455.92 MB (106378.38 MB after compression)
 1570185 1221040        0.3272   373        0.3533        0.3012 1.60e+08   14.75%
 1574529 1224405        0.3300   266        0.3533        0.3012 1.61e+08   14.75%
 1578477 1228615        0.3421   304        0.3533        0.3012 1.61e+08   14.75%
 1582049 1233993        0.3479   408        0.3533        0.3012 1.62e+08   14.75%
 1586312 1237330        0.3373   321        0.3533        0.3012 1.63e+08   14.74%
 1590668 1240483        0.3352   284        0.3533        0.3012 1.63e+08   14.74%
 1595008 1242597        0.3275   338        0.3533        0.3012 1.63e+08   14.74%
 1599026 1247417        0.3310   276        0.3533        0.3012 1.64e+08   14.74%
 1603222 1248255        0.3254   402        0.3533        0.3012 1.64e+08   14.73%
 1607286 1253290        0.3268   344        0.3533        0.3012 1.65e+08   14.73%
Elapsed time = 14592.10 sec. (1256861.84 ticks, tree = 122264.04 MB, solutions = 131)
Nodefile size = 120188.45 MB (109773.93 MB after compression)
 1611488 1256949        0.3139   471        0.3533        0.3012 1.66e+08   14.73%
 1616056 1260127        0.3192   395        0.3533        0.3013 1.66e+08   14.73%
 1620787 1261172        0.3381   197        0.3533        0.3013 1.66e+08   14.72%
 1624964 1264623        0.3385   227        0.3533        0.3013 1.67e+08   14.72%
 1629007 1267756        cutoff              0.3533        0.3013 1.68e+08   14.72%
 1632966 1273063        0.3439   326        0.3533        0.3013 1.69e+08   14.72%
 1637299 1274807        0.3497   268        0.3533        0.3013 1.69e+08   14.72%
 1641664 1279580        0.3389   268        0.3533        0.3013 1.70e+08   14.71%
 1645940 1284766        0.3131   336        0.3533        0.3013 1.71e+08   14.71%
 1650251 1287869        0.3043   378        0.3533        0.3013 1.71e+08   14.71%
Elapsed time = 14994.89 sec. (1295020.80 ticks, tree = 125193.16 MB, solutions = 131)
Nodefile size = 123123.08 MB (112409.57 MB after compression)
 1654289 1290360        0.3185   344        0.3533        0.3013 1.71e+08   14.70%
 1658132 1291852        0.3511   375        0.3533        0.3013 1.72e+08   14.70%
 1662132 1297417        0.3347   327        0.3533        0.3013 1.73e+08   14.70%
 1666351 1298565        0.3406   191        0.3533        0.3014 1.73e+08   14.70%
 1670382 1301764        cutoff              0.3533        0.3014 1.73e+08   14.69%
 1674732 1306408        0.3462   341        0.3533        0.3014 1.74e+08   14.69%
 1678776 1308514        0.3166   403        0.3533        0.3014 1.74e+08   14.69%
 1682574 1313555        0.3226   413        0.3533        0.3014 1.75e+08   14.69%
 1686828 1315427        0.3032   446        0.3533        0.3014 1.76e+08   14.69%
 1690748 1317700        0.3524   363        0.3533        0.3014 1.76e+08   14.68%
Elapsed time = 15379.59 sec. (1333179.11 ticks, tree = 127979.00 MB, solutions = 131)
Nodefile size = 125904.68 MB (114925.93 MB after compression)
 1695598 1322455        0.3439   171        0.3533        0.3014 1.77e+08   14.68%
 1699832 1323546        0.3348   278        0.3533        0.3014 1.77e+08   14.68%
 1703970 1329781        0.3254   430        0.3533        0.3014 1.78e+08   14.68%
 1708044 1332903        0.3387   327        0.3533        0.3014 1.79e+08   14.67%
 1711865 1336936        0.3374   339        0.3533        0.3014 1.79e+08   14.67%
 1715836 1338906        0.3124   386        0.3533        0.3015 1.80e+08   14.67%
 1719593 1343356        0.3234   316        0.3533        0.3015 1.81e+08   14.67%
 1723812 1343484        0.3263   375        0.3533        0.3015 1.81e+08   14.66%
 1728365 1349664        0.3525   107        0.3533        0.3015 1.82e+08   14.66%
 1732994 1349856        0.3429   418        0.3533        0.3015 1.82e+08   14.66%
Elapsed time = 15773.01 sec. (1371334.51 ticks, tree = 130558.55 MB, solutions = 131)
Nodefile size = 128476.09 MB (117233.22 MB after compression)
 1737199 1353080        0.3058   382        0.3533        0.3015 1.82e+08   14.66%
 1741667 1360248        0.3305   407        0.3533        0.3015 1.83e+08   14.65%
 1746278 1363508        0.3031   430        0.3533        0.3015 1.84e+08   14.65%
 1750894 1365407        0.3390   324        0.3533        0.3015 1.84e+08   14.65%
 1755276 1371518        0.3315   308        0.3533        0.3015 1.85e+08   14.65%
 1759987 1372444        0.3521    82        0.3533        0.3015 1.85e+08   14.64%
 1764544 1374324        0.3521   108        0.3533        0.3016 1.85e+08   14.64%
 1769028 1379236        0.3471   180        0.3533        0.3016 1.86e+08   14.64%
 1773086 1384542        0.3465   219        0.3533        0.3016 1.87e+08   14.64%
 1777534 1385496        0.3430   280        0.3533        0.3016 1.87e+08   14.63%
Elapsed time = 16166.50 sec. (1409485.10 ticks, tree = 133809.73 MB, solutions = 131)
Nodefile size = 131726.15 MB (120163.37 MB after compression)
 1781804 1390825        0.3296   297        0.3533        0.3016 1.88e+08   14.63%
 1785932 1395768        0.3499   366        0.3533        0.3016 1.89e+08   14.63%
 1790259 1399304        0.3278   407        0.3533        0.3016 1.90e+08   14.63%
 1794150 1402409        0.3210   423        0.3533        0.3016 1.90e+08   14.63%
 1798110 1403013        0.3208   422        0.3533        0.3016 1.90e+08   14.62%
 1802120 1408592        cutoff              0.3533        0.3016 1.91e+08   14.62%
 1806583 1410792        0.3485   299        0.3533        0.3016 1.91e+08   14.62%
 1810903 1413163        0.3351   179        0.3533        0.3016 1.92e+08   14.62%
 1815449 1417064        0.3096   406        0.3533        0.3017 1.93e+08   14.61%
 1820025 1422348    infeasible              0.3533        0.3017 1.94e+08   14.61%
Elapsed time = 16585.07 sec. (1447637.77 ticks, tree = 137101.06 MB, solutions = 131)
Nodefile size = 135034.67 MB (123150.27 MB after compression)
 1824601 1423649        0.3510   169        0.3533        0.3017 1.94e+08   14.61%
 1829215 1428382        0.3375   386        0.3533        0.3017 1.95e+08   14.61%
 1833594 1432611        0.3125   497        0.3533        0.3017 1.95e+08   14.61%
 1837118 1432955        cutoff              0.3533        0.3017 1.95e+08   14.60%
 1841011 1439335        0.3028   473        0.3533        0.3017 1.96e+08   14.60%
 1845121 1439590        0.3393   243        0.3533        0.3017 1.96e+08   14.60%
 1849413 1443940        0.3357   219        0.3533        0.3017 1.97e+08   14.60%
 1853341 1446668        0.3267   420        0.3533        0.3017 1.98e+08   14.60%
 1857519 1451693        0.3486   435        0.3533        0.3017 1.98e+08   14.59%
 1862032 1451911        0.3279   316        0.3533        0.3017 1.98e+08   14.59%
Elapsed time = 17008.48 sec. (1485801.61 ticks, tree = 139825.73 MB, solutions = 131)
Nodefile size = 137750.29 MB (125606.63 MB after compression)
 1866232 1455538        0.3464   369        0.3533        0.3017 1.99e+08   14.59%
 1870681 1460931        0.3467   367        0.3533        0.3017 2.00e+08   14.59%
 1874977 1466380        0.3030   399        0.3533        0.3018 2.01e+08   14.58%
 1878893 1469921        0.3457   354        0.3533        0.3018 2.01e+08   14.58%
 1882716 1472314        0.3069   481        0.3533        0.3018 2.02e+08   14.58%
 1887143 1473262        0.3514   253        0.3533        0.3018 2.02e+08   14.58%
 1891546 1478574        0.3220   440        0.3533        0.3018 2.03e+08   14.58%
 1896323 1480023        0.3467   168        0.3533        0.3018 2.03e+08   14.57%
 1900640 1485469        0.3490   240        0.3533        0.3018 2.04e+08   14.57%
 1904804 1490412        0.3324   190        0.3533        0.3018 2.05e+08   14.57%
Elapsed time = 17436.02 sec. (1523960.82 ticks, tree = 143436.31 MB, solutions = 131)
Nodefile size = 141372.63 MB (128875.81 MB after compression)
 1909238 1492196        0.3088   358        0.3533        0.3018 2.05e+08   14.57%
 1913850 1494546        0.3140   403        0.3533        0.3018 2.06e+08   14.56%
 1917749 1500626        0.3059   370        0.3533        0.3018 2.07e+08   14.56%
 1921560 1502916        0.3230   214        0.3533        0.3018 2.07e+08   14.56%
 1925457 1506069        0.3294   375        0.3533        0.3019 2.08e+08   14.56%
 1929513 1506297        0.3263   388        0.3533        0.3019 2.08e+08   14.55%
 1933792 1512963        0.3526   140        0.3533        0.3019 2.09e+08   14.55%
 1938143 1514329        0.3324   265        0.3533        0.3019 2.09e+08   14.55%
 1942430 1518984        0.3296   362        0.3533        0.3019 2.10e+08   14.55%
 1946616 1519888        0.3294   356        0.3533        0.3019 2.10e+08   14.55%
Elapsed time = 17847.85 sec. (1562112.90 ticks, tree = 146140.36 MB, solutions = 131)
Nodefile size = 144062.87 MB (131307.17 MB after compression)
 1950604 1523249        cutoff              0.3533        0.3019 2.10e+08   14.54%
 1954790 1528397        0.3062   393        0.3533        0.3019 2.11e+08   14.54%
 1959184 1531663        0.3474   316        0.3533        0.3019 2.12e+08   14.54%
 1963052 1536697        0.3218   308        0.3533        0.3019 2.13e+08   14.54%
 1967507 1537932        0.3388   192        0.3533        0.3019 2.13e+08   14.53%
 1971488 1541685        0.3299   306        0.3533        0.3019 2.14e+08   14.53%
 1975901 1543758        0.3321   188        0.3533        0.3019 2.14e+08   14.53%
 1980412 1548233        cutoff              0.3533        0.3020 2.15e+08   14.53%
 1984726 1549317        0.3120   326        0.3533        0.3020 2.15e+08   14.53%
 1989176 1552617        0.3508   299        0.3533        0.3020 2.15e+08   14.52%
Elapsed time = 18227.07 sec. (1600269.02 ticks, tree = 149182.81 MB, solutions = 131)
Nodefile size = 147105.13 MB (134045.01 MB after compression)
 1993485 1557097        0.3264   369        0.3533        0.3020 2.16e+08   14.52%
 1998085 1562841        0.3383   316        0.3533        0.3020 2.17e+08   14.52%
 2001976 1564553        0.3398   371        0.3533        0.3020 2.17e+08   14.52%
 2005959 1567088        cutoff              0.3533        0.3020 2.18e+08   14.51%
 2010260 1570162        0.3031   541        0.3533        0.3020 2.18e+08   14.51%
 2014413 1576707        0.3361   336        0.3533        0.3020 2.19e+08   14.51%
 2019297 1579902        cutoff              0.3533        0.3020 2.20e+08   14.51%
 2023719 1582327        0.3458   171        0.3533        0.3020 2.21e+08   14.50%
 2027514 1586775        0.3271   402        0.3533        0.3020 2.22e+08   14.50%
 2031784 1589024        0.3332   265        0.3533        0.3021 2.22e+08   14.50%
Elapsed time = 18608.87 sec. (1638423.31 ticks, tree = 151799.94 MB, solutions = 131)
Nodefile size = 149731.29 MB (136393.93 MB after compression)
 2036327 1589621        0.3500   201        0.3533        0.3021 2.22e+08   14.50%
 2040413 1592744        0.3457   321        0.3533        0.3021 2.23e+08   14.50%
 2043500 1600482        0.3311   417        0.3533        0.3021 2.24e+08   14.49%
 2047284 1601059        0.3156   357        0.3533        0.3021 2.24e+08   14.49%
 2051547 1602111        0.3305   304        0.3533        0.3021 2.24e+08   14.49%
 2056284 1606363        0.3532   209        0.3533        0.3021 2.25e+08   14.49%
 2060583 1612032        0.3468    99        0.3533        0.3021 2.26e+08   14.49%
 2064878 1613458        0.3499   219        0.3533        0.3021 2.26e+08   14.49%
 2069130 1616508        0.3408   372        0.3533        0.3021 2.27e+08   14.48%
 2073113 1621437        0.3108   396        0.3533        0.3021 2.27e+08   14.48%
Elapsed time = 18992.25 sec. (1676578.65 ticks, tree = 154719.38 MB, solutions = 131)
Nodefile size = 152658.70 MB (138921.91 MB after compression)
 2076848 1626044        0.3524    73        0.3533        0.3021 2.28e+08   14.48%
 2081257 1626034        0.3525    85        0.3533        0.3021 2.28e+08   14.48%
 2085718 1631457        0.3139   399        0.3533        0.3021 2.29e+08   14.48%
 2090043 1632001        cutoff              0.3533        0.3021 2.29e+08   14.47%
 2094422 1636099        0.3343   319        0.3533        0.3022 2.30e+08   14.47%
 2099197 1641512        0.3501   189        0.3533        0.3022 2.31e+08   14.47%
 2103005 1642388        0.3407   378        0.3533        0.3022 2.31e+08   14.47%
 2106345 1646636        0.3423   428        0.3533        0.3022 2.32e+08   14.47%
 2110434 1650018        0.3264   378        0.3533        0.3022 2.32e+08   14.46%
 2114650 1652337        0.3043   405        0.3533        0.3022 2.33e+08   14.46%
Elapsed time = 19374.39 sec. (1714733.14 ticks, tree = 156484.34 MB, solutions = 131)
Nodefile size = 154404.99 MB (140406.09 MB after compression)
 2118660 1657216        0.3531    39        0.3533        0.3022 2.34e+08   14.46%
 2122827 1660540        0.3340   202        0.3533        0.3022 2.34e+08   14.46%
 2127314 1663670        0.3230   337        0.3533        0.3022 2.35e+08   14.46%
 2131468 1666584        cutoff              0.3533        0.3022 2.35e+08   14.46%
 2135033 1668825        0.3038   421        0.3533        0.3022 2.36e+08   14.45%
 2138876 1672072        0.3231   255        0.3533        0.3022 2.36e+08   14.45%
 2143373 1676185        0.3530   317        0.3533        0.3022 2.37e+08   14.45%
 2148303 1678658        0.3043   375        0.3533        0.3022 2.37e+08   14.45%
 2152853 1684256        0.3108   379        0.3533        0.3022 2.38e+08   14.45%
 2157472 1686137        0.3378   272        0.3533        0.3023 2.39e+08   14.44%
Elapsed time = 19753.98 sec. (1752888.37 ticks, tree = 158724.63 MB, solutions = 131)
Nodefile size = 156647.49 MB (142319.99 MB after compression)
 2161960 1691217        0.3526   197        0.3533        0.3023 2.40e+08   14.44%
 2166458 1696435        0.3486   389        0.3533        0.3023 2.41e+08   14.44%
 2170451 1700559        0.3516   316        0.3533        0.3023 2.41e+08   14.44%
 2174321 1703586        0.3522   210        0.3533        0.3023 2.42e+08   14.44%
 2177896 1702925        0.3323   283        0.3533        0.3023 2.42e+08   14.43%
 2181591 1708054        0.3390   190        0.3533        0.3023 2.43e+08   14.43%
 2185416 1711584        0.3375   387        0.3533        0.3023 2.43e+08   14.43%
 2189578 1714799        0.3523   293        0.3533        0.3023 2.44e+08   14.43%
 2193913 1715479        0.3507   359        0.3533        0.3023 2.44e+08   14.43%
 2198490 1719801        0.3412   385        0.3533        0.3023 2.45e+08   14.42%
Elapsed time = 20148.09 sec. (1791040.82 ticks, tree = 161431.12 MB, solutions = 131)
Nodefile size = 159369.03 MB (144652.93 MB after compression)
 2202792 1721192        0.3468   381        0.3533        0.3023 2.45e+08   14.42%
 2207364 1727570        0.3485   328        0.3533        0.3023 2.46e+08   14.42%
 2211681 1732950        0.3492   193        0.3533        0.3023 2.47e+08   14.42%
 2215031 1733904        0.3400   225        0.3533        0.3023 2.47e+08   14.42%
 2219407 1737757        0.3531   203        0.3533        0.3024 2.48e+08   14.42%
 2223616 1738605        0.3321   312        0.3533        0.3024 2.48e+08   14.41%
 2227971 1745452        0.3314   431        0.3533        0.3024 2.49e+08   14.41%
 2232463 1747516        0.3197   431        0.3533        0.3024 2.50e+08   14.41%
 2237085 1748712        0.3476   358        0.3533        0.3024 2.50e+08   14.41%
 2241087 1755384        0.3385   214        0.3533        0.3024 2.51e+08   14.41%
Elapsed time = 20552.52 sec. (1829194.96 ticks, tree = 163993.11 MB, solutions = 131)
Nodefile size = 161931.46 MB (146842.40 MB after compression)
 2245034 1758315        0.3440   329        0.3533        0.3024 2.51e+08   14.40%
 2248688 1758641        0.3085   373        0.3533        0.3024 2.51e+08   14.40%
 2253096 1765087        0.3235   383        0.3533        0.3024 2.53e+08   14.40%
 2257576 1769003        0.3031   496        0.3533        0.3024 2.53e+08   14.40%
 2261490 1770675        0.3049   453        0.3533        0.3024 2.53e+08   14.40%
 2265215 1772012        0.3458   212        0.3533        0.3024 2.54e+08   14.40%
 2269622 1774652        0.3391   310        0.3533        0.3024 2.54e+08   14.39%
 2274104 1782074        0.3405   387        0.3533        0.3024 2.56e+08   14.39%
 2278304 1784306        cutoff              0.3533        0.3024 2.56e+08   14.39%
 2282228 1788400        0.3089   379        0.3533        0.3024 2.57e+08   14.39%
Elapsed time = 20926.41 sec. (1867348.44 ticks, tree = 165881.53 MB, solutions = 131)
Nodefile size = 163814.45 MB (148457.92 MB after compression)
 2285966 1788831        cutoff              0.3533        0.3025 2.57e+08   14.39%
 2289818 1791935        0.3399   210        0.3533        0.3025 2.58e+08   14.39%
 2294104 1794403        0.3497   211        0.3533        0.3025 2.58e+08   14.38%
 2298497 1796486        0.3031   432        0.3533        0.3025 2.59e+08   14.38%
 2302633 1800729        0.3335   205        0.3533        0.3025 2.59e+08   14.38%
 2306731 1803913        0.3457   403        0.3533        0.3025 2.60e+08   14.38%
 2310656 1809779        0.3302   298        0.3533        0.3025 2.61e+08   14.38%
 2314060 1813905        0.3308   327        0.3533        0.3025 2.61e+08   14.37%
 2318219 1814976        0.3352   389        0.3533        0.3025 2.62e+08   14.37%
 2322755 1819790        0.3415   315        0.3533        0.3025 2.63e+08   14.37%
Elapsed time = 21334.46 sec. (1905503.05 ticks, tree = 168119.69 MB, solutions = 131)
Nodefile size = 166054.81 MB (150363.60 MB after compression)
 2327245 1822087        0.3374   382        0.3533        0.3025 2.63e+08   14.37%
 2331495 1823239        0.3491   143        0.3533        0.3025 2.64e+08   14.37%
 2335967 1826327        0.3251   375        0.3533        0.3025 2.64e+08   14.37%
 2340340 1831570        0.3261   444        0.3533        0.3025 2.65e+08   14.36%
 2344293 1832568        cutoff              0.3533        0.3025 2.65e+08   14.36%
 2347775 1839520        0.3068   400        0.3533        0.3025 2.66e+08   14.36%
 2350989 1840411        0.3205   351        0.3533        0.3026 2.67e+08   14.36%
 2354248 1844879        0.3461   186        0.3533        0.3026 2.67e+08   14.36%
 2358202 1845356        0.3266   401        0.3533        0.3026 2.68e+08   14.35%
 2362782 1847440        0.3343   395        0.3533        0.3026 2.68e+08   14.35%
Elapsed time = 21732.36 sec. (1943658.42 ticks, tree = 169961.88 MB, solutions = 131)
Nodefile size = 167877.14 MB (151912.61 MB after compression)
 2366881 1852223        0.3445   440        0.3533        0.3026 2.69e+08   14.35%
 2371060 1856558        0.3185   260        0.3533        0.3026 2.69e+08   14.35%
 2375157 1858626        0.3485   387        0.3533        0.3026 2.70e+08   14.35%
 2379285 1860777        0.3193   407        0.3533        0.3026 2.70e+08   14.35%
 2383685 1864486        0.3530   319        0.3533        0.3026 2.71e+08   14.35%
 2388109 1871052        0.3428   242        0.3533        0.3026 2.72e+08   14.34%
 2392565 1875009        0.3399   297        0.3533        0.3026 2.73e+08   14.34%
 2396902 1877153        0.3251   355        0.3533        0.3026 2.74e+08   14.34%
 2400951 1881606        0.3156   433        0.3533        0.3026 2.74e+08   14.34%
 2404354 1882514        cutoff              0.3533        0.3026 2.75e+08   14.34%
Elapsed time = 22127.81 sec. (1981822.89 ticks, tree = 172529.37 MB, solutions = 131)
Nodefile size = 170466.91 MB (154122.39 MB after compression)
 2408364 1887440        0.3322   234        0.3533        0.3026 2.76e+08   14.33%
 2412560 1889935        0.3472   370        0.3533        0.3026 2.76e+08   14.33%
 2416844 1890056        0.3049   392        0.3533        0.3027 2.76e+08   14.33%
 2420866 1897023        0.3376   200        0.3533        0.3027 2.77e+08   14.33%
 2424578 1898530        0.3416   294        0.3533        0.3027 2.77e+08   14.33%
 2428578 1900141        cutoff              0.3533        0.3027 2.78e+08   14.33%
 2432556 1903942        0.3524   256        0.3533        0.3027 2.78e+08   14.33%
 2436321 1907821        0.3511    95        0.3533        0.3027 2.79e+08   14.32%
 2440185 1910825        0.3252   374        0.3533        0.3027 2.79e+08   14.32%
 2444129 1915916        0.3465   188        0.3533        0.3027 2.80e+08   14.32%
Elapsed time = 22519.09 sec. (2019980.98 ticks, tree = 174699.22 MB, solutions = 131)
Nodefile size = 172633.66 MB (155963.32 MB after compression)
 2448224 1918038        0.3146   451        0.3533        0.3027 2.81e+08   14.32%
 2452550 1917107        0.3368   405        0.3533        0.3027 2.81e+08   14.32%
 2456711 1921048        0.3351   258        0.3533        0.3027 2.81e+08   14.32%
 2461148 1927841        0.3419   207        0.3533        0.3027 2.82e+08   14.31%
 2466114 1932360        0.3304   269        0.3533        0.3027 2.83e+08   14.31%
 2470598 1930706        0.3046   409        0.3533        0.3027 2.83e+08   14.31%
 2474385 1936844        0.3501   364        0.3533        0.3027 2.84e+08   14.31%
*2476372+1939383                            0.3529        0.3027            14.21%
*2478169+1938023                            0.3526        0.3027            14.14%
 2479021 1940703        0.3284   185        0.3526        0.3027 2.85e+08   14.14%
 2483526 1934632        0.3499   120        0.3526        0.3027 2.86e+08   14.14%
 2487693 1938740        0.3421   448        0.3526        0.3028 2.87e+08   14.13%
Elapsed time = 22912.99 sec. (2058133.40 ticks, tree = 175465.11 MB, solutions = 133)
Nodefile size = 173399.13 MB (156554.69 MB after compression)
 2491791 1939305        cutoff              0.3526        0.3028 2.87e+08   14.13%
 2495938 1944383        0.3320   309        0.3526        0.3028 2.88e+08   14.13%
 2499704 1949065        0.3346   217        0.3526        0.3028 2.89e+08   14.13%
 2503341 1952998        0.3195   381        0.3526        0.3028 2.89e+08   14.13%
 2507050 1952714        0.3506   205        0.3526        0.3028 2.89e+08   14.13%
 2511174 1954701        0.3380   357        0.3526        0.3028 2.90e+08   14.12%
 2515098 1959578        0.3251   425        0.3526        0.3028 2.91e+08   14.12%
 2519050 1963719        0.3208   279        0.3526        0.3028 2.91e+08   14.12%
 2522988 1966076        0.3391   361        0.3526        0.3028 2.92e+08   14.12%
 2527228 1969131        0.3470   205        0.3526        0.3028 2.92e+08   14.12%
Elapsed time = 23298.23 sec. (2096287.40 ticks, tree = 177953.78 MB, solutions = 133)
Nodefile size = 175882.60 MB (158665.51 MB after compression)
 2531238 1970702        0.3524   372        0.3526        0.3028 2.93e+08   14.12%
*2533146+1971344                            0.3525        0.3028            14.10%
 2534725 1974005        0.3292   311        0.3525        0.3028 2.93e+08   14.10%
 2538523 1976985        0.3316   431        0.3525        0.3028 2.94e+08   14.10%
 2543153 1982769        0.3314   333        0.3525        0.3028 2.95e+08   14.10%
 2548304 1981901        0.3045   381        0.3525        0.3028 2.95e+08   14.10%
 2552860 1988388        0.3101   327        0.3525        0.3029 2.96e+08   14.09%
 2557116 1987387        cutoff              0.3525        0.3029 2.96e+08   14.09%
 2561394 1992226        0.3524   242        0.3525        0.3029 2.97e+08   14.09%
 2565681 1995370        0.3488   291        0.3525        0.3029 2.98e+08   14.09%
 2569809 2000252        cutoff              0.3525        0.3029 2.99e+08   14.09%
Elapsed time = 23680.41 sec. (2134445.15 ticks, tree = 179644.85 MB, solutions = 134)
Nodefile size = 177570.61 MB (160084.16 MB after compression)
 2573513 2006566        0.3289   355        0.3525        0.3029 3.00e+08   14.09%
 2577159 2007961        0.3470   195        0.3525        0.3029 3.00e+08   14.08%
 2581508 2008753        0.3368   261        0.3525        0.3029 3.00e+08   14.08%
 2585380 2010656        0.3470   395        0.3525        0.3029 3.00e+08   14.08%
 2589377 2016899        0.3104   410        0.3525        0.3029 3.02e+08   14.08%
 2593734 2020181        0.3340   484        0.3525        0.3029 3.02e+08   14.08%
 2598249 2022081        0.3401   394        0.3525        0.3029 3.03e+08   14.07%
 2602654 2025949        cutoff              0.3525        0.3029 3.03e+08   14.07%
 2607503 2032306        0.3337   352        0.3525        0.3029 3.05e+08   14.07%
 2611785 2032557        0.3328   298        0.3525        0.3029 3.05e+08   14.07%
Elapsed time = 24078.88 sec. (2172596.81 ticks, tree = 181355.89 MB, solutions = 134)
Nodefile size = 179278.57 MB (161517.93 MB after compression)
 2615451 2035495        0.3471   283        0.3525        0.3029 3.05e+08   14.07%
 2619006 2041211        0.3259   360        0.3525        0.3029 3.06e+08   14.07%
*2621841+2044357                            0.3515        0.3029            13.82%
 2622697 2042319        cutoff              0.3515        0.3030 3.07e+08   13.82%
 2626474 1999301        0.3363   341        0.3515        0.3030 3.07e+08   13.82%
 2630727 2001396        0.3255   375        0.3515        0.3030 3.07e+08   13.82%
 2634856 2007653        0.3266   389        0.3515        0.3030 3.09e+08   13.82%
 2639102 2009825        0.3429   234        0.3515        0.3030 3.09e+08   13.82%
 2643487 2013949        0.3056   381        0.3515        0.3030 3.10e+08   13.82%
 2647999 2013997        0.3083   392        0.3515        0.3030 3.10e+08   13.81%
 2652246 2018692        0.3507   444        0.3515        0.3030 3.10e+08   13.81%
Elapsed time = 24477.08 sec. (2210753.88 ticks, tree = 179945.69 MB, solutions = 135)
Nodefile size = 177882.83 MB (160138.49 MB after compression)
 2655903 2023642        0.3424   415        0.3515        0.3030 3.12e+08   13.81%
 2659436 2028434        0.3197   440        0.3515        0.3030 3.13e+08   13.81%
 2663217 2027117        cutoff              0.3515        0.3030 3.13e+08   13.81%
 2667643 2031042        0.3076   389        0.3515        0.3030 3.13e+08   13.80%
 2671641 2032562        0.3501   249        0.3515        0.3030 3.14e+08   13.80%
 2675052 2038983        0.3496   271        0.3515        0.3030 3.15e+08   13.80%
 2678769 2040280        0.3043   426        0.3515        0.3030 3.15e+08   13.80%
 2682756 2043422        0.3367   172        0.3515        0.3030 3.16e+08   13.80%
 2686460 2047532        0.3394   232        0.3515        0.3030 3.16e+08   13.80%
 2690092 2047782        cutoff              0.3515        0.3031 3.16e+08   13.79%
Elapsed time = 24866.07 sec. (2248906.73 ticks, tree = 181713.60 MB, solutions = 135)
Nodefile size = 179649.56 MB (161629.72 MB after compression)
 2694046 2054053        0.3297   426        0.3515        0.3031 3.17e+08   13.79%
 2698550 2053999        0.3241   296        0.3515        0.3031 3.17e+08   13.79%
 2703220 2056115        0.3513   185        0.3515        0.3031 3.18e+08   13.79%
 2707737 2062389        0.3044   416        0.3515        0.3031 3.19e+08   13.79%
 2712101 2067900        0.3513   276        0.3515        0.3031 3.20e+08   13.79%
 2716095 2068009        0.3310   322        0.3515        0.3031 3.20e+08   13.79%
 2720383 2073904        0.3387   199        0.3515        0.3031 3.21e+08   13.78%
 2724874 2076700        0.3260   265        0.3515        0.3031 3.22e+08   13.78%
 2728999 2082459        0.3445   215        0.3515        0.3031 3.23e+08   13.78%
 2732918 2083217        0.3475   283        0.3515        0.3031 3.23e+08   13.78%
Elapsed time = 25269.80 sec. (2287063.46 ticks, tree = 184045.85 MB, solutions = 135)
Nodefile size = 181982.54 MB (163597.16 MB after compression)
 2737107 2086718        0.3494   366        0.3515        0.3031 3.23e+08   13.78%
 2741634 2087586        0.3226   314        0.3515        0.3031 3.24e+08   13.78%
 2745780 2092812        0.3462   255        0.3515        0.3031 3.25e+08   13.77%
 2750215 2094929        0.3179   272        0.3515        0.3031 3.25e+08   13.77%
 2754335 2101211        0.3065   406        0.3515        0.3031 3.26e+08   13.77%
 2757913 2100157        0.3511   228        0.3515        0.3031 3.26e+08   13.77%
 2761663 2104546        0.3235   323        0.3515        0.3032 3.27e+08   13.77%
 2765494 2109465        0.3449   218        0.3515        0.3032 3.28e+08   13.77%
 2769244 2114264        0.3171   397        0.3515        0.3032 3.29e+08   13.76%
 2773798 2115684        0.3248   369        0.3515        0.3032 3.29e+08   13.76%
Elapsed time = 25650.84 sec. (2325220.03 ticks, tree = 185701.83 MB, solutions = 135)
Nodefile size = 183632.66 MB (164982.51 MB after compression)
 2778338 2120171        0.3121   388        0.3515        0.3032 3.30e+08   13.76%
 2782719 2118085        0.3427   265        0.3515        0.3032 3.29e+08   13.76%
 2787091 2125543        0.3164   324        0.3515        0.3032 3.31e+08   13.76%
 2791029 2126295        0.3242   278        0.3515        0.3032 3.31e+08   13.76%
 2794638 2133396        0.3460   168        0.3515        0.3032 3.32e+08   13.76%
 2799269 2136640        0.3485   267        0.3515        0.3032 3.32e+08   13.75%
 2803980 2136054        cutoff              0.3515        0.3032 3.32e+08   13.75%
 2808483 2144415        0.3470   351        0.3515        0.3032 3.34e+08   13.75%
 2812776 2146683        0.3038   361        0.3515        0.3032 3.35e+08   13.75%
 2816990 2145596        0.3484   205        0.3515        0.3032 3.35e+08   13.75%
Elapsed time = 26041.47 sec. (2363374.61 ticks, tree = 187444.47 MB, solutions = 135)
Nodefile size = 185355.71 MB (166449.86 MB after compression)
 2820915 2152995        0.3250   293        0.3515        0.3032 3.36e+08   13.74%
 2825535 2155654        0.3309   245        0.3515        0.3032 3.37e+08   13.74%
 2829738 2159992        0.3121   419        0.3515        0.3032 3.37e+08   13.74%
 2833363 2163772        0.3201   455        0.3515        0.3032 3.38e+08   13.74%
 2836908 2164607        0.3488   385        0.3515        0.3033 3.38e+08   13.74%
 2840539 2165802        0.3329   188        0.3515        0.3033 3.38e+08   13.74%
 2844311 2171291        0.3428   363        0.3515        0.3033 3.40e+08   13.73%
 2848156 2175515        0.3146   383        0.3515        0.3033 3.40e+08   13.73%
 2851729 2175392        0.3125   399        0.3515        0.3033 3.40e+08   13.73%
 2855435 2176789        0.3221   439        0.3515        0.3033 3.41e+08   13.73%
Elapsed time = 26463.97 sec. (2401529.30 ticks, tree = 189601.91 MB, solutions = 135)
Nodefile size = 187528.00 MB (168276.72 MB after compression)
 2859267 2184287        0.3424   197        0.3515        0.3033 3.42e+08   13.73%
 2863543 2184997        0.3403   166        0.3515        0.3033 3.42e+08   13.73%
 2867968 2186197        0.3484   122        0.3515        0.3033 3.42e+08   13.73%
 2871595 2193729        0.3514   314        0.3515        0.3033 3.43e+08   13.72%
 2875429 2194746        0.3489   388        0.3515        0.3033 3.44e+08   13.72%
 2879313 2194938        0.3261   401        0.3515        0.3033 3.44e+08   13.72%
 2884038 2198295        cutoff              0.3515        0.3033 3.44e+08   13.72%
 2888945 2202994        0.3081   383        0.3515        0.3033 3.45e+08   13.72%
 2893863 2207500        0.3395   368        0.3515        0.3033 3.46e+08   13.72%
 2898256 2210779        0.3433   196        0.3515        0.3033 3.47e+08   13.71%
Elapsed time = 26840.39 sec. (2439679.96 ticks, tree = 191631.53 MB, solutions = 135)
Nodefile size = 189567.95 MB (169996.21 MB after compression)
 2903168 2216560        0.3274   414        0.3515        0.3033 3.48e+08   13.71%
 2907468 2219075        0.3428   226        0.3515        0.3033 3.49e+08   13.71%
 2911967 2219508        0.3415   211        0.3515        0.3034 3.49e+08   13.71%
 2916087 2224757        0.3291   188        0.3515        0.3034 3.50e+08   13.71%
 2920683 2230611        0.3500   181        0.3515        0.3034 3.51e+08   13.71%
 2924526 2228943        0.3330   221        0.3515        0.3034 3.51e+08   13.70%
 2928197 2234548        0.3165   339        0.3515        0.3034 3.52e+08   13.70%
 2931364 2239133        0.3447   193        0.3515        0.3034 3.52e+08   13.70%
 2934313 2240962        0.3053   416        0.3515        0.3034 3.53e+08   13.70%
 2937881 2241585        0.3375   401        0.3515        0.3034 3.53e+08   13.70%
Elapsed time = 27259.36 sec. (2477839.11 ticks, tree = 193909.78 MB, solutions = 135)
Nodefile size = 191826.68 MB (171905.27 MB after compression)
 2942219 2244998        0.3273   331        0.3515        0.3034 3.54e+08   13.70%
 2946392 2248386        0.3433   200        0.3515        0.3034 3.54e+08   13.69%
*2950785+2254232                            0.3512        0.3034            13.61%
 2951071 2253598        0.3468   214        0.3512        0.3034 3.55e+08   13.61%
*2952242+2234201                            0.3510        0.3034            13.55%
*2953342+2233231                            0.3510        0.3034            13.55%
 2955312 2233668        0.3462   283        0.3510        0.3034 3.55e+08   13.54%
 2960018 2234882        0.3478   178        0.3510        0.3034 3.56e+08   13.54%
 2964776 2225654        0.3389   318        0.3510        0.3034 3.57e+08   13.54%
 2969286 2226080        0.3416   213        0.3510        0.3034 3.57e+08   13.54%
 2973329 2229971        cutoff              0.3510        0.3034 3.58e+08   13.54%
 2976939 2233043        0.3421   212        0.3510        0.3034 3.59e+08   13.54%
 2980340 2240647        0.3206   340        0.3510        0.3035 3.60e+08   13.54%
Elapsed time = 27669.04 sec. (2515990.89 ticks, tree = 192974.11 MB, solutions = 137)
Nodefile size = 190910.52 MB (170961.45 MB after compression)
 2983822 2239704        0.3056   488        0.3510        0.3035 3.60e+08   13.53%
 2987687 2241593        0.3390   390        0.3510        0.3035 3.60e+08   13.53%
 2991982 2244435        0.3343   358        0.3510        0.3035 3.61e+08   13.53%
 2995928 2250076        0.3331   332        0.3510        0.3035 3.62e+08   13.53%
 3000200 2250382        0.3475   236        0.3510        0.3035 3.62e+08   13.53%
 3004700 2257242        0.3479   346        0.3510        0.3035 3.63e+08   13.53%
 3009350 2259041        0.3475   204        0.3510        0.3035 3.64e+08   13.52%
 3014068 2260722        cutoff              0.3510        0.3035 3.64e+08   13.52%
 3018157 2264287        0.3412   198        0.3510        0.3035 3.65e+08   13.52%
 3021888 2267480        0.3414   448        0.3510        0.3035 3.65e+08   13.52%
Elapsed time = 28060.06 sec. (2554145.59 ticks, tree = 194666.73 MB, solutions = 137)
Nodefile size = 192603.19 MB (172385.38 MB after compression)
 3025198 2274832        0.3505   270        0.3510        0.3035 3.68e+08   13.52%
 3028964 2277192        0.3486   278        0.3510        0.3035 3.68e+08   13.52%
 3032957 2278847        0.3218   378        0.3510        0.3035 3.68e+08   13.51%
 3037205 2282884        0.3263   399        0.3510        0.3035 3.69e+08   13.51%
 3041549 2286953        0.3496   203        0.3510        0.3035 3.70e+08   13.51%
 3045755 2285600        0.3130   378        0.3510        0.3035 3.70e+08   13.51%
 3050177 2291481        0.3389   406        0.3510        0.3036 3.71e+08   13.51%
 3054068 2294385        0.3217   291        0.3510        0.3036 3.71e+08   13.51%
 3058204 2300059        cutoff              0.3510        0.3036 3.72e+08   13.50%
 3061981 2299288        0.3232   326        0.3510        0.3036 3.72e+08   13.50%
Elapsed time = 28467.26 sec. (2592301.94 ticks, tree = 196597.08 MB, solutions = 137)
Nodefile size = 194533.90 MB (174004.01 MB after compression)
 3066097 2301104        0.3218   252        0.3510        0.3036 3.72e+08   13.50%
 3070573 2309212        0.3436   137        0.3510        0.3036 3.74e+08   13.50%
 3074530 2308796        0.3265   267        0.3510        0.3036 3.74e+08   13.50%
 3078543 2315449        0.3053   492        0.3510        0.3036 3.75e+08   13.50%
 3082862 2314145        0.3183   336        0.3510        0.3036 3.74e+08   13.50%
