Model: Diversity_model_3
 - number of variables: 191
   - binary=136, integer=2, continuous=53
 - number of constraints: 336
   - linear=336
 - parameters: defaults
CPXPARAM_Read_DataCheck                          1
CPXPARAM_RandomSeed                              201804051
CPXPARAM_MIP_Strategy_LBHeur                     1
CPXPARAM_TimeLimit                               86400
CPXPARAM_MIP_Tolerances_MIPGap                   0.02
Tried aggregator 3 times.
MIP Presolve eliminated 209 rows and 64 columns.
MIP Presolve modified 60 coefficients.
Aggregator did 127 substitutions.
All rows and columns eliminated.
Presolve time = 0.00 sec. (1.00 ticks)

Root node processing (before b&c):
  Real time             =    0.00 sec. (1.03 ticks)
Parallel b&c, 32 threads:
  Real time             =    0.00 sec. (0.00 ticks)
  Sync time (average)   =    0.00 sec.
  Wait time (average)   =    0.00 sec.
                          ------------
Total (root+branch&cut) =    0.00 sec. (1.03 ticks)
Solution found
