Model: Diversity_model_3
 - number of variables: 545
   - binary=78, integer=1, continuous=466
 - number of constraints: 665
   - linear=665
 - parameters: defaults
CPXPARAM_Read_DataCheck                          1
CPXPARAM_RandomSeed                              201804051
CPXPARAM_MIP_Strategy_LBHeur                     1
CPXPARAM_TimeLimit                               86400
CPXPARAM_MIP_Tolerances_MIPGap                   0.02
Tried aggregator 2 times.
MIP Presolve eliminated 86 rows and 86 columns.
MIP Presolve modified 78 coefficients.
Aggregator did 78 substitutions.
Reduced MIP has 501 rows, 381 columns, and 1491 nonzeros.
Reduced MIP has 78 binaries, 0 generals, 78 SOSs, and 0 indicators.
Presolve time = 0.00 sec. (1.87 ticks)
Probing changed sense of 13 constraints.
Probing time = 0.00 sec. (0.32 ticks)
Tried aggregator 2 times.
MIP Presolve eliminated 13 rows and 0 columns.
Aggregator did 26 substitutions.
Reduced MIP has 462 rows, 355 columns, and 1400 nonzeros.
Reduced MIP has 65 binaries, 0 generals, 78 SOSs, and 0 indicators.
Presolve time = 0.00 sec. (1.53 ticks)
Probing time = 0.00 sec. (0.24 ticks)
Clique table members: 26.
MIP emphasis: balance optimality and feasibility.
MIP search method: dynamic search.
Parallel mode: deterministic, using up to 32 threads.
Root relaxation solution time = 0.01 sec. (1.97 ticks)

        Nodes                                         Cuts/
   Node  Left     Objective  IInf  Best Integer    Best Bound    ItCnt     Gap

      0     0        1.0000    52                      1.0000      152         
      0     0        1.0000    47                    Cuts: 27      215         
*     0+    0                            1.6550        1.0000            39.58%
      0     0        1.0000    58        1.6550     Cuts: 113      317   39.58%
      0     0        1.0000    47        1.6550      Cuts: 25      376   39.58%
      0     0        1.0000    48        1.6550     Cuts: 108      424   39.58%
*     0+    0                            1.1153        1.0000            10.33%
      0     2        1.0000    29        1.1153        1.0000      424   10.33%
Elapsed time = 74.44 sec. (64.44 ticks, tree = 0.02 MB, solutions = 2)
*    46+   10                            1.0995        1.0000             9.05%
*    70+   22                            1.0939        1.0000             8.58%
*   276+   48                            1.0744        1.0000             6.93%

Implied bound cuts applied:  38
Flow cuts applied:  25
Mixed integer rounding cuts applied:  17
Gomory fractional cuts applied:  6

Root node processing (before b&c):
  Real time             =   67.68 sec. (64.24 ticks)
Parallel b&c, 32 threads:
  Real time             =  205.54 sec. (21.94 ticks)
  Sync time (average)   =  195.21 sec.
  Wait time (average)   =    0.00 sec.
                          ------------
Total (root+branch&cut) =  273.21 sec. (86.18 ticks)
Solution found
