Model: Diversity_model_3
 - number of variables: 599
   - binary=270, integer=2, continuous=327
 - number of constraints: 947
   - linear=947
 - parameters: defaults
CPXPARAM_Read_DataCheck                          1
CPXPARAM_RandomSeed                              201804051
CPXPARAM_MIP_Strategy_LBHeur                     1
CPXPARAM_TimeLimit                               86400
CPXPARAM_MIP_Tolerances_MIPGap                   0.02
Tried aggregator 2 times.
MIP Presolve eliminated 64 rows and 63 columns.
MIP Presolve modified 54 coefficients.
Aggregator did 163 substitutions.
Reduced MIP has 720 rows, 373 columns, and 1933 nonzeros.
Reduced MIP has 162 binaries, 0 generals, 54 SOSs, and 0 indicators.
Presolve time = 0.01 sec. (2.49 ticks)
Probing changed sense of 9 constraints.
Probing time = 0.00 sec. (1.43 ticks)
Tried aggregator 2 times.
MIP Presolve eliminated 180 rows and 54 columns.
Aggregator did 18 substitutions.
Reduced MIP has 522 rows, 301 columns, and 1465 nonzeros.
Reduced MIP has 99 binaries, 0 generals, 54 SOSs, and 0 indicators.
Presolve time = 0.02 sec. (2.12 ticks)
Probing time = 0.00 sec. (0.69 ticks)
Tried aggregator 2 times.
MIP Presolve eliminated 85 rows and 22 columns.
Aggregator did 9 substitutions.
Reduced MIP has 428 rows, 270 columns, and 1254 nonzeros.
Reduced MIP has 77 binaries, 0 generals, 54 SOSs, and 0 indicators.
Presolve time = 0.03 sec. (1.80 ticks)
Probing time = 0.00 sec. (0.28 ticks)
Clique table members: 222.
MIP emphasis: balance optimality and feasibility.
MIP search method: dynamic search.
Parallel mode: deterministic, using up to 32 threads.
Root relaxation solution time = 0.02 sec. (0.93 ticks)

        Nodes                                         Cuts/
   Node  Left     Objective  IInf  Best Integer    Best Bound    ItCnt     Gap

      0     0        1.0000    63                      1.0000      119         
      0     0        1.0370    51                    Cuts: 66      224         
*     0+    0                            2.1893        1.0370            52.63%
      0     0        1.0370    57        2.1893      Cuts: 85      313   52.63%
      0     0        1.0370    28        2.1893       Cuts: 4      320   52.63%
*     0+    0                            1.8893        1.0370            45.11%
      0     0        1.0370    38        1.8893      Cuts: 47      375   45.11%
*     0+    0                            1.8807        1.0370            44.86%
*     0+    0                            1.2387        1.0370            16.28%
      0     0        cutoff              1.2387        1.2387      375    0.00%
Elapsed time = 32.44 sec. (57.10 ticks, tree = 0.01 MB, solutions = 4)

Clique cuts applied:  22
Implied bound cuts applied:  4
Flow cuts applied:  11
Mixed integer rounding cuts applied:  2
Zero-half cuts applied:  2
Lift and project cuts applied:  2
Gomory fractional cuts applied:  3

Root node processing (before b&c):
  Real time             =   32.44 sec. (57.13 ticks)
Parallel b&c, 32 threads:
  Real time             =    0.00 sec. (0.00 ticks)
  Sync time (average)   =    0.00 sec.
  Wait time (average)   =    0.00 sec.
                          ------------
Total (root+branch&cut) =   32.44 sec. (57.13 ticks)
Solution found
