Model: Diversity_model_3
 - number of variables: 1693
   - binary=320, integer=1, continuous=1372
 - number of constraints: 2731
   - linear=2731
 - parameters: defaults
CPXPARAM_Read_DataCheck                          1
CPXPARAM_RandomSeed                              201804051
CPXPARAM_MIP_Strategy_LBHeur                     1
CPXPARAM_TimeLimit                               86400
CPXPARAM_MIP_Tolerances_MIPGap                   0.02
Tried aggregator 3 times.
MIP Presolve eliminated 248 rows and 167 columns.
MIP Presolve modified 1120 coefficients.
Aggregator did 241 substitutions.
Reduced MIP has 2242 rows, 1285 columns, and 5763 nonzeros.
Reduced MIP has 240 binaries, 0 generals, 160 SOSs, and 0 indicators.
Presolve time = 0.04 sec. (13.01 ticks)
Probing fixed 0 vars, tightened 242 bounds.
Probing time = 0.11 sec. (15.60 ticks)
Tried aggregator 2 times.
MIP Presolve modified 321 coefficients.
Aggregator did 80 substitutions.
Reduced MIP has 2162 rows, 1205 columns, and 5603 nonzeros.
Reduced MIP has 240 binaries, 0 generals, 160 SOSs, and 0 indicators.
Presolve time = 0.03 sec. (7.70 ticks)
Probing time = 0.02 sec. (3.06 ticks)
Clique table members: 240.
MIP emphasis: balance optimality and feasibility.
MIP search method: dynamic search.
Parallel mode: deterministic, using up to 32 threads.
Root relaxation solution time = 0.04 sec. (14.27 ticks)

        Nodes                                         Cuts/
   Node  Left     Objective  IInf  Best Integer    Best Bound    ItCnt     Gap

      0     0        0.8211   206                      0.8211      589         
*     0+    0                            1.4850        0.8211            44.71%
      0     0        0.8264   219        1.4850     Cuts: 455     1141   44.35%
*     0+    0                            1.0901        0.8264            24.19%

Implied bound cuts applied:  278
Flow cuts applied:  253
Mixed integer rounding cuts applied:  296
Lift and project cuts applied:  6
Gomory fractional cuts applied:  42

Root node processing (before b&c):
  Real time             =  229.39 sec. (234.74 ticks)
Parallel b&c, 32 threads:
  Real time             =    0.00 sec. (0.00 ticks)
  Sync time (average)   =    0.00 sec.
  Wait time (average)   =    0.00 sec.
                          ------------
Total (root+branch&cut) =  229.39 sec. (234.74 ticks)
Solution found
