Model: Diversity_model_3
 - number of variables: 27586
   - binary=20576, integer=2, continuous=7008
 - number of constraints: 61945
   - linear=61945
 - parameters: defaults
CPXPARAM_Read_DataCheck                          1
CPXPARAM_RandomSeed                              201804051
CPXPARAM_MIP_Strategy_LBHeur                     1
CPXPARAM_TimeLimit                               86400
CPXPARAM_MIP_Tolerances_MIPGap                   0.02
Tried aggregator 2 times.
MIP Presolve eliminated 1548 rows and 1538 columns.
MIP Presolve modified 612 coefficients.
Aggregator did 11513 substitutions.
Reduced MIP has 48884 rows, 14535 columns, and 129246 nonzeros.
Reduced MIP has 10594 binaries, 0 generals, 1530 SOSs, and 0 indicators.
Presolve time = 2.57 sec. (297.42 ticks)
Probing changed sense of 51 constraints.
Probing time = 8.33 sec. (29.29 ticks)
Tried aggregator 2 times.
MIP Presolve eliminated 12306 rows and 3451 columns.
Aggregator did 102 substitutions.
Reduced MIP has 36476 rows, 10982 columns, and 99026 nonzeros.
Reduced MIP has 7092 binaries, 0 generals, 1530 SOSs, and 0 indicators.
Presolve time = 0.85 sec. (217.62 ticks)
Probing time = 0.81 sec. (94.32 ticks)
Tried aggregator 2 times.
MIP Presolve eliminated 7421 rows and 1341 columns.
Aggregator did 51 substitutions.
Reduced MIP has 29004 rows, 9590 columns, and 79598 nonzeros.
Reduced MIP has 5751 binaries, 0 generals, 1530 SOSs, and 0 indicators.
Presolve time = 1.07 sec. (235.72 ticks)
Probing time = 0.93 sec. (74.90 ticks)
Clique table members: 49439.
MIP emphasis: balance optimality and feasibility.
MIP search method: dynamic search.
Parallel mode: deterministic, using up to 32 threads.
Root relaxation solution time = 21.70 sec. (484.33 ticks)

        Nodes                                         Cuts/
   Node  Left     Objective  IInf  Best Integer    Best Bound    ItCnt     Gap

      0     0        0.8281  1414                      0.8281     4464         
      0     0        0.8293  1622                  Cuts: 5713     8347         
*     0+    0                            1.4238        0.8293            41.75%
      0     0        0.8306  1779        1.4238    Cuts: 3264    10997   41.67%
*     0+    0                            1.4049        0.8306            40.88%
      0     0        0.8316  1614        1.4049    Cuts: 2311    12946   40.81%
*     0+    0                            1.4035        0.8316            40.75%
      0     0        0.8320  1703        1.4035    Cuts: 1583    14628   40.72%
      0     0        0.8323  1700        1.4035    Cuts: 1649    16026   40.70%

Repeating presolve.
Tried aggregator 1 time.
MIP Presolve eliminated 14615 rows and 3230 columns.
Reduced MIP has 14389 rows, 6360 columns, and 42249 nonzeros.
Reduced MIP has 2521 binaries, 0 generals, 1530 SOSs, and 0 indicators.
Presolve time = 0.25 sec. (62.80 ticks)
Probing time = 0.17 sec. (20.00 ticks)
Tried aggregator 1 time.
MIP Presolve eliminated 2113 rows and 622 columns.
Reduced MIP has 12276 rows, 5738 columns, and 37154 nonzeros.
Reduced MIP has 1899 binaries, 0 generals, 1530 SOSs, and 0 indicators.
Presolve time = 0.15 sec. (44.17 ticks)
Probing time = 0.31 sec. (17.98 ticks)
Tried aggregator 1 time.
MIP Presolve eliminated 1894 rows and 339 columns.
Reduced MIP has 10382 rows, 5399 columns, and 32150 nonzeros.
Reduced MIP has 1560 binaries, 0 generals, 1530 SOSs, and 0 indicators.
Presolve time = 0.13 sec. (36.75 ticks)
Probing time = 0.12 sec. (12.56 ticks)
Tried aggregator 1 time.
MIP Presolve eliminated 1095 rows and 262 columns.
Reduced MIP has 9287 rows, 5137 columns, and 29389 nonzeros.
Reduced MIP has 1298 binaries, 0 generals, 1530 SOSs, and 0 indicators.
Presolve time = 0.09 sec. (33.07 ticks)
Probing time = 0.12 sec. (13.03 ticks)
Tried aggregator 1 time.
MIP Presolve eliminated 658 rows and 110 columns.
Reduced MIP has 8629 rows, 5027 columns, and 27635 nonzeros.
Reduced MIP has 1188 binaries, 0 generals, 1530 SOSs, and 0 indicators.
Presolve time = 0.12 sec. (35.99 ticks)
Represolve time = 1.97 sec. (745.95 ticks)
Probing time = 0.09 sec. (9.70 ticks)
Clique table members: 12795.
MIP emphasis: balance optimality and feasibility.
MIP search method: dynamic search.
Parallel mode: deterministic, using up to 32 threads.
Root relaxation solution time = 39.50 sec. (521.64 ticks)

        Nodes                                         Cuts/
   Node  Left     Objective  IInf  Best Integer    Best Bound    ItCnt     Gap

*     0+    0                            1.4035        0.8323            40.70%
      0     0        0.8327   819        1.4035        0.8327    16056   40.67%
      0     0        0.8359   795        1.4035     Cuts: 936    18079   40.44%
*     0+    0                            1.4014        0.8359            40.35%
      0     0        0.8370   758        1.4014     Cuts: 527    19141   40.27%
      0     0        0.8372   737        1.4014     Cuts: 428    19583   40.26%
      0     0        0.8372   743        1.4014     Cuts: 188    19783   40.26%
      0     0        0.8372   539        1.4014      Cuts: 29    19996   40.26%
      0     0        0.8372   623        1.4014     Cuts: 336    20539   40.26%
      0     2        0.8372   397        1.4014        0.8372    20539   40.26%
Elapsed time = 173.57 sec. (19058.74 ticks, tree = 0.02 MB, solutions = 4)
      2     3        0.8372   461        1.4014        0.8372    21696   40.26%
      6     6        0.8604   513        1.4014        0.8372    25070   40.26%
    127    57        0.8932   434        1.4014        0.8372    36117   40.26%
    477   373        1.0479   390        1.4014        0.8372    68485   40.26%
    982   713        0.9871   447        1.4014        0.8372    97680   40.26%
   1621  1300        0.9776   408        1.4014        0.8372   143385   40.26%
   2236  1563        1.2333   431        1.4014        0.8372   161713   40.26%
   2928  2139        1.2300   476        1.4014        0.8372   203305   40.26%
   3698  2619        1.3875   366        1.4014        0.8372   231829   40.26%
*  5710+ 4400                            1.2235        0.8372            31.57%
*  5792+ 4467                            1.2209        0.8372            31.42%
*  5889+ 4467                            1.2171        0.8372            31.21%
   5920  4842        0.8379   462        1.2171        0.8372   351487   31.21%
Elapsed time = 208.71 sec. (22257.38 ticks, tree = 343.75 MB, solutions = 4)
*  5960+ 4467                            1.1966        0.8372            30.03%
*  6203+ 4467                            1.1966        0.8372            30.03%
*  6438+ 3679                            1.1961        0.8372            30.00%
*  6864+ 4430                            1.1938        0.8372            29.87%
   7312  4526        1.0993   382        1.1938        0.8372   435828   29.87%
*  8496+ 4430                            1.1938        0.8372            29.87%
*  9052+ 5616                            1.1559        0.8372            27.57%
*  9291+ 5738                            1.1558        0.8372            27.56%
*  9342+ 5831                            1.1547        0.8372            27.50%
*  9354+ 5738                            1.1525        0.8372            27.35%
   9371  6265        1.0314   371        1.1525        0.8372   520423   27.35%
  11614  4373        0.8382   477        1.1525        0.8372   327088   27.35%
* 12441+ 7778                            0.9670        0.8372            13.42%
* 13043+ 4059                            0.9656        0.8372            13.29%
* 13140+ 4059                            0.9456        0.8372            11.46%
  13348  4125        0.8448   487        0.9456        0.8372   663612   11.46%
* 13349+ 2608                            0.9425        0.8372            11.16%
  13349  2609        0.8372   485        0.9425        0.8372   720347   11.16%
  13350  2610        0.8445   849        0.9425        0.8372   726747   11.16%
  13352  2611        0.8595   806        0.9425        0.8372   728663   11.16%
  13354  2610        0.9195   771        0.9425        0.8372   731347   11.16%
  13358  1392        0.8445   845        0.9425        0.8372   726760   11.16%
* 13359+  926                            0.9347        0.8372            10.42%
* 13361+  441                            0.9345        0.8372            10.40%
* 13361+  294                            0.9344        0.8372            10.39%
* 13361+  195                            0.9343        0.8372            10.38%
  13372    85        0.8445   847        0.9343        0.8372   742040   10.38%
Elapsed time = 274.86 sec. (41249.58 ticks, tree = 5.82 MB, solutions = 124)
  13518    39        0.8873   602        0.9343        0.8372   776878   10.38%
  13879   229        0.8372   531        0.9343        0.8372   866766   10.38%
* 15082+  364                            0.9340        0.8372            10.36%
  15276   946        0.9131   413        0.9340        0.8372   979258   10.36%
  16428  1575        0.9271   299        0.9340        0.8372  1043366   10.36%
* 16806+ 1613                            0.9317        0.8372            10.14%
* 16959+ 1524                            0.9295        0.8372             9.93%
* 17520+ 1869                            0.9252        0.8372             9.51%
* 17542+ 1667                            0.9220        0.8372             9.19%
  17606  2069        0.8712   418        0.9220        0.8372  1118362    9.19%
* 17607+ 1666                            0.9214        0.8372             9.14%
* 17698+ 1790                            0.9172        0.8372             8.72%
  18934  2399        0.8429   484        0.9172        0.8372  1191500    8.72%
* 19007+ 2340                            0.9166        0.8372             8.66%
  19865  3271        0.8924   337        0.9166        0.8372  1269990    8.66%
* 20215+ 3156                            0.9157        0.8372             8.56%
  21519  3721        0.8764   411        0.9157        0.8372  1317065    8.56%
  22875  5322        0.8966   141        0.9157        0.8372  1449978    8.56%
  24555  6161        0.9104   302        0.9157        0.8372  1525558    8.56%
Elapsed time = 346.64 sec. (50795.75 ticks, tree = 380.60 MB, solutions = 171)
* 25315+ 2274                            0.9156        0.8372             8.55%
* 25481+ 2274                            0.9126        0.8372             8.25%
* 26821+ 2274                            0.9116        0.8372             8.16%
* 26939+ 2274                            0.9111        0.8372             8.11%
  27152  7862        0.8896   407        0.9111        0.8372  1638592    8.11%
* 27200+ 2274                            0.9072        0.8372             7.71%
* 27432+ 2274                            0.9070        0.8372             7.69%
  29633  9642        cutoff              0.9070        0.8372  1736774    7.69%
  31842  9704        0.8980   244        0.9070        0.8372  1860196    7.69%
  35600 12658        0.8956   207        0.9070        0.8372  2003481    7.69%
* 35733+11790                            0.9016        0.8372             7.13%
* 36152+12137                            0.8986        0.8372             6.83%
* 36612+12896                            0.8940        0.8372             6.35%
* 37132+ 9584                            0.8937        0.8372             6.32%
* 37207+12421                            0.8930        0.8372             6.24%
  37245  9712        0.8386   532        0.8930        0.8372  2085010    6.24%
  37706 10074        0.8856   372        0.8930        0.8372  2144636    6.24%
* 37729+ 9900                            0.8922        0.8372             6.16%
* 37764+12421                            0.8922        0.8372             6.16%
* 37805+12414                            0.8912        0.8372             6.06%
* 37890+12411                            0.8877        0.8372             5.68%
  37965  9395        0.8639   618        0.8877        0.8372  2150252    5.68%
* 38033+ 7866                            0.8842        0.8372             5.31%
  38267  7000    infeasible              0.8842        0.8372  2179844    5.31%
  39075  7456        0.8583   535        0.8842        0.8372  2212891    5.31%
* 39373+ 7263                            0.8834        0.8372             5.23%
* 40083+ 7535                            0.8832        0.8372             5.20%
  40594  7625        0.8789   346        0.8832        0.8372  2257597    5.20%
Elapsed time = 439.01 sec. (60349.13 ticks, tree = 429.48 MB, solutions = 235)
  43053  9379        0.8769   356        0.8832        0.8372  2423775    5.20%
  44569 10623        0.8761   403        0.8832        0.8372  2512685    5.20%
  47313 12322        0.8383   578        0.8832        0.8374  2665784    5.19%
  51185 14668        0.8653   501        0.8832        0.8374  2836077    5.19%
  54144 17139        0.8769   536        0.8832        0.8374  2974536    5.19%
  56840 19233        0.8831   370        0.8832        0.8374  3128385    5.18%
  60644 20379        0.8827   455        0.8832        0.8375  3208422    5.17%
  64358 24675        0.8806   272        0.8832        0.8376  3452886    5.16%
* 65980+25769                            0.8821        0.8376             5.04%
  66551 27034        0.8807   585        0.8821        0.8377  3604133    5.04%
* 66947+25769                            0.8819        0.8377             5.02%
* 67520+25769                            0.8816        0.8377             4.99%
* 68338+25722                            0.8794        0.8377             4.75%
  69003 27930        cutoff              0.8794        0.8377  3658226    4.75%
Elapsed time = 520.25 sec. (69887.93 ticks, tree = 1517.75 MB, solutions = 243)
  71157 29192        0.8675   505        0.8794        0.8377  3727959    4.75%
* 73534+25722                            0.8770        0.8377             4.48%
  73622 30917        0.8436   567        0.8770        0.8377  3817075    4.48%
  74808 31916        0.8824   327        0.8770        0.8377  3876859    4.48%
* 75146+30980                            0.8764        0.8377             4.42%
  75281 32329        0.8561   490        0.8764        0.8377  3898414    4.42%
* 75487+17339                            0.8761        0.8377             4.39%
* 75662+25411                            0.8751        0.8377             4.28%
  75779 17007        0.8759   298        0.8751        0.8377  3926331    4.28%
  76679 17204        0.8755   446        0.8751        0.8377  3940457    4.28%
* 76785+17462                            0.8733        0.8377             4.08%
* 77830+14369                            0.8731        0.8377             4.06%
  77985 14707        0.8728   374        0.8731        0.8377  4018201    4.06%
* 79732+15015                            0.8731        0.8377             4.06%
  79815 15469        0.8683   347        0.8731        0.8377  4076166    4.06%
  82465 17091        0.8723   288        0.8731        0.8377  4160986    4.06%
  85492 18981        0.8728   357        0.8731        0.8377  4250926    4.06%
Elapsed time = 586.94 sec. (79434.63 ticks, tree = 1133.32 MB, solutions = 263)
  88340 20104        0.8489   574        0.8731        0.8377  4298704    4.06%
  91403 22336        0.8446   505        0.8731        0.8377  4423745    4.06%
  94528 24585        cutoff              0.8731        0.8377  4527544    4.06%
  98182 26719        0.8709   278        0.8731        0.8377  4603093    4.06%
 101860 28650        0.8648   286        0.8731        0.8377  4681567    4.06%
 105335 32792        0.8683   389        0.8731        0.8377  4841563    4.06%
 108537 33967        cutoff              0.8731        0.8377  4883825    4.06%
 111399 36109        0.8675   263        0.8731        0.8377  4964222    4.06%
 113614 39426        0.8656   314        0.8731        0.8377  5063897    4.06%
 117994 40802        0.8723   409        0.8731        0.8377  5114843    4.06%
Elapsed time = 672.48 sec. (88976.31 ticks, tree = 2705.71 MB, solutions = 292)
Nodefile size = 650.02 MB (544.88 MB after compression)
 120940 41269        0.8708   344        0.8731        0.8377  5130022    4.06%
*121884+41986                            0.8697        0.8377             3.69%
 121909 45177        0.8689   376        0.8697        0.8377  5252105    3.69%
 122243 43895        0.8715   259        0.8697        0.8377  5206574    3.69%
*122424+35138                            0.8683        0.8377             3.52%
 123090 35279        0.8665   342        0.8683        0.8377  5291264    3.52%
 125624 31690        0.8581   406        0.8683        0.8379  5314383    3.50%
 129947 33799        0.8677   363        0.8683        0.8379  5399257    3.50%
 132956 35277        0.8530   511        0.8683        0.8379  5451864    3.50%
 135917 35791        0.8590   357        0.8683        0.8379  5468627    3.50%
 139332 38288        0.8408   428        0.8683        0.8379  5568544    3.50%
 143120 40073        0.8572   343        0.8683        0.8379  5632965    3.50%
Elapsed time = 797.94 sec. (98804.18 ticks, tree = 2614.89 MB, solutions = 341)
Nodefile size = 547.60 MB (467.45 MB after compression)
 146298 41160        0.8554   389        0.8683        0.8379  5670985    3.50%
 149406 44429    infeasible              0.8683        0.8379  5761014    3.50%
 152006 45100        0.8677   307        0.8683        0.8379  5777655    3.50%
 154702 48640        0.8674   276        0.8683        0.8379  5874210    3.50%
 157720 49873        0.8642   295        0.8683        0.8379  5905465    3.50%
 160870 52947        0.8681   284        0.8683        0.8379  5992587    3.50%
 163380 54197        0.8678   256        0.8683        0.8379  6023815    3.50%
 166073 56341        0.8631   349        0.8683        0.8379  6086258    3.50%
 168855 58553        cutoff              0.8683        0.8379  6150471    3.50%
 172475 63474        0.8675   356        0.8683        0.8379  6290806    3.50%
Elapsed time = 913.35 sec. (108343.60 ticks, tree = 4184.39 MB, solutions = 341)
Nodefile size = 2126.11 MB (1808.81 MB after compression)
 176316 63341        0.8655   324        0.8683        0.8391  6287589    3.36%
 178315 64934        0.8638   326        0.8683        0.8391  6336852    3.36%
 178476 72824        0.8372   406        0.8683        0.8392  6584864    3.35%
 178478 72826        0.8372   826        0.8683        0.8392  6589629    3.35%
 178480 58261        0.8372   827        0.8683        0.8392  6589507    3.35%
 178494 12112        0.8446   808        0.8683        0.8392  6597765    3.35%
 178527   826        0.8372   823        0.8683        0.8392  6607959    3.35%
 178603    28        cutoff              0.8683        0.8392  6638623    3.35%
 178848   126        0.8487   755        0.8683        0.8392  6700647    3.35%
 180761   740        0.8505   672        0.8683        0.8392  6922097    3.35%
Elapsed time = 1048.98 sec. (134366.69 ticks, tree = 35.62 MB, solutions = 348)
 183938  1890        0.8530   689        0.8683        0.8392  7197815    3.35%
 186866  3189        0.8664   643        0.8683        0.8392  7530078    3.35%
 192424  5612        0.8664   567        0.8683        0.8392  7837026    3.35%
 200619  9377        0.8674   485        0.8683        0.8392  8162769    3.35%
 212625 17437        0.8593   531        0.8683        0.8392  8511506    3.35%
 226122 26221        0.8650   396        0.8683        0.8392  8822264    3.35%
*230639+32114                            0.8682        0.8392             3.33%
*231353+33338                            0.8677        0.8392             3.28%
 231384 31584        0.8601   419        0.8677        0.8392  9079721    3.28%
*231440+31581                            0.8677        0.8392             3.28%
*231575+31583                            0.8676        0.8392             3.26%
*232092+31573                            0.8675        0.8392             3.26%
*232467+31502                            0.8674        0.8395             3.22%
 241093 36372        0.8614   487        0.8674        0.8397  9239224    3.20%
 253825 43793        0.8451   510        0.8674        0.8398  9426328    3.18%
 259961 50537        0.8670   447        0.8674        0.8398  9608268    3.18%
Elapsed time = 1235.57 sec. (172517.80 ticks, tree = 3339.38 MB, solutions = 358)
Nodefile size = 1286.44 MB (1119.35 MB after compression)
 273905 57654        cutoff              0.8674        0.8399  9795435    3.18%
 281133 66570        0.8669   459        0.8674        0.8402 10055914    3.14%
 293526 74141        0.8645   408        0.8674        0.8403 10265983    3.13%
 303591 81521        cutoff              0.8674        0.8406 10474724    3.09%
 314454 87725        0.8497   506        0.8674        0.8406 10677737    3.09%
 323461 94529        0.8660   427        0.8674        0.8408 10912189    3.07%
 336701 101079        0.8545   438        0.8674        0.8408 11094451    3.07%
 342078 109378        0.8643   490        0.8674        0.8412 11326264    3.02%
*348420+111540                            0.8674        0.8413             3.01%
*348806+111334                            0.8671        0.8413             2.98%
*349057+110228                            0.8670        0.8413             2.97%
*349160+110259                            0.8670        0.8413             2.97%
*349471+112714                            0.8668        0.8413             2.95%
*349655+110380                            0.8656        0.8413             2.81%
 350213 90592        0.8653   466        0.8656        0.8413 11485615    2.81%
*351659+90621                            0.8655        0.8413             2.80%
*352293+90473                            0.8654        0.8413             2.79%
*352299+90455                            0.8654        0.8413             2.79%
*352643+91114                            0.8653        0.8413             2.77%
*353157+87633                            0.8650        0.8413             2.74%
 357396 86756        cutoff              0.8650        0.8413 11660105    2.74%
Elapsed time = 1406.55 sec. (210673.11 ticks, tree = 5723.44 MB, solutions = 384)
Nodefile size = 3666.39 MB (3189.90 MB after compression)
 370230 91720        0.8563   510        0.8650        0.8414 11821021    2.72%
 378284 99631        0.8582   490        0.8650        0.8414 12068623    2.72%
 389273 105632        0.8636   464        0.8650        0.8418 12262536    2.68%
 400267 113112        0.8494   482        0.8650        0.8418 12474923    2.68%
 406513 119556        0.8646   435        0.8650        0.8420 12667732    2.66%
 421490 126509        0.8599   554        0.8650        0.8420 12910689    2.66%
 426665 133529        0.8634   491        0.8650        0.8422 13163403    2.63%
 442994 138467        0.8645   469        0.8650        0.8423 13325655    2.62%
 448614 148292        0.8647   355        0.8650        0.8426 13617196    2.59%
 464919 152908        0.8608   455        0.8650        0.8426 13757165    2.58%
Elapsed time = 1588.19 sec. (248823.78 ticks, tree = 10278.30 MB, solutions = 385)
Nodefile size = 8212.50 MB (7163.75 MB after compression)
 470921 162218        0.8634   470        0.8650        0.8427 14046595    2.58%
*479536+165973                            0.8649        0.8428             2.55%
 481108 167699        0.8637   449        0.8649        0.8428 14292647    2.55%
*484428+166048                            0.8646        0.8429             2.51%
*487715+167434                            0.8645        0.8429             2.50%
*488748+163724                            0.8625        0.8429             2.27%
*489508+122247                            0.8616        0.8429             2.17%
*490164+107879                            0.8615        0.8429             2.16%
 490311 107838        0.8573   584        0.8615        0.8429 14503294    2.16%
 507381 110890        0.8518   470        0.8615        0.8431 14681276    2.14%
 515463 121019        0.8591   405        0.8615        0.8433 15002190    2.11%
 532095 127901        0.8588   465        0.8615        0.8434 15208826    2.10%
 540032 135896        cutoff              0.8615        0.8435 15460635    2.09%
 557064 145300        0.8544   472        0.8615        0.8436 15768502    2.08%
 563957 152413        cutoff              0.8615        0.8438 16000165    2.05%
*564109+152118                            0.8611        0.8438             2.01%
*564641+151676                            0.8611        0.8438             2.00%
 564720 151544        0.8440   518        0.8611        0.8438 15966341    2.00%
Elapsed time = 1773.26 sec. (287091.74 ticks, tree = 10413.37 MB, solutions = 395)
Nodefile size = 8363.24 MB (7322.11 MB after compression)

Clique cuts applied:  470
Implied bound cuts applied:  8
Flow cuts applied:  13
Mixed integer rounding cuts applied:  70
Zero-half cuts applied:  53
Lift and project cuts applied:  31
Gomory fractional cuts applied:  10

Root node processing (before b&c):
  Real time             =  169.04 sec. (19121.13 ticks)
Parallel b&c, 32 threads:
  Real time             = 1604.42 sec. (268066.77 ticks)
  Sync time (average)   =  883.63 sec.
  Wait time (average)   =    0.86 sec.
                          ------------
Total (root+branch&cut) = 1773.46 sec. (287187.90 ticks)
Solution found
