Model: Diversity_model_3
 - number of variables: 906
   - binary=342, integer=2, continuous=562
 - number of constraints: 1329
   - linear=1329
 - parameters: defaults
CPXPARAM_Read_DataCheck                          1
CPXPARAM_RandomSeed                              201804051
CPXPARAM_MIP_Strategy_LBHeur                     1
CPXPARAM_TimeLimit                               86400
CPXPARAM_MIP_Tolerances_MIPGap                   0.02
Tried aggregator 2 times.
MIP Presolve eliminated 120 rows and 117 columns.
MIP Presolve modified 72 coefficients.
Aggregator did 244 substitutions.
Reduced MIP has 965 rows, 545 columns, and 2740 nonzeros.
Reduced MIP has 207 binaries, 0 generals, 108 SOSs, and 0 indicators.
Presolve time = 0.01 sec. (3.47 ticks)
Probing changed sense of 9 constraints.
Probing time = 0.01 sec. (2.09 ticks)
Tried aggregator 2 times.
MIP Presolve eliminated 213 rows and 62 columns.
Aggregator did 18 substitutions.
Reduced MIP has 734 rows, 465 columns, and 2189 nonzeros.
Reduced MIP has 136 binaries, 0 generals, 108 SOSs, and 0 indicators.
Presolve time = 0.01 sec. (3.00 ticks)
Probing time = 0.00 sec. (1.11 ticks)
Tried aggregator 2 times.
MIP Presolve eliminated 51 rows and 17 columns.
Aggregator did 9 substitutions.
Reduced MIP has 674 rows, 439 columns, and 2079 nonzeros.
Reduced MIP has 119 binaries, 0 generals, 108 SOSs, and 0 indicators.
Presolve time = 0.01 sec. (3.06 ticks)
Probing time = 0.00 sec. (0.90 ticks)
Clique table members: 770.
MIP emphasis: balance optimality and feasibility.
MIP search method: dynamic search.
Parallel mode: deterministic, using up to 32 threads.
Root relaxation solution time = 0.01 sec. (3.36 ticks)

        Nodes                                         Cuts/
   Node  Left     Objective  IInf  Best Integer    Best Bound    ItCnt     Gap

      0     0        1.0000    85                      1.0000      183         
      0     0        1.0000    79                    Cuts: 42      278         
*     0+    0                            1.8494        1.0000            45.93%
      0     0        1.0000    87        1.8494     Cuts: 104      386   45.93%
      0     0        1.0000    54        1.8494      Cuts: 24      448   45.93%
*     0+    0                            1.8480        1.0000            45.89%
      0     0        1.0000    59        1.8480      Cuts: 42      505   45.89%
*     0+    0                            1.1047        1.0000             9.48%
      0     2        1.0000    57        1.1047        1.0106      505    8.52%
Elapsed time = 18.65 sec. (105.39 ticks, tree = 0.02 MB, solutions = 3)
*    22+    4                            1.1047        1.0106             8.52%
*    44+    3                            1.1047        1.0106             8.52%

Clique cuts applied:  34
Implied bound cuts applied:  67
Flow cuts applied:  14
Mixed integer rounding cuts applied:  17
Lift and project cuts applied:  1
Gomory fractional cuts applied:  2

Root node processing (before b&c):
  Real time             =   15.06 sec. (105.08 ticks)
Parallel b&c, 32 threads:
  Real time             =  217.21 sec. (36.95 ticks)
  Sync time (average)   =  210.10 sec.
  Wait time (average)   =    0.00 sec.
                          ------------
Total (root+branch&cut) =  232.27 sec. (142.02 ticks)
Solution found
