Model: Diversity_model_3
 - number of variables: 4044
   - binary=324, integer=1, continuous=3719
 - number of constraints: 4305
   - linear=4305
 - parameters: defaults
CPXPARAM_Read_DataCheck                          1
CPXPARAM_RandomSeed                              201804051
CPXPARAM_MIP_Strategy_LBHeur                     1
CPXPARAM_TimeLimit                               86400
CPXPARAM_MIP_Tolerances_MIPGap                   0.02
Tried aggregator 2 times.
MIP Presolve eliminated 817 rows and 817 columns.
MIP Presolve modified 324 coefficients.
Aggregator did 810 substitutions.
Reduced MIP has 2678 rows, 2417 columns, and 9358 nonzeros.
Reduced MIP has 324 binaries, 0 generals, 810 SOSs, and 0 indicators.
Presolve time = 0.09 sec. (11.86 ticks)
Probing changed sense of 10 constraints.
Probing time = 0.06 sec. (2.78 ticks)
Tried aggregator 2 times.
MIP Presolve eliminated 10 rows and 0 columns.
Aggregator did 37 substitutions.
Reduced MIP has 2631 rows, 2380 columns, and 9254 nonzeros.
Reduced MIP has 314 binaries, 0 generals, 810 SOSs, and 0 indicators.
Presolve time = 0.11 sec. (8.94 ticks)
Probing changed sense of 3 constraints.
Probing time = 0.05 sec. (2.92 ticks)
Clique table members: 152.
MIP emphasis: balance optimality and feasibility.
MIP search method: dynamic search.
Parallel mode: deterministic, using up to 32 threads.
Root relaxation solution time = 0.70 sec. (73.28 ticks)

        Nodes                                         Cuts/
   Node  Left     Objective  IInf  Best Integer    Best Bound    ItCnt     Gap

      0     0        0.2619   297                      0.2619     1033         
*     0+    0                            1.5163        0.2619            82.73%
      0     0        0.2619   277        1.5163      Cuts: 68     2147   82.73%
*     0+    0                            0.6095        0.2619            57.03%
      0     0        0.2619   301        0.6095     Cuts: 131     2442   57.03%
      0     0        0.2619   129        0.6095      Cuts: 37     2510   57.03%
      0     0        0.2619   167        0.6095     Cuts: 110     2691   57.03%
*     0+    0                            0.3768        0.2619            30.50%
*     0+    0                            0.3739        0.2619            29.95%
      0     2        0.2619   130        0.3739        0.2619     2691   29.95%
Elapsed time = 143.79 sec. (921.86 ticks, tree = 0.02 MB, solutions = 4)
   2018  1412        0.3000    77        0.3739        0.2619    66316   29.95%
*  2962+ 2192                            0.3438        0.2619            23.82%
*  3383+ 2223                            0.3360        0.2619            22.06%
*  3983  2565      integral     0        0.3225        0.2619   101026   18.78%
*  4396+ 2337                            0.3172        0.2619            17.44%
   5419  2914        0.2895    66        0.3172        0.2619   137458   17.44%
*  5991+ 3301                            0.3140        0.2619            16.59%
*  5996  3345      integral     0        0.2982        0.2619   149495   12.16%
   6938  2974        0.2792   145        0.2982        0.2619   174530   12.16%
*  7593+ 3176                            0.2953        0.2619            11.32%
   7642  3549        cutoff              0.2953        0.2619   192216   11.32%
*  7646+ 3176                            0.2951        0.2619            11.26%
*  7674+ 3176                            0.2948        0.2619            11.15%
   7674  2457    infeasible              0.2948        0.2619   155233   11.15%
*  7781+ 3176                            0.2943        0.2619            11.01%
*  7817+ 3176                            0.2943        0.2619            11.01%
*  7932+ 3176                            0.2940        0.2619            10.92%
   8690  3784        0.2895   169        0.2940        0.2619   213038   10.92%
  11206  4618        0.2748   170        0.2940        0.2619   259160   10.92%
* 13647+ 4816                            0.2938        0.2619            10.86%
* 13647+ 3210                            0.2914        0.2619            10.11%
* 13647+ 2140                            0.2908        0.2619             9.95%
* 13647+ 1426                            0.2835        0.2619             7.62%
  13647  1427        0.2619    54        0.2835        0.2619   347517    7.62%
  13700    32        0.2619    57        0.2835        0.2619   352061    7.62%
* 16746+  822                            0.2808        0.2619             6.75%
* 16746+  822                            0.2804        0.2619             6.61%
* 16746+ 1298                            0.2801        0.2619             6.51%
* 16746+ 1084                            0.2792        0.2619             6.18%
* 16746+ 1507                            0.2791        0.2619             6.17%
  17899  1456        0.2784    50        0.2791        0.2619   486689    6.17%
Elapsed time = 609.58 sec. (6816.73 ticks, tree = 1.46 MB, solutions = 155)
* 20225+ 1258                            0.2790        0.2619             6.12%
* 32542+ 9559                            0.2785        0.2619             5.97%
  32542  9560        0.2754    27        0.2785        0.2619   801752    5.97%
* 32644+ 8116                            0.2767        0.2619             5.35%
* 33130+10133                            0.2760        0.2619             5.10%
  44677 11218        0.2672   105        0.2760        0.2619  1057413    5.10%
* 71552+21784                            0.2736        0.2625             4.08%
  71904 24209        cutoff              0.2736        0.2625  1569814    4.08%
  93205 35706        0.2691   109        0.2736        0.2625  1898806    4.08%
*101073+22010                            0.2736        0.2625             4.08%
 112922 44381        0.2716    84        0.2736        0.2625  2153671    4.08%
 134399 58035        0.2680    61        0.2736        0.2625  2511691    4.08%
*138022+22047                            0.2733        0.2625             3.98%
 152184 66555        cutoff              0.2733        0.2625  2720458    3.98%
 167301 63590        0.2685    81        0.2733        0.2625  2932985    3.98%
 180359 72111        0.2734    59        0.2733        0.2625  3167282    3.98%
*183197+22203                            0.2730        0.2625             3.88%
 185101 56294        0.2685    68        0.2730        0.2625  3221898    3.88%
Elapsed time = 751.51 sec. (16461.18 ticks, tree = 119.17 MB, solutions = 257)
*190507+56614                            0.2719        0.2625             3.46%
 193903 33755        cutoff              0.2719        0.2625  3374209    3.46%
*193979+33352                            0.2717        0.2625             3.40%
*193982+34081                            0.2714        0.2625             3.31%
*193985+33806                            0.2714        0.2625             3.31%
 193987 21584        0.2707    99        0.2714        0.2625  1477209    3.31%

Implied bound cuts applied:  7
Flow cuts applied:  9
Mixed integer rounding cuts applied:  4
Gomory fractional cuts applied:  2

Root node processing (before b&c):
  Real time             =  126.80 sec. (924.18 ticks)
Parallel b&c, 32 threads:
  Real time             =  710.22 sec. (18628.19 ticks)
  Sync time (average)   =  353.81 sec.
  Wait time (average)   =    1.21 sec.
                          ------------
Total (root+branch&cut) =  837.02 sec. (19552.36 ticks)
Solution found
