Model: Diversity_model_3
 - number of variables: 45080
   - binary=39446, integer=2, continuous=5632
 - number of constraints: 114283
   - linear=114283
 - parameters: defaults
CPXPARAM_Read_DataCheck                          1
CPXPARAM_RandomSeed                              201804051
CPXPARAM_MIP_Strategy_LBHeur                     1
CPXPARAM_TimeLimit                               86400
CPXPARAM_MIP_Tolerances_MIPGap                   0.02
Tried aggregator 2 times.
MIP Presolve eliminated 1115 rows and 1112 columns.
MIP Presolve modified 736 coefficients.
Aggregator did 20460 substitutions.
Reduced MIP has 92708 rows, 23508 columns, and 239331 nonzeros.
Reduced MIP has 20091 binaries, 0 generals, 1104 SOSs, and 0 indicators.
Presolve time = 1.43 sec. (691.35 ticks)
Probing changed sense of 91 constraints.
Probing time = 1.75 sec. (68.40 ticks)
Tried aggregator 2 times.
MIP Presolve eliminated 11577 rows and 2279 columns.
MIP Presolve modified 6 coefficients.
Aggregator did 180 substitutions.
Reduced MIP has 80951 rows, 21049 columns, and 208796 nonzeros.
Reduced MIP has 17723 binaries, 0 generals, 1104 SOSs, and 0 indicators.
Presolve time = 2.04 sec. (570.60 ticks)
Probing time = 6.61 sec. (48.85 ticks)
Tried aggregator 2 times.
MIP Presolve eliminated 12634 rows and 2004 columns.
Aggregator did 93 substitutions.
Reduced MIP has 68224 rows, 18952 columns, and 174995 nonzeros.
Reduced MIP has 15719 binaries, 0 generals, 1104 SOSs, and 0 indicators.
Presolve time = 2.14 sec. (844.13 ticks)
Probing time = 5.48 sec. (43.64 ticks)
Clique table members: 106496.
MIP emphasis: balance optimality and feasibility.
MIP search method: dynamic search.
Parallel mode: deterministic, using up to 32 threads.
Root relaxation solution time = 27.10 sec. (874.84 ticks)

        Nodes                                         Cuts/
   Node  Left     Objective  IInf  Best Integer    Best Bound    ItCnt     Gap

      0     0        0.1186  6201                      0.1186    10783         
      0     0        0.1186  4590                  Cuts: 6857    13381         
*     0+    0                            0.6680        0.1186            82.25%
      0     0        0.1188  7335        0.6680    Cuts: 5621    20680   82.22%
*     0+    0                            0.6407        0.1188            81.46%
*     0+    0                            0.6388        0.1188            81.41%

Repeating presolve.
Tried aggregator 1 time.
MIP Presolve eliminated 49156 rows and 12938 columns.
MIP Presolve modified 1685 coefficients.
Reduced MIP has 19068 rows, 6014 columns, and 53484 nonzeros.
Reduced MIP has 2781 binaries, 0 generals, 1104 SOSs, and 0 indicators.
Presolve time = 0.64 sec. (139.17 ticks)
Probing time = 0.75 sec. (113.31 ticks)
Tried aggregator 1 time.
MIP Presolve eliminated 1642 rows and 286 columns.
MIP Presolve modified 1216 coefficients.
Reduced MIP has 17426 rows, 5728 columns, and 49130 nonzeros.
Reduced MIP has 2495 binaries, 0 generals, 1104 SOSs, and 0 indicators.
Presolve time = 0.28 sec. (64.08 ticks)
Probing time = 0.46 sec. (70.01 ticks)
Tried aggregator 1 time.
MIP Presolve eliminated 443 rows and 76 columns.
MIP Presolve modified 1133 coefficients.
Reduced MIP has 16983 rows, 5652 columns, and 47953 nonzeros.
Reduced MIP has 2419 binaries, 0 generals, 1104 SOSs, and 0 indicators.
Presolve time = 0.58 sec. (84.46 ticks)
Represolve time = 3.79 sec. (1355.30 ticks)
Probing time = 0.44 sec. (6.97 ticks)
Clique table members: 27875.
MIP emphasis: balance optimality and feasibility.
MIP search method: dynamic search.
Parallel mode: deterministic, using up to 32 threads.
Root relaxation solution time = 188.91 sec. (1256.00 ticks)

        Nodes                                         Cuts/
   Node  Left     Objective  IInf  Best Integer    Best Bound    ItCnt     Gap

*     0+    0                            0.6388        0.1188            81.41%
      0     0        0.1188  1347        0.6388        0.1188    20727   81.40%
*     0+    0                            0.6311        0.1188            81.17%
      0     0        0.1267  1370        0.6311    Cuts: 2640    24919   79.92%
      0     0        0.1280  1343        0.6311    Cuts: 1131    26729   79.71%
*     0+    0                            0.6213        0.1280            79.39%
      0     0        0.1289  1322        0.6213    Cuts: 1062    28800   79.26%
*     0+    0                            0.6205        0.1289            79.23%
      0     0        0.1296  1327        0.6205    Cuts: 1073    30764   79.12%
      0     0        0.1304  1343        0.6205     Cuts: 885    32832   78.98%
      0     0        0.1310  1343        0.6205     Cuts: 755    34296   78.89%
      0     0        0.1314  1275        0.6205     Cuts: 909    37702   78.82%
      0     0        0.1318  1264        0.6205     Cuts: 950    39357   78.76%
      0     0        0.1320  1321        0.6205     Cuts: 621    40908   78.73%
      0     0        0.1324  1316        0.6205     Cuts: 939    43241   78.66%
*     0+    0                            0.6202        0.1324            78.66%
      0     0        0.1325  1281        0.6202     Cuts: 819    44918   78.64%
      0     0        0.1326  1265        0.6202     Cuts: 513    45847   78.61%
      0     0        0.1328  1235        0.6202     Cuts: 527    47135   78.60%
      0     0        0.1328  1247        0.6202     Cuts: 891    48487   78.59%
      0     0        0.1328  1280        0.6202     Cuts: 620    49424   78.58%
*     0+    0                            0.6200        0.1328            78.57%
*     0+    0                            0.6192        0.1328            78.55%
      0     2        0.1328  1280        0.6192        0.1328    49424   78.55%
Elapsed time = 550.17 sec. (49184.19 ticks, tree = 0.02 MB, solutions = 9)
      2     4        0.4969  1192        0.6192        0.1328    50651   78.55%
     13     5        0.5781  1165        0.6192        0.1328    51375   78.55%
     45    19        cutoff              0.6192        0.1328    57809   78.55%
*   118+   23                            0.6190        0.1328            78.54%
    142    32        cutoff              0.6190        0.1328    71585   78.54%
    190    30        0.5567  1189        0.6190        0.1328    76758   78.54%
    283    37        0.4585  1149        0.6190        0.1328    97696   78.54%
    382    46        cutoff              0.6190        0.1328   117716   78.54%
    437    55        0.5934  1087        0.6190        0.1328   126115   78.54%
    716    99        0.5921  1049        0.6190        0.1328   154502   78.54%
   2322   803        0.6112   863        0.6190        0.1330   324297   78.52%
Elapsed time = 601.83 sec. (52383.58 ticks, tree = 4.51 MB, solutions = 10)
   4426  1483        0.6141   690        0.6190        0.1330   452973   78.52%
   6507  2241        0.5789   931        0.6190        0.1330   634901   78.52%
   8418  2048        0.1961  1375        0.6190        0.1330   591427   78.52%
*  8420+ 2337                            0.6164        0.1330            78.43%
*  8420+ 1557                            0.6125        0.1338            78.16%
*  8420+ 1037                            0.5052        0.1338            73.51%
*  8420+  690                            0.5027        0.1340            73.34%
*  8420+  460                            0.5011        0.1340            73.25%
*  8420+  306                            0.4824        0.1340            72.21%
*  8420+  204                            0.4818        0.1340            72.18%
*  8420+  136                            0.4621        0.1341            70.98%
*  8420+   90                            0.4620        0.1342            70.94%
*  8420+   60                            0.4604        0.1342            70.84%
*  8420+   40                            0.4586        0.1342            70.73%
*  8420+   26                            0.4473        0.1342            69.99%
*  8420+   17                            0.4256        0.1345            68.39%
*  8420+   10                            0.4254        0.1345            68.37%
*  8420+    6                            0.4186        0.1345            67.86%
*  8420+    4                            0.4169        0.1345            67.72%
*  8420+    2                            0.4161        0.1345            67.66%
*  8420+    1                            0.4157        0.1345            67.63%
*  8420+    0                            0.4157        0.1345            67.63%
*  8420+    0                            0.4152        0.1346            67.59%
   8420     2        0.1346   998        0.4152        0.1346   907314   67.59%
   8422     3        0.1346   962        0.4152        0.1346   907468   67.59%
   8423     3        0.1346  1030        0.4152        0.1346   913457   67.58%
   8431     3        0.3870   571        0.4152        0.1346   923299   67.58%
   8439     4        0.2755  1040        0.4152        0.1346   931454   67.58%
   8448     8        0.3528   797        0.4152        0.1346   940390   67.58%
*  8455+    6                            0.4130        0.1346            67.40%
*  8457+    6                            0.4129        0.1346            67.40%
*  8502+   12                            0.4129        0.1346            67.39%
*  8569+   14                            0.4129        0.1346            67.39%
   8610    15        0.3529   760        0.4129        0.1346   945468   67.39%
Elapsed time = 1183.85 sec. (126211.92 ticks, tree = 0.02 MB, solutions = 36)
*  8634+   28                            0.4129        0.1346            67.39%
*  8770+   18                            0.4129        0.1349            67.33%
*  8871+   29                            0.4122        0.1349            67.28%
  10153   850        0.3655   601        0.4122        0.1349  1012698   67.28%
* 10951+ 1042                            0.4122        0.1349            67.27%
  13134  2956        0.3729   414        0.4122        0.1349  1077441   67.27%
  14726  5072        0.3699   705        0.4122        0.1349  1165119   67.27%
  17106  6661        0.3559   701        0.4122        0.1349  1241165   67.27%
  20096  9436        0.3536   463        0.4122        0.1349  1330496   67.27%
  23118 11866        0.3987   565        0.4122        0.1357  1399389   67.08%
  25380 14521        0.3376   722        0.4122        0.1357  1494629   67.08%
  28443 16897        0.3297   544        0.4122        0.1407  1582377   65.88%
  30796 18433        0.3969   608        0.4122        0.1407  1627250   65.88%
  33131 20228        0.4015   353        0.4122        0.1407  1680432   65.88%
Elapsed time = 1305.29 sec. (135753.64 ticks, tree = 2407.16 MB, solutions = 39)
Nodefile size = 346.30 MB (322.91 MB after compression)
  34932 22498        0.3212   705        0.4122        0.2757  1741825   33.12%
  36978 23830        0.2775   702        0.4122        0.2757  1785424   33.12%
* 37566+24318                            0.4114        0.2757            32.99%
  39112 25870        0.3927   449        0.4114        0.2757  1860370   32.99%
* 40623+26744                            0.4102        0.2757            32.77%
  41028 27354        0.4069   156        0.4102        0.2757  1900756   32.77%
* 41184+27097                            0.4101        0.2757            32.77%
  42623 28199        0.3967   145        0.4101        0.2757  1955212   32.77%
  44766 30195        0.3620   412        0.4101        0.2757  2020687   32.77%
  46816 31572        0.3867   662        0.4101        0.2757  2060175   32.77%
  48879 33257        0.3823   452        0.4101        0.2757  2117682   32.77%
  50944 35122        0.3714   643        0.4101        0.2757  2163089   32.77%
  52860 37426        0.3755   295        0.4101        0.2757  2216146   32.77%
Elapsed time = 1454.66 sec. (145295.64 ticks, tree = 4539.78 MB, solutions = 42)
Nodefile size = 2483.37 MB (2316.94 MB after compression)
  54681 39412        0.3690   745        0.4101        0.2757  2269493   32.77%
  57073 40775        0.4013   563        0.4101        0.2757  2304883   32.77%
  59040 42528        0.3068   747        0.4101        0.2757  2355199   32.77%
* 60736+43883                            0.4101        0.2757            32.77%
  60794 44151        0.4090   248        0.4101        0.2757  2400151   32.77%
  61257 45231        0.3700   531        0.4101        0.2759  2429251   32.72%
* 62281+44192                            0.4082        0.2766            32.23%
  62715 46862        0.3647   527        0.4082        0.2766  2477079   32.23%
* 64317+46458                            0.4071        0.2770            31.96%
  64487 46956        0.3690   359        0.4071        0.2770  2527064   31.96%
* 64743+44246                            0.4034        0.2770            31.33%
  65821 43990        0.3619   492        0.4034        0.2770  2556558   31.33%
  67654 45734        0.3708   838        0.4034        0.2770  2601355   31.33%
* 68970+45731                            0.3931        0.2772            29.49%
  69682 46470        0.3054   645        0.3931        0.2772  2631383   29.49%
Elapsed time = 1557.90 sec. (154838.74 ticks, tree = 5650.62 MB, solutions = 57)
Nodefile size = 3606.82 MB (3369.34 MB after compression)
  72205 39412        0.3606   444        0.3931        0.2772  2697157   29.49%
  74425 41332        0.3923   551        0.3931        0.2772  2750190   29.49%
  76822 43634        0.2807   711        0.3931        0.2772  2816477   29.49%
  78330 45014        0.3178   582        0.3931        0.2773  2862595   29.45%
  80930 46305        0.2926   683        0.3931        0.2774  2899344   29.43%
  83045 48825        0.3672   383        0.3931        0.2774  2966082   29.43%
  85061 49843        0.3598   519        0.3931        0.2774  2995406   29.43%
  86898 52542        0.3777   520        0.3931        0.2774  3068434   29.43%
  89114 54130        0.3692   537        0.3931        0.2774  3124959   29.43%
  91043 55595        0.3297   592        0.3931        0.2774  3155243   29.43%
Elapsed time = 1667.67 sec. (164379.41 ticks, tree = 6757.29 MB, solutions = 58)
Nodefile size = 4698.16 MB (4392.56 MB after compression)
  92835 56793        0.3665   651        0.3931        0.2774  3186333   29.43%
  95188 59653        0.3891   178        0.3931        0.2774  3271078   29.43%
  97135 61512        0.3326   562        0.3931        0.2774  3316167   29.43%
  99314 63139        0.3779   458        0.3931        0.2774  3363099   29.43%
* 99889+63727                            0.3931        0.2774            29.43%
 101244 64157        0.2794   720        0.3931        0.2774  3381659   29.43%
 102715 65932        0.3290   652        0.3931        0.2774  3428061   29.43%
 105298 68061        0.3331   619        0.3931        0.2775  3488635   29.41%
 107568 70444        0.3851   225        0.3931        0.2775  3554995   29.41%
 109514 71511        0.3587   408        0.3931        0.2775  3585662   29.41%
 111364 73405        0.3234   679        0.3931        0.2775  3638172   29.41%
Elapsed time = 1797.30 sec. (173919.91 ticks, tree = 8980.77 MB, solutions = 59)
Nodefile size = 6914.47 MB (6465.06 MB after compression)
 113539 76439        0.2997   674        0.3931        0.2775  3738029   29.41%
 116135 78263        0.3255   647        0.3931        0.2775  3796364   29.41%
 118210 79095        cutoff              0.3931        0.2775  3817122   29.41%
 120310 82198        0.3611   676        0.3931        0.2775  3911843   29.41%
 122664 83963        0.3632   698        0.3931        0.2775  3955675   29.41%
 124993 85497        0.3893   503        0.3931        0.2775  4004882   29.41%
 127089 86699        0.3648   660        0.3931        0.2775  4041742   29.41%
 128856 88395        0.3915   191        0.3931        0.2775  4079363   29.41%
 131361 90979        0.3583   509        0.3931        0.2775  4160640   29.41%
 134031 92132        0.3644   377        0.3931        0.2775  4189399   29.41%
Elapsed time = 1938.18 sec. (183463.16 ticks, tree = 11307.41 MB, solutions = 59)
Nodefile size = 9231.67 MB (8638.94 MB after compression)
 136122 94204        0.3879   342        0.3931        0.2775  4238679   29.41%
*137048+95505                            0.3920        0.2775            29.22%
 138203 96190        0.3858   547        0.3920        0.2775  4296306   29.22%
*138290+95635                            0.3919        0.2775            29.20%
*139526+96203                            0.3919        0.2775            29.20%
*139650+96652                            0.3919        0.2775            29.20%
 140165 97168        0.3824   297        0.3919        0.2775  4356656   29.20%
 142458 98177        0.3632   557        0.3919        0.2775  4382182   29.20%
 144449 101216        0.3758   416        0.3919        0.2775  4452795   29.20%
 146751 102322        0.3318   637        0.3919        0.2775  4482511   29.20%
 148932 103624        0.3589   612        0.3919        0.2775  4521185   29.20%
 150836 107098        0.3731   428        0.3919        0.2775  4601672   29.20%
 153057 107647        0.3814   325        0.3919        0.2775  4611784   29.20%
 155250 110504        0.3832   326        0.3919        0.2775  4675900   29.20%
Elapsed time = 2053.96 sec. (193004.98 ticks, tree = 13607.10 MB, solutions = 62)
Nodefile size = 11538.34 MB (10790.83 MB after compression)
 157126 111698        cutoff              0.3919        0.2775  4708283   29.20%
 158992 113372        0.3291   593        0.3919        0.2775  4750067   29.20%
 161309 115107        0.3826   406        0.3919        0.2775  4799496   29.20%
 163143 118014        0.3201   674        0.3919        0.2775  4874912   29.20%
 165316 118808        0.3875   191        0.3919        0.2775  4891979   29.20%
*167298+121250                            0.3917        0.2775            29.17%
 167774 120142        0.2802   709        0.3917        0.2775  4921000   29.17%
 169718 123713        0.3738   440        0.3917        0.2775  4994830   29.17%
 171597 125085        0.3812   486        0.3917        0.2775  5033400   29.17%
*171930+124937                            0.3900        0.2775            28.86%
*172171+125206                            0.3900        0.2775            28.86%
 173494 125675        0.3672   519        0.3900        0.2775  5049619   28.86%
 181568 127734        0.3900   739        0.3900        0.2775  5202024   28.86%
Elapsed time = 2210.40 sec. (205407.64 ticks, tree = 15764.08 MB, solutions = 64)
Nodefile size = 13699.48 MB (12807.60 MB after compression)
 189376 136017        0.3893   305        0.3900        0.2775  5401217   28.86%
*192812+137309                            0.3898        0.2775            28.83%
*193627+139416                            0.3897        0.2775            28.80%
*194604+139816                            0.3895        0.2775            28.76%
 196955 140665        0.3509   589        0.3895        0.2775  5551880   28.76%
 205305 148058        0.3537   691        0.3895        0.2775  5752103   28.76%
*212338+155290                            0.3894        0.2775            28.75%
 213015 155075        0.3412   633        0.3894        0.2775  5918431   28.75%
*221363+161885                            0.3894        0.2775            28.74%
 221943 163343        0.3208   638        0.3894        0.2775  6136242   28.74%
*222807+163721                            0.3891        0.2775            28.69%
*223889+163966                            0.3890        0.2775            28.67%
*227459+166962                            0.3886        0.2775            28.60%
 229270 166388        0.3797   453        0.3886        0.2775  6291922   28.60%
 238315 174844        0.3787   494        0.3886        0.2775  6517343   28.60%
 246808 180984        0.3815   320        0.3886        0.2775  6675578   28.60%
 254238 188299        0.3651   551        0.3886        0.2775  6867347   28.60%
 263097 197001        0.3850   386        0.3886        0.2775  7142001   28.60%
Elapsed time = 2804.16 sec. (243557.61 ticks, tree = 24553.25 MB, solutions = 73)
Nodefile size = 22481.45 MB (20982.29 MB after compression)
 271545 205269        0.3572   458        0.3886        0.2775  7386597   28.60%
 280044 211482        0.3194   675        0.3886        0.2775  7555489   28.60%
 288304 219163        0.3791   402        0.3886        0.2775  7770252   28.60%
 295982 226271        0.3415   583        0.3886        0.2775  7947147   28.60%
*298604+228040                            0.3885        0.2775            28.58%
 304548 234939        0.3857   385        0.3885        0.2775  8175849   28.58%
 312086 241125        0.3706   547        0.3885        0.2775  8343696   28.58%
 320606 249609        0.2993   746        0.3885        0.2775  8581884   28.58%
 328030 257310        0.3515   552        0.3885        0.2775  8794879   28.58%
 336953 265047        0.3550   552        0.3885        0.2775  9020534   28.58%
 345183 271848        0.3771   454        0.3885        0.2775  9219701   28.58%
Elapsed time = 3457.10 sec. (281710.18 ticks, tree = 34203.38 MB, solutions = 74)
Nodefile size = 32128.44 MB (29961.37 MB after compression)
 353481 278477        0.3422   593        0.3885        0.2775  9412157   28.58%
 361335 287769        0.3739   476        0.3885        0.2775  9671175   28.58%
 369704 294674        0.3602   422        0.3885        0.2775  9876094   28.58%
 378092 302592        0.3704   536        0.3885        0.2775 10113601   28.58%
 386941 310445        0.3789   470        0.3885        0.2775 10371485   28.58%
 395536 318178        0.3678   374        0.3885        0.2775 10614147   28.58%
*401453+322081                            0.3879        0.2775            28.47%
 404178 322320        0.3843   433        0.3879        0.2775 10839955   28.47%
 414103 332238        0.3635   519        0.3879        0.2775 11151974   28.47%
 422568 338538        0.3867   269        0.3879        0.2775 11331907   28.47%
 431680 348900        0.3853   510        0.3879        0.2775 11662371   28.47%
Elapsed time = 4108.97 sec. (319862.77 ticks, tree = 44165.58 MB, solutions = 75)
Nodefile size = 42099.91 MB (39246.02 MB after compression)
 440438 357116        0.3181   566        0.3879        0.2775 11895843   28.47%
 449692 364625        0.3521   561        0.3879        0.2775 12087260   28.47%
 458297 372138        0.3833   224        0.3879        0.2775 12285109   28.47%
 467313 381131        0.3699   464        0.3879        0.2775 12526726   28.47%
 476115 389163        0.3572   663        0.3879        0.2775 12732967   28.47%
 485708 397579        0.3568   572        0.3879        0.2775 12949613   28.47%
*494285+404193                            0.3875        0.2775            28.39%
 494678 405210        0.3337   513        0.3875        0.2775 13141453   28.39%
 503284 410667        0.3839   358        0.3875        0.2775 13374862   28.39%
 512109 418811        0.3862   328        0.3875        0.2775 13598259   28.39%
 521338 426474        0.3328   546        0.3875        0.2775 13823490   28.39%
Elapsed time = 4746.73 sec. (358013.36 ticks, tree = 54207.55 MB, solutions = 76)
Nodefile size = 52132.18 MB (48587.81 MB after compression)
 530154 434608        cutoff              0.3875        0.2775 14054867   28.39%
 539532 444076        0.3771   365        0.3875        0.2775 14308553   28.39%
*542065+444207                            0.3874        0.2775            28.39%
 547933 450264        0.3835   428        0.3874        0.2775 14484539   28.39%
 557634 459974        0.3827   504        0.3874        0.2775 14747555   28.39%
 566874 468271        0.3706   592        0.3874        0.2775 14967912   28.39%
 575299 476269        0.3416   700        0.3874        0.2775 15191154   28.39%
 584799 484319        0.3631   460        0.3874        0.2775 15406643   28.39%
 594013 493245        0.3380   581        0.3874        0.2775 15662126   28.39%
 602333 500335        0.3373   661        0.3874        0.2775 15852680   28.39%
 612378 508183        0.3685   539        0.3874        0.2775 16077288   28.39%
Elapsed time = 5353.75 sec. (396163.92 ticks, tree = 64781.05 MB, solutions = 77)
Nodefile size = 62689.46 MB (58415.65 MB after compression)
 620953 516949        0.3627   501        0.3874        0.2775 16303863   28.39%
 629986 524862        0.3777   334        0.3874        0.2775 16521487   28.39%
 639042 533412        0.3548   654        0.3874        0.2775 16748551   28.39%
 647573 542619        0.3335   489        0.3874        0.2775 17016779   28.39%
 657255 549948        0.3555   559        0.3874        0.2775 17235317   28.39%
 666155 558390        0.3868   355        0.3874        0.2775 17481037   28.39%
 674555 567594        0.3564   552        0.3874        0.2775 17730637   28.39%
 684431 575765        0.3840   467        0.3874        0.2775 17953792   28.39%
 693047 582734        0.3804   437        0.3874        0.2775 18135456   28.39%
 702130 592781        0.3074   680        0.3874        0.2775 18417954   28.39%
Elapsed time = 5971.42 sec. (434315.06 ticks, tree = 75734.04 MB, solutions = 77)
Nodefile size = 73666.60 MB (68630.11 MB after compression)
 711317 599467        0.3407   568        0.3874        0.2775 18608471   28.39%
 720282 609477        0.3624   407        0.3874        0.2775 18885562   28.39%
 730002 616714    infeasible              0.3874        0.2775 19077299   28.39%
 739068 623943        0.3744   524        0.3874        0.2775 19285061   28.39%
 748179 632287        0.3601   479        0.3874        0.2775 19515301   28.39%
 757421 642151        0.3402   621        0.3874        0.2775 19779006   28.39%
 765768 650183        0.3665   510        0.3874        0.2775 19986021   28.39%
 775435 657364        0.3702   486        0.3874        0.2775 20171274   28.39%
 784389 665933        0.3795   685        0.3874        0.2775 20393198   28.39%
 793564 673837        0.3717   539        0.3874        0.2775 20591871   28.39%
Elapsed time = 6615.65 sec. (472466.60 ticks, tree = 86231.09 MB, solutions = 77)
Nodefile size = 84143.51 MB (78377.00 MB after compression)
 802385 683319        0.3137   683        0.3874        0.2775 20858707   28.39%
 811952 692341        0.3792   506        0.3874        0.2775 21109218   28.39%
 820986 699650        0.3719   524        0.3874        0.2775 21307082   28.39%
 829898 707622        0.3591   535        0.3874        0.2775 21534701   28.39%
 839101 717811        0.3696   446        0.3874        0.2775 21806259   28.39%
 848109 723637        0.3562   528        0.3874        0.2775 21973460   28.39%
 857534 733020        0.3783   427        0.3874        0.2775 22232816   28.39%
 866570 740297        0.3628   715        0.3874        0.2775 22459081   28.39%
 875878 749444        0.3621   483        0.3874        0.2775 22729429   28.39%
 885874 759548        0.3828   335        0.3874        0.2775 23021208   28.38%
Elapsed time = 7311.04 sec. (510619.72 ticks, tree = 97277.15 MB, solutions = 77)
Nodefile size = 95199.03 MB (88675.77 MB after compression)
 895134 766901        0.3640   574        0.3874        0.2775 23295544   28.38%
 904418 776344        0.3656   450        0.3874        0.2775 23609913   28.38%
 913601 785205        0.3737   447        0.3874        0.2775 23865038   28.38%
 923023 792101        0.3862   502        0.3874        0.2775 24063931   28.38%
 931868 801823        0.3812   372        0.3874        0.2775 24343618   28.38%
 941821 809836        0.3814   491        0.3874        0.2775 24601414   28.38%
 950746 817018        0.3673   514        0.3874        0.2775 24776178   28.38%
 959761 824058        0.3840   504        0.3874        0.2775 24975341   28.38%
 968891 834464        0.3642   492        0.3874        0.2775 25277034   28.38%
 978229 842923        0.2958   652        0.3874        0.2775 25510095   28.38%
Elapsed time = 7979.80 sec. (548768.66 ticks, tree = 108083.67 MB, solutions = 77)
Nodefile size = 106010.85 MB (98778.66 MB after compression)
*979164+842819                            0.3874        0.2775            28.37%
 987271 849143        0.3860   399        0.3874        0.2775 25702043   28.37%
 996356 856688        0.3865   273        0.3874        0.2775 25891940   28.37%
 1005706 866649        0.3526   542        0.3874        0.2775 26184781   28.37%
 1014177 874041        0.3515   398        0.3874        0.2775 26382616   28.37%
*1021654+880828                            0.3867        0.2777            28.20%
 1024984 873263        0.3842   489        0.3867        0.2777 26720054   28.20%
 1034181 879535        0.3743   584        0.3867        0.2777 26913212   28.20%
 1043281 889585        0.3863   225        0.3867        0.2777 27218365   28.20%
 1052894 895769        0.3492   487        0.3867        0.2777 27395733   28.20%
 1061508 904471        0.3441   547        0.3867        0.2777 27616835   28.20%
 1070173 913451        0.3571   644        0.3867        0.2777 27869351   28.20%
Elapsed time = 8661.19 sec. (586921.04 ticks, tree = 117205.28 MB, solutions = 79)
Nodefile size = 115127.49 MB (107333.77 MB after compression)
*1072870+916439                            0.3865        0.2777            28.16%
 1078633 916775        0.3712   387        0.3865        0.2777 28110094   28.16%
 1087714 924643        0.3281   646        0.3865        0.2777 28320426   28.16%
 1096497 932337        0.3806   484        0.3865        0.2777 28539745   28.16%
 1105228 940739        0.3830   169        0.3865        0.2777 28774235   28.16%
 1114214 947377        0.3697   485        0.3865        0.2777 28954275   28.16%
 1121879 954372        0.3821   296        0.3865        0.2777 29121729   28.16%
 1130410 962646        0.3313   656        0.3865        0.2777 29357298   28.16%
 1137956 971614        0.3836   235        0.3865        0.2777 29595027   28.16%
 1147563 979009        0.3818   282        0.3865        0.2777 29814488   28.16%
 1155712 986390        0.3713   486        0.3865        0.2777 30014569   28.16%
Elapsed time = 9336.40 sec. (625071.83 ticks, tree = 126707.63 MB, solutions = 80)
Nodefile size = 124629.88 MB (116235.14 MB after compression)
 1164700 993633        0.3828   441        0.3865        0.2777 30214853   28.16%
 1172907 1000113        0.3774   415        0.3865        0.2777 30380504   28.16%
 1181478 1008481        0.3617   332        0.3865        0.2777 30616993   28.16%
 1189859 1017549        0.3624   583        0.3865        0.2777 30885660   28.16%
 1198884 1023633        0.3716   490        0.3865        0.2777 31065018   28.16%
*1203203+1030091                            0.3864        0.2777            28.15%
 1206824 1030870        0.3491   475        0.3864        0.2777 31323332   28.15%
 1215887 1038805        0.3666   443        0.3864        0.2777 31555126   28.15%
 1224546 1045391        0.3388   639        0.3864        0.2777 31735601   28.15%
 1233133 1054975        0.3633   506        0.3864        0.2777 32008091   28.15%
 1241915 1062197        0.3338   626        0.3864        0.2777 32205871   28.15%
Elapsed time = 10014.93 sec. (663221.59 ticks, tree = 136623.49 MB, solutions = 81)
Nodefile size = 134541.16 MB (125512.88 MB after compression)
 1249870 1070450        0.3818   224        0.3864        0.2777 32436015   28.15%
 1259261 1076540        0.3803   274        0.3864        0.2777 32605682   28.15%
 1267655 1084954        0.3862   405        0.3864        0.2777 32846576   28.15%
 1276347 1093674        0.3656   644        0.3864        0.2777 33077713   28.15%
 1285000 1100352        0.3555   611        0.3864        0.2777 33267878   28.15%
 1293544 1109010        0.3810   567        0.3864        0.2777 33517164   28.15%
 1302149 1116468        0.3599   705        0.3864        0.2777 33726883   28.15%
 1310804 1124731        0.3719   433        0.3864        0.2777 33953622   28.15%
 1319118 1133388        0.3395   596        0.3864        0.2777 34192819   28.15%
*1323977+1137943                            0.3861        0.2777            28.08%
 1327976 1140039        0.3569   578        0.3861        0.2777 34381017   28.08%
Elapsed time = 10677.56 sec. (701372.39 ticks, tree = 146799.18 MB, solutions = 81)
Nodefile size = 144707.34 MB (135021.84 MB after compression)
 1336686 1136768        0.3452   578        0.3861        0.2777 34623925   28.08%
 1345962 1144933        0.3785   320        0.3861        0.2777 34854948   28.08%
 1354555 1153053        0.3655   480        0.3861        0.2777 35082690   28.08%
 1362932 1161476        cutoff              0.3861        0.2777 35310155   28.08%
 1371907 1168093        0.3780   346        0.3861        0.2777 35500950   28.08%
 1379713 1177911        0.3734   334        0.3861        0.2777 35781868   28.08%
 1389325 1183387        0.3540   529        0.3861        0.2777 35947168   28.08%
 1397405 1192721        0.3417   587        0.3861        0.2777 36198899   28.08%
 1406933 1201007        0.3537   646        0.3861        0.2777 36442345   28.08%
 1415032 1209733        0.3412   620        0.3861        0.2777 36676378   28.08%
Elapsed time = 11427.60 sec. (739523.33 ticks, tree = 155918.42 MB, solutions = 82)
Nodefile size = 153842.13 MB (143571.55 MB after compression)
 1424461 1216984        0.3699   381        0.3861        0.2777 36881061   28.08%
 1432498 1225298        cutoff              0.3861        0.2777 37117623   28.08%
 1441997 1230967        0.3227   638        0.3861        0.2777 37283105   28.08%
 1450557 1240281        0.3529   617        0.3861        0.2777 37547869   28.08%
 1459795 1247973        0.3067   652        0.3861        0.2777 37776681   28.08%
 1468748 1255261        0.3276   563        0.3861        0.2777 37996507   28.08%
 1477831 1264229        0.3722   568        0.3861        0.2777 38239099   28.08%
 1486197 1271997        0.3573   480        0.3861        0.2777 38461029   28.08%
 1495360 1282956        0.3558   638        0.3861        0.2777 38793510   28.08%
 1504461 1288736        0.3653   483        0.3861        0.2777 38960549   28.08%
Elapsed time = 12167.13 sec. (777674.90 ticks, tree = 166245.76 MB, solutions = 82)
Nodefile size = 164153.81 MB (153212.88 MB after compression)
*1510175+1296352                            0.3860        0.2777            28.07%
 1512866 1296147        0.3843   433        0.3860        0.2777 39170743   28.07%
 1522374 1305454        0.3720   301        0.3860        0.2777 39455648   28.07%
 1530917 1312109        0.3525   567        0.3860        0.2777 39639432   28.07%
 1540451 1320149        0.3853   180        0.3860        0.2777 39860246   28.07%
 1549164 1330767        0.3804   522        0.3860        0.2777 40139059   28.07%
