Model: Diversity_model_3
 - number of variables: 139
   - binary=24, integer=1, continuous=114
 - number of constraints: 215
   - linear=215
 - parameters: defaults
CPXPARAM_Read_DataCheck                          1
CPXPARAM_RandomSeed                              201804051
CPXPARAM_MIP_Strategy_LBHeur                     1
CPXPARAM_TimeLimit                               86400
CPXPARAM_MIP_Tolerances_MIPGap                   0.02
Tried aggregator 3 times.
MIP Presolve eliminated 26 rows and 19 columns.
MIP Presolve modified 84 coefficients.
Aggregator did 19 substitutions.
Reduced MIP has 170 rows, 101 columns, and 435 nonzeros.
Reduced MIP has 18 binaries, 0 generals, 12 SOSs, and 0 indicators.
Presolve time = 0.00 sec. (0.76 ticks)
Probing fixed 0 vars, tightened 17 bounds.
Probing time = 0.00 sec. (0.11 ticks)
Tried aggregator 2 times.
MIP Presolve modified 23 coefficients.
Aggregator did 6 substitutions.
Reduced MIP has 164 rows, 95 columns, and 423 nonzeros.
Reduced MIP has 18 binaries, 0 generals, 12 SOSs, and 0 indicators.
Presolve time = 0.00 sec. (0.38 ticks)
Probing time = 0.00 sec. (0.10 ticks)
Clique table members: 16.
MIP emphasis: balance optimality and feasibility.
MIP search method: dynamic search.
Parallel mode: deterministic, using up to 32 threads.
Root relaxation solution time = 0.01 sec. (0.39 ticks)

        Nodes                                         Cuts/
   Node  Left     Objective  IInf  Best Integer    Best Bound    ItCnt     Gap

      0     0        0.8696     8                      0.8696       56         
      0     0        0.9454    15                    Cuts: 69      125         
*     0+    0                            1.3225        0.9454            28.51%
      0     0        1.0315    15        1.3225      Cuts: 23      147   22.00%
*     0+    0                            1.2804        1.0315            19.44%
      0     0        1.0385    13        1.2804       Cuts: 8      155   18.89%
      0     0        1.0387    14        1.2804       Cuts: 5      159   18.88%
      0     0        1.0387    14        1.2804   Flowcuts: 1      160   18.88%

Implied bound cuts applied:  16
Flow cuts applied:  4
Mixed integer rounding cuts applied:  12
Gomory fractional cuts applied:  9

Root node processing (before b&c):
  Real time             =   82.59 sec. (13.39 ticks)
Parallel b&c, 32 threads:
  Real time             =    0.00 sec. (0.00 ticks)
  Sync time (average)   =    0.00 sec.
  Wait time (average)   =    0.00 sec.
                          ------------
Total (root+branch&cut) =   82.59 sec. (13.39 ticks)
Solution found
