Model: Diversity_model_3
 - number of variables: 3169
   - binary=300, integer=1, continuous=2868
 - number of constraints: 3569
   - linear=3569
 - parameters: defaults
CPXPARAM_Read_DataCheck                          1
CPXPARAM_RandomSeed                              201804051
CPXPARAM_MIP_Strategy_LBHeur                     1
CPXPARAM_TimeLimit                               86400
CPXPARAM_MIP_Tolerances_MIPGap                   0.02
Tried aggregator 2 times.
MIP Presolve eliminated 607 rows and 607 columns.
MIP Presolve modified 300 coefficients.
Aggregator did 600 substitutions.
Reduced MIP has 2362 rows, 1962 columns, and 7831 nonzeros.
Reduced MIP has 300 binaries, 0 generals, 600 SOSs, and 0 indicators.
Presolve time = 0.06 sec. (9.91 ticks)
Probing changed sense of 13 constraints.
Probing time = 0.04 sec. (2.70 ticks)
Tried aggregator 2 times.
MIP Presolve eliminated 13 rows and 0 columns.
Aggregator did 43 substitutions.
Reduced MIP has 2306 rows, 1919 columns, and 7706 nonzeros.
Reduced MIP has 287 binaries, 0 generals, 600 SOSs, and 0 indicators.
Presolve time = 0.09 sec. (8.29 ticks)
Probing changed sense of 4 constraints.
Probing time = 0.02 sec. (2.83 ticks)
Clique table members: 137.
MIP emphasis: balance optimality and feasibility.
MIP search method: dynamic search.
Parallel mode: deterministic, using up to 32 threads.
Root relaxation solution time = 0.37 sec. (45.19 ticks)

        Nodes                                         Cuts/
   Node  Left     Objective  IInf  Best Integer    Best Bound    ItCnt     Gap

      0     0        0.2094   230                      0.2094      825         
*     0+    0                            1.4309        0.2094            85.36%
      0     0        0.2094   209        1.4309     Cuts: 101     1387   85.36%
*     0+    0                            0.4913        0.2094            57.38%
      0     0        0.2094   216        0.4913     Cuts: 202     1610   57.38%
*     0+    0                            0.3317        0.2094            36.86%
      0     0        0.2094   161        0.3317      Cuts: 37     1839   36.86%
      0     0        0.2094   172        0.3317     Cuts: 114     1970   36.86%
*     0+    0                            0.2861        0.2094            26.79%
      0     2        0.2094   104        0.2861        0.2094     1970   26.79%
Elapsed time = 70.19 sec. (653.94 ticks, tree = 0.02 MB, solutions = 4)
*  3448  2453      integral     0        0.2799        0.2094    41968   25.18%
*  3451+ 2424                            0.2775        0.2094            24.54%
   3539  2092        0.2454    41        0.2775        0.2094    46426   24.54%
*  3699+ 2190                            0.2681        0.2094            21.87%
*  3749+ 1708                            0.2463        0.2094            14.98%
   5347  1190        0.2304   113        0.2463        0.2094    63784   14.98%
*  7628+ 1231                            0.2409        0.2094            13.06%
   8425  3850        0.2325    98        0.2409        0.2094   132547   13.06%
* 10815+ 2124                            0.2402        0.2094            12.81%
* 10979+ 5465                            0.2357        0.2094            11.17%
* 11074  3237      integral     0        0.2309        0.2094   174978    9.29%
  11303  2030        0.2094   120        0.2309        0.2094   180963    9.29%
  14954  4066        0.2287    96        0.2309        0.2094   249986    9.29%
* 18443+ 5807                            0.2309        0.2094             9.29%
* 18455+ 5437                            0.2309        0.2094             9.29%
* 18788+ 6146                            0.2309        0.2094             9.29%
* 19393+ 6511                            0.2309        0.2094             9.29%
  19403  6294        0.2260   116        0.2309        0.2094   305798    9.29%
  24851 10126        0.2304   107        0.2309        0.2094   394305    9.29%
* 29595+ 9480                            0.2295        0.2094             8.76%
  29595  9481        0.2094   108        0.2295        0.2094   481318    8.76%
  29752    37        cutoff              0.2295        0.2094   485707    8.76%
* 47597+ 8283                            0.2287        0.2094             8.42%
* 47668+ 9042                            0.2274        0.2115             6.99%
  48180  6655        cutoff              0.2274        0.2115   809356    6.99%
Elapsed time = 327.40 sec. (5589.73 ticks, tree = 9.32 MB, solutions = 85)
* 50419+ 6578                            0.2274        0.2115             6.98%
* 56256+ 7127                            0.2274        0.2116             6.93%
* 56474+ 7217                            0.2273        0.2116             6.92%
* 57509+ 7441                            0.2273        0.2123             6.61%
  58978 11402    infeasible              0.2273        0.2131   969287    6.26%
* 65303+11102                            0.2272        0.2142             5.75%
* 83738+22092                            0.2258        0.2160             4.34%
  91877 21187        0.2164    65        0.2258        0.2161  1354341    4.29%
 119557 33976        0.2244    56        0.2258        0.2161  1637318    4.29%
*126549+22729                            0.2222        0.2161             2.76%
 147434 47803        0.2189    75        0.2222        0.2161  1896637    2.76%
 174950 61041        0.2228    88        0.2222        0.2161  2183830    2.76%
*175580+22729                            0.2221        0.2161             2.72%
*180188+16956                            0.2218        0.2161             2.55%
 201396 72977        0.2195    55        0.2218        0.2161  2461413    2.55%
 229669 88377        0.2223    53        0.2218        0.2161  2804690    2.55%
 248544 86674        0.2192    70        0.2218        0.2161  2967485    2.55%
 273922 98068        cutoff              0.2218        0.2161  3238707    2.55%

Implied bound cuts applied:  3
Flow cuts applied:  10
Mixed integer rounding cuts applied:  5
Gomory fractional cuts applied:  2

Root node processing (before b&c):
  Real time             =   64.12 sec. (656.16 ticks)
Parallel b&c, 32 threads:
  Real time             =  335.19 sec. (14253.21 ticks)
  Sync time (average)   =  170.71 sec.
  Wait time (average)   =    1.02 sec.
                          ------------
Total (root+branch&cut) =  399.30 sec. (14909.37 ticks)
Solution found
