Model: Diversity_model_3
 - number of variables: 5064
   - binary=480, integer=1, continuous=4583
 - number of constraints: 6173
   - linear=6173
 - parameters: defaults
CPXPARAM_Read_DataCheck                          1
CPXPARAM_RandomSeed                              201804051
CPXPARAM_MIP_Strategy_LBHeur                     1
CPXPARAM_TimeLimit                               86400
CPXPARAM_MIP_Tolerances_MIPGap                   0.02
Tried aggregator 2 times.
MIP Presolve eliminated 967 rows and 967 columns.
MIP Presolve modified 480 coefficients.
Aggregator did 960 substitutions.
Reduced MIP has 4246 rows, 3137 columns, and 13476 nonzeros.
Reduced MIP has 480 binaries, 0 generals, 960 SOSs, and 0 indicators.
Presolve time = 0.10 sec. (17.99 ticks)
Probing changed sense of 44 constraints.
Probing time = 0.37 sec. (4.22 ticks)
Tried aggregator 2 times.
MIP Presolve eliminated 44 rows and 0 columns.
Aggregator did 92 substitutions.
Reduced MIP has 4110 rows, 3045 columns, and 13160 nonzeros.
Reduced MIP has 436 binaries, 0 generals, 960 SOSs, and 0 indicators.
Presolve time = 0.07 sec. (15.87 ticks)
Probing changed sense of 4 constraints.
Probing time = 0.43 sec. (4.03 ticks)
Clique table members: 196.
MIP emphasis: balance optimality and feasibility.
MIP search method: dynamic search.
Parallel mode: deterministic, using up to 32 threads.
Root relaxation solution time = 0.70 sec. (112.34 ticks)

        Nodes                                         Cuts/
   Node  Left     Objective  IInf  Best Integer    Best Bound    ItCnt     Gap

      0     0        0.4643   421                      0.4643     1251         
      0     0        0.4643   380                   Cuts: 279     2093         
*     0+    0                            1.5525        0.4643            70.09%
      0     0        0.4643   393        1.5525     Cuts: 407     2524   70.09%
*     0+    0                            1.4866        0.4643            68.77%
      0     0        0.4643   314        1.4866      Cuts: 91     2751   68.77%
      0     0        0.4643   331        1.4866     Cuts: 273     3054   68.77%
*     0+    0                            1.3077        0.4643            64.50%
*     0+    0                            1.2962        0.4643            64.18%
      0     2        0.4643   297        1.2962        0.4643     3054   64.18%
Elapsed time = 18.12 sec. (1515.03 ticks, tree = 0.02 MB, solutions = 4)
   1064   878        1.2835   270        1.2962        0.4643    45311   64.18%
   3088  2374        1.1366   185        1.2962        0.4643   114862   64.18%
*  3357+ 1505                            1.2895        0.4643            64.00%
*  3476+ 1505                            1.2788        0.4643            63.70%
   5126  3516        1.0687   264        1.2788        0.4643   151451   63.70%
   8085  6037        1.1546   154        1.2788        0.4643   199861   63.70%
*  9240+ 6484                            1.2592        0.4643            63.13%
*  9331+ 6251                            1.1802        0.4643            60.66%
   9500  7501        1.2438    37        1.1802        0.4643   220221   60.66%
*  9770+ 6251                            1.1679        0.4643            60.25%
*  9780+ 6427                            1.1450        0.4643            59.45%
* 10151+ 6251                            1.1433        0.4643            59.39%
* 10291+ 6251                            1.1267        0.4643            58.79%
  10361  4236        0.9993   270        1.1267        0.4643   237756   58.79%
* 10436+ 6251                            1.1255        0.4643            58.75%
* 10477+ 6251                            1.1249        0.4643            58.73%
  10561  4385        0.4701   283        1.1249        0.4643   247212   58.73%
* 11013+ 6251                            1.1248        0.4643            58.72%
  11326  4088        0.7088   291        1.1248        0.4643   261169   58.72%
  12739  5175        1.1170   197        1.1248        0.4643   303955   58.72%
* 15913+ 7200                            1.1152        0.4643            58.37%
  19119  8291        0.7795   267        1.1152        0.4643   674164   58.37%
Elapsed time = 105.34 sec. (4616.55 ticks, tree = 203.18 MB, solutions = 61)
* 19664+ 8532                            1.1152        0.4643            58.37%
* 24314+10129                            1.1067        0.4643            58.05%
* 24319+ 9746                            1.0909        0.4643            57.44%
* 24319+ 9814                            1.0478        0.4643            55.69%
  24320 10012        0.9247   272        1.0478        0.4643  1029983   55.69%
* 24321+ 9746                            1.0437        0.4643            55.52%
* 24322+ 3784                            1.0405        0.4691            54.91%
* 24322+ 2522                            1.0397        0.4691            54.88%
  24322  2523        0.4643   245        1.0397        0.7202  1127414   30.73%
  27150  1613        1.0169   145        1.0397        0.7202  1199517   30.73%
  35906  7725    infeasible              1.0397        0.9019  1335619   13.25%
* 40160+ 9241                            1.0320        0.9420             8.72%
* 40810+ 8768                            1.0315        0.9420             8.68%
  46658 11679        1.0010   247        1.0315        0.9420  1511301    8.68%
* 48483+ 8865                            1.0310        0.9420             8.63%
* 49977+ 8768                            1.0293        0.9420             8.48%
* 51146+ 8768                            1.0285        0.9420             8.41%
* 55007+ 9375                            1.0264        0.9420             8.22%
  58145 16166        1.0186   120        1.0264        0.9420  1707997    8.22%
  72717 26163        1.0039   197        1.0264        0.9448  1962196    7.95%
  87594 38198        1.0073   138        1.0264        0.9482  2250943    7.62%
* 93937 43742      integral     0        1.0262        0.9490  2387016    7.53%
* 96691+44947                            1.0240        0.9492             7.31%
*100518 43437      integral     0        1.0237        0.9493  2501853    7.27%
 103650 44326        0.9516   195        1.0237        0.9493  2520830    7.27%
*103671 44602      integral     0        1.0193        0.9493  2527256    6.86%
*108204 41638      integral     0        1.0182        0.9496  2648164    6.74%
*109087+41582                            1.0167        0.9496             6.60%
*109151+41472                            1.0157        0.9496             6.51%
*109309+41312                            1.0152        0.9496             6.46%
*109361+40801                            1.0127        0.9496             6.23%
*109524+40865                            1.0061        0.9501             5.56%
*109709+41071                            1.0047        0.9501             5.43%
 110152 26169        1.0024   174        1.0047        0.9501  2708467    5.43%
Elapsed time = 347.49 sec. (16468.05 ticks, tree = 147.96 MB, solutions = 127)
*110332+37620                            0.9918        0.9501             4.20%
*110507+37534                            0.9870        0.9501             3.74%
*110814+14234                            0.9867        0.9501             3.71%
*110816+15941                            0.9849        0.9501             3.53%
 111194 13405        cutoff              0.9849        0.9501  2725098    3.53%
*111208+37424                            0.9846        0.9501             3.50%
*112434+13531                            0.9800        0.9501             3.05%
*114075+13461                            0.9793        0.9512             2.88%
 114262 14500        0.9818   123        0.9793        0.9513  2809306    2.86%
*114761+12704                            0.9793        0.9513             2.85%
*114823+12672                            0.9792        0.9513             2.85%
 116278 13769        0.9720   166        0.9792        0.9516  2887262    2.82%
 123959 16485        cutoff              0.9792        0.9518  3038742    2.81%
 136887 22302        0.9748   143        0.9792        0.9533  3264564    2.64%
 151182 31979        0.9660   162        0.9792        0.9544  3586090    2.53%
 166332 41003        0.9751   115        0.9792        0.9562  3830842    2.35%
 183348 47784        0.9773   111        0.9792        0.9571  3992438    2.26%
 191250 57987        0.9678   131        0.9792        0.9581  4246714    2.16%
*191276+55288                            0.9791        0.9581             2.15%
*191304+54650                            0.9787        0.9581             2.10%
*191515+53922                            0.9781        0.9581             2.04%
*192124+50592                            0.9779        0.9581             2.03%
*192182+50768                            0.9758        0.9581             1.81%
 192183 54460        0.9607   120        0.9758        0.9581  4250354    1.81%
Elapsed time = 407.23 sec. (26011.60 ticks, tree = 415.26 MB, solutions = 284)
 192198 57051        0.9660   180        0.9758        0.9581  4222628    1.81%

Implied bound cuts applied:  3
Flow cuts applied:  27
Mixed integer rounding cuts applied:  19
Gomory fractional cuts applied:  2

Root node processing (before b&c):
  Real time             =   10.83 sec. (1521.19 ticks)
Parallel b&c, 32 threads:
  Real time             =  396.43 sec. (25643.85 ticks)
  Sync time (average)   =  186.87 sec.
  Wait time (average)   =    0.58 sec.
                          ------------
Total (root+branch&cut) =  407.27 sec. (27165.04 ticks)
Solution found
