Model: Diversity_model_3
 - number of variables: 3895
   - binary=312, integer=1, continuous=3582
 - number of constraints: 4147
   - linear=4147
 - parameters: defaults
CPXPARAM_Read_DataCheck                          1
CPXPARAM_RandomSeed                              201804051
CPXPARAM_MIP_Strategy_LBHeur                     1
CPXPARAM_TimeLimit                               86400
CPXPARAM_MIP_Tolerances_MIPGap                   0.02
Tried aggregator 2 times.
MIP Presolve eliminated 787 rows and 787 columns.
MIP Presolve modified 312 coefficients.
Aggregator did 780 substitutions.
Reduced MIP has 2580 rows, 2328 columns, and 9013 nonzeros.
Reduced MIP has 312 binaries, 0 generals, 780 SOSs, and 0 indicators.
Presolve time = 0.02 sec. (11.34 ticks)
Probing changed sense of 11 constraints.
Probing time = 0.00 sec. (2.77 ticks)
Tried aggregator 2 times.
MIP Presolve eliminated 11 rows and 0 columns.
Aggregator did 37 substitutions.
Reduced MIP has 2532 rows, 2291 columns, and 8906 nonzeros.
Reduced MIP has 301 binaries, 0 generals, 780 SOSs, and 0 indicators.
Presolve time = 0.01 sec. (8.59 ticks)
Probing changed sense of 2 constraints.
Probing time = 0.01 sec. (2.92 ticks)
Clique table members: 145.
MIP emphasis: balance optimality and feasibility.
MIP search method: dynamic search.
Parallel mode: deterministic, using up to 32 threads.
Root relaxation solution time = 0.08 sec. (48.65 ticks)

        Nodes                                         Cuts/
   Node  Left     Objective  IInf  Best Integer    Best Bound    ItCnt     Gap

      0     0        0.2644   291                      0.2644      948         
*     0+    0                            1.4494        0.2644            81.76%
      0     0        0.2644   202        1.4494      Cuts: 57     1585   81.76%
*     0+    0                            0.6079        0.2644            56.51%
      0     0        0.2644   225        0.6079     Cuts: 134     1897   56.51%
      0     0        0.2644   155        0.6079     Cuts: 110     2133   56.51%
*     0+    0                            0.4084        0.2644            35.26%
      0     0        0.2644   165        0.4084     Cuts: 126     2330   35.26%
*     0+    0                            0.3967        0.2644            33.35%
*     0+    0                            0.3924        0.2644            32.63%
      0     2        0.2644    72        0.3924        0.2644     2330   32.63%
Elapsed time = 121.90 sec. (757.30 ticks, tree = 0.02 MB, solutions = 5)
*   130+    5                            0.3924        0.2644            32.61%
*   284+   12                            0.3924        0.2644            32.61%
   2912  1721        0.3225   112        0.3924        0.2644    62870   32.61%
*  2940+ 1654                            0.3761        0.2644            29.69%
*  3130+ 1675                            0.3622        0.2644            26.99%
*  3257+ 1704                            0.3482        0.2644            24.08%
*  3668  1941      integral     0        0.3260        0.2644    79407   18.90%
*  4352  1949      integral     0        0.3246        0.2644    83686   18.56%
*  5715+ 3129                            0.3175        0.2644            16.72%
*  7166  3829      integral     0        0.3168        0.2644   132336   16.55%
   7965  4328        cutoff              0.3168        0.2644   143981   16.55%
*  8668+ 2678                            0.3105        0.2644            14.85%
*  9019+ 3100                            0.3101        0.2644            14.73%
*  9153+ 3133                            0.3095        0.2644            14.57%
*  9305+ 2678                            0.3094        0.2644            14.54%
*  9310+ 3043                            0.3082        0.2644            14.21%
* 10201  6155      integral     0        0.3034        0.2644   184206   12.85%
  10208  6039    infeasible              0.3034        0.2644   181778   12.85%
* 10864+ 4665                            0.2975        0.2644            11.13%
* 11132+ 4665                            0.2889        0.2644             8.48%
* 11153+ 4665                            0.2881        0.2644             8.24%
* 11153+ 4665                            0.2880        0.2644             8.20%
  11153  2941        0.3084     0        0.2880        0.2644   105185    8.20%
* 11220+ 4665                            0.2876        0.2644             8.08%
  12559  4788        0.2956    82        0.2876        0.2644   224479    8.08%
* 14799+ 4665                            0.2866        0.2644             7.74%
* 16139+ 4665                            0.2844        0.2644             7.03%
  16284  7082        0.2750   114        0.2844        0.2644   285940    7.03%
* 16556+ 4665                            0.2841        0.2644             6.94%
* 20053+ 4665                            0.2838        0.2644             6.84%
  22522  7796        0.2897    84        0.2838        0.2644   361350    6.84%
  28991  7759        0.2797    78        0.2838        0.2644   443221    6.84%
* 30081+ 8458                            0.2838        0.2644             6.84%
* 31799+ 7365                            0.2786        0.2644             5.08%
* 31799+ 4909                            0.2753        0.2644             3.94%
  31799  4910        0.2644   104        0.2753        0.2644   512327    3.94%
Elapsed time = 448.26 sec. (5749.74 ticks, tree = 8.79 MB, solutions = 121)
* 34696+  734                            0.2753        0.2644             3.94%
* 34716+ 1204                            0.2747        0.2644             3.74%
* 34718+ 1220                            0.2747        0.2644             3.74%
  36359  2125        0.2731   145        0.2747        0.2644   631332    3.74%
  57488 12877        0.2736    87        0.2747        0.2644  1092441    3.74%
* 66143+11608                            0.2743        0.2644             3.61%
  77866 21500        0.2703   202        0.2743        0.2644  1484606    3.61%
* 81589+19219                            0.2739        0.2644             3.48%
* 85661+19360                            0.2738        0.2644             3.42%
* 92172+25883                            0.2736        0.2644             3.37%
  92172 25885        0.2726   110        0.2736        0.2644  1768145    3.37%
* 92303+26349                            0.2736        0.2644             3.37%
* 92310+26391                            0.2736        0.2644             3.37%
* 92892+26762                            0.2736        0.2644             3.37%
 109324 32566        0.2734   133        0.2736        0.2644  2103648    3.37%
 129982 39467        0.2733   118        0.2736        0.2644  2414873    3.37%
 148518 44689        0.2722    20        0.2736        0.2644  2729266    3.37%
 169372 50332        0.2712   140        0.2736        0.2644  3104404    3.37%
 189923 57477        0.2729    79        0.2736        0.2644  3437736    3.37%
 210903 66243        0.2706    59        0.2736        0.2644  3760622    3.37%
Elapsed time = 697.07 sec. (15374.93 ticks, tree = 129.16 MB, solutions = 155)
*229226+74005                            0.2735        0.2644             3.34%
 229226 74007        0.2698    65        0.2735        0.2644  4034018    3.34%
*229227+74083                            0.2729        0.2644             3.12%
 229247 23224    infeasible              0.2729        0.2644  1620840    3.12%

Implied bound cuts applied:  3
Flow cuts applied:  2
Mixed integer rounding cuts applied:  6
Gomory fractional cuts applied:  1

Root node processing (before b&c):
  Real time             =  110.10 sec. (760.58 ticks)
Parallel b&c, 32 threads:
  Real time             =  657.56 sec. (18685.60 ticks)
  Sync time (average)   =  368.39 sec.
  Wait time (average)   =    1.32 sec.
                          ------------
Total (root+branch&cut) =  767.65 sec. (19446.18 ticks)
Solution found
