Model: Diversity_model_3
 - number of variables: 1029
   - binary=192, integer=1, continuous=836
 - number of constraints: 2411
   - linear=2411
 - parameters: defaults
CPXPARAM_Read_DataCheck                          1
CPXPARAM_RandomSeed                              201804051
CPXPARAM_MIP_Strategy_LBHeur                     1
CPXPARAM_TimeLimit                               86400
CPXPARAM_MIP_Tolerances_MIPGap                   0.02
Tried aggregator 3 times.
MIP Presolve eliminated 152 rows and 103 columns.
MIP Presolve modified 1056 coefficients.
Aggregator did 145 substitutions.
Reduced MIP has 2114 rows, 781 columns, and 5003 nonzeros.
Reduced MIP has 144 binaries, 0 generals, 96 SOSs, and 0 indicators.
Presolve time = 0.02 sec. (8.74 ticks)
Probing fixed 0 vars, tightened 116 bounds.
Probing time = 0.02 sec. (7.33 ticks)
Tried aggregator 2 times.
MIP Presolve modified 249 coefficients.
Aggregator did 48 substitutions.
Reduced MIP has 2066 rows, 733 columns, and 4907 nonzeros.
Reduced MIP has 144 binaries, 0 generals, 96 SOSs, and 0 indicators.
Presolve time = 0.01 sec. (5.05 ticks)
Probing time = 0.01 sec. (3.34 ticks)
Clique table members: 122.
MIP emphasis: balance optimality and feasibility.
MIP search method: dynamic search.
Parallel mode: deterministic, using up to 32 threads.
Root relaxation solution time = 0.03 sec. (13.37 ticks)

        Nodes                                         Cuts/
   Node  Left     Objective  IInf  Best Integer    Best Bound    ItCnt     Gap

      0     0        0.0000   110                      0.0000      448         
*     0+    0                            2.2986        0.0000           100.00%
*     0+    0                            0.5995        0.0000           100.00%
      0     0        0.0608   119        0.5995     Cuts: 583     1032   89.86%

Implied bound cuts applied:  141
Flow cuts applied:  236
Mixed integer rounding cuts applied:  333
Lift and project cuts applied:  30
Gomory fractional cuts applied:  92

Root node processing (before b&c):
  Real time             =  267.77 sec. (204.25 ticks)
Parallel b&c, 32 threads:
  Real time             =    0.00 sec. (0.00 ticks)
  Sync time (average)   =    0.00 sec.
  Wait time (average)   =    0.00 sec.
                          ------------
Total (root+branch&cut) =  267.77 sec. (204.25 ticks)
Solution found
