Model: Diversity_model_3
 - number of variables: 846
   - binary=652, integer=2, continuous=192
 - number of constraints: 1662
   - linear=1662
 - parameters: defaults
CPXPARAM_Read_DataCheck                          1
CPXPARAM_RandomSeed                              201804051
CPXPARAM_MIP_Strategy_LBHeur                     1
CPXPARAM_TimeLimit                               86400
CPXPARAM_MIP_Tolerances_MIPGap                   0.02
Tried aggregator 3 times.
MIP Presolve eliminated 1067 rows and 251 columns.
MIP Presolve modified 260 coefficients.
Aggregator did 595 substitutions.
All rows and columns eliminated.
Presolve time = 0.01 sec. (5.51 ticks)

Root node processing (before b&c):
  Real time             =    0.01 sec. (5.64 ticks)
Parallel b&c, 32 threads:
  Real time             =    0.00 sec. (0.00 ticks)
  Sync time (average)   =    0.00 sec.
  Wait time (average)   =    0.00 sec.
                          ------------
Total (root+branch&cut) =    0.01 sec. (5.64 ticks)
Solution found
