Model: Diversity_model_3
 - number of variables: 1655
   - binary=240, integer=1, continuous=1414
 - number of constraints: 2255
   - linear=2255
 - parameters: defaults
CPXPARAM_Read_DataCheck                          1
CPXPARAM_RandomSeed                              201804051
CPXPARAM_MIP_Strategy_LBHeur                     1
CPXPARAM_TimeLimit                               86400
CPXPARAM_MIP_Tolerances_MIPGap                   0.02
Tried aggregator 2 times.
MIP Presolve eliminated 247 rows and 247 columns.
MIP Presolve modified 240 coefficients.
Aggregator did 240 substitutions.
Reduced MIP has 1768 rows, 1168 columns, and 5053 nonzeros.
Reduced MIP has 240 binaries, 0 generals, 240 SOSs, and 0 indicators.
Presolve time = 0.01 sec. (6.24 ticks)
Probing changed sense of 28 constraints.
Probing time = 0.02 sec. (2.54 ticks)
Tried aggregator 2 times.
MIP Presolve eliminated 28 rows and 0 columns.
Aggregator did 68 substitutions.
Reduced MIP has 1672 rows, 1100 columns, and 4833 nonzeros.
Reduced MIP has 212 binaries, 0 generals, 240 SOSs, and 0 indicators.
Presolve time = 0.04 sec. (5.42 ticks)
Probing changed sense of 10 constraints.
Probing time = 0.02 sec. (2.70 ticks)
Clique table members: 92.
MIP emphasis: balance optimality and feasibility.
MIP search method: dynamic search.
Parallel mode: deterministic, using up to 32 threads.
Root relaxation solution time = 0.07 sec. (15.12 ticks)

        Nodes                                         Cuts/
   Node  Left     Objective  IInf  Best Integer    Best Bound    ItCnt     Gap

      0     0        0.9048   165                      0.9048      519         
      0     0        0.9048   197                   Cuts: 185      912         
*     0+    0                            1.6116        0.9048            43.86%
*     0+    0                            1.2201        0.9048            25.85%
      0     0        0.9048   155        1.2201     Cuts: 138     1073   25.85%
      0     0        0.9048   173        1.2201     Cuts: 206     1246   25.85%
*     0+    0                            1.1228        0.9048            19.42%
      0     2        0.9048   158        1.1228        0.9048     1246   19.42%
Elapsed time = 93.03 sec. (278.94 ticks, tree = 0.02 MB, solutions = 3)
*  3266+  479                            1.1188        0.9512            14.98%
*  3339+  746                            1.1163        0.9512            14.79%
*  3375+  674                            1.1154        0.9512            14.73%
   3562   970        1.0032   110        1.1154        0.9512    39384   14.73%
*  3873+  882                            1.1154        0.9512            14.73%
*  5992  1713      integral     0        1.1122        0.9573    47517   13.92%
*  6418  2251      integral     0        1.0893        0.9573    53378   12.12%
*  9413+ 2738                            1.0664        0.9854             7.60%
   9413  2739        0.9048   135        1.0664        0.9854    77992    7.60%
   9679    76        1.0169    69        1.0664        0.9854    81555    7.60%
   9923   123        1.0464    80        1.0664        1.0386    83536    2.61%

Implied bound cuts applied:  1
Flow cuts applied:  28
Mixed integer rounding cuts applied:  16
Gomory fractional cuts applied:  8

Root node processing (before b&c):
  Real time             =   81.10 sec. (278.29 ticks)
Parallel b&c, 32 threads:
  Real time             =  712.06 sec. (1489.95 ticks)
  Sync time (average)   =  338.09 sec.
  Wait time (average)   =    0.02 sec.
                          ------------
Total (root+branch&cut) =  793.16 sec. (1768.24 ticks)
Solution found
