Model: Diversity_model_3
 - number of variables: 11937
   - binary=11364, integer=2, continuous=571
 - number of constraints: 24814
   - linear=24814
 - parameters: defaults
CPXPARAM_Read_DataCheck                          1
CPXPARAM_RandomSeed                              201804051
CPXPARAM_MIP_Strategy_LBHeur                     1
CPXPARAM_TimeLimit                               86400
CPXPARAM_MIP_Tolerances_MIPGap                   0.02
Tried aggregator 3 times.
MIP Presolve eliminated 15940 rows and 3063 columns.
MIP Presolve modified 800 coefficients.
Aggregator did 8874 substitutions.
All rows and columns eliminated.
Presolve time = 0.65 sec. (115.41 ticks)

Root node processing (before b&c):
  Real time             =    0.66 sec. (117.27 ticks)
Parallel b&c, 32 threads:
  Real time             =    0.00 sec. (0.00 ticks)
  Sync time (average)   =    0.00 sec.
  Wait time (average)   =    0.00 sec.
                          ------------
Total (root+branch&cut) =    0.66 sec. (117.27 ticks)
Solution found
