Filter at 1std, 1count, 1%frequency
STD	Number of positions discarded due to coverage deviation: 609
COUNT	Number of nucleotides discarded due to low count: 218
COUNT	Number of columns discarded due to low leading to empty column: 0
FREQ	Number of nucleotides discarded due to low frequency: 0
FREQ	Number of columns discarded due to low frequency leading to empty column: 0
OUT	Number of variable positions: 37
OUT	Number of invariant positions: 4166
OUT	2 kept strains equivalence classes
Filter at 1std, 1 count, 0.5%frequency
STD	Number of positions discarded due to coverage deviation: 609
COUNT	Number of nucleotides discarded due to low count: 218
COUNT	Number of columns discarded due to low leading to empty column: 0
FREQ	Number of nucleotides discarded due to low frequency: 0
FREQ	Number of columns discarded due to low frequency leading to empty column: 0
OUT	Number of variable positions: 37
OUT	Number of invariant positions: 4166
OUT	2 kept strains equivalence classes
Filter at 2std, 1count, 1%frequency
STD	Number of positions discarded due to coverage deviation: 129
COUNT	Number of nucleotides discarded due to low count: 227
COUNT	Number of columns discarded due to low leading to empty column: 0
FREQ	Number of nucleotides discarded due to low frequency: 0
FREQ	Number of columns discarded due to low frequency leading to empty column: 0
OUT	Number of variable positions: 37
OUT	Number of invariant positions: 4646
OUT	2 kept strains equivalence classes
Filter at 2std, 1 count, 0.5%frequency
STD	Number of positions discarded due to coverage deviation: 129
COUNT	Number of nucleotides discarded due to low count: 227
COUNT	Number of columns discarded due to low leading to empty column: 0
FREQ	Number of nucleotides discarded due to low frequency: 0
FREQ	Number of columns discarded due to low frequency leading to empty column: 0
OUT	Number of variable positions: 37
OUT	Number of invariant positions: 4646
OUT	2 kept strains equivalence classes
