Model: Diversity_model_3
 - number of variables: 601
   - binary=112, integer=1, continuous=488
 - number of constraints: 963
   - linear=963
 - parameters: defaults
CPXPARAM_Read_DataCheck                          1
CPXPARAM_RandomSeed                              201804051
CPXPARAM_MIP_Strategy_LBHeur                     1
CPXPARAM_TimeLimit                               86400
CPXPARAM_MIP_Tolerances_MIPGap                   0.02
Tried aggregator 3 times.
MIP Presolve eliminated 92 rows and 63 columns.
MIP Presolve modified 392 coefficients.
Aggregator did 85 substitutions.
Reduced MIP has 786 rows, 453 columns, and 2019 nonzeros.
Reduced MIP has 84 binaries, 0 generals, 56 SOSs, and 0 indicators.
Presolve time = 0.01 sec. (3.94 ticks)
Probing fixed 0 vars, tightened 81 bounds.
Probing time = 0.02 sec. (1.91 ticks)
Tried aggregator 2 times.
MIP Presolve modified 54 coefficients.
Aggregator did 28 substitutions.
Reduced MIP has 758 rows, 425 columns, and 1963 nonzeros.
Reduced MIP has 84 binaries, 0 generals, 56 SOSs, and 0 indicators.
Presolve time = 0.00 sec. (2.14 ticks)
Probing time = 0.00 sec. (1.77 ticks)
Clique table members: 82.
MIP emphasis: balance optimality and feasibility.
MIP search method: dynamic search.
Parallel mode: deterministic, using up to 32 threads.
Root relaxation solution time = 0.00 sec. (2.98 ticks)

        Nodes                                         Cuts/
   Node  Left     Objective  IInf  Best Integer    Best Bound    ItCnt     Gap

      0     0        0.2652    72                      0.2652      246         
*     0+    0                            0.6142        0.2652            56.82%
      0     0        0.2765    64        0.6142     Cuts: 289      520   54.98%
*     0+    0                            0.5084        0.2765            45.61%
      0     0        0.3132    59        0.5084     Cuts: 101      651   38.41%
*     0+    0                            0.4750        0.3132            34.08%
      0     0        0.3213    59        0.4750      Cuts: 18      682   32.36%
      0     0        0.3216    59        0.4750      Cuts: 21      688   32.31%
*     0+    0                            0.4750        0.3216            32.30%
*     0+    0                            0.4204        0.3216            23.51%

Implied bound cuts applied:  26
Flow cuts applied:  47
Mixed integer rounding cuts applied:  11
Lift and project cuts applied:  3
Gomory fractional cuts applied:  45

Root node processing (before b&c):
  Real time             =  148.89 sec. (82.50 ticks)
Parallel b&c, 32 threads:
  Real time             =    0.00 sec. (0.00 ticks)
  Sync time (average)   =    0.00 sec.
  Wait time (average)   =    0.00 sec.
                          ------------
Total (root+branch&cut) =  148.89 sec. (82.50 ticks)
Solution found
