Model: Diversity_model_3
 - number of variables: 1946
   - binary=368, integer=1, continuous=1577
 - number of constraints: 3501
   - linear=3501
 - parameters: defaults
CPXPARAM_Read_DataCheck                          1
CPXPARAM_RandomSeed                              201804051
CPXPARAM_MIP_Strategy_LBHeur                     1
CPXPARAM_TimeLimit                               86400
CPXPARAM_MIP_Tolerances_MIPGap                   0.02
Tried aggregator 3 times.
MIP Presolve eliminated 283 rows and 191 columns.
MIP Presolve modified 1476 coefficients.
Aggregator did 274 substitutions.
Reduced MIP has 2944 rows, 1481 columns, and 7367 nonzeros.
Reduced MIP has 279 binaries, 0 generals, 184 SOSs, and 0 indicators.
Presolve time = 0.07 sec. (16.43 ticks)
Probing fixed 0 vars, tightened 279 bounds.
Probing time = 0.16 sec. (22.58 ticks)
Tried aggregator 2 times.
MIP Presolve modified 359 coefficients.
Aggregator did 91 substitutions.
Reduced MIP has 2853 rows, 1390 columns, and 7185 nonzeros.
Reduced MIP has 279 binaries, 0 generals, 184 SOSs, and 0 indicators.
Presolve time = 0.05 sec. (9.54 ticks)
Probing time = 0.01 sec. (3.26 ticks)
Cover probing fixed 0 vars, tightened 2 bounds.
Clique table members: 287.
MIP emphasis: balance optimality and feasibility.
MIP search method: dynamic search.
Parallel mode: deterministic, using up to 32 threads.
Root relaxation solution time = 0.20 sec. (41.31 ticks)

        Nodes                                         Cuts/
   Node  Left     Objective  IInf  Best Integer    Best Bound    ItCnt     Gap

      0     0        0.1186   256                      0.1186     1134         
*     0+    0                            0.5985        0.1186            80.19%
      0     0        0.1709   223        0.5985     Cuts: 550     1750   71.44%
*     0+    0                            0.4756        0.1709            64.06%
      0     0        0.2741   190        0.4756     Cuts: 423     2172   42.38%
*     0+    0                            0.4734        0.2741            42.11%
      0     0        0.2758   190        0.4734     Cuts: 257     2242   41.74%
      0     0        0.2762   189        0.4734      Cuts: 11     2262   41.67%
*     0+    0                            0.4336        0.2762            36.30%
      0     2        0.2762   189        0.4336        0.2762     2262   36.30%
Elapsed time = 123.00 sec. (582.21 ticks, tree = 0.02 MB, solutions = 4)
*  3200+ 1684                            0.4240        0.3619            14.65%
*  3200+ 1572                            0.4240        0.3619            14.65%
*  3200+ 1677                            0.4111        0.3619            11.97%
   3200  1677        0.4111     0        0.4111        0.3619    15521   11.97%
*  3204+ 1564                            0.4111        0.3619            11.97%
*  3330+ 1766                            0.4111        0.3619            11.97%
*  8776+ 2850                            0.4100        0.3682            10.21%

Implied bound cuts applied:  10
Flow cuts applied:  194
Mixed integer rounding cuts applied:  300
Lift and project cuts applied:  2
Gomory fractional cuts applied:  95

Root node processing (before b&c):
  Real time             =  112.75 sec. (580.73 ticks)
Parallel b&c, 32 threads:
  Real time             =  151.64 sec. (577.25 ticks)
  Sync time (average)   =   80.78 sec.
  Wait time (average)   =    0.00 sec.
                          ------------
Total (root+branch&cut) =  264.39 sec. (1157.98 ticks)
Solution found
