Model: Diversity_model_3
 - number of variables: 284
   - binary=52, integer=1, continuous=231
 - number of constraints: 401
   - linear=401
 - parameters: defaults
CPXPARAM_Read_DataCheck                          1
CPXPARAM_RandomSeed                              201804051
CPXPARAM_MIP_Strategy_LBHeur                     1
CPXPARAM_TimeLimit                               86400
CPXPARAM_MIP_Tolerances_MIPGap                   0.02
Tried aggregator 3 times.
MIP Presolve eliminated 48 rows and 34 columns.
MIP Presolve modified 156 coefficients.
Aggregator did 40 substitutions.
Reduced MIP has 313 rows, 210 columns, and 832 nonzeros.
Reduced MIP has 39 binaries, 0 generals, 26 SOSs, and 0 indicators.
Presolve time = 0.00 sec. (1.78 ticks)
Probing fixed 0 vars, tightened 39 bounds.
Probing time = 0.00 sec. (0.40 ticks)
Tried aggregator 2 times.
MIP Presolve modified 33 coefficients.
Aggregator did 13 substitutions.
Reduced MIP has 300 rows, 197 columns, and 806 nonzeros.
Reduced MIP has 39 binaries, 0 generals, 26 SOSs, and 0 indicators.
Presolve time = 0.00 sec. (0.89 ticks)
Probing time = 0.00 sec. (0.38 ticks)
Clique table members: 39.
MIP emphasis: balance optimality and feasibility.
MIP search method: dynamic search.
Parallel mode: deterministic, using up to 32 threads.
Root relaxation solution time = 0.00 sec. (0.83 ticks)

        Nodes                                         Cuts/
   Node  Left     Objective  IInf  Best Integer    Best Bound    ItCnt     Gap

      0     0        1.0000    33                      1.0000       92         
*     0+    0                            1.6550        1.0000            39.58%
      0     0        1.0466    25        1.6550      Cuts: 91      182   36.76%
*     0+    0                            1.2810        1.0466            18.30%
      0     0        1.1371    26        1.2810      Cuts: 24      220   11.23%
      0     0        1.1387    26        1.2810    MIRcuts: 2      223   11.10%
      0     0        1.1414    26        1.2810       Cuts: 4      227   10.90%
*     0+    0                            1.2741        1.1414            10.42%
*     0+    0                            1.2638        1.1414             9.68%

Implied bound cuts applied:  13
Flow cuts applied:  1
Mixed integer rounding cuts applied:  15
Lift and project cuts applied:  12
Gomory fractional cuts applied:  5

Root node processing (before b&c):
  Real time             =  247.25 sec. (24.08 ticks)
Parallel b&c, 32 threads:
  Real time             =    0.00 sec. (0.00 ticks)
  Sync time (average)   =    0.00 sec.
  Wait time (average)   =    0.00 sec.
                          ------------
Total (root+branch&cut) =  247.25 sec. (24.08 ticks)
Solution found
