Model: Diversity_model_3
 - number of variables: 1379
   - binary=130, integer=1, continuous=1248
 - number of constraints: 1433
   - linear=1433
 - parameters: defaults
CPXPARAM_Read_DataCheck                          1
CPXPARAM_RandomSeed                              201804051
CPXPARAM_MIP_Strategy_LBHeur                     1
CPXPARAM_TimeLimit                               86400
CPXPARAM_MIP_Tolerances_MIPGap                   0.02
Tried aggregator 2 times.
MIP Presolve eliminated 268 rows and 268 columns.
MIP Presolve modified 130 coefficients.
Aggregator did 260 substitutions.
Reduced MIP has 905 rows, 851 columns, and 3145 nonzeros.
Reduced MIP has 130 binaries, 0 generals, 260 SOSs, and 0 indicators.
Presolve time = 0.01 sec. (3.70 ticks)
Probing changed sense of 13 constraints.
Probing time = 0.00 sec. (0.87 ticks)
Tried aggregator 2 times.
MIP Presolve eliminated 13 rows and 0 columns.
Aggregator did 26 substitutions.
Reduced MIP has 866 rows, 825 columns, and 3054 nonzeros.
Reduced MIP has 117 binaries, 0 generals, 260 SOSs, and 0 indicators.
Presolve time = 0.02 sec. (3.22 ticks)
Probing time = 0.00 sec. (0.71 ticks)
Clique table members: 52.
MIP emphasis: balance optimality and feasibility.
MIP search method: dynamic search.
Parallel mode: deterministic, using up to 32 threads.
Root relaxation solution time = 0.03 sec. (7.18 ticks)

        Nodes                                         Cuts/
   Node  Left     Objective  IInf  Best Integer    Best Bound    ItCnt     Gap

      0     0        1.0000    91                      1.0000      273         
      0     0        1.0000   100                    Cuts: 48      457         
      0     0        1.0000    73                    Cuts: 83      610         
*     0+    0                            1.6550        1.0000            39.58%
*     0+    0                            1.2653        1.0000            20.96%
      0     0        1.0000    85        1.2653      Cuts: 77      705   20.96%
*     0+    0                            1.1501        1.0000            13.05%
      0     2        1.0000    33        1.1501        1.0000      705   13.05%
Elapsed time = 59.79 sec. (148.65 ticks, tree = 0.02 MB, solutions = 3)
*    41+    3                            1.1501        1.0000            13.05%
*   866   554      integral     0        1.1488        1.0000    19831   12.95%
*  1083+  684                            1.1453        1.0000            12.68%
*  1277+  773                            1.1412        1.0000            12.37%
*  1295   890      integral     0        1.1371        1.0000    26123   12.05%
*  1399+  904                            1.0861        1.0000             7.93%
*  1845  1056      integral     0        1.0681        1.0000    30262    6.37%
*  2405+ 1120                            1.0554        1.0000             5.25%
*  2509+ 1109                            1.0542        1.0000             5.14%
*  2756  1288      integral     0        1.0391        1.0000    44095    3.76%
*  4030  1162      integral     0        1.0267        1.0000    60715    2.60%
*  6159+ 1087                            1.0262        1.0000             2.55%
*  6160+ 1298                            1.0257        1.0000             2.51%
   8990  2004        1.0162    23        1.0257        1.0000   127908    2.51%
* 11845+ 2211                            1.0246        1.0000             2.41%
* 12586+ 2279                            1.0218        1.0000             2.14%
  17274  4482        1.0000    44        1.0218        1.0000   281701    2.14%
* 23076+ 3434                            1.0218        1.0000             2.14%
* 23076+ 2289                            1.0214        1.0000             2.10%
* 23076+ 1525                            1.0186        1.0000             1.82%

Flow cuts applied:  4
Mixed integer rounding cuts applied:  2
Gomory fractional cuts applied:  1

Root node processing (before b&c):
  Real time             =   51.86 sec. (148.60 ticks)
Parallel b&c, 32 threads:
  Real time             =  232.23 sec. (1172.87 ticks)
  Sync time (average)   =   80.89 sec.
  Wait time (average)   =    0.00 sec.
                          ------------
Total (root+branch&cut) =  284.09 sec. (1321.47 ticks)
Solution found
