Model: Diversity_model_3
 - number of variables: 15410
   - binary=10824, integer=2, continuous=4584
 - number of constraints: 36074
   - linear=36074
 - parameters: defaults
CPXPARAM_Read_DataCheck                          1
CPXPARAM_RandomSeed                              201804051
CPXPARAM_MIP_Strategy_LBHeur                     1
CPXPARAM_TimeLimit                               86400
CPXPARAM_MIP_Tolerances_MIPGap                   0.02
Tried aggregator 2 times.
MIP Presolve eliminated 974 rows and 968 columns.
MIP Presolve modified 480 coefficients.
Aggregator did 6133 substitutions.
Reduced MIP has 28967 rows, 8309 columns, and 77301 nonzeros.
Reduced MIP has 5652 binaries, 0 generals, 960 SOSs, and 0 indicators.
Presolve time = 1.38 sec. (143.48 ticks)
Probing changed sense of 48 constraints.
Probing time = 1.97 sec. (62.32 ticks)
Tried aggregator 2 times.
MIP Presolve eliminated 4007 rows and 429 columns.
Aggregator did 96 substitutions.
Reduced MIP has 24864 rows, 7784 columns, and 65946 nonzeros.
Reduced MIP has 5175 binaries, 0 generals, 960 SOSs, and 0 indicators.
Presolve time = 1.64 sec. (171.17 ticks)
Probing time = 1.36 sec. (55.32 ticks)
Clique table members: 40807.
MIP emphasis: balance optimality and feasibility.
MIP search method: dynamic search.
Parallel mode: deterministic, using up to 32 threads.
Root relaxation solution time = 7.04 sec. (289.00 ticks)

        Nodes                                         Cuts/
   Node  Left     Objective  IInf  Best Integer    Best Bound    ItCnt     Gap

      0     0        0.4643  2163                      0.4643     4014         
      0     0        0.4756  1440                  Cuts: 4039     8327         
*     0+    0                            2.5682        0.4756            81.48%
*     0+    0                            1.7529        0.4756            72.87%
      0     0        0.4823  1915        1.7529    Cuts: 2983    11670   72.48%
*     0+    0                            1.7271        0.4823            72.07%
      0     0        0.4833  2054        1.7271    Cuts: 2215    13790   72.02%
*     0+    0                            1.7259        0.4833            72.00%
*     0+    0                            1.5817        0.4833            69.44%
      0     0        0.4847  2117        1.5817    Cuts: 2321    17674   69.36%
*     0+    0                            1.5318        0.4847            68.36%
      0     0        0.4859  2063        1.5318     Cuts: 920    19538   68.28%
*     0+    0                            1.5295        0.4859            68.23%
*     0+    0                            1.5260        0.4859            68.16%
*     0+    0                            1.5248        0.4859            68.13%

Repeating presolve.
Tried aggregator 2 times.
MIP Presolve eliminated 16529 rows and 4091 columns.
Aggregator did 48 substitutions.
Reduced MIP has 8287 rows, 3645 columns, and 24718 nonzeros.
Reduced MIP has 1084 binaries, 0 generals, 960 SOSs, and 0 indicators.
Presolve time = 0.25 sec. (52.90 ticks)
Probing time = 0.35 sec. (8.93 ticks)
Tried aggregator 1 time.
MIP Presolve eliminated 344 rows and 56 columns.
Reduced MIP has 7943 rows, 3589 columns, and 23798 nonzeros.
Reduced MIP has 1028 binaries, 0 generals, 960 SOSs, and 0 indicators.
Presolve time = 0.12 sec. (25.42 ticks)
Probing time = 0.28 sec. (6.92 ticks)
Tried aggregator 1 time.
MIP Presolve eliminated 12 rows and 2 columns.
Reduced MIP has 7931 rows, 3587 columns, and 23766 nonzeros.
Reduced MIP has 1026 binaries, 0 generals, 960 SOSs, and 0 indicators.
Presolve time = 0.13 sec. (29.00 ticks)
Represolve time = 1.79 sec. (421.31 ticks)
Probing time = 0.27 sec. (3.94 ticks)
Clique table members: 12814.
MIP emphasis: balance optimality and feasibility.
MIP search method: dynamic search.
Parallel mode: deterministic, using up to 32 threads.
Root relaxation solution time = 6.42 sec. (341.17 ticks)

        Nodes                                         Cuts/
   Node  Left     Objective  IInf  Best Integer    Best Bound    ItCnt     Gap

*     0+    0                            1.5248        0.4859            68.13%
      0     0        0.4860   749        1.5248        0.4860    25143   68.13%
*     0+    0                            1.5237        0.4860            68.10%
      0     0        0.4888   746        1.5237    Cuts: 1139    27218   67.92%
      0     0        0.4895   711        1.5237     Cuts: 277    28699   67.88%
      0     0        0.4899   726        1.5237     Cuts: 487    30340   67.84%
      0     0        0.4902   735        1.5237     Cuts: 454    32054   67.83%
      0     0        0.4905   726        1.5237     Cuts: 205    32817   67.81%
      0     0        0.4905   736        1.5237     Cuts: 133    32978   67.81%
      0     0        0.4905   568        1.5237      Cuts: 31    33103   67.81%
      0     0        0.4905   602        1.5237     Cuts: 253    33606   67.81%
*     0+    0                            1.5179        0.4905            67.69%
*     0+    0                            1.5156        0.4905            67.64%
      0     2        0.4905   540        1.5156        0.4905    33606   67.64%
Elapsed time = 148.85 sec. (20026.30 ticks, tree = 0.02 MB, solutions = 12)
      1     3        0.4905   569        1.5156        0.4905    34720   67.64%
      2     4        0.4905   584        1.5156        0.4905    36285   67.64%
      5     4        0.4905   600        1.5156        0.4905    36090   67.64%
     16    15        0.7402   470        1.5156        0.4905    49310   67.64%
    144    49        1.4844   404        1.5156        0.4905    62055   67.64%
    428   290        1.3274   295        1.5156        0.4905   118074   67.64%
*   669+  273                            1.5144        0.4905            67.61%
    710   551        1.3968   298        1.5144        0.4905   169765   67.61%
*   900+  481                            1.5132        0.4905            67.59%
   1082   780        1.2631   346        1.5132        0.4905   209109   67.59%
   1532  1101        1.3169   264        1.5132        0.4905   254043   67.59%
*  1655+ 1205                            1.5053        0.4905            67.42%
   2722  1990        0.5864   653        1.5053        0.4905   376201   67.42%
Elapsed time = 180.00 sec. (23374.61 ticks, tree = 25.47 MB, solutions = 18)
*  2972+ 2016                            1.3950        0.4905            64.84%
*  3346+ 1688                            1.3650        0.4905            64.07%
*  3366+ 1688                            1.3630        0.4905            64.01%
*  3515+ 1817                            1.2913        0.4905            62.02%
*  3746+ 1431                            1.2911        0.4905            62.01%
   4402  1585        1.1979   120        1.2911        0.4905   480402   62.01%
*  4681  1818      integral     0        1.2697        0.4905   510685   61.37%
   6918  3129        1.2062   453        1.2697        0.4905   655846   61.37%
*  7136+ 2805                            1.1938        0.4905            58.91%
*  7287+ 3120                            1.1935        0.4905            58.90%
*  7359+ 3120                            1.1909        0.4905            58.81%
*  7454+ 2805                            1.1901        0.4905            58.79%
*  7877+ 2805                            1.1896        0.4905            58.77%
   8372  3101        1.0008   427        1.1896        0.4905   781200   58.77%
*  8374+ 3580                            1.1890        0.4905            58.75%
*  8393+ 2805                            1.1888        0.4905            58.74%
*  8400+ 2805                            1.1879        0.4905            58.71%
*  8464+ 3223                            1.1533        0.4905            57.47%
*  8879+ 3156                            1.1423        0.4905            57.06%
   9459  3521        1.1237   401        1.1423        0.4905   875440   57.06%
*  9604+ 3156                            1.1421        0.4905            57.05%
* 10095+ 3355                            1.1407        0.4905            57.00%
* 10335+ 3355                            1.1375        0.4911            56.83%
* 10337+ 3280                            1.1335        0.4911            56.67%
  10437  3996        1.1214   348        1.1335        0.4911   956937   56.67%
* 10540+ 3913                            1.1318        0.4911            56.61%
  11620  4674        1.0793   386        1.1318        0.4911  1036266   56.61%
* 11976+ 4488                            1.1318        0.4911            56.61%
* 12356+ 3156                            1.1314        0.4911            56.60%
* 12402+ 3156                            1.1208        0.4911            56.19%
* 12836+ 4821                            1.1155        0.4941            55.71%
* 12844+ 4865                            1.1153        0.4941            55.70%
  12870  5178        1.0021   432        1.1153        0.4941  1155529   55.70%
* 12876+ 4885                            1.1140        0.4941            55.65%
  13085  5150        0.4906   496        1.1140        0.6101  1218762   45.23%
  13088  5152        0.6303   650        1.1140        0.6101  1220204   45.23%
  13118   185        0.9528   489        1.1140        0.6101  1227049   45.23%
Elapsed time = 377.85 sec. (45115.26 ticks, tree = 8.48 MB, solutions = 174)
  13575   114        1.1014   458        1.1140        0.6489  1300618   41.75%
  14237   625        1.1008   460        1.1140        0.6489  1436982   41.75%
  15870  1123        1.1128   374        1.1140        0.6489  1511460   41.75%
  16781  2102        1.1096   451        1.1140        0.6489  1637651   41.75%
  18071  2667        1.0921   342        1.1140        0.9128  1727935   18.06%
  19544  4146        1.1118   357        1.1140        0.9128  1919692   18.06%
  21415  4691        1.0831   364        1.1140        0.9659  1987608   13.30%
  23698  6725        1.0752   353        1.1140        0.9687  2157322   13.04%
  25954  8711        1.0662   384        1.1140        0.9687  2307755   13.04%
  30627 11729        1.0761   387        1.1140        0.9687  2451569   13.04%
Elapsed time = 455.67 sec. (54657.11 ticks, tree = 734.48 MB, solutions = 174)
  35550 14912        1.0959   430        1.1140        0.9688  2588899   13.04%
  40283 19173        1.1095   279        1.1140        0.9689  2746181   13.02%
  46302 24621        1.1048   304        1.1140        0.9691  2916536   13.01%
  52044 29865        0.9764   526        1.1140        0.9713  3084887   12.81%
  57211 32027        1.0737   306        1.1140        0.9750  3155044   12.48%
  60143 35031        1.0960   289        1.1140        0.9750  3238723   12.48%
  63228 36660        1.0538   420        1.1140        0.9750  3290322   12.48%
  66023 39428        1.1024    57        1.1140        0.9750  3370519   12.48%
* 66478+40917                            1.1140        0.9750            12.48%
  66589 41394        1.1013   274        1.1140        0.9750  3430016   12.48%
* 68358+39867                            1.1127        0.9752            12.36%
  69626 43364        cutoff              1.1127        0.9765  3477714   12.24%
Elapsed time = 657.04 sec. (64195.95 ticks, tree = 2915.84 MB, solutions = 176)
Nodefile size = 858.17 MB (765.56 MB after compression)
* 70725+42564                            1.1107        0.9777            11.97%
* 71741+42964                            1.1107        0.9783            11.92%
  73268 41525        0.9800   523        1.1107        0.9783  3541828   11.92%
* 74842+42558                            1.1103        0.9783            11.89%
* 76590+43637                            1.1100        0.9786            11.84%
* 76710+43844                            1.1100        0.9786            11.84%
  76855 44240        1.0456   413        1.1100        0.9786  3644826   11.84%
* 77225+44258                            1.1094        0.9786            11.79%
  80562 45608        cutoff              1.1094        0.9787  3721057   11.77%
  83356 48205        1.1066   274        1.1094        0.9787  3824095   11.77%
  86631 50047        cutoff              1.1094        0.9787  3880535   11.77%
* 87582+49708                            1.1093        0.9787            11.77%
  89848 52142        1.0801   122        1.1093        0.9787  3963205   11.77%
* 91087+53662                            1.1093        0.9787            11.77%
  92311 54393        1.0306   397        1.1093        0.9787  4046752   11.77%
  94913 57652        1.0429   431        1.1093        0.9787  4174780   11.77%
  98907 59647        1.1090   403        1.1093        0.9787  4236684   11.77%
*100542 60540      integral     0        1.1037        0.9787  4263527   11.32%
Elapsed time = 817.51 sec. (73192.59 ticks, tree = 4010.96 MB, solutions = 184)
Nodefile size = 1946.38 MB (1737.65 MB after compression)
 103141 62572        1.0729   193        1.1037        0.9787  4321630   11.32%
 105617 64877        1.0756   356        1.1037        0.9787  4389008   11.32%
 108020 67345        1.0335   302        1.1037        0.9787  4454007   11.32%
 110698 69692        1.0837   278        1.1037        0.9787  4514342   11.32%
 113071 71216        1.0986   236        1.1037        0.9787  4566505   11.32%
 115955 74013        1.0149   344        1.1037        0.9787  4637341   11.32%
 118502 75759        1.0177   362        1.1037        0.9787  4686923   11.32%
 120400 77281        1.0022   440        1.1037        0.9787  4747177   11.32%
*124092+70648                            1.1025        0.9787            11.22%
 124297 70456        1.0390   376        1.1025        0.9787  4801305   11.22%
*126061+70904                            1.1001        0.9787            11.03%
*126708+71100                            1.0957        0.9787            10.67%
*126861+71100                            1.0951        0.9787            10.63%
 127124 70963        1.1015   254        1.0951        0.9787  4891872   10.63%
Elapsed time = 977.32 sec. (82732.35 ticks, tree = 4701.80 MB, solutions = 189)
Nodefile size = 2643.63 MB (2363.07 MB after compression)
*128725+61068                            1.0951        0.9787            10.62%
 129286 62469        1.0681   343        1.0951        0.9787  4979169   10.62%
*129375+61665                            1.0943        0.9787            10.56%
*131380+61944                            1.0930        0.9799            10.34%
 133740 62507        1.0865   363        1.0930        0.9799  5032854   10.34%
*136602+63104                            1.0920        0.9799            10.27%
 137075 62937        cutoff              1.0920        0.9799  5111304   10.27%
 139517 64585        1.0817   328        1.0920        0.9799  5224269   10.27%
*141476+65128                            1.0913        0.9799            10.21%
 143379 67381        1.0479   326        1.0913        0.9799  5330008   10.21%
*144134+67035                            1.0913        0.9799            10.21%
 146068 67660        1.0757   249        1.0913        0.9799  5366189   10.21%
*148231+69421                            1.0908        0.9799            10.16%
 148451 69540        cutoff              1.0908        0.9799  5419989   10.16%
 151467 71049        1.0814   468        1.0908        0.9799  5490816   10.16%
*154803+74356                            1.0901        0.9799            10.11%
 155482 73890        0.9856   396        1.0901        0.9799  5591244   10.11%
 158413 74941        1.0787   307        1.0901        0.9799  5667368   10.11%
Elapsed time = 1115.11 sec. (92271.60 ticks, tree = 4930.83 MB, solutions = 211)
Nodefile size = 2871.96 MB (2578.92 MB after compression)
 161751 77034        1.0434   331        1.0901        0.9799  5731838   10.11%
 164228 79940        1.0611   166        1.0901        0.9799  5818387   10.11%
 167208 81531        1.0456   394        1.0901        0.9799  5866264   10.11%
 169326 84855        cutoff              1.0901        0.9799  5965752   10.11%
 172857 86522        1.0579   331        1.0901        0.9799  6016927   10.11%
 176096 87808        1.0085   375        1.0901        0.9799  6057087   10.11%
 179034 91493        1.0514   356        1.0901        0.9799  6162288   10.11%
 181439 92513        1.0652   240        1.0901        0.9799  6187735   10.11%
 184052 95007        1.0027   372        1.0901        0.9799  6255799   10.11%
*184157+95717                            1.0854        0.9799             9.72%
 186508 97499        1.0375   379        1.0854        0.9799  6328806    9.72%
Elapsed time = 1231.51 sec. (101811.07 ticks, tree = 6472.73 MB, solutions = 211)
Nodefile size = 4412.78 MB (3961.76 MB after compression)
 189309 99276        1.0196   444        1.0854        0.9799  6379441    9.72%
 191678 102284        1.0184   453        1.0854        0.9799  6465391    9.72%
*193474+91874                            1.0844        0.9799             9.63%
 194507 103193        1.0844   181        1.0844        0.9799  6487336    9.63%
 198849 91619        1.0024   366        1.0844        0.9799  6580167    9.63%
 200806 94862        1.0343   429        1.0844        0.9799  6699594    9.63%
 203824 96087        1.0767   361        1.0844        0.9799  6746804    9.63%
 207907 99859        1.0768   328        1.0844        0.9799  6885083    9.63%
 210690 102293        1.0449   327        1.0844        0.9799  6967862    9.63%
 213875 103588        1.0809   224        1.0844        0.9799  7011017    9.63%
*214745+104750                            1.0842        0.9799             9.62%
 216729 105306        1.0318   471        1.0842        0.9799  7062440    9.62%
Elapsed time = 1351.27 sec. (111350.52 ticks, tree = 6993.41 MB, solutions = 214)
Nodefile size = 4924.69 MB (4428.52 MB after compression)
 218935 108034        1.0751   281        1.0842        0.9799  7151369    9.62%
 221751 109651        1.0738   192        1.0842        0.9799  7191691    9.62%
*222284+109827                            1.0809        0.9799             9.35%
 224334 111517        1.0607   398        1.0809        0.9799  7253201    9.35%
 227388 104703        1.0638   307        1.0809        0.9799  7362887    9.35%
 230498 105455        1.0688   322        1.0809        0.9799  7383160    9.35%
*232659+107191                            1.0804        0.9799             9.30%
 233072 107703        1.0304   310        1.0804        0.9799  7448042    9.30%
*234922 109107      integral     0        1.0752        0.9799  7487218    8.86%
*235660 95851      integral     0        1.0738        0.9799  7550848    8.74%
 236889 109444        0.9880   400        1.0738        0.9799  7540294    8.74%
*237788+94127                            1.0657        0.9799             8.05%
 238820 94823        1.0078   402        1.0657        0.9799  7638870    8.05%
 252980 84629        1.0249   381        1.0657        0.9821  7949123    7.84%
Elapsed time = 1559.97 sec. (123532.99 ticks, tree = 5558.62 MB, solutions = 231)
Nodefile size = 3495.59 MB (3152.42 MB after compression)
 264570 94550        1.0624   294        1.0657        0.9821  8272739    7.84%
*273709+101182                            1.0650        0.9821             7.79%
 277094 104288        1.0215   332        1.0650        0.9821  8590302    7.79%
*277160+104510                            1.0645        0.9821             7.75%
*277186+104510                            1.0643        0.9821             7.72%
*277217+104510                            1.0639        0.9821             7.69%
*278946+102174                            1.0637        0.9821             7.68%
*280725+102411                            1.0629        0.9821             7.60%
*287412+106707                            1.0605        0.9821             7.39%
 290022 101434        1.0581   378        1.0605        0.9821  8915344    7.39%
*290023+100439                            1.0588        0.9821             7.24%
*293675+98572                            1.0585        0.9821             7.22%
*295453+100232                            1.0584        0.9821             7.21%
 303073 104989        1.0371   384        1.0584        0.9821  9210593    7.21%
*304991+106223                            1.0582        0.9821             7.19%
*304995+105963                            1.0578        0.9821             7.16%
 316228 113432        1.0527   326        1.0578        0.9821  9516725    7.16%
 328408 122801        1.0070   352        1.0578        0.9821  9788103    7.16%
 340659 132250        1.0538   271        1.0578        0.9821 10060430    7.16%
*341982+132722                            1.0504        0.9821             6.51%
*345085+109273                            1.0500        0.9821             6.47%
 352905 114125        1.0451   279        1.0500        0.9821 10315100    6.47%
 366121 123726        1.0389   304        1.0500        0.9821 10591561    6.47%
 377510 133955        1.0326   386        1.0500        0.9821 10890378    6.47%
Elapsed time = 2160.41 sec. (161681.86 ticks, tree = 8963.94 MB, solutions = 246)
Nodefile size = 6905.63 MB (6230.65 MB after compression)
 393328 143549        1.0025   391        1.0500        0.9824 11244302    6.44%
 404764 153705        1.0117   302        1.0500        0.9824 11538844    6.44%
*405378+154118                            1.0494        0.9824             6.39%
 416484 160135        1.0301   403        1.0494        0.9824 11800509    6.39%
 428217 168424        1.0308   302        1.0494        0.9824 12067351    6.39%
 440656 178339        1.0395   427        1.0494        0.9824 12416389    6.39%
 452799 187511        1.0407   345        1.0494        0.9824 12772176    6.39%
 465236 194824        1.0231   343        1.0494        0.9824 13007819    6.39%
*465271 195131      integral     0        1.0491        0.9824 13018781    6.36%
*467190+195903                            1.0365        0.9824             5.22%
*471763+131695                            1.0357        0.9824             5.15%
*475326+130784                            1.0343        0.9824             5.02%
*475890+130722                            1.0343        0.9824             5.02%
 478925 125760        1.0238   204        1.0343        0.9824 13361109    5.02%
 491984 134829        1.0116   377        1.0343        0.9824 13719108    5.02%
*501134+140462                            1.0334        0.9881             4.39%
 506989 139723        1.0327   377        1.0334        0.9881 14148614    4.39%
Elapsed time = 2682.59 sec. (199831.12 ticks, tree = 9339.54 MB, solutions = 254)
Nodefile size = 7278.06 MB (6587.91 MB after compression)
 521312 149015        0.9996   358        1.0334        0.9881 14531942    4.39%
*525301+151228                            1.0292        0.9881             3.99%
*526716+129288                            1.0257        0.9881             3.67%
*527409+129854                            1.0257        0.9881             3.67%
 536736 117402        1.0217   253        1.0257        0.9929 14999004    3.20%
*542877+121135                            1.0256        0.9929             3.19%
 552147 125332        cutoff              1.0256        0.9938 15397069    3.10%
*553661+125841                            1.0249        0.9938             3.03%
 564813 132199        1.0134   231        1.0249        0.9951 15968152    2.90%
*565847+132123                            1.0248        0.9951             2.90%
*567215+132312                            1.0247        0.9951             2.89%
*572850+135142                            1.0244        0.9957             2.80%
*574504+134310                            1.0236        0.9958             2.72%
 578156 132265        1.0228   371        1.0236        0.9959 16403645    2.71%
 594695 140652        1.0103   255        1.0236        0.9962 16850798    2.68%
 611055 148759        1.0137   271        1.0236        0.9964 17255243    2.66%
 624595 157439        1.0218   283        1.0236        0.9965 17629305    2.65%
 641915 167494        cutoff              1.0236        0.9965 18090287    2.65%
 656261 177536        1.0040   330        1.0236        0.9965 18508614    2.65%
Elapsed time = 3109.85 sec. (237978.84 ticks, tree = 11959.36 MB, solutions = 263)
Nodefile size = 9899.03 MB (8949.21 MB after compression)
 671053 186208        1.0146   280        1.0236        0.9965 18855397    2.65%
 688499 196354        1.0022   324        1.0236        0.9969 19325726    2.61%
 703512 207435        1.0208   213        1.0236        0.9969 19783913    2.61%
 723472 215995        cutoff              1.0236        0.9978 20232422    2.52%
 738383 227261        1.0100   296        1.0236        0.9981 20797942    2.50%
 754791 237089        1.0228   243        1.0236        0.9984 21307959    2.46%
 772278 244640        0.9988   395        1.0236        0.9985 21755783    2.45%
*785853+251662                            1.0236        0.9987             2.43%
 788282 254019        1.0113   400        1.0236        0.9987 22295670    2.43%
*800057+261511                            1.0231        0.9989             2.37%
 802634 260106        1.0224   273        1.0231        0.9989 22766386    2.37%
 820255 269716        1.0194   250        1.0231        0.9990 23243376    2.35%
Elapsed time = 3677.43 sec. (276128.80 ticks, tree = 18386.21 MB, solutions = 265)
Nodefile size = 16323.48 MB (14743.86 MB after compression)
 837186 279319        1.0061   324        1.0231        0.9991 23783180    2.35%
 856011 289326        cutoff              1.0231        0.9993 24359300    2.33%
 870231 298138        1.0178   317        1.0231        0.9995 24843593    2.31%
 888978 307425        1.0101   289        1.0231        0.9995 25295075    2.31%
 906580 316778        1.0013   375        1.0231        0.9997 25803232    2.29%
 921284 326996        1.0185   265        1.0231        0.9999 26337218    2.27%
 939055 335736        1.0075   255        1.0231        0.9999 26753072    2.27%
 958153 345659        1.0110   461        1.0231        1.0000 27287198    2.26%
 974918 356318        1.0176   341        1.0231        1.0002 27869104    2.24%
 991604 365139        1.0040   367        1.0231        1.0003 28325640    2.23%
Elapsed time = 4094.04 sec. (314279.14 ticks, tree = 25088.97 MB, solutions = 265)
Nodefile size = 23023.15 MB (20813.29 MB after compression)
 1009227 375574        1.0185   252        1.0231        1.0003 28821118    2.23%
 1027612 384041        1.0197   204        1.0231        1.0005 29282125    2.22%
 1042526 395261        1.0116   272        1.0231        1.0006 29834701    2.20%
 1061835 404667        1.0190   324        1.0231        1.0006 30309707    2.20%
 1077902 413354        cutoff              1.0231        1.0008 30769499    2.19%
 1092826 424688        1.0205   266        1.0231        1.0009 31333511    2.17%
 1111637 433558        1.0171   241        1.0231        1.0009 31849635    2.17%
 1128681 442141        1.0186   400        1.0231        1.0010 32353621    2.16%
 1143506 452448        1.0196   289        1.0231        1.0011 32876048    2.15%
 1161428 460918        1.0124   358        1.0231        1.0011 33416881    2.15%
Elapsed time = 4442.64 sec. (352428.99 ticks, tree = 31856.27 MB, solutions = 265)
Nodefile size = 29790.22 MB (26958.47 MB after compression)
 1177134 470256        1.0056   296        1.0231        1.0013 33960359    2.14%
 1194414 479169        1.0225   344        1.0231        1.0013 34461013    2.14%
 1209929 490062        1.0036   306        1.0231        1.0014 35078059    2.12%
 1225611 499502        cutoff              1.0231        1.0015 35600885    2.12%
 1243292 510254        1.0206   343        1.0231        1.0015 36236072    2.11%
 1258007 517501        1.0134   342        1.0231        1.0016 36715655    2.10%
 1274767 529046    infeasible              1.0231        1.0017 37371299    2.10%
 1291423 536511        1.0200   281        1.0231        1.0017 37841515    2.09%
 1306143 546270        1.0027   408        1.0231        1.0018 38470883    2.08%
 1322271 556562        cutoff              1.0231        1.0018 39059633    2.08%
Elapsed time = 4808.23 sec. (390578.81 ticks, tree = 38726.97 MB, solutions = 265)
Nodefile size = 36663.08 MB (33231.29 MB after compression)
 1338760 563900        1.0225   345        1.0231        1.0019 39525402    2.07%
 1354251 575782        1.0170   356        1.0231        1.0020 40224326    2.07%
 1372156 584102        1.0046   446        1.0231        1.0020 40695030    2.07%
 1386419 594201        1.0091   266        1.0231        1.0021 41330458    2.06%
 1404014 601983        1.0093   430        1.0231        1.0021 41752169    2.06%
 1417623 611002        1.0133   369        1.0231        1.0022 42250638    2.05%
 1434942 620919        1.0068   366        1.0231        1.0022 42797342    2.05%
 1449884 629718        1.0203   242        1.0231        1.0023 43308072    2.04%
 1465537 638508        1.0199   251        1.0231        1.0023 43802627    2.04%
 1481514 646976        1.0114   249        1.0231        1.0024 44352000    2.03%
Elapsed time = 5173.60 sec. (428728.36 ticks, tree = 45477.00 MB, solutions = 265)
Nodefile size = 43410.95 MB (39406.81 MB after compression)
 1496407 658164        1.0096   373        1.0231        1.0024 44966539    2.02%
 1513259 666215        1.0231   327        1.0231        1.0024 45463114    2.02%
 1526820 677427        1.0169   414        1.0231        1.0025 46100935    2.02%
 1550085 689611        1.0094   218        1.0231        1.0026 46962740    2.01%

Clique cuts applied:  596
Implied bound cuts applied:  15
Flow cuts applied:  62
Mixed integer rounding cuts applied:  400
Zero-half cuts applied:  43
Lift and project cuts applied:  21
Gomory fractional cuts applied:  9

Root node processing (before b&c):
  Real time             =  145.19 sec. (20043.72 ticks)
Parallel b&c, 32 threads:
  Real time             = 5196.37 sec. (427005.78 ticks)
  Sync time (average)   = 3895.55 sec.
  Wait time (average)   =    2.19 sec.
                          ------------
Total (root+branch&cut) = 5341.57 sec. (447049.50 ticks)
Solution found
