Model: Diversity_model_3
 - number of variables: 1084
   - binary=204, integer=1, continuous=879
 - number of constraints: 1745
   - linear=1745
 - parameters: defaults
CPXPARAM_Read_DataCheck                          1
CPXPARAM_RandomSeed                              201804051
CPXPARAM_MIP_Strategy_LBHeur                     1
CPXPARAM_TimeLimit                               86400
CPXPARAM_MIP_Tolerances_MIPGap                   0.02
Tried aggregator 3 times.
MIP Presolve eliminated 161 rows and 109 columns.
MIP Presolve modified 714 coefficients.
Aggregator did 154 substitutions.
Reduced MIP has 1430 rows, 821 columns, and 3675 nonzeros.
Reduced MIP has 153 binaries, 0 generals, 102 SOSs, and 0 indicators.
Presolve time = 0.01 sec. (7.50 ticks)
Probing fixed 0 vars, tightened 155 bounds.
Probing time = 0.05 sec. (6.36 ticks)
Tried aggregator 2 times.
MIP Presolve modified 205 coefficients.
Aggregator did 51 substitutions.
Reduced MIP has 1379 rows, 770 columns, and 3573 nonzeros.
Reduced MIP has 153 binaries, 0 generals, 102 SOSs, and 0 indicators.
Presolve time = 0.02 sec. (4.42 ticks)
Probing time = 0.02 sec. (3.00 ticks)
Clique table members: 153.
MIP emphasis: balance optimality and feasibility.
MIP search method: dynamic search.
Parallel mode: deterministic, using up to 32 threads.
Root relaxation solution time = 0.11 sec. (7.91 ticks)

        Nodes                                         Cuts/
   Node  Left     Objective  IInf  Best Integer    Best Bound    ItCnt     Gap

      0     0        0.8281   132                      0.8281      371         
*     0+    0                            1.3909        0.8281            40.46%
      0     0        0.8506   150        1.3909     Cuts: 444      641   38.84%
*     0+    0                            0.9537        0.8506            10.81%
      0     0        cutoff              0.9537        0.9537      838    0.00%
Elapsed time = 161.69 sec. (112.96 ticks, tree = 0.01 MB, solutions = 2)

Cover cuts applied:  1
Implied bound cuts applied:  224
Flow cuts applied:  204
Mixed integer rounding cuts applied:  122
Lift and project cuts applied:  6
Gomory fractional cuts applied:  79

Root node processing (before b&c):
  Real time             =  161.69 sec. (113.03 ticks)
Parallel b&c, 32 threads:
  Real time             =    0.00 sec. (0.00 ticks)
  Sync time (average)   =    0.00 sec.
  Wait time (average)   =    0.00 sec.
                          ------------
Total (root+branch&cut) =  161.69 sec. (113.03 ticks)
Solution found
