Model: Diversity_model_3
 - number of variables: 1081
   - binary=156, integer=1, continuous=924
 - number of constraints: 1471
   - linear=1471
 - parameters: defaults
CPXPARAM_Read_DataCheck                          1
CPXPARAM_RandomSeed                              201804051
CPXPARAM_MIP_Strategy_LBHeur                     1
CPXPARAM_TimeLimit                               86400
CPXPARAM_MIP_Tolerances_MIPGap                   0.02
Tried aggregator 2 times.
MIP Presolve eliminated 163 rows and 163 columns.
MIP Presolve modified 156 coefficients.
Aggregator did 156 substitutions.
Reduced MIP has 1152 rows, 762 columns, and 3289 nonzeros.
Reduced MIP has 156 binaries, 0 generals, 156 SOSs, and 0 indicators.
Presolve time = 0.01 sec. (3.91 ticks)
Probing changed sense of 26 constraints.
Probing time = 0.00 sec. (1.47 ticks)
Tried aggregator 2 times.
MIP Presolve eliminated 26 rows and 0 columns.
Aggregator did 52 substitutions.
Reduced MIP has 1074 rows, 710 columns, and 3107 nonzeros.
Reduced MIP has 130 binaries, 0 generals, 156 SOSs, and 0 indicators.
Presolve time = 0.01 sec. (3.26 ticks)
Probing time = 0.00 sec. (1.13 ticks)
Clique table members: 52.
MIP emphasis: balance optimality and feasibility.
MIP search method: dynamic search.
Parallel mode: deterministic, using up to 32 threads.
Root relaxation solution time = 0.07 sec. (7.61 ticks)

        Nodes                                         Cuts/
   Node  Left     Objective  IInf  Best Integer    Best Bound    ItCnt     Gap

      0     0        0.2322    97                      0.2322      320         
      0     0        0.2322   112                    Cuts: 81      573         
*     0+    0                            0.5367        0.2322            56.73%
      0     0        0.2322    99        0.5367      Cuts: 51      696   56.73%
      0     0        0.2322   107        0.5367     Cuts: 103      761   56.73%
*     0+    0                            0.3162        0.2322            26.56%
      0     2        0.2322    80        0.3162        0.2322      761   26.56%
Elapsed time = 81.46 sec. (155.35 ticks, tree = 0.02 MB, solutions = 2)
*  4796  2167      integral     0        0.3106        0.2331    30595   24.96%
*  5409  2072      integral     0        0.3048        0.2331    28960   23.52%
*  6137  1731      integral     0        0.3033        0.2331    44255   23.15%
*  8858+ 1770                            0.3009        0.2416            19.70%
   8858  1771        0.2995    45        0.3009        0.2416    51718   19.70%
*  8862+ 2219                            0.3009        0.2416            19.70%

Flow cuts applied:  22
Mixed integer rounding cuts applied:  17
Gomory fractional cuts applied:  5

Root node processing (before b&c):
  Real time             =   74.45 sec. (154.94 ticks)
Parallel b&c, 32 threads:
  Real time             =  269.86 sec. (453.02 ticks)
  Sync time (average)   =   90.28 sec.
  Wait time (average)   =    0.00 sec.
                          ------------
Total (root+branch&cut) =  344.30 sec. (607.96 ticks)
Solution found
