Model: Diversity_model_3
 - number of variables: 30178
   - binary=22278, integer=2, continuous=7898
 - number of constraints: 64559
   - linear=64559
 - parameters: defaults
CPXPARAM_Read_DataCheck                          1
CPXPARAM_RandomSeed                              201804051
CPXPARAM_MIP_Strategy_LBHeur                     1
CPXPARAM_TimeLimit                               86400
CPXPARAM_MIP_Tolerances_MIPGap                   0.02
Tried aggregator 2 times.
MIP Presolve eliminated 1743 rows and 1733 columns.
MIP Presolve modified 690 coefficients.
Aggregator did 12520 substitutions.
Reduced MIP has 50296 rows, 15925 columns, and 132206 nonzeros.
Reduced MIP has 11484 binaries, 0 generals, 1725 SOSs, and 0 indicators.
Presolve time = 2.29 sec. (272.88 ticks)
Probing changed sense of 57 constraints.
Probing time = 11.38 sec. (27.76 ticks)
Tried aggregator 2 times.
MIP Presolve eliminated 14171 rows and 4298 columns.
MIP Presolve modified 3 coefficients.
Aggregator did 113 substitutions.
Reduced MIP has 36012 rows, 11514 columns, and 98062 nonzeros.
Reduced MIP has 7130 binaries, 0 generals, 1725 SOSs, and 0 indicators.
Presolve time = 5.84 sec. (191.39 ticks)
Probing time = 3.16 sec. (82.33 ticks)
Tried aggregator 2 times.
MIP Presolve eliminated 8489 rows and 1833 columns.
Aggregator did 58 substitutions.
Reduced MIP has 27465 rows, 9623 columns, and 76435 nonzeros.
Reduced MIP has 5297 binaries, 0 generals, 1725 SOSs, and 0 indicators.
Presolve time = 2.20 sec. (187.65 ticks)
Probing time = 1.37 sec. (54.50 ticks)
Clique table members: 47888.
MIP emphasis: balance optimality and feasibility.
MIP search method: dynamic search.
Parallel mode: deterministic, using up to 32 threads.
Root relaxation solution time = 27.20 sec. (517.44 ticks)

        Nodes                                         Cuts/
   Node  Left     Objective  IInf  Best Integer    Best Bound    ItCnt     Gap

      0     0        0.8481  1602                      0.8481     5177         
      0     0        0.8534  1438                  Cuts: 1976     7415         
      0     0        0.8546  1628                  Cuts: 2381     9135         
      0     0        0.8546  1624                  Cuts: 1194    10490         
      0     0        0.8546  1731                  Cuts: 1202    11948         
      0     0        0.8546  1328                   Cuts: 168    12367         

Repeating presolve.
Tried aggregator 1 time.
MIP Presolve eliminated 10787 rows and 2514 columns.
Reduced MIP has 16678 rows, 7109 columns, and 49147 nonzeros.
Reduced MIP has 2783 binaries, 0 generals, 1725 SOSs, and 0 indicators.
Presolve time = 0.70 sec. (70.72 ticks)
Probing time = 1.11 sec. (31.11 ticks)
Tried aggregator 1 time.
MIP Presolve eliminated 4008 rows and 600 columns.
Reduced MIP has 12670 rows, 6509 columns, and 38323 nonzeros.
Reduced MIP has 2183 binaries, 0 generals, 1725 SOSs, and 0 indicators.
Presolve time = 0.19 sec. (45.75 ticks)
Probing time = 0.49 sec. (16.34 ticks)
Tried aggregator 1 time.
MIP Presolve eliminated 1823 rows and 528 columns.
Reduced MIP has 10847 rows, 5981 columns, and 33910 nonzeros.
Reduced MIP has 1655 binaries, 0 generals, 1725 SOSs, and 0 indicators.
Presolve time = 0.18 sec. (38.32 ticks)
Probing time = 0.36 sec. (16.80 ticks)
Tried aggregator 1 time.
MIP Presolve eliminated 1105 rows and 226 columns.
Reduced MIP has 9742 rows, 5755 columns, and 31047 nonzeros.
Reduced MIP has 1429 binaries, 0 generals, 1725 SOSs, and 0 indicators.
Presolve time = 0.19 sec. (34.61 ticks)
Probing time = 0.44 sec. (12.47 ticks)
Tried aggregator 1 time.
MIP Presolve eliminated 763 rows and 109 columns.
Reduced MIP has 8979 rows, 5646 columns, and 28976 nonzeros.
Reduced MIP has 1320 binaries, 0 generals, 1725 SOSs, and 0 indicators.
Presolve time = 0.32 sec. (37.54 ticks)
Represolve time = 5.24 sec. (733.53 ticks)
Probing time = 0.31 sec. (4.22 ticks)
Clique table members: 9122.
MIP emphasis: balance optimality and feasibility.
MIP search method: dynamic search.
Parallel mode: deterministic, using up to 32 threads.
Root relaxation solution time = 24.13 sec. (470.16 ticks)

        Nodes                                         Cuts/
   Node  Left     Objective  IInf  Best Integer    Best Bound    ItCnt     Gap

      0     0        0.8546   929                      0.8546    12384         
      0     0        0.8546   754                   Cuts: 224    13019         
      0     0        0.8546   831                   Cuts: 569    13853         
      0     0        0.8546   668                   Cuts: 199    14438         
      0     0        0.8546   750                   Cuts: 413    15600         
*     0+    0                            2.3562        0.8546            63.73%
*     0+    0                            2.3246        0.8546            63.24%
      0     2        0.8546   508        2.3246        0.8546    15600   63.24%
Elapsed time = 206.32 sec. (15856.66 ticks, tree = 0.02 MB, solutions = 2)
      1     3        0.8596  1002        2.3246        0.8546    22706   63.24%
      4     5        0.8772  1003        2.3246        0.8546    23299   63.24%
      7     9        0.8717   945        2.3246        0.8546    25505   63.24%
     14    14        0.8717   906        2.3246        0.8546    26297   63.24%
    123    56        0.8800   818        2.3246        0.8546    39962   63.24%
    316   245        0.8802   848        2.3246        0.8546    66940   63.24%
    522   380        0.8717   814        2.3246        0.8546    83189   63.24%
    779   630        0.9562   667        2.3246        0.8546   117406   63.24%
   1115   882        0.9854   844        2.3246        0.8546   152297   63.24%
*  2345+ 1696                            2.3170        0.8546            63.12%
   3109  2729        1.2930   524        2.3170        0.8546   324154   63.12%
Elapsed time = 310.50 sec. (20660.86 ticks, tree = 7.06 MB, solutions = 3)
*  3189+ 2072                            2.2731        0.8546            62.40%
*  3878+ 2806                            2.1020        0.8546            59.34%
*  4020+ 2806                            2.0875        0.8546            59.06%
*  5082  4243      integral     0        2.0083        0.8546   430590   57.45%
*  6481+ 4822                            1.9000        0.8546            55.02%
*  6803+ 4732                            1.8816        0.8546            54.58%
*  6829+ 5811                            1.8647        0.8546            54.17%
   7006  5764        1.0154   844        1.8647        0.8546   507011   54.17%
*  7040+ 4822                            1.8448        0.8546            53.68%
*  7165+ 5939                            1.7572        0.8546            51.37%
   8148  6780        1.3070   181        1.7572        0.8546   584820   51.37%
*  8579+ 6778                            1.3696        0.8546            37.60%
*  8886+ 6778                            1.3584        0.8546            37.09%
*  8958+ 6941                            1.3377        0.8546            36.12%
*  9193+ 6941                            1.3279        0.8546            35.64%
   9273  7813        1.2479   411        1.3279        0.8546   653510   35.64%
*  9632+ 6941                            1.3141        0.8546            34.97%
*  9750+ 6941                            1.2904        0.8546            33.78%
  10756  7053        1.1119   349        1.2904        0.8546   709305   33.78%
* 12340+ 6956                            1.2867        0.8546            33.58%
* 12735+ 6956                            1.2830        0.8546            33.39%
  12813  8690        1.1490   794        1.2830        0.8546   811705   33.39%
* 14247  9995      integral     0        1.2450        0.8546   876194   31.36%
  14427  9842        1.0367   549        1.2450        0.8546   918897   31.36%
* 15215+ 9865                            1.2395        0.8546            31.05%
* 15234+ 9865                            1.2388        0.8546            31.01%
* 15320+ 9865                            1.1881        0.8546            28.07%
  15497 10558        1.1500   713        1.1881        0.8546   991469   28.07%
* 15785+ 9865                            1.1876        0.8546            28.04%
* 16084+ 9925                            1.1871        0.8546            28.01%
* 16098+ 9925                            1.1865        0.8546            27.97%
* 16177+10174                            1.1858        0.8546            27.93%
  16272  9505        0.8745   961        1.1858        0.8546  1065114   27.93%
  16288  9507        0.8663  1057        1.1858        0.8546  1068071   27.93%
Elapsed time = 390.26 sec. (30194.26 ticks, tree = 30.36 MB, solutions = 121)
* 16289+11187                            1.1858        0.8546            27.93%
  16289 11189        0.9833   744        1.1858        0.8546  1038966   27.93%
* 16291+ 6484                            1.0282        0.8546            16.88%
* 16291+ 4322                            1.0269        0.8546            16.78%
* 16291+ 2881                            1.0262        0.8546            16.73%
* 16291+ 1920                            1.0193        0.8546            16.16%
* 16291+ 1280                            1.0181        0.8546            16.06%
  16291  1281        0.8546   624        1.0181        0.8546  1150101   16.06%
  16299   917        0.8546   661        1.0181        0.8546  1152057   16.06%
  16449    54        cutoff              1.0181        0.8546  1194126   16.06%
  17092   481        0.9793   693        1.0181        0.8546  1305213   16.06%
* 17253+  410                            1.0168        0.8546            15.96%
* 17961+  644                            1.0168        0.8546            15.96%
  19070  1635        0.9935   457        1.0168        0.8546  1462562   15.96%
* 20557+ 2772                            1.0093        0.8546            15.33%
* 20635  2679      integral     0        1.0091        0.8546  1584191   15.31%
* 21103  2935      integral     0        1.0088        0.8546  1614781   15.29%
  21316  3256        0.9602   758        1.0088        0.8546  1646250   15.29%
* 21432+ 3072                            1.0036        0.8546            14.85%
* 21432+ 2758                            0.9684        0.8546            11.75%
* 21434+ 2994                            0.9680        0.8546            11.72%
  22026  1719        0.9525   655        0.9680        0.8546  1717373   11.72%
* 22315+ 1702                            0.9679        0.8546            11.70%
* 22380+ 1713                            0.9676        0.8546            11.68%
* 22763+ 2038                            0.9675        0.8546            11.67%
  23088  2355        cutoff              0.9675        0.8546  1837286   11.67%
* 23106+ 1818                            0.9675        0.8546            11.67%
* 23282+ 1626                            0.9601        0.8546            10.99%
* 23478+ 2267                            0.9480        0.8546             9.85%
* 23592+ 2081                            0.9461        0.8546             9.67%
  23756  2324        0.9524   624        0.9461        0.8546  1900327    9.67%
Elapsed time = 544.63 sec. (53772.61 ticks, tree = 5.33 MB, solutions = 158)
* 24195+ 2081                            0.9457        0.8546             9.63%
* 24309+ 2267                            0.9442        0.8546             9.49%
  24316  2379        0.9479   592        0.9442        0.8546  1974558    9.49%
* 24338+ 2267                            0.9440        0.8546             9.47%
* 24405+ 2266                            0.9377        0.8546             8.87%
* 24420+ 2264                            0.9326        0.8546             8.36%
  25077  1658        0.8738   871        0.9326        0.8546  2048001    8.36%
  26272  2506        0.8772   635        0.9326        0.8546  2143701    8.36%
  27061  3175        0.9024   885        0.9326        0.8546  2219583    8.36%
* 27337+ 2448                            0.9317        0.8546             8.28%
* 27419+ 2448                            0.9313        0.8546             8.23%
* 28309+ 3558                            0.9207        0.8546             7.18%
  28466  2962        0.9140   531        0.9207        0.8546  2337822    7.18%
* 28601+ 3564                            0.9206        0.8546             7.17%
* 28805+ 4069                            0.9204        0.8546             7.15%
* 29255+ 3086                            0.9195        0.8546             7.06%
  30362  4030        0.8632   585        0.9195        0.8546  2455579    7.06%
* 32684+ 4893                            0.9113        0.8546             6.22%
  32750  5121        0.9070   738        0.9113        0.8546  2588326    6.22%
* 34046+ 4893                            0.9056        0.8546             5.63%
  34463  7047        0.8795   477        0.9056        0.8546  2739399    5.63%
  35561  4906        0.8859   684        0.9056        0.8546  2876589    5.63%
* 37311+ 5371                            0.9049        0.8546             5.56%
  37803  5911        0.8886   945        0.9049        0.8546  3034492    5.56%
Elapsed time = 624.00 sec. (63316.84 ticks, tree = 17.76 MB, solutions = 234)
* 37986+ 4966                            0.9004        0.8546             5.09%
  39880  5890        0.8837   557        0.9004        0.8546  3123391    5.09%
  42762  7644        0.8843   558        0.9004        0.8546  3276087    5.09%
* 43243+ 7199                            0.8996        0.8546             5.00%
* 45650+ 9920                            0.8996        0.8546             5.00%
  45920  9498        0.8947   555        0.8996        0.8546  3421085    5.00%
  48568 12603        cutoff              0.8996        0.8546  3587649    5.00%
  49659 14068        0.8890   658        0.8996        0.8546  3762256    5.00%
  50988 14919        0.8731   656        0.8996        0.8546  3869151    5.00%
  52867 16323        0.8895   810        0.8996        0.8546  4048385    5.00%
  54679 17906        0.8899   653        0.8996        0.8546  4170339    5.00%
  56540 18933        cutoff              0.8996        0.8546  4270719    5.00%
  57220 19728        0.8854   762        0.8996        0.8546  4372635    5.00%
Elapsed time = 708.36 sec. (72864.21 ticks, tree = 218.93 MB, solutions = 238)
  57389 19882        0.8820   725        0.8996        0.8546  4387694    5.00%
* 57405+18448                            0.8987        0.8546             4.90%
* 57448+19150                            0.8979        0.8546             4.83%
* 57451+18243                            0.8967        0.8546             4.69%
  57482 16979        0.8959   591        0.8967        0.8546  4391196    4.69%
* 57641+17029                            0.8889        0.8546             3.86%
  57797 10468        0.8863   321        0.8889        0.8546  4400461    3.86%
* 58050+10426                            0.8880        0.8546             3.76%
  58450 10333        0.8630   710        0.8880        0.8546  4426359    3.76%
  59769 10560        0.8641   736        0.8880        0.8546  4451552    3.76%
  62318 11643        0.8829   425        0.8880        0.8546  4518103    3.76%
  65648 14793        0.8546  1012        0.8880        0.8546  4662908    3.76%
  70019 17667        cutoff              0.8880        0.8546  4770916    3.76%
* 70879+18370                            0.8880        0.8546             3.76%
* 71014+18432                            0.8876        0.8546             3.72%
* 71429+18650                            0.8876        0.8546             3.72%
* 71636+18432                            0.8874        0.8546             3.69%
* 71897+18696                            0.8873        0.8546             3.69%
  72336 19444        0.8785   450        0.8873        0.8546  4849021    3.69%
  74944 22642        0.8809   772        0.8873        0.8546  4955809    3.69%
Elapsed time = 788.43 sec. (82440.91 ticks, tree = 1074.84 MB, solutions = 249)
  78008 25136        0.8669   683        0.8873        0.8546  5070900    3.69%
* 78567+18871                            0.8860        0.8546             3.55%
* 80402+18519                            0.8860        0.8546             3.55%
  81370 27767        0.8800   602        0.8860        0.8546  5156826    3.55%
* 83768+18650                            0.8856        0.8546             3.50%
  84679 28636        0.8790   383        0.8856        0.8546  5181748    3.50%
  87951 32143        0.8819   606        0.8856        0.8546  5298822    3.50%
* 88191+18519                            0.8838        0.8546             3.30%
  91030 33975        0.8833   386        0.8838        0.8546  5367125    3.30%
  93705 36740        0.8669   653        0.8838        0.8546  5460188    3.30%
* 95571+18650                            0.8836        0.8546             3.28%
  96329 38821        0.8865   337        0.8836        0.8546  5541014    3.28%
  98958 41277        0.8864   368        0.8836        0.8546  5632468    3.28%
 101917 41797        0.8854   434        0.8836        0.8546  5654152    3.28%
*102538+18519                            0.8821        0.8546             3.12%
*103308+18519                            0.8806        0.8546             2.96%
 104548 45271        0.8861   465        0.8806        0.8546  5757694    2.96%
Elapsed time = 885.49 sec. (91981.09 ticks, tree = 2816.08 MB, solutions = 249)
Nodefile size = 757.88 MB (621.48 MB after compression)
*105494+18519                            0.8780        0.8546             2.67%
 106932 47846        0.8635   640        0.8780        0.8546  5835067    2.67%
 109818 49626        cutoff              0.8780        0.8546  5894431    2.67%
 112824 50386        0.8736   865        0.8780        0.8546  5923365    2.67%
 115101 52458        0.8765   585        0.8780        0.8546  5999049    2.67%
 118436 48276        0.8546   964        0.8780        0.8546  6109186    2.67%
 121622 49320        0.8852   148        0.8780        0.8546  6156652    2.67%
 124981 33912        cutoff              0.8780        0.8546  6255515    2.67%
 128772 26148        0.8770   631        0.8780        0.8546  6404468    2.67%
 132134 30660        0.8762   518        0.8780        0.8546  6652990    2.67%
 132715 27409        0.8580   621        0.8780        0.8546  6498504    2.67%
Elapsed time = 972.49 sec. (102161.86 ticks, tree = 1696.28 MB, solutions = 296)
*132890+29691                            0.8776        0.8546             2.63%
 132932 31449        0.8735   619        0.8776        0.8546  6692914    2.63%
 134838 30266        0.8775   605        0.8776        0.8546  6709623    2.63%
*136194+31260                            0.8772        0.8546             2.58%
*137682+29486                            0.8771        0.8546             2.57%
 137843 30254        0.8764   533        0.8771        0.8546  6818632    2.57%
*138012+29950                            0.8771        0.8546             2.57%
*138919+30838                            0.8771        0.8546             2.57%
 141336 30832        0.8720   716        0.8771        0.8546  6751943    2.57%
 145211 31144        0.8741   561        0.8771        0.8546  6854084    2.57%
 148920 35174        0.8690   740        0.8771        0.8546  7054260    2.57%
 152475 38273        0.8769   469        0.8771        0.8546  7187952    2.57%
 155657 43520        0.8715   607        0.8771        0.8546  7428125    2.57%
 159107 43786        0.8755   690        0.8771        0.8546  7439834    2.57%
 162798 47566        0.8760   479        0.8771        0.8546  7605903    2.57%
Elapsed time = 1097.11 sec. (111702.29 ticks, tree = 3276.21 MB, solutions = 304)
Nodefile size = 1218.27 MB (1051.35 MB after compression)
 167153 48976        0.8715   621        0.8771        0.8546  7669145    2.57%
 171606 53548        0.8711   611        0.8771        0.8546  7875869    2.57%
 175249 54062        0.8739   550        0.8771        0.8546  7894224    2.57%
 179206 55704        0.8661   520        0.8771        0.8546  7955995    2.57%
 182684 59717        cutoff              0.8771        0.8546  8124687    2.57%
 186582 64961        0.8744   533        0.8771        0.8546  8337744    2.57%
 191180 66218        0.8758   616        0.8771        0.8546  8391323    2.57%
 195169 70321        0.8740   555        0.8771        0.8546  8541339    2.57%
 198857 70749        cutoff              0.8771        0.8546  8552993    2.57%
 212738 84285        0.8755   583        0.8771        0.8546  9034867    2.57%
Elapsed time = 1306.55 sec. (124102.02 ticks, tree = 6121.80 MB, solutions = 304)
Nodefile size = 4063.51 MB (3528.72 MB after compression)
 228434 94416        0.8766   680        0.8771        0.8546  9478362    2.57%
*237851+103933                            0.8766        0.8546             2.51%
*238023+106898                            0.8764        0.8546             2.49%
 238129 107122        cutoff              0.8764        0.8546 10123141    2.49%
*242479+97203                            0.8757        0.8546             2.40%
 245984 85498        cutoff              0.8757        0.8546 10326167    2.40%
 261198 91832        0.8739   690        0.8757        0.8547 10702901    2.40%
 277106 105268        cutoff              0.8757        0.8547 11274476    2.40%
 292019 116782        0.8731   634        0.8757        0.8547 11686494    2.40%
 308429 128751        cutoff              0.8757        0.8547 12138544    2.40%
 324901 142684        0.8727   597        0.8757        0.8547 12675301    2.40%
*329598+147263                            0.8756        0.8549             2.36%
*330218+147894                            0.8754        0.8549             2.34%
 331668 144755        cutoff              0.8754        0.8549 12943131    2.34%
*333662+144438                            0.8753        0.8549             2.32%
*337379+148756                            0.8744        0.8549             2.23%
*340866+117471                            0.8744        0.8549             2.22%
*342171+118734                            0.8743        0.8549             2.21%
 347305 115487        0.8556   777        0.8743        0.8549 13215835    2.21%
Elapsed time = 1627.18 sec. (162258.28 ticks, tree = 8601.10 MB, solutions = 330)
Nodefile size = 6547.12 MB (5722.57 MB after compression)
 362995 129153        0.8692   428        0.8743        0.8549 13665334    2.21%
 378266 139293        0.8574   605        0.8743        0.8549 13981365    2.21%
 393042 152129        0.8739   432        0.8743        0.8549 14421229    2.21%
 408937 161330        cutoff              0.8743        0.8549 14786750    2.21%
 426428 172889        0.8742   543        0.8743        0.8549 15255744    2.21%
*438351+184717                            0.8739        0.8559             2.06%
*438602+172479                            0.8738        0.8559             2.05%
 438856 167974        0.8694   616        0.8738        0.8559 15798796    2.05%
*441248+168017                            0.8736        0.8559             2.03%
*442155+163937                            0.8735        0.8559             2.02%
 446011 159219        0.8559   631        0.8735        0.8559 15866505    2.02%
 464170 170057        0.8704   467        0.8735        0.8559 16236430    2.02%
 481090 183542        0.8713   387        0.8735        0.8559 16626244    2.02%
 496006 196324        0.8735   448        0.8735        0.8559 17002808    2.02%
Elapsed time = 1975.70 sec. (200409.13 ticks, tree = 15148.24 MB, solutions = 355)
Nodefile size = 13095.79 MB (11445.55 MB after compression)
 511272 208171        0.8677   534        0.8735        0.8559 17354436    2.02%
 521702 219298        0.8636   606        0.8735        0.8560 17716750    2.01%

Clique cuts applied:  609
Implied bound cuts applied:  24
Flow cuts applied:  18
Mixed integer rounding cuts applied:  30
Zero-half cuts applied:  62
Lift and project cuts applied:  11
Gomory fractional cuts applied:  7

Root node processing (before b&c):
  Real time             =  191.26 sec. (15919.48 ticks)
Parallel b&c, 32 threads:
  Real time             = 1894.63 sec. (192425.39 ticks)
  Sync time (average)   = 1224.12 sec.
  Wait time (average)   =    0.89 sec.
                          ------------
Total (root+branch&cut) = 2085.90 sec. (208344.87 ticks)
Solution found
