Filter at 1std, 1count, 1%frequency
STD	Number of positions discarded due to coverage deviation: 727
COUNT	Number of nucleotides discarded due to low count: 658
COUNT	Number of columns discarded due to low leading to empty column: 0
FREQ	Number of nucleotides discarded due to low frequency: 114
FREQ	Number of columns discarded due to low frequency leading to empty column: 0
OUT	Number of variable positions: 26
OUT	Number of invariant positions: 4059
OUT	1 kept strains equivalence classes
Filter at 1std, 1 count, 0.5%frequency
STD	Number of positions discarded due to coverage deviation: 727
COUNT	Number of nucleotides discarded due to low count: 658
COUNT	Number of columns discarded due to low leading to empty column: 0
FREQ	Number of nucleotides discarded due to low frequency: 6
FREQ	Number of columns discarded due to low frequency leading to empty column: 0
OUT	Number of variable positions: 130
OUT	Number of invariant positions: 3955
OUT	1 kept strains equivalence classes
Filter at 2std, 1count, 1%frequency
STD	Number of positions discarded due to coverage deviation: 195
COUNT	Number of nucleotides discarded due to low count: 726
COUNT	Number of columns discarded due to low leading to empty column: 0
FREQ	Number of nucleotides discarded due to low frequency: 115
FREQ	Number of columns discarded due to low frequency leading to empty column: 0
OUT	Number of variable positions: 27
OUT	Number of invariant positions: 4590
OUT	1 kept strains equivalence classes
Filter at 2std, 1 count, 0.5%frequency
STD	Number of positions discarded due to coverage deviation: 195
COUNT	Number of nucleotides discarded due to low count: 726
COUNT	Number of columns discarded due to low leading to empty column: 0
FREQ	Number of nucleotides discarded due to low frequency: 6
FREQ	Number of columns discarded due to low frequency leading to empty column: 0
OUT	Number of variable positions: 132
OUT	Number of invariant positions: 4485
OUT	1 kept strains equivalence classes
