Model: Diversity_model_3
 - number of variables: 6621
   - binary=6130, integer=2, continuous=489
 - number of constraints: 21255
   - linear=21255
 - parameters: defaults
CPXPARAM_Read_DataCheck                          1
CPXPARAM_RandomSeed                              201804051
CPXPARAM_MIP_Strategy_LBHeur                     1
CPXPARAM_TimeLimit                               86400
CPXPARAM_MIP_Tolerances_MIPGap                   0.02
Tried aggregator 3 times.
MIP Presolve eliminated 116 rows and 64 columns.
MIP Presolve modified 392 coefficients.
Aggregator did 3095 substitutions.
Reduced MIP has 18044 rows, 3462 columns, and 47798 nonzeros.
Reduced MIP has 3093 binaries, 0 generals, 56 SOSs, and 0 indicators.
Presolve time = 0.51 sec. (232.11 ticks)
Probing fixed 0 vars, tightened 81 bounds.
Probing time = 0.16 sec. (87.32 ticks)
Tried aggregator 2 times.
MIP Presolve eliminated 1344 rows and 96 columns.
MIP Presolve modified 76 coefficients.
Aggregator did 28 substitutions.
Reduced MIP has 16672 rows, 3338 columns, and 43902 nonzeros.
Reduced MIP has 2997 binaries, 0 generals, 56 SOSs, and 0 indicators.
Presolve time = 0.29 sec. (199.17 ticks)
Probing time = 0.19 sec. (66.73 ticks)
Clique table members: 25339.
MIP emphasis: balance optimality and feasibility.
MIP search method: dynamic search.
Parallel mode: deterministic, using up to 32 threads.
Root relaxation solution time = 0.29 sec. (222.83 ticks)

        Nodes                                         Cuts/
   Node  Left     Objective  IInf  Best Integer    Best Bound    ItCnt     Gap

      0     0        0.2878  2099                      0.2878       28         
*     0+    0                            2.5228        0.2878            88.59%
*     0+    0                            0.5420        0.2878            46.90%
      0     0        0.3297  1669        0.5420    Cuts: 4268      963   10.80%
      0     0        0.3723   409        0.5420     Cuts: 352     2252   10.80%

Repeating presolve.
MIP Presolve eliminated 2 redundant SOS constraints.
Tried aggregator 2 times.
MIP Presolve eliminated 15415 rows and 2828 columns.
MIP Presolve modified 314 coefficients.
Aggregator did 136 substitutions.
Reduced MIP has 1121 rows, 374 columns, and 2970 nonzeros.
Reduced MIP has 127 binaries, 0 generals, 54 SOSs, and 0 indicators.
Presolve time = 0.07 sec. (20.00 ticks)
Probing fixed 0 vars, tightened 51 bounds.
Probing time = 0.04 sec. (3.65 ticks)
Tried aggregator 1 time.
MIP Presolve eliminated 29 rows and 2 columns.
MIP Presolve modified 176 coefficients.
Reduced MIP has 1092 rows, 372 columns, and 2900 nonzeros.
Reduced MIP has 126 binaries, 0 generals, 54 SOSs, and 0 indicators.
Presolve time = 0.03 sec. (4.10 ticks)
Represolve time = 0.23 sec. (116.76 ticks)
Probing time = 0.01 sec. (2.25 ticks)
Clique table members: 1883.
MIP emphasis: balance optimality and feasibility.
MIP search method: dynamic search.
Parallel mode: deterministic, using up to 32 threads.
Root relaxation solution time = 0.06 sec. (7.40 ticks)

        Nodes                                         Cuts/
   Node  Left     Objective  IInf  Best Integer    Best Bound    ItCnt     Gap

*     0+    0                            0.5420        0.4835            10.80%
      0     0        0.3856    92        0.5420        0.4835     2593   10.80%
      0     0        0.4403    77        0.5420     Cuts: 373     2811    3.39%
      0     0        0.4895    85        0.5420     Cuts: 193     2967    3.39%
*     0+    0                            0.5351        0.5237             2.14%
      0     0        0.4920    78        0.5351     Cuts: 160     3057    2.14%
      0     0        0.4929    80        0.5351      Cuts: 57     3082    2.14%
      0     0        0.4935    79        0.5351      Cuts: 49     3113    2.14%

Clique cuts applied:  54
Implied bound cuts applied:  24
Flow cuts applied:  27
Mixed integer rounding cuts applied:  83
Zero-half cuts applied:  43
Lift and project cuts applied:  3
Gomory fractional cuts applied:  17

Root node processing (before b&c):
  Real time             =  361.40 sec. (7017.99 ticks)
Parallel b&c, 32 threads:
  Real time             =    0.00 sec. (0.00 ticks)
  Sync time (average)   =    0.00 sec.
  Wait time (average)   =    0.00 sec.
                          ------------
Total (root+branch&cut) =  361.40 sec. (7017.99 ticks)
Solution found
