Model: Diversity_model_3
 - number of variables: 327
   - binary=210, integer=2, continuous=115
 - number of constraints: 589
   - linear=589
 - parameters: defaults
CPXPARAM_Read_DataCheck                          1
CPXPARAM_RandomSeed                              201804051
CPXPARAM_MIP_Strategy_LBHeur                     1
CPXPARAM_TimeLimit                               86400
CPXPARAM_MIP_Tolerances_MIPGap                   0.02
Tried aggregator 3 times.
MIP Presolve eliminated 27 rows and 20 columns.
MIP Presolve modified 84 coefficients.
Aggregator did 113 substitutions.
Reduced MIP has 449 rows, 194 columns, and 1086 nonzeros.
Reduced MIP has 111 binaries, 0 generals, 12 SOSs, and 0 indicators.
Presolve time = 0.01 sec. (2.26 ticks)
Probing fixed 0 vars, tightened 17 bounds.
Probing time = 0.01 sec. (2.74 ticks)
Tried aggregator 2 times.
MIP Presolve eliminated 150 rows and 50 columns.
MIP Presolve modified 23 coefficients.
Aggregator did 6 substitutions.
Reduced MIP has 293 rows, 138 columns, and 724 nonzeros.
Reduced MIP has 61 binaries, 0 generals, 12 SOSs, and 0 indicators.
Presolve time = 0.00 sec. (1.29 ticks)
Probing time = 0.00 sec. (1.01 ticks)
Tried aggregator 2 times.
MIP Presolve eliminated 102 rows and 34 columns.
Aggregator did 6 substitutions.
Reduced MIP has 185 rows, 98 columns, and 480 nonzeros.
Reduced MIP has 27 binaries, 0 generals, 12 SOSs, and 0 indicators.
Presolve time = 0.00 sec. (0.68 ticks)
Probing time = 0.00 sec. (0.19 ticks)
Tried aggregator 1 time.
Reduced MIP has 185 rows, 98 columns, and 480 nonzeros.
Reduced MIP has 27 binaries, 0 generals, 12 SOSs, and 0 indicators.
Presolve time = 0.00 sec. (0.31 ticks)
Probing time = 0.00 sec. (0.19 ticks)
Clique table members: 54.
MIP emphasis: balance optimality and feasibility.
MIP search method: dynamic search.
Parallel mode: deterministic, using up to 32 threads.
Root relaxation solution time = 0.00 sec. (0.57 ticks)

        Nodes                                         Cuts/
   Node  Left     Objective  IInf  Best Integer    Best Bound    ItCnt     Gap

      0     0        0.8852    23                      0.8852       96         
*     0+    0                            1.7305        0.8852            48.85%
      0     0        0.9897    18        1.7305      Cuts: 77      158   42.81%
*     0+    0                            1.4307        0.9897            30.83%
      0     0        1.0847    23        1.4307      Cuts: 58      198   24.19%
*     0+    0                            1.3126        1.0847            17.36%
      0     0        1.1342    21        1.3126      Cuts: 12      212   13.60%
      0     0        1.1348    21        1.3126       Cuts: 4      214   13.55%
      0     0        1.1359    21        1.3126   Flowcuts: 1      216   13.46%
*     0+    0                            1.3126        1.1359            13.46%

Clique cuts applied:  3
Implied bound cuts applied:  16
Flow cuts applied:  10
Mixed integer rounding cuts applied:  11
Gomory fractional cuts applied:  5

Root node processing (before b&c):
  Real time             =    0.51 sec. (22.21 ticks)
Parallel b&c, 32 threads:
  Real time             =    0.00 sec. (0.00 ticks)
  Sync time (average)   =    0.00 sec.
  Wait time (average)   =    0.00 sec.
                          ------------
Total (root+branch&cut) =    0.51 sec. (22.21 ticks)
Solution found
