Model: Diversity_model_3
 - number of variables: 3473
   - binary=3114, integer=2, continuous=357
 - number of constraints: 7712
   - linear=7712
 - parameters: defaults
CPXPARAM_Read_DataCheck                          1
CPXPARAM_RandomSeed                              201804051
CPXPARAM_MIP_Strategy_LBHeur                     1
CPXPARAM_TimeLimit                               86400
CPXPARAM_MIP_Tolerances_MIPGap                   0.02
Tried aggregator 3 times.
MIP Presolve eliminated 5159 rows and 920 columns.
MIP Presolve modified 490 coefficients.
Aggregator did 2553 substitutions.
All rows and columns eliminated.
Presolve time = 0.06 sec. (31.28 ticks)

Root node processing (before b&c):
  Real time             =    0.06 sec. (31.84 ticks)
Parallel b&c, 32 threads:
  Real time             =    0.00 sec. (0.00 ticks)
  Sync time (average)   =    0.00 sec.
  Wait time (average)   =    0.00 sec.
                          ------------
Total (root+branch&cut) =    0.06 sec. (31.84 ticks)
Solution found
