Model: Diversity_model_3
 - number of variables: 15414
   - binary=11118, integer=2, continuous=4294
 - number of constraints: 44619
   - linear=44619
 - parameters: defaults
CPXPARAM_Read_DataCheck                          1
CPXPARAM_RandomSeed                              201804051
CPXPARAM_MIP_Strategy_LBHeur                     1
CPXPARAM_TimeLimit                               86400
CPXPARAM_MIP_Tolerances_MIPGap                   0.02
Tried aggregator 2 times.
MIP Presolve eliminated 914 rows and 908 columns.
MIP Presolve modified 450 coefficients.
Aggregator did 6235 substitutions.
Reduced MIP has 37470 rows, 8271 columns, and 102883 nonzeros.
Reduced MIP has 5784 binaries, 0 generals, 900 SOSs, and 0 indicators.
Presolve time = 1.92 sec. (270.68 ticks)
Probing changed sense of 45 constraints.
Probing time = 7.10 sec. (17.36 ticks)
Tried aggregator 2 times.
MIP Presolve eliminated 8622 rows and 1824 columns.
Aggregator did 90 substitutions.
Reduced MIP has 28758 rows, 6357 columns, and 80485 nonzeros.
Reduced MIP has 3915 binaries, 0 generals, 900 SOSs, and 0 indicators.
Presolve time = 0.83 sec. (204.70 ticks)
Probing time = 0.51 sec. (57.83 ticks)
Tried aggregator 2 times.
MIP Presolve eliminated 8344 rows and 925 columns.
Aggregator did 45 substitutions.
Reduced MIP has 20369 rows, 5387 columns, and 57393 nonzeros.
Reduced MIP has 2990 binaries, 0 generals, 900 SOSs, and 0 indicators.
Presolve time = 0.48 sec. (160.78 ticks)
Probing time = 0.27 sec. (34.62 ticks)
Clique table members: 34134.
MIP emphasis: balance optimality and feasibility.
MIP search method: dynamic search.
Parallel mode: deterministic, using up to 32 threads.
Root relaxation solution time = 46.00 sec. (568.24 ticks)

        Nodes                                         Cuts/
   Node  Left     Objective  IInf  Best Integer    Best Bound    ItCnt     Gap

      0     0        0.9767  1205                      0.9767     5136         
*     0+    0                            2.3781        0.9767            58.93%
      0     0        0.9767  1019        2.3781    Cuts: 3334     7703   58.93%
*     0+    0                            1.7217        0.9767            43.27%
      0     0        0.9768  1346        1.7217    Cuts: 1787    10548   43.27%
*     0+    0                            1.6624        0.9768            41.24%
      0     0        0.9778  1268        1.6624    Cuts: 1271    12681   41.18%
*     0+    0                            1.4099        0.9778            30.65%
      0     0        0.9783  1370        1.4099    Cuts: 1217    14292   30.61%
      0     0        0.9789  1344        1.4099     Cuts: 927    16018   30.57%
*     0+    0                            1.4076        0.9789            30.46%
*     0+    0                            1.3966        0.9789            29.91%

Repeating presolve.
Tried aggregator 1 time.
MIP Presolve eliminated 8519 rows and 1329 columns.
Reduced MIP has 11850 rows, 4058 columns, and 34527 nonzeros.
Reduced MIP has 1661 binaries, 0 generals, 900 SOSs, and 0 indicators.
Presolve time = 0.17 sec. (49.14 ticks)
Probing time = 0.23 sec. (15.67 ticks)
Tried aggregator 1 time.
MIP Presolve eliminated 721 rows and 147 columns.
Reduced MIP has 11129 rows, 3911 columns, and 32658 nonzeros.
Reduced MIP has 1514 binaries, 0 generals, 900 SOSs, and 0 indicators.
Presolve time = 0.24 sec. (39.10 ticks)
Probing time = 0.17 sec. (12.18 ticks)
Tried aggregator 1 time.
MIP Presolve eliminated 409 rows and 63 columns.
Reduced MIP has 10720 rows, 3848 columns, and 31557 nonzeros.
Reduced MIP has 1451 binaries, 0 generals, 900 SOSs, and 0 indicators.
Presolve time = 0.24 sec. (44.57 ticks)
Represolve time = 1.48 sec. (316.25 ticks)
Probing time = 0.11 sec. (11.48 ticks)
Clique table members: 19677.
MIP emphasis: balance optimality and feasibility.
MIP search method: dynamic search.
Parallel mode: deterministic, using up to 32 threads.
Root relaxation solution time = 90.90 sec. (671.23 ticks)

        Nodes                                         Cuts/
   Node  Left     Objective  IInf  Best Integer    Best Bound    ItCnt     Gap

*     0+    0                            1.3966        0.9789            29.91%
      0     0        0.9789   909        1.3966        0.9789    22981   29.91%
      0     0        0.9906   910        1.3966    Cuts: 1873    25894   29.07%
*     0+    0                            1.3511        0.9906            26.68%
      0     0        0.9935   859        1.3511     Cuts: 828    27290   26.47%
      0     0        0.9954   834        1.3511     Cuts: 613    28239   26.33%
      0     0        0.9965   855        1.3511     Cuts: 520    29129   26.24%
*     0+    0                            1.3428        0.9965            25.79%
      0     0        0.9975   829        1.3428     Cuts: 586    30192   25.72%
      0     0        0.9987   809        1.3428     Cuts: 692    31375   25.62%
*     0+    0                            1.3333        0.9987            25.10%
      0     0        0.9998   838        1.3333     Cuts: 667    32337   25.01%
      0     0        1.0007   790        1.3333     Cuts: 533    33803   24.95%
      0     0        1.0013   825        1.3333     Cuts: 671    34880   24.90%
      0     0        1.0018   831        1.3333     Cuts: 607    35658   24.86%
      0     0        1.0025   862        1.3333     Cuts: 478    36208   24.81%
      0     0        1.0030   866        1.3333     Cuts: 463    36892   24.77%
      0     0        1.0034   831        1.3333     Cuts: 609    38002   24.75%
      0     0        1.0040   845        1.3333     Cuts: 649    38768   24.70%
      0     0        1.0044   836        1.3333     Cuts: 524    39512   24.67%
      0     0        1.0046   744        1.3333     Cuts: 573    40498   24.65%
      0     0        1.0048   803        1.3333     Cuts: 600    41544   24.64%
      0     0        1.0056   691        1.3333     Cuts: 360    42418   24.58%
      0     0        1.0059   657        1.3333     Cuts: 521    43169   24.56%
      0     0        1.0065   692        1.3333     Cuts: 559    44436   24.51%
      0     0        1.0066   724        1.3333     Cuts: 455    45245   24.51%
*     0+    0                            1.3322        1.0066            24.44%
*     0+    0                            1.3288        1.0066            24.25%
*     0+    0                            1.3248        1.0066            24.02%
      0     2        1.0066   601        1.3248        1.0066    45245   24.02%
Elapsed time = 498.81 sec. (24316.68 ticks, tree = 0.02 MB, solutions = 12)
      3     4        1.0155   632        1.3248        1.0066    46227   24.02%
     29     7        1.0067   611        1.3248        1.0066    47435   24.02%
    243   150        1.2818   489        1.3248        1.0066    68447   24.02%
    518   388        1.0617   557        1.3248        1.0066   107424   24.02%
    780   544        1.0741   497        1.3248        1.0066   132854   24.02%
   1155   752        1.3226   238        1.3248        1.0066   159414   24.02%
   1554  1109        1.0464   491        1.3248        1.0066   203923   24.02%
   1972  1412        1.2769   236        1.3248        1.0066   233707   24.02%
   2489  1524        1.2759   259        1.3248        1.0066   245586   24.02%
   3743  2478        1.0521   171        1.3248        1.0066   349984   24.02%
Elapsed time = 540.89 sec. (27458.24 ticks, tree = 161.28 MB, solutions = 12)
   5043  3278        1.1900    61        1.3248        1.0066   479423   24.02%
*  5120+ 3480                            1.3086        1.0066            23.08%
*  5355+ 3477                            1.2190        1.0066            17.43%
*  5430  2685      integral     0        1.2144        1.0066   551366   17.11%
   6351  3265        1.0070   700        1.2144        1.0066   644615   17.11%
*  6768  3736      integral     0        1.1980        1.0066   716944   15.98%
   8024  4137        1.1600   151        1.1980        1.0066   873384   15.98%
*  8305+ 4505                            1.1899        1.0067            15.40%
*  8406+ 4505                            1.1834        1.0067            14.93%
*  8505+ 4505                            1.1814        1.0067            14.79%
   8512  4823        1.0196   567        1.1814        1.0067   995931   14.79%
*  8999+ 4374                            1.1798        1.0067            14.67%
   9077  4501        1.1673   191        1.1798        1.0067  1077714   14.67%
  10356  5530        1.1565   257        1.1798        1.0067  1158147   14.67%
* 10942+ 5756                            1.1722        1.0067            14.12%
* 11161+ 5784                            1.1720        1.0067            14.11%
  11549  6214        1.1589   177        1.1720        1.0067  1226440   14.11%
  12577  6822        1.1672   283        1.1720        1.0067  1299888   14.11%
* 13193+ 6712                            1.1646        1.0067            13.56%
  13969  7206        1.1608    12        1.1646        1.0067  1394564   13.56%
Elapsed time = 644.89 sec. (36350.84 ticks, tree = 382.44 MB, solutions = 49)
* 14024  7215      integral     0        1.1627        1.0067  1394616   13.42%
* 14182+ 7351                            1.1613        1.0067            13.31%
  15310  7870        cutoff              1.1613        1.0067  1497038   13.31%
* 16132+ 7468                            1.1555        1.0067            12.88%
* 16164+ 7468                            1.1486        1.0067            12.36%
* 16210+ 7468                            1.1467        1.0067            12.22%
  16969  7555        1.0341   732        1.1467        1.0067  1604415   12.22%
  18463  8587        1.1121   379        1.1467        1.0067  1715395   12.21%
  20302  9989        1.0094   564        1.1467        1.0067  1861567   12.21%
* 20622+ 7442                            1.1465        1.0080            12.09%
* 20622+ 4961                            1.1465        1.0100            11.91%
* 20622+ 3306                            1.1465        1.0100            11.91%
  20622  3307        1.0100   683        1.1465        1.0100  1991035   11.91%
  20625  1655        1.0100   633        1.1465        1.0100  1991923   11.91%
  20628  1325        1.0113   578        1.1465        1.0100  1995163   11.91%
  20635   714        cutoff              1.1465        1.0100  1997620   11.90%
  20647    51        1.0103   666        1.1465        1.0100  2004921   11.90%
Elapsed time = 1012.69 sec. (78707.69 ticks, tree = 2.54 MB, solutions = 69)
  20680    29        1.0291   671        1.1465        1.0100  2044375   11.90%
  20716    16        1.0108   680        1.1465        1.0100  2006285   11.90%
  20799    65        1.0350   507        1.1465        1.0100  2125666   11.90%
  20988   104        1.1341   683        1.1465        1.0100  2205640   11.90%
  21447   207        1.0929   499        1.1465        1.0100  2260807   11.90%
  22087   446        1.0904   610        1.1465        1.0100  2341418   11.90%
  23043  1173        1.1141   343        1.1465        1.0101  2455074   11.90%
  24185  1423        1.1340   410        1.1465        1.0103  2482612   11.88%
  25561  2620        1.1018   254        1.1465        1.0103  2603561   11.88%
  26789  3193        1.1447   173        1.1465        1.0103  2665762   11.88%
Elapsed time = 1176.60 sec. (88291.37 ticks, tree = 203.99 MB, solutions = 69)
  28270  4308        1.1122   547        1.1465        1.0103  2760850   11.88%
  30133  6590        1.1388   489        1.1465        1.0104  2945354   11.87%
  31798  7231        1.0521   561        1.1465        1.0105  3006647   11.86%
  33061  8986        1.1426   461        1.1465        1.0105  3179715   11.86%
  34588 10094        1.1140   645        1.1465        1.0105  3277034   11.86%
  36399 10843        1.0729   333        1.1465        1.0105  3353473   11.86%
  38358 12807        1.0864   392        1.1465        1.0105  3504156   11.86%
  39985 14290        1.0860   468        1.1465        1.0105  3601119   11.86%
  41905 15184        1.0948   290        1.1465        1.0105  3662390   11.86%
  44105 17119        1.0229   474        1.1465        1.0106  3814866   11.85%
Elapsed time = 1305.30 sec. (97831.90 ticks, tree = 1442.99 MB, solutions = 69)
  46451 19270        1.1020   499        1.1465        1.0106  3966541   11.85%
  48169 20526        1.1355   279        1.1465        1.0166  4051966   11.32%
* 50342+21690                            1.1464        1.0166            11.32%
  50660 22786        cutoff              1.1464        1.0166  4209019   11.32%
* 52435+23054                            1.1435        1.0174            11.02%
  52437 23993        1.0902   434        1.1435        1.0174  4296748   11.02%
* 52492+23054                            1.1430        1.0174            10.99%
* 52658+23054                            1.1173        1.0174             8.94%
* 53561+24051                            1.1172        1.0178             8.90%
  54062 24445        1.0415   538        1.1172        1.0178  4344034    8.90%
* 54519+10893                            1.1167        1.0183             8.81%
  55499 12262        1.0780   547        1.1167        1.0184  4569993    8.81%
  57537 13066        1.1149   213        1.1167        1.0193  4638908    8.72%
  60070 14462        1.1037   220        1.1167        1.0204  4747877    8.63%
* 61073+14094                            1.1156        1.0206             8.51%
* 61554+15599                            1.1155        1.0207             8.50%
  61646 15934        1.0701   451        1.1155        1.0207  4883924    8.50%
* 62310+16392                            1.1155        1.0215             8.42%
  63259 17107        1.1134   331        1.1155        1.0217  4999726    8.41%
Elapsed time = 1397.80 sec. (107371.32 ticks, tree = 1420.21 MB, solutions = 93)
  65388 18653        1.1004   337        1.1155        1.0218  5104703    8.40%
  67741 20620        1.1058   393        1.1155        1.0227  5250001    8.32%
* 68418+21402                            1.1120        1.0227             8.04%
  70255 19948        1.1105   200        1.1120        1.0236  5362226    7.95%
  72432 22198        cutoff              1.1120        1.0243  5533650    7.89%
* 73103+20795                            1.1061        1.0243             7.39%
  73738 19310        1.0402   514        1.1061        1.0246  5640801    7.36%
  75183 20244        1.0890   367        1.1061        1.0252  5726272    7.31%
* 75750+22305                            1.1057        1.0252             7.28%
  76913 21192        1.0683   477        1.1057        1.0252  5797535    7.28%
* 77640+22305                            1.1054        1.0252             7.25%
  78321 22700        1.0964   454        1.1054        1.0252  5903584    7.25%
* 78761+22305                            1.1041        1.0252             7.15%
* 79069+22678                            1.1030        1.0252             7.05%
  79761 21015        1.0811   512        1.1030        1.0252  5971268    7.05%
* 80306+22305                            1.1013        1.0252             6.91%
  80929 21311        1.0925   465        1.1013        1.0252  5993844    6.91%
Elapsed time = 1493.14 sec. (116916.77 ticks, tree = 1845.86 MB, solutions = 97)
  81914 21786        1.0996   461        1.1013        1.0252  6084632    6.91%
  82878 23033        1.0772   558        1.1013        1.0252  6193325    6.91%
* 83296+22305                            1.1003        1.0252             6.82%
  84227 23614        1.1023   400        1.1003        1.0252  6246587    6.82%
  85451 24820        1.0969   342        1.1003        1.0252  6328253    6.82%
  86879 25252        1.0936   404        1.1003        1.0252  6364195    6.82%
  88025 26041        1.0932   409        1.1003        1.0252  6429745    6.82%
  89332 27581        1.0776   527        1.1003        1.0252  6550453    6.82%
  90555 28099        1.0398   386        1.1003        1.0252  6597284    6.82%
  91674 29725        1.0804   383        1.1003        1.0252  6725988    6.82%
  93061 30271        1.0999   185        1.1003        1.0252  6773313    6.82%
Elapsed time = 1580.09 sec. (126461.15 ticks, tree = 2657.89 MB, solutions = 98)
Nodefile size = 601.30 MB (524.57 MB after compression)
* 93518+22366                            1.1002        1.0252             6.82%
  94091 30919        1.0949   187        1.1002        1.0252  6814044    6.82%
* 94264+29256                            1.0989        1.0252             6.71%
  95089 28097        1.0919   423        1.0989        1.0252  6911973    6.71%
  96649 28440        1.0989   386        1.0989        1.0252  6945483    6.71%
  98456 29867        1.0985   326        1.0989        1.0255  7074526    6.68%
 100124 30833        1.0909   468        1.0989        1.0313  7150814    6.16%
*101228+30942                            1.0989        1.0313             6.15%
 102059 32875        1.0884   375        1.0989        1.0313  7324652    6.15%
*102769+32826                            1.0989        1.0315             6.13%
*103830+32789                            1.0983        1.0315             6.07%
 103913 33366        1.0938   417        1.0983        1.0315  7371666    6.07%
 106118 34456        1.0877   448        1.0983        1.0323  7452280    6.00%
*106626+34078                            1.0982        1.0323             6.00%
 107732 34698        1.0943   308        1.0982        1.0325  7552358    5.98%
 109207 37052        cutoff              1.0982        1.0325  7759720    5.98%
Elapsed time = 1712.49 sec. (136004.86 ticks, tree = 3189.46 MB, solutions = 199)
Nodefile size = 1133.93 MB (991.05 MB after compression)
 110749 37555        1.0824   359        1.0982        1.0325  7809810    5.98%
 112356 39222        1.0877   287        1.0982        1.0331  7962220    5.93%
*114186+39058                            1.0980        1.0334             5.88%
 114441 40861        1.0703   428        1.0980        1.0334  8112703    5.88%
*115049+40845                            1.0976        1.0334             5.85%
 116126 41206        1.0906   445        1.0976        1.0335  8212725    5.84%
 118166 41853        1.0631   504        1.0976        1.0335  8264921    5.84%
 120074 43887        1.0839   382        1.0976        1.0336  8437562    5.83%
 122048 44964        1.0933   171        1.0976        1.0337  8526399    5.82%
 123961 45393        1.0570   387        1.0976        1.0339  8567048    5.81%
 126192 47209        1.0950   247        1.0976        1.0340  8725227    5.80%
 134569 54515        1.0649   565        1.0976        1.0349  9323981    5.71%
Elapsed time = 1926.47 sec. (148406.67 ticks, tree = 4761.89 MB, solutions = 201)
Nodefile size = 2704.07 MB (2364.19 MB after compression)
*140025+57889                            1.0972        1.0350             5.67%
 143721 59798        1.0914   316        1.0972        1.0354  9795072    5.64%
 150657 66279        1.0929   342        1.0972        1.0360 10300975    5.58%
 159198 70953    infeasible              1.0972        1.0363 10743602    5.55%
 168237 77520        1.0739   463        1.0972        1.0370 11273475    5.48%
 174774 82689        1.0867   445        1.0972        1.0375 11714028    5.44%
 181656 88255        cutoff              1.0972        1.0380 12355390    5.40%
 188129 91285        1.0486   442        1.0972        1.0384 12692660    5.36%
 194814 95908        1.0960   288        1.0972        1.0386 13179596    5.34%
*196191+96786                            1.0966        1.0388             5.28%
*200740+99037                            1.0963        1.0389             5.23%
 201604 101015        1.0644   355        1.0963        1.0390 13844463    5.23%
 208484 103556        1.0777   277        1.0963        1.0393 14306444    5.20%
Elapsed time = 2397.65 sec. (186558.33 ticks, tree = 9221.70 MB, solutions = 204)
Nodefile size = 7157.83 MB (6261.66 MB after compression)
 215493 109562        1.0877   450        1.0963        1.0395 14960209    5.18%
 222431 112445        1.0874   325        1.0963        1.0397 15260005    5.16%
 228950 117474        1.0816   410        1.0963        1.0400 15801621    5.13%
 234850 122388        cutoff              1.0963        1.0401 16395873    5.12%
 242541 129090        1.0822   377        1.0963        1.0403 17055308    5.10%
 249748 132170        1.0884   321        1.0963        1.0405 17367437    5.09%
 257337 138013        1.0957   356        1.0963        1.0407 17960929    5.07%
 264647 142402        1.0922   385        1.0963        1.0409 18443617    5.05%
 272745 148082        1.0849   332        1.0963        1.0411 18991060    5.04%
 279007 154392        1.0501   442        1.0963        1.0413 19605987    5.01%
Elapsed time = 2793.99 sec. (224708.67 ticks, tree = 13955.50 MB, solutions = 204)
Nodefile size = 11892.93 MB (10390.33 MB after compression)
 287425 159568        1.0914   413        1.0963        1.0414 20123979    5.00%
 295632 165340        1.0792   298        1.0963        1.0416 20598153    4.98%
 304155 172778        1.0770   475        1.0963        1.0418 21263751    4.97%
 311875 177332        1.0770   421        1.0963        1.0420 21640435    4.95%
 320450 181828        1.0778   338        1.0963        1.0421 22078147    4.94%
 326615 188274        1.0913   427        1.0963        1.0423 22696481    4.92%
 334191 192066        cutoff              1.0963        1.0425 23072325    4.91%
 342698 199709        1.0524   428        1.0963        1.0427 23809665    4.89%
 351139 204176        1.0827   375        1.0963        1.0428 24223089    4.87%
 360066 210361        cutoff              1.0963        1.0430 24746616    4.86%
Elapsed time = 3201.07 sec. (262858.31 ticks, tree = 19170.84 MB, solutions = 204)
Nodefile size = 17099.55 MB (14895.96 MB after compression)
 368604 217796        1.0911   266        1.0963        1.0432 25398288    4.84%
 376715 223799        1.0892   408        1.0963        1.0433 25884891    4.83%
 383799 228809        1.0575   532        1.0963        1.0435 26384926    4.81%
 393001 234572        cutoff              1.0963        1.0436 26891698    4.80%
 402177 239567        1.0866   376        1.0963        1.0437 27312121    4.79%
*402347+242097                            1.0960        1.0437             4.77%
*402526+241656                            1.0941        1.0437             4.60%
*404224+241927                            1.0937        1.0438             4.56%
*404506+221323                            1.0868        1.0438             3.95%
*404576+221442                            1.0864        1.0438             3.92%
*405651+222357                            1.0811        1.0438             3.45%
*405856+222240                            1.0809        1.0438             3.43%
*408607+106260                            1.0809        1.0438             3.43%
*409868+106553                            1.0805        1.0439             3.39%
 410223 106496        1.0798   497        1.0805        1.0439 27976998    3.39%
*411172+105794                            1.0805        1.0439             3.39%
*413024+105902                            1.0805        1.0439             3.39%
*414005+105772                            1.0805        1.0439             3.39%
 418395 110206        cutoff              1.0805        1.0440 28559509    3.38%
 426873 113121        1.0756   345        1.0805        1.0442 28866901    3.36%
 434462 120897        1.0749   282        1.0805        1.0444 29617939    3.35%
*438239+121923                            1.0801        1.0445             3.29%
 441795 121567        1.0615   338        1.0801        1.0445 29944001    3.29%
Elapsed time = 3589.50 sec. (301012.70 ticks, tree = 10908.70 MB, solutions = 223)
Nodefile size = 8841.74 MB (7721.81 MB after compression)
 449796 127120        cutoff              1.0801        1.0447 30505047    3.27%
 458292 133174        1.0495   401        1.0801        1.0449 31063039    3.26%
 466936 136163        cutoff              1.0801        1.0450 31364856    3.25%
 475368 144496        1.0617   339        1.0801        1.0451 32149039    3.23%
 483041 149115        1.0473   499        1.0801        1.0453 32595167    3.22%
 490710 153380        1.0603   478        1.0801        1.0454 33054775    3.21%
*492110+154168                            1.0795        1.0455             3.15%
*493659+152838                            1.0769        1.0455             2.92%
*495230+135218                            1.0767        1.0455             2.90%
*497543+134646                            1.0758        1.0455             2.81%
 499354 135225        1.0692   416        1.0758        1.0455 33560074    2.81%
*501237+132189                            1.0757        1.0456             2.80%
*501833+131560                            1.0756        1.0456             2.79%
*501960+130110                            1.0754        1.0456             2.77%
*502551+132120                            1.0753        1.0456             2.77%
*503282+131045                            1.0748        1.0456             2.71%
 507115 128360        1.0615   367        1.0748        1.0457 33974570    2.71%
 516212 132848        1.0498   423        1.0748        1.0458 34424165    2.69%
 524585 141048        1.0639   421        1.0748        1.0459 35196460    2.68%
Elapsed time = 4013.38 sec. (339162.02 ticks, tree = 12739.91 MB, solutions = 234)
Nodefile size = 10679.22 MB (9286.23 MB after compression)
*532434+145285                            1.0746        1.0461             2.66%
 533785 143619        1.0605   438        1.0746        1.0461 35439454    2.65%
 541807 151582        1.0624   471        1.0746        1.0462 36238767    2.64%
 549116 153909        1.0627   392        1.0746        1.0464 36492051    2.63%
 557666 158882        1.0666   340        1.0746        1.0465 37029427    2.62%
 566411 165046        1.0570   508        1.0746        1.0466 37633381    2.61%
 574942 168705        cutoff              1.0746        1.0467 37981770    2.60%
 583972 176864        cutoff              1.0746        1.0468 38783364    2.58%
 592138 179793        1.0609   430        1.0746        1.0470 39062274    2.57%
 599879 185431        1.0628   400        1.0746        1.0471 39617010    2.56%
 609349 189818        cutoff              1.0746        1.0472 40028626    2.55%
Elapsed time = 4468.79 sec. (377312.65 ticks, tree = 17322.76 MB, solutions = 235)
Nodefile size = 15253.91 MB (13236.43 MB after compression)
 618296 195100        1.0653   399        1.0746        1.0473 40510637    2.54%
 627588 203357        1.0711   363        1.0746        1.0474 41270871    2.53%
 636393 207442        1.0485   416        1.0746        1.0475 41650384    2.52%
 646033 214505        1.0582   380        1.0746        1.0476 42296690    2.51%
 654195 218919        1.0681   396        1.0746        1.0477 42690241    2.50%
 662528 222955        1.0509   420        1.0746        1.0478 43078498    2.49%
 671755 230185        1.0540   378        1.0746        1.0479 43769453    2.48%
 682014 234782        1.0487   404        1.0746        1.0480 44194576    2.48%
 691995 242974        1.0544   365        1.0746        1.0481 44878127    2.47%
 701352 246274        cutoff              1.0746        1.0482 45169481    2.46%
Elapsed time = 4912.54 sec. (415463.92 ticks, tree = 22643.04 MB, solutions = 235)
Nodefile size = 20568.28 MB (17824.80 MB after compression)
 709605 253167        1.0517   482        1.0746        1.0483 45774872    2.45%
 718903 259614        1.0680   342        1.0746        1.0484 46367266    2.44%
 728720 263767        1.0608   337        1.0746        1.0484 46724930    2.44%
 738929 268922        1.0736   561        1.0746        1.0485 47171940    2.43%
 749033 277944        1.0527   415        1.0746        1.0486 47938532    2.42%
 759205 283733        1.0518   359        1.0746        1.0487 48419540    2.41%
 768426 287324        1.0657   382        1.0746        1.0488 48758964    2.40%
 776137 293538        1.0706   327        1.0746        1.0489 49332820    2.40%
 786131 298925        1.0741   277        1.0746        1.0490 49823092    2.39%
 796213 304868        1.0719   255        1.0746        1.0490 50339134    2.38%
Elapsed time = 5356.56 sec. (453613.89 ticks, tree = 28166.93 MB, solutions = 235)
Nodefile size = 26095.16 MB (22600.46 MB after compression)
 806039 310826        1.0737   348        1.0746        1.0491 50808499    2.38%
 816062 319528        1.0646   532        1.0746        1.0492 51557152    2.37%
 825962 325130    infeasible              1.0746        1.0492 52091052    2.36%
 835318 328249        1.0724   301        1.0746        1.0493 52366560    2.36%
*839653+332363                            1.0744        1.0493             2.33%
*840398+332692                            1.0742        1.0494             2.32%
 844164 334027        1.0542   429        1.0742        1.0494 52873022    2.32%
 854233 336898        1.0726   385        1.0742        1.0494 53354483    2.31%
 864840 344154        1.0688   297        1.0742        1.0495 53968268    2.30%
 874843 349768        1.0498   536        1.0742        1.0496 54486726    2.30%
 885301 356327        1.0694   318        1.0742        1.0496 55019392    2.29%
 895199 362986        1.0589   346        1.0742        1.0497 55587358    2.29%
Elapsed time = 5690.82 sec. (491763.11 ticks, tree = 33648.02 MB, solutions = 237)
Nodefile size = 31578.14 MB (27337.20 MB after compression)
 904654 367287        1.0736   271        1.0742        1.0498 55957786    2.28%
 913508 372689        1.0740   337        1.0742        1.0498 56415962    2.27%
 923655 379458        1.0507   545        1.0742        1.0499 57015964    2.27%
 934463 384692        1.0624   368        1.0742        1.0499 57473625    2.26%
 944974 393722        1.0654   358        1.0742        1.0500 58194632    2.26%
 955493 398063        1.0694   260        1.0742        1.0501 58535924    2.25%
 965814 406938        cutoff              1.0742        1.0501 59302007    2.25%
 974157 411686        1.0517   311        1.0742        1.0502 59731622    2.24%
 983498 415965        1.0521   308        1.0742        1.0502 60088707    2.24%
 993576 422161        1.0700   467        1.0742        1.0503 60650233    2.23%
Elapsed time = 5828.89 sec. (529912.99 ticks, tree = 39229.75 MB, solutions = 237)
Nodefile size = 37163.86 MB (32150.86 MB after compression)
 1003634 427326        1.0621   393        1.0742        1.0503 61085692    2.23%
 1013605 433872        1.0573   350        1.0742        1.0504 61690552    2.22%
 1024157 440205        1.0644   407        1.0742        1.0504 62259894    2.22%
 1034565 444674        1.0545   338        1.0742        1.0505 62638664    2.21%
 1044796 452653        1.0704   251        1.0742        1.0505 63327996    2.21%
 1054262 456573    infeasible              1.0742        1.0506 63657002    2.21%
 1063043 462501        1.0536   382        1.0742        1.0506 64222270    2.20%
 1073184 469453        1.0721   317        1.0742        1.0507 64840188    2.20%
 1083439 476989        1.0678   300        1.0742        1.0507 65454429    2.19%
 1093875 482451        1.0568   279        1.0742        1.0508 65963176    2.19%
Elapsed time = 5967.17 sec. (568064.72 ticks, tree = 44921.14 MB, solutions = 237)
Nodefile size = 42853.66 MB (37054.75 MB after compression)
 1104329 487288        1.0596   383        1.0742        1.0508 66391764    2.18%
 1115219 491810        1.0728   176        1.0742        1.0509 66796870    2.18%
 1122912 498191        1.0683   358        1.0742        1.0509 67336426    2.17%
 1132763 502287        1.0556   344        1.0742        1.0510 67708275    2.17%
 1144308 508499        cutoff              1.0742        1.0510 68267886    2.16%
 1155698 517986        1.0734   344        1.0742        1.0510 69023810    2.16%
 1166393 523159        1.0719   399        1.0742        1.0511 69471203    2.16%
 1177288 531344        1.0670   243        1.0742        1.0511 70154694    2.15%
 1188430 533335        1.0720   169        1.0742        1.0512 70362200    2.15%
 1196349 541043        1.0583   336        1.0742        1.0512 70982318    2.14%
Elapsed time = 6107.02 sec. (606213.89 ticks, tree = 50434.09 MB, solutions = 237)
Nodefile size = 48363.81 MB (41795.22 MB after compression)
 1206521 544777        1.0740   262        1.0742        1.0513 71317994    2.14%
 1217727 552475        1.0734   267        1.0742        1.0513 72007197    2.13%
 1228371 557371        1.0692   371        1.0742        1.0514 72408024    2.13%
 1238865 565750        1.0738    17        1.0742        1.0514 73119932    2.13%
 1249770 573045        1.0722   281        1.0742        1.0514 73746862    2.12%
 1260212 575858        1.0552   381        1.0742        1.0515 74020978    2.12%
 1269964 581726        cutoff              1.0742        1.0515 74464943    2.12%
 1281318 588702        1.0618   426        1.0742        1.0516 75054253    2.11%
 1290882 593285        1.0638   360        1.0742        1.0516 75464550    2.11%
 1301505 599101        1.0595   448        1.0742        1.0516 76041165    2.11%
Elapsed time = 6254.20 sec. (644364.49 ticks, tree = 55684.57 MB, solutions = 237)
Nodefile size = 53615.73 MB (46320.56 MB after compression)
 1311655 607573        1.0656   315        1.0742        1.0517 76822887    2.10%
 1322791 611538        1.0638   306        1.0742        1.0517 77188818    2.10%
 1330906 617210        1.0730   154        1.0742        1.0518 77641646    2.09%
 1341492 621858        1.0550   507        1.0742        1.0518 78074144    2.09%
 1350594 629859        1.0547   457        1.0742        1.0518 78808134    2.09%
 1361232 633271        1.0737   411        1.0742        1.0518 79181352    2.09%
 1372076 642489        1.0688   475        1.0742        1.0519 79999342    2.08%
 1383164 647322        1.0704   456        1.0742        1.0519 80426769    2.08%
 1390203 653032        cutoff              1.0742        1.0520 80889484    2.08%
 1400547 656190        1.0647   367        1.0742        1.0520 81266158    2.07%
Elapsed time = 6400.84 sec. (682513.74 ticks, tree = 60329.49 MB, solutions = 237)
Nodefile size = 58260.22 MB (50254.76 MB after compression)
 1411237 662886        1.0606   314        1.0742        1.0520 81838551    2.07%
 1421214 668275        cutoff              1.0742        1.0520 82297863    2.07%
 1430797 672529        1.0676   262        1.0742        1.0521 82728479    2.06%
 1441491 678682        1.0593   406        1.0742        1.0521 83335387    2.06%
 1449689 687120        1.0542   364        1.0742        1.0521 84042529    2.06%
 1460245 689070        1.0602   385        1.0742        1.0522 84237637    2.06%
 1469604 697583        1.0640   285        1.0742        1.0522 84936482    2.05%
 1479091 700653        1.0659   364        1.0742        1.0522 85307812    2.05%
 1489604 706465        1.0720   284        1.0742        1.0523 85896519    2.05%
 1500594 713052        1.0592   561        1.0742        1.0523 86487135    2.04%
Elapsed time = 6554.37 sec. (720664.34 ticks, tree = 64730.34 MB, solutions = 237)
Nodefile size = 62665.81 MB (53895.93 MB after compression)
 1511354 718136        1.0730   378        1.0742        1.0523 86903174    2.04%
 1517977 725515        cutoff              1.0742        1.0524 87661066    2.04%
 1527646 728467        1.0618   340        1.0742        1.0524 87985810    2.03%
 1538872 734518        1.0702   284        1.0742        1.0524 88467967    2.03%
 1548340 739850        1.0682   296        1.0742        1.0524 88903251    2.03%
 1557560 746327        1.0709   253        1.0742        1.0525 89466243    2.03%
 1566569 751216        cutoff              1.0742        1.0525 90013830    2.02%
 1577173 757042        1.0711   379        1.0742        1.0525 90576147    2.02%
 1585610 764175        cutoff              1.0742        1.0526 91181042    2.02%
 1595256 765430        1.0697   318        1.0742        1.0526 91270313    2.02%
Elapsed time = 6710.91 sec. (758815.22 ticks, tree = 69172.95 MB, solutions = 237)
Nodefile size = 67112.73 MB (57565.12 MB after compression)
 1603597 771475        1.0680   178        1.0742        1.0526 91826938    2.01%
 1614688 780111        1.0687   194        1.0742        1.0526 92696144    2.01%
 1626249 783007        1.0535   452        1.0742        1.0527 92915526    2.01%
 1636384 791648        1.0705   503        1.0742        1.0527 93647210    2.01%

Clique cuts applied:  1336
Implied bound cuts applied:  76
Flow cuts applied:  56
Mixed integer rounding cuts applied:  153
Zero-half cuts applied:  495
Lift and project cuts applied:  62
Gomory fractional cuts applied:  9

Root node processing (before b&c):
  Real time             =  493.04 sec. (24324.40 ticks)
Parallel b&c, 32 threads:
  Real time             = 6285.91 sec. (750373.05 ticks)
  Sync time (average)   = 3446.77 sec.
  Wait time (average)   =    1.69 sec.
                          ------------
Total (root+branch&cut) = 6778.95 sec. (774697.46 ticks)
Solution found
