Model: Diversity_model_3
 - number of variables: 580
   - binary=108, integer=1, continuous=471
 - number of constraints: 929
   - linear=929
 - parameters: defaults
CPXPARAM_Read_DataCheck                          1
CPXPARAM_RandomSeed                              201804051
CPXPARAM_MIP_Strategy_LBHeur                     1
CPXPARAM_TimeLimit                               86400
CPXPARAM_MIP_Tolerances_MIPGap                   0.02
Tried aggregator 3 times.
MIP Presolve eliminated 89 rows and 61 columns.
MIP Presolve modified 378 coefficients.
Aggregator did 82 substitutions.
Reduced MIP has 758 rows, 437 columns, and 1947 nonzeros.
Reduced MIP has 81 binaries, 0 generals, 54 SOSs, and 0 indicators.
Presolve time = 0.01 sec. (3.81 ticks)
Probing fixed 0 vars, tightened 78 bounds.
Probing time = 0.00 sec. (1.78 ticks)
Tried aggregator 2 times.
MIP Presolve modified 52 coefficients.
Aggregator did 27 substitutions.
Reduced MIP has 731 rows, 410 columns, and 1893 nonzeros.
Reduced MIP has 81 binaries, 0 generals, 54 SOSs, and 0 indicators.
Presolve time = 0.02 sec. (2.03 ticks)
Probing time = 0.02 sec. (1.66 ticks)
Clique table members: 79.
MIP emphasis: balance optimality and feasibility.
MIP search method: dynamic search.
Parallel mode: deterministic, using up to 32 threads.
Root relaxation solution time = 0.03 sec. (2.89 ticks)

        Nodes                                         Cuts/
   Node  Left     Objective  IInf  Best Integer    Best Bound    ItCnt     Gap

      0     0        0.2619    68                      0.2619      229         
*     0+    0                            0.6095        0.2619            57.03%
      0     0        0.2741    59        0.6095     Cuts: 279      495   55.03%
*     0+    0                            0.5402        0.2741            49.25%
      0     0        0.3118    58        0.5402      Cuts: 90      619   42.27%
*     0+    0                            0.4734        0.3118            34.14%
      0     0        0.3233    54        0.4734      Cuts: 33      657   31.71%
      0     0        0.3241    54        0.4734      Cuts: 16      669   31.54%
*     0+    0                            0.4577        0.3241            29.18%
*     0+    0                            0.4088        0.3241            20.70%

Implied bound cuts applied:  25
Flow cuts applied:  65
Mixed integer rounding cuts applied:  13
Lift and project cuts applied:  1
Gomory fractional cuts applied:  44

Root node processing (before b&c):
  Real time             =  187.06 sec. (77.23 ticks)
Parallel b&c, 32 threads:
  Real time             =    0.00 sec. (0.00 ticks)
  Sync time (average)   =    0.00 sec.
  Wait time (average)   =    0.00 sec.
                          ------------
Total (root+branch&cut) =  187.06 sec. (77.23 ticks)
Solution found
