Model: Diversity_model_3
 - number of variables: 2121
   - binary=244, integer=1, continuous=1876
 - number of constraints: 2578
   - linear=2578
 - parameters: defaults
CPXPARAM_Read_DataCheck                          1
CPXPARAM_RandomSeed                              201804051
CPXPARAM_MIP_Strategy_LBHeur                     1
CPXPARAM_TimeLimit                               86400
CPXPARAM_MIP_Tolerances_MIPGap                   0.02
Tried aggregator 2 times.
MIP Presolve eliminated 373 rows and 373 columns.
MIP Presolve modified 244 coefficients.
Aggregator did 366 substitutions.
Reduced MIP has 1839 rows, 1382 columns, and 5721 nonzeros.
Reduced MIP has 244 binaries, 0 generals, 366 SOSs, and 0 indicators.
Presolve time = 0.02 sec. (7.08 ticks)
Probing changed sense of 21 constraints.
Probing time = 0.03 sec. (2.57 ticks)
Tried aggregator 2 times.
MIP Presolve eliminated 21 rows and 0 columns.
Aggregator did 51 substitutions.
Reduced MIP has 1767 rows, 1331 columns, and 5556 nonzeros.
Reduced MIP has 223 binaries, 0 generals, 366 SOSs, and 0 indicators.
Presolve time = 0.05 sec. (5.94 ticks)
Probing changed sense of 6 constraints.
Probing time = 0.02 sec. (2.73 ticks)
Clique table members: 99.
MIP emphasis: balance optimality and feasibility.
MIP search method: dynamic search.
Parallel mode: deterministic, using up to 32 threads.
Root relaxation solution time = 0.10 sec. (18.54 ticks)

        Nodes                                         Cuts/
   Node  Left     Objective  IInf  Best Integer    Best Bound    ItCnt     Gap

      0     0        0.8754   180                      0.8754      523         
*     0+    0                            1.3714        0.8754            36.16%
      0     0        0.8754   211        1.3714      Cuts: 83     1140   36.16%
      0     0        0.8754   148        1.3714      Cuts: 28     1175   36.16%
      0     0        0.8754   151        1.3714      Cuts: 61     1266   36.16%
*     0+    0                            1.2653        0.8754            30.81%
      0     2        0.8754   112        1.2653        0.8754     1266   30.81%
Elapsed time = 81.38 sec. (295.51 ticks, tree = 0.02 MB, solutions = 2)
*  3423  1716      integral     0        1.2491        0.8754    42908   29.91%
*  4283  2092      integral     0        1.1851        0.8754    50337   26.13%
*  4820  2376      integral     0        1.0576        0.8754    54597   17.22%
*  5679+ 1126                            1.0508        0.8754            16.69%
*  5897+ 1150                            1.0470        0.8754            16.39%
*  6587+ 1087                            1.0125        0.8754            13.54%
*  6703  1078      integral     0        1.0123        0.8754    82634   13.52%
*  6721  1124      integral     0        1.0121        0.8754    77563   13.50%
*  8039  1735      integral     0        0.9746        0.8754   100033   10.17%
*  9000  1391      integral     0        0.9697        0.8754   114636    9.72%
*  9621+ 1504                            0.9694        0.8754             9.69%
*  9967  1699      integral     0        0.9684        0.8754   125305    9.60%
  11665  2971        0.9222    69        0.9684        0.8754   141808    9.60%
* 13310+ 1929                            0.9680        0.8754             9.56%
* 13367+ 1124                            0.9671        0.8754             9.48%
* 13367+ 2144                            0.9572        0.8754             8.54%
* 13369+ 2058                            0.9572        0.8754             8.54%
* 13581+ 1124                            0.9562        0.8754             8.45%
* 13920+ 1124                            0.9556        0.8754             8.38%
  14325  2861        0.9528    66        0.9556        0.8754   162606    8.38%
  16590  4205    infeasible              0.9556        0.8763   183986    8.30%
* 17561+ 1124                            0.9556        0.8888             6.98%
* 17566+ 2885                            0.9556        0.8948             6.36%

Implied bound cuts applied:  10
Flow cuts applied:  36
Mixed integer rounding cuts applied:  29
Gomory fractional cuts applied:  27

Root node processing (before b&c):
  Real time             =   73.45 sec. (295.33 ticks)
Parallel b&c, 32 threads:
  Real time             =  399.83 sec. (1461.18 ticks)
  Sync time (average)   =  214.18 sec.
  Wait time (average)   =    0.00 sec.
                          ------------
Total (root+branch&cut) =  473.29 sec. (1756.50 ticks)
Solution found
