Model: Diversity_model_3
 - number of variables: 557
   - binary=104, integer=1, continuous=452
 - number of constraints: 791
   - linear=791
 - parameters: defaults
CPXPARAM_Read_DataCheck                          1
CPXPARAM_RandomSeed                              201804051
CPXPARAM_MIP_Strategy_LBHeur                     1
CPXPARAM_TimeLimit                               86400
CPXPARAM_MIP_Tolerances_MIPGap                   0.02
Tried aggregator 3 times.
MIP Presolve eliminated 87 rows and 60 columns.
MIP Presolve modified 312 coefficients.
Aggregator did 79 substitutions.
Reduced MIP has 625 rows, 418 columns, and 1664 nonzeros.
Reduced MIP has 78 binaries, 0 generals, 52 SOSs, and 0 indicators.
Presolve time = 0.01 sec. (3.40 ticks)
Probing fixed 0 vars, tightened 78 bounds.
Probing time = 0.00 sec. (1.51 ticks)
Tried aggregator 2 times.
MIP Presolve modified 64 coefficients.
Aggregator did 26 substitutions.
Reduced MIP has 599 rows, 392 columns, and 1612 nonzeros.
Reduced MIP has 78 binaries, 0 generals, 52 SOSs, and 0 indicators.
Presolve time = 0.00 sec. (1.81 ticks)
Probing time = 0.00 sec. (1.38 ticks)
Clique table members: 78.
MIP emphasis: balance optimality and feasibility.
MIP search method: dynamic search.
Parallel mode: deterministic, using up to 32 threads.
Root relaxation solution time = 0.00 sec. (2.57 ticks)

        Nodes                                         Cuts/
   Node  Left     Objective  IInf  Best Integer    Best Bound    ItCnt     Gap

      0     0        1.0000    67                      1.0000      185         
*     0+    0                            1.5391        1.0000            35.03%
      0     0        1.0368    50        1.5391     Cuts: 147      436   32.63%
*     0+    0                            1.2868        1.0368            19.43%
      0     0        1.1010    50        1.2868      Cuts: 51      528   14.44%
*     0+    0                            1.2239        1.1010            10.04%
      0     0        1.1050    50        1.2239      Cuts: 64      564    9.71%
*     0+    0                            1.2237        1.1050             9.70%
      0     0        1.1050    52        1.2237       Cuts: 6      570    9.70%
      0     0        1.1054    50        1.2237       Cuts: 6      578    9.67%
*     0+    0                            1.2215        1.1054             9.50%
*     0+    0                            1.2171        1.1054             9.17%

Implied bound cuts applied:  1
Flow cuts applied:  22
Mixed integer rounding cuts applied:  21
Lift and project cuts applied:  17
Gomory fractional cuts applied:  33

Root node processing (before b&c):
  Real time             =  259.49 sec. (83.97 ticks)
Parallel b&c, 32 threads:
  Real time             =    0.00 sec. (0.00 ticks)
  Sync time (average)   =    0.00 sec.
  Wait time (average)   =    0.00 sec.
                          ------------
Total (root+branch&cut) =  259.49 sec. (83.97 ticks)
Solution found
