Model: Diversity_model_3
 - number of variables: 3536
   - binary=408, integer=1, continuous=3127
 - number of constraints: 4305
   - linear=4305
 - parameters: defaults
CPXPARAM_Read_DataCheck                          1
CPXPARAM_RandomSeed                              201804051
CPXPARAM_MIP_Strategy_LBHeur                     1
CPXPARAM_TimeLimit                               86400
CPXPARAM_MIP_Tolerances_MIPGap                   0.02
Tried aggregator 2 times.
MIP Presolve eliminated 619 rows and 619 columns.
MIP Presolve modified 408 coefficients.
Aggregator did 612 substitutions.
Reduced MIP has 3074 rows, 2305 columns, and 9558 nonzeros.
Reduced MIP has 408 binaries, 0 generals, 612 SOSs, and 0 indicators.
Presolve time = 0.02 sec. (12.88 ticks)
Probing changed sense of 10 constraints.
Probing time = 0.01 sec. (2.79 ticks)
Tried aggregator 2 times.
MIP Presolve eliminated 10 rows and 0 columns.
Aggregator did 61 substitutions.
Reduced MIP has 3003 rows, 2244 columns, and 9406 nonzeros.
Reduced MIP has 398 binaries, 0 generals, 612 SOSs, and 0 indicators.
Presolve time = 0.01 sec. (10.15 ticks)
Probing changed sense of 6 constraints.
Probing time = 0.00 sec. (2.86 ticks)
Clique table members: 194.
MIP emphasis: balance optimality and feasibility.
MIP search method: dynamic search.
Parallel mode: deterministic, using up to 32 threads.
Root relaxation solution time = 0.09 sec. (58.45 ticks)

        Nodes                                         Cuts/
   Node  Left     Objective  IInf  Best Integer    Best Bound    ItCnt     Gap

      0     0        0.8281   369                      0.8281     1154         
*     0+    0                            1.3909        0.8281            40.46%
      0     0        0.8281   342        1.3909     Cuts: 122     2203   40.46%
*     0+    0                            1.2908        0.8281            35.85%
      0     0        0.8281   344        1.2908      Cuts: 98     2397   35.85%
*     0+    0                            0.9537        0.8281            13.16%
      0     0        0.8281   209        0.9537      Cuts: 10     2415   13.16%
      0     0        0.8281   236        0.9537      Cuts: 70     2614   13.16%
*     0+    0                            0.9515        0.8281            12.96%
*     0+    0                            0.9504        0.8281            12.87%
      0     2        0.8281   176        0.9504        0.8281     2614   12.87%
Elapsed time = 22.13 sec. (800.10 ticks, tree = 0.02 MB, solutions = 5)
*    12+    2                            0.9496        0.8281            12.79%
*    21+    6                            0.9496        0.8281            12.79%
*    76+    9                            0.9486        0.8281            12.70%
   2322   492        0.8491   133        0.9486        0.8281    48022   12.70%
*  3093  1293      integral     0        0.9454        0.8281    58969   12.40%
*  3541  1556      integral     0        0.9356        0.8281    65593   11.49%
   3621  1434        0.8718   122        0.9356        0.8281    67264   11.49%
*  3696  1495      integral     0        0.9345        0.8281    67733   11.38%
*  4876  1853      integral     0        0.9331        0.8281    71059   11.25%
*  6496+ 1503                            0.9303        0.8281            10.99%
*  7455  3204      integral     0        0.9281        0.8281    88444   10.77%
   8021  3518        0.8600   114        0.9281        0.8281    97779   10.77%
*  8268+ 3732                            0.8999        0.8281             7.97%
*  9941+ 2972                            0.8706        0.8281             4.88%
  12335  2777        0.8697    53        0.8706        0.8281   151778    4.88%
* 16539  6018      integral     0        0.8701        0.8281   184312    4.82%
  17577  7437        0.8667    23        0.8701        0.8281   199307    4.82%
* 19380  8630      integral     0        0.8664        0.8281   211987    4.42%
  22839  8153        0.8449   112        0.8664        0.8281   236560    4.42%
  29616 13268        0.8643    45        0.8664        0.8281   283374    4.42%
  36608 19008        0.8610    88        0.8664        0.8281   332072    4.42%
* 38388+19230                            0.8664        0.8281             4.42%
  38534 22336        0.8594    75        0.8664        0.8281   361895    4.42%
* 38603+19152                            0.8664        0.8281             4.42%
* 45305+24758                            0.8625        0.8281             3.99%
* 51519+16350                            0.8610        0.8281             3.81%
  51519 16351        0.8281   121        0.8610        0.8316   461492    3.41%
Elapsed time = 89.04 sec. (5685.87 ticks, tree = 31.29 MB, solutions = 56)
* 58240+   31                            0.8593        0.8316             3.22%
* 61877+   28                            0.8580        0.8316             3.07%
  61941  3963        0.8561   137        0.8580        0.8316   605043    3.07%
* 62061+ 4302                            0.8565        0.8316             2.91%

Implied bound cuts applied:  44
Flow cuts applied:  8
Mixed integer rounding cuts applied:  4
Gomory fractional cuts applied:  3

Root node processing (before b&c):
  Real time             =   19.54 sec. (800.17 ticks)
Parallel b&c, 32 threads:
  Real time             =  143.04 sec. (6703.62 ticks)
  Sync time (average)   =  104.42 sec.
  Wait time (average)   =    0.06 sec.
                          ------------
Total (root+branch&cut) =  162.58 sec. (7503.79 ticks)
Solution found
