Model: Diversity_model_3
 - number of variables: 10025
   - binary=5350, integer=2, continuous=4673
 - number of constraints: 18461
   - linear=18461
 - parameters: defaults
CPXPARAM_Read_DataCheck                          1
CPXPARAM_RandomSeed                              201804051
CPXPARAM_MIP_Strategy_LBHeur                     1
CPXPARAM_TimeLimit                               86400
CPXPARAM_MIP_Tolerances_MIPGap                   0.02
Tried aggregator 2 times.
MIP Presolve eliminated 1039 rows and 1029 columns.
MIP Presolve modified 408 coefficients.
Aggregator did 3492 substitutions.
Reduced MIP has 13930 rows, 5504 columns, and 38943 nonzeros.
Reduced MIP has 2879 binaries, 0 generals, 1020 SOSs, and 0 indicators.
Presolve time = 0.15 sec. (60.45 ticks)
Probing changed sense of 34 constraints.
Probing time = 0.35 sec. (19.85 ticks)
Tried aggregator 2 times.
MIP Presolve eliminated 3360 rows and 689 columns.
Aggregator did 68 substitutions.
Reduced MIP has 10502 rows, 4747 columns, and 30105 nonzeros.
Reduced MIP has 2156 binaries, 0 generals, 1020 SOSs, and 0 indicators.
Presolve time = 0.26 sec. (49.06 ticks)
Probing time = 0.36 sec. (13.67 ticks)
Tried aggregator 2 times.
MIP Presolve eliminated 2972 rows and 859 columns.
Aggregator did 34 substitutions.
Reduced MIP has 7496 rows, 3854 columns, and 23009 nonzeros.
Reduced MIP has 1297 binaries, 0 generals, 1020 SOSs, and 0 indicators.
Presolve time = 0.25 sec. (42.31 ticks)
Probing time = 0.38 sec. (7.72 ticks)
Clique table members: 15409.
MIP emphasis: balance optimality and feasibility.
MIP search method: dynamic search.
Parallel mode: deterministic, using up to 32 threads.
Root relaxation solution time = 8.68 sec. (201.19 ticks)

        Nodes                                         Cuts/
   Node  Left     Objective  IInf  Best Integer    Best Bound    ItCnt     Gap

      0     0        1.0000   815                      1.0000     1601         
      0     0        1.0000   670                   Cuts: 614     2696         
      0     0        1.0156   731                   Cuts: 969     4352         
      0     0        1.0170   696                   Cuts: 618     5414         
      0     0        1.0170   681                   Cuts: 507     5875         
      0     0        1.0170   727                   Cuts: 333     6231         
*     0+    0                            1.6734        1.0170            39.23%
      0     0        1.0170   482        1.6734     Cuts: 121     6524   39.23%
*     0+    0                            1.6724        1.0170            39.19%
*     0+    0                            1.6710        1.0170            39.14%
      0     0        1.0170   506        1.6710     Cuts: 298     6920   39.14%
      0     2        1.0170   374        1.6710        1.0170     6920   39.14%
Elapsed time = 217.60 sec. (3845.59 ticks, tree = 0.02 MB, solutions = 3)
*    71+    1                            1.6695        1.0170            39.08%
    173    95        1.5660   351        1.6695        1.0170    19159   39.08%
    958   612        1.5662   355        1.6695        1.0170    56214   39.08%
   1889  1158        1.1802   402        1.6695        1.0170    89058   39.08%
   2781  1781        1.5100   274        1.6695        1.0170   135979   39.08%
   2978  1998        1.5477   349        1.6695        1.0170   171718   39.08%
   3523  2335        1.0174   456        1.6695        1.0170   201653   39.08%
*  3626+ 2298                            1.5918        1.0170            36.11%
   4250  1782        1.3024   212        1.5918        1.0170   232345   36.11%
*  4262+ 1828                            1.5908        1.0170            36.07%
   4736  2503        1.5553   274        1.5908        1.0170   295495   36.07%
*  5081+ 2332                            1.5799        1.0170            35.63%
   5567  2908        1.2210   526        1.5799        1.0170   367540   35.63%
*  6140+ 3260                            1.5789        1.0170            35.59%
*  6208+ 3033                            1.5708        1.0170            35.25%
*  7113+ 3662                            1.5662        1.0170            35.07%
*  7880+ 4266                            1.5533        1.0170            34.53%
*  7984  4620      integral     0        1.5105        1.0170   468472   32.67%
   8050  4637        1.5158   384        1.5105        1.0170   470463   32.67%
Elapsed time = 339.58 sec. (6949.08 ticks, tree = 92.06 MB, solutions = 13)
*  8455+ 4682                            1.4964        1.0170            32.04%
*  8477+ 4706                            1.4907        1.0170            31.78%
*  8636+ 4706                            1.3759        1.0170            26.09%
*  8804+ 4706                            1.3757        1.0170            26.07%
   9988  4334        1.1623   324        1.3757        1.0170   555256   26.07%
* 10093+ 4529                            1.3750        1.0170            26.04%
* 10474+ 4298                            1.3575        1.0170            25.08%
* 10613+ 4298                            1.3439        1.0170            24.32%
* 11298+ 4745                            1.3439        1.0170            24.32%
* 11963+ 4017                            1.3430        1.0170            24.27%
* 12079+ 4017                            1.3428        1.0170            24.26%
* 12141+ 4017                            1.3416        1.0170            24.19%
* 12202+ 4017                            1.3384        1.0170            24.01%
  12205  5531        1.1712   312        1.3384        1.0170   642805   24.01%
* 14354+ 7538                            1.3252        1.0170            23.26%
* 14443  7238      integral     0        1.3243        1.0170   753419   23.21%
  15090  7532        1.3157    38        1.3243        1.0170   766952   23.21%
* 15550+ 7798                            1.3151        1.0170            22.67%
* 15835+ 7325                            1.2804        1.0170            20.57%
  18562  8288        1.0232   375        1.2804        1.0170   881782   20.57%
* 21479+10844                            1.2155        1.0170            16.33%
* 21573  7120      integral     0        1.1669        1.0170  1020504   12.85%
* 24117+ 5087                            1.1504        1.0170            11.60%
  24318  6191        1.1101   403        1.1504        1.0170  1145758   11.60%
* 24933+ 5087                            1.1469        1.0170            11.33%
* 26621+ 5087                            1.1403        1.0170            10.81%
  26649  7894        1.0977   316        1.1403        1.0170  1259101   10.81%
* 26652+ 6006                            1.1398        1.0170            10.77%
* 26666+ 6006                            1.1392        1.0170            10.73%
* 26684+ 6806                            1.1368        1.0170            10.54%
* 26688+ 6806                            1.1342        1.0170            10.34%
* 26692+ 6806                            1.1340        1.0170            10.31%
* 26692+ 6806                            1.1336        1.0170            10.29%
* 26692+ 6806                            1.1305        1.0170            10.04%
* 26692+ 6806                            1.1303        1.0170            10.02%
  26695  7681        1.1158   369        1.1303        1.0170  1239221   10.02%
  26701  6151        1.0170   216        1.1303        1.0170  1324460   10.02%
  26707  4616        1.0625   311        1.1303        1.0170  1326103   10.02%
Elapsed time = 513.56 sec. (20832.48 ticks, tree = 253.07 MB, solutions = 187)
  28060   697        1.0968   236        1.1303        1.0170  1375795   10.02%
* 31617+   30                            1.1073        1.0170             8.16%
* 31652+   30                            1.1070        1.0170             8.13%
  31962  3726        1.1269   215        1.1070        1.0170  1502037    8.13%
  33955  3502        1.0204   333        1.1070        1.0170  1568817    8.13%
* 36781+ 3758                            1.1021        1.0170             7.72%
  37160  5500        cutoff              1.1021        1.0170  1650317    7.72%
* 37261+ 3758                            1.0989        1.0170             7.45%
  43642  8968        1.0882   230        1.0989        1.0170  1908280    7.45%
  48838 13554        1.0853   188        1.0989        1.0180  2199538    7.36%
  57793 19538        1.0855   213        1.0989        1.0199  2486811    7.19%
  68163 27988        cutoff              1.0989        1.0201  2856982    7.18%
  77703 34317        cutoff              1.0989        1.0201  3120274    7.18%
* 80888+35935                            1.0972        1.0201             7.02%
* 80888+36127                            1.0972        1.0201             7.02%
* 80888+35830                            1.0972        1.0201             7.02%
* 80889+37553                            1.0969        1.0201             7.00%
* 80901+38222                            1.0968        1.0202             6.99%
* 81963+37998                            1.0964        1.0202             6.95%
  82390 37190        1.0469   283        1.0964        1.0202  3347237    6.95%
Elapsed time = 609.09 sec. (30371.03 ticks, tree = 205.92 MB, solutions = 223)
  90144 41163        1.0377   276        1.0964        1.0202  3536578    6.95%
* 90551+36548                            1.0953        1.0202             6.86%
* 95473+36127                            1.0868        1.0202             6.13%
  98226 47315        1.0826   297        1.0868        1.0202  3816088    6.13%
*102633+36548                            1.0862        1.0202             6.08%
 103946 53516        1.0794   209        1.0862        1.0202  4094353    6.08%
*104113+36548                            1.0861        1.0202             6.07%
 111210 58954        1.0769   273        1.0861        1.0202  4332672    6.07%
 111777 50817        cutoff              1.0861        1.0202  4346590    6.07%
 115002 52318        1.0288   274        1.0861        1.0202  4418147    6.07%
 119638 54839        1.0550   254        1.0861        1.0202  4594067    6.07%
 125853 54187        1.0857   280        1.0861        1.0202  4830386    6.07%
 131351 57850        1.0653   309        1.0861        1.0202  5027742    6.07%
 136136 60930        1.0716   251        1.0861        1.0202  5213131    6.07%
Elapsed time = 688.88 sec. (39910.31 ticks, tree = 233.12 MB, solutions = 236)
 142962 67426        1.0643   172        1.0861        1.0202  5542056    6.07%
 150757 71442        1.0670   238        1.0861        1.0202  5735248    6.07%
 156327 77180        1.0766   243        1.0861        1.0202  6050109    6.07%
 162245 80200        1.0532   246        1.0861        1.0202  6241064    6.07%
 168682 83935        1.0703   296        1.0861        1.0202  6453049    6.07%
 172087 88601        1.0846   172        1.0861        1.0202  6731052    6.07%
 176844 89982        1.0833   265        1.0861        1.0202  6819947    6.07%
*178315+90545                            1.0853        1.0202             6.00%
 179939 89054        1.0842   156        1.0853        1.0202  6975084    6.00%
*181005+91612                            1.0825        1.0202             5.75%
*183557+84007                            1.0825        1.0202             5.75%
 185081 86046        1.0603   225        1.0825        1.0202  7219425    5.75%
 191150 90141        1.0805   207        1.0825        1.0202  7441737    5.75%
Elapsed time = 761.23 sec. (49450.65 ticks, tree = 292.11 MB, solutions = 239)
 197670 92369        1.0558   257        1.0825        1.0202  7566696    5.75%
 203407 97471        1.0693   153        1.0825        1.0202  7864246    5.75%
 206420 100940        1.0417   216        1.0825        1.0202  8076577    5.75%
 212070 104640        1.0660   242        1.0825        1.0202  8308367    5.75%
 217313 106953        cutoff              1.0825        1.0202  8446433    5.75%
 223283 113477        1.0785   237        1.0825        1.0202  8837222    5.75%
 228631 115220        1.0763   283        1.0825        1.0202  8959247    5.75%
 231202 119344        1.0800    63        1.0825        1.0202  9219807    5.75%
 235800 121759        1.0802   206        1.0825        1.0202  9414205    5.75%
*239781+123541                            1.0824        1.0202             5.75%
 240372 125348        1.0665   313        1.0824        1.0202  9643564    5.75%
Elapsed time = 839.71 sec. (58989.98 ticks, tree = 384.00 MB, solutions = 274)
*240401+123943                            1.0821        1.0202             5.72%
*240438+126412                            1.0821        1.0202             5.72%
*240978+125618                            1.0768        1.0202             5.26%
 242054 107152        1.0707   177        1.0768        1.0202  9779548    5.26%
*242334+106959                            1.0768        1.0202             5.25%
*242640+107155                            1.0765        1.0202             5.23%
*242888+107193                            1.0765        1.0202             5.22%
 243664 107527        1.0482   253        1.0765        1.0202  9823687    5.22%
 243682 106885        1.0455   268        1.0765        1.0202  9763715    5.22%
*243683+72389                            1.0750        1.0208             5.04%
 243683 72390        1.0170   241        1.0750        1.0208  9988741    5.04%
 243687 72389        1.0203   261        1.0750        1.0208  9992365    5.04%
 243934   130        1.0173   419        1.0750        1.0208 10037790    5.04%
 245263   838        1.0745   267        1.0750        1.0208 10145458    5.04%
 247249  2099        1.0329   202        1.0750        1.0208 10232280    5.04%
 250653  4295        1.0727   110        1.0750        1.0208 10372045    5.04%
 254462  6947        1.0231   243        1.0750        1.0208 10521926    5.04%
Elapsed time = 945.22 sec. (75352.32 ticks, tree = 181.78 MB, solutions = 316)
*256580+ 7359                            1.0741        1.0208             4.96%
 256801  8758        1.0199   297        1.0741        1.0208 10634047    4.96%
*256904+ 7376                            1.0740        1.0208             4.95%
*256906+ 7519                            1.0736        1.0208             4.92%
*257047+ 8588                            1.0705        1.0208             4.65%
*257107+ 8759                            1.0688        1.0208             4.49%
 257373  7499        1.0573   191        1.0688        1.0208 10649405    4.49%
 259415  8827        1.0276   227        1.0688        1.0208 10739960    4.49%
 263223 10658        1.0332   281        1.0688        1.0208 10856077    4.49%
 267103 13181        1.0459   252        1.0688        1.0208 11031883    4.49%
 271033 15847        1.0604   166        1.0688        1.0208 11233253    4.49%
 275542 18537        1.0562   216        1.0688        1.0212 11411775    4.45%
 279737 20894        cutoff              1.0688        1.0218 11572014    4.40%
 283952 24086    infeasible              1.0688        1.0227 11786564    4.31%
 288247 26205        1.0585   344        1.0688        1.0228 11945573    4.30%
Elapsed time = 1014.65 sec. (84894.98 ticks, tree = 651.34 MB, solutions = 330)
 293315 29257        1.0682   184        1.0688        1.0231 12198639    4.27%
 298726 31708        1.0563   233        1.0688        1.0236 12414101    4.23%
 304519 35252        cutoff              1.0688        1.0239 12698987    4.20%
 313045 37907        cutoff              1.0688        1.0243 12898191    4.16%
 320334 43601        1.0672   124        1.0688        1.0251 13263855    4.09%
 327146 46910        cutoff              1.0688        1.0259 13493418    4.01%
*328717+49000                            1.0674        1.0259             3.89%
*328889+48657                            1.0668        1.0262             3.80%
*328995+49159                            1.0668        1.0262             3.80%
*329058+49077                            1.0651        1.0262             3.66%
 330214 42579        cutoff              1.0651        1.0262 13754051    3.65%
 335053 44777        1.0291   223        1.0651        1.0264 13903429    3.63%
 341319 47732        1.0535   162        1.0651        1.0267 14112264    3.61%
 351147 50898        1.0456   162        1.0651        1.0271 14347354    3.57%
Elapsed time = 1084.39 sec. (94433.26 ticks, tree = 601.61 MB, solutions = 360)
 358082 57091        cutoff              1.0651        1.0276 14738330    3.53%
 364560 60782        1.0649   179        1.0651        1.0285 15011631    3.44%
 370500 65028        1.0634   102        1.0651        1.0289 15321025    3.41%
 375561 67898        1.0477   232        1.0651        1.0293 15547739    3.36%
 386125 70147        1.0416   251        1.0651        1.0296 15731490    3.34%
 394087 77673        1.0555   212        1.0651        1.0299 16201200    3.31%
 400469 81522        1.0466   237        1.0651        1.0306 16497882    3.25%
 407556 84941        1.0541   200        1.0651        1.0313 16736935    3.18%
 414265 87157        1.0616   202        1.0651        1.0318 16893206    3.13%
 447956 104675        1.0344   216        1.0651        1.0335 18079736    2.97%
Elapsed time = 1180.09 sec. (106832.57 ticks, tree = 698.21 MB, solutions = 360)
*466525+118922                            1.0650        1.0343             2.88%
*466593+118152                            1.0648        1.0343             2.86%
 468696 118351        1.0606   157        1.0648        1.0344 18951017    2.86%
*477974+123123                            1.0647        1.0345             2.83%
*479934+124043                            1.0645        1.0348             2.79%
 493745 127263        1.0569   247        1.0645        1.0351 19687865    2.76%
*516166+141949                            1.0645        1.0361             2.67%
*516434+142366                            1.0644        1.0361             2.66%
*517296+140963                            1.0643        1.0361             2.65%
 517500 142962        1.0485   313        1.0643        1.0361 20677470    2.65%
*517980+143193                            1.0640        1.0361             2.62%
*518092+141995                            1.0633        1.0362             2.54%
*520063+133216                            1.0632        1.0364             2.51%
*520857+142917                            1.0625        1.0365             2.45%
*522147+128640                            1.0623        1.0365             2.43%
*522465+128716                            1.0623        1.0365             2.43%
 537787 132977        1.0436   203        1.0623        1.0371 21306536    2.37%
 570700 151991        1.0508   190        1.0623        1.0378 22595909    2.31%
 598160 167408        1.0611   136        1.0623        1.0385 23661558    2.24%
*618474+178451                            1.0623        1.0389             2.20%
*621246+180179                            1.0621        1.0390             2.17%
 621294 182298        1.0596   152        1.0621        1.0390 24760078    2.17%
*621359+180095                            1.0619        1.0390             2.15%
*621360+180586                            1.0607        1.0390             2.05%
*621736+181563                            1.0605        1.0390             2.03%
*622427+160424                            1.0599        1.0390             1.97%

GUB cover cuts applied:  5
Clique cuts applied:  203
Cover cuts applied:  14
Implied bound cuts applied:  95
Flow cuts applied:  12
Mixed integer rounding cuts applied:  347
Zero-half cuts applied:  29
Lift and project cuts applied:  3
Gomory fractional cuts applied:  7

Root node processing (before b&c):
  Real time             =  209.71 sec. (3850.24 ticks)
Parallel b&c, 32 threads:
  Real time             = 1148.68 sec. (132716.75 ticks)
  Sync time (average)   =  436.29 sec.
  Wait time (average)   =    3.08 sec.
                          ------------
Total (root+branch&cut) = 1358.39 sec. (136566.99 ticks)
Solution found
