Model: Diversity_model_3
 - number of variables: 65
   - binary=12, integer=1, continuous=52
 - number of constraints: 117
   - linear=117
 - parameters: defaults
CPXPARAM_Read_DataCheck                          1
CPXPARAM_RandomSeed                              201804051
CPXPARAM_MIP_Strategy_LBHeur                     1
CPXPARAM_TimeLimit                               86400
CPXPARAM_MIP_Tolerances_MIPGap                   0.02
Tried aggregator 3 times.
MIP Presolve eliminated 86 rows and 34 columns.
MIP Presolve modified 60 coefficients.
Aggregator did 31 substitutions.
All rows and columns eliminated.
Presolve time = 0.01 sec. (0.21 ticks)

Root node processing (before b&c):
  Real time             =    0.02 sec. (0.22 ticks)
Parallel b&c, 32 threads:
  Real time             =    0.00 sec. (0.00 ticks)
  Sync time (average)   =    0.00 sec.
  Wait time (average)   =    0.00 sec.
                          ------------
Total (root+branch&cut) =    0.02 sec. (0.22 ticks)
Solution found
