Model: Diversity_model_3
 - number of variables: 1037
   - binary=150, integer=1, continuous=886
 - number of constraints: 1265
   - linear=1265
 - parameters: defaults
CPXPARAM_Read_DataCheck                          1
CPXPARAM_RandomSeed                              201804051
CPXPARAM_MIP_Strategy_LBHeur                     1
CPXPARAM_TimeLimit                               86400
CPXPARAM_MIP_Tolerances_MIPGap                   0.02
Tried aggregator 2 times.
MIP Presolve eliminated 158 rows and 158 columns.
MIP Presolve modified 150 coefficients.
Aggregator did 150 substitutions.
Reduced MIP has 957 rows, 729 columns, and 2859 nonzeros.
Reduced MIP has 150 binaries, 0 generals, 150 SOSs, and 0 indicators.
Presolve time = 0.01 sec. (3.54 ticks)
Probing changed sense of 25 constraints.
Probing time = 0.00 sec. (1.05 ticks)
Tried aggregator 2 times.
MIP Presolve eliminated 25 rows and 0 columns.
Aggregator did 50 substitutions.
Reduced MIP has 882 rows, 679 columns, and 2684 nonzeros.
Reduced MIP has 125 binaries, 0 generals, 150 SOSs, and 0 indicators.
Presolve time = 0.01 sec. (2.99 ticks)
Probing time = 0.00 sec. (0.78 ticks)
Clique table members: 50.
MIP emphasis: balance optimality and feasibility.
MIP search method: dynamic search.
Parallel mode: deterministic, using up to 32 threads.
Root relaxation solution time = 0.01 sec. (4.61 ticks)

        Nodes                                         Cuts/
   Node  Left     Objective  IInf  Best Integer    Best Bound    ItCnt     Gap

      0     0        1.0000    93                      1.0000      242         
      0     0        1.0000   111                   Cuts: 126      430         
*     0+    0                            2.0897        1.0000            52.15%
      0     0        1.0000   106        2.0897      Cuts: 89      545   52.15%
      0     0        1.0000   117        2.0897     Cuts: 143      665   52.15%
*     0+    0                            1.4918        1.0000            32.97%
      0     2        1.0000    72        1.4918        1.0000      665   32.97%
Elapsed time = 75.93 sec. (123.63 ticks, tree = 0.02 MB, solutions = 2)
*  1007+  446                            1.4545        1.0000            31.25%
*  1421+  604                            1.4516        1.0000            31.11%
*  1553+  607                            1.4375        1.0000            30.43%
*  1656+  656                            1.4170        1.0000            29.43%
*  2062+  844                            1.3769        1.0000            27.38%
*  2319+  895                            1.3214        1.0000            24.32%
*  2546+  864                            1.3210        1.0000            24.30%
*  2805+  883                            1.2998        1.0000            23.06%
*  2963+  975                            1.2649        1.0000            20.94%
*  5536+ 1333                            1.2602        1.0000            20.65%
*  6131+ 1993                            1.2599        1.0000            20.63%
*  6735+ 2547                            1.2484        1.0000            19.90%
*  6818  2217      integral     0        1.2439        1.0000    60313   19.61%
*  6858  2183      integral     0        1.2421        1.0000    59766   19.49%
*  7209+ 2634                            1.2403        1.0000            19.38%
   8870  2127        1.1408    54        1.2403        1.0000    67535   19.38%
*  9325+ 2938                            1.2367        1.0000            19.14%
* 10028+ 2801                            1.2257        1.0000            18.42%
* 10636  2390      integral     0        1.2047        1.0000    89353   16.99%
* 11874  1796      integral     0        1.1777        1.0000    94069   15.09%
  13478  2421        1.1213    70        1.1777        1.1193    72465    4.96%

Cover cuts applied:  3
Implied bound cuts applied:  9
Flow cuts applied:  74
Mixed integer rounding cuts applied:  115
Gomory fractional cuts applied:  27

Root node processing (before b&c):
  Real time             =   66.93 sec. (123.59 ticks)
Parallel b&c, 32 threads:
  Real time             =  544.46 sec. (650.63 ticks)
  Sync time (average)   =  156.74 sec.
  Wait time (average)   =    0.00 sec.
                          ------------
Total (root+branch&cut) =  611.39 sec. (774.22 ticks)
Solution found
