Model: Diversity_model_3
 - number of variables: 23327
   - binary=23101, integer=2, continuous=224
 - number of constraints: 71270
   - linear=71270
 - parameters: defaults
CPXPARAM_Read_DataCheck                          1
CPXPARAM_RandomSeed                              201804051
CPXPARAM_MIP_Strategy_LBHeur                     1
CPXPARAM_TimeLimit                               86400
CPXPARAM_MIP_Tolerances_MIPGap                   0.02
Tried aggregator 4 times.
MIP Presolve eliminated 51145 rows and 3202 columns.
MIP Presolve modified 305 coefficients.
Aggregator did 20125 substitutions.
All rows and columns eliminated.
Presolve time = 1.12 sec. (336.22 ticks)

Root node processing (before b&c):
  Real time             =    1.13 sec. (340.92 ticks)
Parallel b&c, 32 threads:
  Real time             =    0.00 sec. (0.00 ticks)
  Sync time (average)   =    0.00 sec.
  Wait time (average)   =    0.00 sec.
                          ------------
Total (root+branch&cut) =    1.13 sec. (340.92 ticks)
Solution found
