Model: Diversity_model_3
 - number of variables: 2959
   - binary=280, integer=1, continuous=2678
 - number of constraints: 3333
   - linear=3333
 - parameters: defaults
CPXPARAM_Read_DataCheck                          1
CPXPARAM_RandomSeed                              201804051
CPXPARAM_MIP_Strategy_LBHeur                     1
CPXPARAM_TimeLimit                               86400
CPXPARAM_MIP_Tolerances_MIPGap                   0.02
Tried aggregator 2 times.
MIP Presolve eliminated 567 rows and 567 columns.
MIP Presolve modified 280 coefficients.
Aggregator did 560 substitutions.
Reduced MIP has 2206 rows, 1832 columns, and 7311 nonzeros.
Reduced MIP has 280 binaries, 0 generals, 560 SOSs, and 0 indicators.
Presolve time = 0.03 sec. (9.13 ticks)
Probing changed sense of 14 constraints.
Probing time = 0.02 sec. (2.69 ticks)
Tried aggregator 2 times.
MIP Presolve eliminated 14 rows and 0 columns.
Aggregator did 42 substitutions.
Reduced MIP has 2150 rows, 1790 columns, and 7185 nonzeros.
Reduced MIP has 266 binaries, 0 generals, 560 SOSs, and 0 indicators.
Presolve time = 0.08 sec. (7.57 ticks)
Probing changed sense of 4 constraints.
Probing time = 0.03 sec. (2.80 ticks)
Clique table members: 126.
MIP emphasis: balance optimality and feasibility.
MIP search method: dynamic search.
Parallel mode: deterministic, using up to 32 threads.
Root relaxation solution time = 0.23 sec. (35.39 ticks)

        Nodes                                         Cuts/
   Node  Left     Objective  IInf  Best Integer    Best Bound    ItCnt     Gap

      0     0        0.2652   214                      0.2652      723         
*     0+    0                            1.5549        0.2652            82.94%
      0     0        0.2652   241        1.5549      Cuts: 85     1529   82.94%
*     0+    0                            0.4120        0.2652            35.63%
      0     0        0.2652   184        0.4120      Cuts: 38     1819   35.63%
      0     0        0.2652   181        0.4120     Cuts: 111     1906   35.63%
      0     0        0.2652   176        0.4120     Cuts: 114     1980   35.63%
      0     0        0.2652   181        0.4120      Cuts: 96     2037   35.63%
*     0+    0                            0.3998        0.2652            33.66%
*     0+    0                            0.3976        0.2652            33.29%
      0     2        0.2652   108        0.3976        0.2652     2037   33.29%
Elapsed time = 74.61 sec. (600.63 ticks, tree = 0.02 MB, solutions = 4)
*   237+   15                            0.3950        0.2652            32.85%
*  3359  2370      integral     0        0.3669        0.2652    66153   27.71%
*  3764  2564      integral     0        0.3661        0.2652    70810   27.55%
*  3808  2423      integral     0        0.3615        0.2652    69328   26.63%
*  3865+ 2739                            0.3407        0.2652            22.15%
   4209  2645        0.3045    37        0.3407        0.2652    79860   22.15%
*  4304+ 2672                            0.3231        0.2652            17.92%
*  4709  2223      integral     0        0.3107        0.2652    83910   14.63%
*  5383  2303      integral     0        0.3066        0.2652    98988   13.49%
*  5857  2413      integral     0        0.2991        0.2652   104207   11.32%
*  6097  2650      integral     0        0.2979        0.2652   115123   10.96%
   6307  2717        0.2946    24        0.2979        0.2652   118194   10.96%
   7579  3188        0.2758    87        0.2979        0.2652   132175   10.96%
*  8062+ 2416                            0.2978        0.2652            10.93%
*  8456  4102      integral     0        0.2915        0.2652   152252    9.00%
*  8724+ 2817                            0.2905        0.2652             8.72%
  10613  4659        0.2879    41        0.2905        0.2652   187104    8.72%
* 11020+ 2797                            0.2893        0.2652             8.33%
* 11288+ 2416                            0.2874        0.2652             7.71%
* 12950+ 2416                            0.2869        0.2652             7.55%
  13612  6393        cutoff              0.2869        0.2652   243999    7.55%
  17946  8140        cutoff              0.2869        0.2652   316208    7.55%
* 22318+ 2416                            0.2867        0.2652             7.48%
  24841 12043        0.2812    82        0.2867        0.2652   429690    7.48%
  31775 16374        0.2878    92        0.2867        0.2652   531524    7.48%
* 32129+ 2416                            0.2862        0.2652             7.35%
* 33502+ 9073                            0.2860        0.2652             7.27%
* 33502+ 6048                            0.2853        0.2652             7.03%
  33502  6049        0.2652    58        0.2853        0.2652   586243    7.03%
* 34202+  396                            0.2819        0.2652             5.92%
* 34385+  396                            0.2818        0.2652             5.89%
  35526   845        0.2822    65        0.2818        0.2652   611791    5.89%
Elapsed time = 327.55 sec. (4907.94 ticks, tree = 0.89 MB, solutions = 94)
* 35892+  396                            0.2818        0.2652             5.87%
* 42553+ 3836                            0.2816        0.2652             5.83%
* 42563+ 3899                            0.2816        0.2652             5.83%
* 42595+ 4044                            0.2816        0.2652             5.83%
  55273  9522        0.2751    90        0.2816        0.2687   908525    4.58%
* 66171 15504      integral     0        0.2815        0.2708  1031813    3.81%
* 72208 17279      integral     0        0.2788        0.2718  1090542    2.51%
* 74855  7293      integral     0        0.2743        0.2725  1123290    0.66%

Implied bound cuts applied:  1
Flow cuts applied:  6
Mixed integer rounding cuts applied:  4
Gomory fractional cuts applied:  8

Root node processing (before b&c):
  Real time             =   67.36 sec. (601.76 ticks)
Parallel b&c, 32 threads:
  Real time             =  276.94 sec. (5792.08 ticks)
  Sync time (average)   =  138.31 sec.
  Wait time (average)   =    0.21 sec.
                          ------------
Total (root+branch&cut) =  344.30 sec. (6393.84 ticks)
Solution found
