Model: Diversity_model_3
 - number of variables: 6528
   - binary=3086, integer=2, continuous=3440
 - number of constraints: 10551
   - linear=10551
 - parameters: defaults
CPXPARAM_Read_DataCheck                          1
CPXPARAM_RandomSeed                              201804051
CPXPARAM_MIP_Strategy_LBHeur                     1
CPXPARAM_TimeLimit                               86400
CPXPARAM_MIP_Tolerances_MIPGap                   0.02
Tried aggregator 2 times.
MIP Presolve eliminated 769 rows and 759 columns.
MIP Presolve modified 300 coefficients.
Aggregator did 2144 substitutions.
Reduced MIP has 7638 rows, 3625 columns, and 21656 nonzeros.
Reduced MIP has 1693 binaries, 0 generals, 750 SOSs, and 0 indicators.
Presolve time = 0.07 sec. (29.12 ticks)
Probing changed sense of 25 constraints.
Probing time = 0.11 sec. (7.99 ticks)
Tried aggregator 2 times.
MIP Presolve eliminated 2123 rows and 679 columns.
Aggregator did 50 substitutions.
Reduced MIP has 5465 rows, 2896 columns, and 16545 nonzeros.
Reduced MIP has 989 binaries, 0 generals, 750 SOSs, and 0 indicators.
Presolve time = 0.06 sec. (24.07 ticks)
Probing time = 0.15 sec. (3.92 ticks)
Tried aggregator 2 times.
MIP Presolve eliminated 867 rows and 251 columns.
Aggregator did 25 substitutions.
Reduced MIP has 4573 rows, 2620 columns, and 14521 nonzeros.
Reduced MIP has 738 binaries, 0 generals, 750 SOSs, and 0 indicators.
Presolve time = 0.06 sec. (24.60 ticks)
Probing time = 0.07 sec. (3.06 ticks)
Clique table members: 6865.
MIP emphasis: balance optimality and feasibility.
MIP search method: dynamic search.
Parallel mode: deterministic, using up to 32 threads.
Root relaxation solution time = 0.47 sec. (81.75 ticks)

        Nodes                                         Cuts/
   Node  Left     Objective  IInf  Best Integer    Best Bound    ItCnt     Gap

      0     0        1.0000   481                      1.0000      980         
      0     0        1.0000   306                   Cuts: 254     1460         
*     0+    0                            2.3642        1.0000            57.70%
      0     0        1.0101   364        2.3642     Cuts: 486     2187   57.28%
      0     0        1.0101   382        2.3642     Cuts: 270     2515   57.28%
*     0+    0                            2.3440        1.0101            56.91%
*     0+    0                            2.2476        1.0101            55.06%
      0     0        1.0101   288        2.2476      Cuts: 65     2726   55.06%
      0     0        1.0101   332        2.2476     Cuts: 209     3101   55.06%
*     0+    0                            1.9064        1.0101            47.02%
*     0+    0                            1.8745        1.0101            46.12%
      0     2        1.0101   208        1.8745        1.0101     3101   46.12%
Elapsed time = 21.71 sec. (1675.70 ticks, tree = 0.02 MB, solutions = 5)
*     6+    3                            1.8707        1.0101            46.01%
*    44+    1                            1.8707        1.0101            46.01%
*   144+   26                            1.8637        1.0101            45.80%
*   264+   27                            1.8567        1.0101            45.60%
    429   276        1.1659   217        1.8567        1.0101    16250   45.60%
*  1576+  879                            1.7399        1.0101            41.95%
*  1946  1232      integral     0        1.5842        1.0101    46275   36.24%
*  2370  1253      integral     0        1.5764        1.0101    58819   35.93%
   4258  2683        1.4252   150        1.5764        1.0101   113799   35.93%
*  4574  3209      integral     0        1.4913        1.0101   127980   32.27%
*  4813+ 2915                            1.4266        1.0101            29.20%
*  5430  3047      integral     0        1.3396        1.0101   149386   24.60%
*  5641+ 2714                            1.2495        1.0101            19.16%
*  6309  2378      integral     0        1.1883        1.0101   175668   15.00%
   6540  2099        1.0715   194        1.1883        1.0101   193745   15.00%
*  6923  2308      integral     0        1.1878        1.0101   202346   14.96%
*  6939  2481      integral     0        1.1865        1.0101   212217   14.87%
*  7434  2683      integral     0        1.1860        1.0101   225022   14.84%
*  7947+ 2962                            1.1798        1.0101            14.39%
*  8042  2999      integral     0        1.1734        1.0101   237946   13.92%
*  8477+ 2660                            1.1675        1.0101            13.48%
   8491  3391        1.0705   183        1.1675        1.0101   275878   13.48%
*  8537+ 2660                            1.1578        1.0101            12.76%
   8940  3769        1.1601   245        1.1578        1.0101   302000   12.76%
*  9289+ 3373                            1.1491        1.0101            12.10%
*  9723+ 3560                            1.1397        1.0101            11.38%
  10448  4113        1.1410   202        1.1397        1.0101   371956   11.38%
Elapsed time = 172.67 sec. (4479.81 ticks, tree = 55.05 MB, solutions = 87)
* 10728+ 3560                            1.1233        1.0101            10.08%
* 10869+ 3560                            1.1200        1.0101             9.81%
* 11668+ 3574                            1.1189        1.0101             9.73%
* 13372+ 4924                            1.1156        1.0101             9.46%
  13372  4926        1.0105   280        1.1156        1.0101   533769    9.46%
* 13374+ 3422                            1.1094        1.0101             8.95%
  13374  3423        1.0101   140        1.1094        1.0101   565764    8.95%
  13382  2738        1.0101   266        1.1094        1.0101   566423    8.95%
  14221   352        1.0315   227        1.1094        1.0101   665957    8.95%
* 16462+  705                            1.1079        1.0101             8.84%
* 16510+  837                            1.1077        1.0101             8.82%
* 16627+  828                            1.1077        1.0101             8.81%
* 17557+ 1599                            1.1075        1.0101             8.80%
  18511  2682        1.0977   286        1.1075        1.0101   800989    8.80%
  26347  8440        1.0127   258        1.1075        1.0111  1016588    8.70%
  36586 15180        1.1049   344        1.1075        1.0121  1272612    8.61%
  46334 21792        1.0939   196        1.1075        1.0139  1537415    8.45%
* 50621+24731                            1.1072        1.0151             8.32%
  50824 25042        1.0170   275        1.1072        1.0151  1696965    8.32%
* 50836+24542                            1.1058        1.0151             8.20%
* 50914+24306                            1.1056        1.0151             8.19%
* 51169+24490                            1.1055        1.0151             8.18%
* 51957+24001                            1.1053        1.0151             8.17%
  53547 25545        cutoff              1.1053        1.0151  1774363    8.17%
Elapsed time = 409.60 sec. (18397.07 ticks, tree = 724.26 MB, solutions = 140)
* 54188+24770                            1.1037        1.0151             8.03%
  60176 27174        1.1017   229        1.1037        1.0153  1908498    8.01%
  67550 32921        1.0311   251        1.1037        1.0168  2146963    7.88%
  74607 37454        1.0690   156        1.1037        1.0168  2342624    7.88%
* 74705+31560                            1.1032        1.0168             7.83%
* 80637+31457                            1.1025        1.0168             7.78%
  81448 41118        1.0638   196        1.1025        1.0168  2500889    7.78%
* 84289+31356                            1.1005        1.0168             7.61%
  86358 44584        1.0631   179        1.1005        1.0168  2643887    7.61%
  93664 48696        1.0903    75        1.1005        1.0168  2810099    7.61%
  99536 53846        1.1025   146        1.1005        1.0168  3020842    7.61%
 107021 56860        1.0605   203        1.1005        1.0168  3139343    7.61%
 115185 61625        1.0231   230        1.1005        1.0168  3320237    7.61%
 121280 67534        1.0800   121        1.1005        1.0168  3549010    7.61%
Elapsed time = 489.50 sec. (27934.90 ticks, tree = 1933.64 MB, solutions = 143)
 124749 65074        cutoff              1.1005        1.0168  3631191    7.61%
*125944+64904                            1.0996        1.0168             7.53%
 128786 61037        1.0800   182        1.0996        1.0168  3700141    7.53%
 135708 65581        cutoff              1.0996        1.0168  3880277    7.53%
 142876 69409        1.0958   180        1.0996        1.0168  4043934    7.53%
 150309 72775        1.0726   295        1.0996        1.0168  4191841    7.53%
 154076 75681        1.0778   157        1.0996        1.0168  4318213    7.53%
 160662 78646        1.0965   209        1.0996        1.0168  4461088    7.53%
 166671 82974        1.0938   137        1.0996        1.0168  4660632    7.53%
*168556+83143                            1.0993        1.0168             7.51%
*168596+83547                            1.0975        1.0168             7.36%
 169642 80198        1.0877   175        1.0975        1.0168  4807158    7.36%
*171244+80092                            1.0932        1.0168             6.99%
 172925 80729        1.0895   209        1.0932        1.0168  4833010    6.99%
Elapsed time = 544.86 sec. (37473.71 ticks, tree = 2228.52 MB, solutions = 160)
Nodefile size = 175.18 MB (152.34 MB after compression)
*174718+69773                            1.0930        1.0168             6.97%
*175932+69534                            1.0926        1.0168             6.94%
*176504+70384                            1.0924        1.0168             6.93%
*177993+70337                            1.0908        1.0168             6.79%
*178412+69919                            1.0903        1.0168             6.75%
 179070 70532        1.0252   186        1.0903        1.0168  4934141    6.75%
 184794 68081        1.0890   171        1.0903        1.0168  5096175    6.75%
 189854 72523        1.0707   179        1.0903        1.0234  5345686    6.14%
 192826 75596        1.0101    81        1.0903        1.0240  5535499    6.08%
 192831 60478        1.0101   246        1.0903        1.0240  5536462    6.08%
 193166   116        1.0166   271        1.0903        1.0240  5595779    6.08%
 196061  1473        cutoff              1.0903        1.0240  5803954    6.08%
 201198  4609        1.0790   134        1.0903        1.0240  6118972    6.08%
 206495  7852        1.0769   194        1.0903        1.0240  6421093    6.08%
 211608 10681        1.0730   113        1.0903        1.0240  6708107    6.08%
Elapsed time = 659.30 sec. (52214.27 ticks, tree = 18.44 MB, solutions = 178)
 218506 14706        1.0541   177        1.0903        1.0240  7081658    6.08%
 225579 17564        cutoff              1.0903        1.0240  7371136    6.08%
 231790 22379        1.0727   207        1.0903        1.0240  7734350    6.08%
 241368 27620        1.0866   112        1.0903        1.0240  8073990    6.08%
*244250 29049      integral     0        1.0898        1.0240  8189119    6.03%
 253930 32375        1.0790   225        1.0898        1.0240  8479494    6.03%
 259762 37432        1.0271   224        1.0898        1.0240  8826772    6.03%
*260019+36293                            1.0889        1.0240             5.95%
*260778+36715                            1.0870        1.0240             5.79%
 260791 37090        1.0885    79        1.0870        1.0240  8901711    5.79%
*260917+36740                            1.0861        1.0240             5.71%
*262041+36932                            1.0853        1.0240             5.64%
 266079 35429        cutoff              1.0853        1.0240  9089805    5.64%
*266355+34324                            1.0849        1.0240             5.61%
 271922 36803        cutoff              1.0849        1.0240  9245741    5.61%
Elapsed time = 708.48 sec. (61193.59 ticks, tree = 67.33 MB, solutions = 199)
 282470 39719    infeasible              1.0849        1.0240  9549565    5.61%
 291204 46802        1.0690   143        1.0849        1.0251 10020618    5.51%
 298507 51143        1.0918   177        1.0849        1.0251 10345847    5.51%
 305917 54531        cutoff              1.0849        1.0251 10616130    5.51%
 319024 59503        1.0609   168        1.0849        1.0252 10969445    5.51%
 327775 66036        1.0519   129        1.0849        1.0254 11393896    5.49%
 335719 71325        1.0751   155        1.0849        1.0257 11804116    5.46%
 343835 73164        1.0715    68        1.0849        1.0259 11951939    5.44%
 358778 80783        1.0845   157        1.0849        1.0261 12530147    5.42%
 366554 85081        1.0701   249        1.0849        1.0263 12844752    5.40%
Elapsed time = 767.01 sec. (70731.58 ticks, tree = 165.43 MB, solutions = 199)
 374519 88339        cutoff              1.0849        1.0267 13134359    5.37%
 382309 92078        1.0721   228        1.0849        1.0271 13465245    5.33%
 395146 97756        1.0716   234        1.0849        1.0274 13967555    5.30%
 406138 103335        cutoff              1.0849        1.0278 14360784    5.27%
 414978 107169        1.0835   112        1.0849        1.0283 14703865    5.22%
 423686 112374        1.0360   196        1.0849        1.0294 15107512    5.12%
 432382 116606        1.0757   123        1.0849        1.0302 15423408    5.05%
 440714 120434        1.0826   148        1.0849        1.0302 15683457    5.05%
 456603 126543        1.0479   108        1.0849        1.0302 16100495    5.05%
 465963 133930        cutoff              1.0849        1.0303 16574970    5.03%
Elapsed time = 822.00 sec. (80269.09 ticks, tree = 269.24 MB, solutions = 199)
 474468 137145        1.0661   151        1.0849        1.0305 16834892    5.01%
 482931 142242        1.0711   217        1.0849        1.0308 17261980    4.99%
 491420 145837        1.0483   170        1.0849        1.0310 17551073    4.97%
 505101 150105        1.0847   114        1.0849        1.0311 17899737    4.96%
 516198 157173        cutoff              1.0849        1.0313 18390393    4.94%
 525038 160234        cutoff              1.0849        1.0316 18656586    4.92%
 533572 165411        1.0503   174        1.0849        1.0319 19081849    4.88%
 542083 170105        1.0840   128        1.0849        1.0322 19486208    4.86%
 553660 173415        cutoff              1.0849        1.0325 19800734    4.84%
 566847 178703        1.0801   186        1.0849        1.0328 20212773    4.81%
Elapsed time = 872.02 sec. (89806.74 ticks, tree = 372.94 MB, solutions = 199)
 575153 182918        1.0841   129        1.0849        1.0331 20601602    4.77%
 584371 186944        1.0826   123        1.0849        1.0339 20963841    4.70%
 593824 190892        1.0664   144        1.0849        1.0347 21286561    4.63%
 602667 195266        1.0353   180        1.0849        1.0352 21626776    4.59%
 611937 201019        1.0733   208        1.0849        1.0352 22073341    4.59%
 626957 207566        1.0484   205        1.0849        1.0352 22506786    4.59%
 635380 212249        1.0404   186        1.0849        1.0352 22869624    4.58%
*640010+213170                            1.0846        1.0353             4.55%
*640934+214948                            1.0845        1.0353             4.54%
 641158 211770        1.0770   174        1.0845        1.0353 23143207    4.54%
*641508+214699                            1.0845        1.0353             4.54%
*641517+213378                            1.0841        1.0353             4.51%
*641537+214467                            1.0837        1.0353             4.47%
*642878+201772                            1.0833        1.0353             4.43%
 644131 197910        1.0789   131        1.0833        1.0353 23246816    4.43%
*644471+202530                            1.0830        1.0353             4.40%
*644732+197748                            1.0827        1.0353             4.38%
*644805+197778                            1.0825        1.0353             4.36%
*645686+195311                            1.0802        1.0353             4.15%
*646433+195075                            1.0795        1.0353             4.09%
*647307+195261                            1.0787        1.0353             4.03%
*650028+158349                            1.0787        1.0354             4.01%
*650176+158244                            1.0779        1.0354             3.95%
*650290+158473                            1.0772        1.0354             3.88%
 672783 152369        cutoff              1.0772        1.0357 24031949    3.85%
Elapsed time = 1017.76 sec. (102206.27 ticks, tree = 308.59 MB, solutions = 230)
 705380 166303        1.0440   282        1.0772        1.0365 25602770    3.78%
*736139 177786      integral     0        1.0752        1.0371 26975343    3.54%
*739813+161518                            1.0747        1.0372             3.49%
*740259+161814                            1.0734        1.0372             3.37%
 744287 148883        1.0468   223        1.0734        1.0374 27481835    3.36%
*751820 151220      integral     0        1.0710        1.0378 27844523    3.10%
*755474+134151                            1.0675        1.0380             2.76%
 772956 113891        cutoff              1.0675        1.0389 28648261    2.68%
 803322 122944        1.0586   141        1.0675        1.0402 30306720    2.55%
 836248 131058        1.0624   103        1.0675        1.0408 32048762    2.50%
*849418+133612                            1.0674        1.0411             2.47%
*849521+133686                            1.0674        1.0411             2.46%
*850910+133747                            1.0668        1.0411             2.41%
*851383+134319                            1.0668        1.0411             2.41%
*851908+134363                            1.0662        1.0412             2.34%
*851933+134841                            1.0658        1.0412             2.31%
*855506+122811                            1.0641        1.0412             2.15%
 862660 110270        cutoff              1.0641        1.0414 33516078    2.13%

GUB cover cuts applied:  2
Clique cuts applied:  185
Cover cuts applied:  8
Implied bound cuts applied:  46
Flow cuts applied:  8
Mixed integer rounding cuts applied:  12
Zero-half cuts applied:  11
Lift and project cuts applied:  8
Gomory fractional cuts applied:  12

Root node processing (before b&c):
  Real time             =   16.83 sec. (1679.28 ticks)
Parallel b&c, 32 threads:
  Real time             = 1127.32 sec. (126070.35 ticks)
  Sync time (average)   =  510.48 sec.
  Wait time (average)   =    2.76 sec.
                          ------------
Total (root+branch&cut) = 1144.15 sec. (127749.63 ticks)
Solution found
