Model: Diversity_model_3
 - number of variables: 559
   - binary=104, integer=1, continuous=454
 - number of constraints: 895
   - linear=895
 - parameters: defaults
CPXPARAM_Read_DataCheck                          1
CPXPARAM_RandomSeed                              201804051
CPXPARAM_MIP_Strategy_LBHeur                     1
CPXPARAM_TimeLimit                               86400
CPXPARAM_MIP_Tolerances_MIPGap                   0.02
Tried aggregator 3 times.
MIP Presolve eliminated 86 rows and 59 columns.
MIP Presolve modified 364 coefficients.
Aggregator did 79 substitutions.
Reduced MIP has 730 rows, 421 columns, and 1875 nonzeros.
Reduced MIP has 78 binaries, 0 generals, 52 SOSs, and 0 indicators.
Presolve time = 0.01 sec. (3.67 ticks)
Probing fixed 0 vars, tightened 75 bounds.
Probing time = 0.00 sec. (1.65 ticks)
Tried aggregator 2 times.
MIP Presolve modified 50 coefficients.
Aggregator did 26 substitutions.
Reduced MIP has 704 rows, 395 columns, and 1823 nonzeros.
Reduced MIP has 78 binaries, 0 generals, 52 SOSs, and 0 indicators.
Presolve time = 0.00 sec. (1.94 ticks)
Probing time = 0.00 sec. (1.53 ticks)
Clique table members: 76.
MIP emphasis: balance optimality and feasibility.
MIP search method: dynamic search.
Parallel mode: deterministic, using up to 32 threads.
Root relaxation solution time = 0.00 sec. (2.64 ticks)

        Nodes                                         Cuts/
   Node  Left     Objective  IInf  Best Integer    Best Bound    ItCnt     Gap

      0     0        0.2644    61                      0.2644      200         
*     0+    0                            0.6079        0.2644            56.51%
      0     0        0.2784    57        0.6079     Cuts: 240      455   54.20%
*     0+    0                            0.5389        0.2784            48.33%
      0     0        0.3085    53        0.5389      Cuts: 72      539   42.75%
*     0+    0                            0.4425        0.3085            30.28%
      0     0        0.3201    52        0.4425      Cuts: 20      575   27.67%
      0     0        0.3201    52        0.4425    MIRcuts: 3      578   27.67%
*     0+    0                            0.4084        0.3201            21.62%

Implied bound cuts applied:  19
Flow cuts applied:  36
Mixed integer rounding cuts applied:  23
Lift and project cuts applied:  2
Gomory fractional cuts applied:  50

Root node processing (before b&c):
  Real time             =  216.72 sec. (79.20 ticks)
Parallel b&c, 32 threads:
  Real time             =    0.00 sec. (0.00 ticks)
  Sync time (average)   =    0.00 sec.
  Wait time (average)   =    0.00 sec.
                          ------------
Total (root+branch&cut) =  216.72 sec. (79.20 ticks)
Solution found
