Model: Diversity_model_3
 - number of variables: 853
   - binary=160, integer=1, continuous=692
 - number of constraints: 1371
   - linear=1371
 - parameters: defaults
CPXPARAM_Read_DataCheck                          1
CPXPARAM_RandomSeed                              201804051
CPXPARAM_MIP_Strategy_LBHeur                     1
CPXPARAM_TimeLimit                               86400
CPXPARAM_MIP_Tolerances_MIPGap                   0.02
Tried aggregator 3 times.
MIP Presolve eliminated 128 rows and 87 columns.
MIP Presolve modified 560 coefficients.
Aggregator did 121 substitutions.
Reduced MIP has 1122 rows, 645 columns, and 2883 nonzeros.
Reduced MIP has 120 binaries, 0 generals, 80 SOSs, and 0 indicators.
Presolve time = 0.01 sec. (5.71 ticks)
Probing fixed 0 vars, tightened 119 bounds.
Probing time = 0.03 sec. (3.93 ticks)
Tried aggregator 2 times.
MIP Presolve modified 159 coefficients.
Aggregator did 40 substitutions.
Reduced MIP has 1082 rows, 605 columns, and 2803 nonzeros.
Reduced MIP has 120 binaries, 0 generals, 80 SOSs, and 0 indicators.
Presolve time = 0.08 sec. (3.33 ticks)
Probing time = 0.05 sec. (3.00 ticks)
Clique table members: 118.
MIP emphasis: balance optimality and feasibility.
MIP search method: dynamic search.
Parallel mode: deterministic, using up to 32 threads.
Root relaxation solution time = 0.04 sec. (5.71 ticks)

        Nodes                                         Cuts/
   Node  Left     Objective  IInf  Best Integer    Best Bound    ItCnt     Gap

      0     0        0.9048   108                      0.9048      291         
*     0+    0                            1.6116        0.9048            43.86%
      0     0        0.9517   108        1.6116     Cuts: 370      569   40.95%
*     0+    0                            1.2904        0.9517            26.25%
      0     0        0.9872    89        1.2904     Cuts: 370      809   23.50%
      0     0        0.9991    89        1.2904      Cuts: 59      859   22.57%
*     0+    0                            1.2673        0.9991            21.16%
      0     0        1.0040    83        1.2673      Cuts: 40      884    7.24%
      0     0        1.0060    82        1.2673      Cuts: 18      893    7.24%
      0     0        1.0064    81        1.2673       Cuts: 3      896    7.24%
      0     2        1.0064    81        1.2673        1.1911      896    6.01%
Elapsed time = 203.31 sec. (155.19 ticks, tree = 0.02 MB, solutions = 3)
*  2503   449      integral     0        1.2646        1.2100    12083    4.31%
*  3740+  278                            1.2515        1.2189             2.61%
*  3746+  390                            1.2515        1.2189             2.61%

Implied bound cuts applied:  164
Flow cuts applied:  96
Mixed integer rounding cuts applied:  42
Gomory fractional cuts applied:  67

Root node processing (before b&c):
  Real time             =  189.06 sec. (154.59 ticks)
Parallel b&c, 32 threads:
  Real time             =  302.54 sec. (123.45 ticks)
  Sync time (average)   =  285.72 sec.
  Wait time (average)   =    0.00 sec.
                          ------------
Total (root+branch&cut) =  491.60 sec. (278.04 ticks)
Solution found
