Filter at 1std, 1count, 1%frequency
STD	Number of positions discarded due to coverage deviation: 750
COUNT	Number of nucleotides discarded due to low count: 771
COUNT	Number of columns discarded due to low leading to empty column: 0
FREQ	Number of nucleotides discarded due to low frequency: 107
FREQ	Number of columns discarded due to low frequency leading to empty column: 0
OUT	Number of variable positions: 19
OUT	Number of invariant positions: 4043
OUT	1 kept strains equivalence classes
Filter at 1std, 1 count, 0.5%frequency
STD	Number of positions discarded due to coverage deviation: 750
COUNT	Number of nucleotides discarded due to low count: 771
COUNT	Number of columns discarded due to low leading to empty column: 0
FREQ	Number of nucleotides discarded due to low frequency: 47
FREQ	Number of columns discarded due to low frequency leading to empty column: 0
OUT	Number of variable positions: 79
OUT	Number of invariant positions: 3983
OUT	1 kept strains equivalence classes
Filter at 2std, 1count, 1%frequency
STD	Number of positions discarded due to coverage deviation: 182
COUNT	Number of nucleotides discarded due to low count: 850
COUNT	Number of columns discarded due to low leading to empty column: 0
FREQ	Number of nucleotides discarded due to low frequency: 118
FREQ	Number of columns discarded due to low frequency leading to empty column: 0
OUT	Number of variable positions: 28
OUT	Number of invariant positions: 4602
OUT	1 kept strains equivalence classes
Filter at 2std, 1 count, 0.5%frequency
STD	Number of positions discarded due to coverage deviation: 182
COUNT	Number of nucleotides discarded due to low count: 850
COUNT	Number of columns discarded due to low leading to empty column: 0
FREQ	Number of nucleotides discarded due to low frequency: 47
FREQ	Number of columns discarded due to low frequency leading to empty column: 0
OUT	Number of variable positions: 98
OUT	Number of invariant positions: 4532
OUT	1 kept strains equivalence classes
