Model: Diversity_model_3
 - number of variables: 2149
   - binary=898, integer=2, continuous=1249
 - number of constraints: 3308
   - linear=3308
 - parameters: defaults
CPXPARAM_Read_DataCheck                          1
CPXPARAM_RandomSeed                              201804051
CPXPARAM_MIP_Strategy_LBHeur                     1
CPXPARAM_TimeLimit                               86400
CPXPARAM_MIP_Tolerances_MIPGap                   0.02
Tried aggregator 2 times.
MIP Presolve eliminated 275 rows and 269 columns.
MIP Presolve modified 130 coefficients.
Aggregator did 645 substitutions.
Reduced MIP has 2388 rows, 1235 columns, and 6832 nonzeros.
Reduced MIP has 514 binaries, 0 generals, 260 SOSs, and 0 indicators.
Presolve time = 0.02 sec. (8.88 ticks)
Probing changed sense of 13 constraints.
Probing time = 0.01 sec. (6.64 ticks)
Tried aggregator 2 times.
MIP Presolve eliminated 371 rows and 79 columns.
Aggregator did 26 substitutions.
Reduced MIP has 1991 rows, 1130 columns, and 5825 nonzeros.
Reduced MIP has 422 binaries, 0 generals, 260 SOSs, and 0 indicators.
Presolve time = 0.02 sec. (9.51 ticks)
Probing time = 0.01 sec. (4.96 ticks)
Clique table members: 4134.
MIP emphasis: balance optimality and feasibility.
MIP search method: dynamic search.
Parallel mode: deterministic, using up to 32 threads.
Root relaxation solution time = 0.05 sec. (24.94 ticks)

        Nodes                                         Cuts/
   Node  Left     Objective  IInf  Best Integer    Best Bound    ItCnt     Gap

      0     0        1.0000   250                      1.0000      512         
*     0+    0                            1.7515        1.0000            42.90%
      0     0        1.0000   126        1.7515     Cuts: 178      774   42.90%
      0     0        1.0000   168        1.7515     Cuts: 173     1099   42.90%
      0     0        1.0156   143        1.7515      Cuts: 62     1208   42.01%
*     0+    0                            1.6862        1.0156            39.77%
*     0+    0                            1.6054        1.0156            36.74%
      0     0        1.0156   143        1.6054      Cuts: 84     1281   36.74%
*     0+    0                            1.3475        1.0156            24.63%
*     0+    0                            1.3282        1.0156            23.53%
*     0+    0                            1.3252        1.0156            23.36%
*     0+    0                            1.3224        1.0156            23.20%

Repeating presolve.
Tried aggregator 2 times.
MIP Presolve eliminated 818 rows and 227 columns.
MIP Presolve modified 192 coefficients.
Aggregator did 13 substitutions.
Reduced MIP has 1160 rows, 890 columns, and 3851 nonzeros.
Reduced MIP has 195 binaries, 0 generals, 260 SOSs, and 0 indicators.
Presolve time = 0.01 sec. (6.65 ticks)
Probing changed sense of 3 constraints.
Probing time = 0.00 sec. (2.62 ticks)
Tried aggregator 2 times.
MIP Presolve modified 75 coefficients.
Aggregator did 3 substitutions.
Reduced MIP has 1157 rows, 887 columns, and 3842 nonzeros.
Reduced MIP has 192 binaries, 0 generals, 260 SOSs, and 0 indicators.
Presolve time = 0.00 sec. (3.22 ticks)
Represolve time = 0.02 sec. (17.99 ticks)
Probing time = 0.00 sec. (2.53 ticks)
Clique table members: 637.
MIP emphasis: balance optimality and feasibility.
MIP search method: dynamic search.
Parallel mode: deterministic, using up to 32 threads.
Root relaxation solution time = 0.09 sec. (12.67 ticks)

        Nodes                                         Cuts/
   Node  Left     Objective  IInf  Best Integer    Best Bound    ItCnt     Gap

*     0+    0                            1.3224        1.0156            23.20%
      0     0        1.0156   140        1.3224        1.0156     1666   23.20%
*     0+    0                            1.3224        1.0156            23.20%
      0     0        1.0156    62        1.3224      Cuts: 19     1807   23.20%
      0     0        1.0156   107        1.3224      Cuts: 78     1971   23.20%
      0     0        1.0156    69        1.3224      Cuts: 47     2089   23.20%
      0     0        1.0156    83        1.3224      Cuts: 62     2204   23.20%
*     0+    0                            1.0679        1.0156             4.90%
      0     2        1.0156    54        1.0679        1.0156     2204    4.90%
Elapsed time = 2.14 sec. (626.58 ticks, tree = 0.02 MB, solutions = 8)
*  1767+  910                            1.0644        1.0156             4.59%
*  2690  1182      integral     0        1.0626        1.0156    57139    4.42%
*  2740  1302      integral     0        1.0535        1.0156    60755    3.59%
*  3025  1127      integral     0        1.0530        1.0156    66963    3.55%
*  3754  1223      integral     0        1.0507        1.0156    75010    3.34%
*  3830  1255      integral     0        1.0498        1.0156    81821    3.25%
*  4123  1372      integral     0        1.0445        1.0156    81071    2.77%
   6673  1973        1.0417    14        1.0445        1.0156   133988    2.77%
*  6760+ 1726                            1.0443        1.0156             2.75%
*  6760+ 1946                            1.0425        1.0156             2.57%
*  6784+ 1944                            1.0411        1.0156             2.45%
*  6889+ 1760                            1.0411        1.0156             2.45%
*  7554  1744      integral     0        1.0411        1.0156   141852    2.44%
*  8217+ 1508                            1.0404        1.0185             2.10%
*  8217+ 1005                            1.0404        1.0185             2.10%
   8217  1006        1.0156    22        1.0404        1.0185   172427    2.10%
   9924   552        1.0338    22        1.0404        1.0185   217179    2.10%

Clique cuts applied:  10
Implied bound cuts applied:  5
Flow cuts applied:  2
Mixed integer rounding cuts applied:  3
Gomory fractional cuts applied:  3

Root node processing (before b&c):
  Real time             =    2.07 sec. (626.44 ticks)
Parallel b&c, 32 threads:
  Real time             =    3.99 sec. (1102.82 ticks)
  Sync time (average)   =    2.10 sec.
  Wait time (average)   =    0.01 sec.
                          ------------
Total (root+branch&cut) =    6.06 sec. (1729.26 ticks)
Solution found
