Model: Diversity_model_3
 - number of variables: 2106
   - binary=306, integer=1, continuous=1799
 - number of constraints: 2871
   - linear=2871
 - parameters: defaults
CPXPARAM_Read_DataCheck                          1
CPXPARAM_RandomSeed                              201804051
CPXPARAM_MIP_Strategy_LBHeur                     1
CPXPARAM_TimeLimit                               86400
CPXPARAM_MIP_Tolerances_MIPGap                   0.02
Tried aggregator 2 times.
MIP Presolve eliminated 313 rows and 313 columns.
MIP Presolve modified 306 coefficients.
Aggregator did 306 substitutions.
Reduced MIP has 2252 rows, 1487 columns, and 6439 nonzeros.
Reduced MIP has 306 binaries, 0 generals, 306 SOSs, and 0 indicators.
Presolve time = 0.03 sec. (8.25 ticks)
Probing changed sense of 19 constraints.
Probing time = 0.03 sec. (2.63 ticks)
Tried aggregator 2 times.
MIP Presolve eliminated 19 rows and 0 columns.
Aggregator did 70 substitutions.
Reduced MIP has 2163 rows, 1417 columns, and 6242 nonzeros.
Reduced MIP has 287 binaries, 0 generals, 306 SOSs, and 0 indicators.
Presolve time = 0.07 sec. (7.23 ticks)
Probing changed sense of 7 constraints.
Probing time = 0.03 sec. (2.77 ticks)
Clique table members: 134.
MIP emphasis: balance optimality and feasibility.
MIP search method: dynamic search.
Parallel mode: deterministic, using up to 32 threads.
Root relaxation solution time = 0.16 sec. (29.07 ticks)

        Nodes                                         Cuts/
   Node  Left     Objective  IInf  Best Integer    Best Bound    ItCnt     Gap

      0     0        0.8281   253                      0.8281      730         
*     0+    0                            1.3909        0.8281            40.46%
      0     0        0.8281   264        1.3909     Cuts: 197     1334   40.46%
*     0+    0                            1.2095        0.8281            31.53%
      0     0        0.8281   220        1.2095      Cuts: 34     1667   31.53%
      0     0        0.8281   224        1.2095      Cuts: 65     1795   31.53%
*     0+    0                            1.1567        0.8281            28.40%
      0     2        0.8281   181        1.1567        0.8281     1795   28.40%
Elapsed time = 109.20 sec. (415.38 ticks, tree = 0.02 MB, solutions = 3)
   3209   720        cutoff              1.1567        0.8295    23176   28.29%
*  4790  2148      integral     0        1.1437        0.8295    45514   27.47%
*  4839  2257      integral     0        0.9537        0.8295    46351   13.02%
*  5652   929      integral     0        0.9534        0.8298    49014   12.97%
*  5737   736      integral     0        0.9530        0.8298    52614   12.93%
*  5881+  907                            0.9497        0.8298            12.63%
*  6666+  854                            0.9302        0.8298            10.80%
*  8019+  807                            0.9301        0.8471             8.92%
*  8518+ 1313                            0.9025        0.8519             5.60%
*  8518+  874                            0.8994        0.8562             4.80%
*  8518+  582                            0.8987        0.8562             4.73%
   8518   583        0.8281   137        0.8987        0.8580    98798    4.53%
   8556    28        0.8675    97        0.8987        0.8581   100823    4.52%
* 11724+ 1196                            0.8973        0.8641             3.70%
* 11724+ 1347                            0.8973        0.8641             3.70%
  11724  1198        0.8929    33        0.8973        0.8641   109458    3.70%
* 12821  1867      integral     0        0.8962        0.8641   115611    3.58%
* 14174  2372      integral     0        0.8958        0.8662   119896    3.30%
* 14179  2268      integral     0        0.8905        0.8662   119117    2.73%
* 15258  2458      integral     0        0.8893        0.8672   127546    2.48%

Flow cuts applied:  16
Mixed integer rounding cuts applied:  26
Gomory fractional cuts applied:  6

Root node processing (before b&c):
  Real time             =   96.20 sec. (414.99 ticks)
Parallel b&c, 32 threads:
  Real time             =  710.16 sec. (1773.90 ticks)
  Sync time (average)   =  436.20 sec.
  Wait time (average)   =    0.04 sec.
                          ------------
Total (root+branch&cut) =  806.35 sec. (2188.89 ticks)
Solution found
