Model: Diversity_model_3
 - number of variables: 20445
   - binary=18144, integer=2, continuous=2299
 - number of constraints: 81167
   - linear=81167
 - parameters: defaults
CPXPARAM_Read_DataCheck                          1
CPXPARAM_RandomSeed                              201804051
CPXPARAM_MIP_Strategy_LBHeur                     1
CPXPARAM_TimeLimit                               86400
CPXPARAM_MIP_Tolerances_MIPGap                   0.02
Tried aggregator 2 times.
MIP Presolve eliminated 494 rows and 488 columns.
MIP Presolve modified 240 coefficients.
Aggregator did 9433 substitutions.
Reduced MIP has 71240 rows, 10524 columns, and 196411 nonzeros.
Reduced MIP has 9192 binaries, 0 generals, 480 SOSs, and 0 indicators.
Presolve time = 16.33 sec. (646.75 ticks)
Probing changed sense of 24 constraints.
Probing time = 6.83 sec. (67.95 ticks)
Tried aggregator 2 times.
MIP Presolve eliminated 8674 rows and 671 columns.
Aggregator did 48 substitutions.
Reduced MIP has 62518 rows, 9805 columns, and 171635 nonzeros.
Reduced MIP has 8497 binaries, 0 generals, 480 SOSs, and 0 indicators.
Presolve time = 4.45 sec. (682.75 ticks)
Probing time = 11.91 sec. (59.74 ticks)
Clique table members: 95673.
MIP emphasis: balance optimality and feasibility.
MIP search method: dynamic search.
Parallel mode: deterministic, using up to 32 threads.
Root relaxation solution time = 4.25 sec. (727.37 ticks)

        Nodes                                         Cuts/
   Node  Left     Objective  IInf  Best Integer    Best Bound    ItCnt     Gap

      0     0        0.8454  3001                      0.8454     6449         
*     0+    0                            1.7609        0.8454            51.99%
      0     0        0.8454  1792        1.7609    Cuts: 2915     9215   51.99%
      0     0        0.8454  1809        1.7609    Cuts: 5365    11031   51.99%
      0     0        0.8454  1820        1.7609    Cuts: 2508    12885   51.99%
*     0+    0                            1.7582        0.8454            51.92%
*     0+    0                            1.7569        0.8454            51.88%

Repeating presolve.
Tried aggregator 2 times.
MIP Presolve eliminated 49440 rows and 6916 columns.
Aggregator did 24 substitutions.
Reduced MIP has 13054 rows, 2865 columns, and 37216 nonzeros.
Reduced MIP has 1581 binaries, 0 generals, 480 SOSs, and 0 indicators.
Presolve time = 1.33 sec. (119.87 ticks)
Probing time = 0.54 sec. (24.19 ticks)
Tried aggregator 1 time.
MIP Presolve eliminated 1273 rows and 107 columns.
Reduced MIP has 11781 rows, 2758 columns, and 33611 nonzeros.
Reduced MIP has 1474 binaries, 0 generals, 480 SOSs, and 0 indicators.
Presolve time = 0.15 sec. (47.53 ticks)
Probing time = 0.50 sec. (22.24 ticks)
Tried aggregator 1 time.
MIP Presolve eliminated 457 rows and 39 columns.
Reduced MIP has 11324 rows, 2719 columns, and 32318 nonzeros.
Reduced MIP has 1435 binaries, 0 generals, 480 SOSs, and 0 indicators.
Presolve time = 0.35 sec. (52.92 ticks)
Represolve time = 3.60 sec. (640.54 ticks)
Probing time = 0.67 sec. (21.09 ticks)
Clique table members: 18928.
MIP emphasis: balance optimality and feasibility.
MIP search method: dynamic search.
Parallel mode: deterministic, using up to 32 threads.
Root relaxation solution time = 7.89 sec. (284.89 ticks)

        Nodes                                         Cuts/
   Node  Left     Objective  IInf  Best Integer    Best Bound    ItCnt     Gap

*     0+    0                            1.7569        0.8454            51.88%
      0     0        0.8454   762        1.7569        0.8454    12916   51.88%
      0     0        0.8488   721        1.7569     Cuts: 955    15617   51.69%
      0     0        0.8501   751        1.7569     Cuts: 627    17254   51.61%
*     0+    0                            1.7562        0.8501            51.59%
      0     0        0.8517   768        1.7562     Cuts: 942    18719   51.50%
*     0+    0                            1.7509        0.8517            51.35%
*     0+    0                            1.7482        0.8517            51.28%
      0     0        0.8528   820        1.7482    Cuts: 1002    20570   51.22%
*     0+    0                            1.3610        0.8528            37.34%
      0     0        0.8533   835        1.3610     Cuts: 853    21609   37.31%
*     0+    0                            1.3347        0.8533            36.07%
      0     0        0.8541   804        1.3347     Cuts: 655    22996   36.01%
*     0+    0                            1.3334        0.8541            35.95%
*     0+    0                            1.3319        0.8541            35.88%
*     0+    0                            1.3295        0.8541            35.76%
      0     0        0.8547   827        1.3295     Cuts: 655    24328   35.72%
      0     0        0.8550   812        1.3295     Cuts: 550    25284   35.70%
      0     0        0.8552   742        1.3295     Cuts: 468    26671   35.67%
*     0+    0                            1.1885        0.8552            28.04%
      0     0        0.8556   834        1.1885     Cuts: 636    27821   28.01%
*     0+    0                            1.1860        0.8556            27.86%
*     0+    0                            1.1845        0.8556            27.77%
      0     0        0.8559   831        1.1845     Cuts: 492    28767   27.74%
      0     0        0.8562   789        1.1845     Cuts: 511    29988   27.72%
      0     0        0.8564   831        1.1845     Cuts: 588    31227   27.70%
      0     0        0.8568   815        1.1845     Cuts: 594    32386   27.67%
      0     0        0.8573   734        1.1845     Cuts: 849    33612   27.63%
      0     0        0.8578   796        1.1845     Cuts: 453    34949   27.58%
      0     0        0.8583   823        1.1845     Cuts: 839    36020   27.54%
      0     0        0.8584   765        1.1845     Cuts: 625    37696   27.53%
      0     0        0.8587   744        1.1845     Cuts: 758    39270   27.51%
*     0+    0                            1.1789        0.8587            27.16%
      0     0        0.8589   834        1.1789     Cuts: 831    41177   27.14%
*     0+    0                            1.1724        0.8589            26.73%
*     0+    0                            1.1715        0.8589            26.68%
*     0+    0                            1.1682        0.8589            26.47%
*     0+    0                            1.1084        0.8589            22.51%
      0     0        0.8590   839        1.1084     Cuts: 855    42196   22.50%
*     0+    0                            1.1043        0.8590            22.21%
      0     2        0.8590   707        1.1043        0.8590    42196   22.21%
Elapsed time = 625.81 sec. (47979.70 ticks, tree = 0.02 MB, solutions = 20)
      4     5        0.9160   447        1.1043        0.8590    43497   22.21%
*    16+    9                            1.0883        0.8590            21.07%
     35    23        1.0533   375        1.0883        0.8590    48688   21.07%
*    36+   12                            1.0665        0.8590            19.46%
    218    79        0.9598   435        1.0665        0.8590    74665   19.46%
    509   220        0.9543   388        1.0665        0.8590   105634   19.46%
    878   446        0.9686   373        1.0665        0.8590   136282   19.46%
   1261   777        0.9737   349        1.0665        0.8591   170222   19.45%
   1804  1112        1.0071   259        1.0665        0.8591   198734   19.45%
   2317  1425        1.0398   152        1.0665        0.8591   220466   19.45%
   2685  1639        0.8825   575        1.0665        0.8591   241228   19.45%
   4686  2953        0.9931   181        1.0665        0.8591   354162   19.45%
Elapsed time = 678.20 sec. (51112.07 ticks, tree = 213.53 MB, solutions = 27)
*  5372  3781      integral     0        1.0630        0.8591   414230   19.18%
   6623  4629        0.9415   119        1.0630        0.8591   495116   19.18%
*  7449+ 5283                            1.0123        0.8591            15.13%
*  7961+ 2622                            1.0114        0.8591            15.06%
*  7961+ 1748                            1.0056        0.8593            14.55%
*  7961+ 1165                            1.0036        0.8596            14.35%
*  7961+  776                            1.0003        0.8604            13.99%
*  7961+  517                            0.9927        0.8611            13.25%
*  7961+  344                            0.9911        0.8617            13.06%
*  7961+  229                            0.9886        0.8618            12.83%
*  7961+  152                            0.9878        0.8619            12.75%
   7961   153        0.8620   847        0.9878        0.8620   669283   12.74%
   7962   153        0.9112   825        0.9878        0.8620   669686   12.74%
   7964   154        0.9112   824        0.9878        0.8620   669912   12.74%
   7968   155        0.9113   714        0.9878        0.8620   670298   12.74%
   7973   111        0.9166   716        0.9878        0.8621   672998   12.73%
   7995     8        0.9014   728        0.9878        0.8621   672161   12.73%
*  8023+   20                            0.9862        0.8624            12.55%
   8098    39        0.9506   590        0.9862        0.8624   698862   12.55%
   8450   216        0.9731   632        0.9862        0.8624   809485   12.55%
   8703   321        cutoff              0.9862        0.8624   892526   12.55%
Elapsed time = 1035.05 sec. (105971.94 ticks, tree = 14.88 MB, solutions = 39)
   9245   481        0.8801   519        0.9862        0.8629   933408   12.50%
   9983   935        0.8673   782        0.9862        0.8634  1029608   12.45%
  10288  1259        0.9120   555        0.9862        0.8634  1109796   12.45%
  11090  1639        0.9402   663        0.9862        0.8662  1187998   12.17%
  11952  1910        0.9685   571        0.9862        0.8666  1231222   12.12%
  12677  2476        0.8923   568        0.9862        0.8666  1336776   12.12%
  13112  2912        0.8797   601        0.9862        0.8673  1410914   12.05%
  13802  3311        0.9059   339        0.9862        0.8678  1493721   12.01%
  14619  4077        0.9502   547        0.9862        0.8678  1641980   12.01%
  15985  4353        0.8852   438        0.9862        0.8689  1690031   11.89%
Elapsed time = 1141.70 sec. (115515.51 ticks, tree = 313.95 MB, solutions = 39)
  17331  5228        0.8853   313        0.9862        0.8696  1821346   11.83%
  18441  6306        0.9270   577        0.9862        0.8734  1944348   11.43%
  19699  6724        0.9445   279        0.9862        0.8774  2004489   11.03%
  21628  7818        0.9794   115        0.9862        0.8774  2138189   11.03%
  23378  9160        0.9311   257        0.9862        0.8862  2270594   10.14%
  24811 10432        0.9262   280        0.9862        0.8877  2398096    9.99%
  26113 11389        cutoff              0.9862        0.8906  2524039    9.69%
  27374 11950        cutoff              0.9862        0.8923  2602572    9.52%
  29505 12370        cutoff              0.9862        0.8950  2671346    9.24%
  31246 13474        0.9495   339        0.9862        0.8966  2790262    9.08%
Elapsed time = 1281.40 sec. (125060.14 ticks, tree = 1115.04 MB, solutions = 39)
  32544 14860        0.9695   237        0.9862        0.8982  2957851    8.92%
  34953 15541        cutoff              0.9862        0.8986  3028897    8.88%
  37773 16572        0.9420   299        0.9862        0.9022  3134807    8.52%
  40843 18413        0.9697   300        0.9862        0.9047  3283012    8.26%
  43284 19994        0.9186   304        0.9862        0.9073  3411188    8.00%
  45094 22621        0.9113   385        0.9862        0.9080  3597487    7.93%
  48671 24124    infeasible              0.9862        0.9097  3701235    7.75%
* 51618 25809      integral     0        0.9802        0.9113  3802414    7.03%
* 53174+23030                            0.9669        0.9114             5.74%
* 53663+23650                            0.9662        0.9114             5.67%
  54404 16510        0.9526   208        0.9662        0.9114  3924073    5.67%
* 55548+22905                            0.9662        0.9114             5.67%
  57117 17736        0.9303   244        0.9662        0.9141  4109649    5.39%
Elapsed time = 1387.82 sec. (134583.83 ticks, tree = 1465.23 MB, solutions = 46)
  59607 18429        0.9510   220        0.9662        0.9152  4175699    5.27%
  61105 20259        0.9433   294        0.9662        0.9167  4338782    5.12%
  62862 20599    infeasible              0.9662        0.9167  4374808    5.12%
* 64957+19235                            0.9658        0.9167             5.08%
  64994 21444        0.9311   271        0.9658        0.9167  4457514    5.08%
  67233 22471        0.9399   125        0.9658        0.9167  4540488    5.08%
  69381 23811        0.9563   201        0.9658        0.9167  4648260    5.08%
  71652 25235        0.9544   223        0.9658        0.9167  4763127    5.08%
  74043 26580        0.9545   286        0.9658        0.9167  4867561    5.08%
  75521 26852        0.9402   261        0.9658        0.9167  4893295    5.08%
  77024 28569        0.9404   292        0.9658        0.9167  5036760    5.08%
Elapsed time = 1461.57 sec. (144127.88 ticks, tree = 2478.32 MB, solutions = 46)
Nodefile size = 423.84 MB (388.19 MB after compression)
  79374 28790        cutoff              0.9658        0.9167  5049980    5.08%
  81617 29828        cutoff              0.9658        0.9167  5139900    5.08%
  83917 31581        0.9393   242        0.9658        0.9167  5284958    5.08%
  86038 32649        cutoff              0.9658        0.9167  5366809    5.08%
  88415 33134        0.9644   231        0.9658        0.9167  5414806    5.08%
  90847 34983        0.9465   285        0.9658        0.9167  5554240    5.08%
  92956 35740        0.9411   107        0.9658        0.9167  5620160    5.08%
  94765 37047        0.9636   257        0.9658        0.9167  5738555    5.08%
  96221 38319        0.9310   312        0.9658        0.9167  5839152    5.08%
  98131 38698        0.9614    71        0.9658        0.9167  5904025    5.08%
Elapsed time = 1531.97 sec. (153669.92 ticks, tree = 3347.52 MB, solutions = 47)
Nodefile size = 1296.61 MB (1185.66 MB after compression)
 101122 40185        0.9579    99        0.9658        0.9167  6015393    5.08%
 104509 40039        0.9574    88        0.9658        0.9167  6005634    5.08%
 107940 42336        0.9627   200        0.9658        0.9167  6182352    5.08%
 111778 44456        0.9508   280        0.9658        0.9167  6342888    5.08%
 114916 46076        0.9311   233        0.9658        0.9167  6478098    5.08%
 117189 45728        cutoff              0.9658        0.9167  6459497    5.08%
 119288 48213        0.9406   257        0.9658        0.9167  6629155    5.08%
 122474 49491        0.9539   212        0.9658        0.9167  6741471    5.08%
 126425 50571        0.9640   208        0.9658        0.9167  6828581    5.08%
 130367 52657        0.9342   197        0.9658        0.9293  7012770    3.79%
Elapsed time = 1607.85 sec. (163209.64 ticks, tree = 4540.96 MB, solutions = 48)
Nodefile size = 2479.66 MB (2264.97 MB after compression)
 134306 53310        0.9593   153        0.9658        0.9297  7056044    3.74%
 138135 56221        0.9654    67        0.9658        0.9301  7275493    3.69%
 141968 59729        cutoff              0.9658        0.9306  7546424    3.65%
 146041 59518        0.9642   152        0.9658        0.9309  7526273    3.61%
 150161 63065        0.9534   234        0.9658        0.9312  7804693    3.59%
 154663 62860        0.9573   222        0.9658        0.9315  7793087    3.55%
 158813 67212        0.9650   199        0.9658        0.9318  8111139    3.53%
 163130 67421        0.9350   207        0.9658        0.9319  8133958    3.51%
 166798 71669        0.9628   236        0.9658        0.9325  8461025    3.45%
 169496 73100        0.9540   189        0.9658        0.9329  8572437    3.41%
Elapsed time = 1685.91 sec. (172750.13 ticks, tree = 6344.65 MB, solutions = 48)
Nodefile size = 4285.38 MB (3909.70 MB after compression)
 172080 73965        cutoff              0.9658        0.9333  8643751    3.37%
 175885 74415        0.9622    83        0.9658        0.9336  8687976    3.34%
 180180 76846        0.9466   193        0.9658        0.9339  8901625    3.31%
 184466 77487        0.9494   233        0.9658        0.9342  8951462    3.27%
 188797 81082        cutoff              0.9658        0.9346  9251200    3.23%
 193276 80795        0.9375   233        0.9658        0.9349  9230183    3.20%
 197560 83820        0.9608   193        0.9658        0.9352  9474226    3.17%
 201607 85158        0.9427   189        0.9658        0.9354  9599396    3.15%
 205477 88338        cutoff              0.9658        0.9357  9891120    3.12%
 223572 94952    infeasible              0.9658        0.9371 10470351    2.98%
Elapsed time = 1798.21 sec. (185149.70 ticks, tree = 8332.57 MB, solutions = 48)
Nodefile size = 6271.34 MB (5715.28 MB after compression)
 238139 100736        0.9615   195        0.9658        0.9382 11055009    2.86%
 256186 106954        0.9631   204        0.9658        0.9393 11654178    2.75%
 274824 113987        0.9639   101        0.9658        0.9402 12326582    2.65%
 289326 119251        0.9639   329        0.9658        0.9412 12837993    2.56%
 307447 125386        0.9425   268        0.9658        0.9420 13502628    2.47%
 325774 130840        0.9474   287        0.9658        0.9427 14120689    2.40%
 340586 135360        0.9633   208        0.9658        0.9435 14681712    2.31%
 359415 140979        0.9540   286        0.9658        0.9442 15324923    2.24%
*369528 144007      integral     0        0.9656        0.9445 15627252    2.18%
*370588+144485                            0.9653        0.9445             2.16%
*370731+144541                            0.9653        0.9445             2.16%
*371757+144872                            0.9645        0.9445             2.07%
*372451+145130                            0.9645        0.9445             2.07%

Clique cuts applied:  711
Cover cuts applied:  3
Implied bound cuts applied:  21
Flow cuts applied:  42
Mixed integer rounding cuts applied:  36
Zero-half cuts applied:  1255
Lift and project cuts applied:  70
Gomory fractional cuts applied:  5

Root node processing (before b&c):
  Real time             =  620.10 sec. (47958.13 ticks)
Parallel b&c, 32 threads:
  Real time             = 1526.26 sec. (172260.09 ticks)
  Sync time (average)   =  597.19 sec.
  Wait time (average)   =    1.01 sec.
                          ------------
Total (root+branch&cut) = 2146.36 sec. (220218.22 ticks)
Solution found
