Model: Diversity_model_3
 - number of variables: 5540
   - binary=444, integer=1, continuous=5095
 - number of constraints: 6329
   - linear=6329
 - parameters: defaults
CPXPARAM_Read_DataCheck                          1
CPXPARAM_RandomSeed                              201804051
CPXPARAM_MIP_Strategy_LBHeur                     1
CPXPARAM_TimeLimit                               86400
CPXPARAM_MIP_Tolerances_MIPGap                   0.02
Tried aggregator 2 times.
MIP Presolve eliminated 1117 rows and 1117 columns.
MIP Presolve modified 444 coefficients.
Aggregator did 1110 substitutions.
Reduced MIP has 4102 rows, 3313 columns, and 13702 nonzeros.
Reduced MIP has 444 binaries, 0 generals, 1110 SOSs, and 0 indicators.
Presolve time = 0.05 sec. (17.93 ticks)
Probing changed sense of 37 constraints.
Probing time = 0.20 sec. (3.89 ticks)
Tried aggregator 2 times.
MIP Presolve eliminated 37 rows and 0 columns.
Aggregator did 74 substitutions.
Reduced MIP has 3991 rows, 3239 columns, and 13443 nonzeros.
Reduced MIP has 407 binaries, 0 generals, 1110 SOSs, and 0 indicators.
Presolve time = 0.03 sec. (15.69 ticks)
Probing time = 0.19 sec. (3.65 ticks)
Clique table members: 185.
MIP emphasis: balance optimality and feasibility.
MIP search method: dynamic search.
Parallel mode: deterministic, using up to 32 threads.
Root relaxation solution time = 0.29 sec. (116.98 ticks)

        Nodes                                         Cuts/
   Node  Left     Objective  IInf  Best Integer    Best Bound    ItCnt     Gap

      0     0        0.4661   380                      0.4661     1231         
      0     0        0.4661   289                   Cuts: 166     1709         
*     0+    0                            1.9484        0.4661            76.08%
*     0+    0                            1.4646        0.4661            68.17%
      0     0        0.4661   326        1.4646     Cuts: 178     2074   68.17%
      0     0        0.4661   257        1.4646     Cuts: 146     2237   68.17%
      0     0        0.4661   276        1.4646     Cuts: 159     2431   68.17%
      0     2        0.4661   251        1.4646        0.4661     2431   68.17%
Elapsed time = 13.14 sec. (1216.91 ticks, tree = 0.02 MB, solutions = 2)
   1749  1272        0.9983   183        1.4646        0.4661    73586   68.17%
   5205  4016        1.0075   208        1.4646        0.4661   197913   68.17%
*  5510+ 4219                            1.4334        0.4661            67.48%
*  5801+ 4680                            1.3856        0.4661            66.36%
*  6334  4971      integral     0        1.3416        0.4661   235976   65.26%
*  6749+ 4618                            1.3206        0.4661            64.70%
   8044  5451        1.1061    60        1.3206        0.4661   280129   64.70%
*  8418+ 4697                            1.3200        0.4661            64.69%
*  8602+ 6096                            1.2818        0.4661            63.64%
*  8709+ 4574                            1.2159        0.4661            61.67%
*  9114+ 4574                            1.2065        0.4661            61.37%
   9250  4744        0.5502   232        1.2065        0.4661   302853   61.37%
* 10230+ 4697                            1.1534        0.4661            59.59%
  10857  4894        1.1211   187        1.1534        0.4661   330158   59.59%
* 11968+ 4729                            1.1530        0.4661            59.58%
* 12045+ 4697                            1.1519        0.4661            59.54%
  13193  5737        1.1503   172        1.1519        0.4661   387383   59.54%
* 14005+ 4695                            1.0805        0.4661            56.86%
* 14989+ 4695                            1.0774        0.4661            56.74%
  16466  8343        1.1466   144        1.0774        0.4661   464266   56.74%
  19741 10590        1.0870   122        1.0774        0.4661   540169   56.74%
* 25769+ 4695                            1.0774        0.4661            56.74%
* 26397+ 7712                            1.0771        0.4661            56.73%
* 26397+ 7706                            1.0771        0.4661            56.73%
* 27043  8109      integral     0        1.0750        0.4661   778080   56.64%
  29158  8749        cutoff              1.0750        0.4661   925653   56.64%
Elapsed time = 74.37 sec. (4248.97 ticks, tree = 13.31 MB, solutions = 83)
* 29670+ 8963                            1.0738        0.4677            56.44%
* 32443+ 9391                            1.0674        0.4677            56.18%
* 32763+ 9762                            1.0665        0.4677            56.15%
* 33553+ 9391                            1.0519        0.4677            55.53%
* 33934+ 9352                            1.0462        0.4677            55.29%
* 33937+ 9712                            1.0420        0.4677            55.11%
* 33937+ 9450                            1.0419        0.4677            55.11%
* 33937+ 9442                            1.0390        0.4677            54.98%
  33937  9391        1.0519     0        1.0390        0.4677  1032796   54.98%
* 33938+ 9442                            1.0324        0.4677            54.69%
* 33938+ 9442                            1.0288        0.4677            54.54%
* 33955+ 5362                            1.0251        0.4693            54.22%
* 33955+ 3574                            1.0234        0.4693            54.14%
* 33955+ 2382                            1.0224        0.4693            54.09%
* 33955+ 1588                            1.0218        0.4693            54.07%
  33955  1589        0.4661   141        1.0218        0.4693  1180858   54.07%
* 33972+  248                            1.0207        0.4693            54.02%
* 34087+   21                            1.0201        0.4693            53.99%
* 34146+   20                            1.0177        0.4693            53.88%
* 34288+   25                            1.0173        0.4693            53.87%
  37157  1672        0.9936   181        1.0173        0.4722  1272610   53.58%
* 37211+ 1058                            1.0173        0.4722            53.58%
* 37219+ 1244                            1.0173        0.4722            53.58%
  48295  9934        0.9776   167        1.0173        0.9167  1439369    9.89%
* 58442 17902      integral     0        1.0093        0.9167  1620529    9.17%
  60204 15467        0.9959   193        1.0093        0.9167  1652491    9.17%
* 61237 17067      integral     0        1.0089        0.9167  1694849    9.14%
* 63218+16080                            0.9962        0.9167             7.98%
* 63820+16080                            0.9742        0.9167             5.91%
* 65037+16080                            0.9695        0.9167             5.45%
* 68051+21179                            0.9690        0.9167             5.40%
  68116  8382        0.9293   141        0.9690        0.9167  1847733    5.40%
* 68232+19090                            0.9673        0.9167             5.23%
* 72837+19814                            0.9669        0.9167             5.20%
* 73008+19814                            0.9663        0.9167             5.13%
  77013 12325        0.9167   256        0.9663        0.9167  2025065    5.13%
  89927 19503        0.9511   108        0.9663        0.9167  2232979    5.13%
* 93729+22931                            0.9658        0.9167             5.09%
 103299 27888        0.9589   203        0.9658        0.9167  2475404    5.09%
*106085+18517                            0.9630        0.9167             4.81%
*106479+18517                            0.9629        0.9167             4.80%
 118527 37745        0.9489   176        0.9629        0.9190  2699682    4.56%
Elapsed time = 287.69 sec. (15982.17 ticks, tree = 405.13 MB, solutions = 260)
*118809+33319                            0.9621        0.9190             4.48%
*118844+33308                            0.9585        0.9190             4.13%
*119153+33468                            0.9562        0.9190             3.89%
*125257+27345                            0.9561        0.9190             3.89%
 127726 30229        0.9532   116        0.9561        0.9195  2860708    3.83%
 139702 39137        0.9467   113        0.9561        0.9195  3053891    3.83%
 154949 49097        0.9548   107        0.9561        0.9198  3256373    3.80%
*157608+49134                            0.9559        0.9198             3.77%
*166268+55388                            0.9556        0.9199             3.74%
 166849 55227        0.9537    94        0.9556        0.9199  3403289    3.74%
 179001 62938        0.9215   148        0.9556        0.9215  3589838    3.57%
*185448+66407                            0.9550        0.9215             3.51%
 193817 67480        0.9526    93        0.9550        0.9220  3760668    3.45%
*196412+69165                            0.9550        0.9220             3.45%
*205158+74965                            0.9550        0.9221             3.44%
 208205 77799        0.9478   109        0.9550        0.9221  3994421    3.44%
*208859+79932                            0.9531        0.9221             3.25%
*209817+67177                            0.9531        0.9221             3.25%
 217594 68019        cutoff              0.9531        0.9222  4116425    3.24%
 233098 79148        0.9478   136        0.9531        0.9227  4349473    3.19%
 247865 88886        0.9406   104        0.9531        0.9233  4557012    3.13%
Elapsed time = 360.32 sec. (25519.88 ticks, tree = 393.59 MB, solutions = 300)
 265156 103060        cutoff              0.9531        0.9234  4839858    3.11%
*279499 111012      integral     0        0.9526        0.9234  5006697    3.06%
*284841+111258                            0.9521        0.9235             3.01%
*286412+108433                            0.9515        0.9235             2.95%
*286464+109077                            0.9490        0.9235             2.69%
*287237+109836                            0.9483        0.9235             2.62%
 293169 67070        0.9458   133        0.9483        0.9236  5227375    2.61%
 302804 73076        0.9482   159        0.9483        0.9242  5372544    2.54%
*306106 72859      integral     0        0.9472        0.9242  5366883    2.43%
*311979 68519      integral     0        0.9467        0.9243  5449144    2.37%
 324518 75550        0.9408   116        0.9467        0.9246  5719634    2.34%
*327637+75998                            0.9459        0.9246             2.25%
*332532+70562                            0.9447        0.9247             2.12%
 340928 63265        0.9332   141        0.9447        0.9248  5870671    2.11%
*341536+64563                            0.9444        0.9248             2.08%
*352321+67029                            0.9432        0.9249             1.94%
 356084 70151        0.9441   128        0.9432        0.9249  6097494    1.94%

Implied bound cuts applied:  1
Flow cuts applied:  20
Mixed integer rounding cuts applied:  10
Gomory fractional cuts applied:  3

Root node processing (before b&c):
  Real time             =    6.37 sec. (1225.78 ticks)
Parallel b&c, 32 threads:
  Real time             =  416.05 sec. (31425.47 ticks)
  Sync time (average)   =  189.17 sec.
  Wait time (average)   =    1.38 sec.
                          ------------
Total (root+branch&cut) =  422.42 sec. (32651.24 ticks)
Solution found
