Model: Diversity_model_3
 - number of variables: 915
   - binary=72, integer=1, continuous=842
 - number of constraints: 987
   - linear=987
 - parameters: defaults
CPXPARAM_Read_DataCheck                          1
CPXPARAM_RandomSeed                              201804051
CPXPARAM_MIP_Strategy_LBHeur                     1
CPXPARAM_TimeLimit                               86400
CPXPARAM_MIP_Tolerances_MIPGap                   0.02
Tried aggregator 2 times.
MIP Presolve eliminated 187 rows and 187 columns.
MIP Presolve modified 72 coefficients.
Aggregator did 180 substitutions.
Reduced MIP has 620 rows, 548 columns, and 2113 nonzeros.
Reduced MIP has 72 binaries, 0 generals, 180 SOSs, and 0 indicators.
Presolve time = 0.00 sec. (2.23 ticks)
Probing changed sense of 6 constraints.
Probing time = 0.00 sec. (0.39 ticks)
Tried aggregator 2 times.
MIP Presolve eliminated 6 rows and 0 columns.
Aggregator did 12 substitutions.
Reduced MIP has 602 rows, 536 columns, and 2071 nonzeros.
Reduced MIP has 66 binaries, 0 generals, 180 SOSs, and 0 indicators.
Presolve time = 0.00 sec. (1.90 ticks)
Probing time = 0.00 sec. (0.33 ticks)
Clique table members: 30.
MIP emphasis: balance optimality and feasibility.
MIP search method: dynamic search.
Parallel mode: deterministic, using up to 32 threads.
Root relaxation solution time = 0.02 sec. (3.74 ticks)

        Nodes                                         Cuts/
   Node  Left     Objective  IInf  Best Integer    Best Bound    ItCnt     Gap

      0     0        0.8696    63                      0.8696      203         
      0     0        0.8696    66                    Cuts: 15      352         
      0     0        0.8696    52                    Cuts: 41      450         
      0     0        0.8696    55                    Cuts: 74      522         
*     0+    0                            1.7412        0.8696            50.06%
*     0+    0                            0.8984        0.8696             3.21%
      0     2        0.8696    29        0.8984        0.8696      522    3.21%
Elapsed time = 56.67 sec. (105.88 ticks, tree = 0.02 MB, solutions = 2)
*   352    76      integral     0        0.8934        0.8696     6459    2.67%
*   592   186      integral     0        0.8930        0.8696    11393    2.62%
*   782   284      integral     0        0.8753        0.8696    15779    0.65%

Implied bound cuts applied:  133
Flow cuts applied:  8
Mixed integer rounding cuts applied:  5
Gomory fractional cuts applied:  1

Root node processing (before b&c):
  Real time             =   51.26 sec. (105.65 ticks)
Parallel b&c, 32 threads:
  Real time             =   60.20 sec. (32.72 ticks)
  Sync time (average)   =   56.43 sec.
  Wait time (average)   =    0.00 sec.
                          ------------
Total (root+branch&cut) =  111.45 sec. (138.38 ticks)
Solution found
