Model: Diversity_model_3
 - number of variables: 72343
   - binary=69425, integer=2, continuous=2916
 - number of constraints: 311104
   - linear=311104
 - parameters: defaults
CPXPARAM_Read_DataCheck                          1
CPXPARAM_RandomSeed                              201804051
CPXPARAM_MIP_Strategy_LBHeur                     1
CPXPARAM_TimeLimit                               86400
CPXPARAM_MIP_Tolerances_MIPGap                   0.02
Tried aggregator 2 times.
MIP Presolve eliminated 624 rows and 618 columns.
MIP Presolve modified 305 coefficients.
Aggregator did 35171 substitutions.
Reduced MIP has 275309 rows, 36554 columns, and 757585 nonzeros.
Reduced MIP has 34865 binaries, 0 generals, 610 SOSs, and 0 indicators.
Presolve time = 102.17 sec. (2495.03 ticks)
Probing changed sense of 29 constraints.
Probing time = 84.36 sec. (765.55 ticks)
Tried aggregator 2 times.
MIP Presolve eliminated 37270 rows and 2648 columns.
Aggregator did 59 substitutions.
Reduced MIP has 237980 rows, 33847 columns, and 650953 nonzeros.
Reduced MIP has 32188 binaries, 0 generals, 610 SOSs, and 0 indicators.
Presolve time = 31.00 sec. (3848.24 ticks)
Probing time = 30.48 sec. (652.60 ticks)
Clique table members: 359371.
MIP emphasis: balance optimality and feasibility.
MIP search method: dynamic search.
Parallel mode: deterministic, using up to 32 threads.
Root relaxation solution time = 19.23 sec. (2186.43 ticks)

        Nodes                                         Cuts/
   Node  Left     Objective  IInf  Best Integer    Best Bound    ItCnt     Gap

      0     0        0.8754 10801                      0.8754     7768         
*     0+    0                            3.9609        0.8754            77.90%
      0     0        0.8754 10819        3.9609 Cliques: 9589     7984   77.90%
      0     0        0.8754 10821        3.9609   Cuts: 10000     8264   77.90%
*     0+    0                            3.6337        0.8754            75.91%

Repeating presolve.
Tried aggregator 2 times.
MIP Presolve eliminated 213496 rows and 29408 columns.
Aggregator did 31 substitutions.
Reduced MIP has 24453 rows, 4408 columns, and 69364 nonzeros.
Reduced MIP has 2780 binaries, 0 generals, 610 SOSs, and 0 indicators.
Presolve time = 1.31 sec. (409.43 ticks)
Probing time = 0.37 sec. (63.93 ticks)
Tried aggregator 1 time.
MIP Presolve eliminated 1134 rows and 81 columns.
Reduced MIP has 23319 rows, 4327 columns, and 66124 nonzeros.
Reduced MIP has 2699 binaries, 0 generals, 610 SOSs, and 0 indicators.
Presolve time = 0.28 sec. (140.87 ticks)
Probing time = 0.22 sec. (35.99 ticks)
Tried aggregator 1 time.
MIP Presolve eliminated 168 rows and 12 columns.
Reduced MIP has 23151 rows, 4315 columns, and 65644 nonzeros.
Reduced MIP has 2687 binaries, 0 generals, 610 SOSs, and 0 indicators.
Presolve time = 0.47 sec. (160.58 ticks)
Represolve time = 4.52 sec. (4079.12 ticks)
Probing time = 0.22 sec. (31.24 ticks)
Clique table members: 37185.
MIP emphasis: balance optimality and feasibility.
MIP search method: dynamic search.
Parallel mode: deterministic, using up to 32 threads.
Root relaxation solution time = 3.09 sec. (439.87 ticks)

        Nodes                                         Cuts/
   Node  Left     Objective  IInf  Best Integer    Best Bound    ItCnt     Gap

*     0+    0                            3.6337        0.8754            75.91%
      0     0        0.8754  1306        3.6337        0.8754    13160   75.91%
*     0+    0                            3.2362        0.8754            72.95%
      0     0        0.8754  1302        3.2362    Cuts: 5887    14690   72.95%
*     0+    0                            2.7101        0.8754            67.70%
      0     0        0.8754  1481        2.7101     Cuts: 802    16386   67.70%
*     0+    0                            1.6076        0.8754            45.55%
      0     0        0.8754  1382        1.6076     Cuts: 351    18017   45.55%
*     0+    0                            1.6033        0.8754            45.40%
*     0+    0                            1.2943        0.8754            32.36%
      0     0        0.8754  1558        1.2943    Cuts: 1615    20781   32.36%
*     0+    0                            1.1238        0.8754            22.10%
      0     2        0.8754  1424        1.1238        0.8754    20781   22.10%
Elapsed time = 1102.97 sec. (92927.71 ticks, tree = 0.02 MB, solutions = 8)
      1     3        0.8929  1425        1.1238        0.8754    22346   22.10%
      3     4        0.8929  1396        1.1238        0.8754    22668   22.10%
      4     5        0.9114  1038        1.1238        0.8754    24100   22.10%
      5     7        0.9117  1040        1.1238        0.8754    25517   22.10%
      8     5        0.9111  1387        1.1238        0.8754    25484   22.10%
     12     3        0.8754  1362        1.1238        0.8754    24017   22.10%
     21    14        1.0033   938        1.1238        0.8754    39568   22.10%
     55    36        0.9239  1010        1.1238        0.8754    54558   22.10%
    195    46        1.0515   970        1.1238        0.8754    58120   22.10%
    788   285        1.0287   762        1.1238        0.8754   158028   22.10%
Elapsed time = 1123.60 sec. (97347.07 ticks, tree = 19.06 MB, solutions = 8)
   1914   669        1.1183   557        1.1238        0.8754   188650   22.10%
   2723  1536        1.0694   319        1.1238        0.8756   282837   22.09%
   3572  2287        0.9732   521        1.1238        0.8756   382049   22.09%
   4443  2714        1.0395   491        1.1238        0.8756   435573   22.09%
   5384  3268        0.9614   737        1.1238        0.8756   491590   22.09%
   6067  4145        0.9794   476        1.1238        0.8756   611353   22.09%
   6568  4671        0.9870   382        1.1238        0.8756   705389   22.09%
   6847  4996        1.0138   433        1.1238        0.8756   781408   22.09%
   7464  5400        1.0454   631        1.1238        0.8756   867248   22.09%
   8248  5660        1.0506   780        1.1238        0.8756   903836   22.09%
Elapsed time = 1192.40 sec. (106904.09 ticks, tree = 922.91 MB, solutions = 8)
*  8263+ 4232                            1.1229        0.8779            21.82%
*  8263+ 2821                            1.1083        0.8780            20.78%
*  8263+ 1880                            1.1051        0.8781            20.54%
*  8263+ 1253                            1.0768        0.8782            18.44%
*  8263+  834                            1.0678        0.8783            17.75%
*  8263+  556                            1.0625        0.8784            17.33%
*  8263+  370                            1.0594        0.8785            17.08%
   8263   371        0.8786  1660        1.0594        0.8786  1061739   17.07%
   8264   372        0.8795  1486        1.0594        0.8786  1065231   17.07%
   8265   372        0.8811  1366        1.0594        0.8786  1066944   17.07%
   8268   300        0.8837  1320        1.0594        0.8786  1069154   17.07%
   8273   202        0.8985  1237        1.0594        0.8786  1072908   17.07%
   8278    81        0.9013  1248        1.0594        0.8788  1076645   17.04%
   8308    23        cutoff              1.0594        0.8788  1090183   17.04%
   8348    36        0.9424  1213        1.0594        0.8788  1102858   17.04%
   8365    38        0.9547  1000        1.0594        0.8796  1109673   16.97%
   8381    27        0.9157  1142        1.0594        0.8803  1093879   16.90%
Elapsed time = 1726.08 sec. (225354.00 ticks, tree = 0.02 MB, solutions = 15)
   8438    66        0.9891   922        1.0594        0.8803  1139632   16.90%
   8497    94        1.0449   776        1.0594        0.8803  1176582   16.90%
   8644   124        cutoff              1.0594        0.8803  1214966   16.90%
   8790   206        1.0407   976        1.0594        0.8812  1283403   16.82%
   8941   305        1.0582   408        1.0594        0.8812  1353078   16.82%
   9077   410        0.9785   622        1.0594        0.8815  1409373   16.79%
   9221   181        0.8870  1555        1.0594        0.8815  1272457   16.79%
   9406   461        0.8876  1553        1.0594        0.8815  1455697   16.79%
   9625   627        0.9400  1055        1.0594        0.8815  1545347   16.79%
   9814   681        cutoff              1.0594        0.8815  1557974   16.79%
Elapsed time = 1837.17 sec. (234988.77 ticks, tree = 77.36 MB, solutions = 15)
  10057   930        1.0471   411        1.0594        0.8815  1638544   16.79%
  10293  1127        cutoff              1.0594        0.8815  1753960   16.79%
  10426  1036        0.8948  1338        1.0594        0.8815  1718042   16.79%
  10570  1363        0.9451  1205        1.0594        0.8815  1833714   16.79%
  10707  1367        1.0070  1102        1.0594        0.8815  1831840   16.79%
  10906  1550        1.0222   798        1.0594        0.8815  1915455   16.79%
  11087  1642        0.9130  1052        1.0594        0.8850  1955101   16.46%
  11242  1789        1.0285   490        1.0594        0.8850  2008379   16.46%
  11468  1953        1.0401   374        1.0594        0.8850  2079771   16.46%
  11756  1930        1.0127   659        1.0594        0.8850  2069667   16.46%
Elapsed time = 1939.15 sec. (244569.54 ticks, tree = 242.54 MB, solutions = 15)
  11959  2004        cutoff              1.0594        0.8850  2122296   16.46%
  12202  2116        0.9889   758        1.0594        0.8850  2152729   16.46%
  12420  2460        0.9755  1120        1.0594        0.8850  2279230   16.46%
  12614  2721        1.0503   551        1.0594        0.8850  2384486   16.46%
  12809  2866        1.0351   414        1.0594        0.8850  2463948   16.46%
  13038  2933        0.9538   952        1.0594        0.8885  2495697   16.13%
  13324  2895        0.9607  1021        1.0594        0.8885  2478512   16.13%
  13626  2994        0.9187   946        1.0594        0.8972  2525503   15.31%
  14060  3520        0.9202   950        1.0594        0.8972  2707240   15.31%
  14360  3863        1.0385   495        1.0594        0.8980  2804643   15.23%
Elapsed time = 2051.45 sec. (254147.40 ticks, tree = 596.41 MB, solutions = 15)
  14648  3567        0.9720   970        1.0594        0.8980  2733594   15.23%
  15053  3941        0.9267   923        1.0594        0.8992  2826557   15.13%
  15562  4103        1.0492   262        1.0594        0.9019  2885661   14.87%
  15984  4251        0.9889   986        1.0594        0.9019  2943656   14.87%
  16435  4454        1.0146   620        1.0594        0.9038  3036080   14.69%
  16828  4935        1.0203   610        1.0594        0.9038  3168391   14.69%
  17308  5155        0.9147   881        1.0594        0.9061  3227957   14.47%
  17856  5730        1.0032   657        1.0594        0.9061  3383812   14.47%
* 18202+ 5684                            1.0460        0.9064            13.35%
  18376  6067        0.9178   971        1.0460        0.9068  3455167   13.31%
  18771  5863        0.9395   743        1.0460        0.9068  3602867   13.31%
Elapsed time = 2177.68 sec. (263725.24 ticks, tree = 971.35 MB, solutions = 16)
  19108  6111        1.0353  1041        1.0460        0.9080  3666285   13.20%
  19415  6013        1.0305   265        1.0460        0.9081  3634740   13.18%
  19850  6198        1.0335   411        1.0460        0.9081  3689530   13.18%
  20326  6474        cutoff              1.0460        0.9095  3776683   13.05%
  20783  7138        1.0292   434        1.0460        0.9095  3946766   13.05%
  21330  6946        0.9647   873        1.0460        0.9101  3907846   13.00%
* 21455+ 7270                            1.0419        0.9101            12.65%
  21776  7497        1.0297   672        1.0419        0.9101  4037302   12.65%
  22296  7668        1.0096   643        1.0419        0.9115  4184938   12.51%
  22853  7843        1.0395   663        1.0419        0.9136  4230543   12.31%
  23404  7977        1.0369   532        1.0419        0.9136  4265562   12.31%
Elapsed time = 2284.82 sec. (273305.11 ticks, tree = 1365.67 MB, solutions = 17)
  23885  8328        0.9815   476        1.0419        0.9139  4321146   12.28%
  24252  9119        0.9627   722        1.0419        0.9143  4469746   12.24%
  24569  9381        1.0309  1018        1.0419        0.9149  4528053   12.18%
  24939  9634        1.0307   351        1.0419        0.9151  4607926   12.17%
  25441  9901        0.9991   345        1.0419        0.9152  4670648   12.16%
  26063 10105        0.9554   692        1.0419        0.9152  4711133   12.16%
  26610 10263        0.9919  1025        1.0419        0.9153  4746179   12.15%
  27169 10701        cutoff              1.0419        0.9158  4820333   12.10%
  27699 11322        1.0005   288        1.0419        0.9166  4956658   12.02%
  28220 10995        1.0260   792        1.0419        0.9170  4891500   11.99%
Elapsed time = 2392.41 sec. (282863.47 ticks, tree = 1937.74 MB, solutions = 17)
  28813 11842        1.0172   317        1.0419        0.9175  5065835   11.94%
  29351 12318        1.0295   218        1.0419        0.9179  5169279   11.90%
  29932 12798        cutoff              1.0419        0.9179  5267908   11.90%
  30562 12677        1.0296   221        1.0419        0.9180  5252176   11.89%
  31177 13278        1.0287    92        1.0419        0.9180  5371122   11.89%
  31680 14143        1.0113   242        1.0419        0.9187  5551173   11.82%
  32161 14594        1.0175   540        1.0419        0.9187  5621360   11.82%
  32537 14741        cutoff              1.0419        0.9190  5657278   11.79%
  33120 14846        1.0186   216        1.0419        0.9194  5673951   11.76%
  35847 16751        cutoff              1.0419        0.9200  5989914   11.70%
Elapsed time = 2533.64 sec. (295283.80 ticks, tree = 3028.13 MB, solutions = 17)
Nodefile size = 958.88 MB (862.01 MB after compression)
  38409 18565        0.9644   419        1.0419        0.9204  6318958   11.66%
* 38608+18672                            1.0417        0.9204            11.64%
* 38965+19457                            1.0342        0.9204            11.00%
* 39131+19570                            1.0342        0.9205            10.99%
  40338 18503        0.9736   493        1.0342        0.9208  6661731   10.96%
  42521 19772        0.9286   812        1.0342        0.9210  6941789   10.94%
  45294 21417        0.9637   728        1.0342        0.9213  7219105   10.91%
  47053 23406        1.0292   516        1.0342        0.9217  7581685   10.87%
  49444 24479        1.0052   683        1.0342        0.9220  7771979   10.84%
  52258 27146        0.9939   386        1.0342        0.9225  8182494   10.80%
  54803 29006        cutoff              1.0342        0.9225  8485537   10.80%
* 55648+29071                            1.0194        0.9228             9.48%
  57026 24338        1.0180   234        1.0194        0.9229  8753163    9.47%
  58942 25546        1.0148   469        1.0194        0.9233  9040717    9.43%
Elapsed time = 2961.59 sec. (333445.27 ticks, tree = 4657.14 MB, solutions = 20)
Nodefile size = 2598.65 MB (2332.93 MB after compression)
* 59967+26314                            1.0193        0.9234             9.41%
* 60251+26314                            1.0190        0.9234             9.38%
* 60386+26469                            1.0190        0.9235             9.36%
* 60486+26430                            1.0174        0.9236             9.22%
* 60702+26430                            1.0168        0.9236             9.16%
  60710 26648        0.9378   509        1.0168        0.9236  9260404    9.16%
* 60740+26314                            1.0105        0.9236             8.60%
* 60889+26314                            1.0094        0.9236             8.50%
* 61112+26314                            1.0091        0.9236             8.47%
* 61375+26314                            1.0088        0.9236             8.45%
* 61588+26314                            1.0040        0.9236             8.01%
  62308 27884        0.9912   402        1.0040        0.9236  9527392    8.01%
  63796 28893        1.0158   463        1.0040        0.9236  9736600    8.01%
* 65396+26314                            1.0039        0.9236             8.00%
  65474 29917        1.0163   238        1.0039        0.9236  9976934    8.00%
* 66231+26314                            1.0037        0.9236             7.98%
  67799 31020        1.0131   668        1.0037        0.9236 10221372    7.98%
* 68066+23815                            1.0036        0.9236             7.97%
* 68170+23903                            1.0036        0.9236             7.97%
  69631 24174        1.0003   344        1.0036        0.9236 10381469    7.97%
  71518 25347        0.9897   252        1.0036        0.9236 10716433    7.97%
  73591 26182        cutoff              1.0036        0.9236 10935988    7.97%
  76157 27024        0.9787   383        1.0036        0.9258 11096858    7.75%
  78747 28780        0.9334   684        1.0036        0.9262 11518296    7.71%
Elapsed time = 3296.49 sec. (371605.57 ticks, tree = 5228.53 MB, solutions = 74)
Nodefile size = 3163.21 MB (2849.12 MB after compression)
  81622 30509        0.9840   340        1.0036        0.9267 11941774    7.66%
* 83969+31300                            1.0036        0.9270             7.63%
  84572 31754        0.9752   424        1.0036        0.9270 12222816    7.63%
  86580 34249        0.9596   623        1.0036        0.9276 12778479    7.57%
  88936 35196        0.9716   418        1.0036        0.9280 13006432    7.53%
  91959 36870        0.9924   362        1.0036        0.9286 13369666    7.47%
  95042 38070        0.9824   519        1.0036        0.9290 13628104    7.43%
  98058 39833        1.0025   272        1.0036        0.9297 13993579    7.36%
* 98613+39637                            1.0034        0.9298             7.33%
 100782 40886        1.0002   197        1.0034        0.9304 14225779    7.28%
 103705 43337        cutoff              1.0034        0.9310 14855236    7.22%
 105593 44652        cutoff              1.0034        0.9317 15146824    7.14%
Elapsed time = 3695.45 sec. (409771.44 ticks, tree = 8236.56 MB, solutions = 76)
Nodefile size = 6172.68 MB (5553.00 MB after compression)
 107364 45347        0.9956   297        1.0034        0.9324 15356757    7.08%
 109965 46262        0.9647   904        1.0034        0.9330 15605403    7.01%
 112320 48273        0.9750  1009        1.0034        0.9335 16111084    6.96%
 114908 49098    infeasible              1.0034        0.9342 16370797    6.90%
 117476 50227        cutoff              1.0034        0.9350 16731035    6.81%
 119704 50968        0.9999   127        1.0034        0.9358 16932337    6.74%
 121454 52598        0.9621   448        1.0034        0.9365 17406456    6.67%
 123763 53039        1.0006   301        1.0034        0.9373 17548000    6.59%
 126739 54395        0.9648   390        1.0034        0.9379 17972077    6.53%
 129502 55188        0.9742  1027        1.0034        0.9386 18213456    6.46%
Elapsed time = 4086.51 sec. (447933.84 ticks, tree = 10223.01 MB, solutions = 76)
Nodefile size = 8149.16 MB (7329.91 MB after compression)
 132399 57871        0.9912   347        1.0034        0.9394 18966874    6.38%
*132480+57802                            1.0031        0.9395             6.34%
 134753 58029        cutoff              1.0031        0.9402 19010085    6.27%
 136730 59734        0.9964   167        1.0031        0.9410 19631532    6.19%
 138911 59620        0.9981   273        1.0031        0.9417 19589168    6.12%
 141366 61035        0.9945   479        1.0031        0.9425 20095188    6.04%
 144407 61053        cutoff              1.0031        0.9434 20096887    5.95%
 147360 62675        0.9852   417        1.0031        0.9442 20594160    5.87%
 150768 63814        0.9857   444        1.0031        0.9449 20996784    5.80%
 153589 65770        0.9965   455        1.0031        0.9455 21481219    5.74%
 155995 66503        cutoff              1.0031        0.9463 21684179    5.66%
Elapsed time = 4551.18 sec. (486092.32 ticks, tree = 12347.49 MB, solutions = 77)
Nodefile size = 10272.88 MB (9228.55 MB after compression)
 158031 67687        0.9579   804        1.0031        0.9472 22003238    5.57%
 160913 69581        0.9800   519        1.0031        0.9480 22559634    5.49%
 164828 69691        0.9801   658        1.0031        0.9488 22581831    5.41%
 168826 70553        cutoff              1.0031        0.9496 22814943    5.34%
 172910 74178        1.0017   273        1.0031        0.9502 23599324    5.28%
 177117 74574        1.0026   266        1.0031        0.9507 23687889    5.23%
 181114 76743        0.9614   401        1.0031        0.9512 24145929    5.17%
 183993 77783        cutoff              1.0031        0.9518 24407259    5.12%
 186929 80191        0.9602   422        1.0031        0.9525 24874742    5.05%
 191412 81325        cutoff              1.0031        0.9532 25175145    4.97%
Elapsed time = 5179.13 sec. (524252.40 ticks, tree = 15197.31 MB, solutions = 77)
Nodefile size = 13128.74 MB (11779.26 MB after compression)
 196350 82684        0.9593   703        1.0031        0.9540 25443750    4.89%
 201227 85758        0.9792   323        1.0031        0.9545 25999124    4.84%
 206990 86875        1.0000   246        1.0031        0.9551 26218479    4.79%
 212397 90162        0.9826   211        1.0031        0.9556 26714211    4.73%
 217331 91130        0.9747   486        1.0031        0.9561 26863475    4.69%
 222329 94110        cutoff              1.0031        0.9566 27375695    4.63%
 225929 95238        1.0016   565        1.0031        0.9573 27587554    4.56%
 229665 98806        1.0004    86        1.0031        0.9578 28193244    4.52%
 235489 98726        0.9869   322        1.0031        0.9583 28164983    4.46%
 241444 100104        cutoff              1.0031        0.9589 28402704    4.41%
Elapsed time = 5789.90 sec. (562407.00 ticks, tree = 18775.22 MB, solutions = 77)
Nodefile size = 16693.38 MB (14956.68 MB after compression)
 247793 104927        1.0008   298        1.0031        0.9594 29097795    4.35%
*251005+104708                            1.0031        0.9596             4.34%
*253005+108367                            1.0030        0.9598             4.30%
 253724 105111        0.9968   248        1.0030        0.9598 29143809    4.30%
*255650+107634                            1.0030        0.9600             4.29%
 259786 109758        0.9739   390        1.0030        0.9602 29778945    4.26%
 266385 112572        0.9960   295        1.0030        0.9606 30203560    4.22%
 273260 113137        0.9726   516        1.0030        0.9610 30276319    4.19%
 279652 119698        0.9734   284        1.0030        0.9615 31108582    4.14%
 284821 119596        1.0014   336        1.0030        0.9620 31086508    4.08%
 288171 124540        cutoff              1.0030        0.9624 31768788    4.04%
 292705 125587        0.9923   452        1.0030        0.9629 31971666    4.00%
 298162 127420        0.9797   932        1.0030        0.9632 32337337    3.96%
Elapsed time = 6437.84 sec. (600558.87 ticks, tree = 22994.92 MB, solutions = 79)
Nodefile size = 21048.30 MB (18804.16 MB after compression)
 303688 129565        0.9716   281        1.0030        0.9637 32656928    3.92%
 309339 132507        1.0007   261        1.0030        0.9641 33214589    3.88%
 315623 133359        cutoff              1.0030        0.9643 33368377    3.85%
 322559 135186        0.9771   334        1.0030        0.9646 33636545    3.83%
 328145 137795        0.9788   209        1.0030        0.9649 33957444    3.80%
 332026 143210        0.9985   143        1.0030        0.9652 34772644    3.76%
 335659 144479        0.9775   404        1.0030        0.9655 34958168    3.73%
 341538 145461        cutoff              1.0030        0.9659 35168375    3.69%
 348375 148314        cutoff              1.0030        0.9663 35629913    3.66%
 355076 149839        0.9755   284        1.0030        0.9666 35822451    3.63%
Elapsed time = 7055.06 sec. (638715.58 ticks, tree = 24091.01 MB, solutions = 79)
Nodefile size = 22008.33 MB (19515.22 MB after compression)
 361605 153298        0.9714   335        1.0030        0.9668 36260853    3.61%
 367643 154951        0.9727   500        1.0030        0.9670 36461926    3.59%
 372396 158527        0.9696   392        1.0030        0.9673 37029414    3.56%
 376857 160757        cutoff              1.0030        0.9676 37371181    3.52%
 383490 162097        1.0012   226        1.0030        0.9679 37602938    3.50%
 390066 165610        1.0005   266        1.0030        0.9682 38054509    3.46%
 396677 169451        0.9748   457        1.0030        0.9685 38607191    3.44%
 403857 172161        0.9999   467        1.0030        0.9687 39007023    3.42%
 410709 173004        0.9941   246        1.0030        0.9689 39082133    3.40%
 414746 178895        0.9758   349        1.0030        0.9691 39726367    3.38%
Elapsed time = 7701.65 sec. (676871.67 ticks, tree = 26460.98 MB, solutions = 79)
Nodefile size = 24409.46 MB (21317.16 MB after compression)
 419860 180537        0.9918   369        1.0030        0.9693 39971060    3.35%
 426654 182832        1.0006   282        1.0030        0.9696 40310894    3.33%
 434463 183913        0.9811   380        1.0030        0.9698 40453726    3.31%
 441854 188077        0.9890   387        1.0030        0.9700 40898265    3.29%
 449709 192403        0.9958   230        1.0030        0.9702 41340017    3.27%
 456787 196058        0.9964   243        1.0030        0.9704 41731362    3.25%
 463098 196975        0.9986   415        1.0030        0.9706 41861396    3.23%
 468310 199804        0.9750   366        1.0030        0.9708 42283408    3.21%
 472003 202466        0.9927   389        1.0030        0.9711 42646141    3.18%
 479191 205719        0.9882   291        1.0030        0.9713 43153550    3.15%
Elapsed time = 8327.64 sec. (715026.28 ticks, tree = 28351.94 MB, solutions = 79)
Nodefile size = 26287.83 MB (22697.03 MB after compression)
 486481 207634        0.9990   176        1.0030        0.9716 43333697    3.13%
 493911 212692        0.9867   299        1.0030        0.9717 43855172    3.11%
 500540 214096        0.9758   214        1.0030        0.9719 44034355    3.10%
 508264 218165        0.9734   266        1.0030        0.9720 44599048    3.09%
 515452 218575        1.0026   297        1.0030        0.9722 44649244    3.07%
 519783 224579        0.9888   182        1.0030        0.9724 45286376    3.04%
 526024 226389        0.9973   301        1.0030        0.9727 45488495    3.02%
 534014 228607        0.9747   361        1.0030        0.9729 45735026    3.00%
 542111 229684        cutoff              1.0030        0.9731 45889043    2.98%
 549917 236076        0.9813   213        1.0030        0.9733 46584808    2.96%
Elapsed time = 9034.41 sec. (753177.22 ticks, tree = 31496.15 MB, solutions = 79)
Nodefile size = 29439.22 MB (24943.11 MB after compression)
 558786 239144        1.0021   200        1.0030        0.9734 46911564    2.95%
 566373 243714        0.9737   410        1.0030        0.9735 47456435    2.94%
 573342 246824        0.9859   322        1.0030        0.9737 47875070    2.92%
 578165 249111        cutoff              1.0030        0.9739 48113782    2.90%
 585630 250654        cutoff              1.0030        0.9741 48280934    2.88%
 593172 254137        0.9947   377        1.0030        0.9742 48616991    2.86%
 601840 255878        0.9845   323        1.0030        0.9744 48808868    2.85%
 609012 260035        0.9909   289        1.0030        0.9745 49305683    2.83%
 617337 264666        0.9919   132        1.0030        0.9746 49901367    2.83%
 626368 267148        0.9765   383        1.0030        0.9748 50133267    2.81%
Elapsed time = 9734.27 sec. (791329.16 ticks, tree = 33378.27 MB, solutions = 79)
Nodefile size = 31305.60 MB (26119.18 MB after compression)
 631391 271219        0.9956   427        1.0030        0.9749 50467781    2.79%
 638385 274059        0.9965   280        1.0030        0.9751 50823932    2.78%
 647017 274063        0.9929   223        1.0030        0.9752 50830015    2.77%
 656618 280637        0.9908   215        1.0030        0.9754 51518530    2.75%
 664971 282325    infeasible              1.0030        0.9755 51660916    2.74%
 673445 288673        1.0020   362        1.0030        0.9756 52203715    2.73%
 682165 292973        0.9911   271        1.0030        0.9757 52693007    2.72%
 687583 294889        0.9981   397        1.0030        0.9758 52886274    2.71%
 694059 298358        0.9906   288        1.0030        0.9760 53227794    2.69%
 702319 300427        0.9806   225        1.0030        0.9761 53388272    2.68%
Elapsed time = 10447.87 sec. (829479.58 ticks, tree = 36893.97 MB, solutions = 79)
Nodefile size = 34835.98 MB (28455.64 MB after compression)
 711925 306632        1.0026   292        1.0030        0.9762 54005041    2.67%
 721710 309156        0.9816   262        1.0030        0.9763 54209914    2.66%
 731516 313955        0.9998   339        1.0030        0.9764 54567278    2.65%
 740307 317066        0.9771   336        1.0030        0.9765 54828102    2.64%
 745985 319989        0.9946   319        1.0030        0.9766 55052662    2.63%
 752531 325064        0.9940   255        1.0030        0.9767 55604589    2.61%
 763188 325820        cutoff              1.0030        0.9769 55670520    2.60%
 772814 332044        0.9885   145        1.0030        0.9770 56094889    2.59%
 782482 338996        0.9936   316        1.0030        0.9771 56576756    2.58%
*788519+338506                            1.0030        0.9771             2.58%
*790323+341840                            1.0029        0.9771             2.57%
*791567+342587                            1.0029        0.9771             2.57%
 792665 342747        0.9942   133        1.0029        0.9772 56874657    2.57%
Elapsed time = 11258.32 sec. (867630.85 ticks, tree = 43579.97 MB, solutions = 81)
Nodefile size = 41517.85 MB (32935.83 MB after compression)
 801842 347396        0.9812   326        1.0029        0.9772 57253995    2.56%
 811555 349870        0.9919   441        1.0029        0.9774 57515687    2.54%
 817827 352704        0.9868   256        1.0029        0.9775 57790410    2.53%
 824376 357372        1.0019   112        1.0029        0.9776 58130489    2.52%
 835819 358765        cutoff              1.0029        0.9777 58253368    2.51%
 845234 363564        0.9989   259        1.0029        0.9778 58587682    2.50%
 854363 368097    infeasible              1.0029        0.9779 58875633    2.49%
 865047 373541        0.9936   159        1.0029        0.9780 59391509    2.48%
 874949 379839        0.9973   274        1.0029        0.9781 59840660    2.48%
 883257 384529        0.9783   398        1.0029        0.9782 60179551    2.46%
Elapsed time = 12194.29 sec. (905780.54 ticks, tree = 49217.06 MB, solutions = 81)
Nodefile size = 47152.35 MB (36707.13 MB after compression)
 888277 386274        0.9911   454        1.0029        0.9783 60312083    2.45%
 896673 388425        cutoff              1.0029        0.9784 60534311    2.44%
 907464 394972        cutoff              1.0029        0.9785 61183309    2.43%
 917310 396298        cutoff              1.0029        0.9786 61272747    2.43%
 926722 403085    infeasible              1.0029        0.9786 61755854    2.42%
 935863 407598    infeasible              1.0029        0.9787 62175021    2.41%
 946815 411095        0.9856   412        1.0029        0.9788 62524087    2.40%
 954743 413758        0.9939   193        1.0029        0.9789 62715925    2.39%
 960824 419684        cutoff              1.0029        0.9790 63141710    2.38%
 970336 420112        0.9878   322        1.0029        0.9791 63185098    2.38%
Elapsed time = 12975.92 sec. (943933.75 ticks, tree = 53679.23 MB, solutions = 81)
Nodefile size = 51596.71 MB (39674.67 MB after compression)
 980460 425235        1.0024    75        1.0029        0.9791 63549589    2.37%
 990939 428481        0.9855   332        1.0029        0.9792 63863525    2.36%
 1001637 436773        1.0011   170        1.0029        0.9793 64512724    2.35%
 1012181 437814        0.9987   173        1.0029        0.9794 64585614    2.35%
 1023484 444736        0.9922   256        1.0029        0.9795 65018266    2.34%
 1031708 452079        0.9871   321        1.0029        0.9795 65540562    2.33%
 1037067 454787        0.9962   306        1.0029        0.9796 65796103    2.32%
 1046118 455729        0.9904   311        1.0029        0.9797 65888947    2.31%
 1056862 458541        0.9836   399        1.0029        0.9798 66147395    2.30%
 1068367 465380        0.9857   176        1.0029        0.9799 66628538    2.30%
Elapsed time = 13768.12 sec. (982084.72 ticks, tree = 59898.36 MB, solutions = 81)
Nodefile size = 57834.39 MB (43843.33 MB after compression)
 1078646 468506        1.0015   230        1.0029        0.9799 66850601    2.29%
 1087304 475202        0.9892   302        1.0029        0.9800 67365728    2.28%
 1093179 479649        1.0027   442        1.0029        0.9801 67775253    2.28%
 1102468 482219    infeasible              1.0029        0.9801 68012913    2.27%
 1113089 487898        cutoff              1.0029        0.9802 68345728    2.26%
 1123718 492133        0.9961   290        1.0029        0.9803 68663384    2.25%
 1134326 497812    infeasible              1.0029        0.9803 69099481    2.25%
 1145021 499861        0.9862   224        1.0029        0.9804 69234351    2.24%
 1155393 507660        1.0004   135        1.0029        0.9804 69774288    2.24%
 1163473 508364        0.9969   253        1.0029        0.9805 69842847    2.23%
Elapsed time = 14520.78 sec. (1020235.18 ticks, tree = 64467.45 MB, solutions = 81)
Nodefile size = 62414.47 MB (46863.68 MB after compression)
 1169229 515144        0.9876   175        1.0029        0.9806 70448908    2.22%
 1179558 516699        cutoff              1.0029        0.9807 70549012    2.22%
 1191344 519403        0.9980   303        1.0029        0.9807 70715626    2.21%
 1201562 524142        0.9897   244        1.0029        0.9808 71022588    2.20%
 1212249 529961    infeasible              1.0029        0.9808 71435829    2.20%
 1223093 538433        0.9881   348        1.0029        0.9809 72080398    2.19%
 1234387 539433        0.9993   103        1.0029        0.9810 72125363    2.19%
 1241924 545761        cutoff              1.0029        0.9810 72516883    2.18%
 1248163 551125        0.9814   315        1.0029        0.9811 72905333    2.17%
 1258139 552774        0.9948   305        1.0029        0.9812 73051183    2.17%
Elapsed time = 15340.76 sec. (1058384.10 ticks, tree = 69326.74 MB, solutions = 81)
Nodefile size = 67293.52 MB (50019.04 MB after compression)
 1269422 558052        0.9907   132        1.0029        0.9812 73499888    2.16%
 1280577 560903        cutoff              1.0029        0.9813 73681280    2.16%
 1290399 568664        0.9904   499        1.0029        0.9813 74123161    2.15%
 1300338 572750        0.9898   304        1.0029        0.9814 74467060    2.15%
 1307615 577384        0.9941   308        1.0029        0.9814 74861484    2.14%
 1314284 581514        0.9918   272        1.0029        0.9815 75136974    2.13%
 1326525 582693        0.9907   367        1.0029        0.9815 75220592    2.13%
 1336042 589785        0.9934   424        1.0029        0.9816 75637618    2.12%
 1347157 593839        0.9866   228        1.0029        0.9817 76003412    2.12%
 1358418 601255        0.9984   275        1.0029        0.9817 76515385    2.11%
Elapsed time = 16220.10 sec. (1096534.33 ticks, tree = 75588.26 MB, solutions = 81)
Nodefile size = 73525.52 MB (54069.72 MB after compression)
 1370443 603809        0.9917   296        1.0029        0.9817 76654149    2.11%
 1381804 607742        0.9966   258        1.0029        0.9818 76875969    2.10%
 1392134 615152        cutoff              1.0029        0.9819 77367777    2.10%
 1397647 618199        0.9876   147        1.0029        0.9819 77609307    2.09%
 1407949 623234        cutoff              1.0029        0.9820 78008351    2.09%
 1418280 623600        cutoff              1.0029        0.9820 78029374    2.08%
 1428138 632027        0.9897   445        1.0029        0.9821 78564146    2.07%
 1438623 637597        0.9835   222        1.0029        0.9821 79048842    2.07%
 1450851 642327        1.0006   193        1.0029        0.9821 79391466    2.07%
 1462242 648046        0.9978   138        1.0029        0.9822 79738288    2.07%
Elapsed time = 17132.00 sec. (1134686.07 ticks, tree = 81661.97 MB, solutions = 81)
Nodefile size = 79601.12 MB (58033.42 MB after compression)
 1473034 650782        1.0023   305        1.0029        0.9822 79888664    2.06%
 1479090 657913        cutoff              1.0029        0.9823 80353440    2.05%
 1487572 659132        0.9987   197        1.0029        0.9823 80461936    2.05%
 1499475 660541        0.9968   256        1.0029        0.9824 80600874    2.04%
 1510726 669779        0.9933   233        1.0029        0.9824 81242982    2.04%
 1522197 672785        0.9938   321        1.0029        0.9825 81417285    2.03%
 1534215 677562        1.0028   218        1.0029        0.9825 81738198    2.03%
 1545555 685257        0.9983   258        1.0029        0.9826 82265108    2.03%
 1555055 691962        0.9939    83        1.0029        0.9826 82774512    2.02%

Clique cuts applied:  1072
Cover cuts applied:  1
Implied bound cuts applied:  26
Flow cuts applied:  49
Mixed integer rounding cuts applied:  97
Zero-half cuts applied:  2947
Gomory fractional cuts applied:  9

Root node processing (before b&c):
  Real time             = 1099.81 sec. (92866.01 ticks)
Parallel b&c, 32 threads:
  Real time             = 16829.30 sec. (1079503.37 ticks)
  Sync time (average)   = 9254.74 sec.
  Wait time (average)   =    2.11 sec.
                          ------------
Total (root+branch&cut) = 17929.10 sec. (1172369.39 ticks)
Solution found
