Model: Diversity_model_3
 - number of variables: 23946
   - binary=18890, integer=2, continuous=5054
 - number of constraints: 54115
   - linear=54115
 - parameters: defaults
CPXPARAM_Read_DataCheck                          1
CPXPARAM_RandomSeed                              201804051
CPXPARAM_MIP_Strategy_LBHeur                     1
CPXPARAM_TimeLimit                               86400
CPXPARAM_MIP_Tolerances_MIPGap                   0.02
Tried aggregator 2 times.
MIP Presolve eliminated 1074 rows and 1068 columns.
MIP Presolve modified 530 coefficients.
Aggregator did 10241 substitutions.
Reduced MIP has 42800 rows, 12637 columns, and 111389 nonzeros.
Reduced MIP has 9710 binaries, 0 generals, 1060 SOSs, and 0 indicators.
Presolve time = 1.24 sec. (244.77 ticks)
Probing changed sense of 53 constraints.
Probing time = 8.34 sec. (24.04 ticks)
Tried aggregator 2 times.
MIP Presolve eliminated 11306 rows and 3190 columns.
Aggregator did 106 substitutions.
Reduced MIP has 31388 rows, 9341 columns, and 83639 nonzeros.
Reduced MIP has 6467 binaries, 0 generals, 1060 SOSs, and 0 indicators.
Presolve time = 1.85 sec. (172.29 ticks)
Probing time = 1.45 sec. (74.01 ticks)
Tried aggregator 2 times.
MIP Presolve eliminated 5648 rows and 1089 columns.
Aggregator did 53 substitutions.
Reduced MIP has 25687 rows, 8199 columns, and 68979 nonzeros.
Reduced MIP has 5378 binaries, 0 generals, 1060 SOSs, and 0 indicators.
Presolve time = 1.86 sec. (187.02 ticks)
Probing time = 0.69 sec. (58.80 ticks)
Clique table members: 42739.
MIP emphasis: balance optimality and feasibility.
MIP search method: dynamic search.
Parallel mode: deterministic, using up to 32 threads.
Root relaxation solution time = 18.48 sec. (358.70 ticks)

        Nodes                                         Cuts/
   Node  Left     Objective  IInf  Best Integer    Best Bound    ItCnt     Gap

      0     0        0.9247  1459                      0.9247     4299         
      0     0        0.9254  1395                  Cuts: 2686     6917         
      0     0        0.9288  1440                  Cuts: 3374     9540         
      0     0        0.9303  1394                  Cuts: 1163    11137         
      0     0        0.9315  1402                  Cuts: 1604    12918         
*     0+    0                            1.6480        0.9315            43.47%
      0     0        0.9324  1446        1.6480    Cuts: 1322    14248   43.42%
*     0+    0                            1.6356        0.9324            42.99%
*     0+    0                            1.6329        0.9324            42.90%

Repeating presolve.
Tried aggregator 1 time.
MIP Presolve eliminated 12047 rows and 2840 columns.
Reduced MIP has 13640 rows, 5359 columns, and 38559 nonzeros.
Reduced MIP has 2538 binaries, 0 generals, 1060 SOSs, and 0 indicators.
Presolve time = 0.34 sec. (56.06 ticks)
Probing time = 0.30 sec. (18.85 ticks)
Tried aggregator 1 time.
MIP Presolve eliminated 2633 rows and 600 columns.
Reduced MIP has 11007 rows, 4759 columns, and 31860 nonzeros.
Reduced MIP has 1938 binaries, 0 generals, 1060 SOSs, and 0 indicators.
Presolve time = 0.16 sec. (37.43 ticks)
Probing time = 0.50 sec. (13.59 ticks)
Tried aggregator 1 time.
MIP Presolve eliminated 1809 rows and 474 columns.
Reduced MIP has 9198 rows, 4285 columns, and 27381 nonzeros.
Reduced MIP has 1464 binaries, 0 generals, 1060 SOSs, and 0 indicators.
Presolve time = 0.14 sec. (31.00 ticks)
Probing time = 0.12 sec. (11.46 ticks)
Tried aggregator 1 time.
MIP Presolve eliminated 1361 rows and 265 columns.
Reduced MIP has 7837 rows, 4020 columns, and 23828 nonzeros.
Reduced MIP has 1199 binaries, 0 generals, 1060 SOSs, and 0 indicators.
Presolve time = 0.13 sec. (26.27 ticks)
Probing time = 0.31 sec. (7.64 ticks)
Tried aggregator 1 time.
MIP Presolve eliminated 477 rows and 84 columns.
Reduced MIP has 7360 rows, 3936 columns, and 22565 nonzeros.
Reduced MIP has 1115 binaries, 0 generals, 1060 SOSs, and 0 indicators.
Presolve time = 0.17 sec. (28.20 ticks)
Represolve time = 2.86 sec. (548.46 ticks)
Probing time = 0.42 sec. (7.13 ticks)
Clique table members: 10079.
MIP emphasis: balance optimality and feasibility.
MIP search method: dynamic search.
Parallel mode: deterministic, using up to 32 threads.
Root relaxation solution time = 28.76 sec. (418.54 ticks)

        Nodes                                         Cuts/
   Node  Left     Objective  IInf  Best Integer    Best Bound    ItCnt     Gap

*     0+    0                            1.6329        0.9324            42.90%
      0     0        0.9329   841        1.6329        0.9329    19897   42.87%
*     0+    0                            1.6310        0.9329            42.80%
      0     0        0.9378   730        1.6310    Cuts: 1217    21595   42.50%
      0     0        0.9385   724        1.6310     Cuts: 409    22410   42.46%
      0     0        0.9391   753        1.6310     Cuts: 299    23239   42.42%
*     0+    0                            1.6277        0.9391            42.30%
      0     0        0.9391   754        1.6277     Cuts: 195    23865   42.30%
      0     0        0.9393   624        1.6277      Cuts: 77    25002   42.29%
      0     0        0.9394   613        1.6277     Cuts: 321    26282   42.29%
      0     0        0.9394   598        1.6277     Cuts: 239    26649   42.28%
      0     0        0.9394   591        1.6277     Cuts: 162    26883   42.28%
      0     2        0.9394   489        1.6277        0.9394    26883   42.28%
Elapsed time = 172.04 sec. (12785.35 ticks, tree = 0.02 MB, solutions = 5)
      2     4        0.9551   808        1.6277        0.9394    30048   42.28%
*    21+   10                            1.6271        0.9394            42.26%
    149    57        1.5267   538        1.6271        0.9394    36329   42.26%
   1234   902        1.4696   427        1.6271        0.9394    92122   42.26%
   2455  1674        1.5591   266        1.6271        0.9394   142911   42.26%
   3409  2616        1.2323   452        1.6271        0.9394   194871   42.26%
   4466  3463        0.9670   694        1.6271        0.9394   245014   42.26%
   5762  4828        1.5885   289        1.6271        0.9394   299606   42.26%
*  6076+ 4348                            1.6140        0.9394            41.79%
*  6277+ 4575                            1.6127        0.9394            41.75%
*  6306+ 4496                            1.6120        0.9394            41.72%
   6436  5335        1.1122   507        1.6120        0.9394   318240   41.72%
*  6641+ 4563                            1.3018        0.9394            27.84%
   7035  2554        1.1099   664        1.3018        0.9394   358828   27.84%
*  8968+ 3886                            1.2992        0.9394            27.69%
*  8990+ 3833                            1.2992        0.9394            27.69%
   9639  4573        1.1999   436        1.2992        0.9394   492006   27.69%
Elapsed time = 259.04 sec. (16349.64 ticks, tree = 11.47 MB, solutions = 16)
  13383  8028        1.2598    72        1.2992        0.9394   650378   27.69%
* 13862+ 8195                            1.2159        0.9394            22.74%
* 14091  6001      integral     0        1.1480        0.9394   675656   18.17%
* 14125  3369      integral     0        1.1474        0.9394   688390   18.12%
  15405  4279        cutoff              1.1474        0.9394   800040   18.12%
* 16097+ 4089                            1.1470        0.9394            18.10%
* 16469+ 6130                            1.1247        0.9394            16.47%
* 16608+ 6130                            1.1017        0.9394            14.73%
  17255  3845        1.0953   496        1.1017        0.9394   930397   14.73%
* 17878+ 3927                            1.0473        0.9394            10.30%
  18984  2483        1.0235   600        1.0473        0.9394  1109498   10.30%
* 19719+ 2178                            1.0468        0.9394            10.26%
* 20456+ 2831                            1.0468        0.9394            10.26%
  21239  4076        0.9718   545        1.0468        0.9394  1288361   10.26%
  24024  6096        1.0088   477        1.0468        0.9394  1500609   10.26%
  27757  8813        1.0204   495        1.0468        0.9394  1712872   10.26%
  32103 12427        0.9680   664        1.0468        0.9394  1983546   10.26%
  36213 15500        0.9772   530        1.0468        0.9394  2193090   10.26%
  40319 18742        1.0304   360        1.0468        0.9394  2491667   10.26%
Elapsed time = 394.62 sec. (25890.55 ticks, tree = 50.98 MB, solutions = 90)
  44648 22340        0.9888   603        1.0468        0.9395  2800592   10.25%
* 47857 24227      integral     0        1.0452        0.9403  2921396   10.04%
  50599 25847        1.0441    15        1.0452        0.9403  3069326   10.04%
* 51617 26625      integral     0        1.0448        0.9403  3110376   10.00%
* 52200+18922                            1.0446        0.9407             9.94%
* 52200+12614                            1.0446        0.9407             9.94%
* 52200+ 8409                            1.0444        0.9407             9.92%
* 52200+ 5605                            1.0424        0.9407             9.75%
  52200  5606        0.9394   523        1.0424        0.9407  3236767    9.75%
* 52202+ 3737                            1.0421        0.9407             9.73%
  52204  3741        0.9394   498        1.0421        0.9407  3237052    9.73%
* 52214+  578                            1.0417        0.9407             9.69%
* 52214+  386                            1.0416        0.9407             9.68%
  52247    18        0.9394   554        1.0416        0.9407  3238884    9.68%
  53497   545        1.0016   506        1.0416        0.9407  3343205    9.68%
  56432  1793        1.0117   464        1.0416        0.9407  3444404    9.68%
  60358  4969        1.0304   346        1.0416        0.9407  3599733    9.68%
* 62116  5779      integral     0        1.0411        0.9407  3625072    9.64%
  66433  9005        1.0247   318        1.0411        0.9411  3766176    9.60%
Elapsed time = 639.20 sec. (43923.25 ticks, tree = 498.28 MB, solutions = 113)
  72693 13564        1.0083   315        1.0411        0.9442  3932940    9.31%
  78678 18537        1.0360   412        1.0411        0.9518  4089404    8.58%
  86215 23248        1.0267   385        1.0411        0.9540  4242351    8.37%
* 89913 26231      integral     0        1.0400        0.9551  4330132    8.17%
  92822 27944        0.9615   423        1.0400        0.9555  4401294    8.13%
* 96539 30585      integral     0        1.0377        0.9568  4475699    7.79%
*102144+31896                            1.0370        0.9580             7.62%
*102374+32329                            1.0370        0.9580             7.62%
 103239 33904        1.0035   306        1.0370        0.9581  4621135    7.61%
 106816 36566        1.0351    53        1.0370        0.9581  4707308    7.61%
*108957+33697                            1.0257        0.9581             6.59%
*109011+33566                            1.0212        0.9581             6.18%
 110545 38874        0.9609   415        1.0212        0.9581  4761562    6.18%
*110778+33566                            1.0212        0.9581             6.17%
*112011+33566                            1.0206        0.9581             6.12%
 113002 40408        1.0075   390        1.0206        0.9581  4804564    6.12%
 116179 29286        0.9943   396        1.0206        0.9581  4898900    6.12%
Elapsed time = 757.65 sec. (52925.02 ticks, tree = 1733.61 MB, solutions = 121)
*116462+27851                            1.0205        0.9581             6.11%
*117488+33698                            1.0203        0.9581             6.09%
*118170+33566                            1.0191        0.9581             5.99%
 119655 26435        1.0180   357        1.0191        0.9581  4958341    5.99%
*124599+33697                            1.0185        0.9581             5.93%
 124789 29654        0.9888   311        1.0185        0.9581  5047552    5.93%
 130471 32744        0.9784   303        1.0185        0.9581  5186816    5.93%
*130744+32551                            1.0178        0.9581             5.86%
*130907+32551                            1.0177        0.9581             5.85%
*131936+33704                            1.0172        0.9581             5.80%
*132174+32236                            1.0168        0.9581             5.77%
*132483+32420                            1.0121        0.9581             5.34%
 133418 31381        1.0137   200        1.0121        0.9581  5238443    5.34%
*133871+25230                            1.0117        0.9581             5.30%
 138061 26469        1.0114   244        1.0117        0.9581  5325796    5.30%
 142633 29858        0.9820   387        1.0117        0.9581  5436152    5.30%
 147513 33934        cutoff              1.0117        0.9581  5564789    5.30%
*150084+34962                            1.0117        0.9581             5.29%
 151480 35669        1.0095   258        1.0117        0.9581  5636135    5.29%
 154900 38302        0.9962   246        1.0117        0.9581  5726695    5.29%
 158394 40575        0.9772   400        1.0117        0.9581  5807525    5.29%
Elapsed time = 847.20 sec. (62463.86 ticks, tree = 2400.13 MB, solutions = 151)
Nodefile size = 345.10 MB (303.35 MB after compression)
 162550 42489        0.9965   299        1.0117        0.9581  5876731    5.29%
 166052 44714        cutoff              1.0117        0.9581  5954342    5.29%
 168910 47095        1.0117   131        1.0117        0.9581  6027113    5.29%
 172341 49968    infeasible              1.0117        0.9581  6122701    5.29%
 176519 52012        0.9967   259        1.0117        0.9581  6195280    5.29%
 180928 54959        1.0034   383        1.0117        0.9581  6296290    5.29%
 183566 57031        1.0014   283        1.0117        0.9581  6360601    5.29%
 187059 59608        1.0109   230        1.0117        0.9588  6455893    5.23%
 192399 61843        1.0095   216        1.0117        0.9664  6540824    4.48%
*192698+43613                            1.0112        0.9669             4.38%
 192698 43614        0.9396   511        1.0112        0.9669  6668585    4.38%
Elapsed time = 1079.85 sec. (85342.18 ticks, tree = 1365.04 MB, solutions = 240)
 192699 43614        0.9396   843        1.0112        0.9669  6672628    4.38%
 192701 43615        0.9396   833        1.0112        0.9669  6674633    4.38%
 192710 19472        0.9396   827        1.0112        0.9669  6678005    4.38%
 192731  3604        0.9456   791        1.0112        0.9669  6703009    4.38%
 192883    39        0.9396   806        1.0112        0.9669  6736052    4.38%
 193327   197        cutoff              1.0112        0.9669  6814535    4.38%
 193822   298        0.9399   640        1.0112        0.9669  6884154    4.38%
 194697   479        0.9969   513        1.0112        0.9669  6929933    4.38%
*195692+  627                            1.0108        0.9669             4.35%
*195954+  853                            1.0108        0.9669             4.35%
 196359  1314        0.9759   639        1.0108        0.9669  7016306    4.35%
 198900  2582        1.0001   458        1.0108        0.9669  7143086    4.35%
Elapsed time = 1151.69 sec. (95634.45 ticks, tree = 118.71 MB, solutions = 241)
 201592  3932        cutoff              1.0108        0.9669  7246935    4.35%
 204109  5986        1.0106   367        1.0108        0.9669  7371650    4.35%
 206960  7197        1.0097   246        1.0108        0.9669  7439294    4.35%
 209670  9204        1.0038   372        1.0108        0.9669  7534976    4.35%
 213053 11142        1.0088   287        1.0108        0.9669  7616162    4.35%
 216489 13627        1.0049   293        1.0108        0.9669  7722474    4.35%
 220101 16610        0.9943   291        1.0108        0.9669  7849530    4.35%
 223648 18620        1.0101   289        1.0108        0.9669  7933803    4.35%
 226440 20191        0.9706   473        1.0108        0.9669  7997022    4.35%
 229736 22744        1.0108   306        1.0108        0.9669  8107044    4.35%
Elapsed time = 1231.37 sec. (105172.85 ticks, tree = 1294.01 MB, solutions = 241)
 233235 24433        0.9873   400        1.0108        0.9669  8183964    4.35%
 237610 26824        cutoff              1.0108        0.9669  8281519    4.35%
*241302+29045                            1.0106        0.9669             4.32%
 241793 29559        0.9849   353        1.0106        0.9669  8380958    4.32%
 245637 32710        0.9935   351        1.0106        0.9669  8502926    4.32%
 249215 33858        0.9869   254        1.0106        0.9674  8546870    4.27%
 252773 36179        1.0056   541        1.0106        0.9674  8639196    4.27%
 256300 39157        0.9721   422        1.0106        0.9680  8750608    4.21%
 259941 40901        cutoff              1.0106        0.9685  8806643    4.17%
 263891 44381        0.9958   259        1.0106        0.9696  8937449    4.06%
 267257 46435        0.9835   248        1.0106        0.9700  9005430    4.02%
Elapsed time = 1316.60 sec. (114711.94 ticks, tree = 2690.45 MB, solutions = 242)
Nodefile size = 637.45 MB (551.10 MB after compression)
*268929+47500                            1.0104        0.9700             3.99%
 270494 47771        cutoff              1.0104        0.9700  9051833    3.99%
 273746 49797        0.9848   396        1.0104        0.9700  9129585    3.99%
*276345 50602      integral     0        1.0102        0.9709  9158473    3.89%
*279120+52828                            1.0102        0.9711             3.87%
*279231+52830                            1.0095        0.9711             3.80%
 279343 53785        1.0026   291        1.0095        0.9711  9263019    3.80%
*279476+52760                            1.0095        0.9711             3.80%
 282471 53334        0.9762   455        1.0095        0.9713  9311667    3.78%
 285745 54985        0.9868   255        1.0095        0.9717  9371000    3.74%
 289122 58041        1.0081   251        1.0095        0.9719  9478589    3.72%
 292711 59581        0.9918   257        1.0095        0.9721  9533111    3.70%
 296122 61631        1.0038   355        1.0095        0.9721  9601564    3.70%
 310783 71065        1.0029   249        1.0095        0.9725  9866661    3.66%
Elapsed time = 1398.50 sec. (126806.34 ticks, tree = 4143.38 MB, solutions = 246)
Nodefile size = 2087.24 MB (1806.33 MB after compression)
 322544 79540        0.9960   286        1.0095        0.9725 10109402    3.66%
*336917 88207      integral     0        1.0095        0.9725 10357577    3.66%
 337569 89032        0.9926   202        1.0095        0.9725 10386620    3.66%
*338630 90270      integral     0        1.0046        0.9725 10421318    3.19%
*342681+68701                            1.0034        0.9725             3.08%
 350908 67650        0.9981   270        1.0034        0.9737 10632611    2.95%
*364348+75493                            1.0034        0.9746             2.87%
 364472 75608        1.0006   331        1.0034        0.9746 10884126    2.87%
 374644 85141        0.9856   319        1.0034        0.9747 11169740    2.86%
*377509+86677                            1.0033        0.9757             2.75%
 389166 92375        cutoff              1.0033        0.9758 11402127    2.74%
 404817 100387        0.9987   206        1.0033        0.9762 11630687    2.70%
*406111+102109                            1.0031        0.9762             2.69%
 413124 107443        0.9863   350        1.0031        0.9763 11863026    2.68%
 427825 115380        0.9889   246        1.0031        0.9766 12145795    2.64%
 435920 123445        0.9967   306        1.0031        0.9771 12439125    2.60%
Elapsed time = 1627.99 sec. (164956.65 ticks, tree = 7271.88 MB, solutions = 254)
Nodefile size = 5213.34 MB (4507.71 MB after compression)
 450003 130102        1.0019   226        1.0031        0.9771 12680773    2.59%
 462604 137981        0.9819   265        1.0031        0.9775 12943733    2.55%
 472313 144773        1.0027   370        1.0031        0.9775 13143507    2.55%
 486772 152714        0.9992   296        1.0031        0.9779 13404709    2.52%
 494887 161748        0.9895   255        1.0031        0.9779 13679726    2.51%
*498252+163870                            1.0026        0.9782             2.43%
*499163+162987                            1.0024        0.9782             2.42%
*500903+162526                            1.0024        0.9782             2.41%
 510356 165067        0.9978   277        1.0024        0.9783 13906705    2.41%
 518124 172182        0.9826   360        1.0024        0.9783 14125730    2.41%
 534412 180327        0.9984   228        1.0024        0.9786 14387830    2.37%
*541805+189344                            1.0018        0.9789             2.29%
 542196 190010        0.9894   213        1.0018        0.9789 14679826    2.29%
 558422 191555        0.9835   255        1.0018        0.9790 14870050    2.28%
Elapsed time = 1832.49 sec. (203107.18 ticks, tree = 11462.88 MB, solutions = 258)
Nodefile size = 9406.17 MB (8143.49 MB after compression)
 566495 199734        cutoff              1.0018        0.9793 15105023    2.25%
 582234 207895        0.9806   290        1.0018        0.9793 15337359    2.25%
 594271 215637        1.0012   203        1.0018        0.9795 15550854    2.23%
 604301 223588        0.9985    95        1.0018        0.9795 15762167    2.23%
 621478 231517        0.9985   279        1.0018        0.9797 15965308    2.21%
 629737 241540        0.9956   237        1.0018        0.9799 16226149    2.19%
 644571 248172        0.9951   202        1.0018        0.9799 16385302    2.19%
 658310 257542        0.9928   181        1.0018        0.9801 16620946    2.17%
 676656 271683        0.9991   227        1.0018        0.9803 17002131    2.15%
 696147 285976        0.9998   247        1.0018        0.9804 17378532    2.13%
Elapsed time = 2093.45 sec. (241258.26 ticks, tree = 15353.80 MB, solutions = 258)
Nodefile size = 13299.75 MB (11506.69 MB after compression)
 718356 301957        1.0015   282        1.0018        0.9806 17798633    2.12%
 740793 312618        0.9886   256        1.0018        0.9808 18073082    2.10%
 761227 327196        0.9822   271        1.0018        0.9809 18451741    2.09%
 777527 339110        0.9935   251        1.0018        0.9810 18785573    2.08%
 796458 356401        0.9976   233        1.0018        0.9811 19220685    2.07%
 818948 371553        0.9934   275        1.0018        0.9812 19621842    2.06%
 841635 384382        0.9944   195        1.0018        0.9813 19964364    2.05%
 862207 396840        0.9932   299        1.0018        0.9814 20280388    2.04%
 878845 411488        0.9902   316        1.0018        0.9815 20643338    2.03%
*889718+415758                            1.0018        0.9815             2.02%
*892757+419104                            1.0012        0.9815             1.96%
*893881+418381                            1.0012        0.9815             1.96%

Clique cuts applied:  335
Cover cuts applied:  1
Implied bound cuts applied:  9
Flow cuts applied:  22
Mixed integer rounding cuts applied:  81
Zero-half cuts applied:  24
Lift and project cuts applied:  28
Gomory fractional cuts applied:  27

Root node processing (before b&c):
  Real time             =  155.15 sec. (12818.50 ticks)
Parallel b&c, 32 threads:
  Real time             = 2093.13 sec. (265732.72 ticks)
  Sync time (average)   = 1079.77 sec.
  Wait time (average)   =    1.45 sec.
                          ------------
Total (root+branch&cut) = 2248.28 sec. (278551.22 ticks)
Solution found
