Filter at 1std, 1count, 1%frequency
STD	Number of positions discarded due to coverage deviation: 781
COUNT	Number of nucleotides discarded due to low count: 343
COUNT	Number of columns discarded due to low leading to empty column: 0
FREQ	Number of nucleotides discarded due to low frequency: 1
FREQ	Number of columns discarded due to low frequency leading to empty column: 0
OUT	Number of variable positions: 44
OUT	Number of invariant positions: 3987
OUT	1 kept strains equivalence classes
Filter at 1std, 1 count, 0.5%frequency
STD	Number of positions discarded due to coverage deviation: 781
COUNT	Number of nucleotides discarded due to low count: 343
COUNT	Number of columns discarded due to low leading to empty column: 0
FREQ	Number of nucleotides discarded due to low frequency: 0
FREQ	Number of columns discarded due to low frequency leading to empty column: 0
OUT	Number of variable positions: 45
OUT	Number of invariant positions: 3986
OUT	1 kept strains equivalence classes
Filter at 2std, 1count, 1%frequency
STD	Number of positions discarded due to coverage deviation: 123
COUNT	Number of nucleotides discarded due to low count: 389
COUNT	Number of columns discarded due to low leading to empty column: 0
FREQ	Number of nucleotides discarded due to low frequency: 1
FREQ	Number of columns discarded due to low frequency leading to empty column: 0
OUT	Number of variable positions: 53
OUT	Number of invariant positions: 4636
OUT	1 kept strains equivalence classes
Filter at 2std, 1 count, 0.5%frequency
STD	Number of positions discarded due to coverage deviation: 123
COUNT	Number of nucleotides discarded due to low count: 389
COUNT	Number of columns discarded due to low leading to empty column: 0
FREQ	Number of nucleotides discarded due to low frequency: 0
FREQ	Number of columns discarded due to low frequency leading to empty column: 0
OUT	Number of variable positions: 54
OUT	Number of invariant positions: 4635
OUT	1 kept strains equivalence classes
