Model: Diversity_model_3
 - number of variables: 958
   - binary=180, integer=1, continuous=777
 - number of constraints: 1541
   - linear=1541
 - parameters: defaults
CPXPARAM_Read_DataCheck                          1
CPXPARAM_RandomSeed                              201804051
CPXPARAM_MIP_Strategy_LBHeur                     1
CPXPARAM_TimeLimit                               86400
CPXPARAM_MIP_Tolerances_MIPGap                   0.02
Tried aggregator 3 times.
MIP Presolve eliminated 143 rows and 97 columns.
MIP Presolve modified 630 coefficients.
Aggregator did 136 substitutions.
Reduced MIP has 1262 rows, 725 columns, and 3243 nonzeros.
Reduced MIP has 135 binaries, 0 generals, 90 SOSs, and 0 indicators.
Presolve time = 0.01 sec. (6.50 ticks)
Probing fixed 0 vars, tightened 137 bounds.
Probing time = 0.07 sec. (5.01 ticks)
Tried aggregator 2 times.
MIP Presolve modified 181 coefficients.
Aggregator did 45 substitutions.
Reduced MIP has 1217 rows, 680 columns, and 3153 nonzeros.
Reduced MIP has 135 binaries, 0 generals, 90 SOSs, and 0 indicators.
Presolve time = 0.05 sec. (3.75 ticks)
Probing time = 0.02 sec. (3.02 ticks)
Clique table members: 135.
MIP emphasis: balance optimality and feasibility.
MIP search method: dynamic search.
Parallel mode: deterministic, using up to 32 threads.
Root relaxation solution time = 0.09 sec. (6.37 ticks)

        Nodes                                         Cuts/
   Node  Left     Objective  IInf  Best Integer    Best Bound    ItCnt     Gap

      0     0        0.9767   109                      0.9767      328         
*     0+    0                            1.5210        0.9767            35.78%
      0     0        0.9807   135        1.5210     Cuts: 404      635   35.52%
*     0+    0                            1.2010        0.9807            18.34%
      0     0        0.9838   116        1.2010     Cuts: 404      746   12.78%
      0     0        1.0007   100        1.2010     Cuts: 168      838   12.78%
      0     0        1.0039    96        1.2010      Cuts: 68      877   12.78%
      0     0        1.0041    96        1.2010      Cuts: 66      884   12.78%
      0     0        1.0042    96        1.2010    MIRcuts: 2      888   12.78%

Implied bound cuts applied:  214
Flow cuts applied:  135
Mixed integer rounding cuts applied:  105
Gomory fractional cuts applied:  33

Root node processing (before b&c):
  Real time             =  343.01 sec. (165.56 ticks)
Parallel b&c, 32 threads:
  Real time             =    0.00 sec. (0.00 ticks)
  Sync time (average)   =    0.00 sec.
  Wait time (average)   =    0.00 sec.
                          ------------
Total (root+branch&cut) =  343.01 sec. (165.56 ticks)
Solution found
