Model: Diversity_model_3
 - number of variables: 1673
   - binary=192, integer=1, continuous=1480
 - number of constraints: 2037
   - linear=2037
 - parameters: defaults
CPXPARAM_Read_DataCheck                          1
CPXPARAM_RandomSeed                              201804051
CPXPARAM_MIP_Strategy_LBHeur                     1
CPXPARAM_TimeLimit                               86400
CPXPARAM_MIP_Tolerances_MIPGap                   0.02
Tried aggregator 2 times.
MIP Presolve eliminated 295 rows and 295 columns.
MIP Presolve modified 192 coefficients.
Aggregator did 288 substitutions.
Reduced MIP has 1454 rows, 1090 columns, and 4509 nonzeros.
Reduced MIP has 192 binaries, 0 generals, 288 SOSs, and 0 indicators.
Presolve time = 0.01 sec. (5.34 ticks)
Probing changed sense of 24 constraints.
Probing time = 0.00 sec. (2.20 ticks)
Tried aggregator 2 times.
MIP Presolve eliminated 24 rows and 0 columns.
Aggregator did 48 substitutions.
Reduced MIP has 1382 rows, 1042 columns, and 4341 nonzeros.
Reduced MIP has 168 binaries, 0 generals, 288 SOSs, and 0 indicators.
Presolve time = 0.01 sec. (4.56 ticks)
Probing time = 0.02 sec. (1.76 ticks)
Clique table members: 72.
MIP emphasis: balance optimality and feasibility.
MIP search method: dynamic search.
Parallel mode: deterministic, using up to 32 threads.
Root relaxation solution time = 0.05 sec. (13.01 ticks)

        Nodes                                         Cuts/
   Node  Left     Objective  IInf  Best Integer    Best Bound    ItCnt     Gap

      0     0        0.8454   136                      0.8454      438         
      0     0        0.8454   138                    Cuts: 73      678         
*     0+    0                            1.6121        0.8454            47.56%
*     0+    0                            1.2217        0.8454            30.80%
      0     0        0.8454   133        1.2217      Cuts: 86      910   30.80%
      0     0        0.8454   138        1.2217     Cuts: 111     1030   30.80%
*     0+    0                            1.1920        0.8454            29.07%
      0     2        0.8454    54        1.1920        0.8454     1030   29.07%
Elapsed time = 96.12 sec. (222.89 ticks, tree = 0.02 MB, solutions = 3)
*  3139+ 1669                            1.1678        0.8454            27.60%
*  3305+ 1347                            1.1086        0.8454            23.74%
*  3376+ 1127                            1.0977        0.8454            22.98%
*  3437+ 1115                            1.0889        0.8454            22.36%
*  3489+ 1102                            1.0348        0.8454            18.30%
*  3702   999      integral     0        1.0048        0.8454    41170   15.86%
*  4200+ 1054                            1.0002        0.8454            15.47%
*  4202+ 1147                            0.9985        0.8454            15.33%
*  4487  1249      integral     0        0.9946        0.8454    47239   15.00%
*  4722  1265      integral     0        0.9836        0.8454    48386   14.04%
*  4819  1267      integral     0        0.9543        0.8454    50196   11.41%
*  5299  1245      integral     0        0.9501        0.8454    49638   11.02%
*  5696  1155      integral     0        0.9460        0.8454    50990   10.63%
*  7150+  832                            0.9455        0.8454            10.59%
*  8491  1849      integral     0        0.9362        0.8454    70472    9.69%
*  9450  2254      integral     0        0.9325        0.8454    75371    9.34%
*  9865  1888      integral     0        0.9315        0.8454    79523    9.25%
* 10036  2006      integral     0        0.9282        0.8454    81207    8.91%
* 21195  6761      integral     0        0.9271        0.8801   148926    5.08%
* 23869  8666      integral     0        0.9262        0.8801   177229    4.98%
* 24577  8876      integral     0        0.9247        0.8801   180869    4.83%

Implied bound cuts applied:  57
Flow cuts applied:  18
Mixed integer rounding cuts applied:  15
Gomory fractional cuts applied:  2

Root node processing (before b&c):
  Real time             =   84.90 sec. (223.66 ticks)
Parallel b&c, 32 threads:
  Real time             =  164.63 sec. (715.65 ticks)
  Sync time (average)   =  141.53 sec.
  Wait time (average)   =    0.00 sec.
                          ------------
Total (root+branch&cut) =  249.53 sec. (939.30 ticks)
Solution found
