Model: Diversity_model_3
 - number of variables: 4491
   - binary=360, integer=1, continuous=4130
 - number of constraints: 4779
   - linear=4779
 - parameters: defaults
CPXPARAM_Read_DataCheck                          1
CPXPARAM_RandomSeed                              201804051
CPXPARAM_MIP_Strategy_LBHeur                     1
CPXPARAM_TimeLimit                               86400
CPXPARAM_MIP_Tolerances_MIPGap                   0.02
Tried aggregator 2 times.
MIP Presolve eliminated 907 rows and 907 columns.
MIP Presolve modified 360 coefficients.
Aggregator did 900 substitutions.
Reduced MIP has 2972 rows, 2684 columns, and 10393 nonzeros.
Reduced MIP has 360 binaries, 0 generals, 900 SOSs, and 0 indicators.
Presolve time = 0.02 sec. (13.45 ticks)
Probing changed sense of 30 constraints.
Probing time = 0.04 sec. (2.26 ticks)
Tried aggregator 2 times.
MIP Presolve eliminated 30 rows and 0 columns.
Aggregator did 60 substitutions.
Reduced MIP has 2882 rows, 2624 columns, and 10183 nonzeros.
Reduced MIP has 330 binaries, 0 generals, 900 SOSs, and 0 indicators.
Presolve time = 0.02 sec. (11.53 ticks)
Probing time = 0.14 sec. (1.95 ticks)
Clique table members: 150.
MIP emphasis: balance optimality and feasibility.
MIP search method: dynamic search.
Parallel mode: deterministic, using up to 32 threads.
Root relaxation solution time = 0.11 sec. (66.19 ticks)

        Nodes                                         Cuts/
   Node  Left     Objective  IInf  Best Integer    Best Bound    ItCnt     Gap

      0     0        0.2094   274                      0.2094      951         
*     0+    0                            2.2299        0.2094            90.61%
      0     0        0.2094   300        2.2299     Cuts: 116     1798   90.61%
*     0+    0                            1.6721        0.2094            87.48%
      0     0        0.2094   271        1.6721      Cuts: 57     2251   87.48%
*     0+    0                            0.4913        0.2094            57.38%
      0     0        0.2094   270        0.4913     Cuts: 166     2474   57.38%
*     0+    0                            0.4913        0.2094            57.38%
*     0+    0                            0.3117        0.2094            32.80%
*     0+    0                            0.3112        0.2094            32.71%
*     0+    0                            0.3053        0.2094            31.41%
      0     2        0.2094   126        0.3053        0.2094     2475   31.41%
Elapsed time = 27.17 sec. (995.77 ticks, tree = 0.02 MB, solutions = 7)
   2616  1753        0.2392    98        0.3053        0.2094    63386   31.41%
*  2939+ 2203                            0.2930        0.2094            28.53%
*  3528+ 2061                            0.2688        0.2094            22.08%
*  3794+ 2121                            0.2649        0.2094            20.93%
*  3846+ 2289                            0.2625        0.2094            20.21%
*  4093+ 2337                            0.2615        0.2094            19.90%
*  4356+ 2695                            0.2586        0.2094            19.01%
*  5445  3460      integral     0        0.2498        0.2094   126963   16.15%
   5731  3299        0.2278    72        0.2498        0.2094   135372   16.15%
*  7298+ 4327                            0.2344        0.2094            10.66%
   7739  3249        0.2156   100        0.2344        0.2094   176335   10.66%
*  8350  3612      integral     0        0.2323        0.2094   184294    9.86%
*  8806  3734      integral     0        0.2317        0.2094   192722    9.61%
*  8836  3801      integral     0        0.2260        0.2094   195546    7.33%
   9520  3202        0.2151   120        0.2260        0.2094   210291    7.33%
  10174  3514        0.2094   116        0.2260        0.2094   225179    7.33%
* 10927+ 2910                            0.2235        0.2094             6.30%
  11836  3712        0.2229    90        0.2235        0.2094   259777    6.30%
  14918  5477        0.2100   118        0.2235        0.2094   324631    6.30%
  19449  7916        0.2151   123        0.2235        0.2094   412971    6.30%
* 19862+ 8273                            0.2235        0.2094             6.30%
* 24256+ 7818                            0.2232        0.2094             6.19%
  24256  7819        0.2094    45        0.2232        0.2094   534129    6.19%
Elapsed time = 312.67 sec. (5376.64 ticks, tree = 15.84 MB, solutions = 88)
  24258  3911        0.2094   171        0.2232        0.2094   534673    6.19%
  27101  1716        cutoff              0.2232        0.2094   602132    6.19%
* 33855+   29                            0.2231        0.2094             6.14%
* 37989  7787      integral     0        0.2226        0.2094   779286    5.91%
  43841 10214        0.2198   144        0.2226        0.2094   882566    5.91%
* 44668 10492      integral     0        0.2224        0.2094   891304    5.86%
  69264 26700        0.2177   143        0.2224        0.2094  1347012    5.86%
* 86520+36646                            0.2220        0.2094             5.67%
  86520 36648        0.2208   137        0.2220        0.2094  1632479    5.67%
* 87171+37031                            0.2216        0.2094             5.47%
  96488 37733        0.2178   167        0.2216        0.2094  1815986    5.47%
 113036 48334        0.2129   160        0.2216        0.2094  2157869    5.47%
*119920 51839      integral     0        0.2214        0.2094  2278877    5.43%
*135097+31286                            0.2212        0.2094             5.33%
 135869 61386        0.2153   125        0.2212        0.2094  2631093    5.33%
*138157+59602                            0.2212        0.2094             5.31%
*138263+60507                            0.2211        0.2094             5.26%
*139795+61423                            0.2208        0.2094             5.14%
*144654+60223                            0.2202        0.2094             4.91%
 145108 56874        0.2179   132        0.2202        0.2094  2853738    4.91%
Elapsed time = 438.14 sec. (15080.26 ticks, tree = 199.26 MB, solutions = 123)
*145361+56540                            0.2200        0.2094             4.82%
*145375+56636                            0.2196        0.2094             4.63%
 146591 53138        0.2194   134        0.2196        0.2094  2870124    4.63%
*148121+53120                            0.2195        0.2094             4.59%
*148434+53138                            0.2195        0.2094             4.57%
*148667+53259                            0.2194        0.2094             4.54%
 154195 55613        0.2124   132        0.2194        0.2094  2994975    4.54%
*154628+31286                            0.2192        0.2094             4.46%
 168622 64443        0.2154   158        0.2192        0.2094  3302743    4.46%
 183382 72635        0.2094   147        0.2192        0.2094  3595966    4.46%
 198617 81238        0.2176   138        0.2192        0.2094  3913546    4.46%
 214041 88598        0.2094   148        0.2192        0.2094  4204652    4.46%
 231977 97004        0.2097   154        0.2192        0.2094  4618384    4.46%
*238022+97761                            0.2188        0.2094             4.27%
*238549+96738                            0.2186        0.2094             4.18%
*240383+100162                            0.2186        0.2094             4.18%
*241429+99606                            0.2185        0.2094             4.15%
 245382 94562        0.2161   150        0.2185        0.2094  4909024    4.15%
*245586+94831                            0.2183        0.2094             4.08%
*245621+94565                            0.2183        0.2094             4.08%
 265951 98473        0.2174   156        0.2183        0.2094  5203994    4.08%
 281628 111007        0.2135   164        0.2183        0.2094  5731913    4.08%
Elapsed time = 497.78 sec. (24620.25 ticks, tree = 264.82 MB, solutions = 176)
*282272+109750                            0.2182        0.2094             4.03%
 287570 110538        0.2125   159        0.2182        0.2094  5837677    4.03%
 305448 119329        0.2142   160        0.2182        0.2094  6248944    4.03%
 328860 127728        cutoff              0.2182        0.2094  6633496    4.03%
 355420 138943        0.2140   128        0.2182        0.2094  7124127    4.03%
 383162 151061        0.2108   156        0.2182        0.2096  7628406    3.94%
 410287 164419        0.2159   144        0.2182        0.2099  8244507    3.81%
 438112 176041        0.2179   132        0.2182        0.2100  8766025    3.76%
 465856 188668        0.2114   162        0.2182        0.2102  9378505    3.69%
*472068 187809      integral     0        0.2182        0.2102  9329815    3.68%
 488919 195577        cutoff              0.2182        0.2102  9690243    3.67%
 517185 205906        cutoff              0.2182        0.2103 10105232    3.63%
Elapsed time = 557.49 sec. (34157.23 ticks, tree = 444.92 MB, solutions = 179)
 542237 215210        0.2174   168        0.2182        0.2104 10645268    3.58%
 571017 223075        0.2135   159        0.2182        0.2105 11131756    3.52%
 599290 231882        0.2165   135        0.2182        0.2107 11694658    3.46%
*614381 235118      integral     0        0.2180        0.2107 11883141    3.33%
 634608 224512        0.2179   141        0.2180        0.2108 12205194    3.29%
 661391 231408        0.2179   157        0.2180        0.2110 12640799    3.20%
*667956 233716      integral     0        0.2179        0.2110 12856995    3.17%
*676656+232754                            0.2177        0.2110             3.05%
*679087+233318                            0.2175        0.2111             2.97%
*682949 214966      integral     0        0.2167        0.2111 13173091    2.62%
 690293 176509        0.2155   132        0.2167        0.2111 13348655    2.60%
*691964+175923                            0.2167        0.2111             2.58%
*692292+175862                            0.2144        0.2111             1.53%
*693288+175839                            0.2144        0.2111             1.53%

Implied bound cuts applied:  4
Flow cuts applied:  5
Mixed integer rounding cuts applied:  4
Gomory fractional cuts applied:  4

Root node processing (before b&c):
  Real time             =   20.88 sec. (994.74 ticks)
Parallel b&c, 32 threads:
  Real time             =  581.96 sec. (40247.94 ticks)
  Sync time (average)   =  243.52 sec.
  Wait time (average)   =    2.90 sec.
                          ------------
Total (root+branch&cut) =  602.84 sec. (41242.68 ticks)
Solution found
