Model: Diversity_model_3
 - number of variables: 910
   - binary=104, integer=1, continuous=805
 - number of constraints: 1009
   - linear=1009
 - parameters: defaults
CPXPARAM_Read_DataCheck                          1
CPXPARAM_RandomSeed                              201804051
CPXPARAM_MIP_Strategy_LBHeur                     1
CPXPARAM_TimeLimit                               86400
CPXPARAM_MIP_Tolerances_MIPGap                   0.02
Tried aggregator 2 times.
MIP Presolve eliminated 164 rows and 164 columns.
MIP Presolve modified 104 coefficients.
Aggregator did 156 substitutions.
Reduced MIP has 689 rows, 590 columns, and 2239 nonzeros.
Reduced MIP has 104 binaries, 0 generals, 156 SOSs, and 0 indicators.
Presolve time = 0.01 sec. (2.80 ticks)
Probing changed sense of 13 constraints.
Probing time = 0.00 sec. (0.56 ticks)
Tried aggregator 2 times.
MIP Presolve eliminated 13 rows and 0 columns.
Aggregator did 26 substitutions.
Reduced MIP has 650 rows, 564 columns, and 2148 nonzeros.
Reduced MIP has 91 binaries, 0 generals, 156 SOSs, and 0 indicators.
Presolve time = 0.01 sec. (2.30 ticks)
Probing time = 0.00 sec. (0.44 ticks)
Clique table members: 39.
MIP emphasis: balance optimality and feasibility.
MIP search method: dynamic search.
Parallel mode: deterministic, using up to 32 threads.
Root relaxation solution time = 0.01 sec. (4.20 ticks)

        Nodes                                         Cuts/
   Node  Left     Objective  IInf  Best Integer    Best Bound    ItCnt     Gap

      0     0        1.0000    84                      1.0000      205         
      0     0        1.0000    67                    Cuts: 29      294         
*     0+    0                            1.6550        1.0000            39.58%
      0     0        1.0000    82        1.6550      Cuts: 72      419   39.58%
      0     0        1.0000    47        1.6550      Cuts: 10      481   39.58%
      0     0        1.0000    55        1.6550      Cuts: 92      540   39.58%
*     0+    0                            1.1934        1.0000            16.20%
      0     2        1.0000    29        1.1934        1.0000      540   16.20%
Elapsed time = 55.97 sec. (126.85 ticks, tree = 0.02 MB, solutions = 2)
*    22+    5                            1.1737        1.0000            14.80%
*    27+    6                            1.1300        1.0000            11.51%
*   328+  140                            1.1068        1.0000             9.65%
*   700+  269                            1.0746        1.0000             6.94%
*  1039+  362                            1.0567        1.0000             5.37%
*  1364   531      integral     0        1.0551        1.0000    17538    5.22%
*  1709   552      integral     0        1.0550        1.0000    18437    5.21%
*  1928+  557                            1.0507        1.0000             4.83%
*  3131   839      integral     0        1.0475        1.0000    29450    4.54%
*  3143  1062      integral     0        1.0359        1.0000    37920    3.47%

Implied bound cuts applied:  202
Flow cuts applied:  10
Mixed integer rounding cuts applied:  4
Lift and project cuts applied:  1

Root node processing (before b&c):
  Real time             =   49.43 sec. (126.76 ticks)
Parallel b&c, 32 threads:
  Real time             =  183.47 sec. (141.71 ticks)
  Sync time (average)   =  173.54 sec.
  Wait time (average)   =    0.00 sec.
                          ------------
Total (root+branch&cut) =  232.90 sec. (268.47 ticks)
Solution found
