Model: Diversity_model_3
 - number of variables: 6056
   - binary=575, integer=1, continuous=5480
 - number of constraints: 6808
   - linear=6808
 - parameters: defaults
CPXPARAM_Read_DataCheck                          1
CPXPARAM_RandomSeed                              201804051
CPXPARAM_MIP_Strategy_LBHeur                     1
CPXPARAM_TimeLimit                               86400
CPXPARAM_MIP_Tolerances_MIPGap                   0.02
Tried aggregator 2 times.
MIP Presolve eliminated 1157 rows and 1157 columns.
MIP Presolve modified 575 coefficients.
Aggregator did 1150 substitutions.
Reduced MIP has 4501 rows, 3749 columns, and 14977 nonzeros.
Reduced MIP has 575 binaries, 0 generals, 1150 SOSs, and 0 indicators.
Presolve time = 0.11 sec. (21.69 ticks)
Probing changed sense of 43 constraints.
Probing time = 0.35 sec. (4.27 ticks)
Tried aggregator 2 times.
MIP Presolve eliminated 43 rows and 0 columns.
Aggregator did 100 substitutions.
Reduced MIP has 4358 rows, 3649 columns, and 14648 nonzeros.
Reduced MIP has 532 binaries, 0 generals, 1150 SOSs, and 0 indicators.
Presolve time = 0.09 sec. (18.93 ticks)
Probing changed sense of 10 constraints.
Probing time = 0.31 sec. (4.64 ticks)
Clique table members: 242.
MIP emphasis: balance optimality and feasibility.
MIP search method: dynamic search.
Parallel mode: deterministic, using up to 32 threads.
Root relaxation solution time = 0.90 sec. (142.05 ticks)

        Nodes                                         Cuts/
   Node  Left     Objective  IInf  Best Integer    Best Bound    ItCnt     Gap

      0     0        0.8481   420                      0.8481     1437         
*     0+    0                            1.6759        0.8481            49.39%
      0     0        0.8481   508        1.6759     Cuts: 147     2920   49.39%
      0     0        0.8481   420        1.6759      Cuts: 51     3315   49.39%
*     0+    0                            1.4609        0.8481            41.95%
      0     0        0.8481   459        1.4609     Cuts: 257     3702   41.95%
      0     2        0.8481   323        1.4609        0.8481     3702   41.95%
Elapsed time = 23.91 sec. (1610.36 ticks, tree = 0.02 MB, solutions = 2)
*   717+  332                            1.4571        0.8481            41.79%
    863   656        1.4551   267        1.4571        0.8481    44360   41.79%
*  1052+  679                            1.4131        0.8481            39.98%
*  2918+ 1358                            1.2751        0.8481            33.49%
*  3566+ 1261                            1.2727        0.8481            33.36%
   4210  1758        1.0690   289        1.2727        0.8481   112783   33.36%
*  5405+ 2595                            1.2706        0.8481            33.25%
*  5684+ 2182                            1.2514        0.8481            32.23%
   5870  3567        1.1102   314        1.2514        0.8481   155151   32.23%
   6999  4258        0.9138   236        1.2514        0.8481   178181   32.23%
*  7275+ 3186                            1.2003        0.8481            29.34%
*  7379+ 4146                            1.1926        0.8481            28.88%
   7914  3879        0.8598   490        1.1926        0.8481   199050   28.88%
*  8095+ 3929                            1.1724        0.8481            27.66%
*  9291+ 3829                            1.1446        0.8481            25.90%
   9320  4536        1.1199   327        1.1446        0.8481   212544   25.90%
*  9529+ 3766                            1.1442        0.8481            25.88%
*  9585+ 3113                            0.9957        0.8481            14.82%
* 10502+ 3130                            0.9187        0.8481             7.68%
  11091  5694        1.0711    18        0.9187        0.8481   238966    7.68%
* 12679+ 3130                            0.9176        0.8481             7.57%
  12887  6262        1.0380   233        0.9176        0.8481   266034    7.57%
  13808   940        0.8481   483        0.9176        0.8481   283531    7.57%
* 13899+  993                            0.9141        0.8481             7.22%
* 13957+  979                            0.9128        0.8481             7.09%
* 14135+  929                            0.9123        0.8481             7.04%
* 15045+ 1004                            0.9098        0.8481             6.78%
  17270  3106        0.8731   363        0.9098        0.8481   341900    6.78%
Elapsed time = 97.42 sec. (4711.84 ticks, tree = 5.19 MB, solutions = 59)
  22578  7443        0.9032   396        0.9098        0.8481   446638    6.78%
* 29631+12765                            0.9009        0.8481             5.86%
* 37193 15124      integral     0        0.8966        0.8481   618831    5.41%
* 38155 14387      integral     0        0.8959        0.8481   630383    5.33%
  38780 14448        0.8936    81        0.8959        0.8481   634756    5.33%
* 42832+16640                            0.8957        0.8481             5.32%
* 45278+17769                            0.8956        0.8481             5.30%
* 51118 22007      integral     0        0.8950        0.8482   718321    5.23%
* 52143+23957                            0.8894        0.8482             4.64%
  56484 26685        0.8481   181        0.8894        0.8482   806688    4.64%
  59877  1753        0.8878   155        0.8894        0.8482   878326    4.64%
  78498 16882    infeasible              0.8894        0.8483  1109751    4.62%
* 80555 17674      integral     0        0.8859        0.8483  1123721    4.24%
* 85802 17534      integral     0        0.8851        0.8521  1189870    3.72%
* 87010 17554      integral     0        0.8842        0.8521  1207380    3.63%
* 88694+18225                            0.8835        0.8532             3.43%
* 91782+17638                            0.8831        0.8547             3.22%
* 91971+18606                            0.8831        0.8547             3.22%
 102149 26342    infeasible              0.8831        0.8566  1396136    3.00%
*104431 26744      integral     0        0.8831        0.8568  1400518    2.98%
*110573+31428                            0.8823        0.8576             2.81%
*114323+31428                            0.8803        0.8576             2.58%
*117135+31428                            0.8800        0.8576             2.55%
 117588 36699        0.8811   156        0.8800        0.8576  1548048    2.55%
Elapsed time = 301.44 sec. (14032.69 ticks, tree = 95.05 MB, solutions = 187)
*119717+31428                            0.8797        0.8576             2.52%
*125798+31815                            0.8753        0.8576             2.03%
 134064 49107        0.8805   157        0.8753        0.8576  1729247    2.03%
*134784+31815                            0.8752        0.8576             2.02%
 151359 63895        0.8665   162        0.8752        0.8576  1933688    2.02%
 166942 75077        0.8825   137        0.8752        0.8576  2079530    2.02%
*167007+31815                            0.8742        0.8576             1.91%
*167703+31560                            0.8731        0.8576             1.78%
 167703 31292        0.8744   194        0.8731        0.8576  1466567    1.78%

Implied bound cuts applied:  3
Flow cuts applied:  9
Mixed integer rounding cuts applied:  12
Gomory fractional cuts applied:  5

Root node processing (before b&c):
  Real time             =   11.73 sec. (1616.72 ticks)
Parallel b&c, 32 threads:
  Real time             =  352.84 sec. (24577.49 ticks)
  Sync time (average)   =  155.74 sec.
  Wait time (average)   =    0.75 sec.
                          ------------
Total (root+branch&cut) =  364.57 sec. (26194.21 ticks)
Solution found
