Model: Diversity_model_3
 - number of variables: 7918
   - binary=636, integer=1, continuous=7281
 - number of constraints: 8413
   - linear=8413
 - parameters: defaults
CPXPARAM_Read_DataCheck                          1
CPXPARAM_RandomSeed                              201804051
CPXPARAM_MIP_Strategy_LBHeur                     1
CPXPARAM_TimeLimit                               86400
CPXPARAM_MIP_Tolerances_MIPGap                   0.02
Tried aggregator 2 times.
MIP Presolve eliminated 1597 rows and 1597 columns.
MIP Presolve modified 636 coefficients.
Aggregator did 1590 substitutions.
Reduced MIP has 5226 rows, 4731 columns, and 18328 nonzeros.
Reduced MIP has 636 binaries, 0 generals, 1590 SOSs, and 0 indicators.
Presolve time = 0.12 sec. (26.88 ticks)
Probing changed sense of 32 constraints.
Probing time = 0.29 sec. (4.72 ticks)
Tried aggregator 2 times.
MIP Presolve eliminated 32 rows and 0 columns.
Aggregator did 85 substitutions.
Reduced MIP has 5109 rows, 4646 columns, and 18062 nonzeros.
Reduced MIP has 604 binaries, 0 generals, 1590 SOSs, and 0 indicators.
Presolve time = 0.06 sec. (23.26 ticks)
Probing changed sense of 9 constraints.
Probing time = 0.12 sec. (4.80 ticks)
Clique table members: 286.
MIP emphasis: balance optimality and feasibility.
MIP search method: dynamic search.
Parallel mode: deterministic, using up to 32 threads.
Root relaxation solution time = 0.46 sec. (150.50 ticks)

        Nodes                                         Cuts/
   Node  Left     Objective  IInf  Best Integer    Best Bound    ItCnt     Gap

      0     0        0.9247   492                      0.9247     1561         
*     0+    0                            1.9323        0.9247            52.14%
      0     0        0.9247   435        1.9323     Cuts: 211     2524   52.14%
*     0+    0                            1.5957        0.9247            42.05%
*     0+    0                            1.4448        0.9247            35.99%
      0     0        0.9247   455        1.4448     Cuts: 259     2801   35.99%
      0     0        0.9247   464        1.4448      Cuts: 62     3473   35.99%
*     0+    0                            1.4438        0.9247            35.95%
      0     2        0.9247   373        1.4438        0.9247     3473   35.95%
Elapsed time = 24.69 sec. (1814.50 ticks, tree = 0.02 MB, solutions = 4)
     11    13        0.9509   412        1.4438        0.9247     5972   35.95%
*   849+  209                            1.3741        0.9247            32.70%
*   953+  241                            1.3580        0.9247            31.91%
   1489   864        1.0342   355        1.3580        0.9247    46524   31.91%
*  2016+  968                            1.3431        0.9247            31.15%
   4260  3086        1.0308   297        1.3431        0.9247   136525   31.15%
*  4351+ 1193                            1.3400        0.9247            30.99%
*  4587+ 2382                            1.3161        0.9247            29.74%
*  4659+ 3089                            1.3027        0.9247            29.02%
*  4854+ 2382                            1.2850        0.9247            28.04%
*  5070+ 2382                            1.2389        0.9247            25.36%
*  5160+ 2105                            1.2389        0.9247            25.36%
*  5401+ 2105                            1.2295        0.9247            24.79%
*  5713+ 2625                            1.2295        0.9247            24.79%
   5929  4075        1.1144   349        1.2295        0.9247   175115   24.79%
   7545  5366        1.1549   226        1.2295        0.9247   200864   24.79%
*  7887+ 3870                            1.2001        0.9247            22.95%
*  8318+ 6001                            1.1662        0.9247            20.71%
*  8433+ 3850                            1.1470        0.9247            19.38%
*  8448+ 3794                            1.1221        0.9247            17.59%
*  8961+ 4194                            1.0600        0.9247            12.76%
   9449  4940        cutoff              1.0600        0.9247   235150   12.76%
* 10124+ 3794                            1.0411        0.9247            11.17%
  10931  5721        0.9248   296        1.0411        0.9247   256121   11.17%
* 11232+ 4194                            1.0329        0.9247            10.47%
  11348  4084        0.9911   279        1.0329        0.9247   285311   10.47%
  11454  4172        1.0155   147        1.0329        0.9247   288016   10.47%
* 12614+ 3794                            1.0269        0.9247             9.95%
* 12989+ 3794                            1.0256        0.9247             9.84%
* 14897+ 3794                            1.0256        0.9247             9.84%
  16671  4420        0.9753   350        1.0256        0.9247   397317    9.84%
Elapsed time = 124.75 sec. (4919.18 ticks, tree = 9.06 MB, solutions = 94)
* 18921+ 4194                            1.0215        0.9247             9.47%
* 19545+ 4194                            1.0214        0.9247             9.46%
* 20616+ 7660                            1.0048        0.9247             7.97%
* 22596+ 5149                            1.0035        0.9247             7.85%
  26214  7789        0.9876   257        1.0035        0.9247   639784    7.85%
* 26763+ 6745                            1.0026        0.9247             7.76%
* 27125+ 6989                            0.9933        0.9247             6.90%
* 27225+ 7576                            0.9905        0.9247             6.64%
* 27478+ 6989                            0.9878        0.9247             6.38%
* 27677+ 6815                            0.9873        0.9247             6.33%
* 28508+ 6891                            0.9873        0.9247             6.33%
* 28880+ 6989                            0.9873        0.9247             6.33%
* 29441+ 5728                            0.9828        0.9247             5.91%
* 30564+ 5498                            0.9827        0.9247             5.90%
* 30805+ 5936                            0.9827        0.9247             5.90%
  32160  7196        cutoff              0.9827        0.9247   797019    5.90%
* 33847+ 7753                            0.9821        0.9247             5.84%
* 35185  8544      integral     0        0.9769        0.9247   834679    5.34%
* 40975+10456                            0.9764        0.9247             5.29%
  41524 10305        0.9509   441        0.9764        0.9247   942499    5.29%
* 41527+ 8697                            0.9754        0.9247             5.19%
* 41527+ 5797                            0.9748        0.9247             5.14%
  41527  5798        0.9247    97        0.9748        0.9247  1038153    5.14%
  43218   529        0.9645   205        0.9748        0.9247  1100727    5.14%
* 44367+  474                            0.9747        0.9247             5.12%
* 44612+  938                            0.9747        0.9247             5.12%
* 45060+ 1278                            0.9747        0.9247             5.12%
  48114  4035        0.9247   195        0.9747        0.9247  1182699    5.12%
* 48118+ 2798                            0.9686        0.9247             4.52%
* 48327+ 2955                            0.9685        0.9247             4.52%
* 48336+ 3108                            0.9636        0.9247             4.03%
  48405  2478        0.9631   222        0.9636        0.9247  1189185    4.03%
  55111  6845        0.9247   212        0.9636        0.9247  1323959    4.03%
* 55156+ 5343                            0.9593        0.9247             3.60%
* 55192+ 5272                            0.9593        0.9247             3.60%
* 55520+ 6154                            0.9593        0.9247             3.60%
  69272 13193        0.9579   177        0.9593        0.9247  1511531    3.60%
  81650 22431        cutoff              0.9593        0.9247  1706206    3.60%
Elapsed time = 601.49 sec. (17848.49 ticks, tree = 62.02 MB, solutions = 220)
* 85404+20932                            0.9593        0.9247             3.60%
* 86074+21366                            0.9592        0.9247             3.59%
* 89200+25056                            0.9592        0.9247             3.59%
  94903 29330        0.9247   323        0.9592        0.9247  1864080    3.59%
* 96932+30464                            0.9592        0.9247             3.59%
* 99294+30802                            0.9589        0.9247             3.56%
* 99312+30731                            0.9585        0.9247             3.52%
* 99997+30464                            0.9562        0.9247             3.29%
 106592 37330        cutoff              0.9562        0.9247  2099612    3.29%
*108378+30556                            0.9561        0.9247             3.28%
*108713+30731                            0.9559        0.9247             3.26%
*111269+30464                            0.9551        0.9247             3.18%
 119025 45663    infeasible              0.9551        0.9247  2373606    3.18%
 131241 52520        0.9574   147        0.9551        0.9247  2511973    3.18%
 145909 60655        0.9531   247        0.9551        0.9247  2657777    3.18%
 157518 74116        0.9582   118        0.9551        0.9247  2883420    3.18%
 169323 79798        0.9591    78        0.9551        0.9247  2978435    3.18%
 182622 88830        0.9507   139        0.9551        0.9247  3134567    3.18%
 196637 97526        0.9553   136        0.9551        0.9247  3269907    3.18%
 212332 107762    infeasible              0.9551        0.9247  3432636    3.18%
Elapsed time = 701.02 sec. (27386.00 ticks, tree = 337.90 MB, solutions = 228)
 226013 120116        0.9500   118        0.9551        0.9247  3623303    3.18%
*226957+30464                            0.9550        0.9247             3.17%
*228554+30731                            0.9518        0.9247             2.84%
 239821 131824        0.9591   110        0.9518        0.9247  3819652    2.84%
 250418 116933        0.9554   120        0.9518        0.9247  3955272    2.84%
 255870 119018        0.9571   186        0.9518        0.9247  4048932    2.84%
*262489+30731                            0.9517        0.9247             2.84%
 267007 98791    infeasible              0.9517        0.9247  4151736    2.84%
 278811 105775        0.9428   214        0.9517        0.9247  4295142    2.84%
*289135+105254                            0.9503        0.9247             2.69%
*291653+108714                            0.9501        0.9247             2.67%
*291867+108714                            0.9499        0.9247             2.65%
 292473 70512        0.9481   160        0.9499        0.9247  4476485    2.65%
*295913+69276                            0.9494        0.9247             2.60%
*297006+69900                            0.9491        0.9258             2.46%
*297544+69127                            0.9486        0.9258             2.41%
*297813+91808                            0.9480        0.9258             2.35%
*298747+69865                            0.9468        0.9258             2.22%
 300402 65646        cutoff              0.9468        0.9258  4609639    2.22%
*301961+47238                            0.9466        0.9265             2.13%
*301993+47317                            0.9466        0.9265             2.13%
 302607 47630        0.9426   183        0.9466        0.9269  4715798    2.09%

Implied bound cuts applied:  3
Flow cuts applied:  4
Mixed integer rounding cuts applied:  7
Gomory fractional cuts applied:  1

Root node processing (before b&c):
  Real time             =   12.09 sec. (1828.00 ticks)
Parallel b&c, 32 threads:
  Real time             =  778.16 sec. (34214.00 ticks)
  Sync time (average)   =  230.18 sec.
  Wait time (average)   =    1.84 sec.
                          ------------
Total (root+branch&cut) =  790.25 sec. (36042.00 ticks)
Solution found
