Model: Diversity_model_3
 - number of variables: 11755
   - binary=10828, integer=2, continuous=925
 - number of constraints: 44176
   - linear=44176
 - parameters: defaults
CPXPARAM_Read_DataCheck                          1
CPXPARAM_RandomSeed                              201804051
CPXPARAM_MIP_Strategy_LBHeur                     1
CPXPARAM_TimeLimit                               86400
CPXPARAM_MIP_Tolerances_MIPGap                   0.02
Tried aggregator 2 times.
MIP Presolve eliminated 165 rows and 164 columns.
MIP Presolve modified 156 coefficients.
Aggregator did 5493 substitutions.
Reduced MIP has 38518 rows, 6098 columns, and 104716 nonzeros.
Reduced MIP has 5492 binaries, 0 generals, 156 SOSs, and 0 indicators.
Presolve time = 0.66 sec. (359.02 ticks)
Probing changed sense of 26 constraints.
Probing time = 0.38 sec. (31.93 ticks)
Tried aggregator 2 times.
MIP Presolve eliminated 5534 rows and 477 columns.
Aggregator did 52 substitutions.
Reduced MIP has 32932 rows, 5569 columns, and 88964 nonzeros.
Reduced MIP has 4989 binaries, 0 generals, 156 SOSs, and 0 indicators.
Presolve time = 0.63 sec. (374.51 ticks)
Probing time = 0.27 sec. (99.40 ticks)
Clique table members: 50101.
MIP emphasis: balance optimality and feasibility.
MIP search method: dynamic search.
Parallel mode: deterministic, using up to 32 threads.
Root relaxation solution time = 0.59 sec. (356.30 ticks)

        Nodes                                         Cuts/
   Node  Left     Objective  IInf  Best Integer    Best Bound    ItCnt     Gap

      0     0        0.2644  2594                      0.2644     3622         
*     0+    0                            0.7473        0.2644            64.62%
      0     0        0.2644  3037        0.7473    Cuts: 3387     6953   64.62%
*     0+    0                            0.5817        0.2644            54.55%
      0     0        0.2656  3460        0.5817    Cuts: 3268     9839   49.30%
*     0+    0                            0.5227        0.2950            43.57%
*     0+    0                            0.5194        0.3008            42.09%

Repeating presolve.
Tried aggregator 2 times.
MIP Presolve eliminated 25883 rows and 3968 columns.
MIP Presolve modified 99 coefficients.
Aggregator did 26 substitutions.
Reduced MIP has 7023 rows, 1575 columns, and 19272 nonzeros.
Reduced MIP has 1021 binaries, 0 generals, 156 SOSs, and 0 indicators.
Presolve time = 0.17 sec. (62.11 ticks)
Probing changed sense of 26 constraints.
Probing time = 0.30 sec. (17.84 ticks)
Tried aggregator 2 times.
MIP Presolve eliminated 650 rows and 57 columns.
MIP Presolve modified 203 coefficients.
Aggregator did 26 substitutions.
Reduced MIP has 6347 rows, 1492 columns, and 17384 nonzeros.
Reduced MIP has 938 binaries, 0 generals, 156 SOSs, and 0 indicators.
Presolve time = 0.30 sec. (46.07 ticks)
Probing time = 0.13 sec. (16.74 ticks)
Tried aggregator 1 time.
MIP Presolve eliminated 174 rows and 16 columns.
MIP Presolve modified 115 coefficients.
Reduced MIP has 6173 rows, 1476 columns, and 16894 nonzeros.
Reduced MIP has 922 binaries, 0 generals, 156 SOSs, and 0 indicators.
Presolve time = 0.13 sec. (29.01 ticks)
Represolve time = 1.22 sec. (299.13 ticks)
Probing time = 0.08 sec. (11.38 ticks)
Clique table members: 9973.
MIP emphasis: balance optimality and feasibility.
MIP search method: dynamic search.
Parallel mode: deterministic, using up to 32 threads.
Root relaxation solution time = 1.09 sec. (184.43 ticks)

        Nodes                                         Cuts/
   Node  Left     Objective  IInf  Best Integer    Best Bound    ItCnt     Gap

*     0+    0                            0.5194        0.3008            42.09%
      0     0        0.2673   420        0.5194        0.3008    14111   42.09%
      0     0        0.2876   386        0.5194    Cuts: 1643    15317   42.09%
      0     0        0.2999   494        0.5194     Cuts: 883    16051   42.09%
      0     0        0.3061   489        0.5194     Cuts: 481    16500   41.07%
      0     0        0.3133   379        0.5194     Cuts: 587    16985   39.68%
*     0+    0                            0.5068        0.3133            38.18%
      0     0        0.3172   493        0.5068     Cuts: 370    17482   37.42%
      0     0        0.3204   516        0.5068     Cuts: 563    17826   36.78%
      0     0        0.3254   532        0.5068     Cuts: 407    18171   35.79%
      0     0        0.3283   522        0.5068     Cuts: 378    18491   35.23%
      0     0        0.3302   481        0.5068     Cuts: 419    18827   34.85%
*     0+    0                            0.4897        0.3302            32.58%
      0     0        0.3322   508        0.4897     Cuts: 380    19299   32.16%
      0     0        0.3339   477        0.4897     Cuts: 475    19592   31.81%
      0     0        0.3356   433        0.4897     Cuts: 403    19864   31.47%
      0     0        0.3367   457        0.4897     Cuts: 397    20225   31.24%
      0     0        0.3386   461        0.4897     Cuts: 297    20561   30.86%
      0     0        0.3405   498        0.4897     Cuts: 404    20867   30.46%
*     0+    0                            0.4829        0.3405            29.49%
      0     0        0.3417   486        0.4829     Cuts: 416    21363   29.25%
*     0+    0                            0.4677        0.3417            26.93%
      0     0        0.3430   460        0.4677     Cuts: 449    21884   26.65%
      0     0        0.3453   473        0.4677     Cuts: 396    22308   26.16%
*     0+    0                            0.4600        0.3453            24.94%
      0     0        0.3465   424        0.4600     Cuts: 442    22699   24.68%
      0     0        0.3475   509        0.4600     Cuts: 395    23174   24.47%
      0     0        0.3480   455        0.4600     Cuts: 327    23568   24.35%
      0     0        0.3489   469        0.4600     Cuts: 433    24059   24.16%
      0     0        0.3497   390        0.4600     Cuts: 302    24404   23.98%
      0     0        0.3503   464        0.4600     Cuts: 326    24792   23.84%
      0     0        0.3509   387        0.4600     Cuts: 255    25152   23.73%
      0     0        0.3512   412        0.4600     Cuts: 214    25388   23.65%
      0     0        0.3517   368        0.4600     Cuts: 233    25716   23.55%
      0     0        0.3519   442        0.4600     Cuts: 269    25969   23.50%
      0     0        0.3523   448        0.4600     Cuts: 147    26250   23.42%
      0     0        0.3528   356        0.4600     Cuts: 365    26557   23.32%
      0     0        0.3530   468        0.4600     Cuts: 299    26865   23.26%
      0     0        0.3533   492        0.4600     Cuts: 301    27192   23.20%
      0     0        0.3535   471        0.4600     Cuts: 228    27511   23.16%
      0     0        0.3539   477        0.4600     Cuts: 244    27784   23.08%
      0     0        0.3541   495        0.4600     Cuts: 216    28022   23.03%
      0     2        0.3541   361        0.4600        0.3541    28107   23.03%
Elapsed time = 428.32 sec. (22342.77 ticks, tree = 0.02 MB, solutions = 9)
      8     3        0.3548   318        0.4600        0.3542    29290   23.02%
    925   474        0.4567    50        0.4600        0.3567    52157   22.46%
   2972  1634        0.4446    69        0.4600        0.3613    87817   21.46%
   4439  2376        0.4505    41        0.4600        0.4091   106090   11.08%
   7382  3593        0.4600    38        0.4600        0.4231   145545    8.03%
*  8389+ 2924                            0.4600        0.4320             6.09%
   8389  2925        0.3582   344        0.4600        0.4320   174020    6.09%
   8391  2926        0.4261   245        0.4600        0.4320   174572    6.09%
   8411   434        0.4559   269        0.4600        0.4320   176043    6.09%
   8522    40        0.3977   266        0.4600        0.4320   185068    6.09%
* 12835  2437      integral     0        0.4585        0.4320   297287    5.80%
* 13469  2353      integral     0        0.4535        0.4320   299492    4.74%
  17239  3119        0.4486   178        0.4535        0.4338   374612    4.33%
Elapsed time = 536.51 sec. (29539.95 ticks, tree = 4.08 MB, solutions = 12)
* 21588+ 4134                            0.4518        0.4420             2.18%

Clique cuts applied:  109
Implied bound cuts applied:  5
Flow cuts applied:  29
Mixed integer rounding cuts applied:  24
Zero-half cuts applied:  326
Lift and project cuts applied:  33

Root node processing (before b&c):
  Real time             =  425.29 sec. (22300.94 ticks)
Parallel b&c, 32 threads:
  Real time             =  127.69 sec. (7513.05 ticks)
  Sync time (average)   =   80.64 sec.
  Wait time (average)   =    0.07 sec.
                          ------------
Total (root+branch&cut) =  552.97 sec. (29814.00 ticks)
Solution found
