Model: Diversity_model_3
 - number of variables: 18976
   - binary=15724, integer=2, continuous=3250
 - number of constraints: 43351
   - linear=43351
 - parameters: defaults
CPXPARAM_Read_DataCheck                          1
CPXPARAM_RandomSeed                              201804051
CPXPARAM_MIP_Strategy_LBHeur                     1
CPXPARAM_TimeLimit                               86400
CPXPARAM_MIP_Tolerances_MIPGap                   0.02
Tried aggregator 2 times.
MIP Presolve eliminated 647 rows and 644 columns.
MIP Presolve modified 424 coefficients.
Aggregator did 8287 substitutions.
Reduced MIP has 34417 rows, 10045 columns, and 88304 nonzeros.
Reduced MIP has 8074 binaries, 0 generals, 636 SOSs, and 0 indicators.
Presolve time = 0.41 sec. (195.08 ticks)
Probing changed sense of 53 constraints.
Probing time = 0.53 sec. (101.66 ticks)
Tried aggregator 2 times.
MIP Presolve eliminated 2755 rows and 315 columns.
Aggregator did 106 substitutions.
Reduced MIP has 31556 rows, 9624 columns, and 80457 nonzeros.
Reduced MIP has 7706 binaries, 0 generals, 636 SOSs, and 0 indicators.
Presolve time = 0.45 sec. (275.14 ticks)
Probing time = 0.78 sec. (98.82 ticks)
Clique table members: 49903.
MIP emphasis: balance optimality and feasibility.
MIP search method: dynamic search.
Parallel mode: deterministic, using up to 32 threads.
Root relaxation solution time = 10.10 sec. (313.30 ticks)

        Nodes                                         Cuts/
   Node  Left     Objective  IInf  Best Integer    Best Bound    ItCnt     Gap

      0     0        0.9247  3338                      0.9247     5269         
*     0+    0                            2.4055        0.9247            61.56%
      0     0        0.9247  1983        2.4055    Cuts: 3137     7314   61.56%
*     0+    0                            1.6290        0.9247            43.23%
      0     0        0.9355  2119        1.6290    Cuts: 6234    10113   42.57%
      0     0        0.9373  2395        1.6290    Cuts: 1765    11664   42.46%
*     0+    0                            1.6244        0.9373            42.30%
*     0+    0                            1.6231        0.9373            42.25%
      0     0        0.9385  2278        1.6231    Cuts: 1298    12824   42.18%
*     0+    0                            1.6159        0.9385            41.92%
      0     0        0.9389  2345        1.6159    Cuts: 1418    13602   41.90%

Repeating presolve.
Tried aggregator 2 times.
MIP Presolve eliminated 25416 rows and 6732 columns.
Aggregator did 53 substitutions.
Reduced MIP has 6087 rows, 2839 columns, and 17767 nonzeros.
Reduced MIP has 974 binaries, 0 generals, 636 SOSs, and 0 indicators.
Presolve time = 0.12 sec. (51.62 ticks)
Probing time = 0.27 sec. (6.36 ticks)
Tried aggregator 1 time.
MIP Presolve eliminated 391 rows and 77 columns.
Reduced MIP has 5696 rows, 2762 columns, and 16748 nonzeros.
Reduced MIP has 897 binaries, 0 generals, 636 SOSs, and 0 indicators.
Presolve time = 0.06 sec. (17.56 ticks)
Probing time = 0.34 sec. (3.80 ticks)
Tried aggregator 1 time.
MIP Presolve eliminated 5 rows and 1 columns.
Reduced MIP has 5691 rows, 2761 columns, and 16735 nonzeros.
Reduced MIP has 896 binaries, 0 generals, 636 SOSs, and 0 indicators.
Presolve time = 0.08 sec. (19.98 ticks)
Represolve time = 1.18 sec. (533.55 ticks)
Probing time = 0.31 sec. (3.09 ticks)
Clique table members: 8128.
MIP emphasis: balance optimality and feasibility.
MIP search method: dynamic search.
Parallel mode: deterministic, using up to 32 threads.
Root relaxation solution time = 3.17 sec. (209.62 ticks)

        Nodes                                         Cuts/
   Node  Left     Objective  IInf  Best Integer    Best Bound    ItCnt     Gap

*     0+    0                            1.6159        0.9389            41.90%
      0     0        0.9398   662        1.6159        0.9398    17176   41.84%
      0     0        0.9404   640        1.6159     Cuts: 728    17876   41.80%
      0     0        0.9419   623        1.6159     Cuts: 356    18869   41.71%
      0     0        0.9424   611        1.6159     Cuts: 196    19389   41.68%
      0     0        0.9428   617        1.6159     Cuts: 173    19674   41.66%
      0     0        0.9428   614        1.6159     Cuts: 176    19782   41.66%
*     0+    0                            1.6133        0.9428            41.56%
      0     0        0.9428   393        1.6133      Cuts: 35    19867   41.56%
      0     0        0.9428   484        1.6133     Cuts: 181    20181   41.56%
*     0+    0                            1.6120        0.9428            41.51%
      0     2        0.9428   376        1.6120        0.9428    20181   41.51%
Elapsed time = 73.09 sec. (11181.53 ticks, tree = 0.02 MB, solutions = 7)
      7     9        0.9683   585        1.6120        0.9428    23935   41.51%
   1052   784        1.3599   302        1.6120        0.9428    75451   41.51%
*  3668+ 2707                            1.4248        0.9428            33.83%
   3699  2772        1.5167   117        1.4248        0.9428   144899   33.83%
*  4134+ 2128                            1.4090        0.9428            33.09%
*  4461+ 2361                            1.3512        0.9428            30.22%
*  4493  1977      integral     0        1.3467        0.9428   182959   29.99%
*  5345+ 2501                            1.3428        0.9428            29.79%
   5585  2808        1.2388   291        1.3428        0.9428   248954   29.79%
*  6057+ 2627                            1.3352        0.9428            29.39%
*  6156+ 2572                            1.3309        0.9428            29.16%
*  6294+ 2572                            1.3232        0.9428            28.75%
   6366  3307        1.0325   330        1.3232        0.9428   285533   28.75%
*  7122+ 2612                            1.2965        0.9428            27.28%
   7281  4033        1.3084   261        1.2965        0.9428   325980   27.28%
*  8048+ 2642                            1.2926        0.9428            27.06%
   8121  4454        1.1025   381        1.2926        0.9428   360134   27.06%
*  8293+ 2527                            1.2848        0.9428            26.62%
*  8398+ 2527                            1.2804        0.9428            26.37%
*  8536+ 2642                            1.2797        0.9428            26.33%
   8661  4453        1.2080   123        1.2797        0.9428   381283   26.33%
*  8838+ 2551                            1.2498        0.9428            24.56%
* 10775+ 2612                            1.2237        0.9428            22.95%
* 10845+ 2612                            1.2198        0.9428            22.71%
* 11333+ 2612                            1.2160        0.9428            22.46%
* 13201+ 2612                            1.1799        0.9428            20.09%
  14146  7230        0.9504   483        1.1799        0.9428   520621   20.09%
Elapsed time = 113.45 sec. (14209.61 ticks, tree = 15.32 MB, solutions = 56)
* 14652+ 2612                            1.1794        0.9428            20.06%
* 14887+ 2612                            1.1794        0.9428            20.06%
* 15009+ 2612                            1.1790        0.9428            20.03%
  21662  9838        1.1519   251        1.1790        0.9428   724949   20.03%
* 21951+ 9885                            1.1777        0.9428            19.94%
* 22026+10308                            1.1777        0.9428            19.94%
  29143 16030        cutoff              1.1777        0.9428   889853   19.94%
  40908 26450        1.0781   389        1.1777        0.9436  1149130   19.88%
* 43978 27907      integral     0        1.1764        0.9436  1177205   19.80%
* 44155 28952      integral     0        1.1721        0.9436  1201719   19.50%
* 46158+28162                            1.1633        0.9436            18.89%
* 46165+28966                            1.1633        0.9436            18.89%
* 46165+29144                            1.1253        0.9436            16.15%
* 46165+28584                            1.1084        0.9436            14.87%
* 46165+28365                            1.0989        0.9436            14.14%
  46165 28364        1.0989     0        1.0989        0.9436  1219475   14.14%
* 46166+28870                            1.0987        0.9436            14.12%
  46176 29127        1.0857   381        1.0987        0.9436  1211411   14.12%
  46178 10777        0.9430   344        1.0987        0.9583  1280081   12.78%
  46181  5389        0.9430   440        1.0987        0.9583  1280463   12.78%
* 46184+ 3591                            1.0981        0.9583            12.73%
* 46190+ 1095                            1.0981        0.9583            12.73%
  46195   440        1.0709   489        1.0981        0.9583  1283301   12.73%
  49005  1070        1.0314   467        1.0981        0.9583  1430364   12.73%
  52226  3710        1.0799   511        1.0981        0.9583  1589032   12.73%
Elapsed time = 274.14 sec. (27904.71 ticks, tree = 7.59 MB, solutions = 164)
* 62620 10990      integral     0        1.0979        0.9583  1833213   12.71%
  62661 10708        1.0870   381        1.0979        0.9583  1827574   12.71%
* 63908 12704      integral     0        1.0836        0.9583  1875897   11.56%
* 65149  9861      integral     0        1.0681        0.9583  1890094   10.28%
  76353 15948        0.9990   389        1.0681        0.9900  2119457    7.31%
* 80898+17159                            1.0675        0.9935             6.93%
  91392 25957        1.0148   247        1.0675        0.9971  2328879    6.60%
* 91760 25403      integral     0        1.0671        0.9971  2312513    6.56%
*102725+33075                            1.0670        0.9986             6.42%
 104372 37170        1.0496   327        1.0670        0.9986  2569452    6.42%
*108162+38565                            1.0669        0.9986             6.40%
*114852+33075                            1.0628        0.9986             6.04%
 115315 44285        1.0294   305        1.0628        0.9986  2719769    6.04%
*121329+33249                            1.0628        0.9986             6.04%
 126833 52873        1.0628    75        1.0628        0.9986  2896289    6.04%
*132351+55369                            1.0540        0.9986             5.26%
*134177+43650                            1.0539        0.9986             5.25%
 135150 43762        1.0531    19        1.0539        0.9986  3057388    5.25%
*135723 44072      integral     0        1.0527        0.9986  3067404    5.14%
*137249 43733      integral     0        1.0519        0.9986  3096189    5.07%
Elapsed time = 334.88 sec. (35073.54 ticks, tree = 97.40 MB, solutions = 177)
*138434 43636      integral     0        1.0509        0.9986  3112355    4.98%
 147484 47658        1.0394   139        1.0509        0.9986  3249803    4.98%
*149519+49661                            1.0508        0.9986             4.97%
*149648+49872                            1.0508        0.9986             4.97%
*149689+49137                            1.0506        0.9986             4.95%
*149981+51188                            1.0496        0.9986             4.86%
*151326+49958                            1.0487        0.9986             4.78%
 153797 49748        1.0274   161        1.0487        0.9986  3395772    4.78%
*154561+49213                            1.0486        0.9986             4.77%
 158928 53220        cutoff              1.0486        0.9986  3501906    4.77%
 166059 57440        1.0089   362        1.0486        0.9986  3606402    4.77%
 175595 64981        1.0443   409        1.0486        0.9986  3788943    4.77%
*177088+66370                            1.0485        0.9986             4.77%
 180608 69738        1.0297   296        1.0485        0.9986  3901878    4.77%
*184711+70121                            1.0478        0.9986             4.70%
 190069 72417        1.0186   218        1.0478        0.9986  4025667    4.70%
 199284 79236        1.0328   294        1.0478        0.9986  4212039    4.70%
*201287+81374                            1.0455        0.9986             4.48%
 206860 77522        1.0174   333        1.0455        0.9986  4374683    4.48%
 217228 80691        cutoff              1.0455        0.9986  4488532    4.48%
Elapsed time = 403.27 sec. (44611.04 ticks, tree = 193.63 MB, solutions = 191)
 226315 87858        1.0362   297        1.0455        0.9986  4719443    4.48%
*226695+88793                            1.0454        0.9986             4.48%
 233888 92123        1.0391   394        1.0454        0.9986  4886937    4.48%
 241390 98083        1.0308   383        1.0454        0.9986  5138824    4.48%
 246359 101992        0.9430   347        1.0454        1.0034  5409158    4.01%
 246361 101993        0.9430   485        1.0454        1.0034  5409805    4.01%
 246368 34000        0.9594   451        1.0454        1.0034  5410431    4.01%
 246458    41        0.9901   563        1.0454        1.0034  5440726    4.01%
 246995   183        cutoff              1.0454        1.0034  5511440    4.01%
 249259   852        0.9769   431        1.0454        1.0034  5585514    4.01%
 253906  3931        1.0287   409        1.0454        1.0034  5728908    4.01%
Elapsed time = 537.60 sec. (60749.11 ticks, tree = 96.92 MB, solutions = 205)
 259006  7782        1.0112   307        1.0454        1.0034  5872286    4.01%
 264533 11574        1.0017   366        1.0454        1.0034  5995155    4.01%
 271067 15557        1.0325   207        1.0454        1.0034  6114567    4.01%
 277965 19816        1.0416   118        1.0454        1.0034  6233855    4.01%
 282965 23978        1.0452   414        1.0454        1.0034  6356434    4.01%
 289278 27906        1.0279   344        1.0454        1.0034  6459900    4.01%
 296102 32685        1.0368    81        1.0454        1.0034  6593672    4.01%
 303148 37644        1.0106   281        1.0454        1.0044  6722898    3.93%
 310741 42144        1.0343   262        1.0454        1.0054  6826234    3.83%
 318278 47599        1.0195   317        1.0454        1.0068  6965942    3.69%
Elapsed time = 598.38 sec. (70288.05 ticks, tree = 1708.10 MB, solutions = 205)
 325613 51134        1.0104   390        1.0454        1.0083  7051271    3.55%
 332936 55745        cutoff              1.0454        1.0092  7181065    3.46%
 340298 60985    infeasible              1.0454        1.0099  7318313    3.40%
 347756 64808        1.0304   220        1.0454        1.0111  7414160    3.28%
 354995 69752        1.0442   185        1.0454        1.0119  7554469    3.20%
 362225 75515        1.0222   177        1.0454        1.0123  7723097    3.17%
 369232 79529        1.0339   116        1.0454        1.0133  7855757    3.08%
 376652 81927        1.0308   231        1.0454        1.0138  7935857    3.03%
 383440 87278        1.0411   492        1.0454        1.0140  8092153    3.00%
 390246 91447        cutoff              1.0454        1.0142  8246572    2.98%
Elapsed time = 641.29 sec. (79826.19 ticks, tree = 1915.53 MB, solutions = 205)
 397567 95475        1.0201   247        1.0454        1.0152  8390403    2.89%
 404782 100106        cutoff              1.0454        1.0156  8552390    2.85%
 412262 104221        1.0383   229        1.0454        1.0160  8693001    2.81%
 420000 108279        1.0302   219        1.0454        1.0162  8826423    2.79%
 427533 112935        1.0231   358        1.0454        1.0166  8977446    2.76%
 435228 115840        1.0305   124        1.0454        1.0169  9071341    2.73%
 443607 121322        1.0259   164        1.0454        1.0171  9223238    2.70%
 451776 125468        1.0211   223        1.0454        1.0174  9339429    2.68%
 459736 130092        1.0247   328        1.0454        1.0177  9473840    2.65%
 467539 136509        1.0301   158        1.0454        1.0178  9653476    2.64%
Elapsed time = 685.20 sec. (89363.90 ticks, tree = 1972.70 MB, solutions = 205)
 475397 141898        cutoff              1.0454        1.0181  9802854    2.61%
 482776 145098        1.0368   103        1.0454        1.0183  9900405    2.59%
 489624 150326    infeasible              1.0454        1.0185 10066872    2.58%
 496376 155094        1.0249   208        1.0454        1.0186 10223773    2.56%
 503965 159675        1.0399   275        1.0454        1.0188 10369562    2.54%
 511255 163721        1.0212   346        1.0454        1.0190 10508814    2.53%
 518796 166760        1.0361   108        1.0454        1.0192 10594873    2.51%
 526029 172608        1.0382    75        1.0454        1.0193 10770948    2.50%
 532990 177423        1.0445   237        1.0454        1.0194 10922812    2.49%
 540322 179631        1.0391    98        1.0454        1.0196 10993984    2.47%
Elapsed time = 730.62 sec. (98901.43 ticks, tree = 2054.43 MB, solutions = 205)
Nodefile size = 5.39 MB (4.07 MB after compression)
 548063 186059        1.0401    88        1.0454        1.0197 11191772    2.46%
 555546 190645        1.0415    68        1.0454        1.0198 11335033    2.45%
 563292 194712        1.0420   231        1.0454        1.0199 11455913    2.44%
 571320 200584        1.0402   200        1.0454        1.0200 11618058    2.43%
 579119 205611        1.0231   214        1.0454        1.0202 11752120    2.42%
 586589 209620        1.0209   357        1.0454        1.0203 11866338    2.40%
 594122 215654        cutoff              1.0454        1.0204 12056785    2.39%
 601896 220823        1.0318   256        1.0454        1.0205 12207199    2.38%
 609590 224675        1.0417   181        1.0454        1.0206 12325390    2.37%
*628023+235149                            1.0452        1.0209             2.33%
 638213 242944        1.0299   154        1.0452        1.0210 12897174    2.32%
Elapsed time = 826.59 sec. (111300.35 ticks, tree = 2190.12 MB, solutions = 206)
Nodefile size = 141.93 MB (107.06 MB after compression)
 667899 259569        1.0261   273        1.0452        1.0214 13390032    2.28%
 700857 282391        1.0378   119        1.0452        1.0219 14034627    2.24%
 732738 299570        cutoff              1.0452        1.0222 14527329    2.20%
 765788 321732        1.0418   120        1.0452        1.0226 15129583    2.16%
 797805 342027        1.0441    59        1.0452        1.0230 15662680    2.13%
 829831 362800        1.0324   147        1.0452        1.0233 16216914    2.10%
 863245 384159        cutoff              1.0452        1.0236 16747152    2.07%
 895445 403946        1.0256   328        1.0452        1.0239 17258802    2.04%
 929722 426860        1.0285   244        1.0452        1.0241 17796318    2.02%

Clique cuts applied:  253
Implied bound cuts applied:  12
Flow cuts applied:  34
Mixed integer rounding cuts applied:  138
Zero-half cuts applied:  21
Lift and project cuts applied:  25
Gomory fractional cuts applied:  34

Root node processing (before b&c):
  Real time             =   69.54 sec. (11201.25 ticks)
Parallel b&c, 32 threads:
  Real time             = 1054.51 sec. (135901.69 ticks)
  Sync time (average)   =  482.78 sec.
  Wait time (average)   =    2.65 sec.
                          ------------
Total (root+branch&cut) = 1124.04 sec. (147102.94 ticks)
Solution found
