Model: Diversity_model_3
 - number of variables: 1736
   - binary=486, integer=2, continuous=1248
 - number of constraints: 2261
   - linear=2261
 - parameters: defaults
CPXPARAM_Read_DataCheck                          1
CPXPARAM_RandomSeed                              201804051
CPXPARAM_MIP_Strategy_LBHeur                     1
CPXPARAM_TimeLimit                               86400
CPXPARAM_MIP_Tolerances_MIPGap                   0.02
Tried aggregator 2 times.
MIP Presolve eliminated 289 rows and 279 columns.
MIP Presolve modified 108 coefficients.
Aggregator did 460 substitutions.
Reduced MIP has 1512 rows, 997 columns, and 4678 nonzeros.
Reduced MIP has 297 binaries, 0 generals, 270 SOSs, and 0 indicators.
Presolve time = 0.01 sec. (5.83 ticks)
Probing changed sense of 9 constraints.
Probing time = 0.01 sec. (3.42 ticks)
Tried aggregator 2 times.
MIP Presolve eliminated 357 rows and 110 columns.
Aggregator did 18 substitutions.
Reduced MIP has 1137 rows, 869 columns, and 3791 nonzeros.
Reduced MIP has 178 binaries, 0 generals, 270 SOSs, and 0 indicators.
Presolve time = 0.01 sec. (4.86 ticks)
Probing time = 0.00 sec. (1.80 ticks)
Tried aggregator 2 times.
MIP Presolve eliminated 138 rows and 22 columns.
Aggregator did 9 substitutions.
Reduced MIP has 990 rows, 838 columns, and 3448 nonzeros.
Reduced MIP has 156 binaries, 0 generals, 270 SOSs, and 0 indicators.
Presolve time = 0.01 sec. (4.72 ticks)
Probing time = 0.00 sec. (0.92 ticks)
Clique table members: 490.
MIP emphasis: balance optimality and feasibility.
MIP search method: dynamic search.
Parallel mode: deterministic, using up to 32 threads.
Root relaxation solution time = 0.01 sec. (8.71 ticks)

        Nodes                                         Cuts/
   Node  Left     Objective  IInf  Best Integer    Best Bound    ItCnt     Gap

      0     0        1.0000   143                      1.0000      309         
      0     0        1.0000   115                    Cuts: 63      463         
*     0+    0                            1.6951        1.0000            41.01%
      0     0        1.0000   121        1.6951     Cuts: 123      609   41.01%
      0     0        1.0000    68        1.6951      Cuts: 17      723   41.01%
      0     0        1.0000    68        1.6951      Cuts: 30      773   41.01%
*     0+    0                            1.0939        1.0000             8.58%
*     0+    0                            1.0939        1.0000             8.58%
*     0+    0                            1.0423        1.0000             4.06%
      0     2        1.0000    40        1.0423        1.0000      773    4.06%
Elapsed time = 2.19 sec. (208.96 ticks, tree = 0.02 MB, solutions = 3)
*     4+    1                            1.0423        1.0000             4.06%
*     5+    3                            1.0423        1.0000             4.06%
*     7+    2                            1.0423        1.0000             4.06%
*    27+    5                            1.0423        1.0000             4.06%
*    58+    4                            1.0423        1.0000             4.06%
*   144+    8                            1.0423        1.0000             4.06%
*   167+   32                            1.0420        1.0000             4.03%
*   970+  303                            1.0393        1.0000             3.78%
*  1064+  303                            1.0381        1.0000             3.67%
*  1507   582      integral     0        1.0347        1.0000    47059    3.36%
*  1879   511      integral     0        1.0189        1.0000    52210    1.85%

Clique cuts applied:  27
Implied bound cuts applied:  270
Flow cuts applied:  2
Mixed integer rounding cuts applied:  3

Root node processing (before b&c):
  Real time             =    1.80 sec. (208.67 ticks)
Parallel b&c, 32 threads:
  Real time             =    4.68 sec. (125.98 ticks)
  Sync time (average)   =    4.14 sec.
  Wait time (average)   =    0.00 sec.
                          ------------
Total (root+branch&cut) =    6.48 sec. (334.65 ticks)
Solution found
